000 (2493172.087.000) 11/09 00:41:41 Job submitted from host: <192.168.1.109:9714>
...
001 (2493172.087.000) 11/09 00:41:55 Job executing on host: <192.168.1.67:9583>
...
006 (2493172.087.000) 11/09 00:42:03 Image size of job updated: 439512
	105  -  MemoryUsage of job (MB)
	107032  -  ResidentSetSize of job (KB)
...
006 (2493172.087.000) 11/09 00:47:03 Image size of job updated: 956188
	374  -  MemoryUsage of job (MB)
	382072  -  ResidentSetSize of job (KB)
...
006 (2493172.087.000) 11/09 00:52:04 Image size of job updated: 956188
	452  -  MemoryUsage of job (MB)
	462416  -  ResidentSetSize of job (KB)
...
006 (2493172.087.000) 11/09 00:57:04 Image size of job updated: 956188
	468  -  MemoryUsage of job (MB)
	479112  -  ResidentSetSize of job (KB)
...
006 (2493172.087.000) 11/09 01:02:04 Image size of job updated: 956188
	468  -  MemoryUsage of job (MB)
	479184  -  ResidentSetSize of job (KB)
...
006 (2493172.087.000) 11/09 01:07:05 Image size of job updated: 956188
	468  -  MemoryUsage of job (MB)
	479188  -  ResidentSetSize of job (KB)
...
005 (2493172.087.000) 11/09 01:09:08 Job terminated.
	(1) Normal termination (return value 0)
		Usr 0 00:08:10, Sys 0 00:00:30  -  Run Remote Usage
		Usr 0 00:00:00, Sys 0 00:00:00  -  Run Local Usage
		Usr 0 00:08:10, Sys 0 00:00:30  -  Total Remote Usage
		Usr 0 00:00:00, Sys 0 00:00:00  -  Total Local Usage
	0  -  Run Bytes Sent By Job
	0  -  Run Bytes Received By Job
	0  -  Total Bytes Sent By Job
	0  -  Total Bytes Received By Job
	Partitionable Resources :    Usage  Request Allocated
	   Cpus                 :                 1         1
	   Disk (KB)            :        1        1  19562907
	   Memory (MB)          :      468        1      4033
...
