000 (2492235.028.000) 11/08 21:19:19 Job submitted from host: <192.168.1.109:9714>
...
001 (2492235.028.000) 11/08 21:20:00 Job executing on host: <192.168.1.50:9434>
...
006 (2492235.028.000) 11/08 21:20:09 Image size of job updated: 97472
	2  -  MemoryUsage of job (MB)
	1688  -  ResidentSetSize of job (KB)
...
006 (2492235.028.000) 11/08 21:25:09 Image size of job updated: 975164
	378  -  MemoryUsage of job (MB)
	386076  -  ResidentSetSize of job (KB)
...
006 (2492235.028.000) 11/08 21:30:10 Image size of job updated: 975164
	378  -  MemoryUsage of job (MB)
	386456  -  ResidentSetSize of job (KB)
...
006 (2492235.028.000) 11/08 21:35:10 Image size of job updated: 975164
	378  -  MemoryUsage of job (MB)
	386460  -  ResidentSetSize of job (KB)
...
006 (2492235.028.000) 11/08 21:40:10 Image size of job updated: 975164
	379  -  MemoryUsage of job (MB)
	387536  -  ResidentSetSize of job (KB)
...
006 (2492235.028.000) 11/08 21:45:12 Image size of job updated: 975164
	506  -  MemoryUsage of job (MB)
	517940  -  ResidentSetSize of job (KB)
...
006 (2492235.028.000) 11/08 21:50:12 Image size of job updated: 975164
	510  -  MemoryUsage of job (MB)
	521232  -  ResidentSetSize of job (KB)
...
006 (2492235.028.000) 11/08 22:10:14 Image size of job updated: 975164
	510  -  MemoryUsage of job (MB)
	521400  -  ResidentSetSize of job (KB)
...
006 (2492235.028.000) 11/08 22:15:15 Image size of job updated: 975164
	510  -  MemoryUsage of job (MB)
	521444  -  ResidentSetSize of job (KB)
...
005 (2492235.028.000) 11/08 22:17:11 Job terminated.
	(1) Normal termination (return value 0)
		Usr 0 00:10:41, Sys 0 00:00:42  -  Run Remote Usage
		Usr 0 00:00:00, Sys 0 00:00:00  -  Run Local Usage
		Usr 0 00:10:41, Sys 0 00:00:42  -  Total Remote Usage
		Usr 0 00:00:00, Sys 0 00:00:00  -  Total Local Usage
	0  -  Run Bytes Sent By Job
	0  -  Run Bytes Received By Job
	0  -  Total Bytes Sent By Job
	0  -  Total Bytes Received By Job
	Partitionable Resources :    Usage  Request Allocated
	   Cpus                 :                 1         1
	   Disk (KB)            :        1        1  28379735
	   Memory (MB)          :      510        1      4033
...
