000 (2493183.028.000) 11/09 00:44:13 Job submitted from host: <192.168.1.109:9714>
...
001 (2493183.028.000) 11/09 00:44:27 Job executing on host: <192.168.1.46:9845>
...
006 (2493183.028.000) 11/09 00:44:35 Image size of job updated: 97664
	3  -  MemoryUsage of job (MB)
	2808  -  ResidentSetSize of job (KB)
...
006 (2493183.028.000) 11/09 00:49:35 Image size of job updated: 1071232
	516  -  MemoryUsage of job (MB)
	527696  -  ResidentSetSize of job (KB)
...
006 (2493183.028.000) 11/09 00:54:36 Image size of job updated: 1071232
	518  -  MemoryUsage of job (MB)
	529768  -  ResidentSetSize of job (KB)
...
006 (2493183.028.000) 11/09 00:59:36 Image size of job updated: 1071232
	520  -  MemoryUsage of job (MB)
	532436  -  ResidentSetSize of job (KB)
...
006 (2493183.028.000) 11/09 01:04:36 Image size of job updated: 1071232
	521  -  MemoryUsage of job (MB)
	532544  -  ResidentSetSize of job (KB)
...
006 (2493183.028.000) 11/09 01:09:37 Image size of job updated: 1071232
	521  -  MemoryUsage of job (MB)
	532712  -  ResidentSetSize of job (KB)
...
006 (2493183.028.000) 11/09 01:14:37 Image size of job updated: 1071232
	532  -  MemoryUsage of job (MB)
	543876  -  ResidentSetSize of job (KB)
...
005 (2493183.028.000) 11/09 01:17:33 Job terminated.
	(1) Normal termination (return value 0)
		Usr 0 00:06:34, Sys 0 00:00:31  -  Run Remote Usage
		Usr 0 00:00:00, Sys 0 00:00:00  -  Run Local Usage
		Usr 0 00:06:34, Sys 0 00:00:31  -  Total Remote Usage
		Usr 0 00:00:00, Sys 0 00:00:00  -  Total Local Usage
	0  -  Run Bytes Sent By Job
	0  -  Run Bytes Received By Job
	0  -  Total Bytes Sent By Job
	0  -  Total Bytes Received By Job
	Partitionable Resources :    Usage  Request Allocated
	   Cpus                 :                 1         1
	   Disk (KB)            :        1        1   2371644
	   Memory (MB)          :      532        1      4035
...
