000 (2497410.005.000) 11/09 15:33:46 Job submitted from host: <192.168.1.109:9714>
...
001 (2497410.005.000) 11/09 15:34:08 Job executing on host: <192.168.1.49:9578>
...
006 (2497410.005.000) 11/09 15:34:16 Image size of job updated: 319340
	31  -  MemoryUsage of job (MB)
	31004  -  ResidentSetSize of job (KB)
...
006 (2497410.005.000) 11/09 15:39:16 Image size of job updated: 1047164
	503  -  MemoryUsage of job (MB)
	514312  -  ResidentSetSize of job (KB)
...
006 (2497410.005.000) 11/09 15:44:17 Image size of job updated: 1047164
	503  -  MemoryUsage of job (MB)
	514500  -  ResidentSetSize of job (KB)
...
006 (2497410.005.000) 11/09 15:49:17 Image size of job updated: 1047164
	609  -  MemoryUsage of job (MB)
	623260  -  ResidentSetSize of job (KB)
...
006 (2497410.005.000) 11/09 15:54:17 Image size of job updated: 1047164
	610  -  MemoryUsage of job (MB)
	624092  -  ResidentSetSize of job (KB)
...
006 (2497410.005.000) 11/09 15:59:18 Image size of job updated: 1047164
	610  -  MemoryUsage of job (MB)
	624096  -  ResidentSetSize of job (KB)
...
006 (2497410.005.000) 11/09 16:04:18 Image size of job updated: 1047164
	610  -  MemoryUsage of job (MB)
	624100  -  ResidentSetSize of job (KB)
...
006 (2497410.005.000) 11/09 16:09:18 Image size of job updated: 1047164
	610  -  MemoryUsage of job (MB)
	624112  -  ResidentSetSize of job (KB)
...
006 (2497410.005.000) 11/09 16:14:19 Image size of job updated: 1047164
	610  -  MemoryUsage of job (MB)
	624120  -  ResidentSetSize of job (KB)
...
006 (2497410.005.000) 11/09 16:24:20 Image size of job updated: 1047164
	610  -  MemoryUsage of job (MB)
	624132  -  ResidentSetSize of job (KB)
...
006 (2497410.005.000) 11/09 16:29:21 Image size of job updated: 1047164
	610  -  MemoryUsage of job (MB)
	624136  -  ResidentSetSize of job (KB)
...
006 (2497410.005.000) 11/09 16:34:22 Image size of job updated: 1047164
	610  -  MemoryUsage of job (MB)
	624140  -  ResidentSetSize of job (KB)
...
006 (2497410.005.000) 11/09 16:39:22 Image size of job updated: 1047164
	610  -  MemoryUsage of job (MB)
	624144  -  ResidentSetSize of job (KB)
...
006 (2497410.005.000) 11/09 16:44:23 Image size of job updated: 1047164
	611  -  MemoryUsage of job (MB)
	624912  -  ResidentSetSize of job (KB)
...
006 (2497410.005.000) 11/09 17:09:25 Image size of job updated: 1047164
	611  -  MemoryUsage of job (MB)
	625032  -  ResidentSetSize of job (KB)
...
006 (2497410.005.000) 11/09 17:14:25 Image size of job updated: 1047164
	611  -  MemoryUsage of job (MB)
	625052  -  ResidentSetSize of job (KB)
...
006 (2497410.005.000) 11/09 17:19:26 Image size of job updated: 1047164
	611  -  MemoryUsage of job (MB)
	625056  -  ResidentSetSize of job (KB)
...
006 (2497410.005.000) 11/09 17:24:27 Image size of job updated: 1047164
	611  -  MemoryUsage of job (MB)
	625156  -  ResidentSetSize of job (KB)
...
006 (2497410.005.000) 11/09 17:29:28 Image size of job updated: 1047164
	611  -  MemoryUsage of job (MB)
	625448  -  ResidentSetSize of job (KB)
...
006 (2497410.005.000) 11/09 17:34:28 Image size of job updated: 1047164
	611  -  MemoryUsage of job (MB)
	625484  -  ResidentSetSize of job (KB)
...
006 (2497410.005.000) 11/09 17:39:28 Image size of job updated: 1047164
	613  -  MemoryUsage of job (MB)
	627072  -  ResidentSetSize of job (KB)
...
006 (2497410.005.000) 11/09 17:44:29 Image size of job updated: 1047164
	613  -  MemoryUsage of job (MB)
	627160  -  ResidentSetSize of job (KB)
...
005 (2497410.005.000) 11/09 17:48:37 Job terminated.
	(1) Normal termination (return value 0)
		Usr 0 00:47:46, Sys 0 00:02:40  -  Run Remote Usage
		Usr 0 00:00:00, Sys 0 00:00:00  -  Run Local Usage
		Usr 0 00:47:46, Sys 0 00:02:40  -  Total Remote Usage
		Usr 0 00:00:00, Sys 0 00:00:00  -  Total Local Usage
	0  -  Run Bytes Sent By Job
	0  -  Run Bytes Received By Job
	0  -  Total Bytes Sent By Job
	0  -  Total Bytes Received By Job
	Partitionable Resources :    Usage  Request Allocated
	   Cpus                 :                 1         1
	   Disk (KB)            :        1        1  28380373
	   Memory (MB)          :      613        1      4033
...
