000 (2485823.060.000) 11/07 23:48:29 Job submitted from host: <192.168.1.109:9714>
...
001 (2485823.060.000) 11/07 23:48:39 Job executing on host: <192.168.1.65:9393>
...
006 (2485823.060.000) 11/07 23:48:48 Image size of job updated: 358764
	56  -  MemoryUsage of job (MB)
	56696  -  ResidentSetSize of job (KB)
...
006 (2485823.060.000) 11/07 23:53:49 Image size of job updated: 1018640
	508  -  MemoryUsage of job (MB)
	519884  -  ResidentSetSize of job (KB)
...
006 (2485823.060.000) 11/07 23:58:50 Image size of job updated: 1018640
	509  -  MemoryUsage of job (MB)
	520932  -  ResidentSetSize of job (KB)
...
006 (2485823.060.000) 11/08 00:03:50 Image size of job updated: 1018640
	510  -  MemoryUsage of job (MB)
	521256  -  ResidentSetSize of job (KB)
...
006 (2485823.060.000) 11/08 00:08:51 Image size of job updated: 1018640
	620  -  MemoryUsage of job (MB)
	634196  -  ResidentSetSize of job (KB)
...
006 (2485823.060.000) 11/08 00:13:52 Image size of job updated: 1018640
	629  -  MemoryUsage of job (MB)
	643132  -  ResidentSetSize of job (KB)
...
006 (2485823.060.000) 11/08 00:18:52 Image size of job updated: 1018640
	629  -  MemoryUsage of job (MB)
	643148  -  ResidentSetSize of job (KB)
...
006 (2485823.060.000) 11/08 00:23:52 Image size of job updated: 1018640
	631  -  MemoryUsage of job (MB)
	645128  -  ResidentSetSize of job (KB)
...
005 (2485823.060.000) 11/08 00:27:47 Job terminated.
	(1) Normal termination (return value 0)
		Usr 0 00:23:11, Sys 0 00:00:52  -  Run Remote Usage
		Usr 0 00:00:00, Sys 0 00:00:00  -  Run Local Usage
		Usr 0 00:23:11, Sys 0 00:00:52  -  Total Remote Usage
		Usr 0 00:00:00, Sys 0 00:00:00  -  Total Local Usage
	0  -  Run Bytes Sent By Job
	0  -  Run Bytes Received By Job
	0  -  Total Bytes Sent By Job
	0  -  Total Bytes Received By Job
	Partitionable Resources :    Usage  Request Allocated
	   Cpus                 :                 1         1
	   Disk (KB)            :        1        1  19515270
	   Memory (MB)          :      631        1      4033
...
