000 (2491851.060.000) 11/08 20:36:47 Job submitted from host: <192.168.1.109:9714>
...
001 (2491851.060.000) 11/08 20:37:15 Job executing on host: <192.168.1.67:9583>
...
006 (2491851.060.000) 11/08 20:37:24 Image size of job updated: 319736
	17  -  MemoryUsage of job (MB)
	16964  -  ResidentSetSize of job (KB)
...
006 (2491851.060.000) 11/08 20:42:25 Image size of job updated: 1018644
	507  -  MemoryUsage of job (MB)
	518508  -  ResidentSetSize of job (KB)
...
006 (2491851.060.000) 11/08 20:47:26 Image size of job updated: 1018644
	609  -  MemoryUsage of job (MB)
	623444  -  ResidentSetSize of job (KB)
...
006 (2491851.060.000) 11/08 20:52:26 Image size of job updated: 1018644
	620  -  MemoryUsage of job (MB)
	634628  -  ResidentSetSize of job (KB)
...
006 (2491851.060.000) 11/08 20:57:27 Image size of job updated: 1018644
	620  -  MemoryUsage of job (MB)
	634636  -  ResidentSetSize of job (KB)
...
006 (2491851.060.000) 11/08 21:02:28 Image size of job updated: 1018644
	620  -  MemoryUsage of job (MB)
	634732  -  ResidentSetSize of job (KB)
...
006 (2491851.060.000) 11/08 21:07:28 Image size of job updated: 1018644
	620  -  MemoryUsage of job (MB)
	634748  -  ResidentSetSize of job (KB)
...
006 (2491851.060.000) 11/08 21:12:28 Image size of job updated: 1018644
	620  -  MemoryUsage of job (MB)
	634752  -  ResidentSetSize of job (KB)
...
005 (2491851.060.000) 11/08 21:16:29 Job terminated.
	(1) Normal termination (return value 0)
		Usr 0 00:23:15, Sys 0 00:00:58  -  Run Remote Usage
		Usr 0 00:00:00, Sys 0 00:00:00  -  Run Local Usage
		Usr 0 00:23:15, Sys 0 00:00:58  -  Total Remote Usage
		Usr 0 00:00:00, Sys 0 00:00:00  -  Total Local Usage
	0  -  Run Bytes Sent By Job
	0  -  Run Bytes Received By Job
	0  -  Total Bytes Sent By Job
	0  -  Total Bytes Received By Job
	Partitionable Resources :    Usage  Request Allocated
	   Cpus                 :                 1         1
	   Disk (KB)            :        1        1  19563475
	   Memory (MB)          :      620        1      4033
...
