000 (2511949.028.000) 11/17 23:24:50 Job submitted from host: <192.168.1.109:9714>
...
001 (2511949.028.000) 11/17 23:28:55 Job executing on host: <192.168.1.47:9634>
...
006 (2511949.028.000) 11/17 23:29:03 Image size of job updated: 439012
	112  -  MemoryUsage of job (MB)
	113756  -  ResidentSetSize of job (KB)
...
006 (2511949.028.000) 11/17 23:29:04 Image size of job updated: 456428
	112  -  MemoryUsage of job (MB)
	113756  -  ResidentSetSize of job (KB)
...
005 (2511949.028.000) 11/17 23:29:04 Job terminated.
	(1) Normal termination (return value 0)
		Usr 0 00:00:06, Sys 0 00:00:00  -  Run Remote Usage
		Usr 0 00:00:00, Sys 0 00:00:00  -  Run Local Usage
		Usr 0 00:00:06, Sys 0 00:00:00  -  Total Remote Usage
		Usr 0 00:00:00, Sys 0 00:00:00  -  Total Local Usage
	0  -  Run Bytes Sent By Job
	0  -  Run Bytes Received By Job
	0  -  Total Bytes Sent By Job
	0  -  Total Bytes Received By Job
	Partitionable Resources :    Usage  Request Allocated
	   Cpus                 :                 1         1
	   Disk (KB)            :        1        1  28378187
	   Memory (MB)          :      112        1      4033
...
