000 (2526456.028.000) 11/21 10:41:03 Job submitted from host: <192.168.1.109:9714>
...
001 (2526456.028.000) 11/21 10:41:29 Job executing on host: <192.168.1.46:9845>
...
006 (2526456.028.000) 11/21 10:41:38 Image size of job updated: 15608
	2  -  MemoryUsage of job (MB)
	1412  -  ResidentSetSize of job (KB)
...
006 (2526456.028.000) 11/21 10:42:02 Image size of job updated: 441352
	2  -  MemoryUsage of job (MB)
	1412  -  ResidentSetSize of job (KB)
...
005 (2526456.028.000) 11/21 10:42:02 Job terminated.
	(1) Normal termination (return value 0)
		Usr 0 00:00:03, Sys 0 00:00:00  -  Run Remote Usage
		Usr 0 00:00:00, Sys 0 00:00:00  -  Run Local Usage
		Usr 0 00:00:03, Sys 0 00:00:00  -  Total Remote Usage
		Usr 0 00:00:00, Sys 0 00:00:00  -  Total Local Usage
	0  -  Run Bytes Sent By Job
	0  -  Run Bytes Received By Job
	0  -  Total Bytes Sent By Job
	0  -  Total Bytes Received By Job
	Partitionable Resources :    Usage  Request Allocated
	   Cpus                 :                 1         1
	   Disk (KB)            :        1        1   2370304
	   Memory (MB)          :        2        1      4035
...
