000 (2524735.064.000) 11/21 01:52:17 Job submitted from host: <192.168.1.109:9714>
...
001 (2524735.064.000) 11/21 02:13:56 Job executing on host: <192.168.1.44:9507>
...
006 (2524735.064.000) 11/21 02:14:05 Image size of job updated: 1
	3  -  MemoryUsage of job (MB)
	2248  -  ResidentSetSize of job (KB)
...
006 (2524735.064.000) 11/21 02:14:10 Image size of job updated: 455492
	3  -  MemoryUsage of job (MB)
	2248  -  ResidentSetSize of job (KB)
...
005 (2524735.064.000) 11/21 02:14:10 Job terminated.
	(1) Normal termination (return value 0)
		Usr 0 00:00:03, Sys 0 00:00:00  -  Run Remote Usage
		Usr 0 00:00:00, Sys 0 00:00:00  -  Run Local Usage
		Usr 0 00:00:03, Sys 0 00:00:00  -  Total Remote Usage
		Usr 0 00:00:00, Sys 0 00:00:00  -  Total Local Usage
	0  -  Run Bytes Sent By Job
	0  -  Run Bytes Received By Job
	0  -  Total Bytes Sent By Job
	0  -  Total Bytes Received By Job
	Partitionable Resources :    Usage  Request Allocated
	   Cpus                 :                 1         1
	   Disk (KB)            :        1        1   2369867
	   Memory (MB)          :        3        1      4035
...
