000 (2511949.026.000) 11/17 23:24:49 Job submitted from host: <192.168.1.109:9714>
...
001 (2511949.026.000) 11/17 23:28:59 Job executing on host: <192.168.1.49:9578>
...
006 (2511949.026.000) 11/17 23:29:08 Image size of job updated: 66440
	9  -  MemoryUsage of job (MB)
	8804  -  ResidentSetSize of job (KB)
...
006 (2511949.026.000) 11/17 23:29:12 Image size of job updated: 456376
	9  -  MemoryUsage of job (MB)
	8804  -  ResidentSetSize of job (KB)
...
005 (2511949.026.000) 11/17 23:29:12 Job terminated.
	(1) Normal termination (return value 0)
		Usr 0 00:00:04, Sys 0 00:00:00  -  Run Remote Usage
		Usr 0 00:00:00, Sys 0 00:00:00  -  Run Local Usage
		Usr 0 00:00:04, Sys 0 00:00:00  -  Total Remote Usage
		Usr 0 00:00:00, Sys 0 00:00:00  -  Total Local Usage
	0  -  Run Bytes Sent By Job
	0  -  Run Bytes Received By Job
	0  -  Total Bytes Sent By Job
	0  -  Total Bytes Received By Job
	Partitionable Resources :    Usage  Request Allocated
	   Cpus                 :                 1         1
	   Disk (KB)            :        1        1  28378689
	   Memory (MB)          :        9        1      4033
...
