000 (2485819.043.000) 11/07 22:35:28 Job submitted from host: <192.168.1.109:9714>
...
001 (2485819.043.000) 11/07 22:35:37 Job executing on host: <192.168.1.58:9618?addrs=192.168.1.58-9618+[--1]-9618&noUDP&sock=2203_f7a2_3>
...
006 (2485819.043.000) 11/07 22:35:46 Image size of job updated: 180964
	31  -  MemoryUsage of job (MB)
	31476  -  ResidentSetSize of job (KB)
...
006 (2485819.043.000) 11/07 22:40:47 Image size of job updated: 942888
	454  -  MemoryUsage of job (MB)
	464660  -  ResidentSetSize of job (KB)
...
005 (2485819.043.000) 11/07 22:42:55 Job terminated.
	(1) Normal termination (return value 0)
		Usr 0 00:06:21, Sys 0 00:00:24  -  Run Remote Usage
		Usr 0 00:00:00, Sys 0 00:00:00  -  Run Local Usage
		Usr 0 00:06:21, Sys 0 00:00:24  -  Total Remote Usage
		Usr 0 00:00:00, Sys 0 00:00:00  -  Total Local Usage
	0  -  Run Bytes Sent By Job
	0  -  Run Bytes Received By Job
	0  -  Total Bytes Sent By Job
	0  -  Total Bytes Received By Job
	Partitionable Resources :    Usage  Request Allocated
	   Cpus                 :                 1         1
	   Disk (KB)            :        1        1   1563588
	   Memory (MB)          :      454        1         1
...
