000 (2491901.043.000) 11/08 20:40:13 Job submitted from host: <192.168.1.109:9714>
...
001 (2491901.043.000) 11/08 20:40:47 Job executing on host: <192.168.1.64:9697>
...
006 (2491901.043.000) 11/08 20:40:56 Image size of job updated: 433656
	99  -  MemoryUsage of job (MB)
	101200  -  ResidentSetSize of job (KB)
...
006 (2491901.043.000) 11/08 20:43:28 Image size of job updated: 2853752
	99  -  MemoryUsage of job (MB)
	101200  -  ResidentSetSize of job (KB)
...
005 (2491901.043.000) 11/08 20:43:28 Job terminated.
	(1) Normal termination (return value 1)
		Usr 0 00:01:24, Sys 0 00:00:04  -  Run Remote Usage
		Usr 0 00:00:00, Sys 0 00:00:00  -  Run Local Usage
		Usr 0 00:01:24, Sys 0 00:00:04  -  Total Remote Usage
		Usr 0 00:00:00, Sys 0 00:00:00  -  Total Local Usage
	0  -  Run Bytes Sent By Job
	0  -  Run Bytes Received By Job
	0  -  Total Bytes Sent By Job
	0  -  Total Bytes Received By Job
	Partitionable Resources :    Usage  Request Allocated
	   Cpus                 :                 1         1
	   Disk (KB)            :        1        1  19563726
	   Memory (MB)          :       99        1      4033
...
