000 (2511949.112.000) 11/17 23:24:51 Job submitted from host: <192.168.1.109:9714>
...
001 (2511949.112.000) 11/17 23:31:25 Job executing on host: <192.168.1.51:9694>
...
006 (2511949.112.000) 11/17 23:31:34 Image size of job updated: 352748
	91  -  MemoryUsage of job (MB)
	92852  -  ResidentSetSize of job (KB)
...
006 (2511949.112.000) 11/17 23:36:05 Image size of job updated: 861432
	91  -  MemoryUsage of job (MB)
	92852  -  ResidentSetSize of job (KB)
...
005 (2511949.112.000) 11/17 23:36:05 Job terminated.
	(1) Normal termination (return value 0)
		Usr 0 00:03:16, Sys 0 00:00:16  -  Run Remote Usage
		Usr 0 00:00:00, Sys 0 00:00:00  -  Run Local Usage
		Usr 0 00:03:16, Sys 0 00:00:16  -  Total Remote Usage
		Usr 0 00:00:00, Sys 0 00:00:00  -  Total Local Usage
	0  -  Run Bytes Sent By Job
	0  -  Run Bytes Received By Job
	0  -  Total Bytes Sent By Job
	0  -  Total Bytes Received By Job
	Partitionable Resources :    Usage  Request Allocated
	   Cpus                 :                 1         1
	   Disk (KB)            :        1        1  28379607
	   Memory (MB)          :       91        1      4033
...
