000 (2485756.116.000) 11/07 21:19:45 Job submitted from host: <192.168.1.109:9714>
...
001 (2485756.116.000) 11/07 21:23:51 Job executing on host: <192.168.1.49:9578>
...
006 (2485756.116.000) 11/07 21:24:00 Image size of job updated: 401084
	81  -  MemoryUsage of job (MB)
	82344  -  ResidentSetSize of job (KB)
...
006 (2485756.116.000) 11/07 21:24:08 Image size of job updated: 482028
	81  -  MemoryUsage of job (MB)
	82344  -  ResidentSetSize of job (KB)
...
005 (2485756.116.000) 11/07 21:24:08 Job terminated.
	(1) Normal termination (return value 0)
		Usr 0 00:00:09, Sys 0 00:00:00  -  Run Remote Usage
		Usr 0 00:00:00, Sys 0 00:00:00  -  Run Local Usage
		Usr 0 00:00:09, Sys 0 00:00:00  -  Total Remote Usage
		Usr 0 00:00:00, Sys 0 00:00:00  -  Total Local Usage
	0  -  Run Bytes Sent By Job
	0  -  Run Bytes Received By Job
	0  -  Total Bytes Sent By Job
	0  -  Total Bytes Received By Job
	Partitionable Resources :    Usage  Request Allocated
	   Cpus                 :                 1         1
	   Disk (KB)            :        1        1  28379697
	   Memory (MB)          :       81        1      4033
...
