000 (2511949.047.000) 11/17 23:24:50 Job submitted from host: <192.168.1.109:9714>
...
001 (2511949.047.000) 11/17 23:29:37 Job executing on host: <192.168.1.50:9434>
...
006 (2511949.047.000) 11/17 23:29:46 Image size of job updated: 340284
	67  -  MemoryUsage of job (MB)
	68312  -  ResidentSetSize of job (KB)
...
006 (2511949.047.000) 11/17 23:29:49 Image size of job updated: 473428
	67  -  MemoryUsage of job (MB)
	68312  -  ResidentSetSize of job (KB)
...
005 (2511949.047.000) 11/17 23:29:49 Job terminated.
	(1) Normal termination (return value 0)
		Usr 0 00:00:08, Sys 0 00:00:00  -  Run Remote Usage
		Usr 0 00:00:00, Sys 0 00:00:00  -  Run Local Usage
		Usr 0 00:00:08, Sys 0 00:00:00  -  Total Remote Usage
		Usr 0 00:00:00, Sys 0 00:00:00  -  Total Local Usage
	0  -  Run Bytes Sent By Job
	0  -  Run Bytes Received By Job
	0  -  Total Bytes Sent By Job
	0  -  Total Bytes Received By Job
	Partitionable Resources :    Usage  Request Allocated
	   Cpus                 :                 1         1
	   Disk (KB)            :        1        1  28378909
	   Memory (MB)          :       67        1      4033
...
