000 (2511949.019.000) 11/17 23:24:49 Job submitted from host: <192.168.1.109:9714>
...
001 (2511949.019.000) 11/17 23:28:34 Job executing on host: <192.168.1.48:9634>
...
006 (2511949.019.000) 11/17 23:28:42 Image size of job updated: 432524
	97  -  MemoryUsage of job (MB)
	98828  -  ResidentSetSize of job (KB)
...
006 (2511949.019.000) 11/17 23:28:59 Image size of job updated: 473788
	97  -  MemoryUsage of job (MB)
	98828  -  ResidentSetSize of job (KB)
...
005 (2511949.019.000) 11/17 23:28:59 Job terminated.
	(1) Normal termination (return value 0)
		Usr 0 00:00:14, Sys 0 00:00:01  -  Run Remote Usage
		Usr 0 00:00:00, Sys 0 00:00:00  -  Run Local Usage
		Usr 0 00:00:14, Sys 0 00:00:01  -  Total Remote Usage
		Usr 0 00:00:00, Sys 0 00:00:00  -  Total Local Usage
	0  -  Run Bytes Sent By Job
	0  -  Run Bytes Received By Job
	0  -  Total Bytes Sent By Job
	0  -  Total Bytes Received By Job
	Partitionable Resources :    Usage  Request Allocated
	   Cpus                 :                 1         1
	   Disk (KB)            :        1        1  28379824
	   Memory (MB)          :       97        1      4033
...
