000 (2491851.034.000) 11/08 20:36:46 Job submitted from host: <192.168.1.109:9714>
...
001 (2491851.034.000) 11/08 20:37:14 Job executing on host: <192.168.1.47:9634>
...
006 (2491851.034.000) 11/08 20:37:22 Image size of job updated: 339688
	65  -  MemoryUsage of job (MB)
	65648  -  ResidentSetSize of job (KB)
...
006 (2491851.034.000) 11/08 20:42:22 Image size of job updated: 1028340
	429  -  MemoryUsage of job (MB)
	439152  -  ResidentSetSize of job (KB)
...
006 (2491851.034.000) 11/08 20:47:22 Image size of job updated: 1028340
	431  -  MemoryUsage of job (MB)
	440840  -  ResidentSetSize of job (KB)
...
006 (2491851.034.000) 11/08 20:52:23 Image size of job updated: 1028340
	431  -  MemoryUsage of job (MB)
	441220  -  ResidentSetSize of job (KB)
...
005 (2491851.034.000) 11/08 20:54:05 Job terminated.
	(1) Normal termination (return value 0)
		Usr 0 00:04:24, Sys 0 00:00:17  -  Run Remote Usage
		Usr 0 00:00:00, Sys 0 00:00:00  -  Run Local Usage
		Usr 0 00:04:24, Sys 0 00:00:17  -  Total Remote Usage
		Usr 0 00:00:00, Sys 0 00:00:00  -  Total Local Usage
	0  -  Run Bytes Sent By Job
	0  -  Run Bytes Received By Job
	0  -  Total Bytes Sent By Job
	0  -  Total Bytes Received By Job
	Partitionable Resources :    Usage  Request Allocated
	   Cpus                 :                 1         1
	   Disk (KB)            :        1        1  28381046
	   Memory (MB)          :      431        1      4033
...
