000 (2491133.034.000) 11/08 19:40:18 Job submitted from host: <192.168.1.109:9714>
...
001 (2491133.034.000) 11/08 19:40:56 Job executing on host: <192.168.1.45:9392>
...
006 (2491133.034.000) 11/08 19:41:05 Image size of job updated: 181868
	3  -  MemoryUsage of job (MB)
	2692  -  ResidentSetSize of job (KB)
...
006 (2491133.034.000) 11/08 19:46:05 Image size of job updated: 1028400
	502  -  MemoryUsage of job (MB)
	513912  -  ResidentSetSize of job (KB)
...
006 (2491133.034.000) 11/08 19:51:05 Image size of job updated: 1028400
	504  -  MemoryUsage of job (MB)
	515852  -  ResidentSetSize of job (KB)
...
006 (2491133.034.000) 11/08 19:56:06 Image size of job updated: 1028400
	505  -  MemoryUsage of job (MB)
	516988  -  ResidentSetSize of job (KB)
...
006 (2491133.034.000) 11/08 20:01:01 Image size of job updated: 1186040
	505  -  MemoryUsage of job (MB)
	516988  -  ResidentSetSize of job (KB)
...
005 (2491133.034.000) 11/08 20:01:01 Job terminated.
	(1) Normal termination (return value 0)
		Usr 0 00:06:02, Sys 0 00:00:25  -  Run Remote Usage
		Usr 0 00:00:00, Sys 0 00:00:00  -  Run Local Usage
		Usr 0 00:06:02, Sys 0 00:00:25  -  Total Remote Usage
		Usr 0 00:00:00, Sys 0 00:00:00  -  Total Local Usage
	0  -  Run Bytes Sent By Job
	0  -  Run Bytes Received By Job
	0  -  Total Bytes Sent By Job
	0  -  Total Bytes Received By Job
	Partitionable Resources :    Usage  Request Allocated
	   Cpus                 :                 1         1
	   Disk (KB)            :        1        1   2370581
	   Memory (MB)          :      505        1      4035
...
