000 (2497410.034.000) 11/09 15:33:46 Job submitted from host: <192.168.1.109:9714>
...
001 (2497410.034.000) 11/09 15:34:10 Job executing on host: <192.168.1.54:9618?addrs=192.168.1.54-9618+[--1]-9618&noUDP&sock=2569_034c_3>
...
006 (2497410.034.000) 11/09 15:34:18 Image size of job updated: 1
	2  -  MemoryUsage of job (MB)
	1768  -  ResidentSetSize of job (KB)
...
006 (2497410.034.000) 11/09 15:39:18 Image size of job updated: 973948
	461  -  MemoryUsage of job (MB)
	471232  -  ResidentSetSize of job (KB)
...
006 (2497410.034.000) 11/09 15:44:19 Image size of job updated: 973948
	462  -  MemoryUsage of job (MB)
	472808  -  ResidentSetSize of job (KB)
...
006 (2497410.034.000) 11/09 15:49:20 Image size of job updated: 973948
	463  -  MemoryUsage of job (MB)
	473168  -  ResidentSetSize of job (KB)
...
005 (2497410.034.000) 11/09 15:50:30 Job terminated.
	(1) Normal termination (return value 0)
		Usr 0 00:07:14, Sys 0 00:00:24  -  Run Remote Usage
		Usr 0 00:00:00, Sys 0 00:00:00  -  Run Local Usage
		Usr 0 00:07:14, Sys 0 00:00:24  -  Total Remote Usage
		Usr 0 00:00:00, Sys 0 00:00:00  -  Total Local Usage
	0  -  Run Bytes Sent By Job
	0  -  Run Bytes Received By Job
	0  -  Total Bytes Sent By Job
	0  -  Total Bytes Received By Job
	Partitionable Resources :    Usage  Request Allocated
	   Cpus                 :                 1         1
	   Disk (KB)            :        1        1   1563671
	   Memory (MB)          :      463        1         1
...
