000 (2497409.022.000) 11/09 15:27:51 Job submitted from host: <192.168.1.109:9714>
...
001 (2497409.022.000) 11/09 15:28:14 Job executing on host: <192.168.1.68:9996>
...
006 (2497409.022.000) 11/09 15:28:23 Image size of job updated: 180768
	2  -  MemoryUsage of job (MB)
	1840  -  ResidentSetSize of job (KB)
...
006 (2497409.022.000) 11/09 15:31:07 Image size of job updated: 950936
	2  -  MemoryUsage of job (MB)
	1840  -  ResidentSetSize of job (KB)
...
005 (2497409.022.000) 11/09 15:31:07 Job terminated.
	(1) Normal termination (return value 0)
		Usr 0 00:02:13, Sys 0 00:00:08  -  Run Remote Usage
		Usr 0 00:00:00, Sys 0 00:00:00  -  Run Local Usage
		Usr 0 00:02:13, Sys 0 00:00:08  -  Total Remote Usage
		Usr 0 00:00:00, Sys 0 00:00:00  -  Total Local Usage
	0  -  Run Bytes Sent By Job
	0  -  Run Bytes Received By Job
	0  -  Total Bytes Sent By Job
	0  -  Total Bytes Received By Job
	Partitionable Resources :    Usage  Request Allocated
	   Cpus                 :                 1         1
	   Disk (KB)            :        1        1  20251423
	   Memory (MB)          :        2        1      4038
...
