000 (2482462.095.000) 11/07 16:09:20 Job submitted from host: <192.168.1.109:9714>
...
001 (2482462.095.000) 11/07 16:09:31 Job executing on host: <192.168.1.66:9620>
...
006 (2482462.095.000) 11/07 16:09:39 Image size of job updated: 352028
	89  -  MemoryUsage of job (MB)
	90204  -  ResidentSetSize of job (KB)
...
006 (2482462.095.000) 11/07 16:09:42 Image size of job updated: 490472
	89  -  MemoryUsage of job (MB)
	90204  -  ResidentSetSize of job (KB)
...
005 (2482462.095.000) 11/07 16:09:42 Job terminated.
	(1) Normal termination (return value 0)
		Usr 0 00:00:07, Sys 0 00:00:00  -  Run Remote Usage
		Usr 0 00:00:00, Sys 0 00:00:00  -  Run Local Usage
		Usr 0 00:00:07, Sys 0 00:00:00  -  Total Remote Usage
		Usr 0 00:00:00, Sys 0 00:00:00  -  Total Local Usage
	0  -  Run Bytes Sent By Job
	0  -  Run Bytes Received By Job
	0  -  Total Bytes Sent By Job
	0  -  Total Bytes Received By Job
	Partitionable Resources :    Usage  Request Allocated
	   Cpus                 :                 1         1
	   Disk (KB)            :        1        1  19559457
	   Memory (MB)          :       89        1      4033
...
