000 (2492932.095.000) 11/08 23:53:05 Job submitted from host: <192.168.1.109:9714>
...
001 (2492932.095.000) 11/08 23:53:29 Job executing on host: <192.168.1.49:9578>
...
006 (2492932.095.000) 11/08 23:53:38 Image size of job updated: 442712
	118  -  MemoryUsage of job (MB)
	120140  -  ResidentSetSize of job (KB)
...
006 (2492932.095.000) 11/08 23:53:40 Image size of job updated: 465396
	118  -  MemoryUsage of job (MB)
	120140  -  ResidentSetSize of job (KB)
...
005 (2492932.095.000) 11/08 23:53:40 Job terminated.
	(1) Normal termination (return value 0)
		Usr 0 00:00:05, Sys 0 00:00:00  -  Run Remote Usage
		Usr 0 00:00:00, Sys 0 00:00:00  -  Run Local Usage
		Usr 0 00:00:05, Sys 0 00:00:00  -  Total Remote Usage
		Usr 0 00:00:00, Sys 0 00:00:00  -  Total Local Usage
	0  -  Run Bytes Sent By Job
	0  -  Run Bytes Received By Job
	0  -  Total Bytes Sent By Job
	0  -  Total Bytes Received By Job
	Partitionable Resources :    Usage  Request Allocated
	   Cpus                 :                 1         1
	   Disk (KB)            :        1        1  28380338
	   Memory (MB)          :      118        1      4033
...
