000 (2485823.020.000) 11/07 23:48:29 Job submitted from host: <192.168.1.109:9714>
...
001 (2485823.020.000) 11/07 23:48:37 Job executing on host: <192.168.1.43:9998>
...
006 (2485823.020.000) 11/07 23:48:45 Image size of job updated: 24372
	3  -  MemoryUsage of job (MB)
	2452  -  ResidentSetSize of job (KB)
...
006 (2485823.020.000) 11/07 23:53:45 Image size of job updated: 1024692
	508  -  MemoryUsage of job (MB)
	519208  -  ResidentSetSize of job (KB)
...
006 (2485823.020.000) 11/07 23:58:46 Image size of job updated: 1024692
	509  -  MemoryUsage of job (MB)
	520232  -  ResidentSetSize of job (KB)
...
006 (2485823.020.000) 11/08 00:03:46 Image size of job updated: 1024692
	509  -  MemoryUsage of job (MB)
	520272  -  ResidentSetSize of job (KB)
...
006 (2485823.020.000) 11/08 00:08:46 Image size of job updated: 1024692
	509  -  MemoryUsage of job (MB)
	520288  -  ResidentSetSize of job (KB)
...
006 (2485823.020.000) 11/08 00:13:47 Image size of job updated: 1024692
	509  -  MemoryUsage of job (MB)
	520560  -  ResidentSetSize of job (KB)
...
006 (2485823.020.000) 11/08 00:18:47 Image size of job updated: 1024692
	509  -  MemoryUsage of job (MB)
	520608  -  ResidentSetSize of job (KB)
...
005 (2485823.020.000) 11/08 00:23:05 Job terminated.
	(1) Normal termination (return value 0)
		Usr 0 00:05:05, Sys 0 00:00:19  -  Run Remote Usage
		Usr 0 00:00:00, Sys 0 00:00:00  -  Run Local Usage
		Usr 0 00:05:05, Sys 0 00:00:19  -  Total Remote Usage
		Usr 0 00:00:00, Sys 0 00:00:00  -  Total Local Usage
	0  -  Run Bytes Sent By Job
	0  -  Run Bytes Received By Job
	0  -  Total Bytes Sent By Job
	0  -  Total Bytes Received By Job
	Partitionable Resources :    Usage  Request Allocated
	   Cpus                 :                 1         1
	   Disk (KB)            :        1        1   2364814
	   Memory (MB)          :      509        1      4035
...
