000 (2491133.020.000) 11/08 19:40:18 Job submitted from host: <192.168.1.109:9714>
...
001 (2491133.020.000) 11/08 19:40:55 Job executing on host: <192.168.1.43:9998>
...
006 (2491133.020.000) 11/08 19:41:04 Image size of job updated: 342392
	60  -  MemoryUsage of job (MB)
	61416  -  ResidentSetSize of job (KB)
...
006 (2491133.020.000) 11/08 19:46:04 Image size of job updated: 1024696
	507  -  MemoryUsage of job (MB)
	518868  -  ResidentSetSize of job (KB)
...
006 (2491133.020.000) 11/08 19:51:04 Image size of job updated: 1024696
	508  -  MemoryUsage of job (MB)
	519852  -  ResidentSetSize of job (KB)
...
006 (2491133.020.000) 11/08 19:56:05 Image size of job updated: 1024696
	508  -  MemoryUsage of job (MB)
	519884  -  ResidentSetSize of job (KB)
...
006 (2491133.020.000) 11/08 20:00:19 Image size of job updated: 1241828
	508  -  MemoryUsage of job (MB)
	519884  -  ResidentSetSize of job (KB)
...
005 (2491133.020.000) 11/08 20:00:19 Job terminated.
	(1) Normal termination (return value 0)
		Usr 0 00:05:42, Sys 0 00:00:23  -  Run Remote Usage
		Usr 0 00:00:00, Sys 0 00:00:00  -  Run Local Usage
		Usr 0 00:05:42, Sys 0 00:00:23  -  Total Remote Usage
		Usr 0 00:00:00, Sys 0 00:00:00  -  Total Local Usage
	0  -  Run Bytes Sent By Job
	0  -  Run Bytes Received By Job
	0  -  Total Bytes Sent By Job
	0  -  Total Bytes Received By Job
	Partitionable Resources :    Usage  Request Allocated
	   Cpus                 :                 1         1
	   Disk (KB)            :        1        1   2370815
	   Memory (MB)          :      508        1      4035
...
