000 (2497410.020.000) 11/09 15:33:46 Job submitted from host: <192.168.1.109:9714>
...
001 (2497410.020.000) 11/09 15:34:09 Job executing on host: <192.168.1.66:9620>
...
006 (2497410.020.000) 11/09 15:34:17 Image size of job updated: 1
	3  -  MemoryUsage of job (MB)
	2100  -  ResidentSetSize of job (KB)
...
006 (2497410.020.000) 11/09 15:39:17 Image size of job updated: 1069380
	522  -  MemoryUsage of job (MB)
	534032  -  ResidentSetSize of job (KB)
...
006 (2497410.020.000) 11/09 15:44:17 Image size of job updated: 1069380
	523  -  MemoryUsage of job (MB)
	534960  -  ResidentSetSize of job (KB)
...
006 (2497410.020.000) 11/09 15:49:18 Image size of job updated: 1069380
	523  -  MemoryUsage of job (MB)
	534996  -  ResidentSetSize of job (KB)
...
006 (2497410.020.000) 11/09 15:54:18 Image size of job updated: 1069380
	523  -  MemoryUsage of job (MB)
	535356  -  ResidentSetSize of job (KB)
...
005 (2497410.020.000) 11/09 15:55:36 Job terminated.
	(1) Normal termination (return value 0)
		Usr 0 00:08:27, Sys 0 00:00:20  -  Run Remote Usage
		Usr 0 00:00:00, Sys 0 00:00:00  -  Run Local Usage
		Usr 0 00:08:27, Sys 0 00:00:20  -  Total Remote Usage
		Usr 0 00:00:00, Sys 0 00:00:00  -  Total Local Usage
	0  -  Run Bytes Sent By Job
	0  -  Run Bytes Received By Job
	0  -  Total Bytes Sent By Job
	0  -  Total Bytes Received By Job
	Partitionable Resources :    Usage  Request Allocated
	   Cpus                 :                 1         1
	   Disk (KB)            :        1        1  19564287
	   Memory (MB)          :      523        1      4033
...
