000 (2485823.132.000) 11/07 23:48:31 Job submitted from host: <192.168.1.109:9714>
...
001 (2485823.132.000) 11/07 23:48:46 Job executing on host: <192.168.1.43:9998>
...
006 (2485823.132.000) 11/07 23:48:55 Image size of job updated: 97660
	2  -  MemoryUsage of job (MB)
	1404  -  ResidentSetSize of job (KB)
...
006 (2485823.132.000) 11/07 23:53:56 Image size of job updated: 965100
	482  -  MemoryUsage of job (MB)
	492976  -  ResidentSetSize of job (KB)
...
006 (2485823.132.000) 11/07 23:58:56 Image size of job updated: 965100
	482  -  MemoryUsage of job (MB)
	493416  -  ResidentSetSize of job (KB)
...
006 (2485823.132.000) 11/08 00:03:56 Image size of job updated: 965100
	482  -  MemoryUsage of job (MB)
	493472  -  ResidentSetSize of job (KB)
...
006 (2485823.132.000) 11/08 00:08:57 Image size of job updated: 965100
	482  -  MemoryUsage of job (MB)
	493480  -  ResidentSetSize of job (KB)
...
006 (2485823.132.000) 11/08 00:13:57 Image size of job updated: 965100
	482  -  MemoryUsage of job (MB)
	493512  -  ResidentSetSize of job (KB)
...
006 (2485823.132.000) 11/08 00:18:57 Image size of job updated: 965100
	482  -  MemoryUsage of job (MB)
	493520  -  ResidentSetSize of job (KB)
...
005 (2485823.132.000) 11/08 00:21:52 Job terminated.
	(1) Normal termination (return value 0)
		Usr 0 00:04:28, Sys 0 00:00:16  -  Run Remote Usage
		Usr 0 00:00:00, Sys 0 00:00:00  -  Run Local Usage
		Usr 0 00:04:28, Sys 0 00:00:16  -  Total Remote Usage
		Usr 0 00:00:00, Sys 0 00:00:00  -  Total Local Usage
	0  -  Run Bytes Sent By Job
	0  -  Run Bytes Received By Job
	0  -  Total Bytes Sent By Job
	0  -  Total Bytes Received By Job
	Partitionable Resources :    Usage  Request Allocated
	   Cpus                 :                 1         1
	   Disk (KB)            :        1        1   2364820
	   Memory (MB)          :      482        1      4035
...
