000 (2491851.132.000) 11/08 20:36:48 Job submitted from host: <192.168.1.109:9714>
...
001 (2491851.132.000) 11/08 20:37:20 Job executing on host: <192.168.1.43:9998>
...
006 (2491851.132.000) 11/08 20:37:30 Image size of job updated: 97664
	2  -  MemoryUsage of job (MB)
	1408  -  ResidentSetSize of job (KB)
...
006 (2491851.132.000) 11/08 20:42:31 Image size of job updated: 965096
	473  -  MemoryUsage of job (MB)
	483956  -  ResidentSetSize of job (KB)
...
005 (2491851.132.000) 11/08 21:02:57 Job terminated.
	(1) Normal termination (return value 0)
		Usr 0 00:05:46, Sys 0 00:00:24  -  Run Remote Usage
		Usr 0 00:00:00, Sys 0 00:00:00  -  Run Local Usage
		Usr 0 00:05:46, Sys 0 00:00:24  -  Total Remote Usage
		Usr 0 00:00:00, Sys 0 00:00:00  -  Total Local Usage
	0  -  Run Bytes Sent By Job
	0  -  Run Bytes Received By Job
	0  -  Total Bytes Sent By Job
	0  -  Total Bytes Received By Job
	Partitionable Resources :    Usage  Request Allocated
	   Cpus                 :                 1         1
	   Disk (KB)            :        1        1   2370664
	   Memory (MB)          :      473        1      4035
...
