000 (2497410.132.000) 11/09 15:33:47 Job submitted from host: <192.168.1.109:9714>
...
001 (2497410.132.000) 11/09 15:34:14 Job executing on host: <192.168.1.50:9434>
...
006 (2497410.132.000) 11/09 15:34:22 Image size of job updated: 327176
	21  -  MemoryUsage of job (MB)
	20784  -  ResidentSetSize of job (KB)
...
006 (2497410.132.000) 11/09 15:39:22 Image size of job updated: 1006500
	481  -  MemoryUsage of job (MB)
	491828  -  ResidentSetSize of job (KB)
...
006 (2497410.132.000) 11/09 15:44:23 Image size of job updated: 1006500
	482  -  MemoryUsage of job (MB)
	493228  -  ResidentSetSize of job (KB)
...
006 (2497410.132.000) 11/09 15:49:23 Image size of job updated: 1006500
	482  -  MemoryUsage of job (MB)
	493460  -  ResidentSetSize of job (KB)
...
006 (2497410.132.000) 11/09 15:54:23 Image size of job updated: 1006500
	584  -  MemoryUsage of job (MB)
	597484  -  ResidentSetSize of job (KB)
...
005 (2497410.132.000) 11/09 15:58:02 Job terminated.
	(1) Normal termination (return value 0)
		Usr 0 00:04:25, Sys 0 00:00:14  -  Run Remote Usage
		Usr 0 00:00:00, Sys 0 00:00:00  -  Run Local Usage
		Usr 0 00:04:25, Sys 0 00:00:14  -  Total Remote Usage
		Usr 0 00:00:00, Sys 0 00:00:00  -  Total Local Usage
	0  -  Run Bytes Sent By Job
	0  -  Run Bytes Received By Job
	0  -  Total Bytes Sent By Job
	0  -  Total Bytes Received By Job
	Partitionable Resources :    Usage  Request Allocated
	   Cpus                 :                 1         1
	   Disk (KB)            :        1        1  28380208
	   Memory (MB)          :      584        1      4033
...
