000 (2492932.000.000) 11/08 23:53:04 Job submitted from host: <192.168.1.109:9714>
...
001 (2492932.000.000) 11/08 23:53:26 Job executing on host: <192.168.1.51:9694>
...
006 (2492932.000.000) 11/08 23:53:35 Image size of job updated: 346592
	82  -  MemoryUsage of job (MB)
	83524  -  ResidentSetSize of job (KB)
...
006 (2492932.000.000) 11/08 23:53:59 Image size of job updated: 482664
	82  -  MemoryUsage of job (MB)
	83524  -  ResidentSetSize of job (KB)
...
005 (2492932.000.000) 11/08 23:53:59 Job terminated.
	(1) Normal termination (return value 0)
		Usr 0 00:00:07, Sys 0 00:00:02  -  Run Remote Usage
		Usr 0 00:00:00, Sys 0 00:00:00  -  Run Local Usage
		Usr 0 00:00:07, Sys 0 00:00:02  -  Total Remote Usage
		Usr 0 00:00:00, Sys 0 00:00:00  -  Total Local Usage
	0  -  Run Bytes Sent By Job
	0  -  Run Bytes Received By Job
	0  -  Total Bytes Sent By Job
	0  -  Total Bytes Received By Job
	Partitionable Resources :    Usage  Request Allocated
	   Cpus                 :                 1         1
	   Disk (KB)            :        1        1  28379689
	   Memory (MB)          :       82        1      4033
...
