000 (2492645.000.000) 11/08 22:48:09 Job submitted from host: <192.168.1.109:9714>
...
001 (2492645.000.000) 11/08 22:48:20 Job executing on host: <192.168.1.42:9515>
...
006 (2492645.000.000) 11/08 22:48:29 Image size of job updated: 439864
	103  -  MemoryUsage of job (MB)
	105204  -  ResidentSetSize of job (KB)
...
006 (2492645.000.000) 11/08 22:48:41 Image size of job updated: 490504
	103  -  MemoryUsage of job (MB)
	105204  -  ResidentSetSize of job (KB)
...
005 (2492645.000.000) 11/08 22:48:41 Job terminated.
	(1) Normal termination (return value 0)
		Usr 0 00:00:07, Sys 0 00:00:00  -  Run Remote Usage
		Usr 0 00:00:00, Sys 0 00:00:00  -  Run Local Usage
		Usr 0 00:00:07, Sys 0 00:00:00  -  Total Remote Usage
		Usr 0 00:00:00, Sys 0 00:00:00  -  Total Local Usage
	0  -  Run Bytes Sent By Job
	0  -  Run Bytes Received By Job
	0  -  Total Bytes Sent By Job
	0  -  Total Bytes Received By Job
	Partitionable Resources :    Usage  Request Allocated
	   Cpus                 :                 1         1
	   Disk (KB)            :        1        1   2369960
	   Memory (MB)          :      103        1      4035
...
