000 (2464980.026.000) 11/02 16:52:02 Job submitted from host: <192.168.1.109:9308>
...
001 (2464980.026.000) 11/02 16:52:25 Job executing on host: <192.168.1.44:9507>
...
006 (2464980.026.000) 11/02 16:52:33 Image size of job updated: 97668
	3  -  MemoryUsage of job (MB)
	2624  -  ResidentSetSize of job (KB)
...
006 (2464980.026.000) 11/02 16:52:46 Image size of job updated: 490880
	3  -  MemoryUsage of job (MB)
	2624  -  ResidentSetSize of job (KB)
...
005 (2464980.026.000) 11/02 16:52:46 Job terminated.
	(1) Normal termination (return value 0)
		Usr 0 00:00:08, Sys 0 00:00:00  -  Run Remote Usage
		Usr 0 00:00:00, Sys 0 00:00:00  -  Run Local Usage
		Usr 0 00:00:08, Sys 0 00:00:00  -  Total Remote Usage
		Usr 0 00:00:00, Sys 0 00:00:00  -  Total Local Usage
	0  -  Run Bytes Sent By Job
	0  -  Run Bytes Received By Job
	0  -  Total Bytes Sent By Job
	0  -  Total Bytes Received By Job
	Partitionable Resources :    Usage  Request Allocated
	   Cpus                 :                 1         1
	   Disk (KB)            :        1        1   2370453
	   Memory (MB)          :        3        1      4035
...
