000 (2482115.014.000) 11/07 14:47:35 Job submitted from host: <192.168.1.109:9714>
...
001 (2482115.014.000) 11/07 14:47:41 Job executing on host: <192.168.1.64:9697>
...
006 (2482115.014.000) 11/07 14:47:50 Image size of job updated: 182200
	32  -  MemoryUsage of job (MB)
	32668  -  ResidentSetSize of job (KB)
...
006 (2482115.014.000) 11/07 14:48:23 Image size of job updated: 490880
	32  -  MemoryUsage of job (MB)
	32668  -  ResidentSetSize of job (KB)
...
005 (2482115.014.000) 11/07 14:48:23 Job terminated.
	(1) Normal termination (return value 0)
		Usr 0 00:00:12, Sys 0 00:00:00  -  Run Remote Usage
		Usr 0 00:00:00, Sys 0 00:00:00  -  Run Local Usage
		Usr 0 00:00:12, Sys 0 00:00:00  -  Total Remote Usage
		Usr 0 00:00:00, Sys 0 00:00:00  -  Total Local Usage
	0  -  Run Bytes Sent By Job
	0  -  Run Bytes Received By Job
	0  -  Total Bytes Sent By Job
	0  -  Total Bytes Received By Job
	Partitionable Resources :    Usage  Request Allocated
	   Cpus                 :                 1         1
	   Disk (KB)            :        1        1  19564682
	   Memory (MB)          :       32        1      4033
...
