000 (2492274.014.000) 11/08 21:21:59 Job submitted from host: <192.168.1.109:9714>
...
001 (2492274.014.000) 11/08 21:22:22 Job executing on host: <192.168.1.65:9393>
...
006 (2492274.014.000) 11/08 21:22:31 Image size of job updated: 78716
	3  -  MemoryUsage of job (MB)
	2692  -  ResidentSetSize of job (KB)
...
006 (2492274.014.000) 11/08 21:27:32 Image size of job updated: 1068340
	509  -  MemoryUsage of job (MB)
	520800  -  ResidentSetSize of job (KB)
...
006 (2492274.014.000) 11/08 21:32:32 Image size of job updated: 1068340
	510  -  MemoryUsage of job (MB)
	522036  -  ResidentSetSize of job (KB)
...
006 (2492274.014.000) 11/08 21:37:33 Image size of job updated: 1068340
	511  -  MemoryUsage of job (MB)
	522340  -  ResidentSetSize of job (KB)
...
006 (2492274.014.000) 11/08 21:42:34 Image size of job updated: 1068340
	511  -  MemoryUsage of job (MB)
	522692  -  ResidentSetSize of job (KB)
...
006 (2492274.014.000) 11/08 21:47:34 Image size of job updated: 1068340
	511  -  MemoryUsage of job (MB)
	522756  -  ResidentSetSize of job (KB)
...
006 (2492274.014.000) 11/08 21:52:35 Image size of job updated: 1068340
	511  -  MemoryUsage of job (MB)
	522768  -  ResidentSetSize of job (KB)
...
006 (2492274.014.000) 11/08 21:57:36 Image size of job updated: 1068340
	630  -  MemoryUsage of job (MB)
	644224  -  ResidentSetSize of job (KB)
...
006 (2492274.014.000) 11/08 22:02:36 Image size of job updated: 1068340
	630  -  MemoryUsage of job (MB)
	644572  -  ResidentSetSize of job (KB)
...
006 (2492274.014.000) 11/08 22:07:37 Image size of job updated: 1068340
	630  -  MemoryUsage of job (MB)
	644724  -  ResidentSetSize of job (KB)
...
005 (2492274.014.000) 11/08 22:09:56 Job terminated.
	(1) Normal termination (return value 0)
		Usr 0 00:23:15, Sys 0 00:00:49  -  Run Remote Usage
		Usr 0 00:00:00, Sys 0 00:00:00  -  Run Local Usage
		Usr 0 00:23:15, Sys 0 00:00:49  -  Total Remote Usage
		Usr 0 00:00:00, Sys 0 00:00:00  -  Total Local Usage
	0  -  Run Bytes Sent By Job
	0  -  Run Bytes Received By Job
	0  -  Total Bytes Sent By Job
	0  -  Total Bytes Received By Job
	Partitionable Resources :    Usage  Request Allocated
	   Cpus                 :                 1         1
	   Disk (KB)            :        1        1  19563400
	   Memory (MB)          :      630        1      4033
...
