000 (2492235.026.000) 11/08 21:19:19 Job submitted from host: <192.168.1.109:9714>
...
001 (2492235.026.000) 11/08 21:19:41 Job executing on host: <192.168.1.42:9515>
...
006 (2492235.026.000) 11/08 21:19:51 Image size of job updated: 97668
	3  -  MemoryUsage of job (MB)
	2668  -  ResidentSetSize of job (KB)
...
006 (2492235.026.000) 11/08 21:24:52 Image size of job updated: 1068340
	441  -  MemoryUsage of job (MB)
	451248  -  ResidentSetSize of job (KB)
...
006 (2492235.026.000) 11/08 21:29:52 Image size of job updated: 1068340
	441  -  MemoryUsage of job (MB)
	451324  -  ResidentSetSize of job (KB)
...
006 (2492235.026.000) 11/08 21:34:53 Image size of job updated: 1068340
	441  -  MemoryUsage of job (MB)
	451444  -  ResidentSetSize of job (KB)
...
006 (2492235.026.000) 11/08 21:39:54 Image size of job updated: 1068340
	442  -  MemoryUsage of job (MB)
	451672  -  ResidentSetSize of job (KB)
...
006 (2492235.026.000) 11/08 21:44:54 Image size of job updated: 1068340
	442  -  MemoryUsage of job (MB)
	452004  -  ResidentSetSize of job (KB)
...
006 (2492235.026.000) 11/08 21:49:55 Image size of job updated: 1068340
	555  -  MemoryUsage of job (MB)
	567344  -  ResidentSetSize of job (KB)
...
006 (2492235.026.000) 11/08 21:54:56 Image size of job updated: 1068340
	560  -  MemoryUsage of job (MB)
	572572  -  ResidentSetSize of job (KB)
...
006 (2492235.026.000) 11/08 21:59:56 Image size of job updated: 1068340
	560  -  MemoryUsage of job (MB)
	572584  -  ResidentSetSize of job (KB)
...
006 (2492235.026.000) 11/08 22:04:56 Image size of job updated: 1068340
	560  -  MemoryUsage of job (MB)
	572644  -  ResidentSetSize of job (KB)
...
006 (2492235.026.000) 11/08 22:14:57 Image size of job updated: 1068340
	560  -  MemoryUsage of job (MB)
	572652  -  ResidentSetSize of job (KB)
...
006 (2492235.026.000) 11/08 22:19:57 Image size of job updated: 1068340
	560  -  MemoryUsage of job (MB)
	572812  -  ResidentSetSize of job (KB)
...
005 (2492235.026.000) 11/08 22:20:57 Job terminated.
	(1) Normal termination (return value 0)
		Usr 0 00:11:26, Sys 0 00:00:43  -  Run Remote Usage
		Usr 0 00:00:00, Sys 0 00:00:00  -  Run Local Usage
		Usr 0 00:11:26, Sys 0 00:00:43  -  Total Remote Usage
		Usr 0 00:00:00, Sys 0 00:00:00  -  Total Local Usage
	0  -  Run Bytes Sent By Job
	0  -  Run Bytes Received By Job
	0  -  Total Bytes Sent By Job
	0  -  Total Bytes Received By Job
	Partitionable Resources :    Usage  Request Allocated
	   Cpus                 :                 1         1
	   Disk (KB)            :        1        1   2370654
	   Memory (MB)          :      560        1      4035
...
