000 (2493011.014.000) 11/09 00:07:56 Job submitted from host: <192.168.1.109:9714>
...
001 (2493011.014.000) 11/09 00:08:32 Job executing on host: <192.168.1.44:9507>
...
006 (2493011.014.000) 11/09 00:08:41 Image size of job updated: 439340
	76  -  MemoryUsage of job (MB)
	76892  -  ResidentSetSize of job (KB)
...
005 (2493011.014.000) 11/09 00:08:41 Job terminated.
	(1) Normal termination (return value 6)
		Usr 0 00:00:03, Sys 0 00:00:01  -  Run Remote Usage
		Usr 0 00:00:00, Sys 0 00:00:00  -  Run Local Usage
		Usr 0 00:00:03, Sys 0 00:00:01  -  Total Remote Usage
		Usr 0 00:00:00, Sys 0 00:00:00  -  Total Local Usage
	0  -  Run Bytes Sent By Job
	0  -  Run Bytes Received By Job
	0  -  Total Bytes Sent By Job
	0  -  Total Bytes Received By Job
	Partitionable Resources :    Usage  Request Allocated
	   Cpus                 :                 1         1
	   Disk (KB)            :        1        1   2370671
	   Memory (MB)          :       76        1      4035
...
