000 (2497151.014.000) 11/09 14:58:11 Job submitted from host: <192.168.1.109:9714>
...
001 (2497151.014.000) 11/09 14:58:17 Job executing on host: <192.168.1.54:9618?addrs=192.168.1.54-9618+[--1]-9618&noUDP&sock=2569_034c_3>
...
006 (2497151.014.000) 11/09 14:58:25 Image size of job updated: 181856
	2  -  MemoryUsage of job (MB)
	1832  -  ResidentSetSize of job (KB)
...
006 (2497151.014.000) 11/09 14:58:43 Image size of job updated: 490848
	2  -  MemoryUsage of job (MB)
	1832  -  ResidentSetSize of job (KB)
...
005 (2497151.014.000) 11/09 14:58:43 Job terminated.
	(1) Normal termination (return value 0)
		Usr 0 00:00:10, Sys 0 00:00:01  -  Run Remote Usage
		Usr 0 00:00:00, Sys 0 00:00:00  -  Run Local Usage
		Usr 0 00:00:10, Sys 0 00:00:01  -  Total Remote Usage
		Usr 0 00:00:00, Sys 0 00:00:00  -  Total Local Usage
	0  -  Run Bytes Sent By Job
	0  -  Run Bytes Received By Job
	0  -  Total Bytes Sent By Job
	0  -  Total Bytes Received By Job
	Partitionable Resources :    Usage  Request Allocated
	   Cpus                 :                 1         1
	   Disk (KB)            :        1        1   1563671
	   Memory (MB)          :        2        1         1
...
