000 (2504805.026.000) 11/16 01:26:45 Job submitted from host: <192.168.1.109:9714>
...
001 (2504805.026.000) 11/16 01:27:05 Job executing on host: <192.168.1.44:9507>
...
006 (2504805.026.000) 11/16 01:27:14 Image size of job updated: 15576
	2  -  MemoryUsage of job (MB)
	1204  -  ResidentSetSize of job (KB)
...
006 (2504805.026.000) 11/16 01:28:29 Image size of job updated: 475572
	2  -  MemoryUsage of job (MB)
	1204  -  ResidentSetSize of job (KB)
...
005 (2504805.026.000) 11/16 01:28:29 Job terminated.
	(1) Normal termination (return value 0)
		Usr 0 00:00:06, Sys 0 00:00:00  -  Run Remote Usage
		Usr 0 00:00:00, Sys 0 00:00:00  -  Run Local Usage
		Usr 0 00:00:06, Sys 0 00:00:00  -  Total Remote Usage
		Usr 0 00:00:00, Sys 0 00:00:00  -  Total Local Usage
	0  -  Run Bytes Sent By Job
	0  -  Run Bytes Received By Job
	0  -  Total Bytes Sent By Job
	0  -  Total Bytes Received By Job
	Partitionable Resources :    Usage  Request Allocated
	   Cpus                 :                 1         1
	   Disk (KB)            :        1        1   2371502
	   Memory (MB)          :        2        1      4035
...
