000 (2511949.023.000) 11/17 23:24:49 Job submitted from host: <192.168.1.109:9714>
...
001 (2511949.023.000) 11/17 23:28:54 Job executing on host: <192.168.1.67:9583>
...
006 (2511949.023.000) 11/17 23:29:03 Image size of job updated: 202972
	27  -  MemoryUsage of job (MB)
	26948  -  ResidentSetSize of job (KB)
...
006 (2511949.023.000) 11/17 23:33:58 Image size of job updated: 907584
	27  -  MemoryUsage of job (MB)
	26948  -  ResidentSetSize of job (KB)
...
005 (2511949.023.000) 11/17 23:33:58 Job terminated.
	(1) Normal termination (return value 0)
		Usr 0 00:04:15, Sys 0 00:00:17  -  Run Remote Usage
		Usr 0 00:00:00, Sys 0 00:00:00  -  Run Local Usage
		Usr 0 00:04:15, Sys 0 00:00:17  -  Total Remote Usage
		Usr 0 00:00:00, Sys 0 00:00:00  -  Total Local Usage
	0  -  Run Bytes Sent By Job
	0  -  Run Bytes Received By Job
	0  -  Total Bytes Sent By Job
	0  -  Total Bytes Received By Job
	Partitionable Resources :    Usage  Request Allocated
	   Cpus                 :                 1         1
	   Disk (KB)            :        1        1  19563177
	   Memory (MB)          :       27        1      4033
...
