000 (2492235.054.000) 11/08 21:19:20 Job submitted from host: <192.168.1.109:9714>
...
001 (2492235.054.000) 11/08 21:20:22 Job executing on host: <192.168.1.45:9392>
...
006 (2492235.054.000) 11/08 21:20:31 Image size of job updated: 202888
	21  -  MemoryUsage of job (MB)
	20856  -  ResidentSetSize of job (KB)
...
006 (2492235.054.000) 11/08 21:25:31 Image size of job updated: 1061716
	444  -  MemoryUsage of job (MB)
	454468  -  ResidentSetSize of job (KB)
...
006 (2492235.054.000) 11/08 22:20:38 Image size of job updated: 1061716
	544  -  MemoryUsage of job (MB)
	556704  -  ResidentSetSize of job (KB)
...
006 (2492235.054.000) 11/08 22:25:38 Image size of job updated: 1061716
	569  -  MemoryUsage of job (MB)
	582324  -  ResidentSetSize of job (KB)
...
006 (2492235.054.000) 11/08 22:30:39 Image size of job updated: 1061716
	569  -  MemoryUsage of job (MB)
	582344  -  ResidentSetSize of job (KB)
...
006 (2492235.054.000) 11/08 22:35:40 Image size of job updated: 1061716
	569  -  MemoryUsage of job (MB)
	582356  -  ResidentSetSize of job (KB)
...
006 (2492235.054.000) 11/08 22:40:40 Image size of job updated: 1061716
	569  -  MemoryUsage of job (MB)
	582380  -  ResidentSetSize of job (KB)
...
005 (2492235.054.000) 11/08 22:43:01 Job terminated.
	(1) Normal termination (return value 0)
		Usr 0 00:15:23, Sys 0 00:00:58  -  Run Remote Usage
		Usr 0 00:00:00, Sys 0 00:00:00  -  Run Local Usage
		Usr 0 00:15:23, Sys 0 00:00:58  -  Total Remote Usage
		Usr 0 00:00:00, Sys 0 00:00:00  -  Total Local Usage
	0  -  Run Bytes Sent By Job
	0  -  Run Bytes Received By Job
	0  -  Total Bytes Sent By Job
	0  -  Total Bytes Received By Job
	Partitionable Resources :    Usage  Request Allocated
	   Cpus                 :                 1         1
	   Disk (KB)            :        1        1   2370035
	   Memory (MB)          :      569        1      4035
...
