000 (2493183.054.000) 11/09 00:44:14 Job submitted from host: <192.168.1.109:9714>
...
001 (2493183.054.000) 11/09 00:44:25 Job executing on host: <192.168.1.63:9932>
...
006 (2493183.054.000) 11/09 00:44:34 Image size of job updated: 1
	3  -  MemoryUsage of job (MB)
	2100  -  ResidentSetSize of job (KB)
...
006 (2493183.054.000) 11/09 00:49:35 Image size of job updated: 1051292
	496  -  MemoryUsage of job (MB)
	507800  -  ResidentSetSize of job (KB)
...
006 (2493183.054.000) 11/09 00:54:36 Image size of job updated: 1051292
	497  -  MemoryUsage of job (MB)
	508436  -  ResidentSetSize of job (KB)
...
006 (2493183.054.000) 11/09 00:59:36 Image size of job updated: 1051292
	497  -  MemoryUsage of job (MB)
	508512  -  ResidentSetSize of job (KB)
...
006 (2493183.054.000) 11/09 01:04:37 Image size of job updated: 1051292
	497  -  MemoryUsage of job (MB)
	508648  -  ResidentSetSize of job (KB)
...
006 (2493183.054.000) 11/09 01:09:38 Image size of job updated: 1051292
	497  -  MemoryUsage of job (MB)
	508660  -  ResidentSetSize of job (KB)
...
006 (2493183.054.000) 11/09 01:14:38 Image size of job updated: 1051292
	497  -  MemoryUsage of job (MB)
	508748  -  ResidentSetSize of job (KB)
...
006 (2493183.054.000) 11/09 01:19:39 Image size of job updated: 1051292
	517  -  MemoryUsage of job (MB)
	529144  -  ResidentSetSize of job (KB)
...
006 (2493183.054.000) 11/09 01:24:40 Image size of job updated: 1051292
	618  -  MemoryUsage of job (MB)
	632532  -  ResidentSetSize of job (KB)
...
005 (2493183.054.000) 11/09 01:24:45 Job terminated.
	(1) Normal termination (return value 0)
		Usr 0 00:16:37, Sys 0 00:00:58  -  Run Remote Usage
		Usr 0 00:00:00, Sys 0 00:00:00  -  Run Local Usage
		Usr 0 00:16:37, Sys 0 00:00:58  -  Total Remote Usage
		Usr 0 00:00:00, Sys 0 00:00:00  -  Total Local Usage
	0  -  Run Bytes Sent By Job
	0  -  Run Bytes Received By Job
	0  -  Total Bytes Sent By Job
	0  -  Total Bytes Received By Job
	Partitionable Resources :    Usage  Request Allocated
	   Cpus                 :                 1         1
	   Disk (KB)            :        1        1  19565661
	   Memory (MB)          :      618        1      4033
...
