000 (2497153.042.000) 11/09 15:05:06 Job submitted from host: <192.168.1.109:9714>
...
001 (2497153.042.000) 11/09 15:05:22 Job executing on host: <192.168.1.60:9618?addrs=192.168.1.60-9618+[--1]-9618&noUDP&sock=2263_1f51_3>
...
006 (2497153.042.000) 11/09 15:05:31 Image size of job updated: 346428
	64  -  MemoryUsage of job (MB)
	65228  -  ResidentSetSize of job (KB)
...
006 (2497153.042.000) 11/09 15:05:51 Image size of job updated: 483232
	64  -  MemoryUsage of job (MB)
	65228  -  ResidentSetSize of job (KB)
...
005 (2497153.042.000) 11/09 15:05:52 Job terminated.
	(1) Normal termination (return value 0)
		Usr 0 00:00:13, Sys 0 00:00:01  -  Run Remote Usage
		Usr 0 00:00:00, Sys 0 00:00:00  -  Run Local Usage
		Usr 0 00:00:13, Sys 0 00:00:01  -  Total Remote Usage
		Usr 0 00:00:00, Sys 0 00:00:00  -  Total Local Usage
	0  -  Run Bytes Sent By Job
	0  -  Run Bytes Received By Job
	0  -  Total Bytes Sent By Job
	0  -  Total Bytes Received By Job
	Partitionable Resources :    Usage  Request Allocated
	   Cpus                 :                 1         1
	   Disk (KB)            :        1        1   1563310
	   Memory (MB)          :       64        1         1
...
