000 (2492936.111.000) 11/08 23:53:20 Job submitted from host: <192.168.1.109:9714>
...
001 (2492936.111.000) 11/08 23:53:41 Job executing on host: <192.168.1.43:9998>
...
006 (2492936.111.000) 11/08 23:53:51 Image size of job updated: 340448
	56  -  MemoryUsage of job (MB)
	56868  -  ResidentSetSize of job (KB)
...
006 (2492936.111.000) 11/08 23:54:06 Image size of job updated: 483816
	56  -  MemoryUsage of job (MB)
	56868  -  ResidentSetSize of job (KB)
...
005 (2492936.111.000) 11/08 23:54:07 Job terminated.
	(1) Normal termination (return value 0)
		Usr 0 00:00:08, Sys 0 00:00:00  -  Run Remote Usage
		Usr 0 00:00:00, Sys 0 00:00:00  -  Run Local Usage
		Usr 0 00:00:08, Sys 0 00:00:00  -  Total Remote Usage
		Usr 0 00:00:00, Sys 0 00:00:00  -  Total Local Usage
	0  -  Run Bytes Sent By Job
	0  -  Run Bytes Received By Job
	0  -  Total Bytes Sent By Job
	0  -  Total Bytes Received By Job
	Partitionable Resources :    Usage  Request Allocated
	   Cpus                 :                 1         1
	   Disk (KB)            :        1        1   2371360
	   Memory (MB)          :       56        1      4035
...
