000 (2485823.050.000) 11/07 23:48:29 Job submitted from host: <192.168.1.109:9714>
...
001 (2485823.050.000) 11/07 23:48:38 Job executing on host: <192.168.1.50:9434>
...
006 (2485823.050.000) 11/07 23:48:47 Image size of job updated: 31184
	3  -  MemoryUsage of job (MB)
	2812  -  ResidentSetSize of job (KB)
...
006 (2485823.050.000) 11/07 23:53:47 Image size of job updated: 1021412
	508  -  MemoryUsage of job (MB)
	519804  -  ResidentSetSize of job (KB)
...
006 (2485823.050.000) 11/07 23:58:47 Image size of job updated: 1021412
	509  -  MemoryUsage of job (MB)
	520968  -  ResidentSetSize of job (KB)
...
006 (2485823.050.000) 11/08 00:03:48 Image size of job updated: 1021412
	611  -  MemoryUsage of job (MB)
	625044  -  ResidentSetSize of job (KB)
...
006 (2485823.050.000) 11/08 00:08:49 Image size of job updated: 1021412
	627  -  MemoryUsage of job (MB)
	641840  -  ResidentSetSize of job (KB)
...
006 (2485823.050.000) 11/08 00:13:49 Image size of job updated: 1021412
	627  -  MemoryUsage of job (MB)
	641848  -  ResidentSetSize of job (KB)
...
006 (2485823.050.000) 11/08 00:18:50 Image size of job updated: 1021412
	627  -  MemoryUsage of job (MB)
	641884  -  ResidentSetSize of job (KB)
...
006 (2485823.050.000) 11/08 00:23:51 Image size of job updated: 1021412
	627  -  MemoryUsage of job (MB)
	641908  -  ResidentSetSize of job (KB)
...
005 (2485823.050.000) 11/08 00:27:01 Job terminated.
	(1) Normal termination (return value 0)
		Usr 0 00:09:06, Sys 0 00:00:30  -  Run Remote Usage
		Usr 0 00:00:00, Sys 0 00:00:00  -  Run Local Usage
		Usr 0 00:09:06, Sys 0 00:00:30  -  Total Remote Usage
		Usr 0 00:00:00, Sys 0 00:00:00  -  Total Local Usage
	0  -  Run Bytes Sent By Job
	0  -  Run Bytes Received By Job
	0  -  Total Bytes Sent By Job
	0  -  Total Bytes Received By Job
	Partitionable Resources :    Usage  Request Allocated
	   Cpus                 :                 1         1
	   Disk (KB)            :        1        1  28360216
	   Memory (MB)          :      627        1      4033
...
