000 (2491851.050.000) 11/08 20:36:47 Job submitted from host: <192.168.1.109:9714>
...
001 (2491851.050.000) 11/08 20:37:15 Job executing on host: <192.168.1.49:9578>
...
006 (2491851.050.000) 11/08 20:37:23 Image size of job updated: 82724
	10  -  MemoryUsage of job (MB)
	9960  -  ResidentSetSize of job (KB)
...
006 (2491851.050.000) 11/08 20:42:23 Image size of job updated: 1021408
	424  -  MemoryUsage of job (MB)
	433852  -  ResidentSetSize of job (KB)
...
006 (2491851.050.000) 11/08 20:47:25 Image size of job updated: 1021408
	525  -  MemoryUsage of job (MB)
	536888  -  ResidentSetSize of job (KB)
...
006 (2491851.050.000) 11/08 20:52:25 Image size of job updated: 1021408
	547  -  MemoryUsage of job (MB)
	560080  -  ResidentSetSize of job (KB)
...
006 (2491851.050.000) 11/08 20:57:25 Image size of job updated: 1021408
	548  -  MemoryUsage of job (MB)
	560212  -  ResidentSetSize of job (KB)
...
005 (2491851.050.000) 11/08 21:00:08 Job terminated.
	(1) Normal termination (return value 0)
		Usr 0 00:08:55, Sys 0 00:00:33  -  Run Remote Usage
		Usr 0 00:00:00, Sys 0 00:00:00  -  Run Local Usage
		Usr 0 00:08:55, Sys 0 00:00:33  -  Total Remote Usage
		Usr 0 00:00:00, Sys 0 00:00:00  -  Total Local Usage
	0  -  Run Bytes Sent By Job
	0  -  Run Bytes Received By Job
	0  -  Total Bytes Sent By Job
	0  -  Total Bytes Received By Job
	Partitionable Resources :    Usage  Request Allocated
	   Cpus                 :                 1         1
	   Disk (KB)            :        1        1  28379995
	   Memory (MB)          :      548        1      4033
...
