000 (2497410.050.000) 11/09 15:33:46 Job submitted from host: <192.168.1.109:9714>
...
001 (2497410.050.000) 11/09 15:34:19 Job executing on host: <192.168.1.56:9618?addrs=192.168.1.56-9618+[--1]-9618&noUDP&sock=2542_7e3d_3>
...
006 (2497410.050.000) 11/09 15:34:27 Image size of job updated: 49776
	2  -  MemoryUsage of job (MB)
	1796  -  ResidentSetSize of job (KB)
...
006 (2497410.050.000) 11/09 15:39:27 Image size of job updated: 1061200
	520  -  MemoryUsage of job (MB)
	531780  -  ResidentSetSize of job (KB)
...
006 (2497410.050.000) 11/09 15:44:28 Image size of job updated: 1061200
	525  -  MemoryUsage of job (MB)
	536952  -  ResidentSetSize of job (KB)
...
006 (2497410.050.000) 11/09 15:49:28 Image size of job updated: 1061200
	525  -  MemoryUsage of job (MB)
	537172  -  ResidentSetSize of job (KB)
...
006 (2497410.050.000) 11/09 15:54:28 Image size of job updated: 1061200
	525  -  MemoryUsage of job (MB)
	537584  -  ResidentSetSize of job (KB)
...
006 (2497410.050.000) 11/09 15:59:29 Image size of job updated: 1061200
	530  -  MemoryUsage of job (MB)
	542004  -  ResidentSetSize of job (KB)
...
006 (2497410.050.000) 11/09 16:04:30 Image size of job updated: 1061200
	645  -  MemoryUsage of job (MB)
	660164  -  ResidentSetSize of job (KB)
...
006 (2497410.050.000) 11/09 16:09:30 Image size of job updated: 1061200
	653  -  MemoryUsage of job (MB)
	667984  -  ResidentSetSize of job (KB)
...
006 (2497410.050.000) 11/09 16:14:30 Image size of job updated: 1061200
	653  -  MemoryUsage of job (MB)
	668180  -  ResidentSetSize of job (KB)
...
006 (2497410.050.000) 11/09 16:19:31 Image size of job updated: 1061200
	653  -  MemoryUsage of job (MB)
	668232  -  ResidentSetSize of job (KB)
...
006 (2497410.050.000) 11/09 16:24:31 Image size of job updated: 1061200
	653  -  MemoryUsage of job (MB)
	668240  -  ResidentSetSize of job (KB)
...
005 (2497410.050.000) 11/09 16:28:27 Job terminated.
	(1) Normal termination (return value 0)
		Usr 0 00:15:12, Sys 0 00:01:05  -  Run Remote Usage
		Usr 0 00:00:00, Sys 0 00:00:00  -  Run Local Usage
		Usr 0 00:15:12, Sys 0 00:01:05  -  Total Remote Usage
		Usr 0 00:00:00, Sys 0 00:00:00  -  Total Local Usage
	0  -  Run Bytes Sent By Job
	0  -  Run Bytes Received By Job
	0  -  Total Bytes Sent By Job
	0  -  Total Bytes Received By Job
	Partitionable Resources :    Usage  Request Allocated
	   Cpus                 :                 1         1
	   Disk (KB)            :        1        1   1563536
	   Memory (MB)          :      653        1         1
...
