000 (2492636.017.000) 11/08 22:47:39 Job submitted from host: <192.168.1.109:9714>
...
001 (2492636.017.000) 11/08 22:47:46 Job executing on host: <192.168.1.64:9697>
...
006 (2492636.017.000) 11/08 22:47:54 Image size of job updated: 202976
	25  -  MemoryUsage of job (MB)
	24880  -  ResidentSetSize of job (KB)
...
006 (2492636.017.000) 11/08 22:48:05 Image size of job updated: 490876
	25  -  MemoryUsage of job (MB)
	24880  -  ResidentSetSize of job (KB)
...
005 (2492636.017.000) 11/08 22:48:17 Job terminated.
	(1) Normal termination (return value 0)
		Usr 0 00:00:08, Sys 0 00:00:00  -  Run Remote Usage
		Usr 0 00:00:00, Sys 0 00:00:00  -  Run Local Usage
		Usr 0 00:00:08, Sys 0 00:00:00  -  Total Remote Usage
		Usr 0 00:00:00, Sys 0 00:00:00  -  Total Local Usage
	0  -  Run Bytes Sent By Job
	0  -  Run Bytes Received By Job
	0  -  Total Bytes Sent By Job
	0  -  Total Bytes Received By Job
	Partitionable Resources :    Usage  Request Allocated
	   Cpus                 :                 1         1
	   Disk (KB)            :        1        1  19564112
	   Memory (MB)          :       25        1      4033
...
