000 (2464979.095.000) 11/02 16:50:21 Job submitted from host: <192.168.1.109:9308>
...
001 (2464979.095.000) 11/02 16:50:40 Job executing on host: <192.168.1.65:9210>
...
006 (2464979.095.000) 11/02 16:50:50 Image size of job updated: 97472
	3  -  MemoryUsage of job (MB)
	2256  -  ResidentSetSize of job (KB)
...
006 (2464979.095.000) 11/02 16:55:51 Image size of job updated: 881476
	349  -  MemoryUsage of job (MB)
	357376  -  ResidentSetSize of job (KB)
...
005 (2464979.095.000) 11/02 16:56:13 Job terminated.
	(1) Normal termination (return value 0)
		Usr 0 00:03:44, Sys 0 00:00:10  -  Run Remote Usage
		Usr 0 00:00:00, Sys 0 00:00:00  -  Run Local Usage
		Usr 0 00:03:44, Sys 0 00:00:10  -  Total Remote Usage
		Usr 0 00:00:00, Sys 0 00:00:00  -  Total Local Usage
	0  -  Run Bytes Sent By Job
	0  -  Run Bytes Received By Job
	0  -  Total Bytes Sent By Job
	0  -  Total Bytes Received By Job
	Partitionable Resources :    Usage  Request Allocated
	   Cpus                 :                 1         1
	   Disk (KB)            :        1        1  19564426
	   Memory (MB)          :      349        1      4033
...
