000 (2492234.095.000) 11/08 21:18:50 Job submitted from host: <192.168.1.109:9714>
...
001 (2492234.095.000) 11/08 21:20:11 Job executing on host: <192.168.1.44:9507>
...
006 (2492234.095.000) 11/08 21:20:21 Image size of job updated: 97668
	3  -  MemoryUsage of job (MB)
	2620  -  ResidentSetSize of job (KB)
...
006 (2492234.095.000) 11/08 21:25:21 Image size of job updated: 876280
	408  -  MemoryUsage of job (MB)
	417516  -  ResidentSetSize of job (KB)
...
006 (2492234.095.000) 11/08 21:30:21 Image size of job updated: 876280
	409  -  MemoryUsage of job (MB)
	418420  -  ResidentSetSize of job (KB)
...
006 (2492234.095.000) 11/08 21:35:21 Image size of job updated: 876280
	409  -  MemoryUsage of job (MB)
	418612  -  ResidentSetSize of job (KB)
...
006 (2492234.095.000) 11/08 21:40:22 Image size of job updated: 876280
	409  -  MemoryUsage of job (MB)
	418720  -  ResidentSetSize of job (KB)
...
006 (2492234.095.000) 11/08 21:45:23 Image size of job updated: 876280
	409  -  MemoryUsage of job (MB)
	418804  -  ResidentSetSize of job (KB)
...
006 (2492234.095.000) 11/08 21:50:23 Image size of job updated: 876280
	410  -  MemoryUsage of job (MB)
	418884  -  ResidentSetSize of job (KB)
...
005 (2492234.095.000) 11/08 21:55:28 Job terminated.
	(1) Normal termination (return value 0)
		Usr 0 00:03:10, Sys 0 00:00:15  -  Run Remote Usage
		Usr 0 00:00:00, Sys 0 00:00:00  -  Run Local Usage
		Usr 0 00:03:10, Sys 0 00:00:15  -  Total Remote Usage
		Usr 0 00:00:00, Sys 0 00:00:00  -  Total Local Usage
	0  -  Run Bytes Sent By Job
	0  -  Run Bytes Received By Job
	0  -  Total Bytes Sent By Job
	0  -  Total Bytes Received By Job
	Partitionable Resources :    Usage  Request Allocated
	   Cpus                 :                 1         1
	   Disk (KB)            :        1        1   2369791
	   Memory (MB)          :      410        1      4035
...
