000 (2504801.095.000) 11/16 00:30:12 Job submitted from host: <192.168.1.109:9714>
...
001 (2504801.095.000) 11/16 00:30:35 Job executing on host: <192.168.1.68:9996>
...
006 (2504801.095.000) 11/16 00:30:44 Image size of job updated: 1
	3  -  MemoryUsage of job (MB)
	2168  -  ResidentSetSize of job (KB)
...
006 (2504801.095.000) 11/16 00:35:45 Image size of job updated: 926796
	435  -  MemoryUsage of job (MB)
	445224  -  ResidentSetSize of job (KB)
...
005 (2504801.095.000) 11/16 00:36:22 Job terminated.
	(1) Normal termination (return value 0)
		Usr 0 00:04:07, Sys 0 00:00:17  -  Run Remote Usage
		Usr 0 00:00:00, Sys 0 00:00:00  -  Run Local Usage
		Usr 0 00:04:07, Sys 0 00:00:17  -  Total Remote Usage
		Usr 0 00:00:00, Sys 0 00:00:00  -  Total Local Usage
	0  -  Run Bytes Sent By Job
	0  -  Run Bytes Received By Job
	0  -  Total Bytes Sent By Job
	0  -  Total Bytes Received By Job
	Partitionable Resources :    Usage  Request Allocated
	   Cpus                 :                 1         1
	   Disk (KB)            :        1        1  20250693
	   Memory (MB)          :      435        1      4038
...
