000 (2504797.095.000) 11/15 23:49:56 Job submitted from host: <192.168.1.109:9714>
...
001 (2504797.095.000) 11/15 23:50:33 Job executing on host: <192.168.1.42:9515>
...
006 (2504797.095.000) 11/15 23:50:44 Image size of job updated: 1
	3  -  MemoryUsage of job (MB)
	2144  -  ResidentSetSize of job (KB)
...
006 (2504797.095.000) 11/15 23:52:27 Image size of job updated: 360180
	70  -  MemoryUsage of job (MB)
	71024  -  ResidentSetSize of job (KB)
...
004 (2504797.095.000) 11/15 23:52:27 Job was evicted.
	(0) Job was not checkpointed.
		Usr 0 00:00:01, Sys 0 00:00:00  -  Run Remote Usage
		Usr 0 00:00:00, Sys 0 00:00:00  -  Run Local Usage
	0  -  Run Bytes Sent By Job
	0  -  Run Bytes Received By Job
	Partitionable Resources :    Usage  Request Allocated
	   Cpus                 :                 1         1
	   Disk (KB)            :        1        1   2370812
	   Memory (MB)          :       70        1      4035
...
009 (2504797.095.000) 11/15 23:52:39 Job was aborted by the user.
	via condor_rm (by user mchristos)
...
