000 (2485823.012.000) 11/07 23:48:29 Job submitted from host: <192.168.1.109:9714>
...
001 (2485823.012.000) 11/07 23:48:36 Job executing on host: <192.168.1.44:9507>
...
006 (2485823.012.000) 11/07 23:48:45 Image size of job updated: 346596
	72  -  MemoryUsage of job (MB)
	73256  -  ResidentSetSize of job (KB)
...
006 (2485823.012.000) 11/07 23:53:45 Image size of job updated: 1024888
	502  -  MemoryUsage of job (MB)
	513196  -  ResidentSetSize of job (KB)
...
006 (2485823.012.000) 11/07 23:58:45 Image size of job updated: 1024888
	507  -  MemoryUsage of job (MB)
	518284  -  ResidentSetSize of job (KB)
...
006 (2485823.012.000) 11/08 00:03:46 Image size of job updated: 1024888
	507  -  MemoryUsage of job (MB)
	518692  -  ResidentSetSize of job (KB)
...
006 (2485823.012.000) 11/08 00:08:46 Image size of job updated: 1024888
	507  -  MemoryUsage of job (MB)
	518968  -  ResidentSetSize of job (KB)
...
006 (2485823.012.000) 11/08 00:13:46 Image size of job updated: 1024888
	507  -  MemoryUsage of job (MB)
	518988  -  ResidentSetSize of job (KB)
...
006 (2485823.012.000) 11/08 00:18:47 Image size of job updated: 1024888
	508  -  MemoryUsage of job (MB)
	519512  -  ResidentSetSize of job (KB)
...
005 (2485823.012.000) 11/08 00:20:51 Job terminated.
	(1) Normal termination (return value 0)
		Usr 0 00:05:00, Sys 0 00:00:20  -  Run Remote Usage
		Usr 0 00:00:00, Sys 0 00:00:00  -  Run Local Usage
		Usr 0 00:05:00, Sys 0 00:00:20  -  Total Remote Usage
		Usr 0 00:00:00, Sys 0 00:00:00  -  Total Local Usage
	0  -  Run Bytes Sent By Job
	0  -  Run Bytes Received By Job
	0  -  Total Bytes Sent By Job
	0  -  Total Bytes Received By Job
	Partitionable Resources :    Usage  Request Allocated
	   Cpus                 :                 1         1
	   Disk (KB)            :        1        1   2370823
	   Memory (MB)          :      508        1      4035
...
