000 (2491851.012.000) 11/08 20:36:46 Job submitted from host: <192.168.1.109:9714>
...
001 (2491851.012.000) 11/08 20:37:12 Job executing on host: <192.168.1.50:9434>
...
006 (2491851.012.000) 11/08 20:37:21 Image size of job updated: 386552
	70  -  MemoryUsage of job (MB)
	70968  -  ResidentSetSize of job (KB)
...
006 (2491851.012.000) 11/08 20:42:21 Image size of job updated: 1024888
	487  -  MemoryUsage of job (MB)
	498472  -  ResidentSetSize of job (KB)
...
005 (2491851.012.000) 11/08 20:56:41 Job terminated.
	(1) Normal termination (return value 0)
		Usr 0 00:05:43, Sys 0 00:00:21  -  Run Remote Usage
		Usr 0 00:00:00, Sys 0 00:00:00  -  Run Local Usage
		Usr 0 00:05:43, Sys 0 00:00:21  -  Total Remote Usage
		Usr 0 00:00:00, Sys 0 00:00:00  -  Total Local Usage
	0  -  Run Bytes Sent By Job
	0  -  Run Bytes Received By Job
	0  -  Total Bytes Sent By Job
	0  -  Total Bytes Received By Job
	Partitionable Resources :    Usage  Request Allocated
	   Cpus                 :                 1         1
	   Disk (KB)            :        1        1  28379819
	   Memory (MB)          :      487        1      4033
...
