000 (2493183.004.000) 11/09 00:44:12 Job submitted from host: <192.168.1.109:9714>
...
001 (2493183.004.000) 11/09 00:44:21 Job executing on host: <192.168.1.50:9434>
...
006 (2493183.004.000) 11/09 00:44:29 Image size of job updated: 352248
	56  -  MemoryUsage of job (MB)
	57004  -  ResidentSetSize of job (KB)
...
006 (2493183.004.000) 11/09 00:45:32 Image size of job updated: 483956
	56  -  MemoryUsage of job (MB)
	57004  -  ResidentSetSize of job (KB)
...
005 (2493183.004.000) 11/09 00:45:38 Job terminated.
	(1) Normal termination (return value 0)
		Usr 0 00:00:14, Sys 0 00:00:01  -  Run Remote Usage
		Usr 0 00:00:00, Sys 0 00:00:00  -  Run Local Usage
		Usr 0 00:00:14, Sys 0 00:00:01  -  Total Remote Usage
		Usr 0 00:00:00, Sys 0 00:00:00  -  Total Local Usage
	0  -  Run Bytes Sent By Job
	0  -  Run Bytes Received By Job
	0  -  Total Bytes Sent By Job
	0  -  Total Bytes Received By Job
	Partitionable Resources :    Usage  Request Allocated
	   Cpus                 :                 1         1
	   Disk (KB)            :        1        1  28380038
	   Memory (MB)          :       56        1      4033
...
