000 (2524735.078.000) 11/21 01:52:17 Job submitted from host: <192.168.1.109:9714>
...
001 (2524735.078.000) 11/21 02:15:20 Job executing on host: <192.168.1.65:9393>
...
006 (2524735.078.000) 11/21 02:15:29 Image size of job updated: 404452
	87  -  MemoryUsage of job (MB)
	88276  -  ResidentSetSize of job (KB)
...
006 (2524735.078.000) 11/21 02:17:44 Image size of job updated: 916544
	87  -  MemoryUsage of job (MB)
	88276  -  ResidentSetSize of job (KB)
...
005 (2524735.078.000) 11/21 02:17:44 Job terminated.
	(1) Normal termination (return value 0)
		Usr 0 00:01:45, Sys 0 00:00:08  -  Run Remote Usage
		Usr 0 00:00:00, Sys 0 00:00:00  -  Run Local Usage
		Usr 0 00:01:45, Sys 0 00:00:08  -  Total Remote Usage
		Usr 0 00:00:00, Sys 0 00:00:00  -  Total Local Usage
	0  -  Run Bytes Sent By Job
	0  -  Run Bytes Received By Job
	0  -  Total Bytes Sent By Job
	0  -  Total Bytes Received By Job
	Partitionable Resources :    Usage  Request Allocated
	   Cpus                 :                 1         1
	   Disk (KB)            :        1        1  19562546
	   Memory (MB)          :       87        1      4033
...
