000 (2491133.070.000) 11/08 19:40:19 Job submitted from host: <192.168.1.109:9714>
...
001 (2491133.070.000) 11/08 19:40:57 Job executing on host: <192.168.1.45:9392>
...
006 (2491133.070.000) 11/08 19:41:05 Image size of job updated: 97664
	2  -  MemoryUsage of job (MB)
	1840  -  ResidentSetSize of job (KB)
...
006 (2491133.070.000) 11/08 19:46:05 Image size of job updated: 1025412
	504  -  MemoryUsage of job (MB)
	516024  -  ResidentSetSize of job (KB)
...
006 (2491133.070.000) 11/08 19:51:06 Image size of job updated: 1025412
	505  -  MemoryUsage of job (MB)
	516352  -  ResidentSetSize of job (KB)
...
006 (2491133.070.000) 11/08 19:58:34 Image size of job updated: 1236100
	505  -  MemoryUsage of job (MB)
	516352  -  ResidentSetSize of job (KB)
...
005 (2491133.070.000) 11/08 19:58:34 Job terminated.
	(1) Normal termination (return value 0)
		Usr 0 00:03:36, Sys 0 00:00:16  -  Run Remote Usage
		Usr 0 00:00:00, Sys 0 00:00:00  -  Run Local Usage
		Usr 0 00:03:36, Sys 0 00:00:16  -  Total Remote Usage
		Usr 0 00:00:00, Sys 0 00:00:00  -  Total Local Usage
	0  -  Run Bytes Sent By Job
	0  -  Run Bytes Received By Job
	0  -  Total Bytes Sent By Job
	0  -  Total Bytes Received By Job
	Partitionable Resources :    Usage  Request Allocated
	   Cpus                 :                 1         1
	   Disk (KB)            :        1        1   2370581
	   Memory (MB)          :      505        1      4035
...
