000 (2491133.093.000) 11/08 19:40:19 Job submitted from host: <192.168.1.109:9714>
...
001 (2491133.093.000) 11/08 19:40:53 Job executing on host: <192.168.1.65:9393>
...
006 (2491133.093.000) 11/08 19:41:02 Image size of job updated: 358620
	53  -  MemoryUsage of job (MB)
	53384  -  ResidentSetSize of job (KB)
...
006 (2491133.093.000) 11/08 19:46:03 Image size of job updated: 1021548
	505  -  MemoryUsage of job (MB)
	516688  -  ResidentSetSize of job (KB)
...
006 (2491133.093.000) 11/08 19:51:03 Image size of job updated: 1021548
	506  -  MemoryUsage of job (MB)
	517972  -  ResidentSetSize of job (KB)
...
006 (2491133.093.000) 11/08 19:56:04 Image size of job updated: 1021548
	507  -  MemoryUsage of job (MB)
	518164  -  ResidentSetSize of job (KB)
...
006 (2491133.093.000) 11/08 20:01:05 Image size of job updated: 1238024
	751  -  MemoryUsage of job (MB)
	768904  -  ResidentSetSize of job (KB)
...
005 (2491133.093.000) 11/08 20:01:17 Job terminated.
	(1) Normal termination (return value 0)
		Usr 0 00:12:11, Sys 0 00:00:26  -  Run Remote Usage
		Usr 0 00:00:00, Sys 0 00:00:00  -  Run Local Usage
		Usr 0 00:12:11, Sys 0 00:00:26  -  Total Remote Usage
		Usr 0 00:00:00, Sys 0 00:00:00  -  Total Local Usage
	0  -  Run Bytes Sent By Job
	0  -  Run Bytes Received By Job
	0  -  Total Bytes Sent By Job
	0  -  Total Bytes Received By Job
	Partitionable Resources :    Usage  Request Allocated
	   Cpus                 :                 1         1
	   Disk (KB)            :        1        1  19564179
	   Memory (MB)          :      751        1      4033
...
