000 (2493152.070.000) 11/09 00:37:58 Job submitted from host: <192.168.1.109:9714>
...
001 (2493152.070.000) 11/09 00:38:21 Job executing on host: <192.168.1.64:9697>
...
006 (2493152.070.000) 11/09 00:38:30 Image size of job updated: 443684
	131  -  MemoryUsage of job (MB)
	133672  -  ResidentSetSize of job (KB)
...
005 (2493152.070.000) 11/09 00:38:30 Job terminated.
	(1) Normal termination (return value 6)
		Usr 0 00:00:05, Sys 0 00:00:00  -  Run Remote Usage
		Usr 0 00:00:00, Sys 0 00:00:00  -  Run Local Usage
		Usr 0 00:00:05, Sys 0 00:00:00  -  Total Remote Usage
		Usr 0 00:00:00, Sys 0 00:00:00  -  Total Local Usage
	0  -  Run Bytes Sent By Job
	0  -  Run Bytes Received By Job
	0  -  Total Bytes Sent By Job
	0  -  Total Bytes Received By Job
	Partitionable Resources :    Usage  Request Allocated
	   Cpus                 :                 1         1
	   Disk (KB)            :        1        1  19564551
	   Memory (MB)          :      131        1      4033
...
