000 (2485819.065.000) 11/07 22:35:29 Job submitted from host: <192.168.1.109:9714>
...
001 (2485819.065.000) 11/07 22:35:41 Job executing on host: <192.168.1.51:9694>
...
006 (2485819.065.000) 11/07 22:35:50 Image size of job updated: 97468
	2  -  MemoryUsage of job (MB)
	1356  -  ResidentSetSize of job (KB)
...
006 (2485819.065.000) 11/07 22:40:50 Image size of job updated: 927068
	444  -  MemoryUsage of job (MB)
	453708  -  ResidentSetSize of job (KB)
...
006 (2485819.065.000) 11/07 22:45:51 Image size of job updated: 927068
	444  -  MemoryUsage of job (MB)
	453768  -  ResidentSetSize of job (KB)
...
006 (2485819.065.000) 11/07 22:50:52 Image size of job updated: 927068
	444  -  MemoryUsage of job (MB)
	453780  -  ResidentSetSize of job (KB)
...
006 (2485819.065.000) 11/07 22:55:52 Image size of job updated: 927068
	444  -  MemoryUsage of job (MB)
	453800  -  ResidentSetSize of job (KB)
...
006 (2485819.065.000) 11/07 23:00:53 Image size of job updated: 927068
	444  -  MemoryUsage of job (MB)
	453860  -  ResidentSetSize of job (KB)
...
006 (2485819.065.000) 11/07 23:05:54 Image size of job updated: 927068
	444  -  MemoryUsage of job (MB)
	453876  -  ResidentSetSize of job (KB)
...
006 (2485819.065.000) 11/07 23:10:54 Image size of job updated: 927068
	444  -  MemoryUsage of job (MB)
	454188  -  ResidentSetSize of job (KB)
...
006 (2485819.065.000) 11/07 23:15:55 Image size of job updated: 927068
	444  -  MemoryUsage of job (MB)
	454196  -  ResidentSetSize of job (KB)
...
006 (2485819.065.000) 11/08 00:11:01 Image size of job updated: 927068
	529  -  MemoryUsage of job (MB)
	541268  -  ResidentSetSize of job (KB)
...
006 (2485819.065.000) 11/08 01:11:07 Image size of job updated: 927068
	529  -  MemoryUsage of job (MB)
	541272  -  ResidentSetSize of job (KB)
...
006 (2485819.065.000) 11/08 01:56:10 Image size of job updated: 927068
	529  -  MemoryUsage of job (MB)
	541472  -  ResidentSetSize of job (KB)
...
006 (2485819.065.000) 11/08 02:01:11 Image size of job updated: 927068
	529  -  MemoryUsage of job (MB)
	541476  -  ResidentSetSize of job (KB)
...
006 (2485819.065.000) 11/08 02:06:11 Image size of job updated: 927068
	529  -  MemoryUsage of job (MB)
	541484  -  ResidentSetSize of job (KB)
...
006 (2485819.065.000) 11/08 02:11:11 Image size of job updated: 927548
	529  -  MemoryUsage of job (MB)
	541684  -  ResidentSetSize of job (KB)
...
006 (2485819.065.000) 11/08 02:16:12 Image size of job updated: 927548
	530  -  MemoryUsage of job (MB)
	541704  -  ResidentSetSize of job (KB)
...
006 (2485819.065.000) 11/08 02:21:13 Image size of job updated: 927548
	530  -  MemoryUsage of job (MB)
	541720  -  ResidentSetSize of job (KB)
...
006 (2485819.065.000) 11/08 02:26:13 Image size of job updated: 927548
	530  -  MemoryUsage of job (MB)
	541740  -  ResidentSetSize of job (KB)
...
006 (2485819.065.000) 11/08 02:31:14 Image size of job updated: 927548
	530  -  MemoryUsage of job (MB)
	542112  -  ResidentSetSize of job (KB)
...
006 (2485819.065.000) 11/08 02:36:15 Image size of job updated: 927548
	530  -  MemoryUsage of job (MB)
	542132  -  ResidentSetSize of job (KB)
...
006 (2485819.065.000) 11/08 02:41:15 Image size of job updated: 927548
	530  -  MemoryUsage of job (MB)
	542152  -  ResidentSetSize of job (KB)
...
006 (2485819.065.000) 11/08 02:46:16 Image size of job updated: 927548
	530  -  MemoryUsage of job (MB)
	542172  -  ResidentSetSize of job (KB)
...
006 (2485819.065.000) 11/08 02:51:17 Image size of job updated: 927548
	530  -  MemoryUsage of job (MB)
	542200  -  ResidentSetSize of job (KB)
...
006 (2485819.065.000) 11/08 02:56:17 Image size of job updated: 927680
	530  -  MemoryUsage of job (MB)
	542328  -  ResidentSetSize of job (KB)
...
005 (2485819.065.000) 11/08 02:56:20 Job terminated.
	(1) Normal termination (return value 0)
		Usr 0 02:15:39, Sys 0 00:08:38  -  Run Remote Usage
		Usr 0 00:00:00, Sys 0 00:00:00  -  Run Local Usage
		Usr 0 02:15:39, Sys 0 00:08:38  -  Total Remote Usage
		Usr 0 00:00:00, Sys 0 00:00:00  -  Total Local Usage
	0  -  Run Bytes Sent By Job
	0  -  Run Bytes Received By Job
	0  -  Total Bytes Sent By Job
	0  -  Total Bytes Received By Job
	Partitionable Resources :    Usage  Request Allocated
	   Cpus                 :                 1         1
	   Disk (KB)            :        1        1  28377861
	   Memory (MB)          :      530        1      4033
...
