000 (2526458.043.000) 11/21 12:05:33 Job submitted from host: <192.168.1.109:9714>
...
001 (2526458.043.000) 11/21 12:05:41 Job executing on host: <192.168.1.44:9507>
...
006 (2526458.043.000) 11/21 12:05:50 Image size of job updated: 346512
	72  -  MemoryUsage of job (MB)
	73284  -  ResidentSetSize of job (KB)
...
006 (2526458.043.000) 11/21 12:06:03 Image size of job updated: 444404
	72  -  MemoryUsage of job (MB)
	73284  -  ResidentSetSize of job (KB)
...
005 (2526458.043.000) 11/21 12:06:03 Job terminated.
	(1) Normal termination (return value 0)
		Usr 0 00:00:04, Sys 0 00:00:00  -  Run Remote Usage
		Usr 0 00:00:00, Sys 0 00:00:00  -  Run Local Usage
		Usr 0 00:00:04, Sys 0 00:00:00  -  Total Remote Usage
		Usr 0 00:00:00, Sys 0 00:00:00  -  Total Local Usage
	0  -  Run Bytes Sent By Job
	0  -  Run Bytes Received By Job
	0  -  Total Bytes Sent By Job
	0  -  Total Bytes Received By Job
	Partitionable Resources :    Usage  Request Allocated
	   Cpus                 :                 1         1
	   Disk (KB)            :        1        1   2371341
	   Memory (MB)          :       72        1      4035
...
