000 (2485823.104.000) 11/07 23:48:30 Job submitted from host: <192.168.1.109:9714>
...
001 (2485823.104.000) 11/07 23:48:41 Job executing on host: <192.168.1.54:9618?addrs=192.168.1.54-9618+[--1]-9618&noUDP&sock=2569_034c_3>
...
006 (2485823.104.000) 11/07 23:48:50 Image size of job updated: 32804
	3  -  MemoryUsage of job (MB)
	2676  -  ResidentSetSize of job (KB)
...
006 (2485823.104.000) 11/07 23:53:50 Image size of job updated: 1000052
	493  -  MemoryUsage of job (MB)
	504216  -  ResidentSetSize of job (KB)
...
006 (2485823.104.000) 11/07 23:58:50 Image size of job updated: 1000052
	494  -  MemoryUsage of job (MB)
	505796  -  ResidentSetSize of job (KB)
...
006 (2485823.104.000) 11/08 00:03:51 Image size of job updated: 1000052
	495  -  MemoryUsage of job (MB)
	505992  -  ResidentSetSize of job (KB)
...
006 (2485823.104.000) 11/08 00:08:51 Image size of job updated: 1000052
	495  -  MemoryUsage of job (MB)
	506228  -  ResidentSetSize of job (KB)
...
006 (2485823.104.000) 11/08 00:13:51 Image size of job updated: 1000052
	495  -  MemoryUsage of job (MB)
	506256  -  ResidentSetSize of job (KB)
...
006 (2485823.104.000) 11/08 00:18:52 Image size of job updated: 1000052
	495  -  MemoryUsage of job (MB)
	506320  -  ResidentSetSize of job (KB)
...
006 (2485823.104.000) 11/08 00:23:52 Image size of job updated: 1000052
	592  -  MemoryUsage of job (MB)
	605312  -  ResidentSetSize of job (KB)
...
005 (2485823.104.000) 11/08 00:24:04 Job terminated.
	(1) Normal termination (return value 0)
		Usr 0 00:11:33, Sys 0 00:00:42  -  Run Remote Usage
		Usr 0 00:00:00, Sys 0 00:00:00  -  Run Local Usage
		Usr 0 00:11:33, Sys 0 00:00:42  -  Total Remote Usage
		Usr 0 00:00:00, Sys 0 00:00:00  -  Total Local Usage
	0  -  Run Bytes Sent By Job
	0  -  Run Bytes Received By Job
	0  -  Total Bytes Sent By Job
	0  -  Total Bytes Received By Job
	Partitionable Resources :    Usage  Request Allocated
	   Cpus                 :                 1         1
	   Disk (KB)            :        1        1   1563671
	   Memory (MB)          :      592        1         1
...
