000 (2491133.104.000) 11/08 19:40:19 Job submitted from host: <192.168.1.109:9714>
...
001 (2491133.104.000) 11/08 19:40:56 Job executing on host: <192.168.1.63:9932>
...
006 (2491133.104.000) 11/08 19:41:04 Image size of job updated: 337236
	51  -  MemoryUsage of job (MB)
	51228  -  ResidentSetSize of job (KB)
...
006 (2491133.104.000) 11/08 19:46:05 Image size of job updated: 1000092
	496  -  MemoryUsage of job (MB)
	507600  -  ResidentSetSize of job (KB)
...
006 (2491133.104.000) 11/08 19:51:06 Image size of job updated: 1000092
	497  -  MemoryUsage of job (MB)
	508192  -  ResidentSetSize of job (KB)
...
006 (2491133.104.000) 11/08 20:01:06 Image size of job updated: 1184464
	698  -  MemoryUsage of job (MB)
	714012  -  ResidentSetSize of job (KB)
...
005 (2491133.104.000) 11/08 20:01:46 Job terminated.
	(1) Normal termination (return value 0)
		Usr 0 00:11:41, Sys 0 00:00:32  -  Run Remote Usage
		Usr 0 00:00:00, Sys 0 00:00:00  -  Run Local Usage
		Usr 0 00:11:41, Sys 0 00:00:32  -  Total Remote Usage
		Usr 0 00:00:00, Sys 0 00:00:00  -  Total Local Usage
	0  -  Run Bytes Sent By Job
	0  -  Run Bytes Received By Job
	0  -  Total Bytes Sent By Job
	0  -  Total Bytes Received By Job
	Partitionable Resources :    Usage  Request Allocated
	   Cpus                 :                 1         1
	   Disk (KB)            :        1        1  19565812
	   Memory (MB)          :      698        1      4033
...
