000 (2497410.104.000) 11/09 15:33:47 Job submitted from host: <192.168.1.109:9714>
...
001 (2497410.104.000) 11/09 15:34:13 Job executing on host: <192.168.1.51:9694>
...
006 (2497410.104.000) 11/09 15:34:21 Image size of job updated: 340584
	35  -  MemoryUsage of job (MB)
	35248  -  ResidentSetSize of job (KB)
...
006 (2497410.104.000) 11/09 15:39:21 Image size of job updated: 1045852
	493  -  MemoryUsage of job (MB)
	504296  -  ResidentSetSize of job (KB)
...
006 (2497410.104.000) 11/09 15:44:22 Image size of job updated: 1045852
	496  -  MemoryUsage of job (MB)
	506900  -  ResidentSetSize of job (KB)
...
006 (2497410.104.000) 11/09 15:49:23 Image size of job updated: 1045852
	496  -  MemoryUsage of job (MB)
	507248  -  ResidentSetSize of job (KB)
...
006 (2497410.104.000) 11/09 15:54:23 Image size of job updated: 1045852
	496  -  MemoryUsage of job (MB)
	507364  -  ResidentSetSize of job (KB)
...
006 (2497410.104.000) 11/09 15:59:24 Image size of job updated: 1045852
	496  -  MemoryUsage of job (MB)
	507632  -  ResidentSetSize of job (KB)
...
006 (2497410.104.000) 11/09 16:09:25 Image size of job updated: 1045852
	496  -  MemoryUsage of job (MB)
	507648  -  ResidentSetSize of job (KB)
...
006 (2497410.104.000) 11/09 16:24:26 Image size of job updated: 1045852
	496  -  MemoryUsage of job (MB)
	507656  -  ResidentSetSize of job (KB)
...
006 (2497410.104.000) 11/09 16:29:26 Image size of job updated: 1045852
	496  -  MemoryUsage of job (MB)
	507672  -  ResidentSetSize of job (KB)
...
005 (2497410.104.000) 11/09 16:33:29 Job terminated.
	(1) Normal termination (return value 0)
		Usr 0 00:08:56, Sys 0 00:00:31  -  Run Remote Usage
		Usr 0 00:00:00, Sys 0 00:00:00  -  Run Local Usage
		Usr 0 00:08:56, Sys 0 00:00:31  -  Total Remote Usage
		Usr 0 00:00:00, Sys 0 00:00:00  -  Total Local Usage
	0  -  Run Bytes Sent By Job
	0  -  Run Bytes Received By Job
	0  -  Total Bytes Sent By Job
	0  -  Total Bytes Received By Job
	Partitionable Resources :    Usage  Request Allocated
	   Cpus                 :                 1         1
	   Disk (KB)            :        1        1  28379683
	   Memory (MB)          :      496        1      4033
...
