000 (2524735.114.000) 11/21 01:52:18 Job submitted from host: <192.168.1.109:9714>
...
001 (2524735.114.000) 11/21 02:16:25 Job executing on host: <192.168.1.44:9507>
...
006 (2524735.114.000) 11/21 02:16:34 Image size of job updated: 24488
	3  -  MemoryUsage of job (MB)
	2696  -  ResidentSetSize of job (KB)
...
006 (2524735.114.000) 11/21 02:21:35 Image size of job updated: 891552
	351  -  MemoryUsage of job (MB)
	358772  -  ResidentSetSize of job (KB)
...
006 (2524735.114.000) 11/21 02:26:36 Image size of job updated: 891552
	351  -  MemoryUsage of job (MB)
	358860  -  ResidentSetSize of job (KB)
...
005 (2524735.114.000) 11/21 02:29:01 Job terminated.
	(1) Normal termination (return value 0)
		Usr 0 00:07:45, Sys 0 00:00:59  -  Run Remote Usage
		Usr 0 00:00:00, Sys 0 00:00:00  -  Run Local Usage
		Usr 0 00:07:45, Sys 0 00:00:59  -  Total Remote Usage
		Usr 0 00:00:00, Sys 0 00:00:00  -  Total Local Usage
	0  -  Run Bytes Sent By Job
	0  -  Run Bytes Received By Job
	0  -  Total Bytes Sent By Job
	0  -  Total Bytes Received By Job
	Partitionable Resources :    Usage  Request Allocated
	   Cpus                 :                 1         1
	   Disk (KB)            :        1        1   2369952
	   Memory (MB)          :      351        1      4035
...
