000 (2526456.114.000) 11/21 10:41:05 Job submitted from host: <192.168.1.109:9714>
...
001 (2526456.114.000) 11/21 10:41:34 Job executing on host: <192.168.1.44:9507>
...
006 (2526456.114.000) 11/21 10:41:43 Image size of job updated: 338352
	36  -  MemoryUsage of job (MB)
	36324  -  ResidentSetSize of job (KB)
...
006 (2526456.114.000) 11/21 10:46:44 Image size of job updated: 955388
	467  -  MemoryUsage of job (MB)
	477896  -  ResidentSetSize of job (KB)
...
006 (2526456.114.000) 11/21 10:51:45 Image size of job updated: 955388
	468  -  MemoryUsage of job (MB)
	478384  -  ResidentSetSize of job (KB)
...
005 (2526456.114.000) 11/21 10:54:24 Job terminated.
	(1) Normal termination (return value 0)
		Usr 0 00:07:48, Sys 0 00:00:49  -  Run Remote Usage
		Usr 0 00:00:00, Sys 0 00:00:00  -  Run Local Usage
		Usr 0 00:07:48, Sys 0 00:00:49  -  Total Remote Usage
		Usr 0 00:00:00, Sys 0 00:00:00  -  Total Local Usage
	0  -  Run Bytes Sent By Job
	0  -  Run Bytes Received By Job
	0  -  Total Bytes Sent By Job
	0  -  Total Bytes Received By Job
	Partitionable Resources :    Usage  Request Allocated
	   Cpus                 :                 1         1
	   Disk (KB)            :        1        1   2370280
	   Memory (MB)          :      468        1      4035
...
