000 (2491851.119.000) 11/08 20:36:48 Job submitted from host: <192.168.1.109:9714>
...
001 (2491851.119.000) 11/08 20:37:18 Job executing on host: <192.168.1.63:9932>
...
006 (2491851.119.000) 11/08 20:37:27 Image size of job updated: 65900
	3  -  MemoryUsage of job (MB)
	2628  -  ResidentSetSize of job (KB)
...
006 (2491851.119.000) 11/08 20:42:28 Image size of job updated: 984524
	407  -  MemoryUsage of job (MB)
	416136  -  ResidentSetSize of job (KB)
...
006 (2491851.119.000) 11/08 20:47:28 Image size of job updated: 984524
	407  -  MemoryUsage of job (MB)
	416524  -  ResidentSetSize of job (KB)
...
006 (2491851.119.000) 11/08 20:52:29 Image size of job updated: 984524
	407  -  MemoryUsage of job (MB)
	416616  -  ResidentSetSize of job (KB)
...
006 (2491851.119.000) 11/08 20:57:30 Image size of job updated: 984524
	407  -  MemoryUsage of job (MB)
	416680  -  ResidentSetSize of job (KB)
...
006 (2491851.119.000) 11/08 21:02:30 Image size of job updated: 984524
	407  -  MemoryUsage of job (MB)
	416704  -  ResidentSetSize of job (KB)
...
006 (2491851.119.000) 11/08 21:07:30 Image size of job updated: 984524
	502  -  MemoryUsage of job (MB)
	513088  -  ResidentSetSize of job (KB)
...
006 (2491851.119.000) 11/08 21:12:31 Image size of job updated: 984524
	510  -  MemoryUsage of job (MB)
	521568  -  ResidentSetSize of job (KB)
...
006 (2491851.119.000) 11/08 21:17:31 Image size of job updated: 984524
	510  -  MemoryUsage of job (MB)
	521672  -  ResidentSetSize of job (KB)
...
006 (2491851.119.000) 11/08 21:22:31 Image size of job updated: 984524
	510  -  MemoryUsage of job (MB)
	521732  -  ResidentSetSize of job (KB)
...
006 (2491851.119.000) 11/08 21:27:32 Image size of job updated: 984524
	510  -  MemoryUsage of job (MB)
	521748  -  ResidentSetSize of job (KB)
...
006 (2491851.119.000) 11/08 21:32:32 Image size of job updated: 984524
	510  -  MemoryUsage of job (MB)
	521752  -  ResidentSetSize of job (KB)
...
005 (2491851.119.000) 11/08 21:33:46 Job terminated.
	(1) Normal termination (return value 0)
		Usr 0 00:29:25, Sys 0 00:01:14  -  Run Remote Usage
		Usr 0 00:00:00, Sys 0 00:00:00  -  Run Local Usage
		Usr 0 00:29:25, Sys 0 00:01:14  -  Total Remote Usage
		Usr 0 00:00:00, Sys 0 00:00:00  -  Total Local Usage
	0  -  Run Bytes Sent By Job
	0  -  Run Bytes Received By Job
	0  -  Total Bytes Sent By Job
	0  -  Total Bytes Received By Job
	Partitionable Resources :    Usage  Request Allocated
	   Cpus                 :                 1         1
	   Disk (KB)            :        1        1  19566180
	   Memory (MB)          :      510        1      4033
...
