000 (2491133.119.000) 11/08 19:40:20 Job submitted from host: <192.168.1.109:9714>
...
001 (2491133.119.000) 11/08 19:40:55 Job executing on host: <192.168.1.47:9634>
...
006 (2491133.119.000) 11/08 19:41:03 Image size of job updated: 440836
	104  -  MemoryUsage of job (MB)
	105516  -  ResidentSetSize of job (KB)
...
006 (2491133.119.000) 11/08 19:46:03 Image size of job updated: 984532
	479  -  MemoryUsage of job (MB)
	490224  -  ResidentSetSize of job (KB)
...
006 (2491133.119.000) 11/08 19:51:04 Image size of job updated: 984532
	479  -  MemoryUsage of job (MB)
	490236  -  ResidentSetSize of job (KB)
...
006 (2491133.119.000) 11/08 19:56:05 Image size of job updated: 984532
	479  -  MemoryUsage of job (MB)
	490316  -  ResidentSetSize of job (KB)
...
006 (2491133.119.000) 11/08 20:01:05 Image size of job updated: 1186276
	700  -  MemoryUsage of job (MB)
	716712  -  ResidentSetSize of job (KB)
...
006 (2491133.119.000) 11/08 20:06:05 Image size of job updated: 1186276
	710  -  MemoryUsage of job (MB)
	726424  -  ResidentSetSize of job (KB)
...
005 (2491133.119.000) 11/08 20:09:09 Job terminated.
	(1) Normal termination (return value 0)
		Usr 0 00:14:38, Sys 0 00:00:49  -  Run Remote Usage
		Usr 0 00:00:00, Sys 0 00:00:00  -  Run Local Usage
		Usr 0 00:14:38, Sys 0 00:00:49  -  Total Remote Usage
		Usr 0 00:00:00, Sys 0 00:00:00  -  Total Local Usage
	0  -  Run Bytes Sent By Job
	0  -  Run Bytes Received By Job
	0  -  Total Bytes Sent By Job
	0  -  Total Bytes Received By Job
	Partitionable Resources :    Usage  Request Allocated
	   Cpus                 :                 1         1
	   Disk (KB)            :        1        1  28380611
	   Memory (MB)          :      710        1      4033
...
