000 (2497410.119.000) 11/09 15:33:47 Job submitted from host: <192.168.1.109:9714>
...
001 (2497410.119.000) 11/09 15:34:13 Job executing on host: <192.168.1.45:9392>
...
006 (2497410.119.000) 11/09 15:34:22 Image size of job updated: 178716
	3  -  MemoryUsage of job (MB)
	2620  -  ResidentSetSize of job (KB)
...
006 (2497410.119.000) 11/09 15:39:22 Image size of job updated: 1027148
	494  -  MemoryUsage of job (MB)
	505368  -  ResidentSetSize of job (KB)
...
006 (2497410.119.000) 11/09 15:44:22 Image size of job updated: 1027148
	495  -  MemoryUsage of job (MB)
	506268  -  ResidentSetSize of job (KB)
...
006 (2497410.119.000) 11/09 15:49:23 Image size of job updated: 1027148
	495  -  MemoryUsage of job (MB)
	506436  -  ResidentSetSize of job (KB)
...
006 (2497410.119.000) 11/09 15:54:23 Image size of job updated: 1027148
	495  -  MemoryUsage of job (MB)
	506576  -  ResidentSetSize of job (KB)
...
006 (2497410.119.000) 11/09 15:59:23 Image size of job updated: 1027148
	598  -  MemoryUsage of job (MB)
	612304  -  ResidentSetSize of job (KB)
...
006 (2497410.119.000) 11/09 16:04:24 Image size of job updated: 1027148
	601  -  MemoryUsage of job (MB)
	614420  -  ResidentSetSize of job (KB)
...
006 (2497410.119.000) 11/09 16:09:25 Image size of job updated: 1027148
	601  -  MemoryUsage of job (MB)
	614480  -  ResidentSetSize of job (KB)
...
006 (2497410.119.000) 11/09 16:14:25 Image size of job updated: 1027148
	601  -  MemoryUsage of job (MB)
	614492  -  ResidentSetSize of job (KB)
...
006 (2497410.119.000) 11/09 16:19:26 Image size of job updated: 1027148
	601  -  MemoryUsage of job (MB)
	614580  -  ResidentSetSize of job (KB)
...
006 (2497410.119.000) 11/09 16:24:27 Image size of job updated: 1027148
	601  -  MemoryUsage of job (MB)
	614620  -  ResidentSetSize of job (KB)
...
005 (2497410.119.000) 11/09 16:26:39 Job terminated.
	(1) Normal termination (return value 0)
		Usr 0 00:14:19, Sys 0 00:00:46  -  Run Remote Usage
		Usr 0 00:00:00, Sys 0 00:00:00  -  Run Local Usage
		Usr 0 00:14:19, Sys 0 00:00:46  -  Total Remote Usage
		Usr 0 00:00:00, Sys 0 00:00:00  -  Total Local Usage
	0  -  Run Bytes Sent By Job
	0  -  Run Bytes Received By Job
	0  -  Total Bytes Sent By Job
	0  -  Total Bytes Received By Job
	Partitionable Resources :    Usage  Request Allocated
	   Cpus                 :                 1         1
	   Disk (KB)            :        1        1   2370746
	   Memory (MB)          :      601        1      4035
...
