000 (2504804.074.000) 11/16 01:06:13 Job submitted from host: <192.168.1.109:9714>
...
001 (2504804.074.000) 11/16 01:06:35 Job executing on host: <192.168.1.47:9634>
...
006 (2504804.074.000) 11/16 01:06:44 Image size of job updated: 457808
	142  -  MemoryUsage of job (MB)
	144392  -  ResidentSetSize of job (KB)
...
006 (2504804.074.000) 11/16 01:06:50 Image size of job updated: 475888
	142  -  MemoryUsage of job (MB)
	144392  -  ResidentSetSize of job (KB)
...
005 (2504804.074.000) 11/16 01:06:50 Job terminated.
	(1) Normal termination (return value 0)
		Usr 0 00:00:07, Sys 0 00:00:00  -  Run Remote Usage
		Usr 0 00:00:00, Sys 0 00:00:00  -  Run Local Usage
		Usr 0 00:00:07, Sys 0 00:00:00  -  Total Remote Usage
		Usr 0 00:00:00, Sys 0 00:00:00  -  Total Local Usage
	0  -  Run Bytes Sent By Job
	0  -  Run Bytes Received By Job
	0  -  Total Bytes Sent By Job
	0  -  Total Bytes Received By Job
	Partitionable Resources :    Usage  Request Allocated
	   Cpus                 :                 1         1
	   Disk (KB)            :        1        1  28379398
	   Memory (MB)          :      142        1      4033
...
