000 (2492936.060.000) 11/08 23:53:18 Job submitted from host: <192.168.1.109:9714>
...
001 (2492936.060.000) 11/08 23:53:38 Job executing on host: <192.168.1.44:9507>
...
006 (2492936.060.000) 11/08 23:53:47 Image size of job updated: 97660
	3  -  MemoryUsage of job (MB)
	2316  -  ResidentSetSize of job (KB)
...
006 (2492936.060.000) 11/08 23:53:54 Image size of job updated: 465488
	3  -  MemoryUsage of job (MB)
	2316  -  ResidentSetSize of job (KB)
...
005 (2492936.060.000) 11/08 23:53:54 Job terminated.
	(1) Normal termination (return value 0)
		Usr 0 00:00:06, Sys 0 00:00:00  -  Run Remote Usage
		Usr 0 00:00:00, Sys 0 00:00:00  -  Run Local Usage
		Usr 0 00:00:06, Sys 0 00:00:00  -  Total Remote Usage
		Usr 0 00:00:00, Sys 0 00:00:00  -  Total Local Usage
	0  -  Run Bytes Sent By Job
	0  -  Run Bytes Received By Job
	0  -  Total Bytes Sent By Job
	0  -  Total Bytes Received By Job
	Partitionable Resources :    Usage  Request Allocated
	   Cpus                 :                 1         1
	   Disk (KB)            :        1        1   2370480
	   Memory (MB)          :        3        1      4035
...
