000 (2482243.008.000) 11/07 15:44:23 Job submitted from host: <192.168.1.109:9714>
...
001 (2482243.008.000) 11/07 15:44:34 Job executing on host: <192.168.1.48:9634>
...
006 (2482243.008.000) 11/07 15:44:43 Image size of job updated: 97472
	2  -  MemoryUsage of job (MB)
	1412  -  ResidentSetSize of job (KB)
...
006 (2482243.008.000) 11/07 15:44:49 Image size of job updated: 469688
	2  -  MemoryUsage of job (MB)
	1412  -  ResidentSetSize of job (KB)
...
005 (2482243.008.000) 11/07 15:44:49 Job terminated.
	(1) Normal termination (return value 0)
		Usr 0 00:00:05, Sys 0 00:00:00  -  Run Remote Usage
		Usr 0 00:00:00, Sys 0 00:00:00  -  Run Local Usage
		Usr 0 00:00:05, Sys 0 00:00:00  -  Total Remote Usage
		Usr 0 00:00:00, Sys 0 00:00:00  -  Total Local Usage
	0  -  Run Bytes Sent By Job
	0  -  Run Bytes Received By Job
	0  -  Total Bytes Sent By Job
	0  -  Total Bytes Received By Job
	Partitionable Resources :    Usage  Request Allocated
	   Cpus                 :                 1         1
	   Disk (KB)            :        1        1  28378755
	   Memory (MB)          :        2        1      4033
...
