000 (2492936.070.000) 11/08 23:53:18 Job submitted from host: <192.168.1.109:9714>
...
001 (2492936.070.000) 11/08 23:53:34 Job executing on host: <192.168.1.51:9694>
...
006 (2492936.070.000) 11/08 23:53:42 Image size of job updated: 178716
	3  -  MemoryUsage of job (MB)
	2672  -  ResidentSetSize of job (KB)
...
006 (2492936.070.000) 11/08 23:54:00 Image size of job updated: 465500
	3  -  MemoryUsage of job (MB)
	2672  -  ResidentSetSize of job (KB)
...
005 (2492936.070.000) 11/08 23:54:00 Job terminated.
	(1) Normal termination (return value 0)
		Usr 0 00:00:07, Sys 0 00:00:02  -  Run Remote Usage
		Usr 0 00:00:00, Sys 0 00:00:00  -  Run Local Usage
		Usr 0 00:00:07, Sys 0 00:00:02  -  Total Remote Usage
		Usr 0 00:00:00, Sys 0 00:00:00  -  Total Local Usage
	0  -  Run Bytes Sent By Job
	0  -  Run Bytes Received By Job
	0  -  Total Bytes Sent By Job
	0  -  Total Bytes Received By Job
	Partitionable Resources :    Usage  Request Allocated
	   Cpus                 :                 1         1
	   Disk (KB)            :        1        1  28379673
	   Memory (MB)          :        3        1      4033
...
