000 (2492234.024.000) 11/08 21:18:49 Job submitted from host: <192.168.1.109:9714>
...
001 (2492234.024.000) 11/08 21:19:23 Job executing on host: <192.168.1.47:9634>
...
006 (2492234.024.000) 11/08 21:19:31 Image size of job updated: 432136
	76  -  MemoryUsage of job (MB)
	77440  -  ResidentSetSize of job (KB)
...
006 (2492234.024.000) 11/08 21:19:55 Image size of job updated: 465776
	76  -  MemoryUsage of job (MB)
	77440  -  ResidentSetSize of job (KB)
...
005 (2492234.024.000) 11/08 21:19:55 Job terminated.
	(1) Normal termination (return value 0)
		Usr 0 00:00:04, Sys 0 00:00:00  -  Run Remote Usage
		Usr 0 00:00:00, Sys 0 00:00:00  -  Run Local Usage
		Usr 0 00:00:04, Sys 0 00:00:00  -  Total Remote Usage
		Usr 0 00:00:00, Sys 0 00:00:00  -  Total Local Usage
	0  -  Run Bytes Sent By Job
	0  -  Run Bytes Received By Job
	0  -  Total Bytes Sent By Job
	0  -  Total Bytes Received By Job
	Partitionable Resources :    Usage  Request Allocated
	   Cpus                 :                 1         1
	   Disk (KB)            :        1        1  28380912
	   Memory (MB)          :       76        1      4033
...
