000 (2504801.024.000) 11/16 00:30:11 Job submitted from host: <192.168.1.109:9714>
...
001 (2504801.024.000) 11/16 00:30:31 Job executing on host: <192.168.1.46:9845>
...
006 (2504801.024.000) 11/16 00:30:40 Image size of job updated: 353016
	53  -  MemoryUsage of job (MB)
	53776  -  ResidentSetSize of job (KB)
...
006 (2504801.024.000) 11/16 00:30:58 Image size of job updated: 476356
	53  -  MemoryUsage of job (MB)
	53776  -  ResidentSetSize of job (KB)
...
005 (2504801.024.000) 11/16 00:30:58 Job terminated.
	(1) Normal termination (return value 0)
		Usr 0 00:00:07, Sys 0 00:00:00  -  Run Remote Usage
		Usr 0 00:00:00, Sys 0 00:00:00  -  Run Local Usage
		Usr 0 00:00:07, Sys 0 00:00:00  -  Total Remote Usage
		Usr 0 00:00:00, Sys 0 00:00:00  -  Total Local Usage
	0  -  Run Bytes Sent By Job
	0  -  Run Bytes Received By Job
	0  -  Total Bytes Sent By Job
	0  -  Total Bytes Received By Job
	Partitionable Resources :    Usage  Request Allocated
	   Cpus                 :                 1         1
	   Disk (KB)            :        1        1   2372044
	   Memory (MB)          :       53        1      4035
...
