000 (2526456.105.000) 11/21 10:41:05 Job submitted from host: <192.168.1.109:9714>
...
001 (2526456.105.000) 11/21 10:41:34 Job executing on host: <192.168.1.50:9434>
...
006 (2526456.105.000) 11/21 10:41:42 Image size of job updated: 31216
	2  -  MemoryUsage of job (MB)
	1408  -  ResidentSetSize of job (KB)
...
006 (2526456.105.000) 11/21 10:45:49 Image size of job updated: 979292
	2  -  MemoryUsage of job (MB)
	1408  -  ResidentSetSize of job (KB)
...
005 (2526456.105.000) 11/21 10:45:49 Job terminated.
	(1) Normal termination (return value 0)
		Usr 0 00:01:35, Sys 0 00:00:12  -  Run Remote Usage
		Usr 0 00:00:00, Sys 0 00:00:00  -  Run Local Usage
		Usr 0 00:01:35, Sys 0 00:00:12  -  Total Remote Usage
		Usr 0 00:00:00, Sys 0 00:00:00  -  Total Local Usage
	0  -  Run Bytes Sent By Job
	0  -  Run Bytes Received By Job
	0  -  Total Bytes Sent By Job
	0  -  Total Bytes Received By Job
	Partitionable Resources :    Usage  Request Allocated
	   Cpus                 :                 1         1
	   Disk (KB)            :        1        1  28379763
	   Memory (MB)          :        2        1      4033
...
