000 (2485819.048.000) 11/07 22:35:28 Job submitted from host: <192.168.1.109:9714>
...
001 (2485819.048.000) 11/07 22:35:46 Job executing on host: <192.168.1.43:9998>
...
006 (2485819.048.000) 11/07 22:35:56 Image size of job updated: 97664
	3  -  MemoryUsage of job (MB)
	2320  -  ResidentSetSize of job (KB)
...
006 (2485819.048.000) 11/07 22:39:50 Image size of job updated: 924776
	3  -  MemoryUsage of job (MB)
	2320  -  ResidentSetSize of job (KB)
...
005 (2485819.048.000) 11/07 22:39:50 Job terminated.
	(1) Normal termination (return value 0)
		Usr 0 00:01:12, Sys 0 00:00:05  -  Run Remote Usage
		Usr 0 00:00:00, Sys 0 00:00:00  -  Run Local Usage
		Usr 0 00:01:12, Sys 0 00:00:05  -  Total Remote Usage
		Usr 0 00:00:00, Sys 0 00:00:00  -  Total Local Usage
	0  -  Run Bytes Sent By Job
	0  -  Run Bytes Received By Job
	0  -  Total Bytes Sent By Job
	0  -  Total Bytes Received By Job
	Partitionable Resources :    Usage  Request Allocated
	   Cpus                 :                 1         1
	   Disk (KB)            :        1        1   2369087
	   Memory (MB)          :        3        1      4035
...
