000 (2492645.009.000) 11/08 22:48:10 Job submitted from host: <192.168.1.109:9714>
...
001 (2492645.009.000) 11/08 22:48:21 Job executing on host: <192.168.1.66:9620>
...
006 (2492645.009.000) 11/08 22:48:30 Image size of job updated: 442780
	107  -  MemoryUsage of job (MB)
	108752  -  ResidentSetSize of job (KB)
...
005 (2492645.009.000) 11/08 22:48:32 Job terminated.
	(1) Normal termination (return value 0)
		Usr 0 00:00:03, Sys 0 00:00:00  -  Run Remote Usage
		Usr 0 00:00:00, Sys 0 00:00:00  -  Run Local Usage
		Usr 0 00:00:03, Sys 0 00:00:00  -  Total Remote Usage
		Usr 0 00:00:00, Sys 0 00:00:00  -  Total Local Usage
	0  -  Run Bytes Sent By Job
	0  -  Run Bytes Received By Job
	0  -  Total Bytes Sent By Job
	0  -  Total Bytes Received By Job
	Partitionable Resources :    Usage  Request Allocated
	   Cpus                 :                 1         1
	   Disk (KB)            :        1        1  19562818
	   Memory (MB)          :      107        1      4033
...
