000 (2492235.044.000) 11/08 21:19:19 Job submitted from host: <192.168.1.109:9714>
...
001 (2492235.044.000) 11/08 21:19:37 Job executing on host: <192.168.1.46:9845>
...
006 (2492235.044.000) 11/08 21:19:48 Image size of job updated: 97664
	3  -  MemoryUsage of job (MB)
	2684  -  ResidentSetSize of job (KB)
...
006 (2492235.044.000) 11/08 21:24:50 Image size of job updated: 1055088
	429  -  MemoryUsage of job (MB)
	438804  -  ResidentSetSize of job (KB)
...
006 (2492235.044.000) 11/08 21:29:50 Image size of job updated: 1055088
	434  -  MemoryUsage of job (MB)
	444312  -  ResidentSetSize of job (KB)
...
006 (2492235.044.000) 11/08 21:34:51 Image size of job updated: 1055088
	435  -  MemoryUsage of job (MB)
	444476  -  ResidentSetSize of job (KB)
...
006 (2492235.044.000) 11/08 21:39:51 Image size of job updated: 1055088
	435  -  MemoryUsage of job (MB)
	444536  -  ResidentSetSize of job (KB)
...
006 (2492235.044.000) 11/08 21:44:52 Image size of job updated: 1055088
	435  -  MemoryUsage of job (MB)
	444552  -  ResidentSetSize of job (KB)
...
006 (2492235.044.000) 11/08 21:49:53 Image size of job updated: 1055088
	435  -  MemoryUsage of job (MB)
	445044  -  ResidentSetSize of job (KB)
...
006 (2492235.044.000) 11/08 21:54:53 Image size of job updated: 1055088
	435  -  MemoryUsage of job (MB)
	445052  -  ResidentSetSize of job (KB)
...
006 (2492235.044.000) 11/08 21:59:54 Image size of job updated: 1055088
	435  -  MemoryUsage of job (MB)
	445140  -  ResidentSetSize of job (KB)
...
006 (2492235.044.000) 11/08 22:04:55 Image size of job updated: 1055088
	435  -  MemoryUsage of job (MB)
	445168  -  ResidentSetSize of job (KB)
...
006 (2492235.044.000) 11/08 22:09:55 Image size of job updated: 1055088
	560  -  MemoryUsage of job (MB)
	572864  -  ResidentSetSize of job (KB)
...
006 (2492235.044.000) 11/08 22:14:56 Image size of job updated: 1055088
	560  -  MemoryUsage of job (MB)
	572880  -  ResidentSetSize of job (KB)
...
006 (2492235.044.000) 11/08 22:19:57 Image size of job updated: 1055088
	560  -  MemoryUsage of job (MB)
	572884  -  ResidentSetSize of job (KB)
...
006 (2492235.044.000) 11/08 22:24:57 Image size of job updated: 1055088
	560  -  MemoryUsage of job (MB)
	572888  -  ResidentSetSize of job (KB)
...
006 (2492235.044.000) 11/08 22:29:57 Image size of job updated: 1055088
	560  -  MemoryUsage of job (MB)
	572944  -  ResidentSetSize of job (KB)
...
006 (2492235.044.000) 11/08 22:34:58 Image size of job updated: 1055088
	560  -  MemoryUsage of job (MB)
	572964  -  ResidentSetSize of job (KB)
...
005 (2492235.044.000) 11/08 22:39:02 Job terminated.
	(1) Normal termination (return value 0)
		Usr 0 00:11:06, Sys 0 00:00:50  -  Run Remote Usage
		Usr 0 00:00:00, Sys 0 00:00:00  -  Run Local Usage
		Usr 0 00:11:06, Sys 0 00:00:50  -  Total Remote Usage
		Usr 0 00:00:00, Sys 0 00:00:00  -  Total Local Usage
	0  -  Run Bytes Sent By Job
	0  -  Run Bytes Received By Job
	0  -  Total Bytes Sent By Job
	0  -  Total Bytes Received By Job
	Partitionable Resources :    Usage  Request Allocated
	   Cpus                 :                 1         1
	   Disk (KB)            :        1        1   2371780
	   Memory (MB)          :      560        1      4035
...
