000 (2493183.044.000) 11/09 00:44:13 Job submitted from host: <192.168.1.109:9714>
...
001 (2493183.044.000) 11/09 00:44:27 Job executing on host: <192.168.1.46:9845>
...
006 (2493183.044.000) 11/09 00:44:36 Image size of job updated: 97664
	3  -  MemoryUsage of job (MB)
	2216  -  ResidentSetSize of job (KB)
...
006 (2493183.044.000) 11/09 00:49:37 Image size of job updated: 1046568
	495  -  MemoryUsage of job (MB)
	505996  -  ResidentSetSize of job (KB)
...
006 (2493183.044.000) 11/09 00:54:37 Image size of job updated: 1046568
	507  -  MemoryUsage of job (MB)
	519008  -  ResidentSetSize of job (KB)
...
006 (2493183.044.000) 11/09 00:59:37 Image size of job updated: 1046568
	610  -  MemoryUsage of job (MB)
	624084  -  ResidentSetSize of job (KB)
...
006 (2493183.044.000) 11/09 01:04:37 Image size of job updated: 1046568
	610  -  MemoryUsage of job (MB)
	624092  -  ResidentSetSize of job (KB)
...
006 (2493183.044.000) 11/09 01:09:38 Image size of job updated: 1046568
	610  -  MemoryUsage of job (MB)
	624196  -  ResidentSetSize of job (KB)
...
006 (2493183.044.000) 11/09 01:14:38 Image size of job updated: 1046568
	610  -  MemoryUsage of job (MB)
	624248  -  ResidentSetSize of job (KB)
...
005 (2493183.044.000) 11/09 01:17:41 Job terminated.
	(1) Normal termination (return value 0)
		Usr 0 00:06:23, Sys 0 00:00:31  -  Run Remote Usage
		Usr 0 00:00:00, Sys 0 00:00:00  -  Run Local Usage
		Usr 0 00:06:23, Sys 0 00:00:31  -  Total Remote Usage
		Usr 0 00:00:00, Sys 0 00:00:00  -  Total Local Usage
	0  -  Run Bytes Sent By Job
	0  -  Run Bytes Received By Job
	0  -  Total Bytes Sent By Job
	0  -  Total Bytes Received By Job
	Partitionable Resources :    Usage  Request Allocated
	   Cpus                 :                 1         1
	   Disk (KB)            :        1        1   2371644
	   Memory (MB)          :      610        1      4035
...
