000 (2504802.044.000) 11/16 00:58:49 Job submitted from host: <192.168.1.109:9714>
...
001 (2504802.044.000) 11/16 00:59:10 Job executing on host: <192.168.1.48:9634>
...
006 (2504802.044.000) 11/16 00:59:19 Image size of job updated: 202928
	20  -  MemoryUsage of job (MB)
	20120  -  ResidentSetSize of job (KB)
...
006 (2504802.044.000) 11/16 00:59:29 Image size of job updated: 476120
	20  -  MemoryUsage of job (MB)
	20120  -  ResidentSetSize of job (KB)
...
005 (2504802.044.000) 11/16 00:59:29 Job terminated.
	(1) Normal termination (return value 0)
		Usr 0 00:00:07, Sys 0 00:00:00  -  Run Remote Usage
		Usr 0 00:00:00, Sys 0 00:00:00  -  Run Local Usage
		Usr 0 00:00:07, Sys 0 00:00:00  -  Total Remote Usage
		Usr 0 00:00:00, Sys 0 00:00:00  -  Total Local Usage
	0  -  Run Bytes Sent By Job
	0  -  Run Bytes Received By Job
	0  -  Total Bytes Sent By Job
	0  -  Total Bytes Received By Job
	Partitionable Resources :    Usage  Request Allocated
	   Cpus                 :                 1         1
	   Disk (KB)            :        1        1  28380762
	   Memory (MB)          :       20        1      4033
...
