000 (2493152.034.000) 11/09 00:37:58 Job submitted from host: <192.168.1.109:9714>
...
001 (2493152.034.000) 11/09 00:38:19 Job executing on host: <192.168.1.64:9697>
...
006 (2493152.034.000) 11/09 00:38:28 Image size of job updated: 202972
	27  -  MemoryUsage of job (MB)
	26952  -  ResidentSetSize of job (KB)
...
006 (2493152.034.000) 11/09 00:38:29 Image size of job updated: 446504
	27  -  MemoryUsage of job (MB)
	26952  -  ResidentSetSize of job (KB)
...
005 (2493152.034.000) 11/09 00:38:30 Job terminated.
	(1) Normal termination (return value 6)
		Usr 0 00:00:05, Sys 0 00:00:00  -  Run Remote Usage
		Usr 0 00:00:00, Sys 0 00:00:00  -  Run Local Usage
		Usr 0 00:00:05, Sys 0 00:00:00  -  Total Remote Usage
		Usr 0 00:00:00, Sys 0 00:00:00  -  Total Local Usage
	0  -  Run Bytes Sent By Job
	0  -  Run Bytes Received By Job
	0  -  Total Bytes Sent By Job
	0  -  Total Bytes Received By Job
	Partitionable Resources :    Usage  Request Allocated
	   Cpus                 :                 1         1
	   Disk (KB)            :        1        1  19564551
	   Memory (MB)          :       27        1      4033
...
