000 (2482115.030.000) 11/07 14:47:35 Job submitted from host: <192.168.1.109:9714>
...
001 (2482115.030.000) 11/07 14:47:42 Job executing on host: <192.168.1.48:9634>
...
006 (2482115.030.000) 11/07 14:47:50 Image size of job updated: 161248
	3  -  MemoryUsage of job (MB)
	2620  -  ResidentSetSize of job (KB)
...
006 (2482115.030.000) 11/07 14:48:30 Image size of job updated: 490964
	3  -  MemoryUsage of job (MB)
	2620  -  ResidentSetSize of job (KB)
...
005 (2482115.030.000) 11/07 14:48:30 Job terminated.
	(1) Normal termination (return value 0)
		Usr 0 00:00:10, Sys 0 00:00:08  -  Run Remote Usage
		Usr 0 00:00:00, Sys 0 00:00:00  -  Run Local Usage
		Usr 0 00:00:10, Sys 0 00:00:08  -  Total Remote Usage
		Usr 0 00:00:00, Sys 0 00:00:00  -  Total Local Usage
	0  -  Run Bytes Sent By Job
	0  -  Run Bytes Received By Job
	0  -  Total Bytes Sent By Job
	0  -  Total Bytes Received By Job
	Partitionable Resources :    Usage  Request Allocated
	   Cpus                 :                 1         1
	   Disk (KB)            :        1        1  28379782
	   Memory (MB)          :        3        1      4033
...
