000 (2492235.042.000) 11/08 21:19:19 Job submitted from host: <192.168.1.109:9714>
...
001 (2492235.042.000) 11/08 21:20:01 Job executing on host: <192.168.1.43:9998>
...
006 (2492235.042.000) 11/08 21:20:17 Image size of job updated: 182164
	2  -  MemoryUsage of job (MB)
	1796  -  ResidentSetSize of job (KB)
...
006 (2492235.042.000) 11/08 21:25:19 Image size of job updated: 1051116
	429  -  MemoryUsage of job (MB)
	439080  -  ResidentSetSize of job (KB)
...
006 (2492235.042.000) 11/08 21:30:19 Image size of job updated: 1051116
	471  -  MemoryUsage of job (MB)
	482196  -  ResidentSetSize of job (KB)
...
006 (2492235.042.000) 11/08 21:35:19 Image size of job updated: 1051116
	558  -  MemoryUsage of job (MB)
	570396  -  ResidentSetSize of job (KB)
...
006 (2492235.042.000) 11/08 21:40:20 Image size of job updated: 1051116
	558  -  MemoryUsage of job (MB)
	570644  -  ResidentSetSize of job (KB)
...
006 (2492235.042.000) 11/08 21:50:21 Image size of job updated: 1051116
	558  -  MemoryUsage of job (MB)
	570664  -  ResidentSetSize of job (KB)
...
006 (2492235.042.000) 11/08 21:55:22 Image size of job updated: 1051116
	558  -  MemoryUsage of job (MB)
	570680  -  ResidentSetSize of job (KB)
...
006 (2492235.042.000) 11/08 22:00:23 Image size of job updated: 1051116
	558  -  MemoryUsage of job (MB)
	570688  -  ResidentSetSize of job (KB)
...
006 (2492235.042.000) 11/08 22:10:23 Image size of job updated: 1051116
	558  -  MemoryUsage of job (MB)
	570892  -  ResidentSetSize of job (KB)
...
006 (2492235.042.000) 11/08 22:20:24 Image size of job updated: 1051116
	558  -  MemoryUsage of job (MB)
	570924  -  ResidentSetSize of job (KB)
...
006 (2492235.042.000) 11/08 22:25:24 Image size of job updated: 1051116
	558  -  MemoryUsage of job (MB)
	570976  -  ResidentSetSize of job (KB)
...
005 (2492235.042.000) 11/08 22:26:48 Job terminated.
	(1) Normal termination (return value 0)
		Usr 0 00:10:34, Sys 0 00:00:41  -  Run Remote Usage
		Usr 0 00:00:00, Sys 0 00:00:00  -  Run Local Usage
		Usr 0 00:10:34, Sys 0 00:00:41  -  Total Remote Usage
		Usr 0 00:00:00, Sys 0 00:00:00  -  Total Local Usage
	0  -  Run Bytes Sent By Job
	0  -  Run Bytes Received By Job
	0  -  Total Bytes Sent By Job
	0  -  Total Bytes Received By Job
	Partitionable Resources :    Usage  Request Allocated
	   Cpus                 :                 1         1
	   Disk (KB)            :        1        1   2370308
	   Memory (MB)          :      558        1      4035
...
