000 (2493183.042.000) 11/09 00:44:13 Job submitted from host: <192.168.1.109:9714>
...
001 (2493183.042.000) 11/09 00:44:23 Job executing on host: <192.168.1.64:9697>
...
006 (2493183.042.000) 11/09 00:44:31 Image size of job updated: 167528
	3  -  MemoryUsage of job (MB)
	2688  -  ResidentSetSize of job (KB)
...
006 (2493183.042.000) 11/09 00:49:31 Image size of job updated: 1045524
	490  -  MemoryUsage of job (MB)
	501612  -  ResidentSetSize of job (KB)
...
006 (2493183.042.000) 11/09 00:54:32 Image size of job updated: 1045524
	494  -  MemoryUsage of job (MB)
	505324  -  ResidentSetSize of job (KB)
...
006 (2493183.042.000) 11/09 00:59:33 Image size of job updated: 1045524
	494  -  MemoryUsage of job (MB)
	505420  -  ResidentSetSize of job (KB)
...
006 (2493183.042.000) 11/09 01:04:33 Image size of job updated: 1045524
	607  -  MemoryUsage of job (MB)
	621436  -  ResidentSetSize of job (KB)
...
006 (2493183.042.000) 11/09 01:09:33 Image size of job updated: 1045524
	607  -  MemoryUsage of job (MB)
	621496  -  ResidentSetSize of job (KB)
...
006 (2493183.042.000) 11/09 01:14:34 Image size of job updated: 1045524
	607  -  MemoryUsage of job (MB)
	621560  -  ResidentSetSize of job (KB)
...
005 (2493183.042.000) 11/09 01:17:07 Job terminated.
	(1) Normal termination (return value 0)
		Usr 0 00:11:31, Sys 0 00:00:38  -  Run Remote Usage
		Usr 0 00:00:00, Sys 0 00:00:00  -  Run Local Usage
		Usr 0 00:11:31, Sys 0 00:00:38  -  Total Remote Usage
		Usr 0 00:00:00, Sys 0 00:00:00  -  Total Local Usage
	0  -  Run Bytes Sent By Job
	0  -  Run Bytes Received By Job
	0  -  Total Bytes Sent By Job
	0  -  Total Bytes Received By Job
	Partitionable Resources :    Usage  Request Allocated
	   Cpus                 :                 1         1
	   Disk (KB)            :        1        1  19564529
	   Memory (MB)          :      607        1      4033
...
