000 (2504803.030.000) 11/16 01:01:58 Job submitted from host: <192.168.1.109:9714>
...
001 (2504803.030.000) 11/16 01:02:21 Job executing on host: <192.168.1.47:9634>
...
006 (2504803.030.000) 11/16 01:02:29 Image size of job updated: 339876
	46  -  MemoryUsage of job (MB)
	46428  -  ResidentSetSize of job (KB)
...
006 (2504803.030.000) 11/16 01:02:36 Image size of job updated: 476236
	46  -  MemoryUsage of job (MB)
	46428  -  ResidentSetSize of job (KB)
...
005 (2504803.030.000) 11/16 01:02:36 Job terminated.
	(1) Normal termination (return value 0)
		Usr 0 00:00:08, Sys 0 00:00:00  -  Run Remote Usage
		Usr 0 00:00:00, Sys 0 00:00:00  -  Run Local Usage
		Usr 0 00:00:08, Sys 0 00:00:00  -  Total Remote Usage
		Usr 0 00:00:00, Sys 0 00:00:00  -  Total Local Usage
	0  -  Run Bytes Sent By Job
	0  -  Run Bytes Received By Job
	0  -  Total Bytes Sent By Job
	0  -  Total Bytes Received By Job
	Partitionable Resources :    Usage  Request Allocated
	   Cpus                 :                 1         1
	   Disk (KB)            :        1        1  28379406
	   Memory (MB)          :       46        1      4033
...
