000 (2524735.113.000) 11/21 01:52:18 Job submitted from host: <192.168.1.109:9714>
...
001 (2524735.113.000) 11/21 02:16:25 Job executing on host: <192.168.1.44:9507>
...
006 (2524735.113.000) 11/21 02:16:34 Image size of job updated: 97660
	3  -  MemoryUsage of job (MB)
	2692  -  ResidentSetSize of job (KB)
...
006 (2524735.113.000) 11/21 02:21:35 Image size of job updated: 866596
	340  -  MemoryUsage of job (MB)
	347480  -  ResidentSetSize of job (KB)
...
005 (2524735.113.000) 11/21 02:21:52 Job terminated.
	(1) Normal termination (return value 0)
		Usr 0 00:02:17, Sys 0 00:00:21  -  Run Remote Usage
		Usr 0 00:00:00, Sys 0 00:00:00  -  Run Local Usage
		Usr 0 00:02:17, Sys 0 00:00:21  -  Total Remote Usage
		Usr 0 00:00:00, Sys 0 00:00:00  -  Total Local Usage
	0  -  Run Bytes Sent By Job
	0  -  Run Bytes Received By Job
	0  -  Total Bytes Sent By Job
	0  -  Total Bytes Received By Job
	Partitionable Resources :    Usage  Request Allocated
	   Cpus                 :                 1         1
	   Disk (KB)            :        1        1   2369982
	   Memory (MB)          :      340        1      4035
...
