000 (2526458.113.000) 11/21 12:05:34 Job submitted from host: <192.168.1.109:9714>
...
001 (2526458.113.000) 11/21 12:05:46 Job executing on host: <192.168.1.42:9515>
...
006 (2526458.113.000) 11/21 12:05:55 Image size of job updated: 15576
	2  -  MemoryUsage of job (MB)
	1192  -  ResidentSetSize of job (KB)
...
006 (2526458.113.000) 11/21 12:10:56 Image size of job updated: 931284
	444  -  MemoryUsage of job (MB)
	454064  -  ResidentSetSize of job (KB)
...
005 (2526458.113.000) 11/21 12:12:57 Job terminated.
	(1) Normal termination (return value 0)
		Usr 0 00:01:54, Sys 0 00:00:21  -  Run Remote Usage
		Usr 0 00:00:00, Sys 0 00:00:00  -  Run Local Usage
		Usr 0 00:01:54, Sys 0 00:00:21  -  Total Remote Usage
		Usr 0 00:00:00, Sys 0 00:00:00  -  Total Local Usage
	0  -  Run Bytes Sent By Job
	0  -  Run Bytes Received By Job
	0  -  Total Bytes Sent By Job
	0  -  Total Bytes Received By Job
	Partitionable Resources :    Usage  Request Allocated
	   Cpus                 :                 1         1
	   Disk (KB)            :        1        1   2371142
	   Memory (MB)          :      444        1      4035
...
