000 (2491133.078.000) 11/08 19:40:19 Job submitted from host: <192.168.1.109:9714>
...
001 (2491133.078.000) 11/08 19:40:54 Job executing on host: <192.168.1.44:9507>
...
006 (2491133.078.000) 11/08 19:41:03 Image size of job updated: 182200
	11  -  MemoryUsage of job (MB)
	11228  -  ResidentSetSize of job (KB)
...
006 (2491133.078.000) 11/08 19:46:04 Image size of job updated: 1026536
	507  -  MemoryUsage of job (MB)
	518236  -  ResidentSetSize of job (KB)
...
006 (2491133.078.000) 11/08 19:51:05 Image size of job updated: 1026536
	507  -  MemoryUsage of job (MB)
	518404  -  ResidentSetSize of job (KB)
...
006 (2491133.078.000) 11/08 19:56:05 Image size of job updated: 1026536
	507  -  MemoryUsage of job (MB)
	518500  -  ResidentSetSize of job (KB)
...
006 (2491133.078.000) 11/08 20:01:06 Image size of job updated: 1179768
	696  -  MemoryUsage of job (MB)
	712372  -  ResidentSetSize of job (KB)
...
005 (2491133.078.000) 11/08 20:03:33 Job terminated.
	(1) Normal termination (return value 0)
		Usr 0 00:08:23, Sys 0 00:00:35  -  Run Remote Usage
		Usr 0 00:00:00, Sys 0 00:00:00  -  Run Local Usage
		Usr 0 00:08:23, Sys 0 00:00:35  -  Total Remote Usage
		Usr 0 00:00:00, Sys 0 00:00:00  -  Total Local Usage
	0  -  Run Bytes Sent By Job
	0  -  Run Bytes Received By Job
	0  -  Total Bytes Sent By Job
	0  -  Total Bytes Received By Job
	Partitionable Resources :    Usage  Request Allocated
	   Cpus                 :                 1         1
	   Disk (KB)            :        1        1   2370190
	   Memory (MB)          :      696        1      4035
...
