000 (2491851.078.000) 11/08 20:36:47 Job submitted from host: <192.168.1.109:9714>
...
001 (2491851.078.000) 11/08 20:37:16 Job executing on host: <192.168.1.57:9618?addrs=192.168.1.57-9618+[--1]-9618&noUDP&sock=2389_8c3f_3>
...
006 (2491851.078.000) 11/08 20:37:25 Image size of job updated: 49780
	2  -  MemoryUsage of job (MB)
	1996  -  ResidentSetSize of job (KB)
...
006 (2491851.078.000) 11/08 20:42:25 Image size of job updated: 1026492
	516  -  MemoryUsage of job (MB)
	528140  -  ResidentSetSize of job (KB)
...
006 (2491851.078.000) 11/08 20:47:25 Image size of job updated: 1026492
	592  -  MemoryUsage of job (MB)
	605868  -  ResidentSetSize of job (KB)
...
006 (2491851.078.000) 11/08 20:52:26 Image size of job updated: 1026492
	630  -  MemoryUsage of job (MB)
	644308  -  ResidentSetSize of job (KB)
...
005 (2491851.078.000) 11/08 20:55:33 Job terminated.
	(1) Normal termination (return value 0)
		Usr 0 00:10:35, Sys 0 00:00:32  -  Run Remote Usage
		Usr 0 00:00:00, Sys 0 00:00:00  -  Run Local Usage
		Usr 0 00:10:35, Sys 0 00:00:32  -  Total Remote Usage
		Usr 0 00:00:00, Sys 0 00:00:00  -  Total Local Usage
	0  -  Run Bytes Sent By Job
	0  -  Run Bytes Received By Job
	0  -  Total Bytes Sent By Job
	0  -  Total Bytes Received By Job
	Partitionable Resources :    Usage  Request Allocated
	   Cpus                 :                 1         1
	   Disk (KB)            :        1        1   1563560
	   Memory (MB)          :      630        1         1
...
