000 (2497410.078.000) 11/09 15:33:46 Job submitted from host: <192.168.1.109:9714>
...
001 (2497410.078.000) 11/09 15:34:11 Job executing on host: <192.168.1.43:9998>
...
006 (2497410.078.000) 11/09 15:34:20 Image size of job updated: 347656
	37  -  MemoryUsage of job (MB)
	37052  -  ResidentSetSize of job (KB)
...
006 (2497410.078.000) 11/09 15:39:21 Image size of job updated: 1012852
	478  -  MemoryUsage of job (MB)
	488660  -  ResidentSetSize of job (KB)
...
006 (2497410.078.000) 11/09 15:44:21 Image size of job updated: 1012852
	478  -  MemoryUsage of job (MB)
	489120  -  ResidentSetSize of job (KB)
...
006 (2497410.078.000) 11/09 15:49:22 Image size of job updated: 1012852
	478  -  MemoryUsage of job (MB)
	489272  -  ResidentSetSize of job (KB)
...
006 (2497410.078.000) 11/09 15:54:23 Image size of job updated: 1012852
	554  -  MemoryUsage of job (MB)
	566588  -  ResidentSetSize of job (KB)
...
006 (2497410.078.000) 11/09 15:59:23 Image size of job updated: 1012852
	585  -  MemoryUsage of job (MB)
	598132  -  ResidentSetSize of job (KB)
...
006 (2497410.078.000) 11/09 16:19:25 Image size of job updated: 1012852
	585  -  MemoryUsage of job (MB)
	598140  -  ResidentSetSize of job (KB)
...
006 (2497410.078.000) 11/09 16:24:27 Image size of job updated: 1012852
	585  -  MemoryUsage of job (MB)
	598180  -  ResidentSetSize of job (KB)
...
006 (2497410.078.000) 11/09 16:29:27 Image size of job updated: 1012852
	585  -  MemoryUsage of job (MB)
	598184  -  ResidentSetSize of job (KB)
...
006 (2497410.078.000) 11/09 16:34:27 Image size of job updated: 1012852
	585  -  MemoryUsage of job (MB)
	598188  -  ResidentSetSize of job (KB)
...
005 (2497410.078.000) 11/09 16:37:50 Job terminated.
	(1) Normal termination (return value 0)
		Usr 0 00:07:41, Sys 0 00:00:29  -  Run Remote Usage
		Usr 0 00:00:00, Sys 0 00:00:00  -  Run Local Usage
		Usr 0 00:07:41, Sys 0 00:00:29  -  Total Remote Usage
		Usr 0 00:00:00, Sys 0 00:00:00  -  Total Local Usage
	0  -  Run Bytes Sent By Job
	0  -  Run Bytes Received By Job
	0  -  Total Bytes Sent By Job
	0  -  Total Bytes Received By Job
	Partitionable Resources :    Usage  Request Allocated
	   Cpus                 :                 1         1
	   Disk (KB)            :        1        1   2367119
	   Memory (MB)          :      585        1      4035
...
