000 (2485819.017.000) 11/07 22:35:28 Job submitted from host: <192.168.1.109:9714>
...
001 (2485819.017.000) 11/07 22:35:36 Job executing on host: <192.168.1.53:9618?addrs=192.168.1.53-9618+[--1]-9618&noUDP&sock=2452_c2b7_3>
...
006 (2485819.017.000) 11/07 22:35:44 Image size of job updated: 15968
	2  -  MemoryUsage of job (MB)
	1832  -  ResidentSetSize of job (KB)
...
006 (2485819.017.000) 11/07 22:40:44 Image size of job updated: 983288
	474  -  MemoryUsage of job (MB)
	484368  -  ResidentSetSize of job (KB)
...
006 (2485819.017.000) 11/07 22:45:45 Image size of job updated: 983288
	552  -  MemoryUsage of job (MB)
	564988  -  ResidentSetSize of job (KB)
...
006 (2485819.017.000) 11/07 22:50:46 Image size of job updated: 983288
	653  -  MemoryUsage of job (MB)
	668288  -  ResidentSetSize of job (KB)
...
006 (2485819.017.000) 11/07 22:55:46 Image size of job updated: 983288
	653  -  MemoryUsage of job (MB)
	668296  -  ResidentSetSize of job (KB)
...
006 (2485819.017.000) 11/07 23:00:47 Image size of job updated: 983288
	653  -  MemoryUsage of job (MB)
	668424  -  ResidentSetSize of job (KB)
...
006 (2485819.017.000) 11/07 23:05:48 Image size of job updated: 983288
	653  -  MemoryUsage of job (MB)
	668464  -  ResidentSetSize of job (KB)
...
006 (2485819.017.000) 11/07 23:10:48 Image size of job updated: 983288
	653  -  MemoryUsage of job (MB)
	668516  -  ResidentSetSize of job (KB)
...
006 (2485819.017.000) 11/07 23:15:48 Image size of job updated: 983288
	653  -  MemoryUsage of job (MB)
	668576  -  ResidentSetSize of job (KB)
...
006 (2485819.017.000) 11/07 23:20:49 Image size of job updated: 983288
	653  -  MemoryUsage of job (MB)
	668580  -  ResidentSetSize of job (KB)
...
006 (2485819.017.000) 11/07 23:25:50 Image size of job updated: 983288
	653  -  MemoryUsage of job (MB)
	668588  -  ResidentSetSize of job (KB)
...
006 (2485819.017.000) 11/07 23:30:50 Image size of job updated: 983288
	653  -  MemoryUsage of job (MB)
	668600  -  ResidentSetSize of job (KB)
...
006 (2485819.017.000) 11/07 23:35:51 Image size of job updated: 983288
	653  -  MemoryUsage of job (MB)
	668608  -  ResidentSetSize of job (KB)
...
005 (2485819.017.000) 11/08 00:40:05 Job terminated.
	(1) Normal termination (return value 0)
		Usr 0 01:43:15, Sys 0 00:05:41  -  Run Remote Usage
		Usr 0 00:00:00, Sys 0 00:00:00  -  Run Local Usage
		Usr 0 01:43:15, Sys 0 00:05:41  -  Total Remote Usage
		Usr 0 00:00:00, Sys 0 00:00:00  -  Total Local Usage
	0  -  Run Bytes Sent By Job
	0  -  Run Bytes Received By Job
	0  -  Total Bytes Sent By Job
	0  -  Total Bytes Received By Job
	Partitionable Resources :    Usage  Request Allocated
	   Cpus                 :                 1         1
	   Disk (KB)            :        1        1   1563333
	   Memory (MB)          :      653        1         1
...
