000 (2497409.017.000) 11/09 15:27:51 Job submitted from host: <192.168.1.109:9714>
...
001 (2497409.017.000) 11/09 15:28:14 Job executing on host: <192.168.1.66:9620>
...
006 (2497409.017.000) 11/09 15:28:22 Image size of job updated: 359300
	60  -  MemoryUsage of job (MB)
	60748  -  ResidentSetSize of job (KB)
...
006 (2497409.017.000) 11/09 15:33:22 Image size of job updated: 985912
	479  -  MemoryUsage of job (MB)
	489876  -  ResidentSetSize of job (KB)
...
006 (2497409.017.000) 11/09 15:38:23 Image size of job updated: 986436
	479  -  MemoryUsage of job (MB)
	489876  -  ResidentSetSize of job (KB)
...
006 (2497409.017.000) 11/09 15:48:24 Image size of job updated: 986436
	586  -  MemoryUsage of job (MB)
	599084  -  ResidentSetSize of job (KB)
...
006 (2497409.017.000) 11/09 15:53:25 Image size of job updated: 986436
	587  -  MemoryUsage of job (MB)
	600256  -  ResidentSetSize of job (KB)
...
006 (2497409.017.000) 11/09 16:03:26 Image size of job updated: 986436
	587  -  MemoryUsage of job (MB)
	600340  -  ResidentSetSize of job (KB)
...
006 (2497409.017.000) 11/09 16:58:32 Image size of job updated: 986436
	587  -  MemoryUsage of job (MB)
	600404  -  ResidentSetSize of job (KB)
...
006 (2497409.017.000) 11/09 17:38:37 Image size of job updated: 986436
	587  -  MemoryUsage of job (MB)
	600424  -  ResidentSetSize of job (KB)
...
006 (2497409.017.000) 11/09 17:43:38 Image size of job updated: 986436
	587  -  MemoryUsage of job (MB)
	600440  -  ResidentSetSize of job (KB)
...
006 (2497409.017.000) 11/09 17:48:38 Image size of job updated: 986436
	587  -  MemoryUsage of job (MB)
	600452  -  ResidentSetSize of job (KB)
...
006 (2497409.017.000) 11/09 17:53:38 Image size of job updated: 986436
	587  -  MemoryUsage of job (MB)
	600480  -  ResidentSetSize of job (KB)
...
005 (2497409.017.000) 11/09 18:00:25 Job terminated.
	(1) Normal termination (return value 0)
		Usr 0 01:42:10, Sys 0 00:05:05  -  Run Remote Usage
		Usr 0 00:00:00, Sys 0 00:00:00  -  Run Local Usage
		Usr 0 01:42:10, Sys 0 00:05:05  -  Total Remote Usage
		Usr 0 00:00:00, Sys 0 00:00:00  -  Total Local Usage
	0  -  Run Bytes Sent By Job
	0  -  Run Bytes Received By Job
	0  -  Total Bytes Sent By Job
	0  -  Total Bytes Received By Job
	Partitionable Resources :    Usage  Request Allocated
	   Cpus                 :                 1         1
	   Disk (KB)            :        1        1  19564299
	   Memory (MB)          :      587        1      4033
...
