000 (2511949.003.000) 11/17 23:24:49 Job submitted from host: <192.168.1.109:9714>
...
001 (2511949.003.000) 11/17 23:27:51 Job executing on host: <192.168.1.51:9694>
...
006 (2511949.003.000) 11/17 23:27:59 Image size of job updated: 441368
	126  -  MemoryUsage of job (MB)
	128156  -  ResidentSetSize of job (KB)
...
006 (2511949.003.000) 11/17 23:30:07 Image size of job updated: 903252
	126  -  MemoryUsage of job (MB)
	128156  -  ResidentSetSize of job (KB)
...
005 (2511949.003.000) 11/17 23:30:07 Job terminated.
	(1) Normal termination (return value 0)
		Usr 0 00:01:37, Sys 0 00:00:08  -  Run Remote Usage
		Usr 0 00:00:00, Sys 0 00:00:00  -  Run Local Usage
		Usr 0 00:01:37, Sys 0 00:00:08  -  Total Remote Usage
		Usr 0 00:00:00, Sys 0 00:00:00  -  Total Local Usage
	0  -  Run Bytes Sent By Job
	0  -  Run Bytes Received By Job
	0  -  Total Bytes Sent By Job
	0  -  Total Bytes Received By Job
	Partitionable Resources :    Usage  Request Allocated
	   Cpus                 :                 1         1
	   Disk (KB)            :        1        1  28379621
	   Memory (MB)          :      126        1      4033
...
