000 (2492234.040.000) 11/08 21:18:49 Job submitted from host: <192.168.1.109:9714>
...
001 (2492234.040.000) 11/08 21:19:24 Job executing on host: <192.168.1.67:9583>
...
006 (2492234.040.000) 11/08 21:19:32 Image size of job updated: 175708
	2  -  MemoryUsage of job (MB)
	1836  -  ResidentSetSize of job (KB)
...
006 (2492234.040.000) 11/08 21:19:41 Image size of job updated: 471396
	2  -  MemoryUsage of job (MB)
	1836  -  ResidentSetSize of job (KB)
...
005 (2492234.040.000) 11/08 21:19:41 Job terminated.
	(1) Normal termination (return value 0)
		Usr 0 00:00:08, Sys 0 00:00:00  -  Run Remote Usage
		Usr 0 00:00:00, Sys 0 00:00:00  -  Run Local Usage
		Usr 0 00:00:08, Sys 0 00:00:00  -  Total Remote Usage
		Usr 0 00:00:00, Sys 0 00:00:00  -  Total Local Usage
	0  -  Run Bytes Sent By Job
	0  -  Run Bytes Received By Job
	0  -  Total Bytes Sent By Job
	0  -  Total Bytes Received By Job
	Partitionable Resources :    Usage  Request Allocated
	   Cpus                 :                 1         1
	   Disk (KB)            :        1        1  19563136
	   Memory (MB)          :        2        1      4033
...
