000 (2492234.022.000) 11/08 21:18:49 Job submitted from host: <192.168.1.109:9714>
...
001 (2492234.022.000) 11/08 21:19:22 Job executing on host: <192.168.1.65:9393>
...
006 (2492234.022.000) 11/08 21:19:31 Image size of job updated: 443768
	71  -  MemoryUsage of job (MB)
	72436  -  ResidentSetSize of job (KB)
...
006 (2492234.022.000) 11/08 21:19:45 Image size of job updated: 491072
	71  -  MemoryUsage of job (MB)
	72436  -  ResidentSetSize of job (KB)
...
005 (2492234.022.000) 11/08 21:19:45 Job terminated.
	(1) Normal termination (return value 0)
		Usr 0 00:00:14, Sys 0 00:00:00  -  Run Remote Usage
		Usr 0 00:00:00, Sys 0 00:00:00  -  Run Local Usage
		Usr 0 00:00:14, Sys 0 00:00:00  -  Total Remote Usage
		Usr 0 00:00:00, Sys 0 00:00:00  -  Total Local Usage
	0  -  Run Bytes Sent By Job
	0  -  Run Bytes Received By Job
	0  -  Total Bytes Sent By Job
	0  -  Total Bytes Received By Job
	Partitionable Resources :    Usage  Request Allocated
	   Cpus                 :                 1         1
	   Disk (KB)            :        1        1  19563438
	   Memory (MB)          :       71        1      4033
...
