000 (2485823.085.000) 11/07 23:48:30 Job submitted from host: <192.168.1.109:9714>
...
001 (2485823.085.000) 11/07 23:48:41 Job executing on host: <192.168.1.68:9996>
...
006 (2485823.085.000) 11/07 23:48:49 Image size of job updated: 350432
	87  -  MemoryUsage of job (MB)
	88676  -  ResidentSetSize of job (KB)
...
006 (2485823.085.000) 11/07 23:53:49 Image size of job updated: 1014024
	499  -  MemoryUsage of job (MB)
	510676  -  ResidentSetSize of job (KB)
...
006 (2485823.085.000) 11/07 23:58:51 Image size of job updated: 1014024
	500  -  MemoryUsage of job (MB)
	511348  -  ResidentSetSize of job (KB)
...
006 (2485823.085.000) 11/08 00:03:51 Image size of job updated: 1014024
	500  -  MemoryUsage of job (MB)
	511860  -  ResidentSetSize of job (KB)
...
005 (2485823.085.000) 11/08 00:06:54 Job terminated.
	(1) Normal termination (return value 0)
		Usr 0 00:06:29, Sys 0 00:00:16  -  Run Remote Usage
		Usr 0 00:00:00, Sys 0 00:00:00  -  Run Local Usage
		Usr 0 00:06:29, Sys 0 00:00:16  -  Total Remote Usage
		Usr 0 00:00:00, Sys 0 00:00:00  -  Total Local Usage
	0  -  Run Bytes Sent By Job
	0  -  Run Bytes Received By Job
	0  -  Total Bytes Sent By Job
	0  -  Total Bytes Received By Job
	Partitionable Resources :    Usage  Request Allocated
	   Cpus                 :                 1         1
	   Disk (KB)            :        1        1  20248674
	   Memory (MB)          :      500        1      4038
...
