000 (2497410.085.000) 11/09 15:33:47 Job submitted from host: <192.168.1.109:9714>
...
001 (2497410.085.000) 11/09 15:34:12 Job executing on host: <192.168.1.44:9507>
...
006 (2497410.085.000) 11/09 15:34:20 Image size of job updated: 340580
	46  -  MemoryUsage of job (MB)
	46320  -  ResidentSetSize of job (KB)
...
006 (2497410.085.000) 11/09 15:39:20 Image size of job updated: 1057960
	504  -  MemoryUsage of job (MB)
	515844  -  ResidentSetSize of job (KB)
...
006 (2497410.085.000) 11/09 15:44:21 Image size of job updated: 1057960
	505  -  MemoryUsage of job (MB)
	516112  -  ResidentSetSize of job (KB)
...
006 (2497410.085.000) 11/09 15:49:22 Image size of job updated: 1057960
	505  -  MemoryUsage of job (MB)
	516124  -  ResidentSetSize of job (KB)
...
006 (2497410.085.000) 11/09 15:54:22 Image size of job updated: 1057960
	505  -  MemoryUsage of job (MB)
	516244  -  ResidentSetSize of job (KB)
...
006 (2497410.085.000) 11/09 15:59:22 Image size of job updated: 1057960
	505  -  MemoryUsage of job (MB)
	516304  -  ResidentSetSize of job (KB)
...
005 (2497410.085.000) 11/09 16:00:29 Job terminated.
	(1) Normal termination (return value 0)
		Usr 0 00:03:34, Sys 0 00:00:13  -  Run Remote Usage
		Usr 0 00:00:00, Sys 0 00:00:00  -  Run Local Usage
		Usr 0 00:03:34, Sys 0 00:00:13  -  Total Remote Usage
		Usr 0 00:00:00, Sys 0 00:00:00  -  Total Local Usage
	0  -  Run Bytes Sent By Job
	0  -  Run Bytes Received By Job
	0  -  Total Bytes Sent By Job
	0  -  Total Bytes Received By Job
	Partitionable Resources :    Usage  Request Allocated
	   Cpus                 :                 1         1
	   Disk (KB)            :        1        1   2370549
	   Memory (MB)          :      505        1      4035
...
