000 (2491851.013.000) 11/08 20:36:46 Job submitted from host: <192.168.1.109:9714>
...
001 (2491851.013.000) 11/08 20:37:12 Job executing on host: <192.168.1.66:9620>
...
006 (2491851.013.000) 11/08 20:37:21 Image size of job updated: 353044
	48  -  MemoryUsage of job (MB)
	48380  -  ResidentSetSize of job (KB)
...
006 (2491851.013.000) 11/08 20:42:21 Image size of job updated: 1020740
	494  -  MemoryUsage of job (MB)
	504868  -  ResidentSetSize of job (KB)
...
006 (2491851.013.000) 11/08 20:52:22 Image size of job updated: 1020740
	531  -  MemoryUsage of job (MB)
	543024  -  ResidentSetSize of job (KB)
...
006 (2491851.013.000) 11/08 20:57:23 Image size of job updated: 1020740
	544  -  MemoryUsage of job (MB)
	556040  -  ResidentSetSize of job (KB)
...
005 (2491851.013.000) 11/08 21:01:44 Job terminated.
	(1) Normal termination (return value 0)
		Usr 0 00:11:15, Sys 0 00:00:26  -  Run Remote Usage
		Usr 0 00:00:00, Sys 0 00:00:00  -  Run Local Usage
		Usr 0 00:11:15, Sys 0 00:00:26  -  Total Remote Usage
		Usr 0 00:00:00, Sys 0 00:00:00  -  Total Local Usage
	0  -  Run Bytes Sent By Job
	0  -  Run Bytes Received By Job
	0  -  Total Bytes Sent By Job
	0  -  Total Bytes Received By Job
	Partitionable Resources :    Usage  Request Allocated
	   Cpus                 :                 1         1
	   Disk (KB)            :        1        1  19563796
	   Memory (MB)          :      544        1      4033
...
