000 (2497410.013.000) 11/09 15:33:46 Job submitted from host: <192.168.1.109:9714>
...
001 (2497410.013.000) 11/09 15:34:08 Job executing on host: <192.168.1.47:9634>
...
006 (2497410.013.000) 11/09 15:34:17 Image size of job updated: 359032
	68  -  MemoryUsage of job (MB)
	68836  -  ResidentSetSize of job (KB)
...
006 (2497410.013.000) 11/09 15:39:18 Image size of job updated: 1065216
	521  -  MemoryUsage of job (MB)
	533116  -  ResidentSetSize of job (KB)
...
006 (2497410.013.000) 11/09 15:44:18 Image size of job updated: 1065216
	522  -  MemoryUsage of job (MB)
	533864  -  ResidentSetSize of job (KB)
...
006 (2497410.013.000) 11/09 15:49:19 Image size of job updated: 1065216
	522  -  MemoryUsage of job (MB)
	534216  -  ResidentSetSize of job (KB)
...
005 (2497410.013.000) 11/09 15:52:16 Job terminated.
	(1) Normal termination (return value 0)
		Usr 0 00:04:52, Sys 0 00:00:16  -  Run Remote Usage
		Usr 0 00:00:00, Sys 0 00:00:00  -  Run Local Usage
		Usr 0 00:04:52, Sys 0 00:00:16  -  Total Remote Usage
		Usr 0 00:00:00, Sys 0 00:00:00  -  Total Local Usage
	0  -  Run Bytes Sent By Job
	0  -  Run Bytes Received By Job
	0  -  Total Bytes Sent By Job
	0  -  Total Bytes Received By Job
	Partitionable Resources :    Usage  Request Allocated
	   Cpus                 :                 1         1
	   Disk (KB)            :        1        1  28380923
	   Memory (MB)          :      522        1      4033
...
