000 (2485823.022.000) 11/07 23:48:29 Job submitted from host: <192.168.1.109:9714>
...
001 (2485823.022.000) 11/07 23:48:37 Job executing on host: <192.168.1.50:9434>
...
006 (2485823.022.000) 11/07 23:48:46 Image size of job updated: 31184
	3  -  MemoryUsage of job (MB)
	2812  -  ResidentSetSize of job (KB)
...
006 (2485823.022.000) 11/07 23:53:47 Image size of job updated: 995632
	487  -  MemoryUsage of job (MB)
	498388  -  ResidentSetSize of job (KB)
...
006 (2485823.022.000) 11/07 23:58:48 Image size of job updated: 995632
	488  -  MemoryUsage of job (MB)
	499116  -  ResidentSetSize of job (KB)
...
006 (2485823.022.000) 11/08 00:03:48 Image size of job updated: 995632
	488  -  MemoryUsage of job (MB)
	499676  -  ResidentSetSize of job (KB)
...
006 (2485823.022.000) 11/08 00:08:48 Image size of job updated: 995632
	489  -  MemoryUsage of job (MB)
	500072  -  ResidentSetSize of job (KB)
...
006 (2485823.022.000) 11/08 00:13:49 Image size of job updated: 995632
	489  -  MemoryUsage of job (MB)
	500132  -  ResidentSetSize of job (KB)
...
006 (2485823.022.000) 11/08 00:18:49 Image size of job updated: 995632
	490  -  MemoryUsage of job (MB)
	501004  -  ResidentSetSize of job (KB)
...
006 (2485823.022.000) 11/08 00:23:49 Image size of job updated: 995632
	624  -  MemoryUsage of job (MB)
	638400  -  ResidentSetSize of job (KB)
...
005 (2485823.022.000) 11/08 00:27:00 Job terminated.
	(1) Normal termination (return value 0)
		Usr 0 00:09:07, Sys 0 00:00:31  -  Run Remote Usage
		Usr 0 00:00:00, Sys 0 00:00:00  -  Run Local Usage
		Usr 0 00:09:07, Sys 0 00:00:31  -  Total Remote Usage
		Usr 0 00:00:00, Sys 0 00:00:00  -  Total Local Usage
	0  -  Run Bytes Sent By Job
	0  -  Run Bytes Received By Job
	0  -  Total Bytes Sent By Job
	0  -  Total Bytes Received By Job
	Partitionable Resources :    Usage  Request Allocated
	   Cpus                 :                 1         1
	   Disk (KB)            :        1        1  28360216
	   Memory (MB)          :      624        1      4033
...
