000 (2491133.022.000) 11/08 19:40:18 Job submitted from host: <192.168.1.109:9714>
...
001 (2491133.022.000) 11/08 19:40:55 Job executing on host: <192.168.1.46:9845>
...
006 (2491133.022.000) 11/08 19:41:04 Image size of job updated: 341260
	69  -  MemoryUsage of job (MB)
	70112  -  ResidentSetSize of job (KB)
...
006 (2491133.022.000) 11/08 19:46:05 Image size of job updated: 995576
	476  -  MemoryUsage of job (MB)
	487132  -  ResidentSetSize of job (KB)
...
006 (2491133.022.000) 11/08 19:51:05 Image size of job updated: 995576
	477  -  MemoryUsage of job (MB)
	487996  -  ResidentSetSize of job (KB)
...
006 (2491133.022.000) 11/08 19:56:05 Image size of job updated: 995576
	478  -  MemoryUsage of job (MB)
	488612  -  ResidentSetSize of job (KB)
...
006 (2491133.022.000) 11/08 20:01:06 Image size of job updated: 1182788
	671  -  MemoryUsage of job (MB)
	686588  -  ResidentSetSize of job (KB)
...
005 (2491133.022.000) 11/08 20:05:13 Job terminated.
	(1) Normal termination (return value 0)
		Usr 0 00:10:15, Sys 0 00:00:46  -  Run Remote Usage
		Usr 0 00:00:00, Sys 0 00:00:00  -  Run Local Usage
		Usr 0 00:10:15, Sys 0 00:00:46  -  Total Remote Usage
		Usr 0 00:00:00, Sys 0 00:00:00  -  Total Local Usage
	0  -  Run Bytes Sent By Job
	0  -  Run Bytes Received By Job
	0  -  Total Bytes Sent By Job
	0  -  Total Bytes Received By Job
	Partitionable Resources :    Usage  Request Allocated
	   Cpus                 :                 1         1
	   Disk (KB)            :        1        1   2371642
	   Memory (MB)          :      671        1      4035
...
