000 (2491851.022.000) 11/08 20:36:46 Job submitted from host: <192.168.1.109:9714>
...
001 (2491851.022.000) 11/08 20:37:13 Job executing on host: <192.168.1.66:9620>
...
006 (2491851.022.000) 11/08 20:37:21 Image size of job updated: 353036
	48  -  MemoryUsage of job (MB)
	48340  -  ResidentSetSize of job (KB)
...
006 (2491851.022.000) 11/08 20:42:21 Image size of job updated: 995568
	470  -  MemoryUsage of job (MB)
	481184  -  ResidentSetSize of job (KB)
...
006 (2491851.022.000) 11/08 20:47:22 Image size of job updated: 995568
	539  -  MemoryUsage of job (MB)
	551568  -  ResidentSetSize of job (KB)
...
006 (2491851.022.000) 11/08 20:52:22 Image size of job updated: 995568
	546  -  MemoryUsage of job (MB)
	558140  -  ResidentSetSize of job (KB)
...
006 (2491851.022.000) 11/08 20:57:22 Image size of job updated: 995568
	546  -  MemoryUsage of job (MB)
	558572  -  ResidentSetSize of job (KB)
...
006 (2491851.022.000) 11/08 21:02:23 Image size of job updated: 995568
	546  -  MemoryUsage of job (MB)
	558588  -  ResidentSetSize of job (KB)
...
006 (2491851.022.000) 11/08 21:07:23 Image size of job updated: 995568
	546  -  MemoryUsage of job (MB)
	558892  -  ResidentSetSize of job (KB)
...
005 (2491851.022.000) 11/08 21:12:36 Job terminated.
	(1) Normal termination (return value 0)
		Usr 0 00:19:59, Sys 0 00:00:45  -  Run Remote Usage
		Usr 0 00:00:00, Sys 0 00:00:00  -  Run Local Usage
		Usr 0 00:19:59, Sys 0 00:00:45  -  Total Remote Usage
		Usr 0 00:00:00, Sys 0 00:00:00  -  Total Local Usage
	0  -  Run Bytes Sent By Job
	0  -  Run Bytes Received By Job
	0  -  Total Bytes Sent By Job
	0  -  Total Bytes Received By Job
	Partitionable Resources :    Usage  Request Allocated
	   Cpus                 :                 1         1
	   Disk (KB)            :        1        1  19563812
	   Memory (MB)          :      546        1      4033
...
