000 (2482243.101.000) 11/07 15:44:24 Job submitted from host: <192.168.1.109:9714>
...
001 (2482243.101.000) 11/07 15:44:39 Job executing on host: <192.168.1.43:9998>
...
006 (2482243.101.000) 11/07 15:44:48 Image size of job updated: 401080
	85  -  MemoryUsage of job (MB)
	86088  -  ResidentSetSize of job (KB)
...
006 (2482243.101.000) 11/07 15:48:25 Image size of job updated: 888812
	85  -  MemoryUsage of job (MB)
	86088  -  ResidentSetSize of job (KB)
...
005 (2482243.101.000) 11/07 15:48:25 Job terminated.
	(1) Normal termination (return value 0)
		Usr 0 00:02:27, Sys 0 00:00:10  -  Run Remote Usage
		Usr 0 00:00:00, Sys 0 00:00:00  -  Run Local Usage
		Usr 0 00:02:27, Sys 0 00:00:10  -  Total Remote Usage
		Usr 0 00:00:00, Sys 0 00:00:00  -  Total Local Usage
	0  -  Run Bytes Sent By Job
	0  -  Run Bytes Received By Job
	0  -  Total Bytes Sent By Job
	0  -  Total Bytes Received By Job
	Partitionable Resources :    Usage  Request Allocated
	   Cpus                 :                 1         1
	   Disk (KB)            :        1        1   2366753
	   Memory (MB)          :       85        1      4035
...
