000 (2492936.101.000) 11/08 23:53:19 Job submitted from host: <192.168.1.109:9714>
...
001 (2492936.101.000) 11/08 23:53:36 Job executing on host: <192.168.1.45:9392>
...
006 (2492936.101.000) 11/08 23:53:44 Image size of job updated: 465304
	145  -  MemoryUsage of job (MB)
	147868  -  ResidentSetSize of job (KB)
...
006 (2492936.101.000) 11/08 23:57:09 Image size of job updated: 939260
	145  -  MemoryUsage of job (MB)
	147868  -  ResidentSetSize of job (KB)
...
005 (2492936.101.000) 11/08 23:57:09 Job terminated.
	(1) Normal termination (return value 0)
		Usr 0 00:02:02, Sys 0 00:00:11  -  Run Remote Usage
		Usr 0 00:00:00, Sys 0 00:00:00  -  Run Local Usage
		Usr 0 00:02:02, Sys 0 00:00:11  -  Total Remote Usage
		Usr 0 00:00:00, Sys 0 00:00:00  -  Total Local Usage
	0  -  Run Bytes Sent By Job
	0  -  Run Bytes Received By Job
	0  -  Total Bytes Sent By Job
	0  -  Total Bytes Received By Job
	Partitionable Resources :    Usage  Request Allocated
	   Cpus                 :                 1         1
	   Disk (KB)            :        1        1   2370871
	   Memory (MB)          :      145        1      4035
...
