000 (2491851.032.000) 11/08 20:36:46 Job submitted from host: <192.168.1.109:9714>
...
001 (2491851.032.000) 11/08 20:37:14 Job executing on host: <192.168.1.65:9393>
...
006 (2491851.032.000) 11/08 20:37:22 Image size of job updated: 338016
	58  -  MemoryUsage of job (MB)
	59216  -  ResidentSetSize of job (KB)
...
006 (2491851.032.000) 11/08 20:42:22 Image size of job updated: 996420
	407  -  MemoryUsage of job (MB)
	415852  -  ResidentSetSize of job (KB)
...
006 (2491851.032.000) 11/08 20:47:23 Image size of job updated: 996420
	408  -  MemoryUsage of job (MB)
	417472  -  ResidentSetSize of job (KB)
...
006 (2491851.032.000) 11/08 20:52:24 Image size of job updated: 996420
	542  -  MemoryUsage of job (MB)
	554652  -  ResidentSetSize of job (KB)
...
005 (2491851.032.000) 11/08 20:55:39 Job terminated.
	(1) Normal termination (return value 0)
		Usr 0 00:10:29, Sys 0 00:00:22  -  Run Remote Usage
		Usr 0 00:00:00, Sys 0 00:00:00  -  Run Local Usage
		Usr 0 00:10:29, Sys 0 00:00:22  -  Total Remote Usage
		Usr 0 00:00:00, Sys 0 00:00:00  -  Total Local Usage
	0  -  Run Bytes Sent By Job
	0  -  Run Bytes Received By Job
	0  -  Total Bytes Sent By Job
	0  -  Total Bytes Received By Job
	Partitionable Resources :    Usage  Request Allocated
	   Cpus                 :                 1         1
	   Disk (KB)            :        1        1  19563987
	   Memory (MB)          :      542        1      4033
...
