000 (2491851.072.000) 11/08 20:36:47 Job submitted from host: <192.168.1.109:9714>
...
001 (2491851.072.000) 11/08 20:37:16 Job executing on host: <192.168.1.67:9583>
...
006 (2491851.072.000) 11/08 20:37:24 Image size of job updated: 16004
	2  -  MemoryUsage of job (MB)
	1836  -  ResidentSetSize of job (KB)
...
006 (2491851.072.000) 11/08 20:42:24 Image size of job updated: 1020584
	507  -  MemoryUsage of job (MB)
	518836  -  ResidentSetSize of job (KB)
...
006 (2491851.072.000) 11/08 20:47:24 Image size of job updated: 1020584
	508  -  MemoryUsage of job (MB)
	519220  -  ResidentSetSize of job (KB)
...
006 (2491851.072.000) 11/08 20:52:25 Image size of job updated: 1020584
	508  -  MemoryUsage of job (MB)
	519248  -  ResidentSetSize of job (KB)
...
006 (2491851.072.000) 11/08 20:57:25 Image size of job updated: 1020584
	508  -  MemoryUsage of job (MB)
	519312  -  ResidentSetSize of job (KB)
...
005 (2491851.072.000) 11/08 21:01:26 Job terminated.
	(1) Normal termination (return value 0)
		Usr 0 00:12:20, Sys 0 00:00:31  -  Run Remote Usage
		Usr 0 00:00:00, Sys 0 00:00:00  -  Run Local Usage
		Usr 0 00:12:20, Sys 0 00:00:31  -  Total Remote Usage
		Usr 0 00:00:00, Sys 0 00:00:00  -  Total Local Usage
	0  -  Run Bytes Sent By Job
	0  -  Run Bytes Received By Job
	0  -  Total Bytes Sent By Job
	0  -  Total Bytes Received By Job
	Partitionable Resources :    Usage  Request Allocated
	   Cpus                 :                 1         1
	   Disk (KB)            :        1        1  19563475
	   Memory (MB)          :      508        1      4033
...
