000 (2493152.105.000) 11/09 00:37:59 Job submitted from host: <192.168.1.109:9714>
...
001 (2493152.105.000) 11/09 00:38:23 Job executing on host: <192.168.1.68:9996>
...
006 (2493152.105.000) 11/09 00:38:32 Image size of job updated: 441844
	128  -  MemoryUsage of job (MB)
	131004  -  ResidentSetSize of job (KB)
...
005 (2493152.105.000) 11/09 00:38:34 Job terminated.
	(1) Normal termination (return value 6)
		Usr 0 00:00:04, Sys 0 00:00:01  -  Run Remote Usage
		Usr 0 00:00:00, Sys 0 00:00:00  -  Run Local Usage
		Usr 0 00:00:04, Sys 0 00:00:01  -  Total Remote Usage
		Usr 0 00:00:00, Sys 0 00:00:00  -  Total Local Usage
	0  -  Run Bytes Sent By Job
	0  -  Run Bytes Received By Job
	0  -  Total Bytes Sent By Job
	0  -  Total Bytes Received By Job
	Partitionable Resources :    Usage  Request Allocated
	   Cpus                 :                 1         1
	   Disk (KB)            :        1        1  20251286
	   Memory (MB)          :      128        1      4038
...
