000 (2492274.002.000) 11/08 21:21:58 Job submitted from host: <192.168.1.109:9714>
...
001 (2492274.002.000) 11/08 21:23:02 Job executing on host: <192.168.1.47:9634>
...
006 (2492274.002.000) 11/08 21:23:11 Image size of job updated: 442308
	126  -  MemoryUsage of job (MB)
	128180  -  ResidentSetSize of job (KB)
...
006 (2492274.002.000) 11/08 21:28:11 Image size of job updated: 1057732
	508  -  MemoryUsage of job (MB)
	519636  -  ResidentSetSize of job (KB)
...
006 (2492274.002.000) 11/08 21:33:12 Image size of job updated: 1057732
	514  -  MemoryUsage of job (MB)
	525812  -  ResidentSetSize of job (KB)
...
006 (2492274.002.000) 11/08 21:38:13 Image size of job updated: 1057732
	514  -  MemoryUsage of job (MB)
	525892  -  ResidentSetSize of job (KB)
...
006 (2492274.002.000) 11/08 21:43:13 Image size of job updated: 1057732
	514  -  MemoryUsage of job (MB)
	526280  -  ResidentSetSize of job (KB)
...
006 (2492274.002.000) 11/08 21:48:14 Image size of job updated: 1057732
	515  -  MemoryUsage of job (MB)
	526604  -  ResidentSetSize of job (KB)
...
006 (2492274.002.000) 11/08 21:53:15 Image size of job updated: 1057732
	515  -  MemoryUsage of job (MB)
	526624  -  ResidentSetSize of job (KB)
...
006 (2492274.002.000) 11/08 21:58:15 Image size of job updated: 1057732
	515  -  MemoryUsage of job (MB)
	526656  -  ResidentSetSize of job (KB)
...
006 (2492274.002.000) 11/08 22:03:16 Image size of job updated: 1057732
	515  -  MemoryUsage of job (MB)
	526740  -  ResidentSetSize of job (KB)
...
006 (2492274.002.000) 11/08 22:08:17 Image size of job updated: 1057732
	515  -  MemoryUsage of job (MB)
	526764  -  ResidentSetSize of job (KB)
...
005 (2492274.002.000) 11/08 22:12:55 Job terminated.
	(1) Normal termination (return value 0)
		Usr 0 00:05:59, Sys 0 00:00:26  -  Run Remote Usage
		Usr 0 00:00:00, Sys 0 00:00:00  -  Run Local Usage
		Usr 0 00:05:59, Sys 0 00:00:26  -  Total Remote Usage
		Usr 0 00:00:00, Sys 0 00:00:00  -  Total Local Usage
	0  -  Run Bytes Sent By Job
	0  -  Run Bytes Received By Job
	0  -  Total Bytes Sent By Job
	0  -  Total Bytes Received By Job
	Partitionable Resources :    Usage  Request Allocated
	   Cpus                 :                 1         1
	   Disk (KB)            :        1        1  28380876
	   Memory (MB)          :      515        1      4033
...
