000 (2492235.014.000) 11/08 21:19:19 Job submitted from host: <192.168.1.109:9714>
...
001 (2492235.014.000) 11/08 21:20:09 Job executing on host: <192.168.1.44:9507>
...
006 (2492235.014.000) 11/08 21:20:21 Image size of job updated: 97660
	3  -  MemoryUsage of job (MB)
	2676  -  ResidentSetSize of job (KB)
...
006 (2492235.014.000) 11/08 21:25:22 Image size of job updated: 1057736
	508  -  MemoryUsage of job (MB)
	519624  -  ResidentSetSize of job (KB)
...
006 (2492235.014.000) 11/08 21:30:22 Image size of job updated: 1057736
	514  -  MemoryUsage of job (MB)
	525768  -  ResidentSetSize of job (KB)
...
006 (2492235.014.000) 11/08 21:35:22 Image size of job updated: 1057736
	514  -  MemoryUsage of job (MB)
	525824  -  ResidentSetSize of job (KB)
...
006 (2492235.014.000) 11/08 21:40:22 Image size of job updated: 1057736
	515  -  MemoryUsage of job (MB)
	526456  -  ResidentSetSize of job (KB)
...
006 (2492235.014.000) 11/08 21:45:24 Image size of job updated: 1057736
	515  -  MemoryUsage of job (MB)
	526524  -  ResidentSetSize of job (KB)
...
006 (2492235.014.000) 11/08 21:50:24 Image size of job updated: 1057736
	515  -  MemoryUsage of job (MB)
	526544  -  ResidentSetSize of job (KB)
...
006 (2492235.014.000) 11/08 21:55:24 Image size of job updated: 1057736
	515  -  MemoryUsage of job (MB)
	526556  -  ResidentSetSize of job (KB)
...
006 (2492235.014.000) 11/08 22:00:26 Image size of job updated: 1057736
	515  -  MemoryUsage of job (MB)
	526612  -  ResidentSetSize of job (KB)
...
006 (2492235.014.000) 11/08 22:05:26 Image size of job updated: 1057736
	515  -  MemoryUsage of job (MB)
	526668  -  ResidentSetSize of job (KB)
...
006 (2492235.014.000) 11/08 22:10:27 Image size of job updated: 1057736
	515  -  MemoryUsage of job (MB)
	526700  -  ResidentSetSize of job (KB)
...
005 (2492235.014.000) 11/08 22:15:31 Job terminated.
	(1) Normal termination (return value 0)
		Usr 0 00:06:50, Sys 0 00:00:26  -  Run Remote Usage
		Usr 0 00:00:00, Sys 0 00:00:00  -  Run Local Usage
		Usr 0 00:06:50, Sys 0 00:00:26  -  Total Remote Usage
		Usr 0 00:00:00, Sys 0 00:00:00  -  Total Local Usage
	0  -  Run Bytes Sent By Job
	0  -  Run Bytes Received By Job
	0  -  Total Bytes Sent By Job
	0  -  Total Bytes Received By Job
	Partitionable Resources :    Usage  Request Allocated
	   Cpus                 :                 1         1
	   Disk (KB)            :        1        1   2369792
	   Memory (MB)          :      515        1      4035
...
