000 (2493183.014.000) 11/09 00:44:13 Job submitted from host: <192.168.1.109:9714>
...
001 (2493183.014.000) 11/09 00:44:21 Job executing on host: <192.168.1.50:9434>
...
006 (2493183.014.000) 11/09 00:44:30 Image size of job updated: 464548
	131  -  MemoryUsage of job (MB)
	133276  -  ResidentSetSize of job (KB)
...
006 (2493183.014.000) 11/09 00:49:31 Image size of job updated: 1053192
	488  -  MemoryUsage of job (MB)
	498884  -  ResidentSetSize of job (KB)
...
006 (2493183.014.000) 11/09 00:54:32 Image size of job updated: 1053192
	500  -  MemoryUsage of job (MB)
	511748  -  ResidentSetSize of job (KB)
...
006 (2493183.014.000) 11/09 00:59:32 Image size of job updated: 1053192
	608  -  MemoryUsage of job (MB)
	622040  -  ResidentSetSize of job (KB)
...
006 (2493183.014.000) 11/09 01:04:33 Image size of job updated: 1053192
	608  -  MemoryUsage of job (MB)
	622208  -  ResidentSetSize of job (KB)
...
005 (2493183.014.000) 11/09 01:04:47 Job terminated.
	(1) Normal termination (return value 0)
		Usr 0 00:03:36, Sys 0 00:00:18  -  Run Remote Usage
		Usr 0 00:00:00, Sys 0 00:00:00  -  Run Local Usage
		Usr 0 00:03:36, Sys 0 00:00:18  -  Total Remote Usage
		Usr 0 00:00:00, Sys 0 00:00:00  -  Total Local Usage
	0  -  Run Bytes Sent By Job
	0  -  Run Bytes Received By Job
	0  -  Total Bytes Sent By Job
	0  -  Total Bytes Received By Job
	Partitionable Resources :    Usage  Request Allocated
	   Cpus                 :                 1         1
	   Disk (KB)            :        1        1  28380038
	   Memory (MB)          :      608        1      4033
...
