000 (2504799.014.000) 11/16 00:18:58 Job submitted from host: <192.168.1.109:9714>
...
001 (2504799.014.000) 11/16 00:19:29 Job executing on host: <192.168.1.46:9845>
...
006 (2504799.014.000) 11/16 00:19:38 Image size of job updated: 337596
	45  -  MemoryUsage of job (MB)
	45936  -  ResidentSetSize of job (KB)
...
006 (2504799.014.000) 11/16 00:20:01 Image size of job updated: 447248
	45  -  MemoryUsage of job (MB)
	45936  -  ResidentSetSize of job (KB)
...
005 (2504799.014.000) 11/16 00:20:01 Job terminated.
	(1) Normal termination (return value 0)
		Usr 0 00:00:04, Sys 0 00:00:00  -  Run Remote Usage
		Usr 0 00:00:00, Sys 0 00:00:00  -  Run Local Usage
		Usr 0 00:00:04, Sys 0 00:00:00  -  Total Remote Usage
		Usr 0 00:00:00, Sys 0 00:00:00  -  Total Local Usage
	0  -  Run Bytes Sent By Job
	0  -  Run Bytes Received By Job
	0  -  Total Bytes Sent By Job
	0  -  Total Bytes Received By Job
	Partitionable Resources :    Usage  Request Allocated
	   Cpus                 :                 1         1
	   Disk (KB)            :        1        1   2372052
	   Memory (MB)          :       45        1      4035
...
