000 (2511949.021.000) 11/17 23:24:49 Job submitted from host: <192.168.1.109:9714>
...
001 (2511949.021.000) 11/17 23:28:54 Job executing on host: <192.168.1.47:9634>
...
006 (2511949.021.000) 11/17 23:29:03 Image size of job updated: 868304
	204  -  MemoryUsage of job (MB)
	207960  -  ResidentSetSize of job (KB)
...
006 (2511949.021.000) 11/17 23:31:23 Image size of job updated: 917800
	204  -  MemoryUsage of job (MB)
	207960  -  ResidentSetSize of job (KB)
...
005 (2511949.021.000) 11/17 23:31:23 Job terminated.
	(1) Normal termination (return value 0)
		Usr 0 00:01:52, Sys 0 00:00:10  -  Run Remote Usage
		Usr 0 00:00:00, Sys 0 00:00:00  -  Run Local Usage
		Usr 0 00:01:52, Sys 0 00:00:10  -  Total Remote Usage
		Usr 0 00:00:00, Sys 0 00:00:00  -  Total Local Usage
	0  -  Run Bytes Sent By Job
	0  -  Run Bytes Received By Job
	0  -  Total Bytes Sent By Job
	0  -  Total Bytes Received By Job
	Partitionable Resources :    Usage  Request Allocated
	   Cpus                 :                 1         1
	   Disk (KB)            :        1        1  28378188
	   Memory (MB)          :      204        1      4033
...
