000 (2492952.026.000) 11/08 23:57:21 Job submitted from host: <192.168.1.109:9714>
...
001 (2492952.026.000) 11/08 23:57:55 Job executing on host: <192.168.1.64:9697>
...
006 (2492952.026.000) 11/08 23:58:03 Image size of job updated: 443828
	0  -  MemoryUsage of job (MB)
	0  -  ResidentSetSize of job (KB)
...
005 (2492952.026.000) 11/08 23:58:03 Job terminated.
	(1) Normal termination (return value 6)
		Usr 0 00:00:04, Sys 0 00:00:00  -  Run Remote Usage
		Usr 0 00:00:00, Sys 0 00:00:00  -  Run Local Usage
		Usr 0 00:00:04, Sys 0 00:00:00  -  Total Remote Usage
		Usr 0 00:00:00, Sys 0 00:00:00  -  Total Local Usage
	0  -  Run Bytes Sent By Job
	0  -  Run Bytes Received By Job
	0  -  Total Bytes Sent By Job
	0  -  Total Bytes Received By Job
	Partitionable Resources :    Usage  Request Allocated
	   Cpus                 :                 1         1
	   Disk (KB)            :        1        1  19564617
	   Memory (MB)          :        0        1      4033
...
