000 (2491851.043.000) 11/08 20:36:46 Job submitted from host: <192.168.1.109:9714>
...
001 (2491851.043.000) 11/08 20:37:14 Job executing on host: <192.168.1.65:9393>
...
006 (2491851.043.000) 11/08 20:37:23 Image size of job updated: 338148
	60  -  MemoryUsage of job (MB)
	60948  -  ResidentSetSize of job (KB)
...
006 (2491851.043.000) 11/08 20:42:24 Image size of job updated: 1020720
	427  -  MemoryUsage of job (MB)
	437060  -  ResidentSetSize of job (KB)
...
006 (2491851.043.000) 11/08 20:47:24 Image size of job updated: 1020720
	429  -  MemoryUsage of job (MB)
	439044  -  ResidentSetSize of job (KB)
...
006 (2491851.043.000) 11/08 20:52:24 Image size of job updated: 1020720
	430  -  MemoryUsage of job (MB)
	439440  -  ResidentSetSize of job (KB)
...
006 (2491851.043.000) 11/08 20:57:25 Image size of job updated: 1020720
	531  -  MemoryUsage of job (MB)
	543460  -  ResidentSetSize of job (KB)
...
006 (2491851.043.000) 11/08 21:02:25 Image size of job updated: 1020720
	546  -  MemoryUsage of job (MB)
	559088  -  ResidentSetSize of job (KB)
...
006 (2491851.043.000) 11/08 21:07:25 Image size of job updated: 1020720
	547  -  MemoryUsage of job (MB)
	559128  -  ResidentSetSize of job (KB)
...
005 (2491851.043.000) 11/08 21:08:55 Job terminated.
	(1) Normal termination (return value 0)
		Usr 0 00:21:21, Sys 0 00:00:43  -  Run Remote Usage
		Usr 0 00:00:00, Sys 0 00:00:00  -  Run Local Usage
		Usr 0 00:21:21, Sys 0 00:00:43  -  Total Remote Usage
		Usr 0 00:00:00, Sys 0 00:00:00  -  Total Local Usage
	0  -  Run Bytes Sent By Job
	0  -  Run Bytes Received By Job
	0  -  Total Bytes Sent By Job
	0  -  Total Bytes Received By Job
	Partitionable Resources :    Usage  Request Allocated
	   Cpus                 :                 1         1
	   Disk (KB)            :        1        1  19563987
	   Memory (MB)          :      547        1      4033
...
