000 (2491133.043.000) 11/08 19:40:18 Job submitted from host: <192.168.1.109:9714>
...
001 (2491133.043.000) 11/08 19:40:53 Job executing on host: <192.168.1.46:9845>
...
006 (2491133.043.000) 11/08 19:41:02 Image size of job updated: 342252
	54  -  MemoryUsage of job (MB)
	54352  -  ResidentSetSize of job (KB)
...
006 (2491133.043.000) 11/08 19:46:03 Image size of job updated: 1020724
	498  -  MemoryUsage of job (MB)
	509064  -  ResidentSetSize of job (KB)
...
006 (2491133.043.000) 11/08 19:51:03 Image size of job updated: 1020724
	499  -  MemoryUsage of job (MB)
	510864  -  ResidentSetSize of job (KB)
...
006 (2491133.043.000) 11/08 19:56:03 Image size of job updated: 1020724
	501  -  MemoryUsage of job (MB)
	512504  -  ResidentSetSize of job (KB)
...
006 (2491133.043.000) 11/08 20:01:04 Image size of job updated: 1234352
	841  -  MemoryUsage of job (MB)
	860580  -  ResidentSetSize of job (KB)
...
005 (2491133.043.000) 11/08 20:05:20 Job terminated.
	(1) Normal termination (return value 0)
		Usr 0 00:10:15, Sys 0 00:00:45  -  Run Remote Usage
		Usr 0 00:00:00, Sys 0 00:00:00  -  Run Local Usage
		Usr 0 00:10:15, Sys 0 00:00:45  -  Total Remote Usage
		Usr 0 00:00:00, Sys 0 00:00:00  -  Total Local Usage
	0  -  Run Bytes Sent By Job
	0  -  Run Bytes Received By Job
	0  -  Total Bytes Sent By Job
	0  -  Total Bytes Received By Job
	Partitionable Resources :    Usage  Request Allocated
	   Cpus                 :                 1         1
	   Disk (KB)            :        1        1   2371642
	   Memory (MB)          :      841        1      4035
...
