000 (2491901.001.000) 11/08 20:40:10 Job submitted from host: <192.168.1.109:9714>
...
001 (2491901.001.000) 11/08 20:43:52 Job executing on host: <192.168.1.51:9694>
...
006 (2491901.001.000) 11/08 20:44:01 Image size of job updated: 1
	3  -  MemoryUsage of job (MB)
	2112  -  ResidentSetSize of job (KB)
...
006 (2491901.001.000) 11/08 20:48:16 Image size of job updated: 2896556
	3  -  MemoryUsage of job (MB)
	2112  -  ResidentSetSize of job (KB)
...
005 (2491901.001.000) 11/08 20:48:16 Job terminated.
	(1) Normal termination (return value 1)
		Usr 0 00:00:52, Sys 0 00:00:02  -  Run Remote Usage
		Usr 0 00:00:00, Sys 0 00:00:00  -  Run Local Usage
		Usr 0 00:00:52, Sys 0 00:00:02  -  Total Remote Usage
		Usr 0 00:00:00, Sys 0 00:00:00  -  Total Local Usage
	0  -  Run Bytes Sent By Job
	0  -  Run Bytes Received By Job
	0  -  Total Bytes Sent By Job
	0  -  Total Bytes Received By Job
	Partitionable Resources :    Usage  Request Allocated
	   Cpus                 :                 1         1
	   Disk (KB)            :        1        1  28379405
	   Memory (MB)          :        3        1      4033
...
