000 (2485819.000.000) 11/07 22:35:28 Job submitted from host: <192.168.1.109:9714>
...
001 (2485819.000.000) 11/07 22:35:41 Job executing on host: <192.168.1.51:9694>
...
006 (2485819.000.000) 11/07 22:35:50 Image size of job updated: 97472
	3  -  MemoryUsage of job (MB)
	2184  -  ResidentSetSize of job (KB)
...
006 (2485819.000.000) 11/07 22:40:50 Image size of job updated: 987308
	484  -  MemoryUsage of job (MB)
	494848  -  ResidentSetSize of job (KB)
...
006 (2485819.000.000) 11/07 22:45:51 Image size of job updated: 987308
	484  -  MemoryUsage of job (MB)
	494952  -  ResidentSetSize of job (KB)
...
005 (2485819.000.000) 11/07 22:47:17 Job terminated.
	(1) Normal termination (return value 0)
		Usr 0 00:07:26, Sys 0 00:00:30  -  Run Remote Usage
		Usr 0 00:00:00, Sys 0 00:00:00  -  Run Local Usage
		Usr 0 00:07:26, Sys 0 00:00:30  -  Total Remote Usage
		Usr 0 00:00:00, Sys 0 00:00:00  -  Total Local Usage
	0  -  Run Bytes Sent By Job
	0  -  Run Bytes Received By Job
	0  -  Total Bytes Sent By Job
	0  -  Total Bytes Received By Job
	Partitionable Resources :    Usage  Request Allocated
	   Cpus                 :                 1         1
	   Disk (KB)            :        1        1  28377861
	   Memory (MB)          :      484        1      4033
...
