000 (2491901.000.000) 11/08 20:40:10 Job submitted from host: <192.168.1.109:9714>
...
001 (2491901.000.000) 11/08 20:40:53 Job executing on host: <192.168.1.65:9393>
...
006 (2491901.000.000) 11/08 20:41:02 Image size of job updated: 352028
	78  -  MemoryUsage of job (MB)
	79080  -  ResidentSetSize of job (KB)
...
006 (2491901.000.000) 11/08 20:43:21 Image size of job updated: 2665248
	78  -  MemoryUsage of job (MB)
	79080  -  ResidentSetSize of job (KB)
...
005 (2491901.000.000) 11/08 20:43:21 Job terminated.
	(1) Normal termination (return value 1)
		Usr 0 00:01:31, Sys 0 00:00:03  -  Run Remote Usage
		Usr 0 00:00:00, Sys 0 00:00:00  -  Run Local Usage
		Usr 0 00:01:31, Sys 0 00:00:03  -  Total Remote Usage
		Usr 0 00:00:00, Sys 0 00:00:00  -  Total Local Usage
	0  -  Run Bytes Sent By Job
	0  -  Run Bytes Received By Job
	0  -  Total Bytes Sent By Job
	0  -  Total Bytes Received By Job
	Partitionable Resources :    Usage  Request Allocated
	   Cpus                 :                 1         1
	   Disk (KB)            :        1        1  19563904
	   Memory (MB)          :       78        1      4033
...
