000 (2492932.041.000) 11/08 23:53:04 Job submitted from host: <192.168.1.109:9714>
...
001 (2492932.041.000) 11/08 23:53:26 Job executing on host: <192.168.1.48:9634>
...
006 (2492932.041.000) 11/08 23:53:35 Image size of job updated: 353316
	76  -  MemoryUsage of job (MB)
	77384  -  ResidentSetSize of job (KB)
...
005 (2492932.041.000) 11/08 23:53:39 Job terminated.
	(1) Normal termination (return value 0)
		Usr 0 00:00:06, Sys 0 00:00:00  -  Run Remote Usage
		Usr 0 00:00:00, Sys 0 00:00:00  -  Run Local Usage
		Usr 0 00:00:06, Sys 0 00:00:00  -  Total Remote Usage
		Usr 0 00:00:00, Sys 0 00:00:00  -  Total Local Usage
	0  -  Run Bytes Sent By Job
	0  -  Run Bytes Received By Job
	0  -  Total Bytes Sent By Job
	0  -  Total Bytes Received By Job
	Partitionable Resources :    Usage  Request Allocated
	   Cpus                 :                 1         1
	   Disk (KB)            :        1        1  28379855
	   Memory (MB)          :       76        1      4033
...
