000 (2464979.084.000) 11/02 16:50:21 Job submitted from host: <192.168.1.109:9308>
...
001 (2464979.084.000) 11/02 16:50:39 Job executing on host: <192.168.1.67:9358>
...
006 (2464979.084.000) 11/02 16:50:47 Image size of job updated: 94288
	3  -  MemoryUsage of job (MB)
	2536  -  ResidentSetSize of job (KB)
...
006 (2464979.084.000) 11/02 16:55:47 Image size of job updated: 908644
	363  -  MemoryUsage of job (MB)
	371476  -  ResidentSetSize of job (KB)
...
006 (2464979.084.000) 11/02 17:00:49 Image size of job updated: 908644
	471  -  MemoryUsage of job (MB)
	481344  -  ResidentSetSize of job (KB)
...
005 (2464979.084.000) 11/02 17:02:52 Job terminated.
	(1) Normal termination (return value 0)
		Usr 0 00:09:56, Sys 0 00:00:25  -  Run Remote Usage
		Usr 0 00:00:00, Sys 0 00:00:00  -  Run Local Usage
		Usr 0 00:09:56, Sys 0 00:00:25  -  Total Remote Usage
		Usr 0 00:00:00, Sys 0 00:00:00  -  Total Local Usage
	0  -  Run Bytes Sent By Job
	0  -  Run Bytes Received By Job
	0  -  Total Bytes Sent By Job
	0  -  Total Bytes Received By Job
	Partitionable Resources :    Usage  Request Allocated
	   Cpus                 :                 1         1
	   Disk (KB)            :        1        1  19564341
	   Memory (MB)          :      471        1      4033
...
