000 (2493172.084.000) 11/09 00:41:41 Job submitted from host: <192.168.1.109:9714>
...
001 (2493172.084.000) 11/09 00:41:55 Job executing on host: <192.168.1.47:9634>
...
006 (2493172.084.000) 11/09 00:42:04 Image size of job updated: 97468
	3  -  MemoryUsage of job (MB)
	2176  -  ResidentSetSize of job (KB)
...
006 (2493172.084.000) 11/09 00:47:05 Image size of job updated: 964592
	383  -  MemoryUsage of job (MB)
	391332  -  ResidentSetSize of job (KB)
...
006 (2493172.084.000) 11/09 00:52:06 Image size of job updated: 964592
	479  -  MemoryUsage of job (MB)
	489996  -  ResidentSetSize of job (KB)
...
006 (2493172.084.000) 11/09 00:57:06 Image size of job updated: 964592
	480  -  MemoryUsage of job (MB)
	490700  -  ResidentSetSize of job (KB)
...
006 (2493172.084.000) 11/09 01:07:08 Image size of job updated: 964592
	480  -  MemoryUsage of job (MB)
	490712  -  ResidentSetSize of job (KB)
...
005 (2493172.084.000) 11/09 01:07:42 Job terminated.
	(1) Normal termination (return value 0)
		Usr 0 00:04:38, Sys 0 00:00:24  -  Run Remote Usage
		Usr 0 00:00:00, Sys 0 00:00:00  -  Run Local Usage
		Usr 0 00:04:38, Sys 0 00:00:24  -  Total Remote Usage
		Usr 0 00:00:00, Sys 0 00:00:00  -  Total Local Usage
	0  -  Run Bytes Sent By Job
	0  -  Run Bytes Received By Job
	0  -  Total Bytes Sent By Job
	0  -  Total Bytes Received By Job
	Partitionable Resources :    Usage  Request Allocated
	   Cpus                 :                 1         1
	   Disk (KB)            :        1        1  28380818
	   Memory (MB)          :      480        1      4033
...
