000 (2504804.084.000) 11/16 01:06:13 Job submitted from host: <192.168.1.109:9714>
...
001 (2504804.084.000) 11/16 01:06:36 Job executing on host: <192.168.1.67:9583>
...
006 (2504804.084.000) 11/16 01:06:44 Image size of job updated: 24488
	3  -  MemoryUsage of job (MB)
	2684  -  ResidentSetSize of job (KB)
...
006 (2504804.084.000) 11/16 01:11:44 Image size of job updated: 961236
	447  -  MemoryUsage of job (MB)
	457700  -  ResidentSetSize of job (KB)
...
006 (2504804.084.000) 11/16 01:16:45 Image size of job updated: 961236
	448  -  MemoryUsage of job (MB)
	457868  -  ResidentSetSize of job (KB)
...
005 (2504804.084.000) 11/16 01:17:32 Job terminated.
	(1) Normal termination (return value 0)
		Usr 0 00:07:05, Sys 0 00:00:34  -  Run Remote Usage
		Usr 0 00:00:00, Sys 0 00:00:00  -  Run Local Usage
		Usr 0 00:07:05, Sys 0 00:00:34  -  Total Remote Usage
		Usr 0 00:00:00, Sys 0 00:00:00  -  Total Local Usage
	0  -  Run Bytes Sent By Job
	0  -  Run Bytes Received By Job
	0  -  Total Bytes Sent By Job
	0  -  Total Bytes Received By Job
	Partitionable Resources :    Usage  Request Allocated
	   Cpus                 :                 1         1
	   Disk (KB)            :        1        1  19564283
	   Memory (MB)          :      448        1      4033
...
