000 (2504798.084.000) 11/15 23:52:38 Job submitted from host: <192.168.1.109:9714>
...
001 (2504798.084.000) 11/15 23:52:46 Job executing on host: <192.168.1.68:9996>
...
006 (2504798.084.000) 11/15 23:52:55 Image size of job updated: 181740
	2  -  MemoryUsage of job (MB)
	1832  -  ResidentSetSize of job (KB)
...
006 (2504798.084.000) 11/15 23:57:55 Image size of job updated: 957672
	489  -  MemoryUsage of job (MB)
	499716  -  ResidentSetSize of job (KB)
...
006 (2504798.084.000) 11/16 00:02:55 Image size of job updated: 957672
	532  -  MemoryUsage of job (MB)
	544032  -  ResidentSetSize of job (KB)
...
005 (2504798.084.000) 11/16 00:05:34 Job terminated.
	(1) Normal termination (return value 0)
		Usr 0 00:10:43, Sys 0 00:00:35  -  Run Remote Usage
		Usr 0 00:00:00, Sys 0 00:00:00  -  Run Local Usage
		Usr 0 00:10:43, Sys 0 00:00:35  -  Total Remote Usage
		Usr 0 00:00:00, Sys 0 00:00:00  -  Total Local Usage
	0  -  Run Bytes Sent By Job
	0  -  Run Bytes Received By Job
	0  -  Total Bytes Sent By Job
	0  -  Total Bytes Received By Job
	Partitionable Resources :    Usage  Request Allocated
	   Cpus                 :                 1         1
	   Disk (KB)            :        1        1  20250705
	   Memory (MB)          :      532        1      4038
...
