000 (2485823.046.000) 11/07 23:48:29 Job submitted from host: <192.168.1.109:9714>
...
001 (2485823.046.000) 11/07 23:48:38 Job executing on host: <192.168.1.45:9392>
...
006 (2485823.046.000) 11/07 23:48:47 Image size of job updated: 359032
	66  -  MemoryUsage of job (MB)
	66904  -  ResidentSetSize of job (KB)
...
006 (2485823.046.000) 11/07 23:53:48 Image size of job updated: 1013748
	502  -  MemoryUsage of job (MB)
	513036  -  ResidentSetSize of job (KB)
...
006 (2485823.046.000) 11/07 23:58:48 Image size of job updated: 1013748
	563  -  MemoryUsage of job (MB)
	576336  -  ResidentSetSize of job (KB)
...
006 (2485823.046.000) 11/08 00:03:48 Image size of job updated: 1013748
	619  -  MemoryUsage of job (MB)
	633036  -  ResidentSetSize of job (KB)
...
006 (2485823.046.000) 11/08 00:08:49 Image size of job updated: 1013748
	619  -  MemoryUsage of job (MB)
	633600  -  ResidentSetSize of job (KB)
...
006 (2485823.046.000) 11/08 00:13:49 Image size of job updated: 1013748
	619  -  MemoryUsage of job (MB)
	633688  -  ResidentSetSize of job (KB)
...
005 (2485823.046.000) 11/08 00:18:22 Job terminated.
	(1) Normal termination (return value 0)
		Usr 0 00:08:54, Sys 0 00:00:27  -  Run Remote Usage
		Usr 0 00:00:00, Sys 0 00:00:00  -  Run Local Usage
		Usr 0 00:08:54, Sys 0 00:00:27  -  Total Remote Usage
		Usr 0 00:00:00, Sys 0 00:00:00  -  Total Local Usage
	0  -  Run Bytes Sent By Job
	0  -  Run Bytes Received By Job
	0  -  Total Bytes Sent By Job
	0  -  Total Bytes Received By Job
	Partitionable Resources :    Usage  Request Allocated
	   Cpus                 :                 1         1
	   Disk (KB)            :        1        1   2346485
	   Memory (MB)          :      619        1      4035
...
