000 (2491851.046.000) 11/08 20:36:47 Job submitted from host: <192.168.1.109:9714>
...
001 (2491851.046.000) 11/08 20:37:14 Job executing on host: <192.168.1.48:9634>
...
006 (2491851.046.000) 11/08 20:37:23 Image size of job updated: 352908
	48  -  MemoryUsage of job (MB)
	48932  -  ResidentSetSize of job (KB)
...
006 (2491851.046.000) 11/08 20:42:23 Image size of job updated: 1013744
	419  -  MemoryUsage of job (MB)
	428148  -  ResidentSetSize of job (KB)
...
006 (2491851.046.000) 11/08 20:47:23 Image size of job updated: 1013744
	422  -  MemoryUsage of job (MB)
	431504  -  ResidentSetSize of job (KB)
...
006 (2491851.046.000) 11/08 20:52:24 Image size of job updated: 1013744
	422  -  MemoryUsage of job (MB)
	431968  -  ResidentSetSize of job (KB)
...
006 (2491851.046.000) 11/08 20:57:24 Image size of job updated: 1013744
	423  -  MemoryUsage of job (MB)
	432604  -  ResidentSetSize of job (KB)
...
006 (2491851.046.000) 11/08 21:02:24 Image size of job updated: 1013744
	443  -  MemoryUsage of job (MB)
	453620  -  ResidentSetSize of job (KB)
...
005 (2491851.046.000) 11/08 21:04:14 Job terminated.
	(1) Normal termination (return value 0)
		Usr 0 00:09:11, Sys 0 00:00:32  -  Run Remote Usage
		Usr 0 00:00:00, Sys 0 00:00:00  -  Run Local Usage
		Usr 0 00:09:11, Sys 0 00:00:32  -  Total Remote Usage
		Usr 0 00:00:00, Sys 0 00:00:00  -  Total Local Usage
	0  -  Run Bytes Sent By Job
	0  -  Run Bytes Received By Job
	0  -  Total Bytes Sent By Job
	0  -  Total Bytes Received By Job
	Partitionable Resources :    Usage  Request Allocated
	   Cpus                 :                 1         1
	   Disk (KB)            :        1        1  28380044
	   Memory (MB)          :      443        1      4033
...
