000 (2491133.046.000) 11/08 19:40:18 Job submitted from host: <192.168.1.109:9714>
...
001 (2491133.046.000) 11/08 19:40:56 Job executing on host: <192.168.1.42:9515>
...
006 (2491133.046.000) 11/08 19:41:05 Image size of job updated: 31184
	3  -  MemoryUsage of job (MB)
	2808  -  ResidentSetSize of job (KB)
...
006 (2491133.046.000) 11/08 19:46:06 Image size of job updated: 1013748
	502  -  MemoryUsage of job (MB)
	513228  -  ResidentSetSize of job (KB)
...
006 (2491133.046.000) 11/08 19:51:07 Image size of job updated: 1013748
	502  -  MemoryUsage of job (MB)
	513980  -  ResidentSetSize of job (KB)
...
006 (2491133.046.000) 11/08 19:56:07 Image size of job updated: 1013748
	503  -  MemoryUsage of job (MB)
	514084  -  ResidentSetSize of job (KB)
...
006 (2491133.046.000) 11/08 20:01:07 Image size of job updated: 1226168
	737  -  MemoryUsage of job (MB)
	754236  -  ResidentSetSize of job (KB)
...
005 (2491133.046.000) 11/08 20:03:36 Job terminated.
	(1) Normal termination (return value 0)
		Usr 0 00:10:12, Sys 0 00:00:38  -  Run Remote Usage
		Usr 0 00:00:00, Sys 0 00:00:00  -  Run Local Usage
		Usr 0 00:10:12, Sys 0 00:00:38  -  Total Remote Usage
		Usr 0 00:00:00, Sys 0 00:00:00  -  Total Local Usage
	0  -  Run Bytes Sent By Job
	0  -  Run Bytes Received By Job
	0  -  Total Bytes Sent By Job
	0  -  Total Bytes Received By Job
	Partitionable Resources :    Usage  Request Allocated
	   Cpus                 :                 1         1
	   Disk (KB)            :        1        1   2371219
	   Memory (MB)          :      737        1      4035
...
