000 (2492234.054.000) 11/08 21:18:49 Job submitted from host: <192.168.1.109:9714>
...
001 (2492234.054.000) 11/08 21:19:25 Job executing on host: <192.168.1.61:9618?addrs=192.168.1.61-9618+[--1]-9618&noUDP&sock=2538_1044_3>
...
006 (2492234.054.000) 11/08 21:19:33 Image size of job updated: 352872
	91  -  MemoryUsage of job (MB)
	92836  -  ResidentSetSize of job (KB)
...
006 (2492234.054.000) 11/08 21:19:47 Image size of job updated: 490984
	91  -  MemoryUsage of job (MB)
	92836  -  ResidentSetSize of job (KB)
...
005 (2492234.054.000) 11/08 21:19:47 Job terminated.
	(1) Normal termination (return value 0)
		Usr 0 00:00:12, Sys 0 00:00:00  -  Run Remote Usage
		Usr 0 00:00:00, Sys 0 00:00:00  -  Run Local Usage
		Usr 0 00:00:12, Sys 0 00:00:00  -  Total Remote Usage
		Usr 0 00:00:00, Sys 0 00:00:00  -  Total Local Usage
	0  -  Run Bytes Sent By Job
	0  -  Run Bytes Received By Job
	0  -  Total Bytes Sent By Job
	0  -  Total Bytes Received By Job
	Partitionable Resources :    Usage  Request Allocated
	   Cpus                 :                 1         1
	   Disk (KB)            :        1        1   1562830
	   Memory (MB)          :       91        1         1
...
