000 (2506670.054.000) 11/17 00:08:51 Job submitted from host: <192.168.1.109:9714>
...
001 (2506670.054.000) 11/17 00:09:01 Job executing on host: <192.168.1.68:9996>
...
006 (2506670.054.000) 11/17 00:09:10 Image size of job updated: 15608
	2  -  MemoryUsage of job (MB)
	1412  -  ResidentSetSize of job (KB)
...
006 (2506670.054.000) 11/17 00:09:46 Image size of job updated: 475380
	2  -  MemoryUsage of job (MB)
	1412  -  ResidentSetSize of job (KB)
...
005 (2506670.054.000) 11/17 00:09:46 Job terminated.
	(1) Normal termination (return value 0)
		Usr 0 00:00:13, Sys 0 00:00:01  -  Run Remote Usage
		Usr 0 00:00:00, Sys 0 00:00:00  -  Run Local Usage
		Usr 0 00:00:13, Sys 0 00:00:01  -  Total Remote Usage
		Usr 0 00:00:00, Sys 0 00:00:00  -  Total Local Usage
	0  -  Run Bytes Sent By Job
	0  -  Run Bytes Received By Job
	0  -  Total Bytes Sent By Job
	0  -  Total Bytes Received By Job
	Partitionable Resources :    Usage  Request Allocated
	   Cpus                 :                 1         1
	   Disk (KB)            :        1        1  20250709
	   Memory (MB)          :        2        1      4038
...
