000 (2491133.112.000) 11/08 19:40:19 Job submitted from host: <192.168.1.109:9714>
...
001 (2491133.112.000) 11/08 19:40:54 Job executing on host: <192.168.1.50:9434>
...
006 (2491133.112.000) 11/08 19:41:03 Image size of job updated: 338012
	37  -  MemoryUsage of job (MB)
	37308  -  ResidentSetSize of job (KB)
...
006 (2491133.112.000) 11/08 19:41:57 Image size of job updated: 492480
	37  -  MemoryUsage of job (MB)
	37308  -  ResidentSetSize of job (KB)
...
005 (2491133.112.000) 11/08 19:41:57 Job terminated.
	(1) Normal termination (return value 0)
		Usr 0 00:00:11, Sys 0 00:00:01  -  Run Remote Usage
		Usr 0 00:00:00, Sys 0 00:00:00  -  Run Local Usage
		Usr 0 00:00:11, Sys 0 00:00:01  -  Total Remote Usage
		Usr 0 00:00:00, Sys 0 00:00:00  -  Total Local Usage
	0  -  Run Bytes Sent By Job
	0  -  Run Bytes Received By Job
	0  -  Total Bytes Sent By Job
	0  -  Total Bytes Received By Job
	Partitionable Resources :    Usage  Request Allocated
	   Cpus                 :                 1         1
	   Disk (KB)            :        1        1  28379675
	   Memory (MB)          :       37        1      4033
...
