000 (2492645.002.000) 11/08 22:48:09 Job submitted from host: <192.168.1.109:9714>
...
001 (2492645.002.000) 11/08 22:48:21 Job executing on host: <192.168.1.46:9845>
...
006 (2492645.002.000) 11/08 22:48:29 Image size of job updated: 446488
	112  -  MemoryUsage of job (MB)
	114424  -  ResidentSetSize of job (KB)
...
006 (2492645.002.000) 11/08 22:48:37 Image size of job updated: 456676
	112  -  MemoryUsage of job (MB)
	114424  -  ResidentSetSize of job (KB)
...
005 (2492645.002.000) 11/08 22:48:38 Job terminated.
	(1) Normal termination (return value 0)
		Usr 0 00:00:03, Sys 0 00:00:00  -  Run Remote Usage
		Usr 0 00:00:00, Sys 0 00:00:00  -  Run Local Usage
		Usr 0 00:00:03, Sys 0 00:00:00  -  Total Remote Usage
		Usr 0 00:00:00, Sys 0 00:00:00  -  Total Local Usage
	0  -  Run Bytes Sent By Job
	0  -  Run Bytes Received By Job
	0  -  Total Bytes Sent By Job
	0  -  Total Bytes Received By Job
	Partitionable Resources :    Usage  Request Allocated
	   Cpus                 :                 1         1
	   Disk (KB)            :        1        1   2371553
	   Memory (MB)          :      112        1      4035
...
