000 (2485823.004.000) 11/07 23:48:28 Job submitted from host: <192.168.1.109:9714>
...
001 (2485823.004.000) 11/07 23:48:36 Job executing on host: <192.168.1.42:9515>
...
006 (2485823.004.000) 11/07 23:48:45 Image size of job updated: 97668
	3  -  MemoryUsage of job (MB)
	2692  -  ResidentSetSize of job (KB)
...
006 (2485823.004.000) 11/07 23:53:46 Image size of job updated: 996852
	485  -  MemoryUsage of job (MB)
	495736  -  ResidentSetSize of job (KB)
...
006 (2485823.004.000) 11/07 23:58:46 Image size of job updated: 996852
	485  -  MemoryUsage of job (MB)
	496400  -  ResidentSetSize of job (KB)
...
006 (2485823.004.000) 11/08 00:03:46 Image size of job updated: 996852
	486  -  MemoryUsage of job (MB)
	497528  -  ResidentSetSize of job (KB)
...
006 (2485823.004.000) 11/08 00:08:47 Image size of job updated: 996852
	487  -  MemoryUsage of job (MB)
	498016  -  ResidentSetSize of job (KB)
...
006 (2485823.004.000) 11/08 00:13:48 Image size of job updated: 996852
	487  -  MemoryUsage of job (MB)
	498288  -  ResidentSetSize of job (KB)
...
006 (2485823.004.000) 11/08 00:18:48 Image size of job updated: 996852
	487  -  MemoryUsage of job (MB)
	498556  -  ResidentSetSize of job (KB)
...
006 (2485823.004.000) 11/08 00:23:49 Image size of job updated: 996852
	488  -  MemoryUsage of job (MB)
	498864  -  ResidentSetSize of job (KB)
...
006 (2485823.004.000) 11/08 00:28:50 Image size of job updated: 996852
	488  -  MemoryUsage of job (MB)
	499228  -  ResidentSetSize of job (KB)
...
006 (2485823.004.000) 11/08 00:33:50 Image size of job updated: 996852
	488  -  MemoryUsage of job (MB)
	499372  -  ResidentSetSize of job (KB)
...
006 (2485823.004.000) 11/08 00:38:50 Image size of job updated: 996852
	488  -  MemoryUsage of job (MB)
	499424  -  ResidentSetSize of job (KB)
...
006 (2485823.004.000) 11/08 00:43:51 Image size of job updated: 996852
	488  -  MemoryUsage of job (MB)
	499496  -  ResidentSetSize of job (KB)
...
006 (2485823.004.000) 11/08 00:48:51 Image size of job updated: 996852
	489  -  MemoryUsage of job (MB)
	499716  -  ResidentSetSize of job (KB)
...
006 (2485823.004.000) 11/08 00:53:51 Image size of job updated: 996852
	489  -  MemoryUsage of job (MB)
	499920  -  ResidentSetSize of job (KB)
...
006 (2485823.004.000) 11/08 00:58:52 Image size of job updated: 996852
	489  -  MemoryUsage of job (MB)
	499968  -  ResidentSetSize of job (KB)
...
006 (2485823.004.000) 11/08 01:03:52 Image size of job updated: 996852
	489  -  MemoryUsage of job (MB)
	500016  -  ResidentSetSize of job (KB)
...
006 (2485823.004.000) 11/08 01:08:52 Image size of job updated: 996852
	489  -  MemoryUsage of job (MB)
	500024  -  ResidentSetSize of job (KB)
...
006 (2485823.004.000) 11/08 01:13:53 Image size of job updated: 996852
	489  -  MemoryUsage of job (MB)
	500236  -  ResidentSetSize of job (KB)
...
006 (2485823.004.000) 11/08 01:18:54 Image size of job updated: 996852
	489  -  MemoryUsage of job (MB)
	500252  -  ResidentSetSize of job (KB)
...
006 (2485823.004.000) 11/08 01:23:54 Image size of job updated: 996852
	598  -  MemoryUsage of job (MB)
	612196  -  ResidentSetSize of job (KB)
...
006 (2485823.004.000) 11/08 01:28:54 Image size of job updated: 996852
	610  -  MemoryUsage of job (MB)
	624116  -  ResidentSetSize of job (KB)
...
006 (2485823.004.000) 11/08 01:33:55 Image size of job updated: 996852
	610  -  MemoryUsage of job (MB)
	624244  -  ResidentSetSize of job (KB)
...
006 (2485823.004.000) 11/08 01:38:55 Image size of job updated: 996852
	610  -  MemoryUsage of job (MB)
	624500  -  ResidentSetSize of job (KB)
...
006 (2485823.004.000) 11/08 01:43:55 Image size of job updated: 996852
	611  -  MemoryUsage of job (MB)
	624716  -  ResidentSetSize of job (KB)
...
006 (2485823.004.000) 11/08 01:48:56 Image size of job updated: 996852
	611  -  MemoryUsage of job (MB)
	624940  -  ResidentSetSize of job (KB)
...
006 (2485823.004.000) 11/08 01:53:56 Image size of job updated: 996852
	611  -  MemoryUsage of job (MB)
	625068  -  ResidentSetSize of job (KB)
...
006 (2485823.004.000) 11/08 01:58:56 Image size of job updated: 996852
	611  -  MemoryUsage of job (MB)
	625368  -  ResidentSetSize of job (KB)
...
005 (2485823.004.000) 11/08 02:36:57 Job terminated.
	(1) Normal termination (return value 0)
		Usr 0 00:51:17, Sys 0 00:03:13  -  Run Remote Usage
		Usr 0 00:00:00, Sys 0 00:00:00  -  Run Local Usage
		Usr 0 00:51:17, Sys 0 00:03:13  -  Total Remote Usage
		Usr 0 00:00:00, Sys 0 00:00:00  -  Total Local Usage
	0  -  Run Bytes Sent By Job
	0  -  Run Bytes Received By Job
	0  -  Total Bytes Sent By Job
	0  -  Total Bytes Received By Job
	Partitionable Resources :    Usage  Request Allocated
	   Cpus                 :                 1         1
	   Disk (KB)            :        1        1   2365092
	   Memory (MB)          :      611        1      4035
...
