000 (2491133.004.000) 11/08 19:40:18 Job submitted from host: <192.168.1.109:9714>
...
001 (2491133.004.000) 11/08 19:40:55 Job executing on host: <192.168.1.42:9515>
...
006 (2491133.004.000) 11/08 19:41:04 Image size of job updated: 97664
	3  -  MemoryUsage of job (MB)
	2804  -  ResidentSetSize of job (KB)
...
006 (2491133.004.000) 11/08 19:46:04 Image size of job updated: 996852
	495  -  MemoryUsage of job (MB)
	505968  -  ResidentSetSize of job (KB)
...
006 (2491133.004.000) 11/08 19:51:04 Image size of job updated: 996852
	495  -  MemoryUsage of job (MB)
	506768  -  ResidentSetSize of job (KB)
...
006 (2491133.004.000) 11/08 19:56:05 Image size of job updated: 996852
	496  -  MemoryUsage of job (MB)
	507300  -  ResidentSetSize of job (KB)
...
006 (2491133.004.000) 11/08 20:01:06 Image size of job updated: 1168260
	687  -  MemoryUsage of job (MB)
	703264  -  ResidentSetSize of job (KB)
...
006 (2491133.004.000) 11/08 20:06:06 Image size of job updated: 1168260
	715  -  MemoryUsage of job (MB)
	731492  -  ResidentSetSize of job (KB)
...
006 (2491133.004.000) 11/08 20:11:07 Image size of job updated: 1168260
	799  -  MemoryUsage of job (MB)
	818108  -  ResidentSetSize of job (KB)
...
006 (2491133.004.000) 11/08 20:16:08 Image size of job updated: 1168260
	830  -  MemoryUsage of job (MB)
	848944  -  ResidentSetSize of job (KB)
...
006 (2491133.004.000) 11/08 20:21:08 Image size of job updated: 1168260
	831  -  MemoryUsage of job (MB)
	850140  -  ResidentSetSize of job (KB)
...
006 (2491133.004.000) 11/08 20:26:08 Image size of job updated: 1168260
	832  -  MemoryUsage of job (MB)
	851616  -  ResidentSetSize of job (KB)
...
006 (2491133.004.000) 11/08 20:31:09 Image size of job updated: 1168260
	832  -  MemoryUsage of job (MB)
	851864  -  ResidentSetSize of job (KB)
...
006 (2491133.004.000) 11/08 20:36:09 Image size of job updated: 1168260
	833  -  MemoryUsage of job (MB)
	852464  -  ResidentSetSize of job (KB)
...
005 (2491133.004.000) 11/08 21:52:33 Job terminated.
	(1) Normal termination (return value 0)
		Usr 0 00:57:05, Sys 0 00:03:09  -  Run Remote Usage
		Usr 0 00:00:00, Sys 0 00:00:00  -  Run Local Usage
		Usr 0 00:57:05, Sys 0 00:03:09  -  Total Remote Usage
		Usr 0 00:00:00, Sys 0 00:00:00  -  Total Local Usage
	0  -  Run Bytes Sent By Job
	0  -  Run Bytes Received By Job
	0  -  Total Bytes Sent By Job
	0  -  Total Bytes Received By Job
	Partitionable Resources :    Usage  Request Allocated
	   Cpus                 :                 1         1
	   Disk (KB)            :        1        1   2371219
	   Memory (MB)          :      833        1      4035
...
