000 (2504798.018.000) 11/15 23:52:37 Job submitted from host: <192.168.1.109:9714>
...
001 (2504798.018.000) 11/15 23:52:45 Job executing on host: <192.168.1.50:9434>
...
006 (2504798.018.000) 11/15 23:52:56 Image size of job updated: 97472
	2  -  MemoryUsage of job (MB)
	1680  -  ResidentSetSize of job (KB)
...
006 (2504798.018.000) 11/15 23:53:21 Image size of job updated: 457788
	2  -  MemoryUsage of job (MB)
	1680  -  ResidentSetSize of job (KB)
...
005 (2504798.018.000) 11/15 23:53:21 Job terminated.
	(1) Normal termination (return value 0)
		Usr 0 00:00:04, Sys 0 00:00:00  -  Run Remote Usage
		Usr 0 00:00:00, Sys 0 00:00:00  -  Run Local Usage
		Usr 0 00:00:04, Sys 0 00:00:00  -  Total Remote Usage
		Usr 0 00:00:00, Sys 0 00:00:00  -  Total Local Usage
	0  -  Run Bytes Sent By Job
	0  -  Run Bytes Received By Job
	0  -  Total Bytes Sent By Job
	0  -  Total Bytes Received By Job
	Partitionable Resources :    Usage  Request Allocated
	   Cpus                 :                 1         1
	   Disk (KB)            :        1        1  28379664
	   Memory (MB)          :        2        1      4033
...
