000 (2493172.034.000) 11/09 00:41:41 Job submitted from host: <192.168.1.109:9714>
...
001 (2493172.034.000) 11/09 00:41:52 Job executing on host: <192.168.1.46:9845>
...
006 (2493172.034.000) 11/09 00:42:01 Image size of job updated: 31184
	3  -  MemoryUsage of job (MB)
	2684  -  ResidentSetSize of job (KB)
...
006 (2493172.034.000) 11/09 00:43:26 Image size of job updated: 915572
	3  -  MemoryUsage of job (MB)
	2684  -  ResidentSetSize of job (KB)
...
005 (2493172.034.000) 11/09 00:43:26 Job terminated.
	(1) Normal termination (return value 0)
		Usr 0 00:00:35, Sys 0 00:00:02  -  Run Remote Usage
		Usr 0 00:00:00, Sys 0 00:00:00  -  Run Local Usage
		Usr 0 00:00:35, Sys 0 00:00:02  -  Total Remote Usage
		Usr 0 00:00:00, Sys 0 00:00:00  -  Total Local Usage
	0  -  Run Bytes Sent By Job
	0  -  Run Bytes Received By Job
	0  -  Total Bytes Sent By Job
	0  -  Total Bytes Received By Job
	Partitionable Resources :    Usage  Request Allocated
	   Cpus                 :                 1         1
	   Disk (KB)            :        1        1   2371652
	   Memory (MB)          :        3        1      4035
...
