000 (2526456.016.000) 11/21 10:41:03 Job submitted from host: <192.168.1.109:9714>
...
001 (2526456.016.000) 11/21 10:41:29 Job executing on host: <192.168.1.44:9507>
...
006 (2526456.016.000) 11/21 10:41:37 Image size of job updated: 399984
	55  -  MemoryUsage of job (MB)
	55716  -  ResidentSetSize of job (KB)
...
006 (2526456.016.000) 11/21 10:43:30 Image size of job updated: 473164
	55  -  MemoryUsage of job (MB)
	55716  -  ResidentSetSize of job (KB)
...
005 (2526456.016.000) 11/21 10:43:30 Job terminated.
	(1) Normal termination (return value 0)
		Usr 0 00:00:21, Sys 0 00:00:02  -  Run Remote Usage
		Usr 0 00:00:00, Sys 0 00:00:00  -  Run Local Usage
		Usr 0 00:00:21, Sys 0 00:00:02  -  Total Remote Usage
		Usr 0 00:00:00, Sys 0 00:00:00  -  Total Local Usage
	0  -  Run Bytes Sent By Job
	0  -  Run Bytes Received By Job
	0  -  Total Bytes Sent By Job
	0  -  Total Bytes Received By Job
	Partitionable Resources :    Usage  Request Allocated
	   Cpus                 :                 1         1
	   Disk (KB)            :        1        1   2369914
	   Memory (MB)          :       55        1      4035
...
