000 (2493152.088.000) 11/09 00:37:58 Job submitted from host: <192.168.1.109:9714>
...
001 (2493152.088.000) 11/09 00:38:22 Job executing on host: <192.168.1.49:9578>
...
006 (2493152.088.000) 11/09 00:38:31 Image size of job updated: 181560
	2  -  MemoryUsage of job (MB)
	1836  -  ResidentSetSize of job (KB)
...
006 (2493152.088.000) 11/09 00:38:32 Image size of job updated: 446512
	2  -  MemoryUsage of job (MB)
	1836  -  ResidentSetSize of job (KB)
...
005 (2493152.088.000) 11/09 00:38:33 Job terminated.
	(1) Normal termination (return value 6)
		Usr 0 00:00:04, Sys 0 00:00:00  -  Run Remote Usage
		Usr 0 00:00:00, Sys 0 00:00:00  -  Run Local Usage
		Usr 0 00:00:04, Sys 0 00:00:00  -  Total Remote Usage
		Usr 0 00:00:00, Sys 0 00:00:00  -  Total Local Usage
	0  -  Run Bytes Sent By Job
	0  -  Run Bytes Received By Job
	0  -  Total Bytes Sent By Job
	0  -  Total Bytes Received By Job
	Partitionable Resources :    Usage  Request Allocated
	   Cpus                 :                 1         1
	   Disk (KB)            :        1        1  28380277
	   Memory (MB)          :        2        1      4033
...
