000 (2526458.030.000) 11/21 12:05:32 Job submitted from host: <192.168.1.109:9714>
...
001 (2526458.030.000) 11/21 12:05:40 Job executing on host: <192.168.1.44:9507>
...
006 (2526458.030.000) 11/21 12:05:49 Image size of job updated: 346512
	72  -  MemoryUsage of job (MB)
	73264  -  ResidentSetSize of job (KB)
...
006 (2526458.030.000) 11/21 12:06:56 Image size of job updated: 472928
	72  -  MemoryUsage of job (MB)
	73264  -  ResidentSetSize of job (KB)
...
005 (2526458.030.000) 11/21 12:06:56 Job terminated.
	(1) Normal termination (return value 0)
		Usr 0 00:00:15, Sys 0 00:00:02  -  Run Remote Usage
		Usr 0 00:00:00, Sys 0 00:00:00  -  Run Local Usage
		Usr 0 00:00:15, Sys 0 00:00:02  -  Total Remote Usage
		Usr 0 00:00:00, Sys 0 00:00:00  -  Total Local Usage
	0  -  Run Bytes Sent By Job
	0  -  Run Bytes Received By Job
	0  -  Total Bytes Sent By Job
	0  -  Total Bytes Received By Job
	Partitionable Resources :    Usage  Request Allocated
	   Cpus                 :                 1         1
	   Disk (KB)            :        1        1   2371341
	   Memory (MB)          :       72        1      4035
...
