000 (2485756.083.000) 11/07 21:19:45 Job submitted from host: <192.168.1.109:9714>
...
001 (2485756.083.000) 11/07 21:23:09 Job executing on host: <192.168.1.43:9998>
...
006 (2485756.083.000) 11/07 21:23:18 Image size of job updated: 401928
	87  -  MemoryUsage of job (MB)
	88584  -  ResidentSetSize of job (KB)
...
005 (2485756.083.000) 11/07 21:23:21 Job terminated.
	(1) Normal termination (return value 0)
		Usr 0 00:00:01, Sys 0 00:00:00  -  Run Remote Usage
		Usr 0 00:00:00, Sys 0 00:00:00  -  Run Local Usage
		Usr 0 00:00:01, Sys 0 00:00:00  -  Total Remote Usage
		Usr 0 00:00:00, Sys 0 00:00:00  -  Total Local Usage
	0  -  Run Bytes Sent By Job
	0  -  Run Bytes Received By Job
	0  -  Total Bytes Sent By Job
	0  -  Total Bytes Received By Job
	Partitionable Resources :    Usage  Request Allocated
	   Cpus                 :                 1         1
	   Disk (KB)            :        1        1   2365740
	   Memory (MB)          :       87        1      4035
...
