000 (2485823.006.000) 11/07 23:48:29 Job submitted from host: <192.168.1.109:9714>
...
001 (2485823.006.000) 11/07 23:48:36 Job executing on host: <192.168.1.42:9515>
...
006 (2485823.006.000) 11/07 23:48:45 Image size of job updated: 24488
	3  -  MemoryUsage of job (MB)
	2684  -  ResidentSetSize of job (KB)
...
006 (2485823.006.000) 11/07 23:53:46 Image size of job updated: 999192
	486  -  MemoryUsage of job (MB)
	497504  -  ResidentSetSize of job (KB)
...
006 (2485823.006.000) 11/07 23:58:46 Image size of job updated: 999192
	487  -  MemoryUsage of job (MB)
	497836  -  ResidentSetSize of job (KB)
...
006 (2485823.006.000) 11/08 00:03:46 Image size of job updated: 999192
	490  -  MemoryUsage of job (MB)
	501032  -  ResidentSetSize of job (KB)
...
006 (2485823.006.000) 11/08 00:08:47 Image size of job updated: 999192
	490  -  MemoryUsage of job (MB)
	501404  -  ResidentSetSize of job (KB)
...
006 (2485823.006.000) 11/08 00:13:48 Image size of job updated: 999192
	490  -  MemoryUsage of job (MB)
	501664  -  ResidentSetSize of job (KB)
...
006 (2485823.006.000) 11/08 00:18:48 Image size of job updated: 999192
	490  -  MemoryUsage of job (MB)
	501688  -  ResidentSetSize of job (KB)
...
006 (2485823.006.000) 11/08 00:23:49 Image size of job updated: 999192
	491  -  MemoryUsage of job (MB)
	502016  -  ResidentSetSize of job (KB)
...
006 (2485823.006.000) 11/08 00:28:50 Image size of job updated: 999192
	491  -  MemoryUsage of job (MB)
	502508  -  ResidentSetSize of job (KB)
...
006 (2485823.006.000) 11/08 00:33:50 Image size of job updated: 999192
	492  -  MemoryUsage of job (MB)
	502916  -  ResidentSetSize of job (KB)
...
006 (2485823.006.000) 11/08 00:38:50 Image size of job updated: 999192
	492  -  MemoryUsage of job (MB)
	503216  -  ResidentSetSize of job (KB)
...
006 (2485823.006.000) 11/08 00:43:51 Image size of job updated: 999192
	492  -  MemoryUsage of job (MB)
	503436  -  ResidentSetSize of job (KB)
...
006 (2485823.006.000) 11/08 00:48:51 Image size of job updated: 999192
	492  -  MemoryUsage of job (MB)
	503496  -  ResidentSetSize of job (KB)
...
006 (2485823.006.000) 11/08 00:53:51 Image size of job updated: 999192
	492  -  MemoryUsage of job (MB)
	503788  -  ResidentSetSize of job (KB)
...
006 (2485823.006.000) 11/08 00:58:53 Image size of job updated: 999192
	493  -  MemoryUsage of job (MB)
	503836  -  ResidentSetSize of job (KB)
...
006 (2485823.006.000) 11/08 01:03:53 Image size of job updated: 999192
	493  -  MemoryUsage of job (MB)
	503904  -  ResidentSetSize of job (KB)
...
006 (2485823.006.000) 11/08 01:08:53 Image size of job updated: 999192
	538  -  MemoryUsage of job (MB)
	550556  -  ResidentSetSize of job (KB)
...
006 (2485823.006.000) 11/08 01:13:54 Image size of job updated: 999192
	617  -  MemoryUsage of job (MB)
	631652  -  ResidentSetSize of job (KB)
...
006 (2485823.006.000) 11/08 01:18:55 Image size of job updated: 999192
	617  -  MemoryUsage of job (MB)
	631700  -  ResidentSetSize of job (KB)
...
006 (2485823.006.000) 11/08 01:23:55 Image size of job updated: 999192
	617  -  MemoryUsage of job (MB)
	631708  -  ResidentSetSize of job (KB)
...
006 (2485823.006.000) 11/08 01:28:56 Image size of job updated: 999192
	618  -  MemoryUsage of job (MB)
	631892  -  ResidentSetSize of job (KB)
...
006 (2485823.006.000) 11/08 01:38:57 Image size of job updated: 999192
	618  -  MemoryUsage of job (MB)
	631896  -  ResidentSetSize of job (KB)
...
006 (2485823.006.000) 11/08 01:43:58 Image size of job updated: 999192
	618  -  MemoryUsage of job (MB)
	631968  -  ResidentSetSize of job (KB)
...
005 (2485823.006.000) 11/08 02:35:28 Job terminated.
	(1) Normal termination (return value 0)
		Usr 0 00:51:33, Sys 0 00:03:07  -  Run Remote Usage
		Usr 0 00:00:00, Sys 0 00:00:00  -  Run Local Usage
		Usr 0 00:51:33, Sys 0 00:03:07  -  Total Remote Usage
		Usr 0 00:00:00, Sys 0 00:00:00  -  Total Local Usage
	0  -  Run Bytes Sent By Job
	0  -  Run Bytes Received By Job
	0  -  Total Bytes Sent By Job
	0  -  Total Bytes Received By Job
	Partitionable Resources :    Usage  Request Allocated
	   Cpus                 :                 1         1
	   Disk (KB)            :        1        1   2365092
	   Memory (MB)          :      618        1      4035
...
