000 (2491133.006.000) 11/08 19:40:18 Job submitted from host: <192.168.1.109:9714>
...
001 (2491133.006.000) 11/08 19:40:55 Job executing on host: <192.168.1.42:9515>
...
006 (2491133.006.000) 11/08 19:41:04 Image size of job updated: 31216
	3  -  MemoryUsage of job (MB)
	2808  -  ResidentSetSize of job (KB)
...
006 (2491133.006.000) 11/08 19:46:04 Image size of job updated: 999192
	497  -  MemoryUsage of job (MB)
	508592  -  ResidentSetSize of job (KB)
...
006 (2491133.006.000) 11/08 19:51:04 Image size of job updated: 999192
	498  -  MemoryUsage of job (MB)
	509160  -  ResidentSetSize of job (KB)
...
006 (2491133.006.000) 11/08 19:56:05 Image size of job updated: 999192
	499  -  MemoryUsage of job (MB)
	510068  -  ResidentSetSize of job (KB)
...
006 (2491133.006.000) 11/08 20:01:06 Image size of job updated: 1164580
	785  -  MemoryUsage of job (MB)
	803052  -  ResidentSetSize of job (KB)
...
006 (2491133.006.000) 11/08 20:06:06 Image size of job updated: 1164580
	821  -  MemoryUsage of job (MB)
	840088  -  ResidentSetSize of job (KB)
...
006 (2491133.006.000) 11/08 20:11:07 Image size of job updated: 1164580
	822  -  MemoryUsage of job (MB)
	841572  -  ResidentSetSize of job (KB)
...
006 (2491133.006.000) 11/08 20:16:08 Image size of job updated: 1164580
	823  -  MemoryUsage of job (MB)
	842448  -  ResidentSetSize of job (KB)
...
006 (2491133.006.000) 11/08 20:21:08 Image size of job updated: 1164580
	824  -  MemoryUsage of job (MB)
	843512  -  ResidentSetSize of job (KB)
...
006 (2491133.006.000) 11/08 20:26:08 Image size of job updated: 1164580
	825  -  MemoryUsage of job (MB)
	844604  -  ResidentSetSize of job (KB)
...
006 (2491133.006.000) 11/08 20:31:09 Image size of job updated: 1164580
	826  -  MemoryUsage of job (MB)
	845112  -  ResidentSetSize of job (KB)
...
006 (2491133.006.000) 11/08 20:36:09 Image size of job updated: 1164580
	826  -  MemoryUsage of job (MB)
	845356  -  ResidentSetSize of job (KB)
...
005 (2491133.006.000) 11/08 21:55:19 Job terminated.
	(1) Normal termination (return value 0)
		Usr 0 00:57:26, Sys 0 00:03:17  -  Run Remote Usage
		Usr 0 00:00:00, Sys 0 00:00:00  -  Run Local Usage
		Usr 0 00:57:26, Sys 0 00:03:17  -  Total Remote Usage
		Usr 0 00:00:00, Sys 0 00:00:00  -  Total Local Usage
	0  -  Run Bytes Sent By Job
	0  -  Run Bytes Received By Job
	0  -  Total Bytes Sent By Job
	0  -  Total Bytes Received By Job
	Partitionable Resources :    Usage  Request Allocated
	   Cpus                 :                 1         1
	   Disk (KB)            :        1        1   2371220
	   Memory (MB)          :      826        1      4035
...
