000 (2492274.019.000) 11/08 21:21:59 Job submitted from host: <192.168.1.109:9714>
...
001 (2492274.019.000) 11/08 21:22:22 Job executing on host: <192.168.1.66:9620>
...
006 (2492274.019.000) 11/08 21:22:31 Image size of job updated: 443756
	123  -  MemoryUsage of job (MB)
	125784  -  ResidentSetSize of job (KB)
...
006 (2492274.019.000) 11/08 21:27:32 Image size of job updated: 1074892
	454  -  MemoryUsage of job (MB)
	464288  -  ResidentSetSize of job (KB)
...
006 (2492274.019.000) 11/08 21:32:32 Image size of job updated: 1074892
	456  -  MemoryUsage of job (MB)
	466900  -  ResidentSetSize of job (KB)
...
006 (2492274.019.000) 11/08 21:37:33 Image size of job updated: 1074892
	457  -  MemoryUsage of job (MB)
	466972  -  ResidentSetSize of job (KB)
...
006 (2492274.019.000) 11/08 21:42:33 Image size of job updated: 1074892
	457  -  MemoryUsage of job (MB)
	466984  -  ResidentSetSize of job (KB)
...
006 (2492274.019.000) 11/08 21:47:33 Image size of job updated: 1074892
	459  -  MemoryUsage of job (MB)
	469592  -  ResidentSetSize of job (KB)
...
006 (2492274.019.000) 11/08 21:52:34 Image size of job updated: 1074892
	581  -  MemoryUsage of job (MB)
	594476  -  ResidentSetSize of job (KB)
...
006 (2492274.019.000) 11/08 21:57:34 Image size of job updated: 1074892
	581  -  MemoryUsage of job (MB)
	594480  -  ResidentSetSize of job (KB)
...
006 (2492274.019.000) 11/08 22:02:34 Image size of job updated: 1074892
	581  -  MemoryUsage of job (MB)
	594488  -  ResidentSetSize of job (KB)
...
005 (2492274.019.000) 11/08 22:06:06 Job terminated.
	(1) Normal termination (return value 0)
		Usr 0 00:19:04, Sys 0 00:00:48  -  Run Remote Usage
		Usr 0 00:00:00, Sys 0 00:00:00  -  Run Local Usage
		Usr 0 00:19:04, Sys 0 00:00:48  -  Total Remote Usage
		Usr 0 00:00:00, Sys 0 00:00:00  -  Total Local Usage
	0  -  Run Bytes Sent By Job
	0  -  Run Bytes Received By Job
	0  -  Total Bytes Sent By Job
	0  -  Total Bytes Received By Job
	Partitionable Resources :    Usage  Request Allocated
	   Cpus                 :                 1         1
	   Disk (KB)            :        1        1  19563443
	   Memory (MB)          :      581        1      4033
...
