000 (2493183.031.000) 11/09 00:44:13 Job submitted from host: <192.168.1.109:9714>
...
001 (2493183.031.000) 11/09 00:44:22 Job executing on host: <192.168.1.45:9392>
...
006 (2493183.031.000) 11/09 00:44:31 Image size of job updated: 340444
	49  -  MemoryUsage of job (MB)
	49628  -  ResidentSetSize of job (KB)
...
006 (2493183.031.000) 11/09 00:49:31 Image size of job updated: 1067312
	508  -  MemoryUsage of job (MB)
	520108  -  ResidentSetSize of job (KB)
...
006 (2493183.031.000) 11/09 00:54:31 Image size of job updated: 1067312
	509  -  MemoryUsage of job (MB)
	520800  -  ResidentSetSize of job (KB)
...
006 (2493183.031.000) 11/09 00:59:33 Image size of job updated: 1067312
	509  -  MemoryUsage of job (MB)
	521028  -  ResidentSetSize of job (KB)
...
006 (2493183.031.000) 11/09 01:04:33 Image size of job updated: 1067312
	627  -  MemoryUsage of job (MB)
	641636  -  ResidentSetSize of job (KB)
...
006 (2493183.031.000) 11/09 01:09:33 Image size of job updated: 1067312
	629  -  MemoryUsage of job (MB)
	643800  -  ResidentSetSize of job (KB)
...
005 (2493183.031.000) 11/09 01:12:13 Job terminated.
	(1) Normal termination (return value 0)
		Usr 0 00:06:54, Sys 0 00:00:32  -  Run Remote Usage
		Usr 0 00:00:00, Sys 0 00:00:00  -  Run Local Usage
		Usr 0 00:06:54, Sys 0 00:00:32  -  Total Remote Usage
		Usr 0 00:00:00, Sys 0 00:00:00  -  Total Local Usage
	0  -  Run Bytes Sent By Job
	0  -  Run Bytes Received By Job
	0  -  Total Bytes Sent By Job
	0  -  Total Bytes Received By Job
	Partitionable Resources :    Usage  Request Allocated
	   Cpus                 :                 1         1
	   Disk (KB)            :        1        1   2370782
	   Memory (MB)          :      629        1      4035
...
