000 (2504799.031.000) 11/16 00:18:59 Job submitted from host: <192.168.1.109:9714>
...
001 (2504799.031.000) 11/16 00:19:22 Job executing on host: <192.168.1.47:9634>
...
006 (2504799.031.000) 11/16 00:19:30 Image size of job updated: 77128
	3  -  MemoryUsage of job (MB)
	2692  -  ResidentSetSize of job (KB)
...
006 (2504799.031.000) 11/16 00:19:41 Image size of job updated: 476200
	3  -  MemoryUsage of job (MB)
	2692  -  ResidentSetSize of job (KB)
...
005 (2504799.031.000) 11/16 00:19:41 Job terminated.
	(1) Normal termination (return value 0)
		Usr 0 00:00:07, Sys 0 00:00:00  -  Run Remote Usage
		Usr 0 00:00:00, Sys 0 00:00:00  -  Run Local Usage
		Usr 0 00:00:07, Sys 0 00:00:00  -  Total Remote Usage
		Usr 0 00:00:00, Sys 0 00:00:00  -  Total Local Usage
	0  -  Run Bytes Sent By Job
	0  -  Run Bytes Received By Job
	0  -  Total Bytes Sent By Job
	0  -  Total Bytes Received By Job
	Partitionable Resources :    Usage  Request Allocated
	   Cpus                 :                 1         1
	   Disk (KB)            :        1        1  28379435
	   Memory (MB)          :        3        1      4033
...
