000 (2506672.019.000) 11/17 00:35:26 Job submitted from host: <192.168.1.109:9714>
...
001 (2506672.019.000) 11/17 00:35:45 Job executing on host: <192.168.1.46:9845>
...
006 (2506672.019.000) 11/17 00:35:54 Image size of job updated: 340416
	63  -  MemoryUsage of job (MB)
	64028  -  ResidentSetSize of job (KB)
...
006 (2506672.019.000) 11/17 00:36:05 Image size of job updated: 475280
	63  -  MemoryUsage of job (MB)
	64028  -  ResidentSetSize of job (KB)
...
005 (2506672.019.000) 11/17 00:36:05 Job terminated.
	(1) Normal termination (return value 0)
		Usr 0 00:00:07, Sys 0 00:00:00  -  Run Remote Usage
		Usr 0 00:00:00, Sys 0 00:00:00  -  Run Local Usage
		Usr 0 00:00:07, Sys 0 00:00:00  -  Total Remote Usage
		Usr 0 00:00:00, Sys 0 00:00:00  -  Total Local Usage
	0  -  Run Bytes Sent By Job
	0  -  Run Bytes Received By Job
	0  -  Total Bytes Sent By Job
	0  -  Total Bytes Received By Job
	Partitionable Resources :    Usage  Request Allocated
	   Cpus                 :                 1         1
	   Disk (KB)            :        1        1   2372097
	   Memory (MB)          :       63        1      4035
...
