000 (2504804.042.000) 11/16 01:06:12 Job submitted from host: <192.168.1.109:9714>
...
001 (2504804.042.000) 11/16 01:06:34 Job executing on host: <192.168.1.47:9634>
...
006 (2504804.042.000) 11/16 01:06:42 Image size of job updated: 181248
	9  -  MemoryUsage of job (MB)
	8628  -  ResidentSetSize of job (KB)
...
006 (2504804.042.000) 11/16 01:06:45 Image size of job updated: 475408
	9  -  MemoryUsage of job (MB)
	8628  -  ResidentSetSize of job (KB)
...
005 (2504804.042.000) 11/16 01:06:45 Job terminated.
	(1) Normal termination (return value 0)
		Usr 0 00:00:05, Sys 0 00:00:00  -  Run Remote Usage
		Usr 0 00:00:00, Sys 0 00:00:00  -  Run Local Usage
		Usr 0 00:00:05, Sys 0 00:00:00  -  Total Remote Usage
		Usr 0 00:00:00, Sys 0 00:00:00  -  Total Local Usage
	0  -  Run Bytes Sent By Job
	0  -  Run Bytes Received By Job
	0  -  Total Bytes Sent By Job
	0  -  Total Bytes Received By Job
	Partitionable Resources :    Usage  Request Allocated
	   Cpus                 :                 1         1
	   Disk (KB)            :        1        1  28379402
	   Memory (MB)          :        9        1      4033
...
