000 (2492636.039.000) 11/08 22:47:39 Job submitted from host: <192.168.1.109:9714>
...
001 (2492636.039.000) 11/08 22:47:47 Job executing on host: <192.168.1.49:9578>
...
006 (2492636.039.000) 11/08 22:47:55 Image size of job updated: 337848
	42  -  MemoryUsage of job (MB)
	42428  -  ResidentSetSize of job (KB)
...
006 (2492636.039.000) 11/08 22:48:06 Image size of job updated: 491152
	42  -  MemoryUsage of job (MB)
	42428  -  ResidentSetSize of job (KB)
...
005 (2492636.039.000) 11/08 22:48:17 Job terminated.
	(1) Normal termination (return value 0)
		Usr 0 00:00:07, Sys 0 00:00:00  -  Run Remote Usage
		Usr 0 00:00:00, Sys 0 00:00:00  -  Run Local Usage
		Usr 0 00:00:07, Sys 0 00:00:00  -  Total Remote Usage
		Usr 0 00:00:00, Sys 0 00:00:00  -  Total Local Usage
	0  -  Run Bytes Sent By Job
	0  -  Run Bytes Received By Job
	0  -  Total Bytes Sent By Job
	0  -  Total Bytes Received By Job
	Partitionable Resources :    Usage  Request Allocated
	   Cpus                 :                 1         1
	   Disk (KB)            :        1        1  28379602
	   Memory (MB)          :       42        1      4033
...
