000 (2485823.141.000) 11/07 23:48:31 Job submitted from host: <192.168.1.109:9714>
...
001 (2485823.141.000) 11/07 23:48:46 Job executing on host: <192.168.1.43:9998>
...
006 (2485823.141.000) 11/07 23:48:55 Image size of job updated: 15608
	2  -  MemoryUsage of job (MB)
	1400  -  ResidentSetSize of job (KB)
...
006 (2485823.141.000) 11/07 23:53:56 Image size of job updated: 947772
	470  -  MemoryUsage of job (MB)
	480696  -  ResidentSetSize of job (KB)
...
006 (2485823.141.000) 11/07 23:58:56 Image size of job updated: 947772
	470  -  MemoryUsage of job (MB)
	480940  -  ResidentSetSize of job (KB)
...
006 (2485823.141.000) 11/08 00:03:57 Image size of job updated: 947772
	470  -  MemoryUsage of job (MB)
	481280  -  ResidentSetSize of job (KB)
...
006 (2485823.141.000) 11/08 00:08:58 Image size of job updated: 947772
	471  -  MemoryUsage of job (MB)
	481368  -  ResidentSetSize of job (KB)
...
006 (2485823.141.000) 11/08 00:13:58 Image size of job updated: 947772
	471  -  MemoryUsage of job (MB)
	481576  -  ResidentSetSize of job (KB)
...
006 (2485823.141.000) 11/08 00:18:58 Image size of job updated: 947772
	471  -  MemoryUsage of job (MB)
	481628  -  ResidentSetSize of job (KB)
...
006 (2485823.141.000) 11/08 00:23:59 Image size of job updated: 947772
	471  -  MemoryUsage of job (MB)
	481732  -  ResidentSetSize of job (KB)
...
006 (2485823.141.000) 11/08 00:28:59 Image size of job updated: 947772
	471  -  MemoryUsage of job (MB)
	481748  -  ResidentSetSize of job (KB)
...
006 (2485823.141.000) 11/08 00:39:00 Image size of job updated: 947772
	471  -  MemoryUsage of job (MB)
	481904  -  ResidentSetSize of job (KB)
...
006 (2485823.141.000) 11/08 00:44:01 Image size of job updated: 947772
	471  -  MemoryUsage of job (MB)
	481908  -  ResidentSetSize of job (KB)
...
006 (2485823.141.000) 11/08 00:49:01 Image size of job updated: 947772
	471  -  MemoryUsage of job (MB)
	481996  -  ResidentSetSize of job (KB)
...
006 (2485823.141.000) 11/08 00:54:02 Image size of job updated: 947772
	471  -  MemoryUsage of job (MB)
	482092  -  ResidentSetSize of job (KB)
...
006 (2485823.141.000) 11/08 00:59:03 Image size of job updated: 947772
	471  -  MemoryUsage of job (MB)
	482140  -  ResidentSetSize of job (KB)
...
005 (2485823.141.000) 11/08 01:09:11 Job terminated.
	(1) Normal termination (return value 0)
		Usr 0 00:23:54, Sys 0 00:01:17  -  Run Remote Usage
		Usr 0 00:00:00, Sys 0 00:00:00  -  Run Local Usage
		Usr 0 00:23:54, Sys 0 00:01:17  -  Total Remote Usage
		Usr 0 00:00:00, Sys 0 00:00:00  -  Total Local Usage
	0  -  Run Bytes Sent By Job
	0  -  Run Bytes Received By Job
	0  -  Total Bytes Sent By Job
	0  -  Total Bytes Received By Job
	Partitionable Resources :    Usage  Request Allocated
	   Cpus                 :                 1         1
	   Disk (KB)            :        1        1   2364820
	   Memory (MB)          :      471        1      4035
...
