000 (2491133.141.000) 11/08 19:40:20 Job submitted from host: <192.168.1.109:9714>
...
001 (2491133.141.000) 11/08 19:40:57 Job executing on host: <192.168.1.48:9634>
...
006 (2491133.141.000) 11/08 19:41:05 Image size of job updated: 432004
	86  -  MemoryUsage of job (MB)
	87476  -  ResidentSetSize of job (KB)
...
006 (2491133.141.000) 11/08 19:46:05 Image size of job updated: 947772
	467  -  MemoryUsage of job (MB)
	477476  -  ResidentSetSize of job (KB)
...
006 (2491133.141.000) 11/08 19:51:06 Image size of job updated: 947772
	467  -  MemoryUsage of job (MB)
	477936  -  ResidentSetSize of job (KB)
...
006 (2491133.141.000) 11/08 19:56:07 Image size of job updated: 947772
	467  -  MemoryUsage of job (MB)
	478148  -  ResidentSetSize of job (KB)
...
006 (2491133.141.000) 11/08 20:01:07 Image size of job updated: 1124692
	656  -  MemoryUsage of job (MB)
	671296  -  ResidentSetSize of job (KB)
...
006 (2491133.141.000) 11/08 20:06:08 Image size of job updated: 1124692
	665  -  MemoryUsage of job (MB)
	680688  -  ResidentSetSize of job (KB)
...
006 (2491133.141.000) 11/08 20:11:08 Image size of job updated: 1124692
	669  -  MemoryUsage of job (MB)
	684504  -  ResidentSetSize of job (KB)
...
006 (2491133.141.000) 11/08 20:16:08 Image size of job updated: 1124692
	705  -  MemoryUsage of job (MB)
	721004  -  ResidentSetSize of job (KB)
...
005 (2491133.141.000) 11/08 20:16:23 Job terminated.
	(1) Normal termination (return value 0)
		Usr 0 00:22:17, Sys 0 00:01:15  -  Run Remote Usage
		Usr 0 00:00:00, Sys 0 00:00:00  -  Run Local Usage
		Usr 0 00:22:17, Sys 0 00:01:15  -  Total Remote Usage
		Usr 0 00:00:00, Sys 0 00:00:00  -  Total Local Usage
	0  -  Run Bytes Sent By Job
	0  -  Run Bytes Received By Job
	0  -  Total Bytes Sent By Job
	0  -  Total Bytes Received By Job
	Partitionable Resources :    Usage  Request Allocated
	   Cpus                 :                 1         1
	   Disk (KB)            :        1        1  28379855
	   Memory (MB)          :      705        1      4033
...
