000 (2497410.141.000) 11/09 15:33:48 Job submitted from host: <192.168.1.109:9714>
...
001 (2497410.141.000) 11/09 15:34:16 Job executing on host: <192.168.1.44:9507>
...
006 (2497410.141.000) 11/09 15:34:24 Image size of job updated: 1
	3  -  MemoryUsage of job (MB)
	2248  -  ResidentSetSize of job (KB)
...
006 (2497410.141.000) 11/09 15:39:24 Image size of job updated: 989616
	479  -  MemoryUsage of job (MB)
	489664  -  ResidentSetSize of job (KB)
...
006 (2497410.141.000) 11/09 15:44:25 Image size of job updated: 989616
	479  -  MemoryUsage of job (MB)
	490012  -  ResidentSetSize of job (KB)
...
006 (2497410.141.000) 11/09 15:49:25 Image size of job updated: 989616
	479  -  MemoryUsage of job (MB)
	490076  -  ResidentSetSize of job (KB)
...
006 (2497410.141.000) 11/09 15:54:25 Image size of job updated: 989616
	479  -  MemoryUsage of job (MB)
	490380  -  ResidentSetSize of job (KB)
...
006 (2497410.141.000) 11/09 15:59:26 Image size of job updated: 989616
	479  -  MemoryUsage of job (MB)
	490440  -  ResidentSetSize of job (KB)
...
006 (2497410.141.000) 11/09 16:04:27 Image size of job updated: 989616
	479  -  MemoryUsage of job (MB)
	490452  -  ResidentSetSize of job (KB)
...
006 (2497410.141.000) 11/09 16:09:27 Image size of job updated: 989616
	479  -  MemoryUsage of job (MB)
	490456  -  ResidentSetSize of job (KB)
...
006 (2497410.141.000) 11/09 16:19:29 Image size of job updated: 989616
	479  -  MemoryUsage of job (MB)
	490460  -  ResidentSetSize of job (KB)
...
006 (2497410.141.000) 11/09 16:24:29 Image size of job updated: 989616
	479  -  MemoryUsage of job (MB)
	490476  -  ResidentSetSize of job (KB)
...
006 (2497410.141.000) 11/09 16:44:30 Image size of job updated: 989616
	479  -  MemoryUsage of job (MB)
	490484  -  ResidentSetSize of job (KB)
...
006 (2497410.141.000) 11/09 16:49:32 Image size of job updated: 989616
	479  -  MemoryUsage of job (MB)
	490488  -  ResidentSetSize of job (KB)
...
006 (2497410.141.000) 11/09 16:54:32 Image size of job updated: 989616
	544  -  MemoryUsage of job (MB)
	556972  -  ResidentSetSize of job (KB)
...
006 (2497410.141.000) 11/09 16:59:32 Image size of job updated: 989616
	581  -  MemoryUsage of job (MB)
	593948  -  ResidentSetSize of job (KB)
...
006 (2497410.141.000) 11/09 17:04:33 Image size of job updated: 989616
	581  -  MemoryUsage of job (MB)
	593952  -  ResidentSetSize of job (KB)
...
006 (2497410.141.000) 11/09 17:19:34 Image size of job updated: 989616
	581  -  MemoryUsage of job (MB)
	593968  -  ResidentSetSize of job (KB)
...
005 (2497410.141.000) 11/09 17:24:31 Job terminated.
	(1) Normal termination (return value 0)
		Usr 0 00:26:41, Sys 0 00:01:32  -  Run Remote Usage
		Usr 0 00:00:00, Sys 0 00:00:00  -  Run Local Usage
		Usr 0 00:26:41, Sys 0 00:01:32  -  Total Remote Usage
		Usr 0 00:00:00, Sys 0 00:00:00  -  Total Local Usage
	0  -  Run Bytes Sent By Job
	0  -  Run Bytes Received By Job
	0  -  Total Bytes Sent By Job
	0  -  Total Bytes Received By Job
	Partitionable Resources :    Usage  Request Allocated
	   Cpus                 :                 1         1
	   Disk (KB)            :        1        1   2370549
	   Memory (MB)          :      581        1      4035
...
