000 (2492234.002.000) 11/08 21:18:48 Job submitted from host: <192.168.1.109:9714>
...
001 (2492234.002.000) 11/08 21:19:22 Job executing on host: <192.168.1.42:9515>
...
006 (2492234.002.000) 11/08 21:19:37 Image size of job updated: 32840
	3  -  MemoryUsage of job (MB)
	2616  -  ResidentSetSize of job (KB)
...
006 (2492234.002.000) 11/08 21:24:32 Image size of job updated: 968532
	471  -  MemoryUsage of job (MB)
	481936  -  ResidentSetSize of job (KB)
...
006 (2492234.002.000) 11/08 21:29:32 Image size of job updated: 968532
	488  -  MemoryUsage of job (MB)
	499644  -  ResidentSetSize of job (KB)
...
005 (2492234.002.000) 11/08 21:35:59 Job terminated.
	(1) Normal termination (return value 0)
		Usr 0 00:02:08, Sys 0 00:00:10  -  Run Remote Usage
		Usr 0 00:00:00, Sys 0 00:00:00  -  Run Local Usage
		Usr 0 00:02:08, Sys 0 00:00:10  -  Total Remote Usage
		Usr 0 00:00:00, Sys 0 00:00:00  -  Total Local Usage
	0  -  Run Bytes Sent By Job
	0  -  Run Bytes Received By Job
	0  -  Total Bytes Sent By Job
	0  -  Total Bytes Received By Job
	Partitionable Resources :    Usage  Request Allocated
	   Cpus                 :                 1         1
	   Disk (KB)            :        1        1   2370648
	   Memory (MB)          :      488        1      4035
...
