/cvmfs/cms.cern.ch
/cms/mchristos/ANN/FireMVA/2017
InputBundle_Higgs_Input_80_Tree

Processing outFiles/Application_1/InputBundle_Higgs_Input_80_Tree/Application_Fakes_3L_2017.C...
                         : Booking "BDTG method" of type "BDT" from /cms/mchristos/ANN/FireMVA/L3Only/dl/weights/fire_MVA_FakeElectrons_BDT.weights.xml.
                         : Reading weight file: /cms/mchristos/ANN/FireMVA/L3Only/dl/weights/fire_MVA_FakeElectrons_BDT.weights.xml
<HEADER> DataSetInfo              : [Default] : Added class "Background"
<HEADER> DataSetInfo              : [Default] : Added class "Signal"
                         : Booked classifier "BDT" of type: "BDT"
                         : Booking "BDTG method" of type "BDT" from /cms/mchristos/ANN/FireMVA/L3Only/dl/weights/fire_MVA_FakeMuons_BDT.weights.xml.
                         : Reading weight file: /cms/mchristos/ANN/FireMVA/L3Only/dl/weights/fire_MVA_FakeMuons_BDT.weights.xml
<HEADER> DataSetInfo              : [Default] : Added class "Background"
<HEADER> DataSetInfo              : [Default] : Added class "Signal"
                         : Booked classifier "BDT" of type: "BDT"
--- TMVAClassificationApp    : Using input file: outFiles/Application_1/InputBundle_Higgs_Input_80_Tree/BDT2_tree.root
--- Select sample
--- Processing: 117506 events
--- ... Processing event: 0
--- ... Processing event: 1000
--- ... Processing event: 2000
--- ... Processing event: 3000
--- ... Processing event: 4000
--- ... Processing event: 5000
--- ... Processing event: 6000
--- ... Processing event: 7000
--- ... Processing event: 8000
--- ... Processing event: 9000
--- ... Processing event: 10000
--- ... Processing event: 11000
--- ... Processing event: 12000
--- ... Processing event: 13000
--- ... Processing event: 14000
--- ... Processing event: 15000
--- ... Processing event: 16000
--- ... Processing event: 17000
--- ... Processing event: 18000
--- ... Processing event: 19000
--- ... Processing event: 20000
--- ... Processing event: 21000
--- ... Processing event: 22000
--- ... Processing event: 23000
--- ... Processing event: 24000
--- ... Processing event: 25000
--- ... Processing event: 26000
--- ... Processing event: 27000
--- ... Processing event: 28000
--- ... Processing event: 29000
--- ... Processing event: 30000
--- ... Processing event: 31000
--- ... Processing event: 32000
--- ... Processing event: 33000
--- ... Processing event: 34000
--- ... Processing event: 35000
--- ... Processing event: 36000
--- ... Processing event: 37000
--- ... Processing event: 38000
--- ... Processing event: 39000
--- ... Processing event: 40000
--- ... Processing event: 41000
--- ... Processing event: 42000
--- ... Processing event: 43000
--- ... Processing event: 44000
--- ... Processing event: 45000
--- ... Processing event: 46000
--- ... Processing event: 47000
--- ... Processing event: 48000
--- ... Processing event: 49000
--- ... Processing event: 50000
--- ... Processing event: 51000
--- ... Processing event: 52000
--- ... Processing event: 53000
--- ... Processing event: 54000
--- ... Processing event: 55000
--- ... Processing event: 56000
--- ... Processing event: 57000
--- ... Processing event: 58000
--- ... Processing event: 59000
--- ... Processing event: 60000
--- ... Processing event: 61000
--- ... Processing event: 62000
--- ... Processing event: 63000
--- ... Processing event: 64000
--- ... Processing event: 65000
--- ... Processing event: 66000
--- ... Processing event: 67000
--- ... Processing event: 68000
--- ... Processing event: 69000
--- ... Processing event: 70000
--- ... Processing event: 71000
--- ... Processing event: 72000
--- ... Processing event: 73000
--- ... Processing event: 74000
--- ... Processing event: 75000
--- ... Processing event: 76000
--- ... Processing event: 77000
--- ... Processing event: 78000
--- ... Processing event: 79000
--- ... Processing event: 80000
--- ... Processing event: 81000
--- ... Processing event: 82000
--- ... Processing event: 83000
--- ... Processing event: 84000
--- ... Processing event: 85000
--- ... Processing event: 86000
--- ... Processing event: 87000
--- ... Processing event: 88000
--- ... Processing event: 89000
--- ... Processing event: 90000
--- ... Processing event: 91000
--- ... Processing event: 92000
--- ... Processing event: 93000
--- ... Processing event: 94000
--- ... Processing event: 95000
--- ... Processing event: 96000
--- ... Processing event: 97000
--- ... Processing event: 98000
--- ... Processing event: 99000
--- ... Processing event: 100000
--- ... Processing event: 101000
--- ... Processing event: 102000
--- ... Processing event: 103000
--- ... Processing event: 104000
--- ... Processing event: 105000
--- ... Processing event: 106000
--- ... Processing event: 107000
--- ... Processing event: 108000
--- ... Processing event: 109000
--- ... Processing event: 110000
--- ... Processing event: 111000
--- ... Processing event: 112000
--- ... Processing event: 113000
--- ... Processing event: 114000
--- ... Processing event: 115000
--- ... Processing event: 116000
--- ... Processing event: 117000
--- End of event loop: Real time 0:02:11, CP time 71.690
