000 (2504804.002.000) 11/16 01:06:11 Job submitted from host: <192.168.1.109:9714>
...
001 (2504804.002.000) 11/16 01:06:32 Job executing on host: <192.168.1.45:9392>
...
006 (2504804.002.000) 11/16 01:06:42 Image size of job updated: 78716
	3  -  MemoryUsage of job (MB)
	2700  -  ResidentSetSize of job (KB)
...
006 (2504804.002.000) 11/16 01:08:39 Image size of job updated: 957940
	3  -  MemoryUsage of job (MB)
	2700  -  ResidentSetSize of job (KB)
...
005 (2504804.002.000) 11/16 01:08:39 Job terminated.
	(1) Normal termination (return value 0)
		Usr 0 00:01:02, Sys 0 00:00:06  -  Run Remote Usage
		Usr 0 00:00:00, Sys 0 00:00:00  -  Run Local Usage
		Usr 0 00:01:02, Sys 0 00:00:06  -  Total Remote Usage
		Usr 0 00:00:00, Sys 0 00:00:00  -  Total Local Usage
	0  -  Run Bytes Sent By Job
	0  -  Run Bytes Received By Job
	0  -  Total Bytes Sent By Job
	0  -  Total Bytes Received By Job
	Partitionable Resources :    Usage  Request Allocated
	   Cpus                 :                 1         1
	   Disk (KB)            :        1        1   2371112
	   Memory (MB)          :        3        1      4035
...
