000 (2485819.066.000) 11/07 22:35:29 Job submitted from host: <192.168.1.109:9714>
...
001 (2485819.066.000) 11/07 22:35:38 Job executing on host: <192.168.1.63:9932>
...
006 (2485819.066.000) 11/07 22:35:47 Image size of job updated: 465196
	151  -  MemoryUsage of job (MB)
	154592  -  ResidentSetSize of job (KB)
...
006 (2485819.066.000) 11/07 22:40:48 Image size of job updated: 901172
	433  -  MemoryUsage of job (MB)
	442772  -  ResidentSetSize of job (KB)
...
006 (2485819.066.000) 11/07 22:45:48 Image size of job updated: 901172
	433  -  MemoryUsage of job (MB)
	442780  -  ResidentSetSize of job (KB)
...
006 (2485819.066.000) 11/07 22:50:48 Image size of job updated: 901172
	433  -  MemoryUsage of job (MB)
	442796  -  ResidentSetSize of job (KB)
...
006 (2485819.066.000) 11/07 22:55:49 Image size of job updated: 901172
	433  -  MemoryUsage of job (MB)
	442868  -  ResidentSetSize of job (KB)
...
006 (2485819.066.000) 11/07 23:10:51 Image size of job updated: 901172
	433  -  MemoryUsage of job (MB)
	442880  -  ResidentSetSize of job (KB)
...
006 (2485819.066.000) 11/07 23:15:52 Image size of job updated: 901172
	433  -  MemoryUsage of job (MB)
	442884  -  ResidentSetSize of job (KB)
...
005 (2485819.066.000) 11/07 23:18:13 Job terminated.
	(1) Normal termination (return value 0)
		Usr 0 00:38:46, Sys 0 00:01:58  -  Run Remote Usage
		Usr 0 00:00:00, Sys 0 00:00:00  -  Run Local Usage
		Usr 0 00:38:46, Sys 0 00:01:58  -  Total Remote Usage
		Usr 0 00:00:00, Sys 0 00:00:00  -  Total Local Usage
	0  -  Run Bytes Sent By Job
	0  -  Run Bytes Received By Job
	0  -  Total Bytes Sent By Job
	0  -  Total Bytes Received By Job
	Partitionable Resources :    Usage  Request Allocated
	   Cpus                 :                 1         1
	   Disk (KB)            :        1        1  19560165
	   Memory (MB)          :      433        1      4033
...
