000 (2491851.101.000) 11/08 20:36:47 Job submitted from host: <192.168.1.109:9714>
...
001 (2491851.101.000) 11/08 20:37:18 Job executing on host: <192.168.1.51:9694>
...
006 (2491851.101.000) 11/08 20:37:27 Image size of job updated: 161644
	3  -  MemoryUsage of job (MB)
	2688  -  ResidentSetSize of job (KB)
...
006 (2491851.101.000) 11/08 20:42:28 Image size of job updated: 1002192
	414  -  MemoryUsage of job (MB)
	423612  -  ResidentSetSize of job (KB)
...
006 (2491851.101.000) 11/08 20:47:28 Image size of job updated: 1002192
	492  -  MemoryUsage of job (MB)
	503032  -  ResidentSetSize of job (KB)
...
006 (2491851.101.000) 11/08 20:52:29 Image size of job updated: 1002192
	529  -  MemoryUsage of job (MB)
	541028  -  ResidentSetSize of job (KB)
...
006 (2491851.101.000) 11/08 20:57:30 Image size of job updated: 1002192
	530  -  MemoryUsage of job (MB)
	541856  -  ResidentSetSize of job (KB)
...
006 (2491851.101.000) 11/08 21:02:30 Image size of job updated: 1002192
	530  -  MemoryUsage of job (MB)
	542100  -  ResidentSetSize of job (KB)
...
006 (2491851.101.000) 11/08 21:07:31 Image size of job updated: 1002192
	530  -  MemoryUsage of job (MB)
	542656  -  ResidentSetSize of job (KB)
...
005 (2491851.101.000) 11/08 21:09:44 Job terminated.
	(1) Normal termination (return value 0)
		Usr 0 00:07:47, Sys 0 00:00:28  -  Run Remote Usage
		Usr 0 00:00:00, Sys 0 00:00:00  -  Run Local Usage
		Usr 0 00:07:47, Sys 0 00:00:28  -  Total Remote Usage
		Usr 0 00:00:00, Sys 0 00:00:00  -  Total Local Usage
	0  -  Run Bytes Sent By Job
	0  -  Run Bytes Received By Job
	0  -  Total Bytes Sent By Job
	0  -  Total Bytes Received By Job
	Partitionable Resources :    Usage  Request Allocated
	   Cpus                 :                 1         1
	   Disk (KB)            :        1        1  28379450
	   Memory (MB)          :      530        1      4033
...
