000 (2497410.101.000) 11/09 15:33:47 Job submitted from host: <192.168.1.109:9714>
...
001 (2497410.101.000) 11/09 15:34:13 Job executing on host: <192.168.1.42:9515>
...
006 (2497410.101.000) 11/09 15:34:21 Image size of job updated: 104012
	13  -  MemoryUsage of job (MB)
	12532  -  ResidentSetSize of job (KB)
...
006 (2497410.101.000) 11/09 15:39:21 Image size of job updated: 1046888
	494  -  MemoryUsage of job (MB)
	505264  -  ResidentSetSize of job (KB)
...
006 (2497410.101.000) 11/09 15:44:22 Image size of job updated: 1046888
	494  -  MemoryUsage of job (MB)
	505752  -  ResidentSetSize of job (KB)
...
006 (2497410.101.000) 11/09 15:49:22 Image size of job updated: 1046888
	495  -  MemoryUsage of job (MB)
	505900  -  ResidentSetSize of job (KB)
...
006 (2497410.101.000) 11/09 15:54:22 Image size of job updated: 1046888
	495  -  MemoryUsage of job (MB)
	506144  -  ResidentSetSize of job (KB)
...
006 (2497410.101.000) 11/09 15:59:23 Image size of job updated: 1046888
	495  -  MemoryUsage of job (MB)
	506164  -  ResidentSetSize of job (KB)
...
006 (2497410.101.000) 11/09 16:04:24 Image size of job updated: 1046888
	495  -  MemoryUsage of job (MB)
	506176  -  ResidentSetSize of job (KB)
...
006 (2497410.101.000) 11/09 16:09:24 Image size of job updated: 1046888
	495  -  MemoryUsage of job (MB)
	506204  -  ResidentSetSize of job (KB)
...
006 (2497410.101.000) 11/09 16:14:25 Image size of job updated: 1046888
	495  -  MemoryUsage of job (MB)
	506232  -  ResidentSetSize of job (KB)
...
006 (2497410.101.000) 11/09 16:24:26 Image size of job updated: 1046888
	495  -  MemoryUsage of job (MB)
	506492  -  ResidentSetSize of job (KB)
...
006 (2497410.101.000) 11/09 16:29:26 Image size of job updated: 1046888
	495  -  MemoryUsage of job (MB)
	506668  -  ResidentSetSize of job (KB)
...
006 (2497410.101.000) 11/09 16:34:27 Image size of job updated: 1046888
	496  -  MemoryUsage of job (MB)
	507072  -  ResidentSetSize of job (KB)
...
006 (2497410.101.000) 11/09 16:39:27 Image size of job updated: 1046888
	496  -  MemoryUsage of job (MB)
	507160  -  ResidentSetSize of job (KB)
...
006 (2497410.101.000) 11/09 16:44:27 Image size of job updated: 1046888
	496  -  MemoryUsage of job (MB)
	507188  -  ResidentSetSize of job (KB)
...
006 (2497410.101.000) 11/09 16:49:28 Image size of job updated: 1046888
	496  -  MemoryUsage of job (MB)
	507256  -  ResidentSetSize of job (KB)
...
005 (2497410.101.000) 11/09 16:51:54 Job terminated.
	(1) Normal termination (return value 0)
		Usr 0 00:07:37, Sys 0 00:00:29  -  Run Remote Usage
		Usr 0 00:00:00, Sys 0 00:00:00  -  Run Local Usage
		Usr 0 00:07:37, Sys 0 00:00:29  -  Total Remote Usage
		Usr 0 00:00:00, Sys 0 00:00:00  -  Total Local Usage
	0  -  Run Bytes Sent By Job
	0  -  Run Bytes Received By Job
	0  -  Total Bytes Sent By Job
	0  -  Total Bytes Received By Job
	Partitionable Resources :    Usage  Request Allocated
	   Cpus                 :                 1         1
	   Disk (KB)            :        1        1   2371274
	   Memory (MB)          :      496        1      4035
...
