000 (2524735.015.000) 11/21 01:52:16 Job submitted from host: <192.168.1.109:9714>
...
001 (2524735.015.000) 11/21 02:00:40 Job executing on host: <192.168.1.44:9507>
...
006 (2524735.015.000) 11/21 02:00:49 Image size of job updated: 358596
	60  -  MemoryUsage of job (MB)
	60644  -  ResidentSetSize of job (KB)
...
006 (2524735.015.000) 11/21 02:01:06 Image size of job updated: 472700
	60  -  MemoryUsage of job (MB)
	60644  -  ResidentSetSize of job (KB)
...
005 (2524735.015.000) 11/21 02:01:06 Job terminated.
	(1) Normal termination (return value 0)
		Usr 0 00:00:10, Sys 0 00:00:00  -  Run Remote Usage
		Usr 0 00:00:00, Sys 0 00:00:00  -  Run Local Usage
		Usr 0 00:00:10, Sys 0 00:00:00  -  Total Remote Usage
		Usr 0 00:00:00, Sys 0 00:00:00  -  Total Local Usage
	0  -  Run Bytes Sent By Job
	0  -  Run Bytes Received By Job
	0  -  Total Bytes Sent By Job
	0  -  Total Bytes Received By Job
	Partitionable Resources :    Usage  Request Allocated
	   Cpus                 :                 1         1
	   Disk (KB)            :        1        1   2369863
	   Memory (MB)          :       60        1      4035
...
