000 (2485823.136.000) 11/07 23:48:31 Job submitted from host: <192.168.1.109:9714>
...
001 (2485823.136.000) 11/07 23:48:44 Job executing on host: <192.168.1.51:9694>
...
006 (2485823.136.000) 11/07 23:48:53 Image size of job updated: 359036
	67  -  MemoryUsage of job (MB)
	68244  -  ResidentSetSize of job (KB)
...
006 (2485823.136.000) 11/07 23:50:07 Image size of job updated: 492516
	67  -  MemoryUsage of job (MB)
	68244  -  ResidentSetSize of job (KB)
...
005 (2485823.136.000) 11/07 23:50:07 Job terminated.
	(1) Normal termination (return value 0)
		Usr 0 00:00:18, Sys 0 00:00:01  -  Run Remote Usage
		Usr 0 00:00:00, Sys 0 00:00:00  -  Run Local Usage
		Usr 0 00:00:18, Sys 0 00:00:01  -  Total Remote Usage
		Usr 0 00:00:00, Sys 0 00:00:00  -  Total Local Usage
	0  -  Run Bytes Sent By Job
	0  -  Run Bytes Received By Job
	0  -  Total Bytes Sent By Job
	0  -  Total Bytes Received By Job
	Partitionable Resources :    Usage  Request Allocated
	   Cpus                 :                 1         1
	   Disk (KB)            :        1        1  28372504
	   Memory (MB)          :       67        1      4033
...
