/cvmfs/cms.cern.ch
/cms/mchristos/ANN/FireMVA/2017
InputBundle_ttV_Input_45_Tree

Processing outFiles/Application_1_2L/InputBundle_ttV_Input_45_Tree/Application_Fakes_2L_2017.C...
                         : Booking "BDTG method" of type "BDT" from /cms/mchristos/ANN/FireMVA/L3Only/dl/weights/fire_MVA_PtInclusiveElectrons_BDT.weights.xml.
                         : Reading weight file: /cms/mchristos/ANN/FireMVA/L3Only/dl/weights/fire_MVA_PtInclusiveElectrons_BDT.weights.xml
<HEADER> DataSetInfo              : [Default] : Added class "Background"
<HEADER> DataSetInfo              : [Default] : Added class "Signal"
                         : Booked classifier "BDT" of type: "BDT"
                         : Booking "BDTG method" of type "BDT" from /cms/mchristos/ANN/FireMVA/L3Only/dl/weights/fire_MVA_PtInclusiveMuons_BDT.weights.xml.
                         : Reading weight file: /cms/mchristos/ANN/FireMVA/L3Only/dl/weights/fire_MVA_PtInclusiveMuons_BDT.weights.xml
<HEADER> DataSetInfo              : [Default] : Added class "Background"
<HEADER> DataSetInfo              : [Default] : Added class "Signal"
                         : Booked classifier "BDT" of type: "BDT"
--- TMVAClassificationApp    : Using input file: /cms/mchristos/ANN/FireMVA/2017/runPlotter_2L_NTupleMaker_2017/InputBundle_ttV_Input_45_Tree.root
--- Select sample
--- Processing: 17833 events
--- ... Processing event: 0
--- ... Processing event: 1000
--- ... Processing event: 2000
--- ... Processing event: 3000
--- ... Processing event: 4000
--- ... Processing event: 5000
--- ... Processing event: 6000
--- ... Processing event: 7000
--- ... Processing event: 8000
--- ... Processing event: 9000
--- ... Processing event: 10000
--- ... Processing event: 11000
--- ... Processing event: 12000
--- ... Processing event: 13000
--- ... Processing event: 14000
--- ... Processing event: 15000
--- ... Processing event: 16000
--- ... Processing event: 17000
--- End of event loop: Real time 0:00:54, CP time 13.030
