000 (2491851.136.000) 11/08 20:36:48 Job submitted from host: <192.168.1.109:9714>
...
001 (2491851.136.000) 11/08 20:37:20 Job executing on host: <192.168.1.46:9845>
...
006 (2491851.136.000) 11/08 20:37:28 Image size of job updated: 341836
	72  -  MemoryUsage of job (MB)
	73416  -  ResidentSetSize of job (KB)
...
006 (2491851.136.000) 11/08 20:37:50 Image size of job updated: 492404
	72  -  MemoryUsage of job (MB)
	73416  -  ResidentSetSize of job (KB)
...
005 (2491851.136.000) 11/08 20:37:50 Job terminated.
	(1) Normal termination (return value 0)
		Usr 0 00:00:14, Sys 0 00:00:00  -  Run Remote Usage
		Usr 0 00:00:00, Sys 0 00:00:00  -  Run Local Usage
		Usr 0 00:00:14, Sys 0 00:00:00  -  Total Remote Usage
		Usr 0 00:00:00, Sys 0 00:00:00  -  Total Local Usage
	0  -  Run Bytes Sent By Job
	0  -  Run Bytes Received By Job
	0  -  Total Bytes Sent By Job
	0  -  Total Bytes Received By Job
	Partitionable Resources :    Usage  Request Allocated
	   Cpus                 :                 1         1
	   Disk (KB)            :        1        1   2371916
	   Memory (MB)          :       72        1      4035
...
