000 (2497410.136.000) 11/09 15:33:47 Job submitted from host: <192.168.1.109:9714>
...
001 (2497410.136.000) 11/09 15:34:15 Job executing on host: <192.168.1.45:9392>
...
006 (2497410.136.000) 11/09 15:34:24 Image size of job updated: 443732
	128  -  MemoryUsage of job (MB)
	130500  -  ResidentSetSize of job (KB)
...
006 (2497410.136.000) 11/09 15:35:14 Image size of job updated: 492436
	128  -  MemoryUsage of job (MB)
	130500  -  ResidentSetSize of job (KB)
...
005 (2497410.136.000) 11/09 15:35:14 Job terminated.
	(1) Normal termination (return value 0)
		Usr 0 00:00:18, Sys 0 00:00:01  -  Run Remote Usage
		Usr 0 00:00:00, Sys 0 00:00:00  -  Run Local Usage
		Usr 0 00:00:18, Sys 0 00:00:01  -  Total Remote Usage
		Usr 0 00:00:00, Sys 0 00:00:00  -  Total Local Usage
	0  -  Run Bytes Sent By Job
	0  -  Run Bytes Received By Job
	0  -  Total Bytes Sent By Job
	0  -  Total Bytes Received By Job
	Partitionable Resources :    Usage  Request Allocated
	   Cpus                 :                 1         1
	   Disk (KB)            :        1        1   2370746
	   Memory (MB)          :      128        1      4035
...
