000 (2492235.039.000) 11/08 21:19:19 Job submitted from host: <192.168.1.109:9714>
...
001 (2492235.039.000) 11/08 21:19:33 Job executing on host: <192.168.1.64:9697>
...
006 (2492235.039.000) 11/08 21:19:42 Image size of job updated: 15576
	2  -  MemoryUsage of job (MB)
	1196  -  ResidentSetSize of job (KB)
...
006 (2492235.039.000) 11/08 21:24:42 Image size of job updated: 1075788
	529  -  MemoryUsage of job (MB)
	540860  -  ResidentSetSize of job (KB)
...
006 (2492235.039.000) 11/08 21:29:44 Image size of job updated: 1075788
	530  -  MemoryUsage of job (MB)
	541984  -  ResidentSetSize of job (KB)
...
006 (2492235.039.000) 11/08 21:34:44 Image size of job updated: 1075788
	531  -  MemoryUsage of job (MB)
	542968  -  ResidentSetSize of job (KB)
...
006 (2492235.039.000) 11/08 21:39:45 Image size of job updated: 1075788
	531  -  MemoryUsage of job (MB)
	543004  -  ResidentSetSize of job (KB)
...
006 (2492235.039.000) 11/08 21:44:46 Image size of job updated: 1075788
	531  -  MemoryUsage of job (MB)
	543232  -  ResidentSetSize of job (KB)
...
005 (2492235.039.000) 11/08 21:47:16 Job terminated.
	(1) Normal termination (return value 0)
		Usr 0 00:09:15, Sys 0 00:00:23  -  Run Remote Usage
		Usr 0 00:00:00, Sys 0 00:00:00  -  Run Local Usage
		Usr 0 00:09:15, Sys 0 00:00:23  -  Total Remote Usage
		Usr 0 00:00:00, Sys 0 00:00:00  -  Total Local Usage
	0  -  Run Bytes Sent By Job
	0  -  Run Bytes Received By Job
	0  -  Total Bytes Sent By Job
	0  -  Total Bytes Received By Job
	Partitionable Resources :    Usage  Request Allocated
	   Cpus                 :                 1         1
	   Disk (KB)            :        1        1  19563648
	   Memory (MB)          :      531        1      4033
...
