000 (2482243.097.000) 11/07 15:44:24 Job submitted from host: <192.168.1.109:9714>
...
001 (2482243.097.000) 11/07 15:44:39 Job executing on host: <192.168.1.51:9694>
...
006 (2482243.097.000) 11/07 15:44:48 Image size of job updated: 358620
	58  -  MemoryUsage of job (MB)
	58796  -  ResidentSetSize of job (KB)
...
006 (2482243.097.000) 11/07 15:48:19 Image size of job updated: 889240
	58  -  MemoryUsage of job (MB)
	58796  -  ResidentSetSize of job (KB)
...
005 (2482243.097.000) 11/07 15:48:19 Job terminated.
	(1) Normal termination (return value 0)
		Usr 0 00:02:31, Sys 0 00:00:11  -  Run Remote Usage
		Usr 0 00:00:00, Sys 0 00:00:00  -  Run Local Usage
		Usr 0 00:02:31, Sys 0 00:00:11  -  Total Remote Usage
		Usr 0 00:00:00, Sys 0 00:00:00  -  Total Local Usage
	0  -  Run Bytes Sent By Job
	0  -  Run Bytes Received By Job
	0  -  Total Bytes Sent By Job
	0  -  Total Bytes Received By Job
	Partitionable Resources :    Usage  Request Allocated
	   Cpus                 :                 1         1
	   Disk (KB)            :        1        1  28375188
	   Memory (MB)          :       58        1      4033
...
