000 (2485756.080.000) 11/07 21:19:45 Job submitted from host: <192.168.1.109:9714>
...
001 (2485756.080.000) 11/07 21:23:10 Job executing on host: <192.168.1.47:9634>
...
006 (2485756.080.000) 11/07 21:23:20 Image size of job updated: 327176
	38  -  MemoryUsage of job (MB)
	38824  -  ResidentSetSize of job (KB)
...
006 (2485756.080.000) 11/07 21:23:36 Image size of job updated: 465144
	38  -  MemoryUsage of job (MB)
	38824  -  ResidentSetSize of job (KB)
...
005 (2485756.080.000) 11/07 21:23:36 Job terminated.
	(1) Normal termination (return value 0)
		Usr 0 00:00:04, Sys 0 00:00:00  -  Run Remote Usage
		Usr 0 00:00:00, Sys 0 00:00:00  -  Run Local Usage
		Usr 0 00:00:04, Sys 0 00:00:00  -  Total Remote Usage
		Usr 0 00:00:00, Sys 0 00:00:00  -  Total Local Usage
	0  -  Run Bytes Sent By Job
	0  -  Run Bytes Received By Job
	0  -  Total Bytes Sent By Job
	0  -  Total Bytes Received By Job
	Partitionable Resources :    Usage  Request Allocated
	   Cpus                 :                 1         1
	   Disk (KB)            :        1        1  28379531
	   Memory (MB)          :       38        1      4033
...
