000 (2504801.016.000) 11/16 00:30:11 Job submitted from host: <192.168.1.109:9714>
...
001 (2504801.016.000) 11/16 00:30:31 Job executing on host: <192.168.1.66:9620>
...
006 (2504801.016.000) 11/16 00:30:39 Image size of job updated: 338056
	42  -  MemoryUsage of job (MB)
	42940  -  ResidentSetSize of job (KB)
...
006 (2504801.016.000) 11/16 00:31:06 Image size of job updated: 477112
	42  -  MemoryUsage of job (MB)
	42940  -  ResidentSetSize of job (KB)
...
005 (2504801.016.000) 11/16 00:31:06 Job terminated.
	(1) Normal termination (return value 0)
		Usr 0 00:00:19, Sys 0 00:00:01  -  Run Remote Usage
		Usr 0 00:00:00, Sys 0 00:00:00  -  Run Local Usage
		Usr 0 00:00:19, Sys 0 00:00:01  -  Total Remote Usage
		Usr 0 00:00:00, Sys 0 00:00:00  -  Total Local Usage
	0  -  Run Bytes Sent By Job
	0  -  Run Bytes Received By Job
	0  -  Total Bytes Sent By Job
	0  -  Total Bytes Received By Job
	Partitionable Resources :    Usage  Request Allocated
	   Cpus                 :                 1         1
	   Disk (KB)            :        1        1  19562378
	   Memory (MB)          :       42        1      4033
...
