000 (2497410.071.000) 11/09 15:33:46 Job submitted from host: <192.168.1.109:9714>
...
001 (2497410.071.000) 11/09 15:34:11 Job executing on host: <192.168.1.42:9515>
...
006 (2497410.071.000) 11/09 15:34:20 Image size of job updated: 358616
	45  -  MemoryUsage of job (MB)
	45824  -  ResidentSetSize of job (KB)
...
006 (2497410.071.000) 11/09 15:39:20 Image size of job updated: 1070244
	513  -  MemoryUsage of job (MB)
	525024  -  ResidentSetSize of job (KB)
...
006 (2497410.071.000) 11/09 15:44:20 Image size of job updated: 1070244
	513  -  MemoryUsage of job (MB)
	525312  -  ResidentSetSize of job (KB)
...
006 (2497410.071.000) 11/09 15:49:21 Image size of job updated: 1070244
	514  -  MemoryUsage of job (MB)
	525368  -  ResidentSetSize of job (KB)
...
006 (2497410.071.000) 11/09 15:54:22 Image size of job updated: 1070244
	514  -  MemoryUsage of job (MB)
	525376  -  ResidentSetSize of job (KB)
...
006 (2497410.071.000) 11/09 15:59:22 Image size of job updated: 1070244
	514  -  MemoryUsage of job (MB)
	525384  -  ResidentSetSize of job (KB)
...
006 (2497410.071.000) 11/09 16:04:22 Image size of job updated: 1070244
	514  -  MemoryUsage of job (MB)
	525440  -  ResidentSetSize of job (KB)
...
006 (2497410.071.000) 11/09 16:09:23 Image size of job updated: 1070244
	514  -  MemoryUsage of job (MB)
	525508  -  ResidentSetSize of job (KB)
...
005 (2497410.071.000) 11/09 16:14:46 Job terminated.
	(1) Normal termination (return value 0)
		Usr 0 00:03:32, Sys 0 00:00:14  -  Run Remote Usage
		Usr 0 00:00:00, Sys 0 00:00:00  -  Run Local Usage
		Usr 0 00:03:32, Sys 0 00:00:14  -  Total Remote Usage
		Usr 0 00:00:00, Sys 0 00:00:00  -  Total Local Usage
	0  -  Run Bytes Sent By Job
	0  -  Run Bytes Received By Job
	0  -  Total Bytes Sent By Job
	0  -  Total Bytes Received By Job
	Partitionable Resources :    Usage  Request Allocated
	   Cpus                 :                 1         1
	   Disk (KB)            :        1        1   2371274
	   Memory (MB)          :      514        1      4035
...
