000 (2492274.064.000) 11/08 21:22:00 Job submitted from host: <192.168.1.109:9714>
...
001 (2492274.064.000) 11/08 21:23:32 Job executing on host: <192.168.1.46:9845>
...
006 (2492274.064.000) 11/08 21:23:46 Image size of job updated: 97664
	13  -  MemoryUsage of job (MB)
	12732  -  ResidentSetSize of job (KB)
...
006 (2492274.064.000) 11/08 21:28:47 Image size of job updated: 685200
	276  -  MemoryUsage of job (MB)
	282076  -  ResidentSetSize of job (KB)
...
006 (2492274.064.000) 11/08 21:33:48 Image size of job updated: 1063648
	520  -  MemoryUsage of job (MB)
	531600  -  ResidentSetSize of job (KB)
...
006 (2492274.064.000) 11/08 21:38:48 Image size of job updated: 1063648
	523  -  MemoryUsage of job (MB)
	535552  -  ResidentSetSize of job (KB)
...
006 (2492274.064.000) 11/08 21:43:49 Image size of job updated: 1063648
	524  -  MemoryUsage of job (MB)
	535556  -  ResidentSetSize of job (KB)
...
006 (2492274.064.000) 11/08 21:48:50 Image size of job updated: 1063648
	524  -  MemoryUsage of job (MB)
	535884  -  ResidentSetSize of job (KB)
...
006 (2492274.064.000) 11/08 21:53:50 Image size of job updated: 1063648
	524  -  MemoryUsage of job (MB)
	535960  -  ResidentSetSize of job (KB)
...
006 (2492274.064.000) 11/08 21:58:51 Image size of job updated: 1063648
	524  -  MemoryUsage of job (MB)
	536016  -  ResidentSetSize of job (KB)
...
006 (2492274.064.000) 11/08 22:03:52 Image size of job updated: 1063648
	524  -  MemoryUsage of job (MB)
	536020  -  ResidentSetSize of job (KB)
...
006 (2492274.064.000) 11/08 22:08:52 Image size of job updated: 1063648
	524  -  MemoryUsage of job (MB)
	536140  -  ResidentSetSize of job (KB)
...
006 (2492274.064.000) 11/08 22:13:53 Image size of job updated: 1063648
	524  -  MemoryUsage of job (MB)
	536168  -  ResidentSetSize of job (KB)
...
006 (2492274.064.000) 11/08 22:18:54 Image size of job updated: 1063648
	524  -  MemoryUsage of job (MB)
	536216  -  ResidentSetSize of job (KB)
...
006 (2492274.064.000) 11/08 22:23:54 Image size of job updated: 1063648
	524  -  MemoryUsage of job (MB)
	536228  -  ResidentSetSize of job (KB)
...
006 (2492274.064.000) 11/08 22:28:55 Image size of job updated: 1063648
	524  -  MemoryUsage of job (MB)
	536248  -  ResidentSetSize of job (KB)
...
005 (2492274.064.000) 11/08 22:30:04 Job terminated.
	(1) Normal termination (return value 0)
		Usr 0 00:07:56, Sys 0 00:00:35  -  Run Remote Usage
		Usr 0 00:00:00, Sys 0 00:00:00  -  Run Local Usage
		Usr 0 00:07:56, Sys 0 00:00:35  -  Total Remote Usage
		Usr 0 00:00:00, Sys 0 00:00:00  -  Total Local Usage
	0  -  Run Bytes Sent By Job
	0  -  Run Bytes Received By Job
	0  -  Total Bytes Sent By Job
	0  -  Total Bytes Received By Job
	Partitionable Resources :    Usage  Request Allocated
	   Cpus                 :                 1         1
	   Disk (KB)            :        1        1   2371756
	   Memory (MB)          :      524        1      4035
...
