000 (2493183.076.000) 11/09 00:44:14 Job submitted from host: <192.168.1.109:9714>
...
001 (2493183.076.000) 11/09 00:44:24 Job executing on host: <192.168.1.52:9618?addrs=192.168.1.52-9618+[--1]-9618&noUDP&sock=2478_982d_3>
...
006 (2493183.076.000) 11/09 00:44:33 Image size of job updated: 1
	2  -  MemoryUsage of job (MB)
	1764  -  ResidentSetSize of job (KB)
...
006 (2493183.076.000) 11/09 00:49:34 Image size of job updated: 1052292
	506  -  MemoryUsage of job (MB)
	517992  -  ResidentSetSize of job (KB)
...
006 (2493183.076.000) 11/09 00:54:34 Image size of job updated: 1052292
	506  -  MemoryUsage of job (MB)
	518060  -  ResidentSetSize of job (KB)
...
006 (2493183.076.000) 11/09 01:04:36 Image size of job updated: 1052292
	506  -  MemoryUsage of job (MB)
	518084  -  ResidentSetSize of job (KB)
...
005 (2493183.076.000) 11/09 01:04:47 Job terminated.
	(1) Normal termination (return value 0)
		Usr 0 00:14:55, Sys 0 00:00:38  -  Run Remote Usage
		Usr 0 00:00:00, Sys 0 00:00:00  -  Run Local Usage
		Usr 0 00:14:55, Sys 0 00:00:38  -  Total Remote Usage
		Usr 0 00:00:00, Sys 0 00:00:00  -  Total Local Usage
	0  -  Run Bytes Sent By Job
	0  -  Run Bytes Received By Job
	0  -  Total Bytes Sent By Job
	0  -  Total Bytes Received By Job
	Partitionable Resources :    Usage  Request Allocated
	   Cpus                 :                 1         1
	   Disk (KB)            :        1        1   1562961
	   Memory (MB)          :      506        1         1
...
