000 (2485823.023.000) 11/07 23:48:29 Job submitted from host: <192.168.1.109:9714>
...
001 (2485823.023.000) 11/07 23:48:37 Job executing on host: <192.168.1.44:9507>
...
006 (2485823.023.000) 11/07 23:48:46 Image size of job updated: 346584
	72  -  MemoryUsage of job (MB)
	73240  -  ResidentSetSize of job (KB)
...
006 (2485823.023.000) 11/07 23:53:47 Image size of job updated: 996052
	475  -  MemoryUsage of job (MB)
	486196  -  ResidentSetSize of job (KB)
...
006 (2485823.023.000) 11/07 23:58:48 Image size of job updated: 996052
	477  -  MemoryUsage of job (MB)
	487520  -  ResidentSetSize of job (KB)
...
006 (2485823.023.000) 11/08 00:03:48 Image size of job updated: 996052
	477  -  MemoryUsage of job (MB)
	487888  -  ResidentSetSize of job (KB)
...
006 (2485823.023.000) 11/08 00:08:49 Image size of job updated: 996052
	477  -  MemoryUsage of job (MB)
	488196  -  ResidentSetSize of job (KB)
...
006 (2485823.023.000) 11/08 00:13:50 Image size of job updated: 996052
	482  -  MemoryUsage of job (MB)
	492568  -  ResidentSetSize of job (KB)
...
006 (2485823.023.000) 11/08 00:18:50 Image size of job updated: 996052
	482  -  MemoryUsage of job (MB)
	493224  -  ResidentSetSize of job (KB)
...
006 (2485823.023.000) 11/08 00:23:50 Image size of job updated: 996052
	482  -  MemoryUsage of job (MB)
	493352  -  ResidentSetSize of job (KB)
...
006 (2485823.023.000) 11/08 00:28:51 Image size of job updated: 996052
	541  -  MemoryUsage of job (MB)
	553148  -  ResidentSetSize of job (KB)
...
006 (2485823.023.000) 11/08 00:33:51 Image size of job updated: 996052
	640  -  MemoryUsage of job (MB)
	654912  -  ResidentSetSize of job (KB)
...
005 (2485823.023.000) 11/08 00:35:58 Job terminated.
	(1) Normal termination (return value 0)
		Usr 0 00:10:04, Sys 0 00:00:35  -  Run Remote Usage
		Usr 0 00:00:00, Sys 0 00:00:00  -  Run Local Usage
		Usr 0 00:10:04, Sys 0 00:00:35  -  Total Remote Usage
		Usr 0 00:00:00, Sys 0 00:00:00  -  Total Local Usage
	0  -  Run Bytes Sent By Job
	0  -  Run Bytes Received By Job
	0  -  Total Bytes Sent By Job
	0  -  Total Bytes Received By Job
	Partitionable Resources :    Usage  Request Allocated
	   Cpus                 :                 1         1
	   Disk (KB)            :        1        1   2370823
	   Memory (MB)          :      640        1      4035
...
