000 (2491851.023.000) 11/08 20:36:46 Job submitted from host: <192.168.1.109:9714>
...
001 (2491851.023.000) 11/08 20:37:13 Job executing on host: <192.168.1.45:9392>
...
006 (2491851.023.000) 11/08 20:37:22 Image size of job updated: 386552
	64  -  MemoryUsage of job (MB)
	65172  -  ResidentSetSize of job (KB)
...
006 (2491851.023.000) 11/08 20:42:23 Image size of job updated: 996052
	466  -  MemoryUsage of job (MB)
	476648  -  ResidentSetSize of job (KB)
...
006 (2491851.023.000) 11/08 20:57:24 Image size of job updated: 996052
	559  -  MemoryUsage of job (MB)
	572400  -  ResidentSetSize of job (KB)
...
006 (2491851.023.000) 11/08 21:02:25 Image size of job updated: 996052
	560  -  MemoryUsage of job (MB)
	572760  -  ResidentSetSize of job (KB)
...
006 (2491851.023.000) 11/08 21:07:25 Image size of job updated: 996052
	560  -  MemoryUsage of job (MB)
	573212  -  ResidentSetSize of job (KB)
...
005 (2491851.023.000) 11/08 21:09:44 Job terminated.
	(1) Normal termination (return value 0)
		Usr 0 00:11:21, Sys 0 00:00:41  -  Run Remote Usage
		Usr 0 00:00:00, Sys 0 00:00:00  -  Run Local Usage
		Usr 0 00:11:21, Sys 0 00:00:41  -  Total Remote Usage
		Usr 0 00:00:00, Sys 0 00:00:00  -  Total Local Usage
	0  -  Run Bytes Sent By Job
	0  -  Run Bytes Received By Job
	0  -  Total Bytes Sent By Job
	0  -  Total Bytes Received By Job
	Partitionable Resources :    Usage  Request Allocated
	   Cpus                 :                 1         1
	   Disk (KB)            :        1        1   2370406
	   Memory (MB)          :      560        1      4035
...
