000 (2491133.023.000) 11/08 19:40:18 Job submitted from host: <192.168.1.109:9714>
...
001 (2491133.023.000) 11/08 19:40:56 Job executing on host: <192.168.1.42:9515>
...
006 (2491133.023.000) 11/08 19:41:05 Image size of job updated: 97664
	2  -  MemoryUsage of job (MB)
	1396  -  ResidentSetSize of job (KB)
...
006 (2491133.023.000) 11/08 19:46:06 Image size of job updated: 996048
	486  -  MemoryUsage of job (MB)
	496724  -  ResidentSetSize of job (KB)
...
006 (2491133.023.000) 11/08 19:51:06 Image size of job updated: 996048
	486  -  MemoryUsage of job (MB)
	496844  -  ResidentSetSize of job (KB)
...
006 (2491133.023.000) 11/08 19:56:06 Image size of job updated: 996048
	486  -  MemoryUsage of job (MB)
	497424  -  ResidentSetSize of job (KB)
...
006 (2491133.023.000) 11/08 20:01:07 Image size of job updated: 1154228
	664  -  MemoryUsage of job (MB)
	679696  -  ResidentSetSize of job (KB)
...
005 (2491133.023.000) 11/08 20:04:44 Job terminated.
	(1) Normal termination (return value 0)
		Usr 0 00:10:55, Sys 0 00:00:40  -  Run Remote Usage
		Usr 0 00:00:00, Sys 0 00:00:00  -  Run Local Usage
		Usr 0 00:10:55, Sys 0 00:00:40  -  Total Remote Usage
		Usr 0 00:00:00, Sys 0 00:00:00  -  Total Local Usage
	0  -  Run Bytes Sent By Job
	0  -  Run Bytes Received By Job
	0  -  Total Bytes Sent By Job
	0  -  Total Bytes Received By Job
	Partitionable Resources :    Usage  Request Allocated
	   Cpus                 :                 1         1
	   Disk (KB)            :        1        1   2371219
	   Memory (MB)          :      664        1      4035
...
