000 (2497410.023.000) 11/09 15:33:46 Job submitted from host: <192.168.1.109:9714>
...
001 (2497410.023.000) 11/09 15:34:09 Job executing on host: <192.168.1.68:9996>
...
006 (2497410.023.000) 11/09 15:34:17 Image size of job updated: 341260
	52  -  MemoryUsage of job (MB)
	52844  -  ResidentSetSize of job (KB)
...
006 (2497410.023.000) 11/09 15:39:18 Image size of job updated: 1043184
	502  -  MemoryUsage of job (MB)
	513116  -  ResidentSetSize of job (KB)
...
006 (2497410.023.000) 11/09 15:44:19 Image size of job updated: 1043184
	502  -  MemoryUsage of job (MB)
	513468  -  ResidentSetSize of job (KB)
...
006 (2497410.023.000) 11/09 15:49:19 Image size of job updated: 1043184
	502  -  MemoryUsage of job (MB)
	513744  -  ResidentSetSize of job (KB)
...
006 (2497410.023.000) 11/09 15:54:20 Image size of job updated: 1043184
	502  -  MemoryUsage of job (MB)
	513784  -  ResidentSetSize of job (KB)
...
006 (2497410.023.000) 11/09 15:59:21 Image size of job updated: 1043184
	502  -  MemoryUsage of job (MB)
	513988  -  ResidentSetSize of job (KB)
...
006 (2497410.023.000) 11/09 16:04:21 Image size of job updated: 1043184
	617  -  MemoryUsage of job (MB)
	631452  -  ResidentSetSize of job (KB)
...
006 (2497410.023.000) 11/09 16:09:21 Image size of job updated: 1043184
	619  -  MemoryUsage of job (MB)
	632860  -  ResidentSetSize of job (KB)
...
006 (2497410.023.000) 11/09 16:14:22 Image size of job updated: 1043184
	619  -  MemoryUsage of job (MB)
	633304  -  ResidentSetSize of job (KB)
...
006 (2497410.023.000) 11/09 16:19:22 Image size of job updated: 1043184
	619  -  MemoryUsage of job (MB)
	633308  -  ResidentSetSize of job (KB)
...
006 (2497410.023.000) 11/09 16:24:22 Image size of job updated: 1043184
	619  -  MemoryUsage of job (MB)
	633572  -  ResidentSetSize of job (KB)
...
005 (2497410.023.000) 11/09 16:25:38 Job terminated.
	(1) Normal termination (return value 0)
		Usr 0 00:20:56, Sys 0 00:00:53  -  Run Remote Usage
		Usr 0 00:00:00, Sys 0 00:00:00  -  Run Local Usage
		Usr 0 00:20:56, Sys 0 00:00:53  -  Total Remote Usage
		Usr 0 00:00:00, Sys 0 00:00:00  -  Total Local Usage
	0  -  Run Bytes Sent By Job
	0  -  Run Bytes Received By Job
	0  -  Total Bytes Sent By Job
	0  -  Total Bytes Received By Job
	Partitionable Resources :    Usage  Request Allocated
	   Cpus                 :                 1         1
	   Disk (KB)            :        1        1  20251418
	   Memory (MB)          :      619        1      4038
...
