000 (2491851.017.000) 11/08 20:36:46 Job submitted from host: <192.168.1.109:9714>
...
001 (2491851.017.000) 11/08 20:37:13 Job executing on host: <192.168.1.47:9634>
...
006 (2491851.017.000) 11/08 20:37:21 Image size of job updated: 344480
	62  -  MemoryUsage of job (MB)
	62560  -  ResidentSetSize of job (KB)
...
006 (2491851.017.000) 11/08 20:42:21 Image size of job updated: 1008420
	418  -  MemoryUsage of job (MB)
	427488  -  ResidentSetSize of job (KB)
...
006 (2491851.017.000) 11/08 20:47:22 Image size of job updated: 1008420
	418  -  MemoryUsage of job (MB)
	427596  -  ResidentSetSize of job (KB)
...
006 (2491851.017.000) 11/08 20:52:23 Image size of job updated: 1008420
	529  -  MemoryUsage of job (MB)
	540724  -  ResidentSetSize of job (KB)
...
005 (2491851.017.000) 11/08 20:55:50 Job terminated.
	(1) Normal termination (return value 0)
		Usr 0 00:05:02, Sys 0 00:00:19  -  Run Remote Usage
		Usr 0 00:00:00, Sys 0 00:00:00  -  Run Local Usage
		Usr 0 00:05:02, Sys 0 00:00:19  -  Total Remote Usage
		Usr 0 00:00:00, Sys 0 00:00:00  -  Total Local Usage
	0  -  Run Bytes Sent By Job
	0  -  Run Bytes Received By Job
	0  -  Total Bytes Sent By Job
	0  -  Total Bytes Received By Job
	Partitionable Resources :    Usage  Request Allocated
	   Cpus                 :                 1         1
	   Disk (KB)            :        1        1  28381043
	   Memory (MB)          :      529        1      4033
...
