000 (2491133.017.000) 11/08 19:40:18 Job submitted from host: <192.168.1.109:9714>
...
001 (2491133.017.000) 11/08 19:40:55 Job executing on host: <192.168.1.64:9697>
...
006 (2491133.017.000) 11/08 19:41:04 Image size of job updated: 343100
	75  -  MemoryUsage of job (MB)
	76328  -  ResidentSetSize of job (KB)
...
006 (2491133.017.000) 11/08 19:46:05 Image size of job updated: 1008416
	490  -  MemoryUsage of job (MB)
	501124  -  ResidentSetSize of job (KB)
...
006 (2491133.017.000) 11/08 19:51:06 Image size of job updated: 1008416
	490  -  MemoryUsage of job (MB)
	501184  -  ResidentSetSize of job (KB)
...
006 (2491133.017.000) 11/08 19:56:06 Image size of job updated: 1008416
	490  -  MemoryUsage of job (MB)
	501308  -  ResidentSetSize of job (KB)
...
006 (2491133.017.000) 11/08 20:00:12 Image size of job updated: 1161636
	490  -  MemoryUsage of job (MB)
	501308  -  ResidentSetSize of job (KB)
...
005 (2491133.017.000) 11/08 20:00:12 Job terminated.
	(1) Normal termination (return value 0)
		Usr 0 00:09:23, Sys 0 00:00:25  -  Run Remote Usage
		Usr 0 00:00:00, Sys 0 00:00:00  -  Run Local Usage
		Usr 0 00:09:23, Sys 0 00:00:25  -  Total Remote Usage
		Usr 0 00:00:00, Sys 0 00:00:00  -  Total Local Usage
	0  -  Run Bytes Sent By Job
	0  -  Run Bytes Received By Job
	0  -  Total Bytes Sent By Job
	0  -  Total Bytes Received By Job
	Partitionable Resources :    Usage  Request Allocated
	   Cpus                 :                 1         1
	   Disk (KB)            :        1        1  19563332
	   Memory (MB)          :      490        1      4033
...
