000 (2497410.017.000) 11/09 15:33:46 Job submitted from host: <192.168.1.109:9714>
...
001 (2497410.017.000) 11/09 15:34:08 Job executing on host: <192.168.1.65:9393>
...
006 (2497410.017.000) 11/09 15:34:17 Image size of job updated: 1
	3  -  MemoryUsage of job (MB)
	2100  -  ResidentSetSize of job (KB)
...
006 (2497410.017.000) 11/09 15:39:18 Image size of job updated: 1048332
	507  -  MemoryUsage of job (MB)
	518620  -  ResidentSetSize of job (KB)
...
006 (2497410.017.000) 11/09 15:44:18 Image size of job updated: 1048332
	507  -  MemoryUsage of job (MB)
	518924  -  ResidentSetSize of job (KB)
...
006 (2497410.017.000) 11/09 15:49:18 Image size of job updated: 1048332
	507  -  MemoryUsage of job (MB)
	518984  -  ResidentSetSize of job (KB)
...
005 (2497410.017.000) 11/09 15:53:44 Job terminated.
	(1) Normal termination (return value 0)
		Usr 0 00:09:16, Sys 0 00:00:21  -  Run Remote Usage
		Usr 0 00:00:00, Sys 0 00:00:00  -  Run Local Usage
		Usr 0 00:09:16, Sys 0 00:00:21  -  Total Remote Usage
		Usr 0 00:00:00, Sys 0 00:00:00  -  Total Local Usage
	0  -  Run Bytes Sent By Job
	0  -  Run Bytes Received By Job
	0  -  Total Bytes Sent By Job
	0  -  Total Bytes Received By Job
	Partitionable Resources :    Usage  Request Allocated
	   Cpus                 :                 1         1
	   Disk (KB)            :        1        1  19564016
	   Memory (MB)          :      507        1      4033
...
