000 (2492274.007.000) 11/08 21:21:58 Job submitted from host: <192.168.1.109:9714>
...
001 (2492274.007.000) 11/08 21:22:40 Job executing on host: <192.168.1.48:9634>
...
006 (2492274.007.000) 11/08 21:22:49 Image size of job updated: 60808
	8  -  MemoryUsage of job (MB)
	7304  -  ResidentSetSize of job (KB)
...
006 (2492274.007.000) 11/08 21:27:51 Image size of job updated: 965764
	437  -  MemoryUsage of job (MB)
	446980  -  ResidentSetSize of job (KB)
...
006 (2492274.007.000) 11/08 21:32:51 Image size of job updated: 965764
	444  -  MemoryUsage of job (MB)
	453920  -  ResidentSetSize of job (KB)
...
006 (2492274.007.000) 11/08 21:37:52 Image size of job updated: 965764
	444  -  MemoryUsage of job (MB)
	454420  -  ResidentSetSize of job (KB)
...
006 (2492274.007.000) 11/08 21:42:53 Image size of job updated: 965764
	444  -  MemoryUsage of job (MB)
	454444  -  ResidentSetSize of job (KB)
...
006 (2492274.007.000) 11/08 21:47:53 Image size of job updated: 965764
	444  -  MemoryUsage of job (MB)
	454464  -  ResidentSetSize of job (KB)
...
006 (2492274.007.000) 11/08 21:52:54 Image size of job updated: 965764
	445  -  MemoryUsage of job (MB)
	454932  -  ResidentSetSize of job (KB)
...
006 (2492274.007.000) 11/08 21:57:55 Image size of job updated: 965764
	445  -  MemoryUsage of job (MB)
	455088  -  ResidentSetSize of job (KB)
...
006 (2492274.007.000) 11/08 22:02:55 Image size of job updated: 965764
	445  -  MemoryUsage of job (MB)
	455248  -  ResidentSetSize of job (KB)
...
005 (2492274.007.000) 11/08 22:04:36 Job terminated.
	(1) Normal termination (return value 0)
		Usr 0 00:05:21, Sys 0 00:00:22  -  Run Remote Usage
		Usr 0 00:00:00, Sys 0 00:00:00  -  Run Local Usage
		Usr 0 00:05:21, Sys 0 00:00:22  -  Total Remote Usage
		Usr 0 00:00:00, Sys 0 00:00:00  -  Total Local Usage
	0  -  Run Bytes Sent By Job
	0  -  Run Bytes Received By Job
	0  -  Total Bytes Sent By Job
	0  -  Total Bytes Received By Job
	Partitionable Resources :    Usage  Request Allocated
	   Cpus                 :                 1         1
	   Disk (KB)            :        1        1  28379960
	   Memory (MB)          :      445        1      4033
...
