000 (2492235.019.000) 11/08 21:19:19 Job submitted from host: <192.168.1.109:9714>
...
001 (2492235.019.000) 11/08 21:19:43 Job executing on host: <192.168.1.63:9932>
...
006 (2492235.019.000) 11/08 21:19:52 Image size of job updated: 339644
	55  -  MemoryUsage of job (MB)
	55940  -  ResidentSetSize of job (KB)
...
006 (2492235.019.000) 11/08 21:24:52 Image size of job updated: 965764
	454  -  MemoryUsage of job (MB)
	464096  -  ResidentSetSize of job (KB)
...
006 (2492235.019.000) 11/08 21:29:53 Image size of job updated: 965764
	460  -  MemoryUsage of job (MB)
	470188  -  ResidentSetSize of job (KB)
...
006 (2492235.019.000) 11/08 21:34:54 Image size of job updated: 965764
	544  -  MemoryUsage of job (MB)
	556180  -  ResidentSetSize of job (KB)
...
006 (2492235.019.000) 11/08 21:39:54 Image size of job updated: 965764
	583  -  MemoryUsage of job (MB)
	596892  -  ResidentSetSize of job (KB)
...
006 (2492235.019.000) 11/08 21:44:55 Image size of job updated: 965764
	584  -  MemoryUsage of job (MB)
	597132  -  ResidentSetSize of job (KB)
...
005 (2492235.019.000) 11/08 21:45:43 Job terminated.
	(1) Normal termination (return value 0)
		Usr 0 00:10:29, Sys 0 00:00:25  -  Run Remote Usage
		Usr 0 00:00:00, Sys 0 00:00:00  -  Run Local Usage
		Usr 0 00:10:29, Sys 0 00:00:25  -  Total Remote Usage
		Usr 0 00:00:00, Sys 0 00:00:00  -  Total Local Usage
	0  -  Run Bytes Sent By Job
	0  -  Run Bytes Received By Job
	0  -  Total Bytes Sent By Job
	0  -  Total Bytes Received By Job
	Partitionable Resources :    Usage  Request Allocated
	   Cpus                 :                 1         1
	   Disk (KB)            :        1        1  19566041
	   Memory (MB)          :      584        1      4033
...
