000 (2491851.016.000) 11/08 20:36:46 Job submitted from host: <192.168.1.109:9714>
...
001 (2491851.016.000) 11/08 20:37:13 Job executing on host: <192.168.1.44:9507>
...
006 (2491851.016.000) 11/08 20:37:21 Image size of job updated: 402816
	83  -  MemoryUsage of job (MB)
	84268  -  ResidentSetSize of job (KB)
...
006 (2491851.016.000) 11/08 20:42:21 Image size of job updated: 1027160
	480  -  MemoryUsage of job (MB)
	490984  -  ResidentSetSize of job (KB)
...
005 (2491851.016.000) 11/08 21:03:07 Job terminated.
	(1) Normal termination (return value 0)
		Usr 0 00:06:19, Sys 0 00:00:23  -  Run Remote Usage
		Usr 0 00:00:00, Sys 0 00:00:00  -  Run Local Usage
		Usr 0 00:06:19, Sys 0 00:00:23  -  Total Remote Usage
		Usr 0 00:00:00, Sys 0 00:00:00  -  Total Local Usage
	0  -  Run Bytes Sent By Job
	0  -  Run Bytes Received By Job
	0  -  Total Bytes Sent By Job
	0  -  Total Bytes Received By Job
	Partitionable Resources :    Usage  Request Allocated
	   Cpus                 :                 1         1
	   Disk (KB)            :        1        1   2370192
	   Memory (MB)          :      480        1      4035
...
