000 (2491133.107.000) 11/08 19:40:19 Job submitted from host: <192.168.1.109:9714>
...
001 (2491133.107.000) 11/08 19:40:54 Job executing on host: <192.168.1.46:9845>
...
006 (2491133.107.000) 11/08 19:41:03 Image size of job updated: 341556
	61  -  MemoryUsage of job (MB)
	61596  -  ResidentSetSize of job (KB)
...
006 (2491133.107.000) 11/08 19:46:04 Image size of job updated: 1010312
	492  -  MemoryUsage of job (MB)
	503492  -  ResidentSetSize of job (KB)
...
006 (2491133.107.000) 11/08 19:51:04 Image size of job updated: 1010312
	494  -  MemoryUsage of job (MB)
	505696  -  ResidentSetSize of job (KB)
...
006 (2491133.107.000) 11/08 19:56:05 Image size of job updated: 1010312
	495  -  MemoryUsage of job (MB)
	506012  -  ResidentSetSize of job (KB)
...
006 (2491133.107.000) 11/08 20:01:06 Image size of job updated: 1222320
	731  -  MemoryUsage of job (MB)
	747980  -  ResidentSetSize of job (KB)
...
005 (2491133.107.000) 11/08 20:02:45 Job terminated.
	(1) Normal termination (return value 0)
		Usr 0 00:07:51, Sys 0 00:00:36  -  Run Remote Usage
		Usr 0 00:00:00, Sys 0 00:00:00  -  Run Local Usage
		Usr 0 00:07:51, Sys 0 00:00:36  -  Total Remote Usage
		Usr 0 00:00:00, Sys 0 00:00:00  -  Total Local Usage
	0  -  Run Bytes Sent By Job
	0  -  Run Bytes Received By Job
	0  -  Total Bytes Sent By Job
	0  -  Total Bytes Received By Job
	Partitionable Resources :    Usage  Request Allocated
	   Cpus                 :                 1         1
	   Disk (KB)            :        1        1   2371641
	   Memory (MB)          :      731        1      4035
...
