000 (2497410.107.000) 11/09 15:33:47 Job submitted from host: <192.168.1.109:9714>
...
001 (2497410.107.000) 11/09 15:34:13 Job executing on host: <192.168.1.44:9507>
...
006 (2497410.107.000) 11/09 15:34:21 Image size of job updated: 340584
	46  -  MemoryUsage of job (MB)
	46332  -  ResidentSetSize of job (KB)
...
006 (2497410.107.000) 11/09 15:39:21 Image size of job updated: 1055808
	504  -  MemoryUsage of job (MB)
	515324  -  ResidentSetSize of job (KB)
...
006 (2497410.107.000) 11/09 15:44:22 Image size of job updated: 1055808
	504  -  MemoryUsage of job (MB)
	515496  -  ResidentSetSize of job (KB)
...
006 (2497410.107.000) 11/09 15:49:22 Image size of job updated: 1055808
	614  -  MemoryUsage of job (MB)
	627852  -  ResidentSetSize of job (KB)
...
006 (2497410.107.000) 11/09 15:54:22 Image size of job updated: 1055808
	614  -  MemoryUsage of job (MB)
	627912  -  ResidentSetSize of job (KB)
...
006 (2497410.107.000) 11/09 15:59:23 Image size of job updated: 1055808
	614  -  MemoryUsage of job (MB)
	628168  -  ResidentSetSize of job (KB)
...
006 (2497410.107.000) 11/09 16:04:24 Image size of job updated: 1055808
	614  -  MemoryUsage of job (MB)
	628196  -  ResidentSetSize of job (KB)
...
006 (2497410.107.000) 11/09 16:24:25 Image size of job updated: 1055808
	614  -  MemoryUsage of job (MB)
	628200  -  ResidentSetSize of job (KB)
...
006 (2497410.107.000) 11/09 16:29:25 Image size of job updated: 1055808
	614  -  MemoryUsage of job (MB)
	628216  -  ResidentSetSize of job (KB)
...
005 (2497410.107.000) 11/09 16:30:13 Job terminated.
	(1) Normal termination (return value 0)
		Usr 0 00:08:07, Sys 0 00:00:31  -  Run Remote Usage
		Usr 0 00:00:00, Sys 0 00:00:00  -  Run Local Usage
		Usr 0 00:08:07, Sys 0 00:00:31  -  Total Remote Usage
		Usr 0 00:00:00, Sys 0 00:00:00  -  Total Local Usage
	0  -  Run Bytes Sent By Job
	0  -  Run Bytes Received By Job
	0  -  Total Bytes Sent By Job
	0  -  Total Bytes Received By Job
	Partitionable Resources :    Usage  Request Allocated
	   Cpus                 :                 1         1
	   Disk (KB)            :        1        1   2370549
	   Memory (MB)          :      614        1      4035
...
