000 (2492235.045.000) 11/08 21:19:19 Job submitted from host: <192.168.1.109:9714>
...
001 (2492235.045.000) 11/08 21:19:38 Job executing on host: <192.168.1.46:9845>
...
006 (2492235.045.000) 11/08 21:19:48 Image size of job updated: 97668
	3  -  MemoryUsage of job (MB)
	2552  -  ResidentSetSize of job (KB)
...
006 (2492235.045.000) 11/08 21:24:49 Image size of job updated: 1059120
	434  -  MemoryUsage of job (MB)
	443840  -  ResidentSetSize of job (KB)
...
006 (2492235.045.000) 11/08 21:29:49 Image size of job updated: 1059120
	437  -  MemoryUsage of job (MB)
	447468  -  ResidentSetSize of job (KB)
...
006 (2492235.045.000) 11/08 21:34:49 Image size of job updated: 1059120
	442  -  MemoryUsage of job (MB)
	451784  -  ResidentSetSize of job (KB)
...
006 (2492235.045.000) 11/08 21:39:50 Image size of job updated: 1059120
	442  -  MemoryUsage of job (MB)
	451908  -  ResidentSetSize of job (KB)
...
006 (2492235.045.000) 11/08 21:44:50 Image size of job updated: 1059120
	442  -  MemoryUsage of job (MB)
	451912  -  ResidentSetSize of job (KB)
...
006 (2492235.045.000) 11/08 21:49:50 Image size of job updated: 1059120
	442  -  MemoryUsage of job (MB)
	451932  -  ResidentSetSize of job (KB)
...
006 (2492235.045.000) 11/08 21:54:51 Image size of job updated: 1059120
	442  -  MemoryUsage of job (MB)
	451960  -  ResidentSetSize of job (KB)
...
006 (2492235.045.000) 11/08 22:09:52 Image size of job updated: 1059120
	442  -  MemoryUsage of job (MB)
	452048  -  ResidentSetSize of job (KB)
...
006 (2492235.045.000) 11/08 22:14:53 Image size of job updated: 1059120
	442  -  MemoryUsage of job (MB)
	452064  -  ResidentSetSize of job (KB)
...
006 (2492235.045.000) 11/08 22:19:53 Image size of job updated: 1059120
	526  -  MemoryUsage of job (MB)
	538008  -  ResidentSetSize of job (KB)
...
006 (2492235.045.000) 11/08 22:24:55 Image size of job updated: 1059120
	561  -  MemoryUsage of job (MB)
	573608  -  ResidentSetSize of job (KB)
...
006 (2492235.045.000) 11/08 22:29:55 Image size of job updated: 1059120
	561  -  MemoryUsage of job (MB)
	573804  -  ResidentSetSize of job (KB)
...
006 (2492235.045.000) 11/08 22:34:55 Image size of job updated: 1059120
	561  -  MemoryUsage of job (MB)
	573840  -  ResidentSetSize of job (KB)
...
005 (2492235.045.000) 11/08 22:38:45 Job terminated.
	(1) Normal termination (return value 0)
		Usr 0 00:10:42, Sys 0 00:00:51  -  Run Remote Usage
		Usr 0 00:00:00, Sys 0 00:00:00  -  Run Local Usage
		Usr 0 00:10:42, Sys 0 00:00:51  -  Total Remote Usage
		Usr 0 00:00:00, Sys 0 00:00:00  -  Total Local Usage
	0  -  Run Bytes Sent By Job
	0  -  Run Bytes Received By Job
	0  -  Total Bytes Sent By Job
	0  -  Total Bytes Received By Job
	Partitionable Resources :    Usage  Request Allocated
	   Cpus                 :                 1         1
	   Disk (KB)            :        1        1   2371780
	   Memory (MB)          :      561        1      4035
...
