000 (2497153.033.000) 11/09 15:05:06 Job submitted from host: <192.168.1.109:9714>
...
001 (2497153.033.000) 11/09 15:05:22 Job executing on host: <192.168.1.66:9620>
...
006 (2497153.033.000) 11/09 15:05:30 Image size of job updated: 1
	3  -  MemoryUsage of job (MB)
	2096  -  ResidentSetSize of job (KB)
...
006 (2497153.033.000) 11/09 15:05:43 Image size of job updated: 483172
	3  -  MemoryUsage of job (MB)
	2096  -  ResidentSetSize of job (KB)
...
005 (2497153.033.000) 11/09 15:05:43 Job terminated.
	(1) Normal termination (return value 0)
		Usr 0 00:00:12, Sys 0 00:00:00  -  Run Remote Usage
		Usr 0 00:00:00, Sys 0 00:00:00  -  Run Local Usage
		Usr 0 00:00:12, Sys 0 00:00:00  -  Total Remote Usage
		Usr 0 00:00:00, Sys 0 00:00:00  -  Total Local Usage
	0  -  Run Bytes Sent By Job
	0  -  Run Bytes Received By Job
	0  -  Total Bytes Sent By Job
	0  -  Total Bytes Received By Job
	Partitionable Resources :    Usage  Request Allocated
	   Cpus                 :                 1         1
	   Disk (KB)            :        1        1  19564131
	   Memory (MB)          :        3        1      4033
...
