000 (2497151.033.000) 11/09 14:58:11 Job submitted from host: <192.168.1.109:9714>
...
001 (2497151.033.000) 11/09 14:58:18 Job executing on host: <192.168.1.51:9694>
...
006 (2497151.033.000) 11/09 14:58:26 Image size of job updated: 438012
	105  -  MemoryUsage of job (MB)
	107008  -  ResidentSetSize of job (KB)
...
006 (2497151.033.000) 11/09 14:58:46 Image size of job updated: 490972
	105  -  MemoryUsage of job (MB)
	107008  -  ResidentSetSize of job (KB)
...
005 (2497151.033.000) 11/09 14:58:46 Job terminated.
	(1) Normal termination (return value 0)
		Usr 0 00:00:10, Sys 0 00:00:00  -  Run Remote Usage
		Usr 0 00:00:00, Sys 0 00:00:00  -  Run Local Usage
		Usr 0 00:00:10, Sys 0 00:00:00  -  Total Remote Usage
		Usr 0 00:00:00, Sys 0 00:00:00  -  Total Local Usage
	0  -  Run Bytes Sent By Job
	0  -  Run Bytes Received By Job
	0  -  Total Bytes Sent By Job
	0  -  Total Bytes Received By Job
	Partitionable Resources :    Usage  Request Allocated
	   Cpus                 :                 1         1
	   Disk (KB)            :        1        1  28379498
	   Memory (MB)          :      105        1      4033
...
