000 (2504805.045.000) 11/16 01:26:45 Job submitted from host: <192.168.1.109:9714>
...
001 (2504805.045.000) 11/16 01:26:57 Job executing on host: <192.168.1.50:9434>
...
006 (2504805.045.000) 11/16 01:27:05 Image size of job updated: 15608
	2  -  MemoryUsage of job (MB)
	1404  -  ResidentSetSize of job (KB)
...
006 (2504805.045.000) 11/16 01:27:31 Image size of job updated: 475672
	2  -  MemoryUsage of job (MB)
	1404  -  ResidentSetSize of job (KB)
...
005 (2504805.045.000) 11/16 01:27:31 Job terminated.
	(1) Normal termination (return value 0)
		Usr 0 00:00:07, Sys 0 00:00:01  -  Run Remote Usage
		Usr 0 00:00:00, Sys 0 00:00:00  -  Run Local Usage
		Usr 0 00:00:07, Sys 0 00:00:01  -  Total Remote Usage
		Usr 0 00:00:00, Sys 0 00:00:00  -  Total Local Usage
	0  -  Run Bytes Sent By Job
	0  -  Run Bytes Received By Job
	0  -  Total Bytes Sent By Job
	0  -  Total Bytes Received By Job
	Partitionable Resources :    Usage  Request Allocated
	   Cpus                 :                 1         1
	   Disk (KB)            :        1        1  28379618
	   Memory (MB)          :        2        1      4033
...
