000 (2492235.086.000) 11/08 21:19:20 Job submitted from host: <192.168.1.109:9714>
...
001 (2492235.086.000) 11/08 21:19:36 Job executing on host: <192.168.1.66:9620>
...
006 (2492235.086.000) 11/08 21:19:45 Image size of job updated: 360816
	69  -  MemoryUsage of job (MB)
	70548  -  ResidentSetSize of job (KB)
...
006 (2492235.086.000) 11/08 21:24:46 Image size of job updated: 1060676
	440  -  MemoryUsage of job (MB)
	449824  -  ResidentSetSize of job (KB)
...
006 (2492235.086.000) 11/08 21:29:46 Image size of job updated: 1060676
	548  -  MemoryUsage of job (MB)
	560288  -  ResidentSetSize of job (KB)
...
005 (2492235.086.000) 11/08 21:33:56 Job terminated.
	(1) Normal termination (return value 0)
		Usr 0 00:06:00, Sys 0 00:00:16  -  Run Remote Usage
		Usr 0 00:00:00, Sys 0 00:00:00  -  Run Local Usage
		Usr 0 00:06:00, Sys 0 00:00:16  -  Total Remote Usage
		Usr 0 00:00:00, Sys 0 00:00:00  -  Total Local Usage
	0  -  Run Bytes Sent By Job
	0  -  Run Bytes Received By Job
	0  -  Total Bytes Sent By Job
	0  -  Total Bytes Received By Job
	Partitionable Resources :    Usage  Request Allocated
	   Cpus                 :                 1         1
	   Disk (KB)            :        1        1  19563484
	   Memory (MB)          :      548        1      4033
...
