000 (2493183.086.000) 11/09 00:44:14 Job submitted from host: <192.168.1.109:9714>
...
001 (2493183.086.000) 11/09 00:44:27 Job executing on host: <192.168.1.42:9515>
...
006 (2493183.086.000) 11/09 00:44:36 Image size of job updated: 97664
	3  -  MemoryUsage of job (MB)
	2668  -  ResidentSetSize of job (KB)
...
006 (2493183.086.000) 11/09 00:49:38 Image size of job updated: 1050344
	498  -  MemoryUsage of job (MB)
	509428  -  ResidentSetSize of job (KB)
...
006 (2493183.086.000) 11/09 00:54:38 Image size of job updated: 1050344
	499  -  MemoryUsage of job (MB)
	510844  -  ResidentSetSize of job (KB)
...
006 (2493183.086.000) 11/09 00:59:38 Image size of job updated: 1050344
	500  -  MemoryUsage of job (MB)
	511056  -  ResidentSetSize of job (KB)
...
006 (2493183.086.000) 11/09 01:04:40 Image size of job updated: 1050344
	500  -  MemoryUsage of job (MB)
	511124  -  ResidentSetSize of job (KB)
...
005 (2493183.086.000) 11/09 01:07:54 Job terminated.
	(1) Normal termination (return value 0)
		Usr 0 00:03:17, Sys 0 00:00:13  -  Run Remote Usage
		Usr 0 00:00:00, Sys 0 00:00:00  -  Run Local Usage
		Usr 0 00:03:17, Sys 0 00:00:13  -  Total Remote Usage
		Usr 0 00:00:00, Sys 0 00:00:00  -  Total Local Usage
	0  -  Run Bytes Sent By Job
	0  -  Run Bytes Received By Job
	0  -  Total Bytes Sent By Job
	0  -  Total Bytes Received By Job
	Partitionable Resources :    Usage  Request Allocated
	   Cpus                 :                 1         1
	   Disk (KB)            :        1        1   2371455
	   Memory (MB)          :      500        1      4035
...
