000 (2491851.117.000) 11/08 20:36:48 Job submitted from host: <192.168.1.109:9714>
...
001 (2491851.117.000) 11/08 20:37:18 Job executing on host: <192.168.1.44:9507>
...
006 (2491851.117.000) 11/08 20:37:27 Image size of job updated: 182200
	3  -  MemoryUsage of job (MB)
	2620  -  ResidentSetSize of job (KB)
...
006 (2491851.117.000) 11/08 20:42:27 Image size of job updated: 998780
	482  -  MemoryUsage of job (MB)
	493528  -  ResidentSetSize of job (KB)
...
005 (2491851.117.000) 11/08 20:46:16 Job terminated.
	(1) Normal termination (return value 0)
		Usr 0 00:01:02, Sys 0 00:00:04  -  Run Remote Usage
		Usr 0 00:00:00, Sys 0 00:00:00  -  Run Local Usage
		Usr 0 00:01:02, Sys 0 00:00:04  -  Total Remote Usage
		Usr 0 00:00:00, Sys 0 00:00:00  -  Total Local Usage
	0  -  Run Bytes Sent By Job
	0  -  Run Bytes Received By Job
	0  -  Total Bytes Sent By Job
	0  -  Total Bytes Received By Job
	Partitionable Resources :    Usage  Request Allocated
	   Cpus                 :                 1         1
	   Disk (KB)            :        1        1   2370200
	   Memory (MB)          :      482        1      4035
...
