000 (2493183.040.000) 11/09 00:44:13 Job submitted from host: <192.168.1.109:9714>
...
001 (2493183.040.000) 11/09 00:44:23 Job executing on host: <192.168.1.45:9392>
...
006 (2493183.040.000) 11/09 00:44:31 Image size of job updated: 339772
	54  -  MemoryUsage of job (MB)
	54900  -  ResidentSetSize of job (KB)
...
006 (2493183.040.000) 11/09 00:49:31 Image size of job updated: 1066180
	511  -  MemoryUsage of job (MB)
	522432  -  ResidentSetSize of job (KB)
...
006 (2493183.040.000) 11/09 00:54:33 Image size of job updated: 1066180
	511  -  MemoryUsage of job (MB)
	522792  -  ResidentSetSize of job (KB)
...
005 (2493183.040.000) 11/09 01:00:14 Job terminated.
	(1) Normal termination (return value 0)
		Usr 0 00:03:11, Sys 0 00:00:16  -  Run Remote Usage
		Usr 0 00:00:00, Sys 0 00:00:00  -  Run Local Usage
		Usr 0 00:03:11, Sys 0 00:00:16  -  Total Remote Usage
		Usr 0 00:00:00, Sys 0 00:00:00  -  Total Local Usage
	0  -  Run Bytes Sent By Job
	0  -  Run Bytes Received By Job
	0  -  Total Bytes Sent By Job
	0  -  Total Bytes Received By Job
	Partitionable Resources :    Usage  Request Allocated
	   Cpus                 :                 1         1
	   Disk (KB)            :        1        1   2370782
	   Memory (MB)          :      511        1      4035
...
