000 (2506671.040.000) 11/17 00:32:25 Job submitted from host: <192.168.1.109:9714>
...
001 (2506671.040.000) 11/17 00:32:34 Job executing on host: <192.168.1.64:9697>
...
006 (2506671.040.000) 11/17 00:32:42 Image size of job updated: 343096
	69  -  MemoryUsage of job (MB)
	69828  -  ResidentSetSize of job (KB)
...
005 (2506671.040.000) 11/17 00:32:54 Job terminated.
	(1) Normal termination (return value 0)
		Usr 0 00:00:00, Sys 0 00:00:00  -  Run Remote Usage
		Usr 0 00:00:00, Sys 0 00:00:00  -  Run Local Usage
		Usr 0 00:00:00, Sys 0 00:00:00  -  Total Remote Usage
		Usr 0 00:00:00, Sys 0 00:00:00  -  Total Local Usage
	0  -  Run Bytes Sent By Job
	0  -  Run Bytes Received By Job
	0  -  Total Bytes Sent By Job
	0  -  Total Bytes Received By Job
	Partitionable Resources :    Usage  Request Allocated
	   Cpus                 :                 1         1
	   Disk (KB)            :        1        1  19564827
	   Memory (MB)          :       69        1      4033
...
