000 (2485756.060.000) 11/07 21:19:44 Job submitted from host: <192.168.1.109:9714>
...
001 (2485756.060.000) 11/07 21:22:25 Job executing on host: <192.168.1.49:9578>
...
006 (2485756.060.000) 11/07 21:22:33 Image size of job updated: 24488
	2  -  MemoryUsage of job (MB)
	1836  -  ResidentSetSize of job (KB)
...
006 (2485756.060.000) 11/07 21:23:20 Image size of job updated: 482664
	2  -  MemoryUsage of job (MB)
	1836  -  ResidentSetSize of job (KB)
...
005 (2485756.060.000) 11/07 21:23:20 Job terminated.
	(1) Normal termination (return value 0)
		Usr 0 00:00:25, Sys 0 00:00:01  -  Run Remote Usage
		Usr 0 00:00:00, Sys 0 00:00:00  -  Run Local Usage
		Usr 0 00:00:25, Sys 0 00:00:01  -  Total Remote Usage
		Usr 0 00:00:00, Sys 0 00:00:00  -  Total Local Usage
	0  -  Run Bytes Sent By Job
	0  -  Run Bytes Received By Job
	0  -  Total Bytes Sent By Job
	0  -  Total Bytes Received By Job
	Partitionable Resources :    Usage  Request Allocated
	   Cpus                 :                 1         1
	   Disk (KB)            :        1        1  28378206
	   Memory (MB)          :        2        1      4033
...
