000 (2492235.077.000) 11/08 21:19:20 Job submitted from host: <192.168.1.109:9714>
...
001 (2492235.077.000) 11/08 21:19:32 Job executing on host: <192.168.1.48:9634>
...
006 (2492235.077.000) 11/08 21:19:40 Image size of job updated: 456692
	96  -  MemoryUsage of job (MB)
	97512  -  ResidentSetSize of job (KB)
...
006 (2492235.077.000) 11/08 21:24:40 Image size of job updated: 1047284
	428  -  MemoryUsage of job (MB)
	438188  -  ResidentSetSize of job (KB)
...
006 (2492235.077.000) 11/08 21:29:40 Image size of job updated: 1047284
	428  -  MemoryUsage of job (MB)
	438260  -  ResidentSetSize of job (KB)
...
006 (2492235.077.000) 11/08 21:34:41 Image size of job updated: 1047284
	428  -  MemoryUsage of job (MB)
	438272  -  ResidentSetSize of job (KB)
...
006 (2492235.077.000) 11/08 21:39:41 Image size of job updated: 1047284
	429  -  MemoryUsage of job (MB)
	438276  -  ResidentSetSize of job (KB)
...
006 (2492235.077.000) 11/08 21:49:42 Image size of job updated: 1047284
	542  -  MemoryUsage of job (MB)
	554412  -  ResidentSetSize of job (KB)
...
006 (2492235.077.000) 11/08 21:54:42 Image size of job updated: 1047284
	542  -  MemoryUsage of job (MB)
	554416  -  ResidentSetSize of job (KB)
...
006 (2492235.077.000) 11/08 21:59:42 Image size of job updated: 1047284
	542  -  MemoryUsage of job (MB)
	554424  -  ResidentSetSize of job (KB)
...
006 (2492235.077.000) 11/08 22:04:44 Image size of job updated: 1047284
	542  -  MemoryUsage of job (MB)
	554992  -  ResidentSetSize of job (KB)
...
005 (2492235.077.000) 11/08 22:07:56 Job terminated.
	(1) Normal termination (return value 0)
		Usr 0 00:06:54, Sys 0 00:00:27  -  Run Remote Usage
		Usr 0 00:00:00, Sys 0 00:00:00  -  Run Local Usage
		Usr 0 00:06:54, Sys 0 00:00:27  -  Total Remote Usage
		Usr 0 00:00:00, Sys 0 00:00:00  -  Total Local Usage
	0  -  Run Bytes Sent By Job
	0  -  Run Bytes Received By Job
	0  -  Total Bytes Sent By Job
	0  -  Total Bytes Received By Job
	Partitionable Resources :    Usage  Request Allocated
	   Cpus                 :                 1         1
	   Disk (KB)            :        1        1  28379984
	   Memory (MB)          :      542        1      4033
...
