000 (2493183.096.000) 11/09 00:44:15 Job submitted from host: <192.168.1.109:9714>
...
001 (2493183.096.000) 11/09 00:44:26 Job executing on host: <192.168.1.43:9998>
...
006 (2493183.096.000) 11/09 00:44:35 Image size of job updated: 439336
	114  -  MemoryUsage of job (MB)
	115876  -  ResidentSetSize of job (KB)
...
006 (2493183.096.000) 11/09 00:49:35 Image size of job updated: 1053704
	502  -  MemoryUsage of job (MB)
	513680  -  ResidentSetSize of job (KB)
...
006 (2493183.096.000) 11/09 00:54:36 Image size of job updated: 1053704
	502  -  MemoryUsage of job (MB)
	513824  -  ResidentSetSize of job (KB)
...
006 (2493183.096.000) 11/09 00:59:37 Image size of job updated: 1053704
	502  -  MemoryUsage of job (MB)
	513940  -  ResidentSetSize of job (KB)
...
006 (2493183.096.000) 11/09 01:04:37 Image size of job updated: 1053704
	568  -  MemoryUsage of job (MB)
	581084  -  ResidentSetSize of job (KB)
...
005 (2493183.096.000) 11/09 01:06:47 Job terminated.
	(1) Normal termination (return value 0)
		Usr 0 00:06:16, Sys 0 00:00:21  -  Run Remote Usage
		Usr 0 00:00:00, Sys 0 00:00:00  -  Run Local Usage
		Usr 0 00:06:16, Sys 0 00:00:21  -  Total Remote Usage
		Usr 0 00:00:00, Sys 0 00:00:00  -  Total Local Usage
	0  -  Run Bytes Sent By Job
	0  -  Run Bytes Received By Job
	0  -  Total Bytes Sent By Job
	0  -  Total Bytes Received By Job
	Partitionable Resources :    Usage  Request Allocated
	   Cpus                 :                 1         1
	   Disk (KB)            :        1        1   2371222
	   Memory (MB)          :      568        1      4035
...
