000 (2485756.081.000) 11/07 21:19:45 Job submitted from host: <192.168.1.109:9714>
...
001 (2485756.081.000) 11/07 21:23:08 Job executing on host: <192.168.1.58:9618?addrs=192.168.1.58-9618+[--1]-9618&noUDP&sock=2203_f7a2_3>
...
006 (2485756.081.000) 11/07 21:23:18 Image size of job updated: 443720
	131  -  MemoryUsage of job (MB)
	133648  -  ResidentSetSize of job (KB)
...
005 (2485756.081.000) 11/07 21:23:20 Job terminated.
	(1) Normal termination (return value 0)
		Usr 0 00:00:03, Sys 0 00:00:00  -  Run Remote Usage
		Usr 0 00:00:00, Sys 0 00:00:00  -  Run Local Usage
		Usr 0 00:00:03, Sys 0 00:00:00  -  Total Remote Usage
		Usr 0 00:00:00, Sys 0 00:00:00  -  Total Local Usage
	0  -  Run Bytes Sent By Job
	0  -  Run Bytes Received By Job
	0  -  Total Bytes Sent By Job
	0  -  Total Bytes Received By Job
	Partitionable Resources :    Usage  Request Allocated
	   Cpus                 :                 1         1
	   Disk (KB)            :        1        1   1563588
	   Memory (MB)          :      131        1         1
...
