000 (2485823.098.000) 11/07 23:48:30 Job submitted from host: <192.168.1.109:9714>
...
001 (2485823.098.000) 11/07 23:48:43 Job executing on host: <192.168.1.58:9618?addrs=192.168.1.58-9618+[--1]-9618&noUDP&sock=2203_f7a2_3>
...
006 (2485823.098.000) 11/07 23:48:52 Image size of job updated: 49780
	2  -  MemoryUsage of job (MB)
	1352  -  ResidentSetSize of job (KB)
...
006 (2485823.098.000) 11/07 23:53:53 Image size of job updated: 1018292
	510  -  MemoryUsage of job (MB)
	521448  -  ResidentSetSize of job (KB)
...
006 (2485823.098.000) 11/07 23:58:53 Image size of job updated: 1018292
	614  -  MemoryUsage of job (MB)
	628212  -  ResidentSetSize of job (KB)
...
006 (2485823.098.000) 11/08 00:03:54 Image size of job updated: 1018292
	626  -  MemoryUsage of job (MB)
	640420  -  ResidentSetSize of job (KB)
...
006 (2485823.098.000) 11/08 00:08:55 Image size of job updated: 1018292
	626  -  MemoryUsage of job (MB)
	640436  -  ResidentSetSize of job (KB)
...
006 (2485823.098.000) 11/08 00:13:55 Image size of job updated: 1018292
	626  -  MemoryUsage of job (MB)
	640456  -  ResidentSetSize of job (KB)
...
006 (2485823.098.000) 11/08 00:18:55 Image size of job updated: 1018292
	626  -  MemoryUsage of job (MB)
	640480  -  ResidentSetSize of job (KB)
...
006 (2485823.098.000) 11/08 00:23:56 Image size of job updated: 1018292
	626  -  MemoryUsage of job (MB)
	640520  -  ResidentSetSize of job (KB)
...
005 (2485823.098.000) 11/08 00:26:25 Job terminated.
	(1) Normal termination (return value 0)
		Usr 0 00:09:40, Sys 0 00:00:39  -  Run Remote Usage
		Usr 0 00:00:00, Sys 0 00:00:00  -  Run Local Usage
		Usr 0 00:09:40, Sys 0 00:00:39  -  Total Remote Usage
		Usr 0 00:00:00, Sys 0 00:00:00  -  Total Local Usage
	0  -  Run Bytes Sent By Job
	0  -  Run Bytes Received By Job
	0  -  Total Bytes Sent By Job
	0  -  Total Bytes Received By Job
	Partitionable Resources :    Usage  Request Allocated
	   Cpus                 :                 1         1
	   Disk (KB)            :        1        1   1563588
	   Memory (MB)          :      626        1         1
...
