000 (2491851.098.000) 11/08 20:36:47 Job submitted from host: <192.168.1.109:9714>
...
001 (2491851.098.000) 11/08 20:37:18 Job executing on host: <192.168.1.43:9998>
...
006 (2491851.098.000) 11/08 20:37:27 Image size of job updated: 181168
	3  -  MemoryUsage of job (MB)
	2560  -  ResidentSetSize of job (KB)
...
006 (2491851.098.000) 11/08 20:42:28 Image size of job updated: 1018340
	500  -  MemoryUsage of job (MB)
	511224  -  ResidentSetSize of job (KB)
...
005 (2491851.098.000) 11/08 21:06:09 Job terminated.
	(1) Normal termination (return value 0)
		Usr 0 00:07:49, Sys 0 00:00:32  -  Run Remote Usage
		Usr 0 00:00:00, Sys 0 00:00:00  -  Run Local Usage
		Usr 0 00:07:49, Sys 0 00:00:32  -  Total Remote Usage
		Usr 0 00:00:00, Sys 0 00:00:00  -  Total Local Usage
	0  -  Run Bytes Sent By Job
	0  -  Run Bytes Received By Job
	0  -  Total Bytes Sent By Job
	0  -  Total Bytes Received By Job
	Partitionable Resources :    Usage  Request Allocated
	   Cpus                 :                 1         1
	   Disk (KB)            :        1        1   2370664
	   Memory (MB)          :      500        1      4035
...
