000 (2492235.106.000) 11/08 21:19:21 Job submitted from host: <192.168.1.109:9714>
...
001 (2492235.106.000) 11/08 21:20:10 Job executing on host: <192.168.1.44:9507>
...
006 (2492235.106.000) 11/08 21:20:21 Image size of job updated: 97668
	3  -  MemoryUsage of job (MB)
	2620  -  ResidentSetSize of job (KB)
...
006 (2492235.106.000) 11/08 21:25:22 Image size of job updated: 1054896
	512  -  MemoryUsage of job (MB)
	524212  -  ResidentSetSize of job (KB)
...
006 (2492235.106.000) 11/08 21:30:22 Image size of job updated: 1054896
	515  -  MemoryUsage of job (MB)
	526356  -  ResidentSetSize of job (KB)
...
006 (2492235.106.000) 11/08 21:35:22 Image size of job updated: 1054896
	521  -  MemoryUsage of job (MB)
	532580  -  ResidentSetSize of job (KB)
...
006 (2492235.106.000) 11/08 21:40:22 Image size of job updated: 1054896
	521  -  MemoryUsage of job (MB)
	533156  -  ResidentSetSize of job (KB)
...
006 (2492235.106.000) 11/08 21:45:24 Image size of job updated: 1054896
	521  -  MemoryUsage of job (MB)
	533248  -  ResidentSetSize of job (KB)
...
006 (2492235.106.000) 11/08 21:50:24 Image size of job updated: 1054896
	521  -  MemoryUsage of job (MB)
	533352  -  ResidentSetSize of job (KB)
...
006 (2492235.106.000) 11/08 21:55:24 Image size of job updated: 1054896
	521  -  MemoryUsage of job (MB)
	533372  -  ResidentSetSize of job (KB)
...
006 (2492235.106.000) 11/08 22:00:26 Image size of job updated: 1054896
	521  -  MemoryUsage of job (MB)
	533388  -  ResidentSetSize of job (KB)
...
006 (2492235.106.000) 11/08 22:05:26 Image size of job updated: 1054896
	521  -  MemoryUsage of job (MB)
	533480  -  ResidentSetSize of job (KB)
...
006 (2492235.106.000) 11/08 22:10:26 Image size of job updated: 1054896
	522  -  MemoryUsage of job (MB)
	533664  -  ResidentSetSize of job (KB)
...
006 (2492235.106.000) 11/08 22:15:27 Image size of job updated: 1054896
	522  -  MemoryUsage of job (MB)
	533724  -  ResidentSetSize of job (KB)
...
006 (2492235.106.000) 11/08 22:20:27 Image size of job updated: 1054896
	522  -  MemoryUsage of job (MB)
	533796  -  ResidentSetSize of job (KB)
...
006 (2492235.106.000) 11/08 22:25:27 Image size of job updated: 1054896
	522  -  MemoryUsage of job (MB)
	533852  -  ResidentSetSize of job (KB)
...
005 (2492235.106.000) 11/08 22:27:53 Job terminated.
	(1) Normal termination (return value 0)
		Usr 0 00:09:16, Sys 0 00:00:34  -  Run Remote Usage
		Usr 0 00:00:00, Sys 0 00:00:00  -  Run Local Usage
		Usr 0 00:09:16, Sys 0 00:00:34  -  Total Remote Usage
		Usr 0 00:00:00, Sys 0 00:00:00  -  Total Local Usage
	0  -  Run Bytes Sent By Job
	0  -  Run Bytes Received By Job
	0  -  Total Bytes Sent By Job
	0  -  Total Bytes Received By Job
	Partitionable Resources :    Usage  Request Allocated
	   Cpus                 :                 1         1
	   Disk (KB)            :        1        1   2369791
	   Memory (MB)          :      522        1      4035
...
