000 (2492274.094.000) 11/08 21:22:01 Job submitted from host: <192.168.1.109:9714>
...
001 (2492274.094.000) 11/08 21:22:45 Job executing on host: <192.168.1.49:9578>
...
006 (2492274.094.000) 11/08 21:22:54 Image size of job updated: 360752
	71  -  MemoryUsage of job (MB)
	72068  -  ResidentSetSize of job (KB)
...
006 (2492274.094.000) 11/08 21:27:56 Image size of job updated: 1054896
	512  -  MemoryUsage of job (MB)
	523576  -  ResidentSetSize of job (KB)
...
006 (2492274.094.000) 11/08 21:32:56 Image size of job updated: 1054896
	518  -  MemoryUsage of job (MB)
	530372  -  ResidentSetSize of job (KB)
...
006 (2492274.094.000) 11/08 21:37:57 Image size of job updated: 1054896
	519  -  MemoryUsage of job (MB)
	530568  -  ResidentSetSize of job (KB)
...
006 (2492274.094.000) 11/08 21:42:58 Image size of job updated: 1054896
	519  -  MemoryUsage of job (MB)
	530600  -  ResidentSetSize of job (KB)
...
006 (2492274.094.000) 11/08 21:47:58 Image size of job updated: 1054896
	519  -  MemoryUsage of job (MB)
	530816  -  ResidentSetSize of job (KB)
...
006 (2492274.094.000) 11/08 21:52:58 Image size of job updated: 1054896
	519  -  MemoryUsage of job (MB)
	530932  -  ResidentSetSize of job (KB)
...
006 (2492274.094.000) 11/08 21:57:59 Image size of job updated: 1054896
	519  -  MemoryUsage of job (MB)
	531004  -  ResidentSetSize of job (KB)
...
005 (2492274.094.000) 11/08 22:02:32 Job terminated.
	(1) Normal termination (return value 0)
		Usr 0 00:07:21, Sys 0 00:00:27  -  Run Remote Usage
		Usr 0 00:00:00, Sys 0 00:00:00  -  Run Local Usage
		Usr 0 00:07:21, Sys 0 00:00:27  -  Total Remote Usage
		Usr 0 00:00:00, Sys 0 00:00:00  -  Total Local Usage
	0  -  Run Bytes Sent By Job
	0  -  Run Bytes Received By Job
	0  -  Total Bytes Sent By Job
	0  -  Total Bytes Received By Job
	Partitionable Resources :    Usage  Request Allocated
	   Cpus                 :                 1         1
	   Disk (KB)            :        1        1  28379741
	   Memory (MB)          :      519        1      4033
...
