000 (2504798.079.000) 11/15 23:52:38 Job submitted from host: <192.168.1.109:9714>
...
001 (2504798.079.000) 11/15 23:52:46 Job executing on host: <192.168.1.68:9996>
...
006 (2504798.079.000) 11/15 23:52:55 Image size of job updated: 181120
	3  -  MemoryUsage of job (MB)
	2628  -  ResidentSetSize of job (KB)
...
006 (2504798.079.000) 11/15 23:53:01 Image size of job updated: 475384
	3  -  MemoryUsage of job (MB)
	2628  -  ResidentSetSize of job (KB)
...
005 (2504798.079.000) 11/15 23:53:01 Job terminated.
	(1) Normal termination (return value 0)
		Usr 0 00:00:08, Sys 0 00:00:01  -  Run Remote Usage
		Usr 0 00:00:00, Sys 0 00:00:00  -  Run Local Usage
		Usr 0 00:00:08, Sys 0 00:00:01  -  Total Remote Usage
		Usr 0 00:00:00, Sys 0 00:00:00  -  Total Local Usage
	0  -  Run Bytes Sent By Job
	0  -  Run Bytes Received By Job
	0  -  Total Bytes Sent By Job
	0  -  Total Bytes Received By Job
	Partitionable Resources :    Usage  Request Allocated
	   Cpus                 :                 1         1
	   Disk (KB)            :        1        1  20250705
	   Memory (MB)          :        3        1      4038
...
