000 (2506670.091.000) 11/17 00:08:51 Job submitted from host: <192.168.1.109:9714>
...
001 (2506670.091.000) 11/17 00:09:09 Job executing on host: <192.168.1.67:9583>
...
006 (2506670.091.000) 11/17 00:09:17 Image size of job updated: 109868
	17  -  MemoryUsage of job (MB)
	16844  -  ResidentSetSize of job (KB)
...
006 (2506670.091.000) 11/17 00:09:39 Image size of job updated: 475544
	17  -  MemoryUsage of job (MB)
	16844  -  ResidentSetSize of job (KB)
...
005 (2506670.091.000) 11/17 00:09:39 Job terminated.
	(1) Normal termination (return value 0)
		Usr 0 00:00:09, Sys 0 00:00:00  -  Run Remote Usage
		Usr 0 00:00:00, Sys 0 00:00:00  -  Run Local Usage
		Usr 0 00:00:09, Sys 0 00:00:00  -  Total Remote Usage
		Usr 0 00:00:00, Sys 0 00:00:00  -  Total Local Usage
	0  -  Run Bytes Sent By Job
	0  -  Run Bytes Received By Job
	0  -  Total Bytes Sent By Job
	0  -  Total Bytes Received By Job
	Partitionable Resources :    Usage  Request Allocated
	   Cpus                 :                 1         1
	   Disk (KB)            :        1        1  19564102
	   Memory (MB)          :       17        1      4033
...
