000 (2485823.150.000) 11/07 23:48:31 Job submitted from host: <192.168.1.109:9714>
...
001 (2485823.150.000) 11/07 23:48:45 Job executing on host: <192.168.1.51:9694>
...
006 (2485823.150.000) 11/07 23:48:54 Image size of job updated: 359432
	65  -  MemoryUsage of job (MB)
	66044  -  ResidentSetSize of job (KB)
...
006 (2485823.150.000) 11/07 23:53:55 Image size of job updated: 960688
	476  -  MemoryUsage of job (MB)
	486500  -  ResidentSetSize of job (KB)
...
006 (2485823.150.000) 11/07 23:58:56 Image size of job updated: 960688
	477  -  MemoryUsage of job (MB)
	487580  -  ResidentSetSize of job (KB)
...
006 (2485823.150.000) 11/08 00:03:56 Image size of job updated: 960688
	477  -  MemoryUsage of job (MB)
	487588  -  ResidentSetSize of job (KB)
...
006 (2485823.150.000) 11/08 00:08:56 Image size of job updated: 960688
	477  -  MemoryUsage of job (MB)
	487620  -  ResidentSetSize of job (KB)
...
006 (2485823.150.000) 11/08 00:18:57 Image size of job updated: 960688
	477  -  MemoryUsage of job (MB)
	487812  -  ResidentSetSize of job (KB)
...
006 (2485823.150.000) 11/08 00:23:57 Image size of job updated: 960688
	477  -  MemoryUsage of job (MB)
	487820  -  ResidentSetSize of job (KB)
...
006 (2485823.150.000) 11/08 00:28:58 Image size of job updated: 960688
	477  -  MemoryUsage of job (MB)
	487980  -  ResidentSetSize of job (KB)
...
006 (2485823.150.000) 11/08 00:33:58 Image size of job updated: 960688
	477  -  MemoryUsage of job (MB)
	488144  -  ResidentSetSize of job (KB)
...
006 (2485823.150.000) 11/08 00:38:58 Image size of job updated: 960688
	477  -  MemoryUsage of job (MB)
	488252  -  ResidentSetSize of job (KB)
...
006 (2485823.150.000) 11/08 00:43:59 Image size of job updated: 960688
	477  -  MemoryUsage of job (MB)
	488352  -  ResidentSetSize of job (KB)
...
006 (2485823.150.000) 11/08 00:49:00 Image size of job updated: 960688
	478  -  MemoryUsage of job (MB)
	488572  -  ResidentSetSize of job (KB)
...
006 (2485823.150.000) 11/08 00:54:00 Image size of job updated: 960688
	478  -  MemoryUsage of job (MB)
	488764  -  ResidentSetSize of job (KB)
...
006 (2485823.150.000) 11/08 00:59:01 Image size of job updated: 960688
	478  -  MemoryUsage of job (MB)
	488964  -  ResidentSetSize of job (KB)
...
006 (2485823.150.000) 11/08 01:04:02 Image size of job updated: 960688
	478  -  MemoryUsage of job (MB)
	489028  -  ResidentSetSize of job (KB)
...
006 (2485823.150.000) 11/08 01:09:02 Image size of job updated: 960688
	478  -  MemoryUsage of job (MB)
	489404  -  ResidentSetSize of job (KB)
...
006 (2485823.150.000) 11/08 01:14:03 Image size of job updated: 960688
	479  -  MemoryUsage of job (MB)
	489576  -  ResidentSetSize of job (KB)
...
006 (2485823.150.000) 11/08 01:19:04 Image size of job updated: 960688
	479  -  MemoryUsage of job (MB)
	489732  -  ResidentSetSize of job (KB)
...
006 (2485823.150.000) 11/08 01:24:04 Image size of job updated: 960688
	479  -  MemoryUsage of job (MB)
	489896  -  ResidentSetSize of job (KB)
...
006 (2485823.150.000) 11/08 01:29:04 Image size of job updated: 960688
	479  -  MemoryUsage of job (MB)
	490424  -  ResidentSetSize of job (KB)
...
006 (2485823.150.000) 11/08 01:34:05 Image size of job updated: 960688
	491  -  MemoryUsage of job (MB)
	502216  -  ResidentSetSize of job (KB)
...
006 (2485823.150.000) 11/08 01:39:05 Image size of job updated: 960688
	580  -  MemoryUsage of job (MB)
	593568  -  ResidentSetSize of job (KB)
...
006 (2485823.150.000) 11/08 01:44:05 Image size of job updated: 960688
	580  -  MemoryUsage of job (MB)
	593884  -  ResidentSetSize of job (KB)
...
006 (2485823.150.000) 11/08 01:49:06 Image size of job updated: 960688
	581  -  MemoryUsage of job (MB)
	594068  -  ResidentSetSize of job (KB)
...
006 (2485823.150.000) 11/08 01:54:07 Image size of job updated: 960688
	581  -  MemoryUsage of job (MB)
	594432  -  ResidentSetSize of job (KB)
...
006 (2485823.150.000) 11/08 01:59:07 Image size of job updated: 960688
	581  -  MemoryUsage of job (MB)
	594600  -  ResidentSetSize of job (KB)
...
005 (2485823.150.000) 11/08 02:00:03 Job terminated.
	(1) Normal termination (return value 0)
		Usr 0 00:26:13, Sys 0 00:01:44  -  Run Remote Usage
		Usr 0 00:00:00, Sys 0 00:00:00  -  Run Local Usage
		Usr 0 00:26:13, Sys 0 00:01:44  -  Total Remote Usage
		Usr 0 00:00:00, Sys 0 00:00:00  -  Total Local Usage
	0  -  Run Bytes Sent By Job
	0  -  Run Bytes Received By Job
	0  -  Total Bytes Sent By Job
	0  -  Total Bytes Received By Job
	Partitionable Resources :    Usage  Request Allocated
	   Cpus                 :                 1         1
	   Disk (KB)            :        1        1  28372504
	   Memory (MB)          :      581        1      4033
...
