000 (2497410.150.000) 11/09 15:33:48 Job submitted from host: <192.168.1.109:9714>
...
001 (2497410.150.000) 11/09 15:34:16 Job executing on host: <192.168.1.42:9515>
...
006 (2497410.150.000) 11/09 15:34:25 Image size of job updated: 1
	3  -  MemoryUsage of job (MB)
	2144  -  ResidentSetSize of job (KB)
...
006 (2497410.150.000) 11/09 15:39:26 Image size of job updated: 956092
	452  -  MemoryUsage of job (MB)
	461924  -  ResidentSetSize of job (KB)
...
006 (2497410.150.000) 11/09 15:44:26 Image size of job updated: 956092
	452  -  MemoryUsage of job (MB)
	462496  -  ResidentSetSize of job (KB)
...
006 (2497410.150.000) 11/09 15:49:26 Image size of job updated: 956092
	453  -  MemoryUsage of job (MB)
	463088  -  ResidentSetSize of job (KB)
...
006 (2497410.150.000) 11/09 15:54:27 Image size of job updated: 956092
	453  -  MemoryUsage of job (MB)
	463444  -  ResidentSetSize of job (KB)
...
006 (2497410.150.000) 11/09 15:59:27 Image size of job updated: 956092
	454  -  MemoryUsage of job (MB)
	464352  -  ResidentSetSize of job (KB)
...
006 (2497410.150.000) 11/09 16:04:27 Image size of job updated: 956092
	454  -  MemoryUsage of job (MB)
	464616  -  ResidentSetSize of job (KB)
...
006 (2497410.150.000) 11/09 16:09:28 Image size of job updated: 956092
	454  -  MemoryUsage of job (MB)
	464664  -  ResidentSetSize of job (KB)
...
006 (2497410.150.000) 11/09 16:14:29 Image size of job updated: 956092
	454  -  MemoryUsage of job (MB)
	464680  -  ResidentSetSize of job (KB)
...
006 (2497410.150.000) 11/09 16:24:30 Image size of job updated: 956092
	454  -  MemoryUsage of job (MB)
	464700  -  ResidentSetSize of job (KB)
...
006 (2497410.150.000) 11/09 16:29:31 Image size of job updated: 956092
	454  -  MemoryUsage of job (MB)
	464772  -  ResidentSetSize of job (KB)
...
006 (2497410.150.000) 11/09 16:39:31 Image size of job updated: 956092
	454  -  MemoryUsage of job (MB)
	464796  -  ResidentSetSize of job (KB)
...
006 (2497410.150.000) 11/09 16:44:32 Image size of job updated: 956092
	454  -  MemoryUsage of job (MB)
	464824  -  ResidentSetSize of job (KB)
...
006 (2497410.150.000) 11/09 16:49:32 Image size of job updated: 956092
	454  -  MemoryUsage of job (MB)
	464844  -  ResidentSetSize of job (KB)
...
006 (2497410.150.000) 11/09 16:54:32 Image size of job updated: 956092
	455  -  MemoryUsage of job (MB)
	464928  -  ResidentSetSize of job (KB)
...
006 (2497410.150.000) 11/09 16:59:34 Image size of job updated: 956092
	455  -  MemoryUsage of job (MB)
	464940  -  ResidentSetSize of job (KB)
...
006 (2497410.150.000) 11/09 17:04:34 Image size of job updated: 956092
	455  -  MemoryUsage of job (MB)
	464988  -  ResidentSetSize of job (KB)
...
006 (2497410.150.000) 11/09 17:09:34 Image size of job updated: 956092
	455  -  MemoryUsage of job (MB)
	465192  -  ResidentSetSize of job (KB)
...
006 (2497410.150.000) 11/09 17:14:35 Image size of job updated: 956092
	455  -  MemoryUsage of job (MB)
	465264  -  ResidentSetSize of job (KB)
...
006 (2497410.150.000) 11/09 17:19:36 Image size of job updated: 956092
	557  -  MemoryUsage of job (MB)
	569648  -  ResidentSetSize of job (KB)
...
006 (2497410.150.000) 11/09 17:24:36 Image size of job updated: 956092
	566  -  MemoryUsage of job (MB)
	579408  -  ResidentSetSize of job (KB)
...
006 (2497410.150.000) 11/09 17:29:37 Image size of job updated: 956092
	567  -  MemoryUsage of job (MB)
	579784  -  ResidentSetSize of job (KB)
...
006 (2497410.150.000) 11/09 17:34:38 Image size of job updated: 956092
	567  -  MemoryUsage of job (MB)
	579956  -  ResidentSetSize of job (KB)
...
006 (2497410.150.000) 11/09 17:39:38 Image size of job updated: 956092
	567  -  MemoryUsage of job (MB)
	580044  -  ResidentSetSize of job (KB)
...
006 (2497410.150.000) 11/09 17:44:39 Image size of job updated: 956092
	567  -  MemoryUsage of job (MB)
	580144  -  ResidentSetSize of job (KB)
...
005 (2497410.150.000) 11/09 17:44:49 Job terminated.
	(1) Normal termination (return value 0)
		Usr 0 00:27:11, Sys 0 00:01:34  -  Run Remote Usage
		Usr 0 00:00:00, Sys 0 00:00:00  -  Run Local Usage
		Usr 0 00:27:11, Sys 0 00:01:34  -  Total Remote Usage
		Usr 0 00:00:00, Sys 0 00:00:00  -  Total Local Usage
	0  -  Run Bytes Sent By Job
	0  -  Run Bytes Received By Job
	0  -  Total Bytes Sent By Job
	0  -  Total Bytes Received By Job
	Partitionable Resources :    Usage  Request Allocated
	   Cpus                 :                 1         1
	   Disk (KB)            :        1        1   2371274
	   Memory (MB)          :      567        1      4035
...
