000 (2482115.098.000) 11/07 14:47:36 Job submitted from host: <192.168.1.109:9714>
...
001 (2482115.098.000) 11/07 14:47:46 Job executing on host: <192.168.1.48:9634>
...
006 (2482115.098.000) 11/07 14:47:55 Image size of job updated: 290376
	33  -  MemoryUsage of job (MB)
	33480  -  ResidentSetSize of job (KB)
...
006 (2482115.098.000) 11/07 14:48:28 Image size of job updated: 490876
	33  -  MemoryUsage of job (MB)
	33480  -  ResidentSetSize of job (KB)
...
005 (2482115.098.000) 11/07 14:48:28 Job terminated.
	(1) Normal termination (return value 0)
		Usr 0 00:00:08, Sys 0 00:00:08  -  Run Remote Usage
		Usr 0 00:00:00, Sys 0 00:00:00  -  Run Local Usage
		Usr 0 00:00:08, Sys 0 00:00:08  -  Total Remote Usage
		Usr 0 00:00:00, Sys 0 00:00:00  -  Total Local Usage
	0  -  Run Bytes Sent By Job
	0  -  Run Bytes Received By Job
	0  -  Total Bytes Sent By Job
	0  -  Total Bytes Received By Job
	Partitionable Resources :    Usage  Request Allocated
	   Cpus                 :                 1         1
	   Disk (KB)            :        1        1  28379782
	   Memory (MB)          :       33        1      4033
...
