000 (2492235.110.000) 11/08 21:19:21 Job submitted from host: <192.168.1.109:9714>
...
001 (2492235.110.000) 11/08 21:19:33 Job executing on host: <192.168.1.48:9634>
...
006 (2492235.110.000) 11/08 21:19:42 Image size of job updated: 386552
	74  -  MemoryUsage of job (MB)
	75700  -  ResidentSetSize of job (KB)
...
006 (2492235.110.000) 11/08 21:24:42 Image size of job updated: 1024256
	414  -  MemoryUsage of job (MB)
	423136  -  ResidentSetSize of job (KB)
...
006 (2492235.110.000) 11/08 21:29:42 Image size of job updated: 1024256
	414  -  MemoryUsage of job (MB)
	423180  -  ResidentSetSize of job (KB)
...
006 (2492235.110.000) 11/08 21:34:43 Image size of job updated: 1024256
	414  -  MemoryUsage of job (MB)
	423624  -  ResidentSetSize of job (KB)
...
006 (2492235.110.000) 11/08 21:39:43 Image size of job updated: 1024256
	414  -  MemoryUsage of job (MB)
	423768  -  ResidentSetSize of job (KB)
...
006 (2492235.110.000) 11/08 21:44:43 Image size of job updated: 1024256
	414  -  MemoryUsage of job (MB)
	423876  -  ResidentSetSize of job (KB)
...
006 (2492235.110.000) 11/08 21:49:44 Image size of job updated: 1024256
	415  -  MemoryUsage of job (MB)
	424108  -  ResidentSetSize of job (KB)
...
006 (2492235.110.000) 11/08 21:54:44 Image size of job updated: 1024256
	415  -  MemoryUsage of job (MB)
	424208  -  ResidentSetSize of job (KB)
...
006 (2492235.110.000) 11/08 21:59:44 Image size of job updated: 1024256
	415  -  MemoryUsage of job (MB)
	424256  -  ResidentSetSize of job (KB)
...
006 (2492235.110.000) 11/08 22:04:45 Image size of job updated: 1024256
	415  -  MemoryUsage of job (MB)
	424268  -  ResidentSetSize of job (KB)
...
006 (2492235.110.000) 11/08 22:09:46 Image size of job updated: 1024256
	415  -  MemoryUsage of job (MB)
	424376  -  ResidentSetSize of job (KB)
...
005 (2492235.110.000) 11/08 22:10:28 Job terminated.
	(1) Normal termination (return value 0)
		Usr 0 00:07:35, Sys 0 00:00:29  -  Run Remote Usage
		Usr 0 00:00:00, Sys 0 00:00:00  -  Run Local Usage
		Usr 0 00:07:35, Sys 0 00:00:29  -  Total Remote Usage
		Usr 0 00:00:00, Sys 0 00:00:00  -  Total Local Usage
	0  -  Run Bytes Sent By Job
	0  -  Run Bytes Received By Job
	0  -  Total Bytes Sent By Job
	0  -  Total Bytes Received By Job
	Partitionable Resources :    Usage  Request Allocated
	   Cpus                 :                 1         1
	   Disk (KB)            :        1        1  28379984
	   Memory (MB)          :      415        1      4033
...
