000 (2492234.050.000) 11/08 21:18:49 Job submitted from host: <192.168.1.109:9714>
...
001 (2492234.050.000) 11/08 21:19:24 Job executing on host: <192.168.1.66:9620>
...
006 (2492234.050.000) 11/08 21:19:33 Image size of job updated: 234308
	11  -  MemoryUsage of job (MB)
	10980  -  ResidentSetSize of job (KB)
...
006 (2492234.050.000) 11/08 21:20:01 Image size of job updated: 491168
	11  -  MemoryUsage of job (MB)
	10980  -  ResidentSetSize of job (KB)
...
005 (2492234.050.000) 11/08 21:20:01 Job terminated.
	(1) Normal termination (return value 0)
		Usr 0 00:00:15, Sys 0 00:00:00  -  Run Remote Usage
		Usr 0 00:00:00, Sys 0 00:00:00  -  Run Local Usage
		Usr 0 00:00:15, Sys 0 00:00:00  -  Total Remote Usage
		Usr 0 00:00:00, Sys 0 00:00:00  -  Total Local Usage
	0  -  Run Bytes Sent By Job
	0  -  Run Bytes Received By Job
	0  -  Total Bytes Sent By Job
	0  -  Total Bytes Received By Job
	Partitionable Resources :    Usage  Request Allocated
	   Cpus                 :                 1         1
	   Disk (KB)            :        1        1  19563484
	   Memory (MB)          :       11        1      4033
...
