000 (2464980.012.000) 11/02 16:52:02 Job submitted from host: <192.168.1.109:9308>
...
001 (2464980.012.000) 11/02 16:52:42 Job executing on host: <192.168.1.51:9491>
...
006 (2464980.012.000) 11/02 16:52:50 Image size of job updated: 15608
	2  -  MemoryUsage of job (MB)
	1412  -  ResidentSetSize of job (KB)
...
006 (2464980.012.000) 11/02 16:52:56 Image size of job updated: 456684
	2  -  MemoryUsage of job (MB)
	1412  -  ResidentSetSize of job (KB)
...
005 (2464980.012.000) 11/02 16:52:57 Job terminated.
	(1) Normal termination (return value 0)
		Usr 0 00:00:04, Sys 0 00:00:00  -  Run Remote Usage
		Usr 0 00:00:00, Sys 0 00:00:00  -  Run Local Usage
		Usr 0 00:00:04, Sys 0 00:00:00  -  Total Remote Usage
		Usr 0 00:00:00, Sys 0 00:00:00  -  Total Local Usage
	0  -  Run Bytes Sent By Job
	0  -  Run Bytes Received By Job
	0  -  Total Bytes Sent By Job
	0  -  Total Bytes Received By Job
	Partitionable Resources :    Usage  Request Allocated
	   Cpus                 :                 1         1
	   Disk (KB)            :        1        1  28380279
	   Memory (MB)          :        2        1      4033
...
