000 (2497153.000.000) 11/09 15:05:06 Job submitted from host: <192.168.1.109:9714>
...
001 (2497153.000.000) 11/09 15:05:20 Job executing on host: <192.168.1.42:9515>
...
006 (2497153.000.000) 11/09 15:05:29 Image size of job updated: 464588
	100  -  MemoryUsage of job (MB)
	101776  -  ResidentSetSize of job (KB)
...
005 (2497153.000.000) 11/09 15:05:34 Job terminated.
	(1) Normal termination (return value 0)
		Usr 0 00:00:05, Sys 0 00:00:00  -  Run Remote Usage
		Usr 0 00:00:00, Sys 0 00:00:00  -  Run Local Usage
		Usr 0 00:00:05, Sys 0 00:00:00  -  Total Remote Usage
		Usr 0 00:00:00, Sys 0 00:00:00  -  Total Local Usage
	0  -  Run Bytes Sent By Job
	0  -  Run Bytes Received By Job
	0  -  Total Bytes Sent By Job
	0  -  Total Bytes Received By Job
	Partitionable Resources :    Usage  Request Allocated
	   Cpus                 :                 1         1
	   Disk (KB)            :        1        1   2371305
	   Memory (MB)          :      100        1      4035
...
