000 (2504802.012.000) 11/16 00:58:48 Job submitted from host: <192.168.1.109:9714>
...
001 (2504802.012.000) 11/16 00:59:09 Job executing on host: <192.168.1.46:9845>
...
006 (2504802.012.000) 11/16 00:59:18 Image size of job updated: 180720
	2  -  MemoryUsage of job (MB)
	1840  -  ResidentSetSize of job (KB)
...
006 (2504802.012.000) 11/16 00:59:34 Image size of job updated: 456396
	2  -  MemoryUsage of job (MB)
	1840  -  ResidentSetSize of job (KB)
...
005 (2504802.012.000) 11/16 00:59:34 Job terminated.
	(1) Normal termination (return value 0)
		Usr 0 00:00:04, Sys 0 00:00:00  -  Run Remote Usage
		Usr 0 00:00:00, Sys 0 00:00:00  -  Run Local Usage
		Usr 0 00:00:04, Sys 0 00:00:00  -  Total Remote Usage
		Usr 0 00:00:00, Sys 0 00:00:00  -  Total Local Usage
	0  -  Run Bytes Sent By Job
	0  -  Run Bytes Received By Job
	0  -  Total Bytes Sent By Job
	0  -  Total Bytes Received By Job
	Partitionable Resources :    Usage  Request Allocated
	   Cpus                 :                 1         1
	   Disk (KB)            :        1        1   2372036
	   Memory (MB)          :        2        1      4035
...
