000 (2526456.035.000) 11/21 10:41:04 Job submitted from host: <192.168.1.109:9714>
...
001 (2526456.035.000) 11/21 10:41:29 Job executing on host: <192.168.1.47:9634>
...
006 (2526456.035.000) 11/21 10:41:38 Image size of job updated: 24372
	3  -  MemoryUsage of job (MB)
	2536  -  ResidentSetSize of job (KB)
...
006 (2526456.035.000) 11/21 10:43:43 Image size of job updated: 898792
	3  -  MemoryUsage of job (MB)
	2536  -  ResidentSetSize of job (KB)
...
005 (2526456.035.000) 11/21 10:43:44 Job terminated.
	(1) Normal termination (return value 0)
		Usr 0 00:00:30, Sys 0 00:00:04  -  Run Remote Usage
		Usr 0 00:00:00, Sys 0 00:00:00  -  Run Local Usage
		Usr 0 00:00:30, Sys 0 00:00:04  -  Total Remote Usage
		Usr 0 00:00:00, Sys 0 00:00:00  -  Total Local Usage
	0  -  Run Bytes Sent By Job
	0  -  Run Bytes Received By Job
	0  -  Total Bytes Sent By Job
	0  -  Total Bytes Received By Job
	Partitionable Resources :    Usage  Request Allocated
	   Cpus                 :                 1         1
	   Disk (KB)            :        1        1  28379258
	   Memory (MB)          :        3        1      4033
...
