000 (2485823.105.000) 11/07 23:48:30 Job submitted from host: <192.168.1.109:9714>
...
001 (2485823.105.000) 11/07 23:48:41 Job executing on host: <192.168.1.57:9618?addrs=192.168.1.57-9618+[--1]-9618&noUDP&sock=2389_8c3f_3>
...
006 (2485823.105.000) 11/07 23:48:50 Image size of job updated: 180700
	3  -  MemoryUsage of job (MB)
	2516  -  ResidentSetSize of job (KB)
...
006 (2485823.105.000) 11/07 23:53:50 Image size of job updated: 1011988
	507  -  MemoryUsage of job (MB)
	518716  -  ResidentSetSize of job (KB)
...
006 (2485823.105.000) 11/07 23:58:51 Image size of job updated: 1011988
	512  -  MemoryUsage of job (MB)
	523272  -  ResidentSetSize of job (KB)
...
006 (2485823.105.000) 11/08 00:03:52 Image size of job updated: 1011988
	512  -  MemoryUsage of job (MB)
	523476  -  ResidentSetSize of job (KB)
...
006 (2485823.105.000) 11/08 00:08:52 Image size of job updated: 1011988
	515  -  MemoryUsage of job (MB)
	526404  -  ResidentSetSize of job (KB)
...
006 (2485823.105.000) 11/08 00:13:53 Image size of job updated: 1011988
	626  -  MemoryUsage of job (MB)
	640584  -  ResidentSetSize of job (KB)
...
006 (2485823.105.000) 11/08 00:28:54 Image size of job updated: 1011988
	626  -  MemoryUsage of job (MB)
	640808  -  ResidentSetSize of job (KB)
...
005 (2485823.105.000) 11/08 00:31:17 Job terminated.
	(1) Normal termination (return value 0)
		Usr 0 00:11:22, Sys 0 00:00:46  -  Run Remote Usage
		Usr 0 00:00:00, Sys 0 00:00:00  -  Run Local Usage
		Usr 0 00:11:22, Sys 0 00:00:46  -  Total Remote Usage
		Usr 0 00:00:00, Sys 0 00:00:00  -  Total Local Usage
	0  -  Run Bytes Sent By Job
	0  -  Run Bytes Received By Job
	0  -  Total Bytes Sent By Job
	0  -  Total Bytes Received By Job
	Partitionable Resources :    Usage  Request Allocated
	   Cpus                 :                 1         1
	   Disk (KB)            :        1        1   1563560
	   Memory (MB)          :      626        1         1
...
