000 (2491133.105.000) 11/08 19:40:19 Job submitted from host: <192.168.1.109:9714>
...
001 (2491133.105.000) 11/08 19:40:54 Job executing on host: <192.168.1.43:9998>
...
006 (2491133.105.000) 11/08 19:41:03 Image size of job updated: 342392
	60  -  MemoryUsage of job (MB)
	61428  -  ResidentSetSize of job (KB)
...
006 (2491133.105.000) 11/08 19:46:03 Image size of job updated: 1012032
	503  -  MemoryUsage of job (MB)
	514536  -  ResidentSetSize of job (KB)
...
006 (2491133.105.000) 11/08 19:51:03 Image size of job updated: 1012032
	505  -  MemoryUsage of job (MB)
	516292  -  ResidentSetSize of job (KB)
...
006 (2491133.105.000) 11/08 19:56:04 Image size of job updated: 1012032
	505  -  MemoryUsage of job (MB)
	516472  -  ResidentSetSize of job (KB)
...
006 (2491133.105.000) 11/08 20:01:04 Image size of job updated: 1224800
	736  -  MemoryUsage of job (MB)
	753448  -  ResidentSetSize of job (KB)
...
005 (2491133.105.000) 11/08 20:03:27 Job terminated.
	(1) Normal termination (return value 0)
		Usr 0 00:08:00, Sys 0 00:00:33  -  Run Remote Usage
		Usr 0 00:00:00, Sys 0 00:00:00  -  Run Local Usage
		Usr 0 00:08:00, Sys 0 00:00:33  -  Total Remote Usage
		Usr 0 00:00:00, Sys 0 00:00:00  -  Total Local Usage
	0  -  Run Bytes Sent By Job
	0  -  Run Bytes Received By Job
	0  -  Total Bytes Sent By Job
	0  -  Total Bytes Received By Job
	Partitionable Resources :    Usage  Request Allocated
	   Cpus                 :                 1         1
	   Disk (KB)            :        1        1   2370814
	   Memory (MB)          :      736        1      4035
...
