000 (2497410.105.000) 11/09 15:33:47 Job submitted from host: <192.168.1.109:9714>
...
001 (2497410.105.000) 11/09 15:34:13 Job executing on host: <192.168.1.45:9392>
...
006 (2497410.105.000) 11/09 15:34:21 Image size of job updated: 177160
	3  -  MemoryUsage of job (MB)
	2672  -  ResidentSetSize of job (KB)
...
006 (2497410.105.000) 11/09 15:39:21 Image size of job updated: 1057776
	509  -  MemoryUsage of job (MB)
	520664  -  ResidentSetSize of job (KB)
...
006 (2497410.105.000) 11/09 15:44:22 Image size of job updated: 1057776
	510  -  MemoryUsage of job (MB)
	522000  -  ResidentSetSize of job (KB)
...
006 (2497410.105.000) 11/09 15:49:23 Image size of job updated: 1057776
	510  -  MemoryUsage of job (MB)
	522112  -  ResidentSetSize of job (KB)
...
006 (2497410.105.000) 11/09 15:54:23 Image size of job updated: 1057776
	624  -  MemoryUsage of job (MB)
	638212  -  ResidentSetSize of job (KB)
...
006 (2497410.105.000) 11/09 15:59:24 Image size of job updated: 1057776
	625  -  MemoryUsage of job (MB)
	639720  -  ResidentSetSize of job (KB)
...
006 (2497410.105.000) 11/09 16:04:25 Image size of job updated: 1057776
	625  -  MemoryUsage of job (MB)
	639724  -  ResidentSetSize of job (KB)
...
005 (2497410.105.000) 11/09 16:05:08 Job terminated.
	(1) Normal termination (return value 0)
		Usr 0 00:07:28, Sys 0 00:00:23  -  Run Remote Usage
		Usr 0 00:00:00, Sys 0 00:00:00  -  Run Local Usage
		Usr 0 00:07:28, Sys 0 00:00:23  -  Total Remote Usage
		Usr 0 00:00:00, Sys 0 00:00:00  -  Total Local Usage
	0  -  Run Bytes Sent By Job
	0  -  Run Bytes Received By Job
	0  -  Total Bytes Sent By Job
	0  -  Total Bytes Received By Job
	Partitionable Resources :    Usage  Request Allocated
	   Cpus                 :                 1         1
	   Disk (KB)            :        1        1   2370746
	   Memory (MB)          :      625        1      4035
...
