000 (2492235.100.000) 11/08 21:19:20 Job submitted from host: <192.168.1.109:9714>
...
001 (2492235.100.000) 11/08 21:19:39 Job executing on host: <192.168.1.46:9845>
...
006 (2492235.100.000) 11/08 21:19:48 Image size of job updated: 97668
	3  -  MemoryUsage of job (MB)
	2620  -  ResidentSetSize of job (KB)
...
006 (2492235.100.000) 11/08 21:24:49 Image size of job updated: 1060368
	438  -  MemoryUsage of job (MB)
	447808  -  ResidentSetSize of job (KB)
...
006 (2492235.100.000) 11/08 21:29:49 Image size of job updated: 1060368
	438  -  MemoryUsage of job (MB)
	448296  -  ResidentSetSize of job (KB)
...
006 (2492235.100.000) 11/08 21:34:50 Image size of job updated: 1060368
	439  -  MemoryUsage of job (MB)
	448576  -  ResidentSetSize of job (KB)
...
006 (2492235.100.000) 11/08 21:39:51 Image size of job updated: 1060368
	439  -  MemoryUsage of job (MB)
	448688  -  ResidentSetSize of job (KB)
...
006 (2492235.100.000) 11/08 21:44:51 Image size of job updated: 1060368
	439  -  MemoryUsage of job (MB)
	449120  -  ResidentSetSize of job (KB)
...
006 (2492235.100.000) 11/08 21:49:51 Image size of job updated: 1060368
	439  -  MemoryUsage of job (MB)
	449164  -  ResidentSetSize of job (KB)
...
006 (2492235.100.000) 11/08 21:54:52 Image size of job updated: 1060368
	439  -  MemoryUsage of job (MB)
	449168  -  ResidentSetSize of job (KB)
...
006 (2492235.100.000) 11/08 21:59:52 Image size of job updated: 1060368
	510  -  MemoryUsage of job (MB)
	522040  -  ResidentSetSize of job (KB)
...
006 (2492235.100.000) 11/08 22:04:52 Image size of job updated: 1060368
	548  -  MemoryUsage of job (MB)
	560516  -  ResidentSetSize of job (KB)
...
006 (2492235.100.000) 11/08 22:09:53 Image size of job updated: 1060368
	548  -  MemoryUsage of job (MB)
	560584  -  ResidentSetSize of job (KB)
...
006 (2492235.100.000) 11/08 22:14:53 Image size of job updated: 1060368
	548  -  MemoryUsage of job (MB)
	561128  -  ResidentSetSize of job (KB)
...
006 (2492235.100.000) 11/08 22:19:53 Image size of job updated: 1060368
	549  -  MemoryUsage of job (MB)
	561296  -  ResidentSetSize of job (KB)
...
005 (2492235.100.000) 11/08 22:26:17 Job terminated.
	(1) Normal termination (return value 0)
		Usr 0 00:07:01, Sys 0 00:00:34  -  Run Remote Usage
		Usr 0 00:00:00, Sys 0 00:00:00  -  Run Local Usage
		Usr 0 00:07:01, Sys 0 00:00:34  -  Total Remote Usage
		Usr 0 00:00:00, Sys 0 00:00:00  -  Total Local Usage
	0  -  Run Bytes Sent By Job
	0  -  Run Bytes Received By Job
	0  -  Total Bytes Sent By Job
	0  -  Total Bytes Received By Job
	Partitionable Resources :    Usage  Request Allocated
	   Cpus                 :                 1         1
	   Disk (KB)            :        1        1   2371780
	   Memory (MB)          :      549        1      4035
...
