000 (2497153.088.000) 11/09 15:05:07 Job submitted from host: <192.168.1.109:9714>
...
001 (2497153.088.000) 11/09 15:05:25 Job executing on host: <192.168.1.42:9515>
...
006 (2497153.088.000) 11/09 15:05:35 Image size of job updated: 456940
	136  -  MemoryUsage of job (MB)
	138756  -  ResidentSetSize of job (KB)
...
006 (2497153.088.000) 11/09 15:05:45 Image size of job updated: 483288
	136  -  MemoryUsage of job (MB)
	138756  -  ResidentSetSize of job (KB)
...
005 (2497153.088.000) 11/09 15:05:46 Job terminated.
	(1) Normal termination (return value 0)
		Usr 0 00:00:07, Sys 0 00:00:00  -  Run Remote Usage
		Usr 0 00:00:00, Sys 0 00:00:00  -  Run Local Usage
		Usr 0 00:00:07, Sys 0 00:00:00  -  Total Remote Usage
		Usr 0 00:00:00, Sys 0 00:00:00  -  Total Local Usage
	0  -  Run Bytes Sent By Job
	0  -  Run Bytes Received By Job
	0  -  Total Bytes Sent By Job
	0  -  Total Bytes Received By Job
	Partitionable Resources :    Usage  Request Allocated
	   Cpus                 :                 1         1
	   Disk (KB)            :        1        1   2371314
	   Memory (MB)          :      136        1      4035
...
