000 (2493272.023.000) 11/09 01:26:05 Job submitted from host: <192.168.1.109:9714>
...
001 (2493272.023.000) 11/09 01:26:14 Job executing on host: <192.168.1.46:9845>
...
006 (2493272.023.000) 11/09 01:26:23 Image size of job updated: 443488
	106  -  MemoryUsage of job (MB)
	108532  -  ResidentSetSize of job (KB)
...
006 (2493272.023.000) 11/09 01:26:55 Image size of job updated: 860884
	106  -  MemoryUsage of job (MB)
	108532  -  ResidentSetSize of job (KB)
...
005 (2493272.023.000) 11/09 01:26:55 Job terminated.
	(1) Normal termination (return value 0)
		Usr 0 00:00:28, Sys 0 00:00:03  -  Run Remote Usage
		Usr 0 00:00:00, Sys 0 00:00:00  -  Run Local Usage
		Usr 0 00:00:28, Sys 0 00:00:03  -  Total Remote Usage
		Usr 0 00:00:00, Sys 0 00:00:00  -  Total Local Usage
	0  -  Run Bytes Sent By Job
	0  -  Run Bytes Received By Job
	0  -  Total Bytes Sent By Job
	0  -  Total Bytes Received By Job
	Partitionable Resources :    Usage  Request Allocated
	   Cpus                 :                 1         1
	   Disk (KB)            :        1        1   2371607
	   Memory (MB)          :      106        1      4035
...
