000 (2493172.052.000) 11/09 00:41:41 Job submitted from host: <192.168.1.109:9714>
...
001 (2493172.052.000) 11/09 00:41:53 Job executing on host: <192.168.1.65:9393>
...
006 (2493172.052.000) 11/09 00:42:02 Image size of job updated: 352020
	75  -  MemoryUsage of job (MB)
	76132  -  ResidentSetSize of job (KB)
...
006 (2493172.052.000) 11/09 00:42:16 Image size of job updated: 483180
	75  -  MemoryUsage of job (MB)
	76132  -  ResidentSetSize of job (KB)
...
005 (2493172.052.000) 11/09 00:42:16 Job terminated.
	(1) Normal termination (return value 0)
		Usr 0 00:00:12, Sys 0 00:00:00  -  Run Remote Usage
		Usr 0 00:00:00, Sys 0 00:00:00  -  Run Local Usage
		Usr 0 00:00:12, Sys 0 00:00:00  -  Total Remote Usage
		Usr 0 00:00:00, Sys 0 00:00:00  -  Total Local Usage
	0  -  Run Bytes Sent By Job
	0  -  Run Bytes Received By Job
	0  -  Total Bytes Sent By Job
	0  -  Total Bytes Received By Job
	Partitionable Resources :    Usage  Request Allocated
	   Cpus                 :                 1         1
	   Disk (KB)            :        1        1  19561534
	   Memory (MB)          :       75        1      4033
...
