000 (2504801.072.000) 11/16 00:30:12 Job submitted from host: <192.168.1.109:9714>
...
001 (2504801.072.000) 11/16 00:30:34 Job executing on host: <192.168.1.68:9996>
...
006 (2504801.072.000) 11/16 00:30:43 Image size of job updated: 181252
	3  -  MemoryUsage of job (MB)
	2672  -  ResidentSetSize of job (KB)
...
006 (2504801.072.000) 11/16 00:30:52 Image size of job updated: 458008
	3  -  MemoryUsage of job (MB)
	2672  -  ResidentSetSize of job (KB)
...
005 (2504801.072.000) 11/16 00:30:52 Job terminated.
	(1) Normal termination (return value 0)
		Usr 0 00:00:07, Sys 0 00:00:01  -  Run Remote Usage
		Usr 0 00:00:00, Sys 0 00:00:00  -  Run Local Usage
		Usr 0 00:00:07, Sys 0 00:00:01  -  Total Remote Usage
		Usr 0 00:00:00, Sys 0 00:00:00  -  Total Local Usage
	0  -  Run Bytes Sent By Job
	0  -  Run Bytes Received By Job
	0  -  Total Bytes Sent By Job
	0  -  Total Bytes Received By Job
	Partitionable Resources :    Usage  Request Allocated
	   Cpus                 :                 1         1
	   Disk (KB)            :        1        1  20250693
	   Memory (MB)          :        3        1      4038
...
