000 (2492274.020.000) 11/08 21:21:59 Job submitted from host: <192.168.1.109:9714>
...
001 (2492274.020.000) 11/08 21:22:40 Job executing on host: <192.168.1.48:9634>
...
006 (2492274.020.000) 11/08 21:22:49 Image size of job updated: 97468
	3  -  MemoryUsage of job (MB)
	2176  -  ResidentSetSize of job (KB)
...
006 (2492274.020.000) 11/08 21:27:50 Image size of job updated: 1075352
	520  -  MemoryUsage of job (MB)
	532404  -  ResidentSetSize of job (KB)
...
006 (2492274.020.000) 11/08 21:32:50 Image size of job updated: 1075352
	522  -  MemoryUsage of job (MB)
	534264  -  ResidentSetSize of job (KB)
...
006 (2492274.020.000) 11/08 21:37:50 Image size of job updated: 1075352
	523  -  MemoryUsage of job (MB)
	534600  -  ResidentSetSize of job (KB)
...
006 (2492274.020.000) 11/08 21:42:51 Image size of job updated: 1075352
	523  -  MemoryUsage of job (MB)
	534724  -  ResidentSetSize of job (KB)
...
006 (2492274.020.000) 11/08 21:47:51 Image size of job updated: 1075352
	523  -  MemoryUsage of job (MB)
	534740  -  ResidentSetSize of job (KB)
...
006 (2492274.020.000) 11/08 21:52:51 Image size of job updated: 1075352
	524  -  MemoryUsage of job (MB)
	535576  -  ResidentSetSize of job (KB)
...
006 (2492274.020.000) 11/08 21:57:52 Image size of job updated: 1075352
	524  -  MemoryUsage of job (MB)
	535604  -  ResidentSetSize of job (KB)
...
005 (2492274.020.000) 11/08 22:01:55 Job terminated.
	(1) Normal termination (return value 0)
		Usr 0 00:04:49, Sys 0 00:00:19  -  Run Remote Usage
		Usr 0 00:00:00, Sys 0 00:00:00  -  Run Local Usage
		Usr 0 00:04:49, Sys 0 00:00:19  -  Total Remote Usage
		Usr 0 00:00:00, Sys 0 00:00:00  -  Total Local Usage
	0  -  Run Bytes Sent By Job
	0  -  Run Bytes Received By Job
	0  -  Total Bytes Sent By Job
	0  -  Total Bytes Received By Job
	Partitionable Resources :    Usage  Request Allocated
	   Cpus                 :                 1         1
	   Disk (KB)            :        1        1  28379960
	   Memory (MB)          :      524        1      4033
...
