000 (2492235.032.000) 11/08 21:19:19 Job submitted from host: <192.168.1.109:9714>
...
001 (2492235.032.000) 11/08 21:20:22 Job executing on host: <192.168.1.45:9392>
...
006 (2492235.032.000) 11/08 21:20:31 Image size of job updated: 97660
	2  -  MemoryUsage of job (MB)
	1840  -  ResidentSetSize of job (KB)
...
006 (2492235.032.000) 11/08 21:25:31 Image size of job updated: 1075360
	451  -  MemoryUsage of job (MB)
	460812  -  ResidentSetSize of job (KB)
...
005 (2492235.032.000) 11/08 22:05:13 Job terminated.
	(1) Normal termination (return value 0)
		Usr 0 00:05:13, Sys 0 00:00:21  -  Run Remote Usage
		Usr 0 00:00:00, Sys 0 00:00:00  -  Run Local Usage
		Usr 0 00:05:13, Sys 0 00:00:21  -  Total Remote Usage
		Usr 0 00:00:00, Sys 0 00:00:00  -  Total Local Usage
	0  -  Run Bytes Sent By Job
	0  -  Run Bytes Received By Job
	0  -  Total Bytes Sent By Job
	0  -  Total Bytes Received By Job
	Partitionable Resources :    Usage  Request Allocated
	   Cpus                 :                 1         1
	   Disk (KB)            :        1        1   2370035
	   Memory (MB)          :      451        1      4035
...
