000 (2497152.020.000) 11/09 15:03:05 Job submitted from host: <192.168.1.109:9714>
...
001 (2497152.020.000) 11/09 15:03:12 Job executing on host: <192.168.1.48:9634>
...
006 (2497152.020.000) 11/09 15:03:21 Image size of job updated: 443800
	131  -  MemoryUsage of job (MB)
	133680  -  ResidentSetSize of job (KB)
...
005 (2497152.020.000) 11/09 15:03:27 Job terminated.
	(1) Normal termination (return value 0)
		Usr 0 00:00:03, Sys 0 00:00:00  -  Run Remote Usage
		Usr 0 00:00:00, Sys 0 00:00:00  -  Run Local Usage
		Usr 0 00:00:03, Sys 0 00:00:00  -  Total Remote Usage
		Usr 0 00:00:00, Sys 0 00:00:00  -  Total Local Usage
	0  -  Run Bytes Sent By Job
	0  -  Run Bytes Received By Job
	0  -  Total Bytes Sent By Job
	0  -  Total Bytes Received By Job
	Partitionable Resources :    Usage  Request Allocated
	   Cpus                 :                 1         1
	   Disk (KB)            :        1        1  28379702
	   Memory (MB)          :      131        1      4033
...
