000 (2485756.009.000) 11/07 21:19:44 Job submitted from host: <192.168.1.109:9714>
...
001 (2485756.009.000) 11/07 21:20:38 Job executing on host: <192.168.1.49:9578>
...
006 (2485756.009.000) 11/07 21:20:46 Image size of job updated: 343108
	81  -  MemoryUsage of job (MB)
	81932  -  ResidentSetSize of job (KB)
...
006 (2485756.009.000) 11/07 21:20:58 Image size of job updated: 469604
	81  -  MemoryUsage of job (MB)
	81932  -  ResidentSetSize of job (KB)
...
005 (2485756.009.000) 11/07 21:20:58 Job terminated.
	(1) Normal termination (return value 0)
		Usr 0 00:00:07, Sys 0 00:00:02  -  Run Remote Usage
		Usr 0 00:00:00, Sys 0 00:00:00  -  Run Local Usage
		Usr 0 00:00:07, Sys 0 00:00:02  -  Total Remote Usage
		Usr 0 00:00:00, Sys 0 00:00:00  -  Total Local Usage
	0  -  Run Bytes Sent By Job
	0  -  Run Bytes Received By Job
	0  -  Total Bytes Sent By Job
	0  -  Total Bytes Received By Job
	Partitionable Resources :    Usage  Request Allocated
	   Cpus                 :                 1         1
	   Disk (KB)            :        1        1  28376214
	   Memory (MB)          :       81        1      4033
...
