000 (2493172.064.000) 11/09 00:41:41 Job submitted from host: <192.168.1.109:9714>
...
001 (2493172.064.000) 11/09 00:41:54 Job executing on host: <192.168.1.47:9634>
...
006 (2493172.064.000) 11/09 00:42:02 Image size of job updated: 75676
	3  -  MemoryUsage of job (MB)
	2560  -  ResidentSetSize of job (KB)
...
006 (2493172.064.000) 11/09 00:42:10 Image size of job updated: 483192
	3  -  MemoryUsage of job (MB)
	2560  -  ResidentSetSize of job (KB)
...
005 (2493172.064.000) 11/09 00:42:11 Job terminated.
	(1) Normal termination (return value 0)
		Usr 0 00:00:06, Sys 0 00:00:00  -  Run Remote Usage
		Usr 0 00:00:00, Sys 0 00:00:00  -  Run Local Usage
		Usr 0 00:00:06, Sys 0 00:00:00  -  Total Remote Usage
		Usr 0 00:00:00, Sys 0 00:00:00  -  Total Local Usage
	0  -  Run Bytes Sent By Job
	0  -  Run Bytes Received By Job
	0  -  Total Bytes Sent By Job
	0  -  Total Bytes Received By Job
	Partitionable Resources :    Usage  Request Allocated
	   Cpus                 :                 1         1
	   Disk (KB)            :        1        1  28380824
	   Memory (MB)          :        3        1      4033
...
