000 (2485823.073.000) 11/07 23:48:30 Job submitted from host: <192.168.1.109:9714>
...
001 (2485823.073.000) 11/07 23:48:40 Job executing on host: <192.168.1.48:9634>
...
006 (2485823.073.000) 11/07 23:48:48 Image size of job updated: 347256
	74  -  MemoryUsage of job (MB)
	75008  -  ResidentSetSize of job (KB)
...
006 (2485823.073.000) 11/07 23:53:48 Image size of job updated: 1024164
	508  -  MemoryUsage of job (MB)
	519228  -  ResidentSetSize of job (KB)
...
006 (2485823.073.000) 11/07 23:58:49 Image size of job updated: 1024164
	508  -  MemoryUsage of job (MB)
	519868  -  ResidentSetSize of job (KB)
...
006 (2485823.073.000) 11/08 00:03:50 Image size of job updated: 1024164
	583  -  MemoryUsage of job (MB)
	596412  -  ResidentSetSize of job (KB)
...
006 (2485823.073.000) 11/08 00:08:50 Image size of job updated: 1024164
	624  -  MemoryUsage of job (MB)
	638152  -  ResidentSetSize of job (KB)
...
005 (2485823.073.000) 11/08 00:11:43 Job terminated.
	(1) Normal termination (return value 0)
		Usr 0 00:06:20, Sys 0 00:00:19  -  Run Remote Usage
		Usr 0 00:00:00, Sys 0 00:00:00  -  Run Local Usage
		Usr 0 00:06:20, Sys 0 00:00:19  -  Total Remote Usage
		Usr 0 00:00:00, Sys 0 00:00:00  -  Total Local Usage
	0  -  Run Bytes Sent By Job
	0  -  Run Bytes Received By Job
	0  -  Total Bytes Sent By Job
	0  -  Total Bytes Received By Job
	Partitionable Resources :    Usage  Request Allocated
	   Cpus                 :                 1         1
	   Disk (KB)            :        1        1  28354885
	   Memory (MB)          :      624        1      4033
...
