000 (2491851.073.000) 11/08 20:36:47 Job submitted from host: <192.168.1.109:9714>
...
001 (2491851.073.000) 11/08 20:37:16 Job executing on host: <192.168.1.66:9620>
...
006 (2491851.073.000) 11/08 20:37:24 Image size of job updated: 24424
	3  -  MemoryUsage of job (MB)
	2620  -  ResidentSetSize of job (KB)
...
006 (2491851.073.000) 11/08 20:42:24 Image size of job updated: 1024152
	507  -  MemoryUsage of job (MB)
	518268  -  ResidentSetSize of job (KB)
...
005 (2491851.073.000) 11/08 21:04:52 Job terminated.
	(1) Normal termination (return value 0)
		Usr 0 00:13:53, Sys 0 00:00:32  -  Run Remote Usage
		Usr 0 00:00:00, Sys 0 00:00:00  -  Run Local Usage
		Usr 0 00:13:53, Sys 0 00:00:32  -  Total Remote Usage
		Usr 0 00:00:00, Sys 0 00:00:00  -  Total Local Usage
	0  -  Run Bytes Sent By Job
	0  -  Run Bytes Received By Job
	0  -  Total Bytes Sent By Job
	0  -  Total Bytes Received By Job
	Partitionable Resources :    Usage  Request Allocated
	   Cpus                 :                 1         1
	   Disk (KB)            :        1        1  19563812
	   Memory (MB)          :      507        1      4033
...
