000 (2491133.073.000) 11/08 19:40:19 Job submitted from host: <192.168.1.109:9714>
...
001 (2491133.073.000) 11/08 19:40:53 Job executing on host: <192.168.1.65:9393>
...
006 (2491133.073.000) 11/08 19:41:01 Image size of job updated: 358616
	53  -  MemoryUsage of job (MB)
	53324  -  ResidentSetSize of job (KB)
...
006 (2491133.073.000) 11/08 19:46:02 Image size of job updated: 1024148
	507  -  MemoryUsage of job (MB)
	518756  -  ResidentSetSize of job (KB)
...
006 (2491133.073.000) 11/08 19:51:02 Image size of job updated: 1024148
	507  -  MemoryUsage of job (MB)
	519136  -  ResidentSetSize of job (KB)
...
006 (2491133.073.000) 11/08 19:56:03 Image size of job updated: 1024148
	611  -  MemoryUsage of job (MB)
	624712  -  ResidentSetSize of job (KB)
...
006 (2491133.073.000) 11/08 20:01:04 Image size of job updated: 1229328
	878  -  MemoryUsage of job (MB)
	898096  -  ResidentSetSize of job (KB)
...
005 (2491133.073.000) 11/08 20:03:06 Job terminated.
	(1) Normal termination (return value 0)
		Usr 0 00:14:07, Sys 0 00:00:32  -  Run Remote Usage
		Usr 0 00:00:00, Sys 0 00:00:00  -  Run Local Usage
		Usr 0 00:14:07, Sys 0 00:00:32  -  Total Remote Usage
		Usr 0 00:00:00, Sys 0 00:00:00  -  Total Local Usage
	0  -  Run Bytes Sent By Job
	0  -  Run Bytes Received By Job
	0  -  Total Bytes Sent By Job
	0  -  Total Bytes Received By Job
	Partitionable Resources :    Usage  Request Allocated
	   Cpus                 :                 1         1
	   Disk (KB)            :        1        1  19564179
	   Memory (MB)          :      878        1      4033
...
