000 (2497410.073.000) 11/09 15:33:46 Job submitted from host: <192.168.1.109:9714>
...
001 (2497410.073.000) 11/09 15:34:11 Job executing on host: <192.168.1.42:9515>
...
006 (2497410.073.000) 11/09 15:34:20 Image size of job updated: 358624
	44  -  MemoryUsage of job (MB)
	44316  -  ResidentSetSize of job (KB)
...
006 (2497410.073.000) 11/09 15:39:20 Image size of job updated: 1067400
	511  -  MemoryUsage of job (MB)
	522928  -  ResidentSetSize of job (KB)
...
006 (2497410.073.000) 11/09 15:44:20 Image size of job updated: 1067400
	512  -  MemoryUsage of job (MB)
	523440  -  ResidentSetSize of job (KB)
...
006 (2497410.073.000) 11/09 15:49:21 Image size of job updated: 1067400
	513  -  MemoryUsage of job (MB)
	524884  -  ResidentSetSize of job (KB)
...
006 (2497410.073.000) 11/09 15:54:22 Image size of job updated: 1067400
	514  -  MemoryUsage of job (MB)
	525692  -  ResidentSetSize of job (KB)
...
006 (2497410.073.000) 11/09 15:59:22 Image size of job updated: 1067400
	515  -  MemoryUsage of job (MB)
	526724  -  ResidentSetSize of job (KB)
...
006 (2497410.073.000) 11/09 16:04:23 Image size of job updated: 1067400
	515  -  MemoryUsage of job (MB)
	526740  -  ResidentSetSize of job (KB)
...
006 (2497410.073.000) 11/09 16:09:24 Image size of job updated: 1067400
	515  -  MemoryUsage of job (MB)
	526816  -  ResidentSetSize of job (KB)
...
006 (2497410.073.000) 11/09 16:14:24 Image size of job updated: 1067400
	515  -  MemoryUsage of job (MB)
	526856  -  ResidentSetSize of job (KB)
...
006 (2497410.073.000) 11/09 16:19:24 Image size of job updated: 1067400
	516  -  MemoryUsage of job (MB)
	527604  -  ResidentSetSize of job (KB)
...
006 (2497410.073.000) 11/09 16:24:25 Image size of job updated: 1067400
	628  -  MemoryUsage of job (MB)
	642192  -  ResidentSetSize of job (KB)
...
006 (2497410.073.000) 11/09 16:29:25 Image size of job updated: 1067400
	628  -  MemoryUsage of job (MB)
	642196  -  ResidentSetSize of job (KB)
...
006 (2497410.073.000) 11/09 16:34:25 Image size of job updated: 1067400
	628  -  MemoryUsage of job (MB)
	642408  -  ResidentSetSize of job (KB)
...
006 (2497410.073.000) 11/09 16:39:26 Image size of job updated: 1067400
	628  -  MemoryUsage of job (MB)
	642420  -  ResidentSetSize of job (KB)
...
006 (2497410.073.000) 11/09 16:49:27 Image size of job updated: 1067400
	628  -  MemoryUsage of job (MB)
	642432  -  ResidentSetSize of job (KB)
...
005 (2497410.073.000) 11/09 16:52:36 Job terminated.
	(1) Normal termination (return value 0)
		Usr 0 00:08:13, Sys 0 00:00:32  -  Run Remote Usage
		Usr 0 00:00:00, Sys 0 00:00:00  -  Run Local Usage
		Usr 0 00:08:13, Sys 0 00:00:32  -  Total Remote Usage
		Usr 0 00:00:00, Sys 0 00:00:00  -  Total Local Usage
	0  -  Run Bytes Sent By Job
	0  -  Run Bytes Received By Job
	0  -  Total Bytes Sent By Job
	0  -  Total Bytes Received By Job
	Partitionable Resources :    Usage  Request Allocated
	   Cpus                 :                 1         1
	   Disk (KB)            :        1        1   2371274
	   Memory (MB)          :      628        1      4035
...
