000 (2491133.041.000) 11/08 19:40:18 Job submitted from host: <192.168.1.109:9714>
...
001 (2491133.041.000) 11/08 19:40:53 Job executing on host: <192.168.1.43:9998>
...
006 (2491133.041.000) 11/08 19:41:02 Image size of job updated: 342388
	60  -  MemoryUsage of job (MB)
	61392  -  ResidentSetSize of job (KB)
...
006 (2491133.041.000) 11/08 19:46:03 Image size of job updated: 995856
	486  -  MemoryUsage of job (MB)
	497408  -  ResidentSetSize of job (KB)
...
006 (2491133.041.000) 11/08 19:51:03 Image size of job updated: 995856
	487  -  MemoryUsage of job (MB)
	498104  -  ResidentSetSize of job (KB)
...
006 (2491133.041.000) 11/08 19:56:04 Image size of job updated: 995856
	487  -  MemoryUsage of job (MB)
	498172  -  ResidentSetSize of job (KB)
...
006 (2491133.041.000) 11/08 19:59:44 Image size of job updated: 1180140
	487  -  MemoryUsage of job (MB)
	498172  -  ResidentSetSize of job (KB)
...
005 (2491133.041.000) 11/08 19:59:44 Job terminated.
	(1) Normal termination (return value 0)
		Usr 0 00:05:13, Sys 0 00:00:23  -  Run Remote Usage
		Usr 0 00:00:00, Sys 0 00:00:00  -  Run Local Usage
		Usr 0 00:05:13, Sys 0 00:00:23  -  Total Remote Usage
		Usr 0 00:00:00, Sys 0 00:00:00  -  Total Local Usage
	0  -  Run Bytes Sent By Job
	0  -  Run Bytes Received By Job
	0  -  Total Bytes Sent By Job
	0  -  Total Bytes Received By Job
	Partitionable Resources :    Usage  Request Allocated
	   Cpus                 :                 1         1
	   Disk (KB)            :        1        1   2370815
	   Memory (MB)          :      487        1      4035
...
