000 (2497410.041.000) 11/09 15:33:46 Job submitted from host: <192.168.1.109:9714>
...
001 (2497410.041.000) 11/09 15:34:10 Job executing on host: <192.168.1.56:9618?addrs=192.168.1.56-9618+[--1]-9618&noUDP&sock=2542_7e3d_3>
...
006 (2497410.041.000) 11/09 15:34:19 Image size of job updated: 15576
	2  -  MemoryUsage of job (MB)
	1344  -  ResidentSetSize of job (KB)
...
006 (2497410.041.000) 11/09 15:39:18 Image size of job updated: 1074528
	533  -  MemoryUsage of job (MB)
	545372  -  ResidentSetSize of job (KB)
...
006 (2497410.041.000) 11/09 15:44:19 Image size of job updated: 1074528
	533  -  MemoryUsage of job (MB)
	545604  -  ResidentSetSize of job (KB)
...
006 (2497410.041.000) 11/09 15:49:20 Image size of job updated: 1074528
	534  -  MemoryUsage of job (MB)
	546312  -  ResidentSetSize of job (KB)
...
006 (2497410.041.000) 11/09 15:54:20 Image size of job updated: 1074528
	534  -  MemoryUsage of job (MB)
	546332  -  ResidentSetSize of job (KB)
...
006 (2497410.041.000) 11/09 15:59:21 Image size of job updated: 1074528
	652  -  MemoryUsage of job (MB)
	667116  -  ResidentSetSize of job (KB)
...
005 (2497410.041.000) 11/09 16:02:38 Job terminated.
	(1) Normal termination (return value 0)
		Usr 0 00:06:54, Sys 0 00:00:31  -  Run Remote Usage
		Usr 0 00:00:00, Sys 0 00:00:00  -  Run Local Usage
		Usr 0 00:06:54, Sys 0 00:00:31  -  Total Remote Usage
		Usr 0 00:00:00, Sys 0 00:00:00  -  Total Local Usage
	0  -  Run Bytes Sent By Job
	0  -  Run Bytes Received By Job
	0  -  Total Bytes Sent By Job
	0  -  Total Bytes Received By Job
	Partitionable Resources :    Usage  Request Allocated
	   Cpus                 :                 1         1
	   Disk (KB)            :        1        1   1563536
	   Memory (MB)          :      652        1         1
...
