000 (2493272.006.000) 11/09 01:26:04 Job submitted from host: <192.168.1.109:9714>
...
001 (2493272.006.000) 11/09 01:26:13 Job executing on host: <192.168.1.63:9932>
...
006 (2493272.006.000) 11/09 01:26:23 Image size of job updated: 342520
	55  -  MemoryUsage of job (MB)
	56140  -  ResidentSetSize of job (KB)
...
006 (2493272.006.000) 11/09 01:26:30 Image size of job updated: 473492
	55  -  MemoryUsage of job (MB)
	56140  -  ResidentSetSize of job (KB)
...
005 (2493272.006.000) 11/09 01:26:30 Job terminated.
	(1) Normal termination (return value 0)
		Usr 0 00:00:08, Sys 0 00:00:00  -  Run Remote Usage
		Usr 0 00:00:00, Sys 0 00:00:00  -  Run Local Usage
		Usr 0 00:00:08, Sys 0 00:00:00  -  Total Remote Usage
		Usr 0 00:00:00, Sys 0 00:00:00  -  Total Local Usage
	0  -  Run Bytes Sent By Job
	0  -  Run Bytes Received By Job
	0  -  Total Bytes Sent By Job
	0  -  Total Bytes Received By Job
	Partitionable Resources :    Usage  Request Allocated
	   Cpus                 :                 1         1
	   Disk (KB)            :        1        1  19565598
	   Memory (MB)          :       55        1      4033
...
