000 (2491851.028.000) 11/08 20:36:46 Job submitted from host: <192.168.1.109:9714>
...
001 (2491851.028.000) 11/08 20:37:13 Job executing on host: <192.168.1.46:9845>
...
006 (2491851.028.000) 11/08 20:37:22 Image size of job updated: 435792
	90  -  MemoryUsage of job (MB)
	91476  -  ResidentSetSize of job (KB)
...
006 (2491851.028.000) 11/08 20:42:22 Image size of job updated: 1002216
	475  -  MemoryUsage of job (MB)
	486040  -  ResidentSetSize of job (KB)
...
006 (2491851.028.000) 11/08 20:57:23 Image size of job updated: 1002216
	557  -  MemoryUsage of job (MB)
	569944  -  ResidentSetSize of job (KB)
...
006 (2491851.028.000) 11/08 21:02:23 Image size of job updated: 1002216
	558  -  MemoryUsage of job (MB)
	570596  -  ResidentSetSize of job (KB)
...
005 (2491851.028.000) 11/08 21:05:27 Job terminated.
	(1) Normal termination (return value 0)
		Usr 0 00:09:44, Sys 0 00:00:33  -  Run Remote Usage
		Usr 0 00:00:00, Sys 0 00:00:00  -  Run Local Usage
		Usr 0 00:09:44, Sys 0 00:00:33  -  Total Remote Usage
		Usr 0 00:00:00, Sys 0 00:00:00  -  Total Local Usage
	0  -  Run Bytes Sent By Job
	0  -  Run Bytes Received By Job
	0  -  Total Bytes Sent By Job
	0  -  Total Bytes Received By Job
	Partitionable Resources :    Usage  Request Allocated
	   Cpus                 :                 1         1
	   Disk (KB)            :        1        1   2371915
	   Memory (MB)          :      558        1      4035
...
