000 (2491133.028.000) 11/08 19:40:18 Job submitted from host: <192.168.1.109:9714>
...
001 (2491133.028.000) 11/08 19:40:55 Job executing on host: <192.168.1.50:9434>
...
006 (2491133.028.000) 11/08 19:41:04 Image size of job updated: 327176
	26  -  MemoryUsage of job (MB)
	25928  -  ResidentSetSize of job (KB)
...
006 (2491133.028.000) 11/08 19:46:05 Image size of job updated: 1002220
	487  -  MemoryUsage of job (MB)
	498108  -  ResidentSetSize of job (KB)
...
006 (2491133.028.000) 11/08 19:51:06 Image size of job updated: 1002220
	487  -  MemoryUsage of job (MB)
	498288  -  ResidentSetSize of job (KB)
...
006 (2491133.028.000) 11/08 19:56:06 Image size of job updated: 1002220
	488  -  MemoryUsage of job (MB)
	499064  -  ResidentSetSize of job (KB)
...
006 (2491133.028.000) 11/08 20:01:06 Image size of job updated: 1159316
	669  -  MemoryUsage of job (MB)
	684956  -  ResidentSetSize of job (KB)
...
005 (2491133.028.000) 11/08 20:05:24 Job terminated.
	(1) Normal termination (return value 0)
		Usr 0 00:10:29, Sys 0 00:00:38  -  Run Remote Usage
		Usr 0 00:00:00, Sys 0 00:00:00  -  Run Local Usage
		Usr 0 00:10:29, Sys 0 00:00:38  -  Total Remote Usage
		Usr 0 00:00:00, Sys 0 00:00:00  -  Total Local Usage
	0  -  Run Bytes Sent By Job
	0  -  Run Bytes Received By Job
	0  -  Total Bytes Sent By Job
	0  -  Total Bytes Received By Job
	Partitionable Resources :    Usage  Request Allocated
	   Cpus                 :                 1         1
	   Disk (KB)            :        1        1  28379675
	   Memory (MB)          :      669        1      4033
...
