000 (2497410.028.000) 11/09 15:33:46 Job submitted from host: <192.168.1.109:9714>
...
001 (2497410.028.000) 11/09 15:34:09 Job executing on host: <192.168.1.49:9578>
...
006 (2497410.028.000) 11/09 15:34:18 Image size of job updated: 24372
	3  -  MemoryUsage of job (MB)
	2524  -  ResidentSetSize of job (KB)
...
006 (2497410.028.000) 11/09 15:39:19 Image size of job updated: 975172
	459  -  MemoryUsage of job (MB)
	469000  -  ResidentSetSize of job (KB)
...
006 (2497410.028.000) 11/09 15:49:20 Image size of job updated: 975172
	460  -  MemoryUsage of job (MB)
	470096  -  ResidentSetSize of job (KB)
...
006 (2497410.028.000) 11/09 15:54:21 Image size of job updated: 975172
	460  -  MemoryUsage of job (MB)
	470620  -  ResidentSetSize of job (KB)
...
006 (2497410.028.000) 11/09 15:59:22 Image size of job updated: 975172
	460  -  MemoryUsage of job (MB)
	470632  -  ResidentSetSize of job (KB)
...
006 (2497410.028.000) 11/09 16:09:23 Image size of job updated: 975172
	460  -  MemoryUsage of job (MB)
	470820  -  ResidentSetSize of job (KB)
...
006 (2497410.028.000) 11/09 16:14:24 Image size of job updated: 975172
	587  -  MemoryUsage of job (MB)
	601052  -  ResidentSetSize of job (KB)
...
006 (2497410.028.000) 11/09 16:19:24 Image size of job updated: 975172
	591  -  MemoryUsage of job (MB)
	604556  -  ResidentSetSize of job (KB)
...
005 (2497410.028.000) 11/09 16:19:36 Job terminated.
	(1) Normal termination (return value 0)
		Usr 0 00:08:44, Sys 0 00:00:32  -  Run Remote Usage
		Usr 0 00:00:00, Sys 0 00:00:00  -  Run Local Usage
		Usr 0 00:08:44, Sys 0 00:00:32  -  Total Remote Usage
		Usr 0 00:00:00, Sys 0 00:00:00  -  Total Local Usage
	0  -  Run Bytes Sent By Job
	0  -  Run Bytes Received By Job
	0  -  Total Bytes Sent By Job
	0  -  Total Bytes Received By Job
	Partitionable Resources :    Usage  Request Allocated
	   Cpus                 :                 1         1
	   Disk (KB)            :        1        1  28380374
	   Memory (MB)          :      591        1      4033
...
