000 (2492910.046.000) 11/08 23:48:10 Job submitted from host: <192.168.1.109:9714>
...
001 (2492910.046.000) 11/08 23:48:26 Job executing on host: <192.168.1.43:9998>
...
006 (2492910.046.000) 11/08 23:48:35 Image size of job updated: 439980
	86  -  MemoryUsage of job (MB)
	87292  -  ResidentSetSize of job (KB)
...
005 (2492910.046.000) 11/08 23:48:38 Job terminated.
	(1) Normal termination (return value 6)
		Usr 0 00:00:02, Sys 0 00:00:00  -  Run Remote Usage
		Usr 0 00:00:00, Sys 0 00:00:00  -  Run Local Usage
		Usr 0 00:00:02, Sys 0 00:00:00  -  Total Remote Usage
		Usr 0 00:00:00, Sys 0 00:00:00  -  Total Local Usage
	0  -  Run Bytes Sent By Job
	0  -  Run Bytes Received By Job
	0  -  Total Bytes Sent By Job
	0  -  Total Bytes Received By Job
	Partitionable Resources :    Usage  Request Allocated
	   Cpus                 :                 1         1
	   Disk (KB)            :        1        1   2371377
	   Memory (MB)          :       86        1      4035
...
