000 (2485819.003.000) 11/07 22:35:28 Job submitted from host: <192.168.1.109:9714>
...
001 (2485819.003.000) 11/07 22:35:35 Job executing on host: <192.168.1.63:9932>
...
006 (2485819.003.000) 11/07 22:35:44 Image size of job updated: 346188
	83  -  MemoryUsage of job (MB)
	84276  -  ResidentSetSize of job (KB)
...
006 (2485819.003.000) 11/07 22:40:45 Image size of job updated: 972172
	456  -  MemoryUsage of job (MB)
	466424  -  ResidentSetSize of job (KB)
...
006 (2485819.003.000) 11/07 22:45:45 Image size of job updated: 972172
	457  -  MemoryUsage of job (MB)
	467304  -  ResidentSetSize of job (KB)
...
006 (2485819.003.000) 11/07 22:50:45 Image size of job updated: 972172
	457  -  MemoryUsage of job (MB)
	467308  -  ResidentSetSize of job (KB)
...
006 (2485819.003.000) 11/07 22:55:46 Image size of job updated: 972172
	457  -  MemoryUsage of job (MB)
	467312  -  ResidentSetSize of job (KB)
...
006 (2485819.003.000) 11/07 23:00:47 Image size of job updated: 972172
	457  -  MemoryUsage of job (MB)
	467332  -  ResidentSetSize of job (KB)
...
006 (2485819.003.000) 11/07 23:10:48 Image size of job updated: 972172
	457  -  MemoryUsage of job (MB)
	467440  -  ResidentSetSize of job (KB)
...
006 (2485819.003.000) 11/07 23:15:49 Image size of job updated: 972172
	457  -  MemoryUsage of job (MB)
	467456  -  ResidentSetSize of job (KB)
...
006 (2485819.003.000) 11/07 23:20:49 Image size of job updated: 972172
	616  -  MemoryUsage of job (MB)
	629820  -  ResidentSetSize of job (KB)
...
006 (2485819.003.000) 11/07 23:25:49 Image size of job updated: 972172
	636  -  MemoryUsage of job (MB)
	650928  -  ResidentSetSize of job (KB)
...
006 (2485819.003.000) 11/07 23:30:50 Image size of job updated: 972172
	636  -  MemoryUsage of job (MB)
	650940  -  ResidentSetSize of job (KB)
...
006 (2485819.003.000) 11/07 23:35:50 Image size of job updated: 972172
	636  -  MemoryUsage of job (MB)
	650948  -  ResidentSetSize of job (KB)
...
006 (2485819.003.000) 11/07 23:40:50 Image size of job updated: 972172
	636  -  MemoryUsage of job (MB)
	650956  -  ResidentSetSize of job (KB)
...
006 (2485819.003.000) 11/07 23:45:51 Image size of job updated: 972172
	636  -  MemoryUsage of job (MB)
	650976  -  ResidentSetSize of job (KB)
...
005 (2485819.003.000) 11/08 07:35:06 Job terminated.
	(1) Normal termination (return value 0)
		Usr 0 07:54:10, Sys 0 00:20:50  -  Run Remote Usage
		Usr 0 00:00:00, Sys 0 00:00:00  -  Run Local Usage
		Usr 0 07:54:10, Sys 0 00:20:50  -  Total Remote Usage
		Usr 0 00:00:00, Sys 0 00:00:00  -  Total Local Usage
	0  -  Run Bytes Sent By Job
	0  -  Run Bytes Received By Job
	0  -  Total Bytes Sent By Job
	0  -  Total Bytes Received By Job
	Partitionable Resources :    Usage  Request Allocated
	   Cpus                 :                 1         1
	   Disk (KB)            :        1        1  19560165
	   Memory (MB)          :      636        1      4033
...
