000 (2497409.003.000) 11/09 15:27:50 Job submitted from host: <192.168.1.109:9714>
...
001 (2497409.003.000) 11/09 15:28:13 Job executing on host: <192.168.1.48:9634>
...
006 (2497409.003.000) 11/09 15:28:22 Image size of job updated: 346596
	65  -  MemoryUsage of job (MB)
	65768  -  ResidentSetSize of job (KB)
...
006 (2497409.003.000) 11/09 15:33:23 Image size of job updated: 975536
	468  -  MemoryUsage of job (MB)
	478268  -  ResidentSetSize of job (KB)
...
006 (2497409.003.000) 11/09 15:48:25 Image size of job updated: 975536
	542  -  MemoryUsage of job (MB)
	554380  -  ResidentSetSize of job (KB)
...
006 (2497409.003.000) 11/09 15:53:26 Image size of job updated: 975536
	577  -  MemoryUsage of job (MB)
	589856  -  ResidentSetSize of job (KB)
...
006 (2497409.003.000) 11/09 15:58:26 Image size of job updated: 975536
	577  -  MemoryUsage of job (MB)
	589860  -  ResidentSetSize of job (KB)
...
006 (2497409.003.000) 11/09 16:03:26 Image size of job updated: 975536
	577  -  MemoryUsage of job (MB)
	589944  -  ResidentSetSize of job (KB)
...
006 (2497409.003.000) 11/09 17:13:35 Image size of job updated: 975536
	577  -  MemoryUsage of job (MB)
	590020  -  ResidentSetSize of job (KB)
...
006 (2497409.003.000) 11/09 17:18:35 Image size of job updated: 975536
	577  -  MemoryUsage of job (MB)
	590144  -  ResidentSetSize of job (KB)
...
006 (2497409.003.000) 11/09 17:23:36 Image size of job updated: 975536
	577  -  MemoryUsage of job (MB)
	590156  -  ResidentSetSize of job (KB)
...
006 (2497409.003.000) 11/09 17:28:37 Image size of job updated: 975536
	577  -  MemoryUsage of job (MB)
	590164  -  ResidentSetSize of job (KB)
...
006 (2497409.003.000) 11/09 17:38:37 Image size of job updated: 975536
	577  -  MemoryUsage of job (MB)
	590168  -  ResidentSetSize of job (KB)
...
006 (2497409.003.000) 11/09 18:48:46 Image size of job updated: 975536
	577  -  MemoryUsage of job (MB)
	590212  -  ResidentSetSize of job (KB)
...
006 (2497409.003.000) 11/09 18:53:47 Image size of job updated: 975536
	577  -  MemoryUsage of job (MB)
	590628  -  ResidentSetSize of job (KB)
...
006 (2497409.003.000) 11/09 19:03:48 Image size of job updated: 975756
	577  -  MemoryUsage of job (MB)
	590660  -  ResidentSetSize of job (KB)
...
006 (2497409.003.000) 11/09 19:08:49 Image size of job updated: 975756
	577  -  MemoryUsage of job (MB)
	590684  -  ResidentSetSize of job (KB)
...
006 (2497409.003.000) 11/09 19:13:49 Image size of job updated: 975756
	577  -  MemoryUsage of job (MB)
	590712  -  ResidentSetSize of job (KB)
...
006 (2497409.003.000) 11/09 19:18:50 Image size of job updated: 975756
	577  -  MemoryUsage of job (MB)
	590732  -  ResidentSetSize of job (KB)
...
006 (2497409.003.000) 11/09 19:23:51 Image size of job updated: 975756
	577  -  MemoryUsage of job (MB)
	590760  -  ResidentSetSize of job (KB)
...
006 (2497409.003.000) 11/09 19:28:51 Image size of job updated: 975888
	578  -  MemoryUsage of job (MB)
	591008  -  ResidentSetSize of job (KB)
...
006 (2497409.003.000) 11/09 19:33:52 Image size of job updated: 976840
	578  -  MemoryUsage of job (MB)
	591428  -  ResidentSetSize of job (KB)
...
006 (2497409.003.000) 11/09 19:38:53 Image size of job updated: 976840
	578  -  MemoryUsage of job (MB)
	591500  -  ResidentSetSize of job (KB)
...
006 (2497409.003.000) 11/09 19:43:53 Image size of job updated: 976840
	578  -  MemoryUsage of job (MB)
	591776  -  ResidentSetSize of job (KB)
...
006 (2497409.003.000) 11/09 19:48:53 Image size of job updated: 976976
	578  -  MemoryUsage of job (MB)
	591816  -  ResidentSetSize of job (KB)
...
006 (2497409.003.000) 11/09 19:53:54 Image size of job updated: 976976
	578  -  MemoryUsage of job (MB)
	591852  -  ResidentSetSize of job (KB)
...
006 (2497409.003.000) 11/09 19:58:54 Image size of job updated: 977108
	579  -  MemoryUsage of job (MB)
	591888  -  ResidentSetSize of job (KB)
...
006 (2497409.003.000) 11/09 20:03:54 Image size of job updated: 977108
	579  -  MemoryUsage of job (MB)
	591924  -  ResidentSetSize of job (KB)
...
006 (2497409.003.000) 11/09 20:08:55 Image size of job updated: 977108
	579  -  MemoryUsage of job (MB)
	591956  -  ResidentSetSize of job (KB)
...
006 (2497409.003.000) 11/09 20:13:55 Image size of job updated: 977244
	579  -  MemoryUsage of job (MB)
	592004  -  ResidentSetSize of job (KB)
...
006 (2497409.003.000) 11/09 20:18:55 Image size of job updated: 977244
	579  -  MemoryUsage of job (MB)
	592076  -  ResidentSetSize of job (KB)
...
006 (2497409.003.000) 11/09 20:23:56 Image size of job updated: 977244
	579  -  MemoryUsage of job (MB)
	592152  -  ResidentSetSize of job (KB)
...
006 (2497409.003.000) 11/09 20:28:57 Image size of job updated: 977376
	579  -  MemoryUsage of job (MB)
	592220  -  ResidentSetSize of job (KB)
...
006 (2497409.003.000) 11/09 20:33:57 Image size of job updated: 977376
	579  -  MemoryUsage of job (MB)
	592292  -  ResidentSetSize of job (KB)
...
006 (2497409.003.000) 11/09 20:38:58 Image size of job updated: 977508
	579  -  MemoryUsage of job (MB)
	592364  -  ResidentSetSize of job (KB)
...
006 (2497409.003.000) 11/09 20:43:59 Image size of job updated: 977508
	579  -  MemoryUsage of job (MB)
	592436  -  ResidentSetSize of job (KB)
...
006 (2497409.003.000) 11/09 20:48:59 Image size of job updated: 977508
	579  -  MemoryUsage of job (MB)
	592500  -  ResidentSetSize of job (KB)
...
006 (2497409.003.000) 11/09 20:54:00 Image size of job updated: 977644
	579  -  MemoryUsage of job (MB)
	592548  -  ResidentSetSize of job (KB)
...
006 (2497409.003.000) 11/09 20:59:01 Image size of job updated: 977644
	579  -  MemoryUsage of job (MB)
	592596  -  ResidentSetSize of job (KB)
...
006 (2497409.003.000) 11/09 21:04:01 Image size of job updated: 977776
	579  -  MemoryUsage of job (MB)
	592640  -  ResidentSetSize of job (KB)
...
006 (2497409.003.000) 11/09 21:09:02 Image size of job updated: 977776
	579  -  MemoryUsage of job (MB)
	592688  -  ResidentSetSize of job (KB)
...
006 (2497409.003.000) 11/09 21:14:03 Image size of job updated: 977776
	579  -  MemoryUsage of job (MB)
	592732  -  ResidentSetSize of job (KB)
...
005 (2497409.003.000) 11/09 21:14:48 Job terminated.
	(1) Normal termination (return value 0)
		Usr 0 04:03:52, Sys 0 00:14:55  -  Run Remote Usage
		Usr 0 00:00:00, Sys 0 00:00:00  -  Run Local Usage
		Usr 0 04:03:52, Sys 0 00:14:55  -  Total Remote Usage
		Usr 0 00:00:00, Sys 0 00:00:00  -  Total Local Usage
	0  -  Run Bytes Sent By Job
	0  -  Run Bytes Received By Job
	0  -  Total Bytes Sent By Job
	0  -  Total Bytes Received By Job
	Partitionable Resources :    Usage  Request Allocated
	   Cpus                 :                 1         1
	   Disk (KB)            :        1        1  28379931
	   Memory (MB)          :      579        1      4033
...
