000 (2492235.033.000) 11/08 21:19:19 Job submitted from host: <192.168.1.109:9714>
...
001 (2492235.033.000) 11/08 21:19:30 Job executing on host: <192.168.1.65:9393>
...
006 (2492235.033.000) 11/08 21:19:39 Image size of job updated: 434216
	82  -  MemoryUsage of job (MB)
	83924  -  ResidentSetSize of job (KB)
...
006 (2492235.033.000) 11/08 21:24:40 Image size of job updated: 1074064
	446  -  MemoryUsage of job (MB)
	456456  -  ResidentSetSize of job (KB)
...
006 (2492235.033.000) 11/08 21:29:40 Image size of job updated: 1074064
	447  -  MemoryUsage of job (MB)
	456764  -  ResidentSetSize of job (KB)
...
006 (2492235.033.000) 11/08 21:34:40 Image size of job updated: 1074064
	542  -  MemoryUsage of job (MB)
	554568  -  ResidentSetSize of job (KB)
...
006 (2492235.033.000) 11/08 21:39:41 Image size of job updated: 1074064
	564  -  MemoryUsage of job (MB)
	577056  -  ResidentSetSize of job (KB)
...
006 (2492235.033.000) 11/08 21:44:42 Image size of job updated: 1074064
	564  -  MemoryUsage of job (MB)
	577112  -  ResidentSetSize of job (KB)
...
005 (2492235.033.000) 11/08 21:46:18 Job terminated.
	(1) Normal termination (return value 0)
		Usr 0 00:11:13, Sys 0 00:00:24  -  Run Remote Usage
		Usr 0 00:00:00, Sys 0 00:00:00  -  Run Local Usage
		Usr 0 00:11:13, Sys 0 00:00:24  -  Total Remote Usage
		Usr 0 00:00:00, Sys 0 00:00:00  -  Total Local Usage
	0  -  Run Bytes Sent By Job
	0  -  Run Bytes Received By Job
	0  -  Total Bytes Sent By Job
	0  -  Total Bytes Received By Job
	Partitionable Resources :    Usage  Request Allocated
	   Cpus                 :                 1         1
	   Disk (KB)            :        1        1  19563441
	   Memory (MB)          :      564        1      4033
...
