000 (2493183.033.000) 11/09 00:44:13 Job submitted from host: <192.168.1.109:9714>
...
001 (2493183.033.000) 11/09 00:44:22 Job executing on host: <192.168.1.47:9634>
...
006 (2493183.033.000) 11/09 00:44:31 Image size of job updated: 32840
	3  -  MemoryUsage of job (MB)
	2668  -  ResidentSetSize of job (KB)
...
006 (2493183.033.000) 11/09 00:49:32 Image size of job updated: 1062792
	501  -  MemoryUsage of job (MB)
	512112  -  ResidentSetSize of job (KB)
...
006 (2493183.033.000) 11/09 00:54:32 Image size of job updated: 1062792
	502  -  MemoryUsage of job (MB)
	513768  -  ResidentSetSize of job (KB)
...
006 (2493183.033.000) 11/09 00:59:33 Image size of job updated: 1062792
	502  -  MemoryUsage of job (MB)
	513824  -  ResidentSetSize of job (KB)
...
006 (2493183.033.000) 11/09 01:04:34 Image size of job updated: 1062792
	502  -  MemoryUsage of job (MB)
	513852  -  ResidentSetSize of job (KB)
...
005 (2493183.033.000) 11/09 01:05:51 Job terminated.
	(1) Normal termination (return value 0)
		Usr 0 00:03:01, Sys 0 00:00:15  -  Run Remote Usage
		Usr 0 00:00:00, Sys 0 00:00:00  -  Run Local Usage
		Usr 0 00:03:01, Sys 0 00:00:15  -  Total Remote Usage
		Usr 0 00:00:00, Sys 0 00:00:00  -  Total Local Usage
	0  -  Run Bytes Sent By Job
	0  -  Run Bytes Received By Job
	0  -  Total Bytes Sent By Job
	0  -  Total Bytes Received By Job
	Partitionable Resources :    Usage  Request Allocated
	   Cpus                 :                 1         1
	   Disk (KB)            :        1        1  28380820
	   Memory (MB)          :      502        1      4033
...
