000 (2504805.033.000) 11/16 01:26:45 Job submitted from host: <192.168.1.109:9714>
...
001 (2504805.033.000) 11/16 01:26:56 Job executing on host: <192.168.1.63:9932>
...
006 (2504805.033.000) 11/16 01:27:04 Image size of job updated: 63156
	3  -  MemoryUsage of job (MB)
	2612  -  ResidentSetSize of job (KB)
...
006 (2504805.033.000) 11/16 01:27:29 Image size of job updated: 436916
	3  -  MemoryUsage of job (MB)
	2612  -  ResidentSetSize of job (KB)
...
005 (2504805.033.000) 11/16 01:27:29 Job terminated.
	(1) Normal termination (return value 0)
		Usr 0 00:00:03, Sys 0 00:00:00  -  Run Remote Usage
		Usr 0 00:00:00, Sys 0 00:00:00  -  Run Local Usage
		Usr 0 00:00:03, Sys 0 00:00:00  -  Total Remote Usage
		Usr 0 00:00:00, Sys 0 00:00:00  -  Total Local Usage
	0  -  Run Bytes Sent By Job
	0  -  Run Bytes Received By Job
	0  -  Total Bytes Sent By Job
	0  -  Total Bytes Received By Job
	Partitionable Resources :    Usage  Request Allocated
	   Cpus                 :                 1         1
	   Disk (KB)            :        1        1  19562537
	   Memory (MB)          :        3        1      4033
...
