000 (2485819.067.000) 11/07 22:35:29 Job submitted from host: <192.168.1.109:9714>
...
001 (2485819.067.000) 11/07 22:35:46 Job executing on host: <192.168.1.43:9998>
...
006 (2485819.067.000) 11/07 22:35:56 Image size of job updated: 97664
	3  -  MemoryUsage of job (MB)
	2316  -  ResidentSetSize of job (KB)
...
006 (2485819.067.000) 11/07 22:40:56 Image size of job updated: 901156
	431  -  MemoryUsage of job (MB)
	441064  -  ResidentSetSize of job (KB)
...
006 (2485819.067.000) 11/07 22:45:56 Image size of job updated: 901156
	431  -  MemoryUsage of job (MB)
	441132  -  ResidentSetSize of job (KB)
...
006 (2485819.067.000) 11/07 22:50:57 Image size of job updated: 901156
	431  -  MemoryUsage of job (MB)
	441156  -  ResidentSetSize of job (KB)
...
006 (2485819.067.000) 11/07 22:55:58 Image size of job updated: 901156
	431  -  MemoryUsage of job (MB)
	441208  -  ResidentSetSize of job (KB)
...
006 (2485819.067.000) 11/07 23:00:58 Image size of job updated: 901156
	431  -  MemoryUsage of job (MB)
	441216  -  ResidentSetSize of job (KB)
...
006 (2485819.067.000) 11/07 23:05:59 Image size of job updated: 901156
	431  -  MemoryUsage of job (MB)
	441224  -  ResidentSetSize of job (KB)
...
005 (2485819.067.000) 11/07 23:06:05 Job terminated.
	(1) Normal termination (return value 0)
		Usr 0 00:18:59, Sys 0 00:01:15  -  Run Remote Usage
		Usr 0 00:00:00, Sys 0 00:00:00  -  Run Local Usage
		Usr 0 00:18:59, Sys 0 00:01:15  -  Total Remote Usage
		Usr 0 00:00:00, Sys 0 00:00:00  -  Total Local Usage
	0  -  Run Bytes Sent By Job
	0  -  Run Bytes Received By Job
	0  -  Total Bytes Sent By Job
	0  -  Total Bytes Received By Job
	Partitionable Resources :    Usage  Request Allocated
	   Cpus                 :                 1         1
	   Disk (KB)            :        1        1   2369087
	   Memory (MB)          :      431        1      4035
...
