000 (2491901.067.000) 11/08 20:40:15 Job submitted from host: <192.168.1.109:9714>
...
001 (2491901.067.000) 11/08 20:42:14 Job executing on host: <192.168.1.66:9620>
...
006 (2491901.067.000) 11/08 20:42:23 Image size of job updated: 24488
	3  -  MemoryUsage of job (MB)
	2692  -  ResidentSetSize of job (KB)
...
006 (2491901.067.000) 11/08 20:45:06 Image size of job updated: 2658284
	3  -  MemoryUsage of job (MB)
	2692  -  ResidentSetSize of job (KB)
...
005 (2491901.067.000) 11/08 20:45:06 Job terminated.
	(1) Normal termination (return value 1)
		Usr 0 00:01:18, Sys 0 00:00:03  -  Run Remote Usage
		Usr 0 00:00:00, Sys 0 00:00:00  -  Run Local Usage
		Usr 0 00:01:18, Sys 0 00:00:03  -  Total Remote Usage
		Usr 0 00:00:00, Sys 0 00:00:00  -  Total Local Usage
	0  -  Run Bytes Sent By Job
	0  -  Run Bytes Received By Job
	0  -  Total Bytes Sent By Job
	0  -  Total Bytes Received By Job
	Partitionable Resources :    Usage  Request Allocated
	   Cpus                 :                 1         1
	   Disk (KB)            :        1        1  19563774
	   Memory (MB)          :        3        1      4033
...
