000 (2497409.067.000) 11/09 15:27:51 Job submitted from host: <192.168.1.109:9714>
...
001 (2497409.067.000) 11/09 15:28:17 Job executing on host: <192.168.1.60:9618?addrs=192.168.1.60-9618+[--1]-9618&noUDP&sock=2263_1f51_3>
...
006 (2497409.067.000) 11/09 15:28:25 Image size of job updated: 1
	2  -  MemoryUsage of job (MB)
	1768  -  ResidentSetSize of job (KB)
...
006 (2497409.067.000) 11/09 15:33:25 Image size of job updated: 907664
	442  -  MemoryUsage of job (MB)
	452496  -  ResidentSetSize of job (KB)
...
006 (2497409.067.000) 11/09 15:38:25 Image size of job updated: 908540
	442  -  MemoryUsage of job (MB)
	452496  -  ResidentSetSize of job (KB)
...
006 (2497409.067.000) 11/09 15:48:26 Image size of job updated: 908952
	513  -  MemoryUsage of job (MB)
	524440  -  ResidentSetSize of job (KB)
...
006 (2497409.067.000) 11/09 15:53:26 Image size of job updated: 908952
	513  -  MemoryUsage of job (MB)
	524444  -  ResidentSetSize of job (KB)
...
006 (2497409.067.000) 11/09 16:13:29 Image size of job updated: 908952
	513  -  MemoryUsage of job (MB)
	524472  -  ResidentSetSize of job (KB)
...
006 (2497409.067.000) 11/09 16:23:30 Image size of job updated: 908952
	513  -  MemoryUsage of job (MB)
	524484  -  ResidentSetSize of job (KB)
...
005 (2497409.067.000) 11/09 16:42:16 Job terminated.
	(1) Normal termination (return value 0)
		Usr 0 00:46:16, Sys 0 00:02:40  -  Run Remote Usage
		Usr 0 00:00:00, Sys 0 00:00:00  -  Run Local Usage
		Usr 0 00:46:16, Sys 0 00:02:40  -  Total Remote Usage
		Usr 0 00:00:00, Sys 0 00:00:00  -  Total Local Usage
	0  -  Run Bytes Sent By Job
	0  -  Run Bytes Received By Job
	0  -  Total Bytes Sent By Job
	0  -  Total Bytes Received By Job
	Partitionable Resources :    Usage  Request Allocated
	   Cpus                 :                 1         1
	   Disk (KB)            :        1        1   1563310
	   Memory (MB)          :      513        1         1
...
