000 (2492235.068.000) 11/08 21:19:20 Job submitted from host: <192.168.1.109:9714>
...
001 (2492235.068.000) 11/08 21:19:39 Job executing on host: <192.168.1.46:9845>
...
006 (2492235.068.000) 11/08 21:19:48 Image size of job updated: 97664
	3  -  MemoryUsage of job (MB)
	2688  -  ResidentSetSize of job (KB)
...
006 (2492235.068.000) 11/08 21:24:49 Image size of job updated: 1055216
	431  -  MemoryUsage of job (MB)
	440520  -  ResidentSetSize of job (KB)
...
006 (2492235.068.000) 11/08 21:29:49 Image size of job updated: 1055216
	431  -  MemoryUsage of job (MB)
	441184  -  ResidentSetSize of job (KB)
...
006 (2492235.068.000) 11/08 21:34:49 Image size of job updated: 1055216
	431  -  MemoryUsage of job (MB)
	441296  -  ResidentSetSize of job (KB)
...
006 (2492235.068.000) 11/08 21:39:50 Image size of job updated: 1055216
	432  -  MemoryUsage of job (MB)
	441372  -  ResidentSetSize of job (KB)
...
006 (2492235.068.000) 11/08 21:44:50 Image size of job updated: 1055216
	432  -  MemoryUsage of job (MB)
	441380  -  ResidentSetSize of job (KB)
...
006 (2492235.068.000) 11/08 21:49:50 Image size of job updated: 1055216
	432  -  MemoryUsage of job (MB)
	441460  -  ResidentSetSize of job (KB)
...
006 (2492235.068.000) 11/08 21:54:51 Image size of job updated: 1055216
	432  -  MemoryUsage of job (MB)
	441488  -  ResidentSetSize of job (KB)
...
005 (2492235.068.000) 11/08 21:59:58 Job terminated.
	(1) Normal termination (return value 0)
		Usr 0 00:03:22, Sys 0 00:00:15  -  Run Remote Usage
		Usr 0 00:00:00, Sys 0 00:00:00  -  Run Local Usage
		Usr 0 00:03:22, Sys 0 00:00:15  -  Total Remote Usage
		Usr 0 00:00:00, Sys 0 00:00:00  -  Total Local Usage
	0  -  Run Bytes Sent By Job
	0  -  Run Bytes Received By Job
	0  -  Total Bytes Sent By Job
	0  -  Total Bytes Received By Job
	Partitionable Resources :    Usage  Request Allocated
	   Cpus                 :                 1         1
	   Disk (KB)            :        1        1   2371780
	   Memory (MB)          :      432        1      4035
...
