000 (2492274.056.000) 11/08 21:22:00 Job submitted from host: <192.168.1.109:9714>
...
001 (2492274.056.000) 11/08 21:22:46 Job executing on host: <192.168.1.42:9515>
...
006 (2492274.056.000) 11/08 21:22:55 Image size of job updated: 97668
	2  -  MemoryUsage of job (MB)
	1836  -  ResidentSetSize of job (KB)
...
006 (2492274.056.000) 11/08 21:27:56 Image size of job updated: 1055216
	510  -  MemoryUsage of job (MB)
	522008  -  ResidentSetSize of job (KB)
...
006 (2492274.056.000) 11/08 21:32:56 Image size of job updated: 1055216
	511  -  MemoryUsage of job (MB)
	522948  -  ResidentSetSize of job (KB)
...
006 (2492274.056.000) 11/08 21:37:57 Image size of job updated: 1055216
	511  -  MemoryUsage of job (MB)
	523120  -  ResidentSetSize of job (KB)
...
006 (2492274.056.000) 11/08 21:42:57 Image size of job updated: 1055216
	511  -  MemoryUsage of job (MB)
	523188  -  ResidentSetSize of job (KB)
...
006 (2492274.056.000) 11/08 21:47:58 Image size of job updated: 1055216
	511  -  MemoryUsage of job (MB)
	523236  -  ResidentSetSize of job (KB)
...
006 (2492274.056.000) 11/08 21:52:59 Image size of job updated: 1055216
	512  -  MemoryUsage of job (MB)
	523272  -  ResidentSetSize of job (KB)
...
005 (2492274.056.000) 11/08 21:53:04 Job terminated.
	(1) Normal termination (return value 0)
		Usr 0 00:03:54, Sys 0 00:00:14  -  Run Remote Usage
		Usr 0 00:00:00, Sys 0 00:00:00  -  Run Local Usage
		Usr 0 00:03:54, Sys 0 00:00:14  -  Total Remote Usage
		Usr 0 00:00:00, Sys 0 00:00:00  -  Total Local Usage
	0  -  Run Bytes Sent By Job
	0  -  Run Bytes Received By Job
	0  -  Total Bytes Sent By Job
	0  -  Total Bytes Received By Job
	Partitionable Resources :    Usage  Request Allocated
	   Cpus                 :                 1         1
	   Disk (KB)            :        1        1   2370616
	   Memory (MB)          :      512        1      4035
...
