000 (2493183.068.000) 11/09 00:44:14 Job submitted from host: <192.168.1.109:9714>
...
001 (2493183.068.000) 11/09 00:44:33 Job executing on host: <192.168.1.67:9583>
...
006 (2493183.068.000) 11/09 00:44:42 Image size of job updated: 1
	3  -  MemoryUsage of job (MB)
	2100  -  ResidentSetSize of job (KB)
...
006 (2493183.068.000) 11/09 00:49:43 Image size of job updated: 1049312
	496  -  MemoryUsage of job (MB)
	507408  -  ResidentSetSize of job (KB)
...
006 (2493183.068.000) 11/09 00:54:43 Image size of job updated: 1049312
	497  -  MemoryUsage of job (MB)
	508720  -  ResidentSetSize of job (KB)
...
006 (2493183.068.000) 11/09 00:59:43 Image size of job updated: 1049312
	498  -  MemoryUsage of job (MB)
	509372  -  ResidentSetSize of job (KB)
...
005 (2493183.068.000) 11/09 01:03:44 Job terminated.
	(1) Normal termination (return value 0)
		Usr 0 00:05:13, Sys 0 00:00:12  -  Run Remote Usage
		Usr 0 00:00:00, Sys 0 00:00:00  -  Run Local Usage
		Usr 0 00:05:13, Sys 0 00:00:12  -  Total Remote Usage
		Usr 0 00:00:00, Sys 0 00:00:00  -  Total Local Usage
	0  -  Run Bytes Sent By Job
	0  -  Run Bytes Received By Job
	0  -  Total Bytes Sent By Job
	0  -  Total Bytes Received By Job
	Partitionable Resources :    Usage  Request Allocated
	   Cpus                 :                 1         1
	   Disk (KB)            :        1        1  19563473
	   Memory (MB)          :      498        1      4033
...
