000 (2497152.056.000) 11/09 15:03:05 Job submitted from host: <192.168.1.109:9714>
...
001 (2497152.056.000) 11/09 15:03:14 Job executing on host: <192.168.1.42:9515>
...
006 (2497152.056.000) 11/09 15:03:23 Image size of job updated: 181560
	3  -  MemoryUsage of job (MB)
	2616  -  ResidentSetSize of job (KB)
...
006 (2497152.056.000) 11/09 15:03:39 Image size of job updated: 491016
	3  -  MemoryUsage of job (MB)
	2616  -  ResidentSetSize of job (KB)
...
005 (2497152.056.000) 11/09 15:03:39 Job terminated.
	(1) Normal termination (return value 0)
		Usr 0 00:00:08, Sys 0 00:00:00  -  Run Remote Usage
		Usr 0 00:00:00, Sys 0 00:00:00  -  Run Local Usage
		Usr 0 00:00:08, Sys 0 00:00:00  -  Total Remote Usage
		Usr 0 00:00:00, Sys 0 00:00:00  -  Total Local Usage
	0  -  Run Bytes Sent By Job
	0  -  Run Bytes Received By Job
	0  -  Total Bytes Sent By Job
	0  -  Total Bytes Received By Job
	Partitionable Resources :    Usage  Request Allocated
	   Cpus                 :                 1         1
	   Disk (KB)            :        1        1   2371329
	   Memory (MB)          :        3        1      4035
...
