000 (2492274.012.000) 11/08 21:21:58 Job submitted from host: <192.168.1.109:9714>
...
001 (2492274.012.000) 11/08 21:23:03 Job executing on host: <192.168.1.47:9634>
...
006 (2492274.012.000) 11/08 21:23:11 Image size of job updated: 440612
	120  -  MemoryUsage of job (MB)
	122620  -  ResidentSetSize of job (KB)
...
006 (2492274.012.000) 11/08 21:28:11 Image size of job updated: 1075004
	525  -  MemoryUsage of job (MB)
	536768  -  ResidentSetSize of job (KB)
...
006 (2492274.012.000) 11/08 21:33:12 Image size of job updated: 1075004
	528  -  MemoryUsage of job (MB)
	540476  -  ResidentSetSize of job (KB)
...
006 (2492274.012.000) 11/08 21:38:13 Image size of job updated: 1075004
	529  -  MemoryUsage of job (MB)
	540896  -  ResidentSetSize of job (KB)
...
006 (2492274.012.000) 11/08 21:43:13 Image size of job updated: 1075004
	529  -  MemoryUsage of job (MB)
	541020  -  ResidentSetSize of job (KB)
...
006 (2492274.012.000) 11/08 21:48:14 Image size of job updated: 1075004
	529  -  MemoryUsage of job (MB)
	541692  -  ResidentSetSize of job (KB)
...
006 (2492274.012.000) 11/08 21:53:15 Image size of job updated: 1075004
	531  -  MemoryUsage of job (MB)
	543268  -  ResidentSetSize of job (KB)
...
006 (2492274.012.000) 11/08 21:58:15 Image size of job updated: 1075004
	531  -  MemoryUsage of job (MB)
	543460  -  ResidentSetSize of job (KB)
...
006 (2492274.012.000) 11/08 22:03:16 Image size of job updated: 1075004
	531  -  MemoryUsage of job (MB)
	543540  -  ResidentSetSize of job (KB)
...
006 (2492274.012.000) 11/08 22:08:17 Image size of job updated: 1075004
	531  -  MemoryUsage of job (MB)
	543560  -  ResidentSetSize of job (KB)
...
006 (2492274.012.000) 11/08 22:13:17 Image size of job updated: 1075004
	531  -  MemoryUsage of job (MB)
	543568  -  ResidentSetSize of job (KB)
...
006 (2492274.012.000) 11/08 22:18:17 Image size of job updated: 1075004
	531  -  MemoryUsage of job (MB)
	543636  -  ResidentSetSize of job (KB)
...
006 (2492274.012.000) 11/08 22:23:17 Image size of job updated: 1075004
	532  -  MemoryUsage of job (MB)
	543808  -  ResidentSetSize of job (KB)
...
005 (2492274.012.000) 11/08 22:25:16 Job terminated.
	(1) Normal termination (return value 0)
		Usr 0 00:10:03, Sys 0 00:00:42  -  Run Remote Usage
		Usr 0 00:00:00, Sys 0 00:00:00  -  Run Local Usage
		Usr 0 00:10:03, Sys 0 00:00:42  -  Total Remote Usage
		Usr 0 00:00:00, Sys 0 00:00:00  -  Total Local Usage
	0  -  Run Bytes Sent By Job
	0  -  Run Bytes Received By Job
	0  -  Total Bytes Sent By Job
	0  -  Total Bytes Received By Job
	Partitionable Resources :    Usage  Request Allocated
	   Cpus                 :                 1         1
	   Disk (KB)            :        1        1  28380889
	   Memory (MB)          :      532        1      4033
...
