000 (2492953.024.000) 11/08 23:57:37 Job submitted from host: <192.168.1.109:9714>
...
001 (2492953.024.000) 11/08 23:58:06 Job executing on host: <192.168.1.51:9694>
...
006 (2492953.024.000) 11/08 23:58:15 Image size of job updated: 432592
	76  -  MemoryUsage of job (MB)
	77620  -  ResidentSetSize of job (KB)
...
006 (2492953.024.000) 11/08 23:58:17 Image size of job updated: 443776
	76  -  MemoryUsage of job (MB)
	77620  -  ResidentSetSize of job (KB)
...
005 (2492953.024.000) 11/08 23:58:18 Job terminated.
	(1) Normal termination (return value 6)
		Usr 0 00:00:04, Sys 0 00:00:02  -  Run Remote Usage
		Usr 0 00:00:00, Sys 0 00:00:00  -  Run Local Usage
		Usr 0 00:00:04, Sys 0 00:00:02  -  Total Remote Usage
		Usr 0 00:00:00, Sys 0 00:00:00  -  Total Local Usage
	0  -  Run Bytes Sent By Job
	0  -  Run Bytes Received By Job
	0  -  Total Bytes Sent By Job
	0  -  Total Bytes Received By Job
	Partitionable Resources :    Usage  Request Allocated
	   Cpus                 :                 1         1
	   Disk (KB)            :        1        1  28379669
	   Memory (MB)          :       76        1      4033
...
