000 (2492235.024.000) 11/08 21:19:19 Job submitted from host: <192.168.1.109:9714>
...
001 (2492235.024.000) 11/08 21:19:37 Job executing on host: <192.168.1.46:9845>
...
006 (2492235.024.000) 11/08 21:19:48 Image size of job updated: 97664
	3  -  MemoryUsage of job (MB)
	2620  -  ResidentSetSize of job (KB)
...
006 (2492235.024.000) 11/08 21:24:50 Image size of job updated: 1075008
	445  -  MemoryUsage of job (MB)
	455040  -  ResidentSetSize of job (KB)
...
006 (2492235.024.000) 11/08 21:29:50 Image size of job updated: 1075008
	448  -  MemoryUsage of job (MB)
	458052  -  ResidentSetSize of job (KB)
...
006 (2492235.024.000) 11/08 21:34:51 Image size of job updated: 1075008
	448  -  MemoryUsage of job (MB)
	458472  -  ResidentSetSize of job (KB)
...
006 (2492235.024.000) 11/08 21:39:51 Image size of job updated: 1075008
	448  -  MemoryUsage of job (MB)
	458552  -  ResidentSetSize of job (KB)
...
006 (2492235.024.000) 11/08 21:44:52 Image size of job updated: 1075008
	448  -  MemoryUsage of job (MB)
	458608  -  ResidentSetSize of job (KB)
...
006 (2492235.024.000) 11/08 21:49:53 Image size of job updated: 1075008
	449  -  MemoryUsage of job (MB)
	459140  -  ResidentSetSize of job (KB)
...
006 (2492235.024.000) 11/08 21:54:53 Image size of job updated: 1075008
	449  -  MemoryUsage of job (MB)
	459336  -  ResidentSetSize of job (KB)
...
006 (2492235.024.000) 11/08 21:59:54 Image size of job updated: 1075008
	451  -  MemoryUsage of job (MB)
	460912  -  ResidentSetSize of job (KB)
...
006 (2492235.024.000) 11/08 22:04:55 Image size of job updated: 1075008
	451  -  MemoryUsage of job (MB)
	461068  -  ResidentSetSize of job (KB)
...
006 (2492235.024.000) 11/08 22:09:55 Image size of job updated: 1075008
	451  -  MemoryUsage of job (MB)
	461144  -  ResidentSetSize of job (KB)
...
006 (2492235.024.000) 11/08 22:14:56 Image size of job updated: 1075008
	451  -  MemoryUsage of job (MB)
	461364  -  ResidentSetSize of job (KB)
...
006 (2492235.024.000) 11/08 22:19:57 Image size of job updated: 1075008
	451  -  MemoryUsage of job (MB)
	461372  -  ResidentSetSize of job (KB)
...
006 (2492235.024.000) 11/08 22:24:57 Image size of job updated: 1075008
	451  -  MemoryUsage of job (MB)
	461416  -  ResidentSetSize of job (KB)
...
006 (2492235.024.000) 11/08 22:29:57 Image size of job updated: 1075008
	451  -  MemoryUsage of job (MB)
	461428  -  ResidentSetSize of job (KB)
...
006 (2492235.024.000) 11/08 22:34:58 Image size of job updated: 1075008
	451  -  MemoryUsage of job (MB)
	461448  -  ResidentSetSize of job (KB)
...
005 (2492235.024.000) 11/08 22:38:47 Job terminated.
	(1) Normal termination (return value 0)
		Usr 0 00:10:53, Sys 0 00:00:52  -  Run Remote Usage
		Usr 0 00:00:00, Sys 0 00:00:00  -  Run Local Usage
		Usr 0 00:10:53, Sys 0 00:00:52  -  Total Remote Usage
		Usr 0 00:00:00, Sys 0 00:00:00  -  Total Local Usage
	0  -  Run Bytes Sent By Job
	0  -  Run Bytes Received By Job
	0  -  Total Bytes Sent By Job
	0  -  Total Bytes Received By Job
	Partitionable Resources :    Usage  Request Allocated
	   Cpus                 :                 1         1
	   Disk (KB)            :        1        1   2371780
	   Memory (MB)          :      451        1      4035
...
