000 (2504800.012.000) 11/16 00:22:23 Job submitted from host: <192.168.1.109:9714>
...
001 (2504800.012.000) 11/16 00:22:31 Job executing on host: <192.168.1.66:9620>
...
006 (2504800.012.000) 11/16 00:22:40 Image size of job updated: 399984
	67  -  MemoryUsage of job (MB)
	68028  -  ResidentSetSize of job (KB)
...
006 (2504800.012.000) 11/16 00:22:49 Image size of job updated: 476336
	67  -  MemoryUsage of job (MB)
	68028  -  ResidentSetSize of job (KB)
...
005 (2504800.012.000) 11/16 00:22:50 Job terminated.
	(1) Normal termination (return value 0)
		Usr 0 00:00:11, Sys 0 00:00:00  -  Run Remote Usage
		Usr 0 00:00:00, Sys 0 00:00:00  -  Run Local Usage
		Usr 0 00:00:11, Sys 0 00:00:00  -  Total Remote Usage
		Usr 0 00:00:00, Sys 0 00:00:00  -  Total Local Usage
	0  -  Run Bytes Sent By Job
	0  -  Run Bytes Received By Job
	0  -  Total Bytes Sent By Job
	0  -  Total Bytes Received By Job
	Partitionable Resources :    Usage  Request Allocated
	   Cpus                 :                 1         1
	   Disk (KB)            :        1        1  19562388
	   Memory (MB)          :       67        1      4033
...
