000 (2511949.099.000) 11/17 23:24:51 Job submitted from host: <192.168.1.109:9714>
...
001 (2511949.099.000) 11/17 23:31:04 Job executing on host: <192.168.1.43:9998>
...
006 (2511949.099.000) 11/17 23:31:12 Image size of job updated: 442436
	125  -  MemoryUsage of job (MB)
	127188  -  ResidentSetSize of job (KB)
...
005 (2511949.099.000) 11/17 23:31:14 Job terminated.
	(1) Normal termination (return value 0)
		Usr 0 00:00:03, Sys 0 00:00:00  -  Run Remote Usage
		Usr 0 00:00:00, Sys 0 00:00:00  -  Run Local Usage
		Usr 0 00:00:03, Sys 0 00:00:00  -  Total Remote Usage
		Usr 0 00:00:00, Sys 0 00:00:00  -  Total Local Usage
	0  -  Run Bytes Sent By Job
	0  -  Run Bytes Received By Job
	0  -  Total Bytes Sent By Job
	0  -  Total Bytes Received By Job
	Partitionable Resources :    Usage  Request Allocated
	   Cpus                 :                 1         1
	   Disk (KB)            :        1        1   2369219
	   Memory (MB)          :      125        1      4035
...
