000 (2526458.099.000) 11/21 12:05:34 Job submitted from host: <192.168.1.109:9714>
...
001 (2526458.099.000) 11/21 12:05:44 Job executing on host: <192.168.1.51:9694>
...
006 (2526458.099.000) 11/21 12:05:53 Image size of job updated: 181644
	3  -  MemoryUsage of job (MB)
	2700  -  ResidentSetSize of job (KB)
...
006 (2526458.099.000) 11/21 12:06:23 Image size of job updated: 439460
	3  -  MemoryUsage of job (MB)
	2700  -  ResidentSetSize of job (KB)
...
005 (2526458.099.000) 11/21 12:06:23 Job terminated.
	(1) Normal termination (return value 0)
		Usr 0 00:00:03, Sys 0 00:00:00  -  Run Remote Usage
		Usr 0 00:00:00, Sys 0 00:00:00  -  Run Local Usage
		Usr 0 00:00:03, Sys 0 00:00:00  -  Total Remote Usage
		Usr 0 00:00:00, Sys 0 00:00:00  -  Total Local Usage
	0  -  Run Bytes Sent By Job
	0  -  Run Bytes Received By Job
	0  -  Total Bytes Sent By Job
	0  -  Total Bytes Received By Job
	Partitionable Resources :    Usage  Request Allocated
	   Cpus                 :                 1         1
	   Disk (KB)            :        1        1  28380381
	   Memory (MB)          :        3        1      4033
...
