000 (2485756.005.000) 11/07 21:19:43 Job submitted from host: <192.168.1.109:9714>
...
001 (2485756.005.000) 11/07 21:20:37 Job executing on host: <192.168.1.43:9998>
...
006 (2485756.005.000) 11/07 21:20:46 Image size of job updated: 336764
	30  -  MemoryUsage of job (MB)
	30396  -  ResidentSetSize of job (KB)
...
006 (2485756.005.000) 11/07 21:20:46 Image size of job updated: 481624
	30  -  MemoryUsage of job (MB)
	30396  -  ResidentSetSize of job (KB)
...
005 (2485756.005.000) 11/07 21:20:46 Job terminated.
	(1) Normal termination (return value 0)
		Usr 0 00:00:06, Sys 0 00:00:00  -  Run Remote Usage
		Usr 0 00:00:00, Sys 0 00:00:00  -  Run Local Usage
		Usr 0 00:00:06, Sys 0 00:00:00  -  Total Remote Usage
		Usr 0 00:00:00, Sys 0 00:00:00  -  Total Local Usage
	0  -  Run Bytes Sent By Job
	0  -  Run Bytes Received By Job
	0  -  Total Bytes Sent By Job
	0  -  Total Bytes Received By Job
	Partitionable Resources :    Usage  Request Allocated
	   Cpus                 :                 1         1
	   Disk (KB)            :        1        1   2365555
	   Memory (MB)          :       30        1      4035
...
