000 (2485823.152.000) 11/07 23:48:31 Job submitted from host: <192.168.1.109:9714>
...
001 (2485823.152.000) 11/07 23:48:45 Job executing on host: <192.168.1.51:9694>
...
006 (2485823.152.000) 11/07 23:48:54 Image size of job updated: 386628
	73  -  MemoryUsage of job (MB)
	73968  -  ResidentSetSize of job (KB)
...
006 (2485823.152.000) 11/07 23:53:56 Image size of job updated: 926264
	453  -  MemoryUsage of job (MB)
	463108  -  ResidentSetSize of job (KB)
...
006 (2485823.152.000) 11/07 23:58:56 Image size of job updated: 926264
	453  -  MemoryUsage of job (MB)
	463720  -  ResidentSetSize of job (KB)
...
006 (2485823.152.000) 11/08 00:03:56 Image size of job updated: 926264
	454  -  MemoryUsage of job (MB)
	463884  -  ResidentSetSize of job (KB)
...
006 (2485823.152.000) 11/08 00:08:57 Image size of job updated: 926264
	454  -  MemoryUsage of job (MB)
	463956  -  ResidentSetSize of job (KB)
...
006 (2485823.152.000) 11/08 00:18:58 Image size of job updated: 926264
	454  -  MemoryUsage of job (MB)
	464084  -  ResidentSetSize of job (KB)
...
006 (2485823.152.000) 11/08 00:23:59 Image size of job updated: 926264
	454  -  MemoryUsage of job (MB)
	464092  -  ResidentSetSize of job (KB)
...
006 (2485823.152.000) 11/08 00:29:00 Image size of job updated: 926264
	454  -  MemoryUsage of job (MB)
	464100  -  ResidentSetSize of job (KB)
...
006 (2485823.152.000) 11/08 00:34:00 Image size of job updated: 926264
	454  -  MemoryUsage of job (MB)
	464208  -  ResidentSetSize of job (KB)
...
006 (2485823.152.000) 11/08 00:39:00 Image size of job updated: 926264
	454  -  MemoryUsage of job (MB)
	464308  -  ResidentSetSize of job (KB)
...
006 (2485823.152.000) 11/08 00:44:01 Image size of job updated: 926264
	454  -  MemoryUsage of job (MB)
	464352  -  ResidentSetSize of job (KB)
...
006 (2485823.152.000) 11/08 00:49:01 Image size of job updated: 926264
	454  -  MemoryUsage of job (MB)
	464484  -  ResidentSetSize of job (KB)
...
006 (2485823.152.000) 11/08 00:54:01 Image size of job updated: 926264
	454  -  MemoryUsage of job (MB)
	464504  -  ResidentSetSize of job (KB)
...
006 (2485823.152.000) 11/08 00:59:02 Image size of job updated: 926264
	454  -  MemoryUsage of job (MB)
	464656  -  ResidentSetSize of job (KB)
...
006 (2485823.152.000) 11/08 01:04:02 Image size of job updated: 926264
	454  -  MemoryUsage of job (MB)
	464708  -  ResidentSetSize of job (KB)
...
006 (2485823.152.000) 11/08 01:09:02 Image size of job updated: 926264
	454  -  MemoryUsage of job (MB)
	464840  -  ResidentSetSize of job (KB)
...
006 (2485823.152.000) 11/08 01:14:03 Image size of job updated: 926264
	455  -  MemoryUsage of job (MB)
	465020  -  ResidentSetSize of job (KB)
...
006 (2485823.152.000) 11/08 01:19:04 Image size of job updated: 926264
	455  -  MemoryUsage of job (MB)
	465032  -  ResidentSetSize of job (KB)
...
006 (2485823.152.000) 11/08 01:24:04 Image size of job updated: 926264
	510  -  MemoryUsage of job (MB)
	521280  -  ResidentSetSize of job (KB)
...
006 (2485823.152.000) 11/08 01:29:05 Image size of job updated: 926264
	544  -  MemoryUsage of job (MB)
	556704  -  ResidentSetSize of job (KB)
...
006 (2485823.152.000) 11/08 01:34:06 Image size of job updated: 926264
	544  -  MemoryUsage of job (MB)
	556864  -  ResidentSetSize of job (KB)
...
006 (2485823.152.000) 11/08 01:39:06 Image size of job updated: 926264
	545  -  MemoryUsage of job (MB)
	557068  -  ResidentSetSize of job (KB)
...
006 (2485823.152.000) 11/08 01:44:06 Image size of job updated: 926264
	545  -  MemoryUsage of job (MB)
	557156  -  ResidentSetSize of job (KB)
...
006 (2485823.152.000) 11/08 01:49:07 Image size of job updated: 926264
	545  -  MemoryUsage of job (MB)
	557412  -  ResidentSetSize of job (KB)
...
006 (2485823.152.000) 11/08 01:54:07 Image size of job updated: 926264
	545  -  MemoryUsage of job (MB)
	557588  -  ResidentSetSize of job (KB)
...
005 (2485823.152.000) 11/08 01:56:23 Job terminated.
	(1) Normal termination (return value 0)
		Usr 0 00:23:23, Sys 0 00:01:33  -  Run Remote Usage
		Usr 0 00:00:00, Sys 0 00:00:00  -  Run Local Usage
		Usr 0 00:23:23, Sys 0 00:01:33  -  Total Remote Usage
		Usr 0 00:00:00, Sys 0 00:00:00  -  Total Local Usage
	0  -  Run Bytes Sent By Job
	0  -  Run Bytes Received By Job
	0  -  Total Bytes Sent By Job
	0  -  Total Bytes Received By Job
	Partitionable Resources :    Usage  Request Allocated
	   Cpus                 :                 1         1
	   Disk (KB)            :        1        1  28372511
	   Memory (MB)          :      545        1      4033
...
