000 (2497410.152.000) 11/09 15:33:48 Job submitted from host: <192.168.1.109:9714>
...
001 (2497410.152.000) 11/09 15:34:16 Job executing on host: <192.168.1.50:9434>
...
006 (2497410.152.000) 11/09 15:34:25 Image size of job updated: 456696
	142  -  MemoryUsage of job (MB)
	144832  -  ResidentSetSize of job (KB)
...
006 (2497410.152.000) 11/09 15:39:26 Image size of job updated: 974256
	468  -  MemoryUsage of job (MB)
	478628  -  ResidentSetSize of job (KB)
...
006 (2497410.152.000) 11/09 15:44:26 Image size of job updated: 974256
	468  -  MemoryUsage of job (MB)
	478680  -  ResidentSetSize of job (KB)
...
006 (2497410.152.000) 11/09 15:49:27 Image size of job updated: 974256
	468  -  MemoryUsage of job (MB)
	478876  -  ResidentSetSize of job (KB)
...
006 (2497410.152.000) 11/09 15:54:28 Image size of job updated: 974256
	468  -  MemoryUsage of job (MB)
	478968  -  ResidentSetSize of job (KB)
...
006 (2497410.152.000) 11/09 15:59:28 Image size of job updated: 974256
	468  -  MemoryUsage of job (MB)
	479164  -  ResidentSetSize of job (KB)
...
006 (2497410.152.000) 11/09 16:04:28 Image size of job updated: 974256
	469  -  MemoryUsage of job (MB)
	479524  -  ResidentSetSize of job (KB)
...
006 (2497410.152.000) 11/09 16:09:30 Image size of job updated: 974256
	562  -  MemoryUsage of job (MB)
	575408  -  ResidentSetSize of job (KB)
...
006 (2497410.152.000) 11/09 16:14:30 Image size of job updated: 974256
	563  -  MemoryUsage of job (MB)
	575640  -  ResidentSetSize of job (KB)
...
006 (2497410.152.000) 11/09 16:19:30 Image size of job updated: 974256
	563  -  MemoryUsage of job (MB)
	575968  -  ResidentSetSize of job (KB)
...
006 (2497410.152.000) 11/09 16:24:31 Image size of job updated: 974256
	564  -  MemoryUsage of job (MB)
	576824  -  ResidentSetSize of job (KB)
...
006 (2497410.152.000) 11/09 16:29:32 Image size of job updated: 974256
	564  -  MemoryUsage of job (MB)
	577100  -  ResidentSetSize of job (KB)
...
006 (2497410.152.000) 11/09 16:34:32 Image size of job updated: 974256
	564  -  MemoryUsage of job (MB)
	577168  -  ResidentSetSize of job (KB)
...
006 (2497410.152.000) 11/09 16:39:33 Image size of job updated: 974256
	564  -  MemoryUsage of job (MB)
	577320  -  ResidentSetSize of job (KB)
...
005 (2497410.152.000) 11/09 16:41:07 Job terminated.
	(1) Normal termination (return value 0)
		Usr 0 00:21:06, Sys 0 00:01:06  -  Run Remote Usage
		Usr 0 00:00:00, Sys 0 00:00:00  -  Run Local Usage
		Usr 0 00:21:06, Sys 0 00:01:06  -  Total Remote Usage
		Usr 0 00:00:00, Sys 0 00:00:00  -  Total Local Usage
	0  -  Run Bytes Sent By Job
	0  -  Run Bytes Received By Job
	0  -  Total Bytes Sent By Job
	0  -  Total Bytes Received By Job
	Partitionable Resources :    Usage  Request Allocated
	   Cpus                 :                 1         1
	   Disk (KB)            :        1        1  28380208
	   Memory (MB)          :      564        1      4033
...
