000 (2464979.061.000) 11/02 16:50:21 Job submitted from host: <192.168.1.109:9308>
...
001 (2464979.061.000) 11/02 16:50:37 Job executing on host: <192.168.1.63:9891>
...
006 (2464979.061.000) 11/02 16:50:46 Image size of job updated: 76996
	13  -  MemoryUsage of job (MB)
	13296  -  ResidentSetSize of job (KB)
...
006 (2464979.061.000) 11/02 16:50:58 Image size of job updated: 491192
	13  -  MemoryUsage of job (MB)
	13296  -  ResidentSetSize of job (KB)
...
005 (2464979.061.000) 11/02 16:50:59 Job terminated.
	(1) Normal termination (return value 0)
		Usr 0 00:00:11, Sys 0 00:00:00  -  Run Remote Usage
		Usr 0 00:00:00, Sys 0 00:00:00  -  Run Local Usage
		Usr 0 00:00:11, Sys 0 00:00:00  -  Total Remote Usage
		Usr 0 00:00:00, Sys 0 00:00:00  -  Total Local Usage
	0  -  Run Bytes Sent By Job
	0  -  Run Bytes Received By Job
	0  -  Total Bytes Sent By Job
	0  -  Total Bytes Received By Job
	Partitionable Resources :    Usage  Request Allocated
	   Cpus                 :                 1         1
	   Disk (KB)            :        1        1  19562969
	   Memory (MB)          :       13        1      4033
...
