000 (2491851.018.000) 11/08 20:36:46 Job submitted from host: <192.168.1.109:9714>
...
001 (2491851.018.000) 11/08 20:37:13 Job executing on host: <192.168.1.45:9392>
...
006 (2491851.018.000) 11/08 20:37:21 Image size of job updated: 386548
	64  -  MemoryUsage of job (MB)
	65008  -  ResidentSetSize of job (KB)
...
006 (2491851.018.000) 11/08 20:42:21 Image size of job updated: 1020220
	486  -  MemoryUsage of job (MB)
	496892  -  ResidentSetSize of job (KB)
...
006 (2491851.018.000) 11/08 20:52:23 Image size of job updated: 1020220
	541  -  MemoryUsage of job (MB)
	553808  -  ResidentSetSize of job (KB)
...
006 (2491851.018.000) 11/08 20:57:23 Image size of job updated: 1020220
	542  -  MemoryUsage of job (MB)
	554112  -  ResidentSetSize of job (KB)
...
005 (2491851.018.000) 11/08 20:59:07 Job terminated.
	(1) Normal termination (return value 0)
		Usr 0 00:06:08, Sys 0 00:00:22  -  Run Remote Usage
		Usr 0 00:00:00, Sys 0 00:00:00  -  Run Local Usage
		Usr 0 00:06:08, Sys 0 00:00:22  -  Total Remote Usage
		Usr 0 00:00:00, Sys 0 00:00:00  -  Total Local Usage
	0  -  Run Bytes Sent By Job
	0  -  Run Bytes Received By Job
	0  -  Total Bytes Sent By Job
	0  -  Total Bytes Received By Job
	Partitionable Resources :    Usage  Request Allocated
	   Cpus                 :                 1         1
	   Disk (KB)            :        1        1   2370399
	   Memory (MB)          :      542        1      4035
...
