000 (2497410.018.000) 11/09 15:33:46 Job submitted from host: <192.168.1.109:9714>
...
001 (2497410.018.000) 11/09 15:34:09 Job executing on host: <192.168.1.68:9996>
...
006 (2497410.018.000) 11/09 15:34:17 Image size of job updated: 341260
	52  -  MemoryUsage of job (MB)
	52848  -  ResidentSetSize of job (KB)
...
006 (2497410.018.000) 11/09 15:39:17 Image size of job updated: 972924
	454  -  MemoryUsage of job (MB)
	464668  -  ResidentSetSize of job (KB)
...
006 (2497410.018.000) 11/09 15:44:18 Image size of job updated: 972924
	564  -  MemoryUsage of job (MB)
	577088  -  ResidentSetSize of job (KB)
...
006 (2497410.018.000) 11/09 15:49:19 Image size of job updated: 972924
	596  -  MemoryUsage of job (MB)
	609528  -  ResidentSetSize of job (KB)
...
006 (2497410.018.000) 11/09 15:54:19 Image size of job updated: 972924
	596  -  MemoryUsage of job (MB)
	609964  -  ResidentSetSize of job (KB)
...
006 (2497410.018.000) 11/09 15:59:20 Image size of job updated: 972924
	596  -  MemoryUsage of job (MB)
	610044  -  ResidentSetSize of job (KB)
...
005 (2497410.018.000) 11/09 16:03:07 Job terminated.
	(1) Normal termination (return value 0)
		Usr 0 00:10:29, Sys 0 00:00:28  -  Run Remote Usage
		Usr 0 00:00:00, Sys 0 00:00:00  -  Run Local Usage
		Usr 0 00:10:29, Sys 0 00:00:28  -  Total Remote Usage
		Usr 0 00:00:00, Sys 0 00:00:00  -  Total Local Usage
	0  -  Run Bytes Sent By Job
	0  -  Run Bytes Received By Job
	0  -  Total Bytes Sent By Job
	0  -  Total Bytes Received By Job
	Partitionable Resources :    Usage  Request Allocated
	   Cpus                 :                 1         1
	   Disk (KB)            :        1        1  20251418
	   Memory (MB)          :      596        1      4038
...
