000 (2504797.012.000) 11/15 23:49:55 Job submitted from host: <192.168.1.109:9714>
...
001 (2504797.012.000) 11/15 23:50:14 Job executing on host: <192.168.1.46:9845>
...
006 (2504797.012.000) 11/15 23:50:22 Image size of job updated: 97660
	2  -  MemoryUsage of job (MB)
	1408  -  ResidentSetSize of job (KB)
...
006 (2504797.012.000) 11/15 23:52:26 Image size of job updated: 932492
	437  -  MemoryUsage of job (MB)
	446864  -  ResidentSetSize of job (KB)
...
004 (2504797.012.000) 11/15 23:52:26 Job was evicted.
	(0) Job was not checkpointed.
		Usr 0 00:00:55, Sys 0 00:00:04  -  Run Remote Usage
		Usr 0 00:00:00, Sys 0 00:00:00  -  Run Local Usage
	0  -  Run Bytes Sent By Job
	0  -  Run Bytes Received By Job
	Partitionable Resources :    Usage  Request Allocated
	   Cpus                 :                 1         1
	   Disk (KB)            :        1        1   2372064
	   Memory (MB)          :      437        1      4035
...
009 (2504797.012.000) 11/15 23:52:26 Job was aborted by the user.
	via condor_rm (by user mchristos)
...
