000 (2492645.081.000) 11/08 22:48:12 Job submitted from host: <192.168.1.109:9714>
...
001 (2492645.081.000) 11/08 22:48:33 Job executing on host: <192.168.1.42:9515>
...
006 (2492645.081.000) 11/08 22:48:42 Image size of job updated: 401612
	75  -  MemoryUsage of job (MB)
	76252  -  ResidentSetSize of job (KB)
...
006 (2492645.081.000) 11/08 22:48:47 Image size of job updated: 490556
	75  -  MemoryUsage of job (MB)
	76252  -  ResidentSetSize of job (KB)
...
005 (2492645.081.000) 11/08 22:48:47 Job terminated.
	(1) Normal termination (return value 0)
		Usr 0 00:00:07, Sys 0 00:00:00  -  Run Remote Usage
		Usr 0 00:00:00, Sys 0 00:00:00  -  Run Local Usage
		Usr 0 00:00:07, Sys 0 00:00:00  -  Total Remote Usage
		Usr 0 00:00:00, Sys 0 00:00:00  -  Total Local Usage
	0  -  Run Bytes Sent By Job
	0  -  Run Bytes Received By Job
	0  -  Total Bytes Sent By Job
	0  -  Total Bytes Received By Job
	Partitionable Resources :    Usage  Request Allocated
	   Cpus                 :                 1         1
	   Disk (KB)            :        1        1   2369995
	   Memory (MB)          :       75        1      4035
...
