000 (2493183.069.000) 11/09 00:44:14 Job submitted from host: <192.168.1.109:9714>
...
001 (2493183.069.000) 11/09 00:44:24 Job executing on host: <192.168.1.48:9634>
...
006 (2493183.069.000) 11/09 00:44:32 Image size of job updated: 24488
	3  -  MemoryUsage of job (MB)
	2692  -  ResidentSetSize of job (KB)
...
006 (2493183.069.000) 11/09 00:49:32 Image size of job updated: 1057784
	503  -  MemoryUsage of job (MB)
	514572  -  ResidentSetSize of job (KB)
...
006 (2493183.069.000) 11/09 00:54:33 Image size of job updated: 1057784
	504  -  MemoryUsage of job (MB)
	515104  -  ResidentSetSize of job (KB)
...
005 (2493183.069.000) 11/09 00:58:29 Job terminated.
	(1) Normal termination (return value 0)
		Usr 0 00:02:54, Sys 0 00:00:10  -  Run Remote Usage
		Usr 0 00:00:00, Sys 0 00:00:00  -  Run Local Usage
		Usr 0 00:02:54, Sys 0 00:00:10  -  Total Remote Usage
		Usr 0 00:00:00, Sys 0 00:00:00  -  Total Local Usage
	0  -  Run Bytes Sent By Job
	0  -  Run Bytes Received By Job
	0  -  Total Bytes Sent By Job
	0  -  Total Bytes Received By Job
	Partitionable Resources :    Usage  Request Allocated
	   Cpus                 :                 1         1
	   Disk (KB)            :        1        1  28379791
	   Memory (MB)          :      504        1      4033
...
