000 (2506671.069.000) 11/17 00:32:25 Job submitted from host: <192.168.1.109:9714>
...
001 (2506671.069.000) 11/17 00:32:36 Job executing on host: <192.168.1.66:9620>
...
006 (2506671.069.000) 11/17 00:32:44 Image size of job updated: 94292
	3  -  MemoryUsage of job (MB)
	2620  -  ResidentSetSize of job (KB)
...
005 (2506671.069.000) 11/17 00:32:54 Job terminated.
	(1) Normal termination (return value 0)
		Usr 0 00:00:00, Sys 0 00:00:00  -  Run Remote Usage
		Usr 0 00:00:00, Sys 0 00:00:00  -  Run Local Usage
		Usr 0 00:00:00, Sys 0 00:00:00  -  Total Remote Usage
		Usr 0 00:00:00, Sys 0 00:00:00  -  Total Local Usage
	0  -  Run Bytes Sent By Job
	0  -  Run Bytes Received By Job
	0  -  Total Bytes Sent By Job
	0  -  Total Bytes Received By Job
	Partitionable Resources :    Usage  Request Allocated
	   Cpus                 :                 1         1
	   Disk (KB)            :        1        1  19562659
	   Memory (MB)          :        3        1      4033
...
