000 (2506672.057.000) 11/17 00:35:27 Job submitted from host: <192.168.1.109:9714>
...
001 (2506672.057.000) 11/17 00:35:47 Job executing on host: <192.168.1.64:9697>
...
006 (2506672.057.000) 11/17 00:35:56 Image size of job updated: 443164
	130  -  MemoryUsage of job (MB)
	132912  -  ResidentSetSize of job (KB)
...
005 (2506672.057.000) 11/17 00:36:00 Job terminated.
	(1) Normal termination (return value 0)
		Usr 0 00:00:03, Sys 0 00:00:00  -  Run Remote Usage
		Usr 0 00:00:00, Sys 0 00:00:00  -  Run Local Usage
		Usr 0 00:00:03, Sys 0 00:00:00  -  Total Remote Usage
		Usr 0 00:00:00, Sys 0 00:00:00  -  Total Local Usage
	0  -  Run Bytes Sent By Job
	0  -  Run Bytes Received By Job
	0  -  Total Bytes Sent By Job
	0  -  Total Bytes Received By Job
	Partitionable Resources :    Usage  Request Allocated
	   Cpus                 :                 1         1
	   Disk (KB)            :        1        1  19564821
	   Memory (MB)          :      130        1      4033
...
