000 (2491133.063.000) 11/08 19:40:19 Job submitted from host: <192.168.1.109:9714>
...
001 (2491133.063.000) 11/08 19:40:54 Job executing on host: <192.168.1.43:9998>
...
006 (2491133.063.000) 11/08 19:41:02 Image size of job updated: 342392
	60  -  MemoryUsage of job (MB)
	61228  -  ResidentSetSize of job (KB)
...
006 (2491133.063.000) 11/08 19:46:02 Image size of job updated: 1023468
	507  -  MemoryUsage of job (MB)
	519104  -  ResidentSetSize of job (KB)
...
006 (2491133.063.000) 11/08 19:51:03 Image size of job updated: 1023468
	509  -  MemoryUsage of job (MB)
	520240  -  ResidentSetSize of job (KB)
...
006 (2491133.063.000) 11/08 19:56:03 Image size of job updated: 1023468
	509  -  MemoryUsage of job (MB)
	520256  -  ResidentSetSize of job (KB)
...
006 (2491133.063.000) 11/08 19:57:59 Image size of job updated: 1240492
	509  -  MemoryUsage of job (MB)
	520256  -  ResidentSetSize of job (KB)
...
005 (2491133.063.000) 11/08 19:57:59 Job terminated.
	(1) Normal termination (return value 0)
		Usr 0 00:03:52, Sys 0 00:00:16  -  Run Remote Usage
		Usr 0 00:00:00, Sys 0 00:00:00  -  Run Local Usage
		Usr 0 00:03:52, Sys 0 00:00:16  -  Total Remote Usage
		Usr 0 00:00:00, Sys 0 00:00:00  -  Total Local Usage
	0  -  Run Bytes Sent By Job
	0  -  Run Bytes Received By Job
	0  -  Total Bytes Sent By Job
	0  -  Total Bytes Received By Job
	Partitionable Resources :    Usage  Request Allocated
	   Cpus                 :                 1         1
	   Disk (KB)            :        1        1   2370815
	   Memory (MB)          :      509        1      4035
...
