000 (2497410.063.000) 11/09 15:33:46 Job submitted from host: <192.168.1.109:9714>
...
001 (2497410.063.000) 11/09 15:34:11 Job executing on host: <192.168.1.51:9694>
...
006 (2497410.063.000) 11/09 15:34:19 Image size of job updated: 352028
	41  -  MemoryUsage of job (MB)
	40968  -  ResidentSetSize of job (KB)
...
006 (2497410.063.000) 11/09 15:39:19 Image size of job updated: 1067852
	512  -  MemoryUsage of job (MB)
	523436  -  ResidentSetSize of job (KB)
...
006 (2497410.063.000) 11/09 15:44:20 Image size of job updated: 1067852
	512  -  MemoryUsage of job (MB)
	523964  -  ResidentSetSize of job (KB)
...
006 (2497410.063.000) 11/09 15:49:21 Image size of job updated: 1067852
	513  -  MemoryUsage of job (MB)
	524520  -  ResidentSetSize of job (KB)
...
006 (2497410.063.000) 11/09 15:54:21 Image size of job updated: 1067852
	568  -  MemoryUsage of job (MB)
	580872  -  ResidentSetSize of job (KB)
...
006 (2497410.063.000) 11/09 15:59:22 Image size of job updated: 1067852
	625  -  MemoryUsage of job (MB)
	639764  -  ResidentSetSize of job (KB)
...
006 (2497410.063.000) 11/09 16:04:23 Image size of job updated: 1067852
	625  -  MemoryUsage of job (MB)
	639844  -  ResidentSetSize of job (KB)
...
005 (2497410.063.000) 11/09 16:07:29 Job terminated.
	(1) Normal termination (return value 0)
		Usr 0 00:03:56, Sys 0 00:00:14  -  Run Remote Usage
		Usr 0 00:00:00, Sys 0 00:00:00  -  Run Local Usage
		Usr 0 00:03:56, Sys 0 00:00:14  -  Total Remote Usage
		Usr 0 00:00:00, Sys 0 00:00:00  -  Total Local Usage
	0  -  Run Bytes Sent By Job
	0  -  Run Bytes Received By Job
	0  -  Total Bytes Sent By Job
	0  -  Total Bytes Received By Job
	Partitionable Resources :    Usage  Request Allocated
	   Cpus                 :                 1         1
	   Disk (KB)            :        1        1  28379683
	   Memory (MB)          :      625        1      4033
...
