000 (2504798.105.000) 11/15 23:52:38 Job submitted from host: <192.168.1.109:9714>
...
001 (2504798.105.000) 11/15 23:52:47 Job executing on host: <192.168.1.54:9618?addrs=192.168.1.54-9618+[--1]-9618&noUDP&sock=2569_034c_3>
...
006 (2504798.105.000) 11/15 23:52:56 Image size of job updated: 436876
	110  -  MemoryUsage of job (MB)
	112232  -  ResidentSetSize of job (KB)
...
006 (2504798.105.000) 11/15 23:56:17 Image size of job updated: 926856
	110  -  MemoryUsage of job (MB)
	112232  -  ResidentSetSize of job (KB)
...
005 (2504798.105.000) 11/15 23:56:17 Job terminated.
	(1) Normal termination (return value 0)
		Usr 0 00:02:20, Sys 0 00:00:12  -  Run Remote Usage
		Usr 0 00:00:00, Sys 0 00:00:00  -  Run Local Usage
		Usr 0 00:02:20, Sys 0 00:00:12  -  Total Remote Usage
		Usr 0 00:00:00, Sys 0 00:00:00  -  Total Local Usage
	0  -  Run Bytes Sent By Job
	0  -  Run Bytes Received By Job
	0  -  Total Bytes Sent By Job
	0  -  Total Bytes Received By Job
	Partitionable Resources :    Usage  Request Allocated
	   Cpus                 :                 1         1
	   Disk (KB)            :        1        1   1563671
	   Memory (MB)          :      110        1         1
...
