000 (2482115.079.000) 11/07 14:47:36 Job submitted from host: <192.168.1.109:9714>
...
001 (2482115.079.000) 11/07 14:47:44 Job executing on host: <192.168.1.68:9996>
...
006 (2482115.079.000) 11/07 14:47:53 Image size of job updated: 181752
	32  -  MemoryUsage of job (MB)
	32048  -  ResidentSetSize of job (KB)
...
006 (2482115.079.000) 11/07 14:48:15 Image size of job updated: 490416
	32  -  MemoryUsage of job (MB)
	32048  -  ResidentSetSize of job (KB)
...
005 (2482115.079.000) 11/07 14:48:15 Job terminated.
	(1) Normal termination (return value 0)
		Usr 0 00:00:10, Sys 0 00:00:01  -  Run Remote Usage
		Usr 0 00:00:00, Sys 0 00:00:00  -  Run Local Usage
		Usr 0 00:00:10, Sys 0 00:00:01  -  Total Remote Usage
		Usr 0 00:00:00, Sys 0 00:00:00  -  Total Local Usage
	0  -  Run Bytes Sent By Job
	0  -  Run Bytes Received By Job
	0  -  Total Bytes Sent By Job
	0  -  Total Bytes Received By Job
	Partitionable Resources :    Usage  Request Allocated
	   Cpus                 :                 1         1
	   Disk (KB)            :        1        1  20251400
	   Memory (MB)          :       32        1      4038
...
