000 (2492274.079.000) 11/08 21:22:00 Job submitted from host: <192.168.1.109:9714>
...
001 (2492274.079.000) 11/08 21:22:31 Job executing on host: <192.168.1.66:9620>
...
006 (2492274.079.000) 11/08 21:22:39 Image size of job updated: 180904
	3  -  MemoryUsage of job (MB)
	2692  -  ResidentSetSize of job (KB)
...
006 (2492274.079.000) 11/08 21:27:39 Image size of job updated: 1022000
	490  -  MemoryUsage of job (MB)
	501740  -  ResidentSetSize of job (KB)
...
006 (2492274.079.000) 11/08 21:32:40 Image size of job updated: 1022000
	492  -  MemoryUsage of job (MB)
	502980  -  ResidentSetSize of job (KB)
...
006 (2492274.079.000) 11/08 21:37:41 Image size of job updated: 1022000
	492  -  MemoryUsage of job (MB)
	503768  -  ResidentSetSize of job (KB)
...
005 (2492274.079.000) 11/08 21:39:49 Job terminated.
	(1) Normal termination (return value 0)
		Usr 0 00:06:24, Sys 0 00:00:14  -  Run Remote Usage
		Usr 0 00:00:00, Sys 0 00:00:00  -  Run Local Usage
		Usr 0 00:06:24, Sys 0 00:00:14  -  Total Remote Usage
		Usr 0 00:00:00, Sys 0 00:00:00  -  Total Local Usage
	0  -  Run Bytes Sent By Job
	0  -  Run Bytes Received By Job
	0  -  Total Bytes Sent By Job
	0  -  Total Bytes Received By Job
	Partitionable Resources :    Usage  Request Allocated
	   Cpus                 :                 1         1
	   Disk (KB)            :        1        1  19563484
	   Memory (MB)          :      492        1      4033
...
