000 (2492235.091.000) 11/08 21:19:20 Job submitted from host: <192.168.1.109:9714>
...
001 (2492235.091.000) 11/08 21:19:36 Job executing on host: <192.168.1.47:9634>
...
006 (2492235.091.000) 11/08 21:19:45 Image size of job updated: 97472
	2  -  MemoryUsage of job (MB)
	1688  -  ResidentSetSize of job (KB)
...
006 (2492235.091.000) 11/08 21:24:45 Image size of job updated: 1022004
	410  -  MemoryUsage of job (MB)
	418932  -  ResidentSetSize of job (KB)
...
006 (2492235.091.000) 11/08 21:29:45 Image size of job updated: 1022004
	410  -  MemoryUsage of job (MB)
	419420  -  ResidentSetSize of job (KB)
...
006 (2492235.091.000) 11/08 21:34:46 Image size of job updated: 1022004
	410  -  MemoryUsage of job (MB)
	419564  -  ResidentSetSize of job (KB)
...
006 (2492235.091.000) 11/08 21:39:46 Image size of job updated: 1022004
	412  -  MemoryUsage of job (MB)
	421208  -  ResidentSetSize of job (KB)
...
006 (2492235.091.000) 11/08 21:44:46 Image size of job updated: 1022004
	412  -  MemoryUsage of job (MB)
	421300  -  ResidentSetSize of job (KB)
...
005 (2492235.091.000) 11/08 21:49:40 Job terminated.
	(1) Normal termination (return value 0)
		Usr 0 00:03:29, Sys 0 00:00:14  -  Run Remote Usage
		Usr 0 00:00:00, Sys 0 00:00:00  -  Run Local Usage
		Usr 0 00:03:29, Sys 0 00:00:14  -  Total Remote Usage
		Usr 0 00:00:00, Sys 0 00:00:00  -  Total Local Usage
	0  -  Run Bytes Sent By Job
	0  -  Run Bytes Received By Job
	0  -  Total Bytes Sent By Job
	0  -  Total Bytes Received By Job
	Partitionable Resources :    Usage  Request Allocated
	   Cpus                 :                 1         1
	   Disk (KB)            :        1        1  28380912
	   Memory (MB)          :      412        1      4033
...
