000 (2504806.079.000) 11/16 01:28:52 Job submitted from host: <192.168.1.109:9714>
...
001 (2504806.079.000) 11/16 01:29:06 Job executing on host: <192.168.1.67:9583>
...
006 (2504806.079.000) 11/16 01:29:16 Image size of job updated: 182328
	3  -  MemoryUsage of job (MB)
	2680  -  ResidentSetSize of job (KB)
...
005 (2504806.079.000) 11/16 01:29:19 Job terminated.
	(1) Normal termination (return value 0)
		Usr 0 00:00:00, Sys 0 00:00:00  -  Run Remote Usage
		Usr 0 00:00:00, Sys 0 00:00:00  -  Run Local Usage
		Usr 0 00:00:00, Sys 0 00:00:00  -  Total Remote Usage
		Usr 0 00:00:00, Sys 0 00:00:00  -  Total Local Usage
	0  -  Run Bytes Sent By Job
	0  -  Run Bytes Received By Job
	0  -  Total Bytes Sent By Job
	0  -  Total Bytes Received By Job
	Partitionable Resources :    Usage  Request Allocated
	   Cpus                 :                 1         1
	   Disk (KB)            :        1        1  19564257
	   Memory (MB)          :        3        1      4033
...
