000 (2491851.147.000) 11/08 20:36:48 Job submitted from host: <192.168.1.109:9714>
...
001 (2491851.147.000) 11/08 20:37:23 Job executing on host: <192.168.1.51:9694>
...
006 (2491851.147.000) 11/08 20:37:33 Image size of job updated: 32840
	3  -  MemoryUsage of job (MB)
	2632  -  ResidentSetSize of job (KB)
...
006 (2491851.147.000) 11/08 20:42:33 Image size of job updated: 948660
	465  -  MemoryUsage of job (MB)
	475692  -  ResidentSetSize of job (KB)
...
006 (2491851.147.000) 11/08 21:22:37 Image size of job updated: 948660
	483  -  MemoryUsage of job (MB)
	493724  -  ResidentSetSize of job (KB)
...
006 (2491851.147.000) 11/08 21:27:38 Image size of job updated: 948660
	484  -  MemoryUsage of job (MB)
	494636  -  ResidentSetSize of job (KB)
...
006 (2491851.147.000) 11/08 21:32:38 Image size of job updated: 948660
	484  -  MemoryUsage of job (MB)
	494740  -  ResidentSetSize of job (KB)
...
006 (2491851.147.000) 11/08 21:37:39 Image size of job updated: 948660
	484  -  MemoryUsage of job (MB)
	494760  -  ResidentSetSize of job (KB)
...
006 (2491851.147.000) 11/08 21:42:40 Image size of job updated: 948660
	484  -  MemoryUsage of job (MB)
	494864  -  ResidentSetSize of job (KB)
...
006 (2491851.147.000) 11/08 21:47:40 Image size of job updated: 948660
	484  -  MemoryUsage of job (MB)
	494948  -  ResidentSetSize of job (KB)
...
006 (2491851.147.000) 11/08 21:52:41 Image size of job updated: 948660
	484  -  MemoryUsage of job (MB)
	494980  -  ResidentSetSize of job (KB)
...
006 (2491851.147.000) 11/08 21:57:42 Image size of job updated: 948660
	484  -  MemoryUsage of job (MB)
	495220  -  ResidentSetSize of job (KB)
...
006 (2491851.147.000) 11/08 22:02:42 Image size of job updated: 948660
	484  -  MemoryUsage of job (MB)
	495228  -  ResidentSetSize of job (KB)
...
006 (2491851.147.000) 11/08 22:07:43 Image size of job updated: 948660
	484  -  MemoryUsage of job (MB)
	495296  -  ResidentSetSize of job (KB)
...
006 (2491851.147.000) 11/08 22:12:43 Image size of job updated: 948660
	484  -  MemoryUsage of job (MB)
	495536  -  ResidentSetSize of job (KB)
...
006 (2491851.147.000) 11/08 22:17:43 Image size of job updated: 948660
	485  -  MemoryUsage of job (MB)
	495764  -  ResidentSetSize of job (KB)
...
006 (2491851.147.000) 11/08 22:22:44 Image size of job updated: 948660
	485  -  MemoryUsage of job (MB)
	495876  -  ResidentSetSize of job (KB)
...
006 (2491851.147.000) 11/08 22:27:45 Image size of job updated: 948660
	485  -  MemoryUsage of job (MB)
	496268  -  ResidentSetSize of job (KB)
...
005 (2491851.147.000) 11/08 22:29:16 Job terminated.
	(1) Normal termination (return value 0)
		Usr 0 00:28:39, Sys 0 00:01:43  -  Run Remote Usage
		Usr 0 00:00:00, Sys 0 00:00:00  -  Run Local Usage
		Usr 0 00:28:39, Sys 0 00:01:43  -  Total Remote Usage
		Usr 0 00:00:00, Sys 0 00:00:00  -  Total Local Usage
	0  -  Run Bytes Sent By Job
	0  -  Run Bytes Received By Job
	0  -  Total Bytes Sent By Job
	0  -  Total Bytes Received By Job
	Partitionable Resources :    Usage  Request Allocated
	   Cpus                 :                 1         1
	   Disk (KB)            :        1        1  28379451
	   Memory (MB)          :      485        1      4033
...
