000 (2491133.147.000) 11/08 19:40:20 Job submitted from host: <192.168.1.109:9714>
...
001 (2491133.147.000) 11/08 19:40:57 Job executing on host: <192.168.1.64:9697>
...
006 (2491133.147.000) 11/08 19:41:06 Image size of job updated: 1
	3  -  MemoryUsage of job (MB)
	2100  -  ResidentSetSize of job (KB)
...
006 (2491133.147.000) 11/08 19:46:07 Image size of job updated: 948652
	471  -  MemoryUsage of job (MB)
	481688  -  ResidentSetSize of job (KB)
...
006 (2491133.147.000) 11/08 19:51:08 Image size of job updated: 948652
	471  -  MemoryUsage of job (MB)
	481844  -  ResidentSetSize of job (KB)
...
006 (2491133.147.000) 11/08 19:56:08 Image size of job updated: 948652
	471  -  MemoryUsage of job (MB)
	481848  -  ResidentSetSize of job (KB)
...
006 (2491133.147.000) 11/08 20:01:08 Image size of job updated: 1095280
	631  -  MemoryUsage of job (MB)
	645156  -  ResidentSetSize of job (KB)
...
006 (2491133.147.000) 11/08 20:06:09 Image size of job updated: 1095280
	632  -  MemoryUsage of job (MB)
	646816  -  ResidentSetSize of job (KB)
...
006 (2491133.147.000) 11/08 20:11:09 Image size of job updated: 1095280
	633  -  MemoryUsage of job (MB)
	647640  -  ResidentSetSize of job (KB)
...
006 (2491133.147.000) 11/08 20:16:10 Image size of job updated: 1095280
	633  -  MemoryUsage of job (MB)
	647792  -  ResidentSetSize of job (KB)
...
006 (2491133.147.000) 11/08 20:21:11 Image size of job updated: 1095280
	724  -  MemoryUsage of job (MB)
	741144  -  ResidentSetSize of job (KB)
...
006 (2491133.147.000) 11/08 20:26:11 Image size of job updated: 1095280
	748  -  MemoryUsage of job (MB)
	765840  -  ResidentSetSize of job (KB)
...
005 (2491133.147.000) 11/08 20:33:40 Job terminated.
	(1) Normal termination (return value 0)
		Usr 0 00:40:39, Sys 0 00:01:49  -  Run Remote Usage
		Usr 0 00:00:00, Sys 0 00:00:00  -  Run Local Usage
		Usr 0 00:40:39, Sys 0 00:01:49  -  Total Remote Usage
		Usr 0 00:00:00, Sys 0 00:00:00  -  Total Local Usage
	0  -  Run Bytes Sent By Job
	0  -  Run Bytes Received By Job
	0  -  Total Bytes Sent By Job
	0  -  Total Bytes Received By Job
	Partitionable Resources :    Usage  Request Allocated
	   Cpus                 :                 1         1
	   Disk (KB)            :        1        1  19563332
	   Memory (MB)          :      748        1      4033
...
