000 (2491133.067.000) 11/08 19:40:19 Job submitted from host: <192.168.1.109:9714>
...
001 (2491133.067.000) 11/08 19:40:56 Job executing on host: <192.168.1.42:9515>
...
006 (2491133.067.000) 11/08 19:41:05 Image size of job updated: 1
	3  -  MemoryUsage of job (MB)
	2144  -  ResidentSetSize of job (KB)
...
006 (2491133.067.000) 11/08 19:46:06 Image size of job updated: 1024108
	507  -  MemoryUsage of job (MB)
	518744  -  ResidentSetSize of job (KB)
...
005 (2491133.067.000) 11/08 19:50:28 Job terminated.
	(1) Normal termination (return value 0)
		Usr 0 00:03:04, Sys 0 00:00:11  -  Run Remote Usage
		Usr 0 00:00:00, Sys 0 00:00:00  -  Run Local Usage
		Usr 0 00:03:04, Sys 0 00:00:11  -  Total Remote Usage
		Usr 0 00:00:00, Sys 0 00:00:00  -  Total Local Usage
	0  -  Run Bytes Sent By Job
	0  -  Run Bytes Received By Job
	0  -  Total Bytes Sent By Job
	0  -  Total Bytes Received By Job
	Partitionable Resources :    Usage  Request Allocated
	   Cpus                 :                 1         1
	   Disk (KB)            :        1        1   2371219
	   Memory (MB)          :      507        1      4035
...
