000 (2491851.067.000) 11/08 20:36:47 Job submitted from host: <192.168.1.109:9714>
...
001 (2491851.067.000) 11/08 20:37:15 Job executing on host: <192.168.1.48:9634>
...
006 (2491851.067.000) 11/08 20:37:24 Image size of job updated: 338152
	42  -  MemoryUsage of job (MB)
	42252  -  ResidentSetSize of job (KB)
...
006 (2491851.067.000) 11/08 20:42:25 Image size of job updated: 1024108
	424  -  MemoryUsage of job (MB)
	434064  -  ResidentSetSize of job (KB)
...
006 (2491851.067.000) 11/08 20:47:25 Image size of job updated: 1024108
	427  -  MemoryUsage of job (MB)
	437060  -  ResidentSetSize of job (KB)
...
005 (2491851.067.000) 11/08 20:50:00 Job terminated.
	(1) Normal termination (return value 0)
		Usr 0 00:02:47, Sys 0 00:00:10  -  Run Remote Usage
		Usr 0 00:00:00, Sys 0 00:00:00  -  Run Local Usage
		Usr 0 00:02:47, Sys 0 00:00:10  -  Total Remote Usage
		Usr 0 00:00:00, Sys 0 00:00:00  -  Total Local Usage
	0  -  Run Bytes Sent By Job
	0  -  Run Bytes Received By Job
	0  -  Total Bytes Sent By Job
	0  -  Total Bytes Received By Job
	Partitionable Resources :    Usage  Request Allocated
	   Cpus                 :                 1         1
	   Disk (KB)            :        1        1  28380044
	   Memory (MB)          :      427        1      4033
...
