000 (2492235.051.000) 11/08 21:19:20 Job submitted from host: <192.168.1.109:9714>
...
001 (2492235.051.000) 11/08 21:19:36 Job executing on host: <192.168.1.66:9620>
...
006 (2492235.051.000) 11/08 21:19:45 Image size of job updated: 352292
	64  -  MemoryUsage of job (MB)
	65232  -  ResidentSetSize of job (KB)
...
006 (2492235.051.000) 11/08 21:24:46 Image size of job updated: 1059548
	442  -  MemoryUsage of job (MB)
	451932  -  ResidentSetSize of job (KB)
...
006 (2492235.051.000) 11/08 21:29:46 Image size of job updated: 1059548
	442  -  MemoryUsage of job (MB)
	452236  -  ResidentSetSize of job (KB)
...
006 (2492235.051.000) 11/08 21:34:47 Image size of job updated: 1059548
	488  -  MemoryUsage of job (MB)
	499676  -  ResidentSetSize of job (KB)
...
006 (2492235.051.000) 11/08 21:39:48 Image size of job updated: 1059548
	565  -  MemoryUsage of job (MB)
	578408  -  ResidentSetSize of job (KB)
...
006 (2492235.051.000) 11/08 21:44:48 Image size of job updated: 1059548
	565  -  MemoryUsage of job (MB)
	578444  -  ResidentSetSize of job (KB)
...
006 (2492235.051.000) 11/08 21:49:48 Image size of job updated: 1059548
	566  -  MemoryUsage of job (MB)
	578644  -  ResidentSetSize of job (KB)
...
006 (2492235.051.000) 11/08 21:54:49 Image size of job updated: 1059548
	566  -  MemoryUsage of job (MB)
	578732  -  ResidentSetSize of job (KB)
...
006 (2492235.051.000) 11/08 21:59:49 Image size of job updated: 1059548
	566  -  MemoryUsage of job (MB)
	578772  -  ResidentSetSize of job (KB)
...
005 (2492235.051.000) 11/08 22:02:32 Job terminated.
	(1) Normal termination (return value 0)
		Usr 0 00:18:21, Sys 0 00:00:46  -  Run Remote Usage
		Usr 0 00:00:00, Sys 0 00:00:00  -  Run Local Usage
		Usr 0 00:18:21, Sys 0 00:00:46  -  Total Remote Usage
		Usr 0 00:00:00, Sys 0 00:00:00  -  Total Local Usage
	0  -  Run Bytes Sent By Job
	0  -  Run Bytes Received By Job
	0  -  Total Bytes Sent By Job
	0  -  Total Bytes Received By Job
	Partitionable Resources :    Usage  Request Allocated
	   Cpus                 :                 1         1
	   Disk (KB)            :        1        1  19563484
	   Memory (MB)          :      566        1      4033
...
