000 (2485823.095.000) 11/07 23:48:30 Job submitted from host: <192.168.1.109:9714>
...
001 (2485823.095.000) 11/07 23:48:41 Job executing on host: <192.168.1.54:9618?addrs=192.168.1.54-9618+[--1]-9618&noUDP&sock=2569_034c_3>
...
006 (2485823.095.000) 11/07 23:48:50 Image size of job updated: 181496
	3  -  MemoryUsage of job (MB)
	2648  -  ResidentSetSize of job (KB)
...
006 (2485823.095.000) 11/07 23:53:51 Image size of job updated: 1021252
	506  -  MemoryUsage of job (MB)
	517428  -  ResidentSetSize of job (KB)
...
006 (2485823.095.000) 11/07 23:58:52 Image size of job updated: 1021252
	507  -  MemoryUsage of job (MB)
	518248  -  ResidentSetSize of job (KB)
...
006 (2485823.095.000) 11/08 00:03:52 Image size of job updated: 1021252
	508  -  MemoryUsage of job (MB)
	519460  -  ResidentSetSize of job (KB)
...
006 (2485823.095.000) 11/08 00:08:53 Image size of job updated: 1021252
	508  -  MemoryUsage of job (MB)
	519480  -  ResidentSetSize of job (KB)
...
006 (2485823.095.000) 11/08 00:13:54 Image size of job updated: 1021252
	508  -  MemoryUsage of job (MB)
	519684  -  ResidentSetSize of job (KB)
...
006 (2485823.095.000) 11/08 00:18:54 Image size of job updated: 1021252
	508  -  MemoryUsage of job (MB)
	519876  -  ResidentSetSize of job (KB)
...
005 (2485823.095.000) 11/08 00:20:22 Job terminated.
	(1) Normal termination (return value 0)
		Usr 0 00:09:56, Sys 0 00:00:36  -  Run Remote Usage
		Usr 0 00:00:00, Sys 0 00:00:00  -  Run Local Usage
		Usr 0 00:09:56, Sys 0 00:00:36  -  Total Remote Usage
		Usr 0 00:00:00, Sys 0 00:00:00  -  Total Local Usage
	0  -  Run Bytes Sent By Job
	0  -  Run Bytes Received By Job
	0  -  Total Bytes Sent By Job
	0  -  Total Bytes Received By Job
	Partitionable Resources :    Usage  Request Allocated
	   Cpus                 :                 1         1
	   Disk (KB)            :        1        1   1563671
	   Memory (MB)          :      508        1         1
...
