000 (2491133.095.000) 11/08 19:40:19 Job submitted from host: <192.168.1.109:9714>
...
001 (2491133.095.000) 11/08 19:40:57 Job executing on host: <192.168.1.45:9392>
...
006 (2491133.095.000) 11/08 19:41:06 Image size of job updated: 97664
	3  -  MemoryUsage of job (MB)
	2636  -  ResidentSetSize of job (KB)
...
006 (2491133.095.000) 11/08 19:46:06 Image size of job updated: 1021292
	505  -  MemoryUsage of job (MB)
	516648  -  ResidentSetSize of job (KB)
...
006 (2491133.095.000) 11/08 19:51:06 Image size of job updated: 1021292
	506  -  MemoryUsage of job (MB)
	517804  -  ResidentSetSize of job (KB)
...
006 (2491133.095.000) 11/08 19:56:07 Image size of job updated: 1021292
	506  -  MemoryUsage of job (MB)
	517924  -  ResidentSetSize of job (KB)
...
006 (2491133.095.000) 11/08 20:01:08 Image size of job updated: 1230604
	740  -  MemoryUsage of job (MB)
	756884  -  ResidentSetSize of job (KB)
...
005 (2491133.095.000) 11/08 20:02:50 Job terminated.
	(1) Normal termination (return value 0)
		Usr 0 00:07:40, Sys 0 00:00:33  -  Run Remote Usage
		Usr 0 00:00:00, Sys 0 00:00:00  -  Run Local Usage
		Usr 0 00:07:40, Sys 0 00:00:33  -  Total Remote Usage
		Usr 0 00:00:00, Sys 0 00:00:00  -  Total Local Usage
	0  -  Run Bytes Sent By Job
	0  -  Run Bytes Received By Job
	0  -  Total Bytes Sent By Job
	0  -  Total Bytes Received By Job
	Partitionable Resources :    Usage  Request Allocated
	   Cpus                 :                 1         1
	   Disk (KB)            :        1        1   2370581
	   Memory (MB)          :      740        1      4035
...
