000 (2492235.073.000) 11/08 21:19:20 Job submitted from host: <192.168.1.109:9714>
...
001 (2492235.073.000) 11/08 21:19:32 Job executing on host: <192.168.1.47:9634>
...
006 (2492235.073.000) 11/08 21:19:42 Image size of job updated: 97476
	3  -  MemoryUsage of job (MB)
	2536  -  ResidentSetSize of job (KB)
...
006 (2492235.073.000) 11/08 21:24:42 Image size of job updated: 1067400
	443  -  MemoryUsage of job (MB)
	453204  -  ResidentSetSize of job (KB)
...
006 (2492235.073.000) 11/08 21:29:44 Image size of job updated: 1067400
	444  -  MemoryUsage of job (MB)
	454360  -  ResidentSetSize of job (KB)
...
006 (2492235.073.000) 11/08 21:34:44 Image size of job updated: 1067400
	446  -  MemoryUsage of job (MB)
	455748  -  ResidentSetSize of job (KB)
...
006 (2492235.073.000) 11/08 21:39:45 Image size of job updated: 1067400
	446  -  MemoryUsage of job (MB)
	455780  -  ResidentSetSize of job (KB)
...
006 (2492235.073.000) 11/08 21:44:46 Image size of job updated: 1067400
	446  -  MemoryUsage of job (MB)
	455832  -  ResidentSetSize of job (KB)
...
006 (2492235.073.000) 11/08 21:49:46 Image size of job updated: 1067400
	446  -  MemoryUsage of job (MB)
	455904  -  ResidentSetSize of job (KB)
...
006 (2492235.073.000) 11/08 21:54:46 Image size of job updated: 1067400
	446  -  MemoryUsage of job (MB)
	455988  -  ResidentSetSize of job (KB)
...
006 (2492235.073.000) 11/08 21:59:47 Image size of job updated: 1067400
	446  -  MemoryUsage of job (MB)
	456132  -  ResidentSetSize of job (KB)
...
006 (2492235.073.000) 11/08 22:04:47 Image size of job updated: 1067400
	446  -  MemoryUsage of job (MB)
	456224  -  ResidentSetSize of job (KB)
...
006 (2492235.073.000) 11/08 22:09:47 Image size of job updated: 1067400
	446  -  MemoryUsage of job (MB)
	456228  -  ResidentSetSize of job (KB)
...
006 (2492235.073.000) 11/08 22:14:48 Image size of job updated: 1067400
	446  -  MemoryUsage of job (MB)
	456432  -  ResidentSetSize of job (KB)
...
005 (2492235.073.000) 11/08 22:16:27 Job terminated.
	(1) Normal termination (return value 0)
		Usr 0 00:07:55, Sys 0 00:00:30  -  Run Remote Usage
		Usr 0 00:00:00, Sys 0 00:00:00  -  Run Local Usage
		Usr 0 00:07:55, Sys 0 00:00:30  -  Total Remote Usage
		Usr 0 00:00:00, Sys 0 00:00:00  -  Total Local Usage
	0  -  Run Bytes Sent By Job
	0  -  Run Bytes Received By Job
	0  -  Total Bytes Sent By Job
	0  -  Total Bytes Received By Job
	Partitionable Resources :    Usage  Request Allocated
	   Cpus                 :                 1         1
	   Disk (KB)            :        1        1  28380912
	   Memory (MB)          :      446        1      4033
...
