000 (2493183.073.000) 11/09 00:44:14 Job submitted from host: <192.168.1.109:9714>
...
001 (2493183.073.000) 11/09 00:44:24 Job executing on host: <192.168.1.66:9620>
...
006 (2493183.073.000) 11/09 00:44:33 Image size of job updated: 443672
	126  -  MemoryUsage of job (MB)
	128008  -  ResidentSetSize of job (KB)
...
006 (2493183.073.000) 11/09 00:49:35 Image size of job updated: 1056092
	503  -  MemoryUsage of job (MB)
	514916  -  ResidentSetSize of job (KB)
...
006 (2493183.073.000) 11/09 00:54:35 Image size of job updated: 1056092
	504  -  MemoryUsage of job (MB)
	515516  -  ResidentSetSize of job (KB)
...
006 (2493183.073.000) 11/09 00:59:35 Image size of job updated: 1056092
	504  -  MemoryUsage of job (MB)
	515564  -  ResidentSetSize of job (KB)
...
006 (2493183.073.000) 11/09 01:04:36 Image size of job updated: 1056092
	504  -  MemoryUsage of job (MB)
	515616  -  ResidentSetSize of job (KB)
...
006 (2493183.073.000) 11/09 01:09:37 Image size of job updated: 1056092
	504  -  MemoryUsage of job (MB)
	515688  -  ResidentSetSize of job (KB)
...
006 (2493183.073.000) 11/09 01:14:37 Image size of job updated: 1056092
	602  -  MemoryUsage of job (MB)
	616336  -  ResidentSetSize of job (KB)
...
005 (2493183.073.000) 11/09 01:17:42 Job terminated.
	(1) Normal termination (return value 0)
		Usr 0 00:11:34, Sys 0 00:00:28  -  Run Remote Usage
		Usr 0 00:00:00, Sys 0 00:00:00  -  Run Local Usage
		Usr 0 00:11:34, Sys 0 00:00:28  -  Total Remote Usage
		Usr 0 00:00:00, Sys 0 00:00:00  -  Total Local Usage
	0  -  Run Bytes Sent By Job
	0  -  Run Bytes Received By Job
	0  -  Total Bytes Sent By Job
	0  -  Total Bytes Received By Job
	Partitionable Resources :    Usage  Request Allocated
	   Cpus                 :                 1         1
	   Disk (KB)            :        1        1  19561971
	   Memory (MB)          :      602        1      4033
...
