000 (2492936.089.000) 11/08 23:53:19 Job submitted from host: <192.168.1.109:9714>
...
001 (2492936.089.000) 11/08 23:53:35 Job executing on host: <192.168.1.64:9697>
...
006 (2492936.089.000) 11/08 23:53:43 Image size of job updated: 438756
	97  -  MemoryUsage of job (MB)
	98616  -  ResidentSetSize of job (KB)
...
005 (2492936.089.000) 11/08 23:53:45 Job terminated.
	(1) Normal termination (return value 0)
		Usr 0 00:00:03, Sys 0 00:00:00  -  Run Remote Usage
		Usr 0 00:00:00, Sys 0 00:00:00  -  Run Local Usage
		Usr 0 00:00:03, Sys 0 00:00:00  -  Total Remote Usage
		Usr 0 00:00:00, Sys 0 00:00:00  -  Total Local Usage
	0  -  Run Bytes Sent By Job
	0  -  Run Bytes Received By Job
	0  -  Total Bytes Sent By Job
	0  -  Total Bytes Received By Job
	Partitionable Resources :    Usage  Request Allocated
	   Cpus                 :                 1         1
	   Disk (KB)            :        1        1  19564643
	   Memory (MB)          :       97        1      4033
...
