000 (2492883.001.000) 11/08 23:42:29 Job submitted from host: <192.168.1.109:9714>
...
001 (2492883.001.000) 11/08 23:42:51 Job executing on host: <192.168.1.51:9694>
...
006 (2492883.001.000) 11/08 23:43:00 Image size of job updated: 343112
	50  -  MemoryUsage of job (MB)
	50596  -  ResidentSetSize of job (KB)
...
006 (2492883.001.000) 11/08 23:43:10 Image size of job updated: 464960
	50  -  MemoryUsage of job (MB)
	50596  -  ResidentSetSize of job (KB)
...
005 (2492883.001.000) 11/08 23:43:10 Job terminated.
	(1) Normal termination (return value 0)
		Usr 0 00:00:06, Sys 0 00:00:00  -  Run Remote Usage
		Usr 0 00:00:00, Sys 0 00:00:00  -  Run Local Usage
		Usr 0 00:00:06, Sys 0 00:00:00  -  Total Remote Usage
		Usr 0 00:00:00, Sys 0 00:00:00  -  Total Local Usage
	0  -  Run Bytes Sent By Job
	0  -  Run Bytes Received By Job
	0  -  Total Bytes Sent By Job
	0  -  Total Bytes Received By Job
	Partitionable Resources :    Usage  Request Allocated
	   Cpus                 :                 1         1
	   Disk (KB)            :        1        1  28379707
	   Memory (MB)          :       50        1      4033
...
