000 (2491851.029.000) 11/08 20:36:46 Job submitted from host: <192.168.1.109:9714>
...
001 (2491851.029.000) 11/08 20:37:13 Job executing on host: <192.168.1.49:9578>
...
006 (2491851.029.000) 11/08 20:37:22 Image size of job updated: 76468
	3  -  MemoryUsage of job (MB)
	2664  -  ResidentSetSize of job (KB)
...
006 (2491851.029.000) 11/08 20:42:22 Image size of job updated: 997436
	407  -  MemoryUsage of job (MB)
	416624  -  ResidentSetSize of job (KB)
...
006 (2491851.029.000) 11/08 20:47:22 Image size of job updated: 997436
	411  -  MemoryUsage of job (MB)
	420304  -  ResidentSetSize of job (KB)
...
006 (2491851.029.000) 11/08 20:52:23 Image size of job updated: 997436
	412  -  MemoryUsage of job (MB)
	421232  -  ResidentSetSize of job (KB)
...
006 (2491851.029.000) 11/08 20:57:24 Image size of job updated: 997436
	414  -  MemoryUsage of job (MB)
	423728  -  ResidentSetSize of job (KB)
...
005 (2491851.029.000) 11/08 21:00:29 Job terminated.
	(1) Normal termination (return value 0)
		Usr 0 00:09:20, Sys 0 00:00:32  -  Run Remote Usage
		Usr 0 00:00:00, Sys 0 00:00:00  -  Run Local Usage
		Usr 0 00:09:20, Sys 0 00:00:32  -  Total Remote Usage
		Usr 0 00:00:00, Sys 0 00:00:00  -  Total Local Usage
	0  -  Run Bytes Sent By Job
	0  -  Run Bytes Received By Job
	0  -  Total Bytes Sent By Job
	0  -  Total Bytes Received By Job
	Partitionable Resources :    Usage  Request Allocated
	   Cpus                 :                 1         1
	   Disk (KB)            :        1        1  28379995
	   Memory (MB)          :      414        1      4033
...
