000 (2491133.029.000) 11/08 19:40:18 Job submitted from host: <192.168.1.109:9714>
...
001 (2491133.029.000) 11/08 19:40:56 Job executing on host: <192.168.1.45:9392>
...
006 (2491133.029.000) 11/08 19:41:05 Image size of job updated: 181256
	3  -  MemoryUsage of job (MB)
	2696  -  ResidentSetSize of job (KB)
...
006 (2491133.029.000) 11/08 19:46:06 Image size of job updated: 997436
	479  -  MemoryUsage of job (MB)
	489656  -  ResidentSetSize of job (KB)
...
006 (2491133.029.000) 11/08 19:51:07 Image size of job updated: 997436
	480  -  MemoryUsage of job (MB)
	491260  -  ResidentSetSize of job (KB)
...
006 (2491133.029.000) 11/08 19:56:07 Image size of job updated: 997436
	481  -  MemoryUsage of job (MB)
	491832  -  ResidentSetSize of job (KB)
...
006 (2491133.029.000) 11/08 20:01:08 Image size of job updated: 1156544
	651  -  MemoryUsage of job (MB)
	665632  -  ResidentSetSize of job (KB)
...
006 (2491133.029.000) 11/08 20:06:09 Image size of job updated: 1156544
	659  -  MemoryUsage of job (MB)
	673872  -  ResidentSetSize of job (KB)
...
005 (2491133.029.000) 11/08 20:07:24 Job terminated.
	(1) Normal termination (return value 0)
		Usr 0 00:11:47, Sys 0 00:00:48  -  Run Remote Usage
		Usr 0 00:00:00, Sys 0 00:00:00  -  Run Local Usage
		Usr 0 00:11:47, Sys 0 00:00:48  -  Total Remote Usage
		Usr 0 00:00:00, Sys 0 00:00:00  -  Total Local Usage
	0  -  Run Bytes Sent By Job
	0  -  Run Bytes Received By Job
	0  -  Total Bytes Sent By Job
	0  -  Total Bytes Received By Job
	Partitionable Resources :    Usage  Request Allocated
	   Cpus                 :                 1         1
	   Disk (KB)            :        1        1   2370581
	   Memory (MB)          :      659        1      4035
...
