000 (2497410.029.000) 11/09 15:33:46 Job submitted from host: <192.168.1.109:9714>
...
001 (2497410.029.000) 11/09 15:34:09 Job executing on host: <192.168.1.67:9583>
...
006 (2497410.029.000) 11/09 15:34:18 Image size of job updated: 358624
	63  -  MemoryUsage of job (MB)
	64208  -  ResidentSetSize of job (KB)
...
006 (2497410.029.000) 11/09 15:39:19 Image size of job updated: 1069384
	521  -  MemoryUsage of job (MB)
	533092  -  ResidentSetSize of job (KB)
...
006 (2497410.029.000) 11/09 15:44:19 Image size of job updated: 1069384
	521  -  MemoryUsage of job (MB)
	533316  -  ResidentSetSize of job (KB)
...
006 (2497410.029.000) 11/09 15:49:19 Image size of job updated: 1069384
	641  -  MemoryUsage of job (MB)
	655812  -  ResidentSetSize of job (KB)
...
006 (2497410.029.000) 11/09 15:54:21 Image size of job updated: 1069384
	642  -  MemoryUsage of job (MB)
	656912  -  ResidentSetSize of job (KB)
...
006 (2497410.029.000) 11/09 16:14:23 Image size of job updated: 1069384
	642  -  MemoryUsage of job (MB)
	656916  -  ResidentSetSize of job (KB)
...
006 (2497410.029.000) 11/09 16:19:23 Image size of job updated: 1069384
	642  -  MemoryUsage of job (MB)
	656940  -  ResidentSetSize of job (KB)
...
006 (2497410.029.000) 11/09 16:24:24 Image size of job updated: 1069384
	642  -  MemoryUsage of job (MB)
	657064  -  ResidentSetSize of job (KB)
...
006 (2497410.029.000) 11/09 16:29:25 Image size of job updated: 1069384
	642  -  MemoryUsage of job (MB)
	657328  -  ResidentSetSize of job (KB)
...
005 (2497410.029.000) 11/09 16:32:24 Job terminated.
	(1) Normal termination (return value 0)
		Usr 0 00:16:49, Sys 0 00:00:44  -  Run Remote Usage
		Usr 0 00:00:00, Sys 0 00:00:00  -  Run Local Usage
		Usr 0 00:16:49, Sys 0 00:00:44  -  Total Remote Usage
		Usr 0 00:00:00, Sys 0 00:00:00  -  Total Local Usage
	0  -  Run Bytes Sent By Job
	0  -  Run Bytes Received By Job
	0  -  Total Bytes Sent By Job
	0  -  Total Bytes Received By Job
	Partitionable Resources :    Usage  Request Allocated
	   Cpus                 :                 1         1
	   Disk (KB)            :        1        1  19562937
	   Memory (MB)          :      642        1      4033
...
