000 (2485823.036.000) 11/07 23:48:29 Job submitted from host: <192.168.1.109:9714>
...
001 (2485823.036.000) 11/07 23:48:38 Job executing on host: <192.168.1.63:9932>
...
006 (2485823.036.000) 11/07 23:48:46 Image size of job updated: 353312
	92  -  MemoryUsage of job (MB)
	93328  -  ResidentSetSize of job (KB)
...
006 (2485823.036.000) 11/07 23:53:46 Image size of job updated: 998992
	492  -  MemoryUsage of job (MB)
	503204  -  ResidentSetSize of job (KB)
...
006 (2485823.036.000) 11/07 23:58:46 Image size of job updated: 998992
	492  -  MemoryUsage of job (MB)
	503348  -  ResidentSetSize of job (KB)
...
006 (2485823.036.000) 11/08 00:03:47 Image size of job updated: 998992
	492  -  MemoryUsage of job (MB)
	503520  -  ResidentSetSize of job (KB)
...
006 (2485823.036.000) 11/08 00:08:47 Image size of job updated: 998992
	492  -  MemoryUsage of job (MB)
	503592  -  ResidentSetSize of job (KB)
...
005 (2485823.036.000) 11/08 00:09:09 Job terminated.
	(1) Normal termination (return value 0)
		Usr 0 00:08:23, Sys 0 00:00:19  -  Run Remote Usage
		Usr 0 00:00:00, Sys 0 00:00:00  -  Run Local Usage
		Usr 0 00:08:23, Sys 0 00:00:19  -  Total Remote Usage
		Usr 0 00:00:00, Sys 0 00:00:00  -  Total Local Usage
	0  -  Run Bytes Sent By Job
	0  -  Run Bytes Received By Job
	0  -  Total Bytes Sent By Job
	0  -  Total Bytes Received By Job
	Partitionable Resources :    Usage  Request Allocated
	   Cpus                 :                 1         1
	   Disk (KB)            :        1        1  19531832
	   Memory (MB)          :      492        1      4033
...
