000 (2497410.036.000) 11/09 15:33:46 Job submitted from host: <192.168.1.109:9714>
...
001 (2497410.036.000) 11/09 15:34:10 Job executing on host: <192.168.1.60:9618?addrs=192.168.1.60-9618+[--1]-9618&noUDP&sock=2263_1f51_3>
...
006 (2497410.036.000) 11/09 15:34:18 Image size of job updated: 346552
	75  -  MemoryUsage of job (MB)
	75884  -  ResidentSetSize of job (KB)
...
006 (2497410.036.000) 11/09 15:39:18 Image size of job updated: 1075488
	533  -  MemoryUsage of job (MB)
	545424  -  ResidentSetSize of job (KB)
...
006 (2497410.036.000) 11/09 15:44:19 Image size of job updated: 1075488
	536  -  MemoryUsage of job (MB)
	547856  -  ResidentSetSize of job (KB)
...
006 (2497410.036.000) 11/09 15:49:20 Image size of job updated: 1075488
	536  -  MemoryUsage of job (MB)
	547936  -  ResidentSetSize of job (KB)
...
006 (2497410.036.000) 11/09 15:54:20 Image size of job updated: 1075488
	536  -  MemoryUsage of job (MB)
	548024  -  ResidentSetSize of job (KB)
...
005 (2497410.036.000) 11/09 15:58:21 Job terminated.
	(1) Normal termination (return value 0)
		Usr 0 00:09:18, Sys 0 00:00:31  -  Run Remote Usage
		Usr 0 00:00:00, Sys 0 00:00:00  -  Run Local Usage
		Usr 0 00:09:18, Sys 0 00:00:31  -  Total Remote Usage
		Usr 0 00:00:00, Sys 0 00:00:00  -  Total Local Usage
	0  -  Run Bytes Sent By Job
	0  -  Run Bytes Received By Job
	0  -  Total Bytes Sent By Job
	0  -  Total Bytes Received By Job
	Partitionable Resources :    Usage  Request Allocated
	   Cpus                 :                 1         1
	   Disk (KB)            :        1        1   1563310
	   Memory (MB)          :      536        1         1
...
