000 (2485823.130.000) 11/07 23:48:31 Job submitted from host: <192.168.1.109:9714>
...
001 (2485823.130.000) 11/07 23:48:44 Job executing on host: <192.168.1.58:9618?addrs=192.168.1.58-9618+[--1]-9618&noUDP&sock=2203_f7a2_3>
...
006 (2485823.130.000) 11/07 23:48:52 Image size of job updated: 49780
	2  -  MemoryUsage of job (MB)
	1800  -  ResidentSetSize of job (KB)
...
006 (2485823.130.000) 11/07 23:53:52 Image size of job updated: 998324
	493  -  MemoryUsage of job (MB)
	504632  -  ResidentSetSize of job (KB)
...
006 (2485823.130.000) 11/07 23:58:53 Image size of job updated: 998324
	494  -  MemoryUsage of job (MB)
	505404  -  ResidentSetSize of job (KB)
...
006 (2485823.130.000) 11/08 00:03:54 Image size of job updated: 998324
	580  -  MemoryUsage of job (MB)
	593184  -  ResidentSetSize of job (KB)
...
006 (2485823.130.000) 11/08 00:08:54 Image size of job updated: 998324
	604  -  MemoryUsage of job (MB)
	618312  -  ResidentSetSize of job (KB)
...
006 (2485823.130.000) 11/08 00:13:54 Image size of job updated: 998324
	604  -  MemoryUsage of job (MB)
	618472  -  ResidentSetSize of job (KB)
...
006 (2485823.130.000) 11/08 00:18:55 Image size of job updated: 998324
	609  -  MemoryUsage of job (MB)
	623408  -  ResidentSetSize of job (KB)
...
006 (2485823.130.000) 11/08 00:23:55 Image size of job updated: 998324
	609  -  MemoryUsage of job (MB)
	623412  -  ResidentSetSize of job (KB)
...
006 (2485823.130.000) 11/08 00:33:57 Image size of job updated: 998324
	609  -  MemoryUsage of job (MB)
	623484  -  ResidentSetSize of job (KB)
...
006 (2485823.130.000) 11/08 00:43:57 Image size of job updated: 998324
	614  -  MemoryUsage of job (MB)
	628404  -  ResidentSetSize of job (KB)
...
006 (2485823.130.000) 11/08 00:58:59 Image size of job updated: 998324
	614  -  MemoryUsage of job (MB)
	628408  -  ResidentSetSize of job (KB)
...
005 (2485823.130.000) 11/08 00:59:13 Job terminated.
	(1) Normal termination (return value 0)
		Usr 0 00:26:51, Sys 0 00:01:42  -  Run Remote Usage
		Usr 0 00:00:00, Sys 0 00:00:00  -  Run Local Usage
		Usr 0 00:26:51, Sys 0 00:01:42  -  Total Remote Usage
		Usr 0 00:00:00, Sys 0 00:00:00  -  Total Local Usage
	0  -  Run Bytes Sent By Job
	0  -  Run Bytes Received By Job
	0  -  Total Bytes Sent By Job
	0  -  Total Bytes Received By Job
	Partitionable Resources :    Usage  Request Allocated
	   Cpus                 :                 1         1
	   Disk (KB)            :        1        1   1563588
	   Memory (MB)          :      614        1         1
...
