000 (2491133.130.000) 11/08 19:40:20 Job submitted from host: <192.168.1.109:9714>
...
001 (2491133.130.000) 11/08 19:40:56 Job executing on host: <192.168.1.49:9578>
...
006 (2491133.130.000) 11/08 19:41:05 Image size of job updated: 403464
	88  -  MemoryUsage of job (MB)
	89676  -  ResidentSetSize of job (KB)
...
006 (2491133.130.000) 11/08 19:46:06 Image size of job updated: 998368
	495  -  MemoryUsage of job (MB)
	506552  -  ResidentSetSize of job (KB)
...
006 (2491133.130.000) 11/08 19:51:06 Image size of job updated: 998368
	589  -  MemoryUsage of job (MB)
	602972  -  ResidentSetSize of job (KB)
...
006 (2491133.130.000) 11/08 19:56:06 Image size of job updated: 998368
	608  -  MemoryUsage of job (MB)
	621628  -  ResidentSetSize of job (KB)
...
006 (2491133.130.000) 11/08 20:01:07 Image size of job updated: 1196920
	818  -  MemoryUsage of job (MB)
	837496  -  ResidentSetSize of job (KB)
...
005 (2491133.130.000) 11/08 20:05:46 Job terminated.
	(1) Normal termination (return value 0)
		Usr 0 00:15:19, Sys 0 00:00:45  -  Run Remote Usage
		Usr 0 00:00:00, Sys 0 00:00:00  -  Run Local Usage
		Usr 0 00:15:19, Sys 0 00:00:45  -  Total Remote Usage
		Usr 0 00:00:00, Sys 0 00:00:00  -  Total Local Usage
	0  -  Run Bytes Sent By Job
	0  -  Run Bytes Received By Job
	0  -  Total Bytes Sent By Job
	0  -  Total Bytes Received By Job
	Partitionable Resources :    Usage  Request Allocated
	   Cpus                 :                 1         1
	   Disk (KB)            :        1        1  28380085
	   Memory (MB)          :      818        1      4033
...
