000 (2491851.130.000) 11/08 20:36:48 Job submitted from host: <192.168.1.109:9714>
...
001 (2491851.130.000) 11/08 20:37:19 Job executing on host: <192.168.1.64:9697>
...
006 (2491851.130.000) 11/08 20:37:28 Image size of job updated: 443768
	119  -  MemoryUsage of job (MB)
	120876  -  ResidentSetSize of job (KB)
...
006 (2491851.130.000) 11/08 20:42:29 Image size of job updated: 998360
	410  -  MemoryUsage of job (MB)
	419572  -  ResidentSetSize of job (KB)
...
006 (2491851.130.000) 11/08 20:47:29 Image size of job updated: 998360
	412  -  MemoryUsage of job (MB)
	421660  -  ResidentSetSize of job (KB)
...
006 (2491851.130.000) 11/08 20:52:29 Image size of job updated: 998360
	413  -  MemoryUsage of job (MB)
	422108  -  ResidentSetSize of job (KB)
...
006 (2491851.130.000) 11/08 20:57:30 Image size of job updated: 998360
	413  -  MemoryUsage of job (MB)
	422568  -  ResidentSetSize of job (KB)
...
006 (2491851.130.000) 11/08 21:02:31 Image size of job updated: 998360
	414  -  MemoryUsage of job (MB)
	423040  -  ResidentSetSize of job (KB)
...
006 (2491851.130.000) 11/08 21:07:31 Image size of job updated: 998360
	414  -  MemoryUsage of job (MB)
	423172  -  ResidentSetSize of job (KB)
...
006 (2491851.130.000) 11/08 21:12:32 Image size of job updated: 998360
	414  -  MemoryUsage of job (MB)
	423188  -  ResidentSetSize of job (KB)
...
006 (2491851.130.000) 11/08 21:17:33 Image size of job updated: 998360
	414  -  MemoryUsage of job (MB)
	423192  -  ResidentSetSize of job (KB)
...
006 (2491851.130.000) 11/08 21:22:33 Image size of job updated: 998360
	440  -  MemoryUsage of job (MB)
	450012  -  ResidentSetSize of job (KB)
...
006 (2491851.130.000) 11/08 21:27:34 Image size of job updated: 998360
	531  -  MemoryUsage of job (MB)
	543032  -  ResidentSetSize of job (KB)
...
006 (2491851.130.000) 11/08 21:32:34 Image size of job updated: 998360
	531  -  MemoryUsage of job (MB)
	543036  -  ResidentSetSize of job (KB)
...
006 (2491851.130.000) 11/08 21:47:36 Image size of job updated: 998360
	531  -  MemoryUsage of job (MB)
	543040  -  ResidentSetSize of job (KB)
...
005 (2491851.130.000) 11/08 21:52:59 Job terminated.
	(1) Normal termination (return value 0)
		Usr 0 00:33:08, Sys 0 00:01:24  -  Run Remote Usage
		Usr 0 00:00:00, Sys 0 00:00:00  -  Run Local Usage
		Usr 0 00:33:08, Sys 0 00:01:24  -  Total Remote Usage
		Usr 0 00:00:00, Sys 0 00:00:00  -  Total Local Usage
	0  -  Run Bytes Sent By Job
	0  -  Run Bytes Received By Job
	0  -  Total Bytes Sent By Job
	0  -  Total Bytes Received By Job
	Partitionable Resources :    Usage  Request Allocated
	   Cpus                 :                 1         1
	   Disk (KB)            :        1        1  19563717
	   Memory (MB)          :      531        1      4033
...
