000 (2497410.130.000) 11/09 15:33:47 Job submitted from host: <192.168.1.109:9714>
...
001 (2497410.130.000) 11/09 15:34:15 Job executing on host: <192.168.1.42:9515>
...
006 (2497410.130.000) 11/09 15:34:24 Image size of job updated: 181880
	3  -  MemoryUsage of job (MB)
	2536  -  ResidentSetSize of job (KB)
...
006 (2497410.130.000) 11/09 15:39:25 Image size of job updated: 1041720
	506  -  MemoryUsage of job (MB)
	517428  -  ResidentSetSize of job (KB)
...
006 (2497410.130.000) 11/09 15:44:25 Image size of job updated: 1041720
	506  -  MemoryUsage of job (MB)
	518136  -  ResidentSetSize of job (KB)
...
006 (2497410.130.000) 11/09 15:49:26 Image size of job updated: 1041720
	508  -  MemoryUsage of job (MB)
	520192  -  ResidentSetSize of job (KB)
...
006 (2497410.130.000) 11/09 15:54:27 Image size of job updated: 1041720
	509  -  MemoryUsage of job (MB)
	520260  -  ResidentSetSize of job (KB)
...
006 (2497410.130.000) 11/09 15:59:27 Image size of job updated: 1041720
	509  -  MemoryUsage of job (MB)
	520648  -  ResidentSetSize of job (KB)
...
006 (2497410.130.000) 11/09 16:04:27 Image size of job updated: 1041720
	509  -  MemoryUsage of job (MB)
	520704  -  ResidentSetSize of job (KB)
...
006 (2497410.130.000) 11/09 16:14:28 Image size of job updated: 1041720
	509  -  MemoryUsage of job (MB)
	520708  -  ResidentSetSize of job (KB)
...
006 (2497410.130.000) 11/09 16:19:28 Image size of job updated: 1041720
	509  -  MemoryUsage of job (MB)
	520728  -  ResidentSetSize of job (KB)
...
006 (2497410.130.000) 11/09 16:24:30 Image size of job updated: 1041720
	509  -  MemoryUsage of job (MB)
	520748  -  ResidentSetSize of job (KB)
...
006 (2497410.130.000) 11/09 16:34:30 Image size of job updated: 1041720
	509  -  MemoryUsage of job (MB)
	520752  -  ResidentSetSize of job (KB)
...
006 (2497410.130.000) 11/09 16:39:31 Image size of job updated: 1041720
	509  -  MemoryUsage of job (MB)
	520760  -  ResidentSetSize of job (KB)
...
006 (2497410.130.000) 11/09 16:44:32 Image size of job updated: 1041720
	509  -  MemoryUsage of job (MB)
	520768  -  ResidentSetSize of job (KB)
...
006 (2497410.130.000) 11/09 16:49:32 Image size of job updated: 1041720
	509  -  MemoryUsage of job (MB)
	520780  -  ResidentSetSize of job (KB)
...
006 (2497410.130.000) 11/09 16:54:32 Image size of job updated: 1041720
	509  -  MemoryUsage of job (MB)
	520784  -  ResidentSetSize of job (KB)
...
006 (2497410.130.000) 11/09 16:59:33 Image size of job updated: 1041720
	509  -  MemoryUsage of job (MB)
	520824  -  ResidentSetSize of job (KB)
...
006 (2497410.130.000) 11/09 17:04:33 Image size of job updated: 1041720
	509  -  MemoryUsage of job (MB)
	520860  -  ResidentSetSize of job (KB)
...
006 (2497410.130.000) 11/09 17:09:33 Image size of job updated: 1041720
	509  -  MemoryUsage of job (MB)
	520872  -  ResidentSetSize of job (KB)
...
006 (2497410.130.000) 11/09 17:14:34 Image size of job updated: 1041720
	622  -  MemoryUsage of job (MB)
	636080  -  ResidentSetSize of job (KB)
...
006 (2497410.130.000) 11/09 17:19:34 Image size of job updated: 1041720
	622  -  MemoryUsage of job (MB)
	636096  -  ResidentSetSize of job (KB)
...
006 (2497410.130.000) 11/09 17:24:34 Image size of job updated: 1041720
	622  -  MemoryUsage of job (MB)
	636120  -  ResidentSetSize of job (KB)
...
005 (2497410.130.000) 11/09 17:27:50 Job terminated.
	(1) Normal termination (return value 0)
		Usr 0 00:18:29, Sys 0 00:01:09  -  Run Remote Usage
		Usr 0 00:00:00, Sys 0 00:00:00  -  Run Local Usage
		Usr 0 00:18:29, Sys 0 00:01:09  -  Total Remote Usage
		Usr 0 00:00:00, Sys 0 00:00:00  -  Total Local Usage
	0  -  Run Bytes Sent By Job
	0  -  Run Bytes Received By Job
	0  -  Total Bytes Sent By Job
	0  -  Total Bytes Received By Job
	Partitionable Resources :    Usage  Request Allocated
	   Cpus                 :                 1         1
	   Disk (KB)            :        1        1   2371274
	   Memory (MB)          :      622        1      4035
...
