000 (2482243.026.000) 11/07 15:44:23 Job submitted from host: <192.168.1.109:9714>
...
001 (2482243.026.000) 11/07 15:44:35 Job executing on host: <192.168.1.67:9583>
...
006 (2482243.026.000) 11/07 15:44:43 Image size of job updated: 24456
	3  -  MemoryUsage of job (MB)
	2680  -  ResidentSetSize of job (KB)
...
006 (2482243.026.000) 11/07 15:44:51 Image size of job updated: 490244
	3  -  MemoryUsage of job (MB)
	2680  -  ResidentSetSize of job (KB)
...
005 (2482243.026.000) 11/07 15:44:51 Job terminated.
	(1) Normal termination (return value 0)
		Usr 0 00:00:08, Sys 0 00:00:00  -  Run Remote Usage
		Usr 0 00:00:00, Sys 0 00:00:00  -  Run Local Usage
		Usr 0 00:00:08, Sys 0 00:00:00  -  Total Remote Usage
		Usr 0 00:00:00, Sys 0 00:00:00  -  Total Local Usage
	0  -  Run Bytes Sent By Job
	0  -  Run Bytes Received By Job
	0  -  Total Bytes Sent By Job
	0  -  Total Bytes Received By Job
	Partitionable Resources :    Usage  Request Allocated
	   Cpus                 :                 1         1
	   Disk (KB)            :        1        1  19561894
	   Memory (MB)          :        3        1      4033
...
