000 (2492274.096.000) 11/08 21:22:01 Job submitted from host: <192.168.1.109:9714>
...
001 (2492274.096.000) 11/08 21:22:45 Job executing on host: <192.168.1.49:9578>
...
006 (2492274.096.000) 11/08 21:22:54 Image size of job updated: 360756
	70  -  MemoryUsage of job (MB)
	71564  -  ResidentSetSize of job (KB)
...
006 (2492274.096.000) 11/08 21:27:56 Image size of job updated: 1050208
	508  -  MemoryUsage of job (MB)
	519704  -  ResidentSetSize of job (KB)
...
006 (2492274.096.000) 11/08 21:32:56 Image size of job updated: 1050208
	508  -  MemoryUsage of job (MB)
	520084  -  ResidentSetSize of job (KB)
...
006 (2492274.096.000) 11/08 21:37:57 Image size of job updated: 1050208
	509  -  MemoryUsage of job (MB)
	520308  -  ResidentSetSize of job (KB)
...
006 (2492274.096.000) 11/08 21:42:58 Image size of job updated: 1050208
	509  -  MemoryUsage of job (MB)
	520316  -  ResidentSetSize of job (KB)
...
006 (2492274.096.000) 11/08 21:47:58 Image size of job updated: 1050208
	509  -  MemoryUsage of job (MB)
	520340  -  ResidentSetSize of job (KB)
...
006 (2492274.096.000) 11/08 21:52:58 Image size of job updated: 1050208
	509  -  MemoryUsage of job (MB)
	520372  -  ResidentSetSize of job (KB)
...
006 (2492274.096.000) 11/08 21:57:59 Image size of job updated: 1050208
	509  -  MemoryUsage of job (MB)
	520380  -  ResidentSetSize of job (KB)
...
005 (2492274.096.000) 11/08 22:01:13 Job terminated.
	(1) Normal termination (return value 0)
		Usr 0 00:07:11, Sys 0 00:00:26  -  Run Remote Usage
		Usr 0 00:00:00, Sys 0 00:00:00  -  Run Local Usage
		Usr 0 00:07:11, Sys 0 00:00:26  -  Total Remote Usage
		Usr 0 00:00:00, Sys 0 00:00:00  -  Total Local Usage
	0  -  Run Bytes Sent By Job
	0  -  Run Bytes Received By Job
	0  -  Total Bytes Sent By Job
	0  -  Total Bytes Received By Job
	Partitionable Resources :    Usage  Request Allocated
	   Cpus                 :                 1         1
	   Disk (KB)            :        1        1  28379741
	   Memory (MB)          :      509        1      4033
...
