000 (2492235.108.000) 11/08 21:19:21 Job submitted from host: <192.168.1.109:9714>
...
001 (2492235.108.000) 11/08 21:19:33 Job executing on host: <192.168.1.48:9634>
...
006 (2492235.108.000) 11/08 21:19:42 Image size of job updated: 439384
	98  -  MemoryUsage of job (MB)
	99924  -  ResidentSetSize of job (KB)
...
006 (2492235.108.000) 11/08 21:24:43 Image size of job updated: 1050204
	432  -  MemoryUsage of job (MB)
	441772  -  ResidentSetSize of job (KB)
...
006 (2492235.108.000) 11/08 21:29:43 Image size of job updated: 1050204
	432  -  MemoryUsage of job (MB)
	441896  -  ResidentSetSize of job (KB)
...
006 (2492235.108.000) 11/08 21:34:44 Image size of job updated: 1050204
	432  -  MemoryUsage of job (MB)
	442124  -  ResidentSetSize of job (KB)
...
006 (2492235.108.000) 11/08 21:39:45 Image size of job updated: 1050204
	432  -  MemoryUsage of job (MB)
	442128  -  ResidentSetSize of job (KB)
...
006 (2492235.108.000) 11/08 21:49:47 Image size of job updated: 1050204
	432  -  MemoryUsage of job (MB)
	442152  -  ResidentSetSize of job (KB)
...
006 (2492235.108.000) 11/08 21:54:47 Image size of job updated: 1050204
	432  -  MemoryUsage of job (MB)
	442184  -  ResidentSetSize of job (KB)
...
006 (2492235.108.000) 11/08 21:59:47 Image size of job updated: 1050204
	432  -  MemoryUsage of job (MB)
	442196  -  ResidentSetSize of job (KB)
...
006 (2492235.108.000) 11/08 22:09:48 Image size of job updated: 1050204
	544  -  MemoryUsage of job (MB)
	556808  -  ResidentSetSize of job (KB)
...
005 (2492235.108.000) 11/08 22:10:27 Job terminated.
	(1) Normal termination (return value 0)
		Usr 0 00:07:38, Sys 0 00:00:30  -  Run Remote Usage
		Usr 0 00:00:00, Sys 0 00:00:00  -  Run Local Usage
		Usr 0 00:07:38, Sys 0 00:00:30  -  Total Remote Usage
		Usr 0 00:00:00, Sys 0 00:00:00  -  Total Local Usage
	0  -  Run Bytes Sent By Job
	0  -  Run Bytes Received By Job
	0  -  Total Bytes Sent By Job
	0  -  Total Bytes Received By Job
	Partitionable Resources :    Usage  Request Allocated
	   Cpus                 :                 1         1
	   Disk (KB)            :        1        1  28379984
	   Memory (MB)          :      544        1      4033
...
