000 (2497410.114.000) 11/09 15:33:47 Job submitted from host: <192.168.1.109:9714>
...
001 (2497410.114.000) 11/09 15:34:13 Job executing on host: <192.168.1.42:9515>
...
006 (2497410.114.000) 11/09 15:34:22 Image size of job updated: 97664
	3  -  MemoryUsage of job (MB)
	2688  -  ResidentSetSize of job (KB)
...
006 (2497410.114.000) 11/09 15:38:10 Image size of job updated: 492564
	3  -  MemoryUsage of job (MB)
	2688  -  ResidentSetSize of job (KB)
...
005 (2497410.114.000) 11/09 15:38:10 Job terminated.
	(1) Normal termination (return value 0)
		Usr 0 00:00:25, Sys 0 00:00:01  -  Run Remote Usage
		Usr 0 00:00:00, Sys 0 00:00:00  -  Run Local Usage
		Usr 0 00:00:25, Sys 0 00:00:01  -  Total Remote Usage
		Usr 0 00:00:00, Sys 0 00:00:00  -  Total Local Usage
	0  -  Run Bytes Sent By Job
	0  -  Run Bytes Received By Job
	0  -  Total Bytes Sent By Job
	0  -  Total Bytes Received By Job
	Partitionable Resources :    Usage  Request Allocated
	   Cpus                 :                 1         1
	   Disk (KB)            :        1        1   2371274
	   Memory (MB)          :        3        1      4035
...
