000 (2485756.097.000) 11/07 21:19:45 Job submitted from host: <192.168.1.109:9714>
...
001 (2485756.097.000) 11/07 21:23:34 Job executing on host: <192.168.1.67:9583>
...
006 (2485756.097.000) 11/07 21:23:43 Image size of job updated: 24424
	3  -  MemoryUsage of job (MB)
	2620  -  ResidentSetSize of job (KB)
...
006 (2485756.097.000) 11/07 21:24:57 Image size of job updated: 456228
	3  -  MemoryUsage of job (MB)
	2620  -  ResidentSetSize of job (KB)
...
005 (2485756.097.000) 11/07 21:24:57 Job terminated.
	(1) Normal termination (return value 0)
		Usr 0 00:00:04, Sys 0 00:00:00  -  Run Remote Usage
		Usr 0 00:00:00, Sys 0 00:00:00  -  Run Local Usage
		Usr 0 00:00:04, Sys 0 00:00:00  -  Total Remote Usage
		Usr 0 00:00:00, Sys 0 00:00:00  -  Total Local Usage
	0  -  Run Bytes Sent By Job
	0  -  Run Bytes Received By Job
	0  -  Total Bytes Sent By Job
	0  -  Total Bytes Received By Job
	Partitionable Resources :    Usage  Request Allocated
	   Cpus                 :                 1         1
	   Disk (KB)            :        1        1  19561132
	   Memory (MB)          :        3        1      4033
...
