000 (2464979.086.000) 11/02 16:50:21 Job submitted from host: <192.168.1.109:9308>
...
001 (2464979.086.000) 11/02 16:50:39 Job executing on host: <192.168.1.65:9210>
...
006 (2464979.086.000) 11/02 16:50:47 Image size of job updated: 32840
	3  -  MemoryUsage of job (MB)
	2628  -  ResidentSetSize of job (KB)
...
006 (2464979.086.000) 11/02 16:55:47 Image size of job updated: 902636
	358  -  MemoryUsage of job (MB)
	365968  -  ResidentSetSize of job (KB)
...
006 (2464979.086.000) 11/02 17:00:49 Image size of job updated: 902636
	474  -  MemoryUsage of job (MB)
	484548  -  ResidentSetSize of job (KB)
...
005 (2464979.086.000) 11/02 17:02:51 Job terminated.
	(1) Normal termination (return value 0)
		Usr 0 00:09:32, Sys 0 00:00:24  -  Run Remote Usage
		Usr 0 00:00:00, Sys 0 00:00:00  -  Run Local Usage
		Usr 0 00:09:32, Sys 0 00:00:24  -  Total Remote Usage
		Usr 0 00:00:00, Sys 0 00:00:00  -  Total Local Usage
	0  -  Run Bytes Sent By Job
	0  -  Run Bytes Received By Job
	0  -  Total Bytes Sent By Job
	0  -  Total Bytes Received By Job
	Partitionable Resources :    Usage  Request Allocated
	   Cpus                 :                 1         1
	   Disk (KB)            :        1        1  19564426
	   Memory (MB)          :      474        1      4033
...
