000 (2492234.086.000) 11/08 21:18:50 Job submitted from host: <192.168.1.109:9714>
...
001 (2492234.086.000) 11/08 21:20:08 Job executing on host: <192.168.1.43:9998>
...
006 (2492234.086.000) 11/08 21:20:17 Image size of job updated: 97664
	3  -  MemoryUsage of job (MB)
	2316  -  ResidentSetSize of job (KB)
...
006 (2492234.086.000) 11/08 21:25:17 Image size of job updated: 971200
	401  -  MemoryUsage of job (MB)
	410156  -  ResidentSetSize of job (KB)
...
005 (2492234.086.000) 11/08 22:13:22 Job terminated.
	(1) Normal termination (return value 0)
		Usr 0 00:07:01, Sys 0 00:00:32  -  Run Remote Usage
		Usr 0 00:00:00, Sys 0 00:00:00  -  Run Local Usage
		Usr 0 00:07:01, Sys 0 00:00:32  -  Total Remote Usage
		Usr 0 00:00:00, Sys 0 00:00:00  -  Total Local Usage
	0  -  Run Bytes Sent By Job
	0  -  Run Bytes Received By Job
	0  -  Total Bytes Sent By Job
	0  -  Total Bytes Received By Job
	Partitionable Resources :    Usage  Request Allocated
	   Cpus                 :                 1         1
	   Disk (KB)            :        1        1   2370308
	   Memory (MB)          :      401        1      4035
...
