000 (2504798.086.000) 11/15 23:52:38 Job submitted from host: <192.168.1.109:9714>
...
001 (2504798.086.000) 11/15 23:52:46 Job executing on host: <192.168.1.53:9618?addrs=192.168.1.53-9618+[--1]-9618&noUDP&sock=2452_c2b7_3>
...
006 (2504798.086.000) 11/15 23:52:55 Image size of job updated: 181448
	32  -  MemoryUsage of job (MB)
	31976  -  ResidentSetSize of job (KB)
...
006 (2504798.086.000) 11/15 23:57:55 Image size of job updated: 951692
	455  -  MemoryUsage of job (MB)
	464920  -  ResidentSetSize of job (KB)
...
006 (2504798.086.000) 11/16 00:02:55 Image size of job updated: 951692
	511  -  MemoryUsage of job (MB)
	522856  -  ResidentSetSize of job (KB)
...
005 (2504798.086.000) 11/16 00:04:48 Job terminated.
	(1) Normal termination (return value 0)
		Usr 0 00:08:14, Sys 0 00:00:51  -  Run Remote Usage
		Usr 0 00:00:00, Sys 0 00:00:00  -  Run Local Usage
		Usr 0 00:08:14, Sys 0 00:00:51  -  Total Remote Usage
		Usr 0 00:00:00, Sys 0 00:00:00  -  Total Local Usage
	0  -  Run Bytes Sent By Job
	0  -  Run Bytes Received By Job
	0  -  Total Bytes Sent By Job
	0  -  Total Bytes Received By Job
	Partitionable Resources :    Usage  Request Allocated
	   Cpus                 :                 1         1
	   Disk (KB)            :        1        1   1563333
	   Memory (MB)          :      511        1         1
...
