000 (2485823.091.000) 11/07 23:48:30 Job submitted from host: <192.168.1.109:9714>
...
001 (2485823.091.000) 11/07 23:48:41 Job executing on host: <192.168.1.56:9618?addrs=192.168.1.56-9618+[--1]-9618&noUDP&sock=2542_7e3d_3>
...
006 (2485823.091.000) 11/07 23:48:50 Image size of job updated: 180704
	3  -  MemoryUsage of job (MB)
	2672  -  ResidentSetSize of job (KB)
...
006 (2485823.091.000) 11/07 23:53:51 Image size of job updated: 1019376
	604  -  MemoryUsage of job (MB)
	617556  -  ResidentSetSize of job (KB)
...
006 (2485823.091.000) 11/07 23:58:52 Image size of job updated: 1019376
	614  -  MemoryUsage of job (MB)
	628100  -  ResidentSetSize of job (KB)
...
006 (2485823.091.000) 11/08 00:03:52 Image size of job updated: 1019376
	614  -  MemoryUsage of job (MB)
	628400  -  ResidentSetSize of job (KB)
...
005 (2485823.091.000) 11/08 00:04:13 Job terminated.
	(1) Normal termination (return value 0)
		Usr 0 00:04:52, Sys 0 00:00:17  -  Run Remote Usage
		Usr 0 00:00:00, Sys 0 00:00:00  -  Run Local Usage
		Usr 0 00:04:52, Sys 0 00:00:17  -  Total Remote Usage
		Usr 0 00:00:00, Sys 0 00:00:00  -  Total Local Usage
	0  -  Run Bytes Sent By Job
	0  -  Run Bytes Received By Job
	0  -  Total Bytes Sent By Job
	0  -  Total Bytes Received By Job
	Partitionable Resources :    Usage  Request Allocated
	   Cpus                 :                 1         1
	   Disk (KB)            :        1        1   1563536
	   Memory (MB)          :      614        1         1
...
