000 (2526458.032.000) 11/21 12:05:32 Job submitted from host: <192.168.1.109:9714>
...
001 (2526458.032.000) 11/21 12:05:40 Job executing on host: <192.168.1.42:9515>
...
006 (2526458.032.000) 11/21 12:05:49 Image size of job updated: 358592
	60  -  MemoryUsage of job (MB)
	61192  -  ResidentSetSize of job (KB)
...
006 (2526458.032.000) 11/21 12:06:23 Image size of job updated: 472376
	60  -  MemoryUsage of job (MB)
	61192  -  ResidentSetSize of job (KB)
...
005 (2526458.032.000) 11/21 12:06:23 Job terminated.
	(1) Normal termination (return value 0)
		Usr 0 00:00:07, Sys 0 00:00:01  -  Run Remote Usage
		Usr 0 00:00:00, Sys 0 00:00:00  -  Run Local Usage
		Usr 0 00:00:07, Sys 0 00:00:01  -  Total Remote Usage
		Usr 0 00:00:00, Sys 0 00:00:00  -  Total Local Usage
	0  -  Run Bytes Sent By Job
	0  -  Run Bytes Received By Job
	0  -  Total Bytes Sent By Job
	0  -  Total Bytes Received By Job
	Partitionable Resources :    Usage  Request Allocated
	   Cpus                 :                 1         1
	   Disk (KB)            :        1        1   2371142
	   Memory (MB)          :       60        1      4035
...
