000 (2492932.026.000) 11/08 23:53:04 Job submitted from host: <192.168.1.109:9714>
...
001 (2492932.026.000) 11/08 23:53:26 Job executing on host: <192.168.1.43:9998>
...
006 (2492932.026.000) 11/08 23:53:35 Image size of job updated: 339768
	65  -  MemoryUsage of job (MB)
	66336  -  ResidentSetSize of job (KB)
...
006 (2492932.026.000) 11/08 23:53:56 Image size of job updated: 432260
	65  -  MemoryUsage of job (MB)
	66336  -  ResidentSetSize of job (KB)
...
005 (2492932.026.000) 11/08 23:53:56 Job terminated.
	(1) Normal termination (return value 0)
		Usr 0 00:00:07, Sys 0 00:00:01  -  Run Remote Usage
		Usr 0 00:00:00, Sys 0 00:00:00  -  Run Local Usage
		Usr 0 00:00:07, Sys 0 00:00:01  -  Total Remote Usage
		Usr 0 00:00:00, Sys 0 00:00:00  -  Total Local Usage
	0  -  Run Bytes Sent By Job
	0  -  Run Bytes Received By Job
	0  -  Total Bytes Sent By Job
	0  -  Total Bytes Received By Job
	Partitionable Resources :    Usage  Request Allocated
	   Cpus                 :                 1         1
	   Disk (KB)            :        1        1   2371360
	   Memory (MB)          :       65        1      4035
...
