000 (2491901.037.000) 11/08 20:40:13 Job submitted from host: <192.168.1.109:9714>
...
001 (2491901.037.000) 11/08 20:43:04 Job executing on host: <192.168.1.44:9507>
...
006 (2491901.037.000) 11/08 20:43:13 Image size of job updated: 97668
	3  -  MemoryUsage of job (MB)
	2320  -  ResidentSetSize of job (KB)
...
006 (2491901.037.000) 11/08 20:48:13 Image size of job updated: 360780
	73  -  MemoryUsage of job (MB)
	73748  -  ResidentSetSize of job (KB)
...
006 (2491901.037.000) 11/08 20:50:47 Image size of job updated: 2846076
	73  -  MemoryUsage of job (MB)
	73748  -  ResidentSetSize of job (KB)
...
005 (2491901.037.000) 11/08 20:50:47 Job terminated.
	(1) Normal termination (return value 1)
		Usr 0 00:01:08, Sys 0 00:00:03  -  Run Remote Usage
		Usr 0 00:00:00, Sys 0 00:00:00  -  Run Local Usage
		Usr 0 00:01:08, Sys 0 00:00:03  -  Total Remote Usage
		Usr 0 00:00:00, Sys 0 00:00:00  -  Total Local Usage
	0  -  Run Bytes Sent By Job
	0  -  Run Bytes Received By Job
	0  -  Total Bytes Sent By Job
	0  -  Total Bytes Received By Job
	Partitionable Resources :    Usage  Request Allocated
	   Cpus                 :                 1         1
	   Disk (KB)            :        1        1   2370160
	   Memory (MB)          :       73        1      4035
...
