000 (2485823.137.000) 11/07 23:48:31 Job submitted from host: <192.168.1.109:9714>
...
001 (2485823.137.000) 11/07 23:48:44 Job executing on host: <192.168.1.51:9694>
...
006 (2485823.137.000) 11/07 23:48:53 Image size of job updated: 400092
	74  -  MemoryUsage of job (MB)
	74820  -  ResidentSetSize of job (KB)
...
006 (2485823.137.000) 11/07 23:53:54 Image size of job updated: 914220
	391  -  MemoryUsage of job (MB)
	400256  -  ResidentSetSize of job (KB)
...
006 (2485823.137.000) 11/07 23:58:54 Image size of job updated: 914220
	449  -  MemoryUsage of job (MB)
	459236  -  ResidentSetSize of job (KB)
...
006 (2485823.137.000) 11/08 00:03:54 Image size of job updated: 914220
	450  -  MemoryUsage of job (MB)
	459784  -  ResidentSetSize of job (KB)
...
006 (2485823.137.000) 11/08 00:08:55 Image size of job updated: 914220
	450  -  MemoryUsage of job (MB)
	459888  -  ResidentSetSize of job (KB)
...
006 (2485823.137.000) 11/08 00:13:55 Image size of job updated: 914220
	450  -  MemoryUsage of job (MB)
	459912  -  ResidentSetSize of job (KB)
...
006 (2485823.137.000) 11/08 00:18:55 Image size of job updated: 914220
	450  -  MemoryUsage of job (MB)
	460132  -  ResidentSetSize of job (KB)
...
006 (2485823.137.000) 11/08 00:23:56 Image size of job updated: 914220
	450  -  MemoryUsage of job (MB)
	460136  -  ResidentSetSize of job (KB)
...
006 (2485823.137.000) 11/08 00:33:57 Image size of job updated: 914220
	450  -  MemoryUsage of job (MB)
	460156  -  ResidentSetSize of job (KB)
...
006 (2485823.137.000) 11/08 00:38:58 Image size of job updated: 914220
	450  -  MemoryUsage of job (MB)
	460172  -  ResidentSetSize of job (KB)
...
006 (2485823.137.000) 11/08 00:43:59 Image size of job updated: 914220
	450  -  MemoryUsage of job (MB)
	460412  -  ResidentSetSize of job (KB)
...
006 (2485823.137.000) 11/08 00:48:59 Image size of job updated: 914220
	450  -  MemoryUsage of job (MB)
	460440  -  ResidentSetSize of job (KB)
...
006 (2485823.137.000) 11/08 00:53:59 Image size of job updated: 914220
	450  -  MemoryUsage of job (MB)
	460472  -  ResidentSetSize of job (KB)
...
006 (2485823.137.000) 11/08 00:59:00 Image size of job updated: 914220
	450  -  MemoryUsage of job (MB)
	460476  -  ResidentSetSize of job (KB)
...
006 (2485823.137.000) 11/08 01:04:00 Image size of job updated: 914220
	450  -  MemoryUsage of job (MB)
	460484  -  ResidentSetSize of job (KB)
...
006 (2485823.137.000) 11/08 01:09:00 Image size of job updated: 914220
	450  -  MemoryUsage of job (MB)
	460620  -  ResidentSetSize of job (KB)
...
006 (2485823.137.000) 11/08 01:14:02 Image size of job updated: 914220
	528  -  MemoryUsage of job (MB)
	539928  -  ResidentSetSize of job (KB)
...
006 (2485823.137.000) 11/08 01:19:02 Image size of job updated: 914220
	542  -  MemoryUsage of job (MB)
	554012  -  ResidentSetSize of job (KB)
...
006 (2485823.137.000) 11/08 01:24:02 Image size of job updated: 914220
	542  -  MemoryUsage of job (MB)
	554016  -  ResidentSetSize of job (KB)
...
006 (2485823.137.000) 11/08 01:44:05 Image size of job updated: 914220
	542  -  MemoryUsage of job (MB)
	554072  -  ResidentSetSize of job (KB)
...
006 (2485823.137.000) 11/08 01:54:06 Image size of job updated: 914220
	542  -  MemoryUsage of job (MB)
	554380  -  ResidentSetSize of job (KB)
...
006 (2485823.137.000) 11/08 01:59:06 Image size of job updated: 914220
	542  -  MemoryUsage of job (MB)
	554384  -  ResidentSetSize of job (KB)
...
006 (2485823.137.000) 11/08 02:04:07 Image size of job updated: 914220
	542  -  MemoryUsage of job (MB)
	554388  -  ResidentSetSize of job (KB)
...
006 (2485823.137.000) 11/08 02:09:07 Image size of job updated: 914220
	542  -  MemoryUsage of job (MB)
	554428  -  ResidentSetSize of job (KB)
...
006 (2485823.137.000) 11/08 02:14:07 Image size of job updated: 914220
	543  -  MemoryUsage of job (MB)
	555068  -  ResidentSetSize of job (KB)
...
005 (2485823.137.000) 11/08 02:16:13 Job terminated.
	(1) Normal termination (return value 0)
		Usr 0 00:30:29, Sys 0 00:02:00  -  Run Remote Usage
		Usr 0 00:00:00, Sys 0 00:00:00  -  Run Local Usage
		Usr 0 00:30:29, Sys 0 00:02:00  -  Total Remote Usage
		Usr 0 00:00:00, Sys 0 00:00:00  -  Total Local Usage
	0  -  Run Bytes Sent By Job
	0  -  Run Bytes Received By Job
	0  -  Total Bytes Sent By Job
	0  -  Total Bytes Received By Job
	Partitionable Resources :    Usage  Request Allocated
	   Cpus                 :                 1         1
	   Disk (KB)            :        1        1  28372504
	   Memory (MB)          :      543        1      4033
...
