000 (2491851.137.000) 11/08 20:36:48 Job submitted from host: <192.168.1.109:9714>
...
001 (2491851.137.000) 11/08 20:37:20 Job executing on host: <192.168.1.42:9515>
...
006 (2491851.137.000) 11/08 20:37:29 Image size of job updated: 351896
	63  -  MemoryUsage of job (MB)
	64448  -  ResidentSetSize of job (KB)
...
006 (2491851.137.000) 11/08 20:42:30 Image size of job updated: 914224
	445  -  MemoryUsage of job (MB)
	455448  -  ResidentSetSize of job (KB)
...
006 (2491851.137.000) 11/08 21:17:33 Image size of job updated: 914224
	463  -  MemoryUsage of job (MB)
	473412  -  ResidentSetSize of job (KB)
...
006 (2491851.137.000) 11/08 21:22:33 Image size of job updated: 914224
	463  -  MemoryUsage of job (MB)
	473520  -  ResidentSetSize of job (KB)
...
006 (2491851.137.000) 11/08 22:17:38 Image size of job updated: 914224
	463  -  MemoryUsage of job (MB)
	473572  -  ResidentSetSize of job (KB)
...
006 (2491851.137.000) 11/08 22:22:39 Image size of job updated: 914224
	463  -  MemoryUsage of job (MB)
	473888  -  ResidentSetSize of job (KB)
...
006 (2491851.137.000) 11/08 22:27:39 Image size of job updated: 914224
	463  -  MemoryUsage of job (MB)
	473904  -  ResidentSetSize of job (KB)
...
006 (2491851.137.000) 11/08 22:32:39 Image size of job updated: 914224
	463  -  MemoryUsage of job (MB)
	473956  -  ResidentSetSize of job (KB)
...
006 (2491851.137.000) 11/08 22:37:40 Image size of job updated: 914224
	464  -  MemoryUsage of job (MB)
	474424  -  ResidentSetSize of job (KB)
...
005 (2491851.137.000) 11/08 22:40:13 Job terminated.
	(1) Normal termination (return value 0)
		Usr 0 00:36:13, Sys 0 00:02:00  -  Run Remote Usage
		Usr 0 00:00:00, Sys 0 00:00:00  -  Run Local Usage
		Usr 0 00:36:13, Sys 0 00:02:00  -  Total Remote Usage
		Usr 0 00:00:00, Sys 0 00:00:00  -  Total Local Usage
	0  -  Run Bytes Sent By Job
	0  -  Run Bytes Received By Job
	0  -  Total Bytes Sent By Job
	0  -  Total Bytes Received By Job
	Partitionable Resources :    Usage  Request Allocated
	   Cpus                 :                 1         1
	   Disk (KB)            :        1        1   2371118
	   Memory (MB)          :      464        1      4035
...
