000 (2491133.137.000) 11/08 19:40:20 Job submitted from host: <192.168.1.109:9714>
...
001 (2491133.137.000) 11/08 19:40:58 Job executing on host: <192.168.1.45:9392>
...
006 (2491133.137.000) 11/08 19:41:08 Image size of job updated: 1
	3  -  MemoryUsage of job (MB)
	2248  -  ResidentSetSize of job (KB)
...
006 (2491133.137.000) 11/08 19:46:10 Image size of job updated: 914228
	452  -  MemoryUsage of job (MB)
	462628  -  ResidentSetSize of job (KB)
...
006 (2491133.137.000) 11/08 19:51:10 Image size of job updated: 914228
	453  -  MemoryUsage of job (MB)
	463232  -  ResidentSetSize of job (KB)
...
006 (2491133.137.000) 11/08 19:56:10 Image size of job updated: 914228
	453  -  MemoryUsage of job (MB)
	463444  -  ResidentSetSize of job (KB)
...
006 (2491133.137.000) 11/08 20:01:11 Image size of job updated: 1057968
	614  -  MemoryUsage of job (MB)
	627924  -  ResidentSetSize of job (KB)
...
006 (2491133.137.000) 11/08 20:06:12 Image size of job updated: 1057968
	622  -  MemoryUsage of job (MB)
	635980  -  ResidentSetSize of job (KB)
...
006 (2491133.137.000) 11/08 20:11:12 Image size of job updated: 1057968
	623  -  MemoryUsage of job (MB)
	637176  -  ResidentSetSize of job (KB)
...
006 (2491133.137.000) 11/08 20:16:13 Image size of job updated: 1057968
	709  -  MemoryUsage of job (MB)
	725572  -  ResidentSetSize of job (KB)
...
006 (2491133.137.000) 11/08 20:21:14 Image size of job updated: 1057968
	736  -  MemoryUsage of job (MB)
	752652  -  ResidentSetSize of job (KB)
...
006 (2491133.137.000) 11/08 20:26:14 Image size of job updated: 1057968
	736  -  MemoryUsage of job (MB)
	753128  -  ResidentSetSize of job (KB)
...
005 (2491133.137.000) 11/08 20:31:02 Job terminated.
	(1) Normal termination (return value 0)
		Usr 0 00:30:24, Sys 0 00:01:54  -  Run Remote Usage
		Usr 0 00:00:00, Sys 0 00:00:00  -  Run Local Usage
		Usr 0 00:30:24, Sys 0 00:01:54  -  Total Remote Usage
		Usr 0 00:00:00, Sys 0 00:00:00  -  Total Local Usage
	0  -  Run Bytes Sent By Job
	0  -  Run Bytes Received By Job
	0  -  Total Bytes Sent By Job
	0  -  Total Bytes Received By Job
	Partitionable Resources :    Usage  Request Allocated
	   Cpus                 :                 1         1
	   Disk (KB)            :        1        1   2370581
	   Memory (MB)          :      736        1      4035
...
