000 (2497410.137.000) 11/09 15:33:47 Job submitted from host: <192.168.1.109:9714>
...
001 (2497410.137.000) 11/09 15:34:15 Job executing on host: <192.168.1.45:9392>
...
006 (2497410.137.000) 11/09 15:34:24 Image size of job updated: 443760
	130  -  MemoryUsage of job (MB)
	132944  -  ResidentSetSize of job (KB)
...
006 (2497410.137.000) 11/09 15:39:25 Image size of job updated: 960384
	465  -  MemoryUsage of job (MB)
	475996  -  ResidentSetSize of job (KB)
...
006 (2497410.137.000) 11/09 15:44:25 Image size of job updated: 960384
	465  -  MemoryUsage of job (MB)
	476032  -  ResidentSetSize of job (KB)
...
006 (2497410.137.000) 11/09 15:49:25 Image size of job updated: 960384
	465  -  MemoryUsage of job (MB)
	476052  -  ResidentSetSize of job (KB)
...
006 (2497410.137.000) 11/09 15:54:26 Image size of job updated: 960384
	465  -  MemoryUsage of job (MB)
	476076  -  ResidentSetSize of job (KB)
...
006 (2497410.137.000) 11/09 15:59:26 Image size of job updated: 960384
	465  -  MemoryUsage of job (MB)
	476088  -  ResidentSetSize of job (KB)
...
006 (2497410.137.000) 11/09 16:04:26 Image size of job updated: 960384
	534  -  MemoryUsage of job (MB)
	546312  -  ResidentSetSize of job (KB)
...
006 (2497410.137.000) 11/09 16:09:27 Image size of job updated: 960384
	559  -  MemoryUsage of job (MB)
	571436  -  ResidentSetSize of job (KB)
...
006 (2497410.137.000) 11/09 16:14:28 Image size of job updated: 960384
	559  -  MemoryUsage of job (MB)
	571440  -  ResidentSetSize of job (KB)
...
006 (2497410.137.000) 11/09 16:19:28 Image size of job updated: 960384
	559  -  MemoryUsage of job (MB)
	571792  -  ResidentSetSize of job (KB)
...
006 (2497410.137.000) 11/09 16:24:29 Image size of job updated: 960384
	559  -  MemoryUsage of job (MB)
	572316  -  ResidentSetSize of job (KB)
...
006 (2497410.137.000) 11/09 16:29:30 Image size of job updated: 960384
	559  -  MemoryUsage of job (MB)
	572336  -  ResidentSetSize of job (KB)
...
006 (2497410.137.000) 11/09 16:34:30 Image size of job updated: 960384
	559  -  MemoryUsage of job (MB)
	572408  -  ResidentSetSize of job (KB)
...
006 (2497410.137.000) 11/09 16:44:32 Image size of job updated: 960384
	561  -  MemoryUsage of job (MB)
	573792  -  ResidentSetSize of job (KB)
...
006 (2497410.137.000) 11/09 16:49:32 Image size of job updated: 960384
	562  -  MemoryUsage of job (MB)
	575480  -  ResidentSetSize of job (KB)
...
006 (2497410.137.000) 11/09 16:54:32 Image size of job updated: 960384
	564  -  MemoryUsage of job (MB)
	577420  -  ResidentSetSize of job (KB)
...
006 (2497410.137.000) 11/09 16:59:33 Image size of job updated: 960384
	565  -  MemoryUsage of job (MB)
	577852  -  ResidentSetSize of job (KB)
...
005 (2497410.137.000) 11/09 17:04:07 Job terminated.
	(1) Normal termination (return value 0)
		Usr 0 00:30:30, Sys 0 00:01:40  -  Run Remote Usage
		Usr 0 00:00:00, Sys 0 00:00:00  -  Run Local Usage
		Usr 0 00:30:30, Sys 0 00:01:40  -  Total Remote Usage
		Usr 0 00:00:00, Sys 0 00:00:00  -  Total Local Usage
	0  -  Run Bytes Sent By Job
	0  -  Run Bytes Received By Job
	0  -  Total Bytes Sent By Job
	0  -  Total Bytes Received By Job
	Partitionable Resources :    Usage  Request Allocated
	   Cpus                 :                 1         1
	   Disk (KB)            :        1        1   2370746
	   Memory (MB)          :      565        1      4035
...
