000 (2492883.043.000) 11/08 23:42:29 Job submitted from host: <192.168.1.109:9714>
...
001 (2492883.043.000) 11/08 23:42:54 Job executing on host: <192.168.1.43:9998>
...
006 (2492883.043.000) 11/08 23:43:03 Image size of job updated: 32840
	3  -  MemoryUsage of job (MB)
	2564  -  ResidentSetSize of job (KB)
...
006 (2492883.043.000) 11/08 23:43:17 Image size of job updated: 482084
	3  -  MemoryUsage of job (MB)
	2564  -  ResidentSetSize of job (KB)
...
005 (2492883.043.000) 11/08 23:43:17 Job terminated.
	(1) Normal termination (return value 0)
		Usr 0 00:00:08, Sys 0 00:00:00  -  Run Remote Usage
		Usr 0 00:00:00, Sys 0 00:00:00  -  Run Local Usage
		Usr 0 00:00:08, Sys 0 00:00:00  -  Total Remote Usage
		Usr 0 00:00:00, Sys 0 00:00:00  -  Total Local Usage
	0  -  Run Bytes Sent By Job
	0  -  Run Bytes Received By Job
	0  -  Total Bytes Sent By Job
	0  -  Total Bytes Received By Job
	Partitionable Resources :    Usage  Request Allocated
	   Cpus                 :                 1         1
	   Disk (KB)            :        1        1   2371376
	   Memory (MB)          :        3        1      4035
...
