000 (2493172.039.000) 11/09 00:41:41 Job submitted from host: <192.168.1.109:9714>
...
001 (2493172.039.000) 11/09 00:41:53 Job executing on host: <192.168.1.44:9507>
...
006 (2493172.039.000) 11/09 00:42:02 Image size of job updated: 88280
	12  -  MemoryUsage of job (MB)
	12148  -  ResidentSetSize of job (KB)
...
005 (2493172.039.000) 11/09 00:42:11 Job terminated.
	(1) Normal termination (return value 0)
		Usr 0 00:00:00, Sys 0 00:00:00  -  Run Remote Usage
		Usr 0 00:00:00, Sys 0 00:00:00  -  Run Local Usage
		Usr 0 00:00:00, Sys 0 00:00:00  -  Total Remote Usage
		Usr 0 00:00:00, Sys 0 00:00:00  -  Total Local Usage
	0  -  Run Bytes Sent By Job
	0  -  Run Bytes Received By Job
	0  -  Total Bytes Sent By Job
	0  -  Total Bytes Received By Job
	Partitionable Resources :    Usage  Request Allocated
	   Cpus                 :                 1         1
	   Disk (KB)            :        1        1   2370609
	   Memory (MB)          :       12        1      4035
...
