000 (2485756.108.000) 11/07 21:19:45 Job submitted from host: <192.168.1.109:9714>
...
001 (2485756.108.000) 11/07 21:23:31 Job executing on host: <192.168.1.47:9634>
...
006 (2485756.108.000) 11/07 21:23:39 Image size of job updated: 24488
	3  -  MemoryUsage of job (MB)
	2700  -  ResidentSetSize of job (KB)
...
006 (2485756.108.000) 11/07 21:28:39 Image size of job updated: 888464
	353  -  MemoryUsage of job (MB)
	360820  -  ResidentSetSize of job (KB)
...
005 (2485756.108.000) 11/07 21:28:58 Job terminated.
	(1) Normal termination (return value 0)
		Usr 0 00:03:23, Sys 0 00:00:14  -  Run Remote Usage
		Usr 0 00:00:00, Sys 0 00:00:00  -  Run Local Usage
		Usr 0 00:03:23, Sys 0 00:00:14  -  Total Remote Usage
		Usr 0 00:00:00, Sys 0 00:00:00  -  Total Local Usage
	0  -  Run Bytes Sent By Job
	0  -  Run Bytes Received By Job
	0  -  Total Bytes Sent By Job
	0  -  Total Bytes Received By Job
	Partitionable Resources :    Usage  Request Allocated
	   Cpus                 :                 1         1
	   Disk (KB)            :        1        1  28379550
	   Memory (MB)          :      353        1      4033
...
