000 (2493272.108.000) 11/09 01:26:06 Job submitted from host: <192.168.1.109:9714>
...
001 (2493272.108.000) 11/09 01:26:19 Job executing on host: <192.168.1.62:9618?addrs=192.168.1.62-9618+[--1]-9618&noUDP&sock=2400_17ca_3>
...
006 (2493272.108.000) 11/09 01:26:27 Image size of job updated: 181528
	3  -  MemoryUsage of job (MB)
	2544  -  ResidentSetSize of job (KB)
...
006 (2493272.108.000) 11/09 01:30:00 Image size of job updated: 971732
	3  -  MemoryUsage of job (MB)
	2544  -  ResidentSetSize of job (KB)
...
005 (2493272.108.000) 11/09 01:30:00 Job terminated.
	(1) Normal termination (return value 0)
		Usr 0 00:02:57, Sys 0 00:00:21  -  Run Remote Usage
		Usr 0 00:00:00, Sys 0 00:00:00  -  Run Local Usage
		Usr 0 00:02:57, Sys 0 00:00:21  -  Total Remote Usage
		Usr 0 00:00:00, Sys 0 00:00:00  -  Total Local Usage
	0  -  Run Bytes Sent By Job
	0  -  Run Bytes Received By Job
	0  -  Total Bytes Sent By Job
	0  -  Total Bytes Received By Job
	Partitionable Resources :    Usage  Request Allocated
	   Cpus                 :                 1         1
	   Disk (KB)            :        1        1   1563256
	   Memory (MB)          :        3        1         1
...
