000 (2485823.096.000) 11/07 23:48:30 Job submitted from host: <192.168.1.109:9714>
...
001 (2485823.096.000) 11/07 23:48:41 Job executing on host: <192.168.1.56:9618?addrs=192.168.1.56-9618+[--1]-9618&noUDP&sock=2542_7e3d_3>
...
006 (2485823.096.000) 11/07 23:48:50 Image size of job updated: 76456
	3  -  MemoryUsage of job (MB)
	2608  -  ResidentSetSize of job (KB)
...
006 (2485823.096.000) 11/07 23:53:51 Image size of job updated: 1021764
	507  -  MemoryUsage of job (MB)
	518620  -  ResidentSetSize of job (KB)
...
006 (2485823.096.000) 11/07 23:58:51 Image size of job updated: 1021764
	508  -  MemoryUsage of job (MB)
	519408  -  ResidentSetSize of job (KB)
...
006 (2485823.096.000) 11/08 00:03:51 Image size of job updated: 1021764
	569  -  MemoryUsage of job (MB)
	581816  -  ResidentSetSize of job (KB)
...
006 (2485823.096.000) 11/08 00:08:52 Image size of job updated: 1021764
	621  -  MemoryUsage of job (MB)
	635184  -  ResidentSetSize of job (KB)
...
006 (2485823.096.000) 11/08 00:13:53 Image size of job updated: 1021764
	621  -  MemoryUsage of job (MB)
	635276  -  ResidentSetSize of job (KB)
...
006 (2485823.096.000) 11/08 00:18:53 Image size of job updated: 1021764
	621  -  MemoryUsage of job (MB)
	635528  -  ResidentSetSize of job (KB)
...
005 (2485823.096.000) 11/08 00:19:34 Job terminated.
	(1) Normal termination (return value 0)
		Usr 0 00:10:00, Sys 0 00:00:35  -  Run Remote Usage
		Usr 0 00:00:00, Sys 0 00:00:00  -  Run Local Usage
		Usr 0 00:10:00, Sys 0 00:00:35  -  Total Remote Usage
		Usr 0 00:00:00, Sys 0 00:00:00  -  Total Local Usage
	0  -  Run Bytes Sent By Job
	0  -  Run Bytes Received By Job
	0  -  Total Bytes Sent By Job
	0  -  Total Bytes Received By Job
	Partitionable Resources :    Usage  Request Allocated
	   Cpus                 :                 1         1
	   Disk (KB)            :        1        1   1563536
	   Memory (MB)          :      621        1         1
...
