000 (2491133.096.000) 11/08 19:40:19 Job submitted from host: <192.168.1.109:9714>
...
001 (2491133.096.000) 11/08 19:40:53 Job executing on host: <192.168.1.47:9634>
...
006 (2491133.096.000) 11/08 19:41:02 Image size of job updated: 358896
	50  -  MemoryUsage of job (MB)
	50344  -  ResidentSetSize of job (KB)
...
006 (2491133.096.000) 11/08 19:46:03 Image size of job updated: 1021832
	500  -  MemoryUsage of job (MB)
	511848  -  ResidentSetSize of job (KB)
...
006 (2491133.096.000) 11/08 19:51:04 Image size of job updated: 1021832
	501  -  MemoryUsage of job (MB)
	512428  -  ResidentSetSize of job (KB)
...
006 (2491133.096.000) 11/08 19:56:04 Image size of job updated: 1021832
	501  -  MemoryUsage of job (MB)
	512660  -  ResidentSetSize of job (KB)
...
006 (2491133.096.000) 11/08 19:59:59 Image size of job updated: 1226288
	501  -  MemoryUsage of job (MB)
	512660  -  ResidentSetSize of job (KB)
...
005 (2491133.096.000) 11/08 19:59:59 Job terminated.
	(1) Normal termination (return value 0)
		Usr 0 00:06:13, Sys 0 00:00:24  -  Run Remote Usage
		Usr 0 00:00:00, Sys 0 00:00:00  -  Run Local Usage
		Usr 0 00:06:13, Sys 0 00:00:24  -  Total Remote Usage
		Usr 0 00:00:00, Sys 0 00:00:00  -  Total Local Usage
	0  -  Run Bytes Sent By Job
	0  -  Run Bytes Received By Job
	0  -  Total Bytes Sent By Job
	0  -  Total Bytes Received By Job
	Partitionable Resources :    Usage  Request Allocated
	   Cpus                 :                 1         1
	   Disk (KB)            :        1        1  28380611
	   Memory (MB)          :      501        1      4033
...
