000 (2492910.056.000) 11/08 23:48:10 Job submitted from host: <192.168.1.109:9714>
...
001 (2492910.056.000) 11/08 23:48:27 Job executing on host: <192.168.1.44:9507>
...
006 (2492910.056.000) 11/08 23:48:36 Image size of job updated: 78852
	3  -  MemoryUsage of job (MB)
	2692  -  ResidentSetSize of job (KB)
...
006 (2492910.056.000) 11/08 23:48:51 Image size of job updated: 456540
	3  -  MemoryUsage of job (MB)
	2692  -  ResidentSetSize of job (KB)
...
005 (2492910.056.000) 11/08 23:48:51 Job terminated.
	(1) Normal termination (return value 6)
		Usr 0 00:00:04, Sys 0 00:00:00  -  Run Remote Usage
		Usr 0 00:00:00, Sys 0 00:00:00  -  Run Local Usage
		Usr 0 00:00:04, Sys 0 00:00:00  -  Total Remote Usage
		Usr 0 00:00:00, Sys 0 00:00:00  -  Total Local Usage
	0  -  Run Bytes Sent By Job
	0  -  Run Bytes Received By Job
	0  -  Total Bytes Sent By Job
	0  -  Total Bytes Received By Job
	Partitionable Resources :    Usage  Request Allocated
	   Cpus                 :                 1         1
	   Disk (KB)            :        1        1   2370483
	   Memory (MB)          :        3        1      4035
...
