000 (2491851.066.000) 11/08 20:36:47 Job submitted from host: <192.168.1.109:9714>
...
001 (2491851.066.000) 11/08 20:37:15 Job executing on host: <192.168.1.67:9583>
...
006 (2491851.066.000) 11/08 20:37:24 Image size of job updated: 319736
	30  -  MemoryUsage of job (MB)
	30648  -  ResidentSetSize of job (KB)
...
006 (2491851.066.000) 11/08 20:42:25 Image size of job updated: 1024624
	505  -  MemoryUsage of job (MB)
	516632  -  ResidentSetSize of job (KB)
...
006 (2491851.066.000) 11/08 20:47:25 Image size of job updated: 1024624
	506  -  MemoryUsage of job (MB)
	517788  -  ResidentSetSize of job (KB)
...
005 (2491851.066.000) 11/08 20:51:23 Job terminated.
	(1) Normal termination (return value 0)
		Usr 0 00:05:25, Sys 0 00:00:12  -  Run Remote Usage
		Usr 0 00:00:00, Sys 0 00:00:00  -  Run Local Usage
		Usr 0 00:05:25, Sys 0 00:00:12  -  Total Remote Usage
		Usr 0 00:00:00, Sys 0 00:00:00  -  Total Local Usage
	0  -  Run Bytes Sent By Job
	0  -  Run Bytes Received By Job
	0  -  Total Bytes Sent By Job
	0  -  Total Bytes Received By Job
	Partitionable Resources :    Usage  Request Allocated
	   Cpus                 :                 1         1
	   Disk (KB)            :        1        1  19563475
	   Memory (MB)          :      506        1      4033
...
