000 (2492274.029.000) 11/08 21:21:59 Job submitted from host: <192.168.1.109:9714>
...
001 (2492274.029.000) 11/08 21:22:23 Job executing on host: <192.168.1.61:9618?addrs=192.168.1.61-9618+[--1]-9618&noUDP&sock=2538_1044_3>
...
006 (2492274.029.000) 11/08 21:22:31 Image size of job updated: 443728
	131  -  MemoryUsage of job (MB)
	133128  -  ResidentSetSize of job (KB)
...
006 (2492274.029.000) 11/08 21:27:31 Image size of job updated: 1074532
	534  -  MemoryUsage of job (MB)
	546500  -  ResidentSetSize of job (KB)
...
005 (2492274.029.000) 11/08 21:32:34 Job terminated.
	(1) Normal termination (return value 0)
		Usr 0 00:07:04, Sys 0 00:00:18  -  Run Remote Usage
		Usr 0 00:00:00, Sys 0 00:00:00  -  Run Local Usage
		Usr 0 00:07:04, Sys 0 00:00:18  -  Total Remote Usage
		Usr 0 00:00:00, Sys 0 00:00:00  -  Total Local Usage
	0  -  Run Bytes Sent By Job
	0  -  Run Bytes Received By Job
	0  -  Total Bytes Sent By Job
	0  -  Total Bytes Received By Job
	Partitionable Resources :    Usage  Request Allocated
	   Cpus                 :                 1         1
	   Disk (KB)            :        1        1   1562830
	   Memory (MB)          :      534        1         1
...
