000 (2493183.041.000) 11/09 00:44:13 Job submitted from host: <192.168.1.109:9714>
...
001 (2493183.041.000) 11/09 00:44:23 Job executing on host: <192.168.1.48:9634>
...
006 (2493183.041.000) 11/09 00:44:31 Image size of job updated: 82460
	9  -  MemoryUsage of job (MB)
	8772  -  ResidentSetSize of job (KB)
...
006 (2493183.041.000) 11/09 00:49:31 Image size of job updated: 1063584
	513  -  MemoryUsage of job (MB)
	525056  -  ResidentSetSize of job (KB)
...
006 (2493183.041.000) 11/09 00:54:32 Image size of job updated: 1063584
	514  -  MemoryUsage of job (MB)
	525520  -  ResidentSetSize of job (KB)
...
006 (2493183.041.000) 11/09 00:59:33 Image size of job updated: 1063584
	514  -  MemoryUsage of job (MB)
	525548  -  ResidentSetSize of job (KB)
...
005 (2493183.041.000) 11/09 01:02:50 Job terminated.
	(1) Normal termination (return value 0)
		Usr 0 00:03:01, Sys 0 00:00:16  -  Run Remote Usage
		Usr 0 00:00:00, Sys 0 00:00:00  -  Run Local Usage
		Usr 0 00:03:01, Sys 0 00:00:16  -  Total Remote Usage
		Usr 0 00:00:00, Sys 0 00:00:00  -  Total Local Usage
	0  -  Run Bytes Sent By Job
	0  -  Run Bytes Received By Job
	0  -  Total Bytes Sent By Job
	0  -  Total Bytes Received By Job
	Partitionable Resources :    Usage  Request Allocated
	   Cpus                 :                 1         1
	   Disk (KB)            :        1        1  28379791
	   Memory (MB)          :      514        1      4033
...
