000 (2493172.000.000) 11/09 00:41:40 Job submitted from host: <192.168.1.109:9714>
...
001 (2493172.000.000) 11/09 00:41:50 Job executing on host: <192.168.1.42:9515>
...
006 (2493172.000.000) 11/09 00:41:59 Image size of job updated: 78716
	3  -  MemoryUsage of job (MB)
	2664  -  ResidentSetSize of job (KB)
...
006 (2493172.000.000) 11/09 00:42:14 Image size of job updated: 473668
	3  -  MemoryUsage of job (MB)
	2664  -  ResidentSetSize of job (KB)
...
005 (2493172.000.000) 11/09 00:42:14 Job terminated.
	(1) Normal termination (return value 0)
		Usr 0 00:00:06, Sys 0 00:00:00  -  Run Remote Usage
		Usr 0 00:00:00, Sys 0 00:00:00  -  Run Local Usage
		Usr 0 00:00:06, Sys 0 00:00:00  -  Total Remote Usage
		Usr 0 00:00:00, Sys 0 00:00:00  -  Total Local Usage
	0  -  Run Bytes Sent By Job
	0  -  Run Bytes Received By Job
	0  -  Total Bytes Sent By Job
	0  -  Total Bytes Received By Job
	Partitionable Resources :    Usage  Request Allocated
	   Cpus                 :                 1         1
	   Disk (KB)            :        1        1   2371458
	   Memory (MB)          :        3        1      4035
...
