000 (2492274.035.000) 11/08 21:21:59 Job submitted from host: <192.168.1.109:9714>
...
001 (2492274.035.000) 11/08 21:22:23 Job executing on host: <192.168.1.68:9996>
...
006 (2492274.035.000) 11/08 21:22:32 Image size of job updated: 456280
	90  -  MemoryUsage of job (MB)
	91448  -  ResidentSetSize of job (KB)
...
006 (2492274.035.000) 11/08 21:27:33 Image size of job updated: 958220
	399  -  MemoryUsage of job (MB)
	408152  -  ResidentSetSize of job (KB)
...
006 (2492274.035.000) 11/08 21:32:33 Image size of job updated: 958220
	402  -  MemoryUsage of job (MB)
	410776  -  ResidentSetSize of job (KB)
...
006 (2492274.035.000) 11/08 21:37:34 Image size of job updated: 958220
	402  -  MemoryUsage of job (MB)
	411308  -  ResidentSetSize of job (KB)
...
006 (2492274.035.000) 11/08 21:42:34 Image size of job updated: 958220
	402  -  MemoryUsage of job (MB)
	411528  -  ResidentSetSize of job (KB)
...
006 (2492274.035.000) 11/08 21:47:34 Image size of job updated: 958220
	402  -  MemoryUsage of job (MB)
	411588  -  ResidentSetSize of job (KB)
...
006 (2492274.035.000) 11/08 21:52:35 Image size of job updated: 958220
	534  -  MemoryUsage of job (MB)
	546296  -  ResidentSetSize of job (KB)
...
006 (2492274.035.000) 11/08 21:57:35 Image size of job updated: 958220
	576  -  MemoryUsage of job (MB)
	589792  -  ResidentSetSize of job (KB)
...
006 (2492274.035.000) 11/08 22:02:35 Image size of job updated: 958220
	577  -  MemoryUsage of job (MB)
	589836  -  ResidentSetSize of job (KB)
...
005 (2492274.035.000) 11/08 22:06:41 Job terminated.
	(1) Normal termination (return value 0)
		Usr 0 00:19:07, Sys 0 00:00:48  -  Run Remote Usage
		Usr 0 00:00:00, Sys 0 00:00:00  -  Run Local Usage
		Usr 0 00:19:07, Sys 0 00:00:48  -  Total Remote Usage
		Usr 0 00:00:00, Sys 0 00:00:00  -  Total Local Usage
	0  -  Run Bytes Sent By Job
	0  -  Run Bytes Received By Job
	0  -  Total Bytes Sent By Job
	0  -  Total Bytes Received By Job
	Partitionable Resources :    Usage  Request Allocated
	   Cpus                 :                 1         1
	   Disk (KB)            :        1        1  20251318
	   Memory (MB)          :      577        1      4038
...
