000 (2492235.047.000) 11/08 21:19:19 Job submitted from host: <192.168.1.109:9714>
...
001 (2492235.047.000) 11/08 21:19:38 Job executing on host: <192.168.1.46:9845>
...
006 (2492235.047.000) 11/08 21:19:48 Image size of job updated: 97664
	3  -  MemoryUsage of job (MB)
	2692  -  ResidentSetSize of job (KB)
...
006 (2492235.047.000) 11/08 21:24:50 Image size of job updated: 958208
	364  -  MemoryUsage of job (MB)
	371800  -  ResidentSetSize of job (KB)
...
006 (2492235.047.000) 11/08 21:29:50 Image size of job updated: 958208
	365  -  MemoryUsage of job (MB)
	372832  -  ResidentSetSize of job (KB)
...
006 (2492235.047.000) 11/08 21:34:51 Image size of job updated: 958208
	366  -  MemoryUsage of job (MB)
	374368  -  ResidentSetSize of job (KB)
...
006 (2492235.047.000) 11/08 21:39:51 Image size of job updated: 958208
	367  -  MemoryUsage of job (MB)
	375040  -  ResidentSetSize of job (KB)
...
006 (2492235.047.000) 11/08 21:44:52 Image size of job updated: 958208
	368  -  MemoryUsage of job (MB)
	375968  -  ResidentSetSize of job (KB)
...
006 (2492235.047.000) 11/08 21:49:53 Image size of job updated: 958208
	368  -  MemoryUsage of job (MB)
	376456  -  ResidentSetSize of job (KB)
...
006 (2492235.047.000) 11/08 21:54:53 Image size of job updated: 958208
	368  -  MemoryUsage of job (MB)
	376504  -  ResidentSetSize of job (KB)
...
006 (2492235.047.000) 11/08 21:59:55 Image size of job updated: 958208
	368  -  MemoryUsage of job (MB)
	376520  -  ResidentSetSize of job (KB)
...
006 (2492235.047.000) 11/08 22:04:55 Image size of job updated: 958208
	368  -  MemoryUsage of job (MB)
	376636  -  ResidentSetSize of job (KB)
...
006 (2492235.047.000) 11/08 22:09:55 Image size of job updated: 958208
	368  -  MemoryUsage of job (MB)
	376708  -  ResidentSetSize of job (KB)
...
006 (2492235.047.000) 11/08 22:14:56 Image size of job updated: 958208
	368  -  MemoryUsage of job (MB)
	376748  -  ResidentSetSize of job (KB)
...
006 (2492235.047.000) 11/08 22:19:57 Image size of job updated: 958208
	369  -  MemoryUsage of job (MB)
	376852  -  ResidentSetSize of job (KB)
...
006 (2492235.047.000) 11/08 22:24:57 Image size of job updated: 958208
	369  -  MemoryUsage of job (MB)
	377364  -  ResidentSetSize of job (KB)
...
006 (2492235.047.000) 11/08 22:29:57 Image size of job updated: 958208
	551  -  MemoryUsage of job (MB)
	563556  -  ResidentSetSize of job (KB)
...
006 (2492235.047.000) 11/08 22:34:58 Image size of job updated: 958208
	551  -  MemoryUsage of job (MB)
	563584  -  ResidentSetSize of job (KB)
...
005 (2492235.047.000) 11/08 22:38:29 Job terminated.
	(1) Normal termination (return value 0)
		Usr 0 00:10:40, Sys 0 00:00:50  -  Run Remote Usage
		Usr 0 00:00:00, Sys 0 00:00:00  -  Run Local Usage
		Usr 0 00:10:40, Sys 0 00:00:50  -  Total Remote Usage
		Usr 0 00:00:00, Sys 0 00:00:00  -  Total Local Usage
	0  -  Run Bytes Sent By Job
	0  -  Run Bytes Received By Job
	0  -  Total Bytes Sent By Job
	0  -  Total Bytes Received By Job
	Partitionable Resources :    Usage  Request Allocated
	   Cpus                 :                 1         1
	   Disk (KB)            :        1        1   2371780
	   Memory (MB)          :      551        1      4035
...
