000 (2504800.035.000) 11/16 00:22:24 Job submitted from host: <192.168.1.109:9714>
...
001 (2504800.035.000) 11/16 00:22:32 Job executing on host: <192.168.1.49:9578>
...
006 (2504800.035.000) 11/16 00:22:41 Image size of job updated: 358592
	47  -  MemoryUsage of job (MB)
	47976  -  ResidentSetSize of job (KB)
...
006 (2504800.035.000) 11/16 00:22:49 Image size of job updated: 476268
	47  -  MemoryUsage of job (MB)
	47976  -  ResidentSetSize of job (KB)
...
005 (2504800.035.000) 11/16 00:22:49 Job terminated.
	(1) Normal termination (return value 0)
		Usr 0 00:00:08, Sys 0 00:00:00  -  Run Remote Usage
		Usr 0 00:00:00, Sys 0 00:00:00  -  Run Local Usage
		Usr 0 00:00:08, Sys 0 00:00:00  -  Total Remote Usage
		Usr 0 00:00:00, Sys 0 00:00:00  -  Total Local Usage
	0  -  Run Bytes Sent By Job
	0  -  Run Bytes Received By Job
	0  -  Total Bytes Sent By Job
	0  -  Total Bytes Received By Job
	Partitionable Resources :    Usage  Request Allocated
	   Cpus                 :                 1         1
	   Disk (KB)            :        1        1  28379408
	   Memory (MB)          :       47        1      4033
...
