000 (2485819.050.000) 11/07 22:35:29 Job submitted from host: <192.168.1.109:9714>
...
001 (2485819.050.000) 11/07 22:35:37 Job executing on host: <192.168.1.56:9618?addrs=192.168.1.56-9618+[--1]-9618&noUDP&sock=2542_7e3d_3>
...
006 (2485819.050.000) 11/07 22:35:46 Image size of job updated: 337028
	39  -  MemoryUsage of job (MB)
	39012  -  ResidentSetSize of job (KB)
...
006 (2485819.050.000) 11/07 22:40:47 Image size of job updated: 921684
	451  -  MemoryUsage of job (MB)
	461132  -  ResidentSetSize of job (KB)
...
006 (2485819.050.000) 11/07 22:45:47 Image size of job updated: 921684
	600  -  MemoryUsage of job (MB)
	614384  -  ResidentSetSize of job (KB)
...
006 (2485819.050.000) 11/07 22:50:48 Image size of job updated: 921684
	601  -  MemoryUsage of job (MB)
	614408  -  ResidentSetSize of job (KB)
...
006 (2485819.050.000) 11/07 22:55:49 Image size of job updated: 921684
	601  -  MemoryUsage of job (MB)
	614468  -  ResidentSetSize of job (KB)
...
006 (2485819.050.000) 11/07 23:00:49 Image size of job updated: 921684
	601  -  MemoryUsage of job (MB)
	614488  -  ResidentSetSize of job (KB)
...
006 (2485819.050.000) 11/07 23:05:49 Image size of job updated: 921684
	601  -  MemoryUsage of job (MB)
	614496  -  ResidentSetSize of job (KB)
...
006 (2485819.050.000) 11/07 23:10:50 Image size of job updated: 921684
	601  -  MemoryUsage of job (MB)
	614512  -  ResidentSetSize of job (KB)
...
006 (2485819.050.000) 11/07 23:15:51 Image size of job updated: 921684
	604  -  MemoryUsage of job (MB)
	617864  -  ResidentSetSize of job (KB)
...
006 (2485819.050.000) 11/07 23:20:51 Image size of job updated: 921684
	604  -  MemoryUsage of job (MB)
	617876  -  ResidentSetSize of job (KB)
...
006 (2485819.050.000) 11/07 23:25:52 Image size of job updated: 921684
	604  -  MemoryUsage of job (MB)
	617900  -  ResidentSetSize of job (KB)
...
005 (2485819.050.000) 11/07 23:39:12 Job terminated.
	(1) Normal termination (return value 0)
		Usr 0 00:58:39, Sys 0 00:02:58  -  Run Remote Usage
		Usr 0 00:00:00, Sys 0 00:00:00  -  Run Local Usage
		Usr 0 00:58:39, Sys 0 00:02:58  -  Total Remote Usage
		Usr 0 00:00:00, Sys 0 00:00:00  -  Total Local Usage
	0  -  Run Bytes Sent By Job
	0  -  Run Bytes Received By Job
	0  -  Total Bytes Sent By Job
	0  -  Total Bytes Received By Job
	Partitionable Resources :    Usage  Request Allocated
	   Cpus                 :                 1         1
	   Disk (KB)            :        1        1   1563536
	   Memory (MB)          :      604        1         1
...
