000 (2497409.050.000) 11/09 15:27:51 Job submitted from host: <192.168.1.109:9714>
...
001 (2497409.050.000) 11/09 15:28:16 Job executing on host: <192.168.1.49:9578>
...
006 (2497409.050.000) 11/09 15:28:24 Image size of job updated: 1
	3  -  MemoryUsage of job (MB)
	2112  -  ResidentSetSize of job (KB)
...
006 (2497409.050.000) 11/09 15:33:24 Image size of job updated: 930144
	455  -  MemoryUsage of job (MB)
	464928  -  ResidentSetSize of job (KB)
...
006 (2497409.050.000) 11/09 15:38:25 Image size of job updated: 930612
	455  -  MemoryUsage of job (MB)
	464928  -  ResidentSetSize of job (KB)
...
006 (2497409.050.000) 11/09 15:43:25 Image size of job updated: 930612
	500  -  MemoryUsage of job (MB)
	511356  -  ResidentSetSize of job (KB)
...
006 (2497409.050.000) 11/09 15:48:25 Image size of job updated: 930612
	534  -  MemoryUsage of job (MB)
	546540  -  ResidentSetSize of job (KB)
...
006 (2497409.050.000) 11/09 15:58:27 Image size of job updated: 930612
	534  -  MemoryUsage of job (MB)
	546544  -  ResidentSetSize of job (KB)
...
005 (2497409.050.000) 11/09 16:59:51 Job terminated.
	(1) Normal termination (return value 0)
		Usr 0 00:32:16, Sys 0 00:02:09  -  Run Remote Usage
		Usr 0 00:00:00, Sys 0 00:00:00  -  Run Local Usage
		Usr 0 00:32:16, Sys 0 00:02:09  -  Total Remote Usage
		Usr 0 00:00:00, Sys 0 00:00:00  -  Total Local Usage
	0  -  Run Bytes Sent By Job
	0  -  Run Bytes Received By Job
	0  -  Total Bytes Sent By Job
	0  -  Total Bytes Received By Job
	Partitionable Resources :    Usage  Request Allocated
	   Cpus                 :                 1         1
	   Disk (KB)            :        1        1  28380383
	   Memory (MB)          :      534        1      4033
...
