000 (2504801.010.000) 11/16 00:30:11 Job submitted from host: <192.168.1.109:9714>
...
001 (2504801.010.000) 11/16 00:30:38 Job executing on host: <192.168.1.63:9932>
...
006 (2504801.010.000) 11/16 00:30:48 Image size of job updated: 1
	3  -  MemoryUsage of job (MB)
	2100  -  ResidentSetSize of job (KB)
...
006 (2504801.010.000) 11/16 00:33:49 Image size of job updated: 925484
	3  -  MemoryUsage of job (MB)
	2100  -  ResidentSetSize of job (KB)
...
005 (2504801.010.000) 11/16 00:33:49 Job terminated.
	(1) Normal termination (return value 0)
		Usr 0 00:01:24, Sys 0 00:00:05  -  Run Remote Usage
		Usr 0 00:00:00, Sys 0 00:00:00  -  Run Local Usage
		Usr 0 00:01:24, Sys 0 00:00:05  -  Total Remote Usage
		Usr 0 00:00:00, Sys 0 00:00:00  -  Total Local Usage
	0  -  Run Bytes Sent By Job
	0  -  Run Bytes Received By Job
	0  -  Total Bytes Sent By Job
	0  -  Total Bytes Received By Job
	Partitionable Resources :    Usage  Request Allocated
	   Cpus                 :                 1         1
	   Disk (KB)            :        1        1  19562587
	   Memory (MB)          :        3        1      4033
...
