000 (2485823.045.000) 11/07 23:48:29 Job submitted from host: <192.168.1.109:9714>
...
001 (2485823.045.000) 11/07 23:48:38 Job executing on host: <192.168.1.50:9434>
...
006 (2485823.045.000) 11/07 23:48:47 Image size of job updated: 31184
	3  -  MemoryUsage of job (MB)
	2812  -  ResidentSetSize of job (KB)
...
006 (2485823.045.000) 11/07 23:53:48 Image size of job updated: 1020244
	508  -  MemoryUsage of job (MB)
	519352  -  ResidentSetSize of job (KB)
...
006 (2485823.045.000) 11/07 23:58:49 Image size of job updated: 1020244
	509  -  MemoryUsage of job (MB)
	520428  -  ResidentSetSize of job (KB)
...
006 (2485823.045.000) 11/08 00:03:49 Image size of job updated: 1020244
	509  -  MemoryUsage of job (MB)
	520584  -  ResidentSetSize of job (KB)
...
006 (2485823.045.000) 11/08 00:08:50 Image size of job updated: 1020244
	509  -  MemoryUsage of job (MB)
	520624  -  ResidentSetSize of job (KB)
...
006 (2485823.045.000) 11/08 00:13:51 Image size of job updated: 1020244
	512  -  MemoryUsage of job (MB)
	524264  -  ResidentSetSize of job (KB)
...
006 (2485823.045.000) 11/08 00:18:51 Image size of job updated: 1020244
	628  -  MemoryUsage of job (MB)
	642152  -  ResidentSetSize of job (KB)
...
006 (2485823.045.000) 11/08 00:23:52 Image size of job updated: 1020244
	628  -  MemoryUsage of job (MB)
	642432  -  ResidentSetSize of job (KB)
...
005 (2485823.045.000) 11/08 00:27:00 Job terminated.
	(1) Normal termination (return value 0)
		Usr 0 00:08:51, Sys 0 00:00:29  -  Run Remote Usage
		Usr 0 00:00:00, Sys 0 00:00:00  -  Run Local Usage
		Usr 0 00:08:51, Sys 0 00:00:29  -  Total Remote Usage
		Usr 0 00:00:00, Sys 0 00:00:00  -  Total Local Usage
	0  -  Run Bytes Sent By Job
	0  -  Run Bytes Received By Job
	0  -  Total Bytes Sent By Job
	0  -  Total Bytes Received By Job
	Partitionable Resources :    Usage  Request Allocated
	   Cpus                 :                 1         1
	   Disk (KB)            :        1        1  28360195
	   Memory (MB)          :      628        1      4033
...
