000 (2491851.045.000) 11/08 20:36:46 Job submitted from host: <192.168.1.109:9714>
...
001 (2491851.045.000) 11/08 20:37:14 Job executing on host: <192.168.1.67:9583>
...
006 (2491851.045.000) 11/08 20:37:23 Image size of job updated: 319736
	24  -  MemoryUsage of job (MB)
	24540  -  ResidentSetSize of job (KB)
...
006 (2491851.045.000) 11/08 20:42:23 Image size of job updated: 1020236
	509  -  MemoryUsage of job (MB)
	520564  -  ResidentSetSize of job (KB)
...
006 (2491851.045.000) 11/08 20:47:23 Image size of job updated: 1020236
	510  -  MemoryUsage of job (MB)
	521572  -  ResidentSetSize of job (KB)
...
006 (2491851.045.000) 11/08 20:52:24 Image size of job updated: 1020236
	510  -  MemoryUsage of job (MB)
	521676  -  ResidentSetSize of job (KB)
...
006 (2491851.045.000) 11/08 20:57:25 Image size of job updated: 1020236
	519  -  MemoryUsage of job (MB)
	531252  -  ResidentSetSize of job (KB)
...
006 (2491851.045.000) 11/08 21:02:25 Image size of job updated: 1020236
	626  -  MemoryUsage of job (MB)
	640876  -  ResidentSetSize of job (KB)
...
006 (2491851.045.000) 11/08 21:07:26 Image size of job updated: 1020236
	627  -  MemoryUsage of job (MB)
	641244  -  ResidentSetSize of job (KB)
...
005 (2491851.045.000) 11/08 21:07:48 Job terminated.
	(1) Normal termination (return value 0)
		Usr 0 00:16:17, Sys 0 00:00:39  -  Run Remote Usage
		Usr 0 00:00:00, Sys 0 00:00:00  -  Run Local Usage
		Usr 0 00:16:17, Sys 0 00:00:39  -  Total Remote Usage
		Usr 0 00:00:00, Sys 0 00:00:00  -  Total Local Usage
	0  -  Run Bytes Sent By Job
	0  -  Run Bytes Received By Job
	0  -  Total Bytes Sent By Job
	0  -  Total Bytes Received By Job
	Partitionable Resources :    Usage  Request Allocated
	   Cpus                 :                 1         1
	   Disk (KB)            :        1        1  19563475
	   Memory (MB)          :      627        1      4033
...
