mkdir: cannot create directory `outFiles/Application_1_2L': File exists
mkdir: cannot create directory `outFiles/Application_1_2L/InputBundle_Data_Input_33_Tree': File exists
SysError in <TFile::WriteBuffer>: error writing to file outFiles/Application_1_2L/InputBundle_Data_Input_33_Tree/BDT1_tree.root (-1) (No space left on device)
Error in <TBranch::TBranch::WriteBasketImpl>: basket's WriteBuffer failed.

Error in <TBranch::TBranch::Fill>: Failed to write out basket.

Error in <TTree::Fill>: Failed filling branch:tree.SingleIsoLeptonTrigAccept2017, nbytes=-1, entry=328113
 This error is symptomatic of a Tree created as a memory-resident Tree
 Instead of doing:
    TTree *T = new TTree(...)
    TFile *f = new TFile(...)
 you should do:
    TFile *f = new TFile(...)
    TTree *T = new TTree(...)


Error in <TBranch::TBranch::WriteBasketImpl>: basket's WriteBuffer failed.

Error in <TBranch::TBranch::Fill>: Failed to write out basket.

Error in <TTree::Fill>: Failed filling branch:tree.SingleIsoEleTrigAccept2017, nbytes=-1, entry=328128
 This error is symptomatic of a Tree created as a memory-resident Tree
 Instead of doing:
    TTree *T = new TTree(...)
    TFile *f = new TFile(...)
 you should do:
    TFile *f = new TFile(...)
    TTree *T = new TTree(...)


Error in <TBranch::TBranch::WriteBasketImpl>: basket's WriteBuffer failed.

Error in <TBranch::TBranch::Fill>: Failed to write out basket.

Error in <TTree::Fill>: Failed filling branch:tree.SingleIsoMuTrigAccept2017, nbytes=-1, entry=328133
 This error is symptomatic of a Tree created as a memory-resident Tree
 Instead of doing:
    TTree *T = new TTree(...)
    TFile *f = new TFile(...)
 you should do:
    TFile *f = new TFile(...)
    TTree *T = new TTree(...)


Error in <TBranch::TBranch::WriteBasketImpl>: basket's WriteBuffer failed.

Error in <TBranch::TBranch::Fill>: Failed to write out basket.

Error in <TTree::Fill>: Failed filling branch:tree.HasTriggerMatch2017, nbytes=-1, entry=328163
 This error is symptomatic of a Tree created as a memory-resident Tree
 Instead of doing:
    TTree *T = new TTree(...)
    TFile *f = new TFile(...)
 you should do:
    TFile *f = new TFile(...)
    TTree *T = new TTree(...)


Error in <TBranch::TBranch::WriteBasketImpl>: basket's WriteBuffer failed.

Error in <TBranch::TBranch::Fill>: Failed to write out basket.

Error in <TTree::Fill>: Failed filling branch:tree.LightLeptonOnZ15, nbytes=-1, entry=328178
 This error is symptomatic of a Tree created as a memory-resident Tree
 Instead of doing:
    TTree *T = new TTree(...)
    TFile *f = new TFile(...)
 you should do:
    TFile *f = new TFile(...)
    TTree *T = new TTree(...)


Error in <TBranchElement::TBranch::WriteBasketImpl>: basket's WriteBuffer failed.

Error in <TBranchElement::TBranch::Fill>: Failed to write out basket.

Error in <TBranchElement::Fill>: Failed filling branch:LightLeptonBDTPtInclusiveLeptons, nbytes=-1
Error in <TTree::Fill>: Failed filling branch:tree.LightLeptonBDTPtInclusiveLeptons, nbytes=-1, entry=329536
 This error is symptomatic of a Tree created as a memory-resident Tree
 Instead of doing:
    TTree *T = new TTree(...)
    TFile *f = new TFile(...)
 you should do:
    TFile *f = new TFile(...)
    TTree *T = new TTree(...)


Error in <TBranchElement::TBranch::WriteBasketImpl>: basket's WriteBuffer failed.

Error in <TBranchElement::TBranch::Fill>: Failed to write out basket.

Error in <TBranchElement::Fill>: Failed filling branch:NoIDJetCombinedInclusiveSecondaryVertexV2BJetTags, nbytes=-1
Error in <TTree::Fill>: Failed filling branch:tree.NoIDJetCombinedInclusiveSecondaryVertexV2BJetTags, nbytes=-1, entry=330879
 This error is symptomatic of a Tree created as a memory-resident Tree
 Instead of doing:
    TTree *T = new TTree(...)
    TFile *f = new TFile(...)
 you should do:
    TFile *f = new TFile(...)
    TTree *T = new TTree(...)


Error in <TBranchElement::TBranch::WriteBasketImpl>: basket's WriteBuffer failed.

Error in <TBranchElement::TBranch::Fill>: Failed to write out basket.

Error in <TBranchElement::Fill>: Failed filling branch