000 (2485819.033.000) 11/07 22:35:28 Job submitted from host: <192.168.1.109:9714>
...
001 (2485819.033.000) 11/07 22:35:37 Job executing on host: <192.168.1.60:9618?addrs=192.168.1.60-9618+[--1]-9618&noUDP&sock=2263_1f51_3>
...
006 (2485819.033.000) 11/07 22:35:45 Image size of job updated: 319436
	12  -  MemoryUsage of job (MB)
	11580  -  ResidentSetSize of job (KB)
...
006 (2485819.033.000) 11/07 22:37:20 Image size of job updated: 949348
	12  -  MemoryUsage of job (MB)
	11580  -  ResidentSetSize of job (KB)
...
005 (2485819.033.000) 11/07 22:37:20 Job terminated.
	(1) Normal termination (return value 0)
		Usr 0 00:01:21, Sys 0 00:00:05  -  Run Remote Usage
		Usr 0 00:00:00, Sys 0 00:00:00  -  Run Local Usage
		Usr 0 00:01:21, Sys 0 00:00:05  -  Total Remote Usage
		Usr 0 00:00:00, Sys 0 00:00:00  -  Total Local Usage
	0  -  Run Bytes Sent By Job
	0  -  Run Bytes Received By Job
	0  -  Total Bytes Sent By Job
	0  -  Total Bytes Received By Job
	Partitionable Resources :    Usage  Request Allocated
	   Cpus                 :                 1         1
	   Disk (KB)            :        1        1   1563310
	   Memory (MB)          :       12        1         1
...
