000 (2504806.083.000) 11/16 01:28:52 Job submitted from host: <192.168.1.109:9714>
...
001 (2504806.083.000) 11/16 01:29:07 Job executing on host: <192.168.1.66:9620>
...
006 (2504806.083.000) 11/16 01:29:15 Image size of job updated: 60676
	8  -  MemoryUsage of job (MB)
	7192  -  ResidentSetSize of job (KB)
...
006 (2504806.083.000) 11/16 01:29:24 Image size of job updated: 475600
	8  -  MemoryUsage of job (MB)
	7192  -  ResidentSetSize of job (KB)
...
005 (2504806.083.000) 11/16 01:29:24 Job terminated.
	(1) Normal termination (return value 0)
		Usr 0 00:00:10, Sys 0 00:00:00  -  Run Remote Usage
		Usr 0 00:00:00, Sys 0 00:00:00  -  Run Local Usage
		Usr 0 00:00:10, Sys 0 00:00:00  -  Total Remote Usage
		Usr 0 00:00:00, Sys 0 00:00:00  -  Total Local Usage
	0  -  Run Bytes Sent By Job
	0  -  Run Bytes Received By Job
	0  -  Total Bytes Sent By Job
	0  -  Total Bytes Received By Job
	Partitionable Resources :    Usage  Request Allocated
	   Cpus                 :                 1         1
	   Disk (KB)            :        1        1  19562312
	   Memory (MB)          :        8        1      4033
...
