000 (2506672.083.000) 11/17 00:35:27 Job submitted from host: <192.168.1.109:9714>
...
001 (2506672.083.000) 11/17 00:35:49 Job executing on host: <192.168.1.48:9634>
...
006 (2506672.083.000) 11/17 00:35:58 Image size of job updated: 1
	3  -  MemoryUsage of job (MB)
	2104  -  ResidentSetSize of job (KB)
...
006 (2506672.083.000) 11/17 00:36:02 Image size of job updated: 475476
	3  -  MemoryUsage of job (MB)
	2104  -  ResidentSetSize of job (KB)
...
005 (2506672.083.000) 11/17 00:36:03 Job terminated.
	(1) Normal termination (return value 0)
		Usr 0 00:00:06, Sys 0 00:00:00  -  Run Remote Usage
		Usr 0 00:00:00, Sys 0 00:00:00  -  Run Local Usage
		Usr 0 00:00:06, Sys 0 00:00:00  -  Total Remote Usage
		Usr 0 00:00:00, Sys 0 00:00:00  -  Total Local Usage
	0  -  Run Bytes Sent By Job
	0  -  Run Bytes Received By Job
	0  -  Total Bytes Sent By Job
	0  -  Total Bytes Received By Job
	Partitionable Resources :    Usage  Request Allocated
	   Cpus                 :                 1         1
	   Disk (KB)            :        1        1  28380773
	   Memory (MB)          :        3        1      4033
...
