000 (2464980.062.000) 11/02 16:52:05 Job submitted from host: <192.168.1.109:9308>
...
001 (2464980.062.000) 11/02 16:52:41 Job executing on host: <192.168.1.47:9634>
...
006 (2464980.062.000) 11/02 16:52:50 Image size of job updated: 97468
	2  -  MemoryUsage of job (MB)
	1400  -  ResidentSetSize of job (KB)
...
006 (2464980.062.000) 11/02 16:53:07 Image size of job updated: 490984
	2  -  MemoryUsage of job (MB)
	1400  -  ResidentSetSize of job (KB)
...
005 (2464980.062.000) 11/02 16:53:07 Job terminated.
	(1) Normal termination (return value 0)
		Usr 0 00:00:06, Sys 0 00:00:00  -  Run Remote Usage
		Usr 0 00:00:00, Sys 0 00:00:00  -  Run Local Usage
		Usr 0 00:00:06, Sys 0 00:00:00  -  Total Remote Usage
		Usr 0 00:00:00, Sys 0 00:00:00  -  Total Local Usage
	0  -  Run Bytes Sent By Job
	0  -  Run Bytes Received By Job
	0  -  Total Bytes Sent By Job
	0  -  Total Bytes Received By Job
	Partitionable Resources :    Usage  Request Allocated
	   Cpus                 :                 1         1
	   Disk (KB)            :        1        1  28380464
	   Memory (MB)          :        2        1      4033
...
