000 (2497153.050.000) 11/09 15:05:06 Job submitted from host: <192.168.1.109:9714>
...
001 (2497153.050.000) 11/09 15:05:23 Job executing on host: <192.168.1.57:9618?addrs=192.168.1.57-9618+[--1]-9618&noUDP&sock=2389_8c3f_3>
...
006 (2497153.050.000) 11/09 15:05:31 Image size of job updated: 203204
	28  -  MemoryUsage of job (MB)
	28444  -  ResidentSetSize of job (KB)
...
005 (2497153.050.000) 11/09 15:05:35 Job terminated.
	(1) Normal termination (return value 0)
		Usr 0 00:00:00, Sys 0 00:00:00  -  Run Remote Usage
		Usr 0 00:00:00, Sys 0 00:00:00  -  Run Local Usage
		Usr 0 00:00:00, Sys 0 00:00:00  -  Total Remote Usage
		Usr 0 00:00:00, Sys 0 00:00:00  -  Total Local Usage
	0  -  Run Bytes Sent By Job
	0  -  Run Bytes Received By Job
	0  -  Total Bytes Sent By Job
	0  -  Total Bytes Received By Job
	Partitionable Resources :    Usage  Request Allocated
	   Cpus                 :                 1         1
	   Disk (KB)            :        1        1   1563560
	   Memory (MB)          :       28        1         1
...
