000 (2485756.098.000) 11/07 21:19:45 Job submitted from host: <192.168.1.109:9714>
...
001 (2485756.098.000) 11/07 21:23:29 Job executing on host: <192.168.1.58:9618?addrs=192.168.1.58-9618+[--1]-9618&noUDP&sock=2203_f7a2_3>
...
006 (2485756.098.000) 11/07 21:23:37 Image size of job updated: 465012
	147  -  MemoryUsage of job (MB)
	149952  -  ResidentSetSize of job (KB)
...
006 (2485756.098.000) 11/07 21:23:38 Image size of job updated: 481588
	147  -  MemoryUsage of job (MB)
	149952  -  ResidentSetSize of job (KB)
...
005 (2485756.098.000) 11/07 21:23:38 Job terminated.
	(1) Normal termination (return value 0)
		Usr 0 00:00:07, Sys 0 00:00:00  -  Run Remote Usage
		Usr 0 00:00:00, Sys 0 00:00:00  -  Run Local Usage
		Usr 0 00:00:07, Sys 0 00:00:00  -  Total Remote Usage
		Usr 0 00:00:00, Sys 0 00:00:00  -  Total Local Usage
	0  -  Run Bytes Sent By Job
	0  -  Run Bytes Received By Job
	0  -  Total Bytes Sent By Job
	0  -  Total Bytes Received By Job
	Partitionable Resources :    Usage  Request Allocated
	   Cpus                 :                 1         1
	   Disk (KB)            :        1        1   1563588
	   Memory (MB)          :      147        1         1
...
