000 (2464979.089.000) 11/02 16:50:21 Job submitted from host: <192.168.1.109:9308>
...
001 (2464979.089.000) 11/02 16:50:39 Job executing on host: <192.168.1.68:9996>
...
006 (2464979.089.000) 11/02 16:50:48 Image size of job updated: 97468
	2  -  MemoryUsage of job (MB)
	1352  -  ResidentSetSize of job (KB)
...
006 (2464979.089.000) 11/02 16:55:48 Image size of job updated: 908396
	363  -  MemoryUsage of job (MB)
	371200  -  ResidentSetSize of job (KB)
...
006 (2464979.089.000) 11/02 17:00:49 Image size of job updated: 908396
	469  -  MemoryUsage of job (MB)
	479572  -  ResidentSetSize of job (KB)
...
005 (2464979.089.000) 11/02 17:05:04 Job terminated.
	(1) Normal termination (return value 0)
		Usr 0 00:12:13, Sys 0 00:00:27  -  Run Remote Usage
		Usr 0 00:00:00, Sys 0 00:00:00  -  Run Local Usage
		Usr 0 00:12:13, Sys 0 00:00:27  -  Total Remote Usage
		Usr 0 00:00:00, Sys 0 00:00:00  -  Total Local Usage
	0  -  Run Bytes Sent By Job
	0  -  Run Bytes Received By Job
	0  -  Total Bytes Sent By Job
	0  -  Total Bytes Received By Job
	Partitionable Resources :    Usage  Request Allocated
	   Cpus                 :                 1         1
	   Disk (KB)            :        1        1  20251514
	   Memory (MB)          :      469        1      4038
...
