000 (2492234.089.000) 11/08 21:18:50 Job submitted from host: <192.168.1.109:9714>
...
001 (2492234.089.000) 11/08 21:19:41 Job executing on host: <192.168.1.42:9515>
...
006 (2492234.089.000) 11/08 21:19:51 Image size of job updated: 97664
	3  -  MemoryUsage of job (MB)
	2664  -  ResidentSetSize of job (KB)
...
006 (2492234.089.000) 11/08 21:24:52 Image size of job updated: 976228
	402  -  MemoryUsage of job (MB)
	411032  -  ResidentSetSize of job (KB)
...
006 (2492234.089.000) 11/08 21:29:52 Image size of job updated: 976228
	402  -  MemoryUsage of job (MB)
	411332  -  ResidentSetSize of job (KB)
...
006 (2492234.089.000) 11/08 21:34:53 Image size of job updated: 976228
	402  -  MemoryUsage of job (MB)
	411436  -  ResidentSetSize of job (KB)
...
006 (2492234.089.000) 11/08 21:39:54 Image size of job updated: 976228
	402  -  MemoryUsage of job (MB)
	411564  -  ResidentSetSize of job (KB)
...
006 (2492234.089.000) 11/08 21:44:54 Image size of job updated: 976228
	491  -  MemoryUsage of job (MB)
	502480  -  ResidentSetSize of job (KB)
...
006 (2492234.089.000) 11/08 21:49:55 Image size of job updated: 976228
	493  -  MemoryUsage of job (MB)
	504764  -  ResidentSetSize of job (KB)
...
006 (2492234.089.000) 11/08 21:54:56 Image size of job updated: 976228
	493  -  MemoryUsage of job (MB)
	504788  -  ResidentSetSize of job (KB)
...
006 (2492234.089.000) 11/08 21:59:56 Image size of job updated: 976228
	493  -  MemoryUsage of job (MB)
	504796  -  ResidentSetSize of job (KB)
...
006 (2492234.089.000) 11/08 22:04:56 Image size of job updated: 976228
	494  -  MemoryUsage of job (MB)
	504864  -  ResidentSetSize of job (KB)
...
006 (2492234.089.000) 11/08 22:09:57 Image size of job updated: 976228
	494  -  MemoryUsage of job (MB)
	505308  -  ResidentSetSize of job (KB)
...
005 (2492234.089.000) 11/08 22:10:29 Job terminated.
	(1) Normal termination (return value 0)
		Usr 0 00:07:27, Sys 0 00:00:32  -  Run Remote Usage
		Usr 0 00:00:00, Sys 0 00:00:00  -  Run Local Usage
		Usr 0 00:07:27, Sys 0 00:00:32  -  Total Remote Usage
		Usr 0 00:00:00, Sys 0 00:00:00  -  Total Local Usage
	0  -  Run Bytes Sent By Job
	0  -  Run Bytes Received By Job
	0  -  Total Bytes Sent By Job
	0  -  Total Bytes Received By Job
	Partitionable Resources :    Usage  Request Allocated
	   Cpus                 :                 1         1
	   Disk (KB)            :        1        1   2370652
	   Memory (MB)          :      494        1      4035
...
