000 (2504804.089.000) 11/16 01:06:13 Job submitted from host: <192.168.1.109:9714>
...
001 (2504804.089.000) 11/16 01:06:36 Job executing on host: <192.168.1.68:9996>
...
006 (2504804.089.000) 11/16 01:06:45 Image size of job updated: 177688
	3  -  MemoryUsage of job (MB)
	2528  -  ResidentSetSize of job (KB)
...
006 (2504804.089.000) 11/16 01:11:45 Image size of job updated: 961016
	458  -  MemoryUsage of job (MB)
	468444  -  ResidentSetSize of job (KB)
...
006 (2504804.089.000) 11/16 01:16:45 Image size of job updated: 961016
	458  -  MemoryUsage of job (MB)
	468548  -  ResidentSetSize of job (KB)
...
005 (2504804.089.000) 11/16 01:19:09 Job terminated.
	(1) Normal termination (return value 0)
		Usr 0 00:08:45, Sys 0 00:00:46  -  Run Remote Usage
		Usr 0 00:00:00, Sys 0 00:00:00  -  Run Local Usage
		Usr 0 00:08:45, Sys 0 00:00:46  -  Total Remote Usage
		Usr 0 00:00:00, Sys 0 00:00:00  -  Total Local Usage
	0  -  Run Bytes Sent By Job
	0  -  Run Bytes Received By Job
	0  -  Total Bytes Sent By Job
	0  -  Total Bytes Received By Job
	Partitionable Resources :    Usage  Request Allocated
	   Cpus                 :                 1         1
	   Disk (KB)            :        1        1  20250681
	   Memory (MB)          :      458        1      4038
...
