000 (2506670.089.000) 11/17 00:08:51 Job submitted from host: <192.168.1.109:9714>
...
001 (2506670.089.000) 11/17 00:09:04 Job executing on host: <192.168.1.68:9996>
...
006 (2506670.089.000) 11/17 00:09:12 Image size of job updated: 15608
	2  -  MemoryUsage of job (MB)
	1412  -  ResidentSetSize of job (KB)
...
006 (2506670.089.000) 11/17 00:14:12 Image size of job updated: 965188
	458  -  MemoryUsage of job (MB)
	468752  -  ResidentSetSize of job (KB)
...
006 (2506670.089.000) 11/17 00:19:13 Image size of job updated: 965188
	458  -  MemoryUsage of job (MB)
	468812  -  ResidentSetSize of job (KB)
...
005 (2506670.089.000) 11/17 00:22:06 Job terminated.
	(1) Normal termination (return value 0)
		Usr 0 00:08:03, Sys 0 00:00:49  -  Run Remote Usage
		Usr 0 00:00:00, Sys 0 00:00:00  -  Run Local Usage
		Usr 0 00:08:03, Sys 0 00:00:49  -  Total Remote Usage
		Usr 0 00:00:00, Sys 0 00:00:00  -  Total Local Usage
	0  -  Run Bytes Sent By Job
	0  -  Run Bytes Received By Job
	0  -  Total Bytes Sent By Job
	0  -  Total Bytes Received By Job
	Partitionable Resources :    Usage  Request Allocated
	   Cpus                 :                 1         1
	   Disk (KB)            :        1        1  20250709
	   Memory (MB)          :      458        1      4038
...
