000 (2493183.007.000) 11/09 00:44:12 Job submitted from host: <192.168.1.109:9714>
...
001 (2493183.007.000) 11/09 00:44:21 Job executing on host: <192.168.1.42:9515>
...
006 (2493183.007.000) 11/09 00:44:29 Image size of job updated: 339768
	66  -  MemoryUsage of job (MB)
	66636  -  ResidentSetSize of job (KB)
...
006 (2493183.007.000) 11/09 00:46:30 Image size of job updated: 484072
	66  -  MemoryUsage of job (MB)
	66636  -  ResidentSetSize of job (KB)
...
005 (2493183.007.000) 11/09 00:46:30 Job terminated.
	(1) Normal termination (return value 0)
		Usr 0 00:00:17, Sys 0 00:00:01  -  Run Remote Usage
		Usr 0 00:00:00, Sys 0 00:00:00  -  Run Local Usage
		Usr 0 00:00:17, Sys 0 00:00:01  -  Total Remote Usage
		Usr 0 00:00:00, Sys 0 00:00:00  -  Total Local Usage
	0  -  Run Bytes Sent By Job
	0  -  Run Bytes Received By Job
	0  -  Total Bytes Sent By Job
	0  -  Total Bytes Received By Job
	Partitionable Resources :    Usage  Request Allocated
	   Cpus                 :                 1         1
	   Disk (KB)            :        1        1   2371460
	   Memory (MB)          :       66        1      4035
...
