000 (2485823.099.000) 11/07 23:48:30 Job submitted from host: <192.168.1.109:9714>
...
001 (2485823.099.000) 11/07 23:48:41 Job executing on host: <192.168.1.54:9618?addrs=192.168.1.54-9618+[--1]-9618&noUDP&sock=2569_034c_3>
...
006 (2485823.099.000) 11/07 23:48:50 Image size of job updated: 180836
	3  -  MemoryUsage of job (MB)
	2672  -  ResidentSetSize of job (KB)
...
006 (2485823.099.000) 11/07 23:53:51 Image size of job updated: 1017316
	500  -  MemoryUsage of job (MB)
	511780  -  ResidentSetSize of job (KB)
...
006 (2485823.099.000) 11/07 23:58:51 Image size of job updated: 1017316
	502  -  MemoryUsage of job (MB)
	513484  -  ResidentSetSize of job (KB)
...
006 (2485823.099.000) 11/08 00:03:51 Image size of job updated: 1017316
	520  -  MemoryUsage of job (MB)
	531912  -  ResidentSetSize of job (KB)
...
006 (2485823.099.000) 11/08 00:08:52 Image size of job updated: 1017316
	550  -  MemoryUsage of job (MB)
	562572  -  ResidentSetSize of job (KB)
...
006 (2485823.099.000) 11/08 00:13:53 Image size of job updated: 1017316
	577  -  MemoryUsage of job (MB)
	590404  -  ResidentSetSize of job (KB)
...
006 (2485823.099.000) 11/08 00:18:53 Image size of job updated: 1017316
	593  -  MemoryUsage of job (MB)
	606340  -  ResidentSetSize of job (KB)
...
005 (2485823.099.000) 11/08 00:19:33 Job terminated.
	(1) Normal termination (return value 0)
		Usr 0 00:09:39, Sys 0 00:00:36  -  Run Remote Usage
		Usr 0 00:00:00, Sys 0 00:00:00  -  Run Local Usage
		Usr 0 00:09:39, Sys 0 00:00:36  -  Total Remote Usage
		Usr 0 00:00:00, Sys 0 00:00:00  -  Total Local Usage
	0  -  Run Bytes Sent By Job
	0  -  Run Bytes Received By Job
	0  -  Total Bytes Sent By Job
	0  -  Total Bytes Received By Job
	Partitionable Resources :    Usage  Request Allocated
	   Cpus                 :                 1         1
	   Disk (KB)            :        1        1   1563671
	   Memory (MB)          :      593        1         1
...
