000 (2491133.099.000) 11/08 19:40:19 Job submitted from host: <192.168.1.109:9714>
...
001 (2491133.099.000) 11/08 19:40:54 Job executing on host: <192.168.1.44:9507>
...
006 (2491133.099.000) 11/08 19:41:03 Image size of job updated: 66572
	3  -  MemoryUsage of job (MB)
	2664  -  ResidentSetSize of job (KB)
...
006 (2491133.099.000) 11/08 19:46:03 Image size of job updated: 1017368
	496  -  MemoryUsage of job (MB)
	507788  -  ResidentSetSize of job (KB)
...
006 (2491133.099.000) 11/08 19:51:03 Image size of job updated: 1017368
	498  -  MemoryUsage of job (MB)
	509300  -  ResidentSetSize of job (KB)
...
006 (2491133.099.000) 11/08 19:56:04 Image size of job updated: 1017368
	498  -  MemoryUsage of job (MB)
	509920  -  ResidentSetSize of job (KB)
...
006 (2491133.099.000) 11/08 20:01:04 Image size of job updated: 1222340
	714  -  MemoryUsage of job (MB)
	730880  -  ResidentSetSize of job (KB)
...
005 (2491133.099.000) 11/08 20:03:25 Job terminated.
	(1) Normal termination (return value 0)
		Usr 0 00:08:04, Sys 0 00:00:31  -  Run Remote Usage
		Usr 0 00:00:00, Sys 0 00:00:00  -  Run Local Usage
		Usr 0 00:08:04, Sys 0 00:00:31  -  Total Remote Usage
		Usr 0 00:00:00, Sys 0 00:00:00  -  Total Local Usage
	0  -  Run Bytes Sent By Job
	0  -  Run Bytes Received By Job
	0  -  Total Bytes Sent By Job
	0  -  Total Bytes Received By Job
	Partitionable Resources :    Usage  Request Allocated
	   Cpus                 :                 1         1
	   Disk (KB)            :        1        1   2370190
	   Memory (MB)          :      714        1      4035
...
