000 (2491851.099.000) 11/08 20:36:47 Job submitted from host: <192.168.1.109:9714>
...
001 (2491851.099.000) 11/08 20:37:19 Job executing on host: <192.168.1.42:9515>
...
006 (2491851.099.000) 11/08 20:37:28 Image size of job updated: 352024
	64  -  MemoryUsage of job (MB)
	64592  -  ResidentSetSize of job (KB)
...
006 (2491851.099.000) 11/08 20:42:28 Image size of job updated: 1017360
	493  -  MemoryUsage of job (MB)
	504560  -  ResidentSetSize of job (KB)
...
005 (2491851.099.000) 11/08 21:10:01 Job terminated.
	(1) Normal termination (return value 0)
		Usr 0 00:08:15, Sys 0 00:00:31  -  Run Remote Usage
		Usr 0 00:00:00, Sys 0 00:00:00  -  Run Local Usage
		Usr 0 00:08:15, Sys 0 00:00:31  -  Total Remote Usage
		Usr 0 00:00:00, Sys 0 00:00:00  -  Total Local Usage
	0  -  Run Bytes Sent By Job
	0  -  Run Bytes Received By Job
	0  -  Total Bytes Sent By Job
	0  -  Total Bytes Received By Job
	Partitionable Resources :    Usage  Request Allocated
	   Cpus                 :                 1         1
	   Disk (KB)            :        1        1   2371118
	   Memory (MB)          :      493        1      4035
...
