000 (2497410.099.000) 11/09 15:33:47 Job submitted from host: <192.168.1.109:9714>
...
001 (2497410.099.000) 11/09 15:34:13 Job executing on host: <192.168.1.43:9998>
...
006 (2497410.099.000) 11/09 15:34:21 Image size of job updated: 339772
	50  -  MemoryUsage of job (MB)
	50244  -  ResidentSetSize of job (KB)
...
006 (2497410.099.000) 11/09 15:39:21 Image size of job updated: 955012
	366  -  MemoryUsage of job (MB)
	373952  -  ResidentSetSize of job (KB)
...
006 (2497410.099.000) 11/09 15:44:22 Image size of job updated: 1062044
	506  -  MemoryUsage of job (MB)
	517772  -  ResidentSetSize of job (KB)
...
006 (2497410.099.000) 11/09 15:49:23 Image size of job updated: 1062044
	507  -  MemoryUsage of job (MB)
	518440  -  ResidentSetSize of job (KB)
...
006 (2497410.099.000) 11/09 15:54:23 Image size of job updated: 1062044
	507  -  MemoryUsage of job (MB)
	518600  -  ResidentSetSize of job (KB)
...
006 (2497410.099.000) 11/09 15:59:24 Image size of job updated: 1062044
	507  -  MemoryUsage of job (MB)
	518640  -  ResidentSetSize of job (KB)
...
006 (2497410.099.000) 11/09 16:04:25 Image size of job updated: 1062044
	507  -  MemoryUsage of job (MB)
	518648  -  ResidentSetSize of job (KB)
...
006 (2497410.099.000) 11/09 16:09:25 Image size of job updated: 1062044
	507  -  MemoryUsage of job (MB)
	518656  -  ResidentSetSize of job (KB)
...
006 (2497410.099.000) 11/09 16:14:25 Image size of job updated: 1062044
	507  -  MemoryUsage of job (MB)
	518660  -  ResidentSetSize of job (KB)
...
006 (2497410.099.000) 11/09 16:19:26 Image size of job updated: 1062044
	507  -  MemoryUsage of job (MB)
	518680  -  ResidentSetSize of job (KB)
...
006 (2497410.099.000) 11/09 16:24:27 Image size of job updated: 1062044
	507  -  MemoryUsage of job (MB)
	518796  -  ResidentSetSize of job (KB)
...
006 (2497410.099.000) 11/09 16:29:27 Image size of job updated: 1062044
	507  -  MemoryUsage of job (MB)
	518844  -  ResidentSetSize of job (KB)
...
006 (2497410.099.000) 11/09 16:34:28 Image size of job updated: 1062044
	598  -  MemoryUsage of job (MB)
	612020  -  ResidentSetSize of job (KB)
...
005 (2497410.099.000) 11/09 16:36:10 Job terminated.
	(1) Normal termination (return value 0)
		Usr 0 00:07:28, Sys 0 00:00:27  -  Run Remote Usage
		Usr 0 00:00:00, Sys 0 00:00:00  -  Run Local Usage
		Usr 0 00:07:28, Sys 0 00:00:27  -  Total Remote Usage
		Usr 0 00:00:00, Sys 0 00:00:00  -  Total Local Usage
	0  -  Run Bytes Sent By Job
	0  -  Run Bytes Received By Job
	0  -  Total Bytes Sent By Job
	0  -  Total Bytes Received By Job
	Partitionable Resources :    Usage  Request Allocated
	   Cpus                 :                 1         1
	   Disk (KB)            :        1        1   2367120
	   Memory (MB)          :      598        1      4035
...
