000 (2485819.060.000) 11/07 22:35:29 Job submitted from host: <192.168.1.109:9714>
...
001 (2485819.060.000) 11/07 22:35:46 Job executing on host: <192.168.1.42:9515>
...
006 (2485819.060.000) 11/07 22:35:55 Image size of job updated: 97668
	3  -  MemoryUsage of job (MB)
	2636  -  ResidentSetSize of job (KB)
...
006 (2485819.060.000) 11/07 22:37:51 Image size of job updated: 465196
	3  -  MemoryUsage of job (MB)
	2636  -  ResidentSetSize of job (KB)
...
005 (2485819.060.000) 11/07 22:37:51 Job terminated.
	(1) Normal termination (return value 0)
		Usr 0 00:00:04, Sys 0 00:00:00  -  Run Remote Usage
		Usr 0 00:00:00, Sys 0 00:00:00  -  Run Local Usage
		Usr 0 00:00:04, Sys 0 00:00:00  -  Total Remote Usage
		Usr 0 00:00:00, Sys 0 00:00:00  -  Total Local Usage
	0  -  Run Bytes Sent By Job
	0  -  Run Bytes Received By Job
	0  -  Total Bytes Sent By Job
	0  -  Total Bytes Received By Job
	Partitionable Resources :    Usage  Request Allocated
	   Cpus                 :                 1         1
	   Disk (KB)            :        1        1   2369607
	   Memory (MB)          :        3        1      4035
...
