000 (2497409.060.000) 11/09 15:27:51 Job submitted from host: <192.168.1.109:9714>
...
001 (2497409.060.000) 11/09 15:28:16 Job executing on host: <192.168.1.54:9618?addrs=192.168.1.54-9618+[--1]-9618&noUDP&sock=2569_034c_3>
...
006 (2497409.060.000) 11/09 15:28:25 Image size of job updated: 360744
	73  -  MemoryUsage of job (MB)
	73864  -  ResidentSetSize of job (KB)
...
006 (2497409.060.000) 11/09 15:28:41 Image size of job updated: 483060
	73  -  MemoryUsage of job (MB)
	73864  -  ResidentSetSize of job (KB)
...
005 (2497409.060.000) 11/09 15:28:41 Job terminated.
	(1) Normal termination (return value 0)
		Usr 0 00:00:13, Sys 0 00:00:01  -  Run Remote Usage
		Usr 0 00:00:00, Sys 0 00:00:00  -  Run Local Usage
		Usr 0 00:00:13, Sys 0 00:00:01  -  Total Remote Usage
		Usr 0 00:00:00, Sys 0 00:00:00  -  Total Local Usage
	0  -  Run Bytes Sent By Job
	0  -  Run Bytes Received By Job
	0  -  Total Bytes Sent By Job
	0  -  Total Bytes Received By Job
	Partitionable Resources :    Usage  Request Allocated
	   Cpus                 :                 1         1
	   Disk (KB)            :        1        1   1563671
	   Memory (MB)          :       73        1         1
...
