000 (2493172.004.000) 11/09 00:41:40 Job submitted from host: <192.168.1.109:9714>
...
001 (2493172.004.000) 11/09 00:41:50 Job executing on host: <192.168.1.43:9998>
...
006 (2493172.004.000) 11/09 00:41:59 Image size of job updated: 181564
	2  -  MemoryUsage of job (MB)
	1836  -  ResidentSetSize of job (KB)
...
006 (2493172.004.000) 11/09 00:43:20 Image size of job updated: 953280
	2  -  MemoryUsage of job (MB)
	1836  -  ResidentSetSize of job (KB)
...
005 (2493172.004.000) 11/09 00:43:20 Job terminated.
	(1) Normal termination (return value 0)
		Usr 0 00:00:44, Sys 0 00:00:03  -  Run Remote Usage
		Usr 0 00:00:00, Sys 0 00:00:00  -  Run Local Usage
		Usr 0 00:00:44, Sys 0 00:00:03  -  Total Remote Usage
		Usr 0 00:00:00, Sys 0 00:00:00  -  Total Local Usage
	0  -  Run Bytes Sent By Job
	0  -  Run Bytes Received By Job
	0  -  Total Bytes Sent By Job
	0  -  Total Bytes Received By Job
	Partitionable Resources :    Usage  Request Allocated
	   Cpus                 :                 1         1
	   Disk (KB)            :        1        1   2371222
	   Memory (MB)          :        2        1      4035
...
