000 (2504797.004.000) 11/15 23:49:55 Job submitted from host: <192.168.1.109:9714>
...
001 (2504797.004.000) 11/15 23:50:13 Job executing on host: <192.168.1.65:9393>
...
006 (2504797.004.000) 11/15 23:50:21 Image size of job updated: 181644
	32  -  MemoryUsage of job (MB)
	32164  -  ResidentSetSize of job (KB)
...
006 (2504797.004.000) 11/15 23:52:07 Image size of job updated: 945480
	32  -  MemoryUsage of job (MB)
	32164  -  ResidentSetSize of job (KB)
...
005 (2504797.004.000) 11/15 23:52:07 Job terminated.
	(1) Normal termination (return value 0)
		Usr 0 00:01:07, Sys 0 00:00:05  -  Run Remote Usage
		Usr 0 00:00:00, Sys 0 00:00:00  -  Run Local Usage
		Usr 0 00:01:07, Sys 0 00:00:05  -  Total Remote Usage
		Usr 0 00:00:00, Sys 0 00:00:00  -  Total Local Usage
	0  -  Run Bytes Sent By Job
	0  -  Run Bytes Received By Job
	0  -  Total Bytes Sent By Job
	0  -  Total Bytes Received By Job
	Partitionable Resources :    Usage  Request Allocated
	   Cpus                 :                 1         1
	   Disk (KB)            :        1        1  19564008
	   Memory (MB)          :       32        1      4033
...
