000 (2504801.004.000) 11/16 00:30:11 Job submitted from host: <192.168.1.109:9714>
...
001 (2504801.004.000) 11/16 00:30:43 Job executing on host: <192.168.1.44:9507>
...
006 (2504801.004.000) 11/16 00:30:52 Image size of job updated: 97668
	3  -  MemoryUsage of job (MB)
	2320  -  ResidentSetSize of job (KB)
...
006 (2504801.004.000) 11/16 00:33:44 Image size of job updated: 945476
	3  -  MemoryUsage of job (MB)
	2320  -  ResidentSetSize of job (KB)
...
005 (2504801.004.000) 11/16 00:33:44 Job terminated.
	(1) Normal termination (return value 0)
		Usr 0 00:00:45, Sys 0 00:00:03  -  Run Remote Usage
		Usr 0 00:00:00, Sys 0 00:00:00  -  Run Local Usage
		Usr 0 00:00:45, Sys 0 00:00:03  -  Total Remote Usage
		Usr 0 00:00:00, Sys 0 00:00:00  -  Total Local Usage
	0  -  Run Bytes Sent By Job
	0  -  Run Bytes Received By Job
	0  -  Total Bytes Sent By Job
	0  -  Total Bytes Received By Job
	Partitionable Resources :    Usage  Request Allocated
	   Cpus                 :                 1         1
	   Disk (KB)            :        1        1   2371525
	   Memory (MB)          :        3        1      4035
...
