000 (2504798.043.000) 11/15 23:52:37 Job submitted from host: <192.168.1.109:9714>
...
001 (2504798.043.000) 11/15 23:52:44 Job executing on host: <192.168.1.48:9634>
...
006 (2504798.043.000) 11/15 23:52:53 Image size of job updated: 340420
	47  -  MemoryUsage of job (MB)
	48048  -  ResidentSetSize of job (KB)
...
006 (2504798.043.000) 11/15 23:52:59 Image size of job updated: 476280
	47  -  MemoryUsage of job (MB)
	48048  -  ResidentSetSize of job (KB)
...
005 (2504798.043.000) 11/15 23:52:59 Job terminated.
	(1) Normal termination (return value 0)
		Usr 0 00:00:07, Sys 0 00:00:00  -  Run Remote Usage
		Usr 0 00:00:00, Sys 0 00:00:00  -  Run Local Usage
		Usr 0 00:00:07, Sys 0 00:00:00  -  Total Remote Usage
		Usr 0 00:00:00, Sys 0 00:00:00  -  Total Local Usage
	0  -  Run Bytes Sent By Job
	0  -  Run Bytes Received By Job
	0  -  Total Bytes Sent By Job
	0  -  Total Bytes Received By Job
	Partitionable Resources :    Usage  Request Allocated
	   Cpus                 :                 1         1
	   Disk (KB)            :        1        1  28380788
	   Memory (MB)          :       47        1      4033
...
