000 (2493272.121.000) 11/09 01:26:06 Job submitted from host: <192.168.1.109:9714>
...
001 (2493272.121.000) 11/09 01:26:19 Job executing on host: <192.168.1.60:9618?addrs=192.168.1.60-9618+[--1]-9618&noUDP&sock=2263_1f51_3>
...
006 (2493272.121.000) 11/09 01:26:28 Image size of job updated: 404148
	91  -  MemoryUsage of job (MB)
	92396  -  ResidentSetSize of job (KB)
...
006 (2493272.121.000) 11/09 01:26:35 Image size of job updated: 473688
	91  -  MemoryUsage of job (MB)
	92396  -  ResidentSetSize of job (KB)
...
005 (2493272.121.000) 11/09 01:26:35 Job terminated.
	(1) Normal termination (return value 0)
		Usr 0 00:00:08, Sys 0 00:00:00  -  Run Remote Usage
		Usr 0 00:00:00, Sys 0 00:00:00  -  Run Local Usage
		Usr 0 00:00:08, Sys 0 00:00:00  -  Total Remote Usage
		Usr 0 00:00:00, Sys 0 00:00:00  -  Total Local Usage
	0  -  Run Bytes Sent By Job
	0  -  Run Bytes Received By Job
	0  -  Total Bytes Sent By Job
	0  -  Total Bytes Received By Job
	Partitionable Resources :    Usage  Request Allocated
	   Cpus                 :                 1         1
	   Disk (KB)            :        1        1   1563310
	   Memory (MB)          :       91        1         1
...
