000 (2491851.010.000) 11/08 20:36:46 Job submitted from host: <192.168.1.109:9714>
...
001 (2491851.010.000) 11/08 20:37:12 Job executing on host: <192.168.1.65:9393>
...
006 (2491851.010.000) 11/08 20:37:21 Image size of job updated: 339068
	48  -  MemoryUsage of job (MB)
	48256  -  ResidentSetSize of job (KB)
...
006 (2491851.010.000) 11/08 20:42:22 Image size of job updated: 1004748
	420  -  MemoryUsage of job (MB)
	430032  -  ResidentSetSize of job (KB)
...
006 (2491851.010.000) 11/08 20:47:22 Image size of job updated: 1004748
	530  -  MemoryUsage of job (MB)
	542428  -  ResidentSetSize of job (KB)
...
006 (2491851.010.000) 11/08 20:52:23 Image size of job updated: 1004748
	530  -  MemoryUsage of job (MB)
	542540  -  ResidentSetSize of job (KB)
...
006 (2491851.010.000) 11/08 20:57:24 Image size of job updated: 1004748
	530  -  MemoryUsage of job (MB)
	542572  -  ResidentSetSize of job (KB)
...
006 (2491851.010.000) 11/08 21:02:24 Image size of job updated: 1004748
	530  -  MemoryUsage of job (MB)
	542684  -  ResidentSetSize of job (KB)
...
006 (2491851.010.000) 11/08 21:12:25 Image size of job updated: 1004748
	530  -  MemoryUsage of job (MB)
	542704  -  ResidentSetSize of job (KB)
...
006 (2491851.010.000) 11/08 21:17:25 Image size of job updated: 1004748
	531  -  MemoryUsage of job (MB)
	542828  -  ResidentSetSize of job (KB)
...
006 (2491851.010.000) 11/08 21:22:25 Image size of job updated: 1004748
	537  -  MemoryUsage of job (MB)
	549432  -  ResidentSetSize of job (KB)
...
006 (2491851.010.000) 11/08 21:32:27 Image size of job updated: 1004748
	537  -  MemoryUsage of job (MB)
	549440  -  ResidentSetSize of job (KB)
...
006 (2491851.010.000) 11/08 21:37:27 Image size of job updated: 1004748
	537  -  MemoryUsage of job (MB)
	549512  -  ResidentSetSize of job (KB)
...
006 (2491851.010.000) 11/08 21:42:28 Image size of job updated: 1004748
	537  -  MemoryUsage of job (MB)
	549528  -  ResidentSetSize of job (KB)
...
006 (2491851.010.000) 11/08 21:47:29 Image size of job updated: 1004748
	537  -  MemoryUsage of job (MB)
	549536  -  ResidentSetSize of job (KB)
...
006 (2491851.010.000) 11/08 21:52:29 Image size of job updated: 1004748
	537  -  MemoryUsage of job (MB)
	549620  -  ResidentSetSize of job (KB)
...
006 (2491851.010.000) 11/08 21:57:30 Image size of job updated: 1004748
	537  -  MemoryUsage of job (MB)
	549628  -  ResidentSetSize of job (KB)
...
006 (2491851.010.000) 11/08 22:02:30 Image size of job updated: 1004748
	537  -  MemoryUsage of job (MB)
	549632  -  ResidentSetSize of job (KB)
...
006 (2491851.010.000) 11/08 22:07:30 Image size of job updated: 1004748
	537  -  MemoryUsage of job (MB)
	549636  -  ResidentSetSize of job (KB)
...
006 (2491851.010.000) 11/08 22:17:31 Image size of job updated: 1004748
	537  -  MemoryUsage of job (MB)
	549644  -  ResidentSetSize of job (KB)
...
006 (2491851.010.000) 11/08 22:22:31 Image size of job updated: 1004748
	538  -  MemoryUsage of job (MB)
	550380  -  ResidentSetSize of job (KB)
...
006 (2491851.010.000) 11/08 22:32:32 Image size of job updated: 1004748
	538  -  MemoryUsage of job (MB)
	550392  -  ResidentSetSize of job (KB)
...
006 (2491851.010.000) 11/08 22:37:33 Image size of job updated: 1004748
	539  -  MemoryUsage of job (MB)
	550996  -  ResidentSetSize of job (KB)
...
006 (2491851.010.000) 11/08 22:42:34 Image size of job updated: 1004748
	539  -  MemoryUsage of job (MB)
	551028  -  ResidentSetSize of job (KB)
...
006 (2491851.010.000) 11/08 22:47:34 Image size of job updated: 1004748
	539  -  MemoryUsage of job (MB)
	551080  -  ResidentSetSize of job (KB)
...
006 (2491851.010.000) 11/08 22:57:35 Image size of job updated: 1004748
	539  -  MemoryUsage of job (MB)
	551200  -  ResidentSetSize of job (KB)
...
005 (2491851.010.000) 11/08 23:00:11 Job terminated.
	(1) Normal termination (return value 0)
		Usr 0 01:39:00, Sys 0 00:03:25  -  Run Remote Usage
		Usr 0 00:00:00, Sys 0 00:00:00  -  Run Local Usage
		Usr 0 01:39:00, Sys 0 00:03:25  -  Total Remote Usage
		Usr 0 00:00:00, Sys 0 00:00:00  -  Total Local Usage
	0  -  Run Bytes Sent By Job
	0  -  Run Bytes Received By Job
	0  -  Total Bytes Sent By Job
	0  -  Total Bytes Received By Job
	Partitionable Resources :    Usage  Request Allocated
	   Cpus                 :                 1         1
	   Disk (KB)            :        1        1  19563956
	   Memory (MB)          :      539        1      4033
...
