000 (2491133.010.000) 11/08 19:40:18 Job submitted from host: <192.168.1.109:9714>
...
001 (2491133.010.000) 11/08 19:40:52 Job executing on host: <192.168.1.50:9434>
...
006 (2491133.010.000) 11/08 19:41:02 Image size of job updated: 352024
	41  -  MemoryUsage of job (MB)
	41460  -  ResidentSetSize of job (KB)
...
006 (2491133.010.000) 11/08 19:46:02 Image size of job updated: 1004760
	491  -  MemoryUsage of job (MB)
	502120  -  ResidentSetSize of job (KB)
...
006 (2491133.010.000) 11/08 19:51:02 Image size of job updated: 1004760
	492  -  MemoryUsage of job (MB)
	503136  -  ResidentSetSize of job (KB)
...
006 (2491133.010.000) 11/08 19:56:04 Image size of job updated: 1004760
	492  -  MemoryUsage of job (MB)
	503176  -  ResidentSetSize of job (KB)
...
006 (2491133.010.000) 11/08 20:01:04 Image size of job updated: 1212920
	714  -  MemoryUsage of job (MB)
	730192  -  ResidentSetSize of job (KB)
...
006 (2491133.010.000) 11/08 20:06:04 Image size of job updated: 1212920
	725  -  MemoryUsage of job (MB)
	741456  -  ResidentSetSize of job (KB)
...
006 (2491133.010.000) 11/08 20:11:05 Image size of job updated: 1212920
	796  -  MemoryUsage of job (MB)
	814272  -  ResidentSetSize of job (KB)
...
006 (2491133.010.000) 11/08 20:16:06 Image size of job updated: 1212920
	858  -  MemoryUsage of job (MB)
	877636  -  ResidentSetSize of job (KB)
...
006 (2491133.010.000) 11/08 20:21:06 Image size of job updated: 1212920
	880  -  MemoryUsage of job (MB)
	900476  -  ResidentSetSize of job (KB)
...
006 (2491133.010.000) 11/08 20:26:07 Image size of job updated: 1212920
	881  -  MemoryUsage of job (MB)
	901276  -  ResidentSetSize of job (KB)
...
006 (2491133.010.000) 11/08 20:31:08 Image size of job updated: 1212920
	881  -  MemoryUsage of job (MB)
	901400  -  ResidentSetSize of job (KB)
...
006 (2491133.010.000) 11/08 20:36:08 Image size of job updated: 1212920
	881  -  MemoryUsage of job (MB)
	901484  -  ResidentSetSize of job (KB)
...
005 (2491133.010.000) 11/08 21:11:05 Job terminated.
	(1) Normal termination (return value 0)
		Usr 0 00:50:56, Sys 0 00:03:34  -  Run Remote Usage
		Usr 0 00:00:00, Sys 0 00:00:00  -  Run Local Usage
		Usr 0 00:50:56, Sys 0 00:03:34  -  Total Remote Usage
		Usr 0 00:00:00, Sys 0 00:00:00  -  Total Local Usage
	0  -  Run Bytes Sent By Job
	0  -  Run Bytes Received By Job
	0  -  Total Bytes Sent By Job
	0  -  Total Bytes Received By Job
	Partitionable Resources :    Usage  Request Allocated
	   Cpus                 :                 1         1
	   Disk (KB)            :        1        1  28379675
	   Memory (MB)          :      881        1      4033
...
