000 (2497410.010.000) 11/09 15:33:46 Job submitted from host: <192.168.1.109:9714>
...
001 (2497410.010.000) 11/09 15:34:08 Job executing on host: <192.168.1.65:9393>
...
006 (2497410.010.000) 11/09 15:34:17 Image size of job updated: 173376
	26  -  MemoryUsage of job (MB)
	26204  -  ResidentSetSize of job (KB)
...
006 (2497410.010.000) 11/09 15:39:18 Image size of job updated: 1049348
	514  -  MemoryUsage of job (MB)
	525804  -  ResidentSetSize of job (KB)
...
006 (2497410.010.000) 11/09 15:44:19 Image size of job updated: 1049348
	514  -  MemoryUsage of job (MB)
	525848  -  ResidentSetSize of job (KB)
...
006 (2497410.010.000) 11/09 15:49:19 Image size of job updated: 1049348
	514  -  MemoryUsage of job (MB)
	525868  -  ResidentSetSize of job (KB)
...
006 (2497410.010.000) 11/09 15:54:20 Image size of job updated: 1049348
	621  -  MemoryUsage of job (MB)
	635888  -  ResidentSetSize of job (KB)
...
006 (2497410.010.000) 11/09 15:59:21 Image size of job updated: 1049348
	621  -  MemoryUsage of job (MB)
	635892  -  ResidentSetSize of job (KB)
...
006 (2497410.010.000) 11/09 16:04:21 Image size of job updated: 1049348
	621  -  MemoryUsage of job (MB)
	635896  -  ResidentSetSize of job (KB)
...
006 (2497410.010.000) 11/09 16:09:21 Image size of job updated: 1049348
	621  -  MemoryUsage of job (MB)
	635900  -  ResidentSetSize of job (KB)
...
006 (2497410.010.000) 11/09 16:14:23 Image size of job updated: 1049348
	622  -  MemoryUsage of job (MB)
	636112  -  ResidentSetSize of job (KB)
...
006 (2497410.010.000) 11/09 16:19:23 Image size of job updated: 1049348
	622  -  MemoryUsage of job (MB)
	636140  -  ResidentSetSize of job (KB)
...
006 (2497410.010.000) 11/09 16:29:24 Image size of job updated: 1049348
	622  -  MemoryUsage of job (MB)
	636144  -  ResidentSetSize of job (KB)
...
006 (2497410.010.000) 11/09 16:34:25 Image size of job updated: 1049348
	622  -  MemoryUsage of job (MB)
	636148  -  ResidentSetSize of job (KB)
...
006 (2497410.010.000) 11/09 16:39:25 Image size of job updated: 1049348
	622  -  MemoryUsage of job (MB)
	636168  -  ResidentSetSize of job (KB)
...
006 (2497410.010.000) 11/09 16:44:25 Image size of job updated: 1049348
	622  -  MemoryUsage of job (MB)
	636420  -  ResidentSetSize of job (KB)
...
006 (2497410.010.000) 11/09 16:54:26 Image size of job updated: 1049348
	623  -  MemoryUsage of job (MB)
	637232  -  ResidentSetSize of job (KB)
...
006 (2497410.010.000) 11/09 16:59:26 Image size of job updated: 1049348
	623  -  MemoryUsage of job (MB)
	637368  -  ResidentSetSize of job (KB)
...
006 (2497410.010.000) 11/09 17:04:27 Image size of job updated: 1049348
	623  -  MemoryUsage of job (MB)
	637464  -  ResidentSetSize of job (KB)
...
006 (2497410.010.000) 11/09 17:09:28 Image size of job updated: 1049348
	623  -  MemoryUsage of job (MB)
	637560  -  ResidentSetSize of job (KB)
...
006 (2497410.010.000) 11/09 17:14:28 Image size of job updated: 1049348
	623  -  MemoryUsage of job (MB)
	637656  -  ResidentSetSize of job (KB)
...
006 (2497410.010.000) 11/09 17:19:29 Image size of job updated: 1049348
	623  -  MemoryUsage of job (MB)
	637912  -  ResidentSetSize of job (KB)
...
006 (2497410.010.000) 11/09 17:24:30 Image size of job updated: 1049348
	624  -  MemoryUsage of job (MB)
	637984  -  ResidentSetSize of job (KB)
...
006 (2497410.010.000) 11/09 17:29:30 Image size of job updated: 1050300
	624  -  MemoryUsage of job (MB)
	638924  -  ResidentSetSize of job (KB)
...
006 (2497410.010.000) 11/09 17:34:30 Image size of job updated: 1051300
	625  -  MemoryUsage of job (MB)
	639388  -  ResidentSetSize of job (KB)
...
006 (2497410.010.000) 11/09 17:39:31 Image size of job updated: 1051300
	625  -  MemoryUsage of job (MB)
	639492  -  ResidentSetSize of job (KB)
...
006 (2497410.010.000) 11/09 17:44:31 Image size of job updated: 1051440
	627  -  MemoryUsage of job (MB)
	641068  -  ResidentSetSize of job (KB)
...
006 (2497410.010.000) 11/09 17:48:08 Image size of job updated: 1051580
	627  -  MemoryUsage of job (MB)
	641068  -  ResidentSetSize of job (KB)
...
005 (2497410.010.000) 11/09 17:48:08 Job terminated.
	(1) Normal termination (return value 0)
		Usr 0 01:29:55, Sys 0 00:03:11  -  Run Remote Usage
		Usr 0 00:00:00, Sys 0 00:00:00  -  Run Local Usage
		Usr 0 01:29:55, Sys 0 00:03:11  -  Total Remote Usage
		Usr 0 00:00:00, Sys 0 00:00:00  -  Total Local Usage
	0  -  Run Bytes Sent By Job
	0  -  Run Bytes Received By Job
	0  -  Total Bytes Sent By Job
	0  -  Total Bytes Received By Job
	Partitionable Resources :    Usage  Request Allocated
	   Cpus                 :                 1         1
	   Disk (KB)            :        1        1  19564016
	   Memory (MB)          :      627        1      4033
...
