000 (2485823.037.000) 11/07 23:48:29 Job submitted from host: <192.168.1.109:9714>
...
001 (2485823.037.000) 11/07 23:48:38 Job executing on host: <192.168.1.46:9845>
...
006 (2485823.037.000) 11/07 23:48:46 Image size of job updated: 182200
	3  -  MemoryUsage of job (MB)
	2692  -  ResidentSetSize of job (KB)
...
006 (2485823.037.000) 11/07 23:53:46 Image size of job updated: 987040
	478  -  MemoryUsage of job (MB)
	489308  -  ResidentSetSize of job (KB)
...
006 (2485823.037.000) 11/07 23:58:47 Image size of job updated: 987040
	479  -  MemoryUsage of job (MB)
	490172  -  ResidentSetSize of job (KB)
...
006 (2485823.037.000) 11/08 00:03:48 Image size of job updated: 987040
	479  -  MemoryUsage of job (MB)
	490184  -  ResidentSetSize of job (KB)
...
006 (2485823.037.000) 11/08 00:08:48 Image size of job updated: 987040
	624  -  MemoryUsage of job (MB)
	638292  -  ResidentSetSize of job (KB)
...
005 (2485823.037.000) 11/08 00:15:01 Job terminated.
	(1) Normal termination (return value 0)
		Usr 0 00:04:15, Sys 0 00:00:17  -  Run Remote Usage
		Usr 0 00:00:00, Sys 0 00:00:00  -  Run Local Usage
		Usr 0 00:04:15, Sys 0 00:00:17  -  Total Remote Usage
		Usr 0 00:00:00, Sys 0 00:00:00  -  Total Local Usage
	0  -  Run Bytes Sent By Job
	0  -  Run Bytes Received By Job
	0  -  Total Bytes Sent By Job
	0  -  Total Bytes Received By Job
	Partitionable Resources :    Usage  Request Allocated
	   Cpus                 :                 1         1
	   Disk (KB)            :        1        1   2371763
	   Memory (MB)          :      624        1      4035
...
