000 (2497410.037.000) 11/09 15:33:46 Job submitted from host: <192.168.1.109:9714>
...
001 (2497410.037.000) 11/09 15:34:10 Job executing on host: <192.168.1.56:9618?addrs=192.168.1.56-9618+[--1]-9618&noUDP&sock=2542_7e3d_3>
...
006 (2497410.037.000) 11/09 15:34:19 Image size of job updated: 49780
	2  -  MemoryUsage of job (MB)
	1348  -  ResidentSetSize of job (KB)
...
006 (2497410.037.000) 11/09 15:39:18 Image size of job updated: 1074684
	533  -  MemoryUsage of job (MB)
	545516  -  ResidentSetSize of job (KB)
...
006 (2497410.037.000) 11/09 15:44:19 Image size of job updated: 1074684
	535  -  MemoryUsage of job (MB)
	547064  -  ResidentSetSize of job (KB)
...
006 (2497410.037.000) 11/09 15:49:20 Image size of job updated: 1074684
	536  -  MemoryUsage of job (MB)
	547988  -  ResidentSetSize of job (KB)
...
005 (2497410.037.000) 11/09 16:02:38 Job terminated.
	(1) Normal termination (return value 0)
		Usr 0 00:07:05, Sys 0 00:00:29  -  Run Remote Usage
		Usr 0 00:00:00, Sys 0 00:00:00  -  Run Local Usage
		Usr 0 00:07:05, Sys 0 00:00:29  -  Total Remote Usage
		Usr 0 00:00:00, Sys 0 00:00:00  -  Total Local Usage
	0  -  Run Bytes Sent By Job
	0  -  Run Bytes Received By Job
	0  -  Total Bytes Sent By Job
	0  -  Total Bytes Received By Job
	Partitionable Resources :    Usage  Request Allocated
	   Cpus                 :                 1         1
	   Disk (KB)            :        1        1   1563536
	   Memory (MB)          :      536        1         1
...
