000 (2492883.101.000) 11/08 23:42:30 Job submitted from host: <192.168.1.109:9714>
...
001 (2492883.101.000) 11/08 23:42:58 Job executing on host: <192.168.1.44:9507>
...
006 (2492883.101.000) 11/08 23:43:07 Image size of job updated: 432720
	97  -  MemoryUsage of job (MB)
	98472  -  ResidentSetSize of job (KB)
...
006 (2492883.101.000) 11/08 23:43:14 Image size of job updated: 481784
	97  -  MemoryUsage of job (MB)
	98472  -  ResidentSetSize of job (KB)
...
005 (2492883.101.000) 11/08 23:43:14 Job terminated.
	(1) Normal termination (return value 0)
		Usr 0 00:00:07, Sys 0 00:00:03  -  Run Remote Usage
		Usr 0 00:00:00, Sys 0 00:00:00  -  Run Local Usage
		Usr 0 00:00:07, Sys 0 00:00:03  -  Total Remote Usage
		Usr 0 00:00:00, Sys 0 00:00:00  -  Total Local Usage
	0  -  Run Bytes Sent By Job
	0  -  Run Bytes Received By Job
	0  -  Total Bytes Sent By Job
	0  -  Total Bytes Received By Job
	Partitionable Resources :    Usage  Request Allocated
	   Cpus                 :                 1         1
	   Disk (KB)            :        1        1   2370516
	   Memory (MB)          :       97        1      4035
...
