000 (2485823.106.000) 11/07 23:48:30 Job submitted from host: <192.168.1.109:9714>
...
001 (2485823.106.000) 11/07 23:48:41 Job executing on host: <192.168.1.56:9618?addrs=192.168.1.56-9618+[--1]-9618&noUDP&sock=2542_7e3d_3>
...
006 (2485823.106.000) 11/07 23:48:50 Image size of job updated: 24452
	3  -  MemoryUsage of job (MB)
	2540  -  ResidentSetSize of job (KB)
...
006 (2485823.106.000) 11/07 23:53:51 Image size of job updated: 1009888
	496  -  MemoryUsage of job (MB)
	507520  -  ResidentSetSize of job (KB)
...
006 (2485823.106.000) 11/07 23:58:51 Image size of job updated: 1009888
	502  -  MemoryUsage of job (MB)
	514000  -  ResidentSetSize of job (KB)
...
006 (2485823.106.000) 11/08 00:03:52 Image size of job updated: 1009888
	503  -  MemoryUsage of job (MB)
	514092  -  ResidentSetSize of job (KB)
...
006 (2485823.106.000) 11/08 00:08:53 Image size of job updated: 1009888
	503  -  MemoryUsage of job (MB)
	514472  -  ResidentSetSize of job (KB)
...
006 (2485823.106.000) 11/08 00:13:53 Image size of job updated: 1009888
	616  -  MemoryUsage of job (MB)
	630296  -  ResidentSetSize of job (KB)
...
006 (2485823.106.000) 11/08 00:18:53 Image size of job updated: 1009888
	616  -  MemoryUsage of job (MB)
	630324  -  ResidentSetSize of job (KB)
...
005 (2485823.106.000) 11/08 00:23:39 Job terminated.
	(1) Normal termination (return value 0)
		Usr 0 00:11:41, Sys 0 00:00:40  -  Run Remote Usage
		Usr 0 00:00:00, Sys 0 00:00:00  -  Run Local Usage
		Usr 0 00:11:41, Sys 0 00:00:40  -  Total Remote Usage
		Usr 0 00:00:00, Sys 0 00:00:00  -  Total Local Usage
	0  -  Run Bytes Sent By Job
	0  -  Run Bytes Received By Job
	0  -  Total Bytes Sent By Job
	0  -  Total Bytes Received By Job
	Partitionable Resources :    Usage  Request Allocated
	   Cpus                 :                 1         1
	   Disk (KB)            :        1        1   1563536
	   Memory (MB)          :      616        1         1
...
