000 (2491133.106.000) 11/08 19:40:19 Job submitted from host: <192.168.1.109:9714>
...
001 (2491133.106.000) 11/08 19:40:54 Job executing on host: <192.168.1.43:9998>
...
006 (2491133.106.000) 11/08 19:41:03 Image size of job updated: 342388
	60  -  MemoryUsage of job (MB)
	61432  -  ResidentSetSize of job (KB)
...
006 (2491133.106.000) 11/08 19:46:03 Image size of job updated: 1009932
	502  -  MemoryUsage of job (MB)
	513576  -  ResidentSetSize of job (KB)
...
006 (2491133.106.000) 11/08 19:51:03 Image size of job updated: 1009932
	504  -  MemoryUsage of job (MB)
	515580  -  ResidentSetSize of job (KB)
...
006 (2491133.106.000) 11/08 19:56:04 Image size of job updated: 1009932
	505  -  MemoryUsage of job (MB)
	516268  -  ResidentSetSize of job (KB)
...
006 (2491133.106.000) 11/08 20:01:04 Image size of job updated: 1221720
	737  -  MemoryUsage of job (MB)
	754316  -  ResidentSetSize of job (KB)
...
005 (2491133.106.000) 11/08 20:03:29 Job terminated.
	(1) Normal termination (return value 0)
		Usr 0 00:08:19, Sys 0 00:00:35  -  Run Remote Usage
		Usr 0 00:00:00, Sys 0 00:00:00  -  Run Local Usage
		Usr 0 00:08:19, Sys 0 00:00:35  -  Total Remote Usage
		Usr 0 00:00:00, Sys 0 00:00:00  -  Total Local Usage
	0  -  Run Bytes Sent By Job
	0  -  Run Bytes Received By Job
	0  -  Total Bytes Sent By Job
	0  -  Total Bytes Received By Job
	Partitionable Resources :    Usage  Request Allocated
	   Cpus                 :                 1         1
	   Disk (KB)            :        1        1   2370814
	   Memory (MB)          :      737        1      4035
...
