000 (2501478.106.000) 11/13 13:27:36 Job submitted from host: <192.168.1.109:9714>
...
001 (2501478.106.000) 11/13 13:40:34 Job executing on host: <192.168.1.45:9392>
...
006 (2501478.106.000) 11/13 13:40:35 Image size of job updated: 15640
	0  -  MemoryUsage of job (MB)
	0  -  ResidentSetSize of job (KB)
...
005 (2501478.106.000) 11/13 13:40:35 Job terminated.
	(1) Normal termination (return value 127)
		Usr 0 00:00:00, Sys 0 00:00:00  -  Run Remote Usage
		Usr 0 00:00:00, Sys 0 00:00:00  -  Run Local Usage
		Usr 0 00:00:00, Sys 0 00:00:00  -  Total Remote Usage
		Usr 0 00:00:00, Sys 0 00:00:00  -  Total Local Usage
	0  -  Run Bytes Sent By Job
	0  -  Run Bytes Received By Job
	0  -  Total Bytes Sent By Job
	0  -  Total Bytes Received By Job
	Partitionable Resources :    Usage  Request Allocated
	   Cpus                 :                 1         1
	   Disk (KB)            :        1        1   2290315
	   Memory (MB)          :        0        1      4035
...
