000 (2485823.025.000) 11/07 23:48:29 Job submitted from host: <192.168.1.109:9714>
...
001 (2485823.025.000) 11/07 23:48:37 Job executing on host: <192.168.1.43:9998>
...
006 (2485823.025.000) 11/07 23:48:46 Image size of job updated: 32840
	3  -  MemoryUsage of job (MB)
	2616  -  ResidentSetSize of job (KB)
...
006 (2485823.025.000) 11/07 23:53:47 Image size of job updated: 996684
	485  -  MemoryUsage of job (MB)
	496352  -  ResidentSetSize of job (KB)
...
006 (2485823.025.000) 11/07 23:58:47 Image size of job updated: 996684
	486  -  MemoryUsage of job (MB)
	497484  -  ResidentSetSize of job (KB)
...
006 (2485823.025.000) 11/08 00:03:48 Image size of job updated: 996684
	486  -  MemoryUsage of job (MB)
	497500  -  ResidentSetSize of job (KB)
...
006 (2485823.025.000) 11/08 00:08:49 Image size of job updated: 996684
	487  -  MemoryUsage of job (MB)
	498472  -  ResidentSetSize of job (KB)
...
006 (2485823.025.000) 11/08 00:18:49 Image size of job updated: 996684
	487  -  MemoryUsage of job (MB)
	498512  -  ResidentSetSize of job (KB)
...
006 (2485823.025.000) 11/08 00:23:50 Image size of job updated: 996684
	487  -  MemoryUsage of job (MB)
	498528  -  ResidentSetSize of job (KB)
...
006 (2485823.025.000) 11/08 00:28:50 Image size of job updated: 996684
	488  -  MemoryUsage of job (MB)
	499112  -  ResidentSetSize of job (KB)
...
006 (2485823.025.000) 11/08 00:33:50 Image size of job updated: 996684
	488  -  MemoryUsage of job (MB)
	499448  -  ResidentSetSize of job (KB)
...
005 (2485823.025.000) 11/08 00:37:36 Job terminated.
	(1) Normal termination (return value 0)
		Usr 0 00:09:53, Sys 0 00:00:36  -  Run Remote Usage
		Usr 0 00:00:00, Sys 0 00:00:00  -  Run Local Usage
		Usr 0 00:09:53, Sys 0 00:00:36  -  Total Remote Usage
		Usr 0 00:00:00, Sys 0 00:00:00  -  Total Local Usage
	0  -  Run Bytes Sent By Job
	0  -  Run Bytes Received By Job
	0  -  Total Bytes Sent By Job
	0  -  Total Bytes Received By Job
	Partitionable Resources :    Usage  Request Allocated
	   Cpus                 :                 1         1
	   Disk (KB)            :        1        1   2364820
	   Memory (MB)          :      488        1      4035
...
