000 (2524735.058.000) 11/21 01:52:16 Job submitted from host: <192.168.1.109:9714>
...
001 (2524735.058.000) 11/21 02:13:14 Job executing on host: <192.168.1.46:9845>
...
006 (2524735.058.000) 11/21 02:13:22 Image size of job updated: 1
	3  -  MemoryUsage of job (MB)
	2144  -  ResidentSetSize of job (KB)
...
006 (2524735.058.000) 11/21 02:13:27 Image size of job updated: 458000
	3  -  MemoryUsage of job (MB)
	2144  -  ResidentSetSize of job (KB)
...
005 (2524735.058.000) 11/21 02:13:27 Job terminated.
	(1) Normal termination (return value 0)
		Usr 0 00:00:04, Sys 0 00:00:00  -  Run Remote Usage
		Usr 0 00:00:00, Sys 0 00:00:00  -  Run Local Usage
		Usr 0 00:00:04, Sys 0 00:00:00  -  Total Remote Usage
		Usr 0 00:00:00, Sys 0 00:00:00  -  Total Local Usage
	0  -  Run Bytes Sent By Job
	0  -  Run Bytes Received By Job
	0  -  Total Bytes Sent By Job
	0  -  Total Bytes Received By Job
	Partitionable Resources :    Usage  Request Allocated
	   Cpus                 :                 1         1
	   Disk (KB)            :        1        1   2369778
	   Memory (MB)          :        3        1      4035
...
