000 (2492274.077.000) 11/08 21:22:00 Job submitted from host: <192.168.1.109:9714>
...
001 (2492274.077.000) 11/08 21:24:21 Job executing on host: <192.168.1.45:9392>
...
006 (2492274.077.000) 11/08 21:24:33 Image size of job updated: 97664
	2  -  MemoryUsage of job (MB)
	1828  -  ResidentSetSize of job (KB)
...
006 (2492274.077.000) 11/08 21:29:33 Image size of job updated: 994960
	461  -  MemoryUsage of job (MB)
	471292  -  ResidentSetSize of job (KB)
...
006 (2492274.077.000) 11/08 21:34:33 Image size of job updated: 994960
	461  -  MemoryUsage of job (MB)
	471828  -  ResidentSetSize of job (KB)
...
006 (2492274.077.000) 11/08 21:39:34 Image size of job updated: 994960
	462  -  MemoryUsage of job (MB)
	472928  -  ResidentSetSize of job (KB)
...
006 (2492274.077.000) 11/08 21:44:34 Image size of job updated: 994960
	463  -  MemoryUsage of job (MB)
	473652  -  ResidentSetSize of job (KB)
...
006 (2492274.077.000) 11/08 21:49:34 Image size of job updated: 994960
	464  -  MemoryUsage of job (MB)
	474308  -  ResidentSetSize of job (KB)
...
006 (2492274.077.000) 11/08 21:54:35 Image size of job updated: 994960
	464  -  MemoryUsage of job (MB)
	474900  -  ResidentSetSize of job (KB)
...
005 (2492274.077.000) 11/08 21:56:17 Job terminated.
	(1) Normal termination (return value 0)
		Usr 0 00:03:30, Sys 0 00:00:13  -  Run Remote Usage
		Usr 0 00:00:00, Sys 0 00:00:00  -  Run Local Usage
		Usr 0 00:03:30, Sys 0 00:00:13  -  Total Remote Usage
		Usr 0 00:00:00, Sys 0 00:00:00  -  Total Local Usage
	0  -  Run Bytes Sent By Job
	0  -  Run Bytes Received By Job
	0  -  Total Bytes Sent By Job
	0  -  Total Bytes Received By Job
	Partitionable Resources :    Usage  Request Allocated
	   Cpus                 :                 1         1
	   Disk (KB)            :        1        1   2370034
	   Memory (MB)          :      464        1      4035
...
