000 (2492235.089.000) 11/08 21:19:20 Job submitted from host: <192.168.1.109:9714>
...
001 (2492235.089.000) 11/08 21:20:22 Job executing on host: <192.168.1.45:9392>
...
006 (2492235.089.000) 11/08 21:20:31 Image size of job updated: 327176
	12  -  MemoryUsage of job (MB)
	11832  -  ResidentSetSize of job (KB)
...
006 (2492235.089.000) 11/08 21:25:31 Image size of job updated: 994956
	394  -  MemoryUsage of job (MB)
	402736  -  ResidentSetSize of job (KB)
...
006 (2492235.089.000) 11/08 21:40:32 Image size of job updated: 994956
	457  -  MemoryUsage of job (MB)
	467936  -  ResidentSetSize of job (KB)
...
006 (2492235.089.000) 11/08 21:45:32 Image size of job updated: 994956
	512  -  MemoryUsage of job (MB)
	523344  -  ResidentSetSize of job (KB)
...
006 (2492235.089.000) 11/08 21:50:33 Image size of job updated: 994956
	512  -  MemoryUsage of job (MB)
	523520  -  ResidentSetSize of job (KB)
...
006 (2492235.089.000) 11/08 21:55:33 Image size of job updated: 994956
	513  -  MemoryUsage of job (MB)
	525160  -  ResidentSetSize of job (KB)
...
005 (2492235.089.000) 11/08 21:56:18 Job terminated.
	(1) Normal termination (return value 0)
		Usr 0 00:03:51, Sys 0 00:00:15  -  Run Remote Usage
		Usr 0 00:00:00, Sys 0 00:00:00  -  Run Local Usage
		Usr 0 00:03:51, Sys 0 00:00:15  -  Total Remote Usage
		Usr 0 00:00:00, Sys 0 00:00:00  -  Total Local Usage
	0  -  Run Bytes Sent By Job
	0  -  Run Bytes Received By Job
	0  -  Total Bytes Sent By Job
	0  -  Total Bytes Received By Job
	Partitionable Resources :    Usage  Request Allocated
	   Cpus                 :                 1         1
	   Disk (KB)            :        1        1   2370035
	   Memory (MB)          :      513        1      4035
...
