000 (2504802.089.000) 11/16 00:58:50 Job submitted from host: <192.168.1.109:9714>
...
001 (2504802.089.000) 11/16 00:59:12 Job executing on host: <192.168.1.49:9578>
...
006 (2504802.089.000) 11/16 00:59:21 Image size of job updated: 181380
	32  -  MemoryUsage of job (MB)
	31836  -  ResidentSetSize of job (KB)
...
006 (2504802.089.000) 11/16 00:59:28 Image size of job updated: 475976
	32  -  MemoryUsage of job (MB)
	31836  -  ResidentSetSize of job (KB)
...
005 (2504802.089.000) 11/16 00:59:28 Job terminated.
	(1) Normal termination (return value 0)
		Usr 0 00:00:06, Sys 0 00:00:00  -  Run Remote Usage
		Usr 0 00:00:00, Sys 0 00:00:00  -  Run Local Usage
		Usr 0 00:00:06, Sys 0 00:00:00  -  Total Remote Usage
		Usr 0 00:00:00, Sys 0 00:00:00  -  Total Local Usage
	0  -  Run Bytes Sent By Job
	0  -  Run Bytes Received By Job
	0  -  Total Bytes Sent By Job
	0  -  Total Bytes Received By Job
	Partitionable Resources :    Usage  Request Allocated
	   Cpus                 :                 1         1
	   Disk (KB)            :        1        1  28379398
	   Memory (MB)          :       32        1      4033
...
