000 (2506671.089.000) 11/17 00:32:25 Job submitted from host: <192.168.1.109:9714>
...
001 (2506671.089.000) 11/17 00:32:38 Job executing on host: <192.168.1.62:9618?addrs=192.168.1.62-9618+[--1]-9618&noUDP&sock=2400_17ca_3>
...
006 (2506671.089.000) 11/17 00:32:47 Image size of job updated: 49780
	3  -  MemoryUsage of job (MB)
	2548  -  ResidentSetSize of job (KB)
...
006 (2506671.089.000) 11/17 00:32:59 Image size of job updated: 475332
	3  -  MemoryUsage of job (MB)
	2548  -  ResidentSetSize of job (KB)
...
005 (2506671.089.000) 11/17 00:32:59 Job terminated.
	(1) Normal termination (return value 0)
		Usr 0 00:00:08, Sys 0 00:00:00  -  Run Remote Usage
		Usr 0 00:00:00, Sys 0 00:00:00  -  Run Local Usage
		Usr 0 00:00:08, Sys 0 00:00:00  -  Total Remote Usage
		Usr 0 00:00:00, Sys 0 00:00:00  -  Total Local Usage
	0  -  Run Bytes Sent By Job
	0  -  Run Bytes Received By Job
	0  -  Total Bytes Sent By Job
	0  -  Total Bytes Received By Job
	Partitionable Resources :    Usage  Request Allocated
	   Cpus                 :                 1         1
	   Disk (KB)            :        1        1   1563256
	   Memory (MB)          :        3        1         1
...
