000 (2491851.125.000) 11/08 20:36:48 Job submitted from host: <192.168.1.109:9714>
...
001 (2491851.125.000) 11/08 20:37:19 Job executing on host: <192.168.1.45:9392>
...
006 (2491851.125.000) 11/08 20:37:28 Image size of job updated: 182200
	3  -  MemoryUsage of job (MB)
	2692  -  ResidentSetSize of job (KB)
...
006 (2491851.125.000) 11/08 20:42:29 Image size of job updated: 991292
	478  -  MemoryUsage of job (MB)
	489288  -  ResidentSetSize of job (KB)
...
006 (2491851.125.000) 11/08 21:02:31 Image size of job updated: 991292
	515  -  MemoryUsage of job (MB)
	527192  -  ResidentSetSize of job (KB)
...
006 (2491851.125.000) 11/08 21:07:31 Image size of job updated: 991292
	526  -  MemoryUsage of job (MB)
	537864  -  ResidentSetSize of job (KB)
...
006 (2491851.125.000) 11/08 21:12:32 Image size of job updated: 991292
	526  -  MemoryUsage of job (MB)
	538040  -  ResidentSetSize of job (KB)
...
006 (2491851.125.000) 11/08 21:17:33 Image size of job updated: 991292
	526  -  MemoryUsage of job (MB)
	538276  -  ResidentSetSize of job (KB)
...
005 (2491851.125.000) 11/08 21:42:03 Job terminated.
	(1) Normal termination (return value 0)
		Usr 0 00:19:10, Sys 0 00:01:10  -  Run Remote Usage
		Usr 0 00:00:00, Sys 0 00:00:00  -  Run Local Usage
		Usr 0 00:19:10, Sys 0 00:01:10  -  Total Remote Usage
		Usr 0 00:00:00, Sys 0 00:00:00  -  Total Local Usage
	0  -  Run Bytes Sent By Job
	0  -  Run Bytes Received By Job
	0  -  Total Bytes Sent By Job
	0  -  Total Bytes Received By Job
	Partitionable Resources :    Usage  Request Allocated
	   Cpus                 :                 1         1
	   Disk (KB)            :        1        1   2370405
	   Memory (MB)          :      526        1      4035
...
