000 (2491133.125.000) 11/08 19:40:20 Job submitted from host: <192.168.1.109:9714>
...
001 (2491133.125.000) 11/08 19:40:56 Job executing on host: <192.168.1.64:9697>
...
006 (2491133.125.000) 11/08 19:41:04 Image size of job updated: 49960
	3  -  MemoryUsage of job (MB)
	3068  -  ResidentSetSize of job (KB)
...
006 (2491133.125.000) 11/08 19:46:05 Image size of job updated: 991292
	481  -  MemoryUsage of job (MB)
	491608  -  ResidentSetSize of job (KB)
...
006 (2491133.125.000) 11/08 19:51:06 Image size of job updated: 991292
	481  -  MemoryUsage of job (MB)
	492356  -  ResidentSetSize of job (KB)
...
006 (2491133.125.000) 11/08 19:56:06 Image size of job updated: 991292
	482  -  MemoryUsage of job (MB)
	493128  -  ResidentSetSize of job (KB)
...
006 (2491133.125.000) 11/08 20:01:06 Image size of job updated: 1199452
	665  -  MemoryUsage of job (MB)
	679996  -  ResidentSetSize of job (KB)
...
006 (2491133.125.000) 11/08 20:06:07 Image size of job updated: 1199452
	668  -  MemoryUsage of job (MB)
	683440  -  ResidentSetSize of job (KB)
...
006 (2491133.125.000) 11/08 20:11:07 Image size of job updated: 1199452
	759  -  MemoryUsage of job (MB)
	776980  -  ResidentSetSize of job (KB)
...
006 (2491133.125.000) 11/08 20:16:07 Image size of job updated: 1199452
	804  -  MemoryUsage of job (MB)
	823272  -  ResidentSetSize of job (KB)
...
005 (2491133.125.000) 11/08 20:20:18 Job terminated.
	(1) Normal termination (return value 0)
		Usr 0 00:28:20, Sys 0 00:01:09  -  Run Remote Usage
		Usr 0 00:00:00, Sys 0 00:00:00  -  Run Local Usage
		Usr 0 00:28:20, Sys 0 00:01:09  -  Total Remote Usage
		Usr 0 00:00:00, Sys 0 00:00:00  -  Total Local Usage
	0  -  Run Bytes Sent By Job
	0  -  Run Bytes Received By Job
	0  -  Total Bytes Sent By Job
	0  -  Total Bytes Received By Job
	Partitionable Resources :    Usage  Request Allocated
	   Cpus                 :                 1         1
	   Disk (KB)            :        1        1  19563331
	   Memory (MB)          :      804        1      4033
...
