000 (2497410.125.000) 11/09 15:33:47 Job submitted from host: <192.168.1.109:9714>
...
001 (2497410.125.000) 11/09 15:34:14 Job executing on host: <192.168.1.63:9932>
...
006 (2497410.125.000) 11/09 15:34:22 Image size of job updated: 384472
	60  -  MemoryUsage of job (MB)
	61068  -  ResidentSetSize of job (KB)
...
006 (2497410.125.000) 11/09 15:39:22 Image size of job updated: 1036320
	490  -  MemoryUsage of job (MB)
	501428  -  ResidentSetSize of job (KB)
...
006 (2497410.125.000) 11/09 15:44:22 Image size of job updated: 1036320
	490  -  MemoryUsage of job (MB)
	501532  -  ResidentSetSize of job (KB)
...
006 (2497410.125.000) 11/09 15:49:23 Image size of job updated: 1036320
	491  -  MemoryUsage of job (MB)
	501868  -  ResidentSetSize of job (KB)
...
006 (2497410.125.000) 11/09 15:54:23 Image size of job updated: 1036320
	598  -  MemoryUsage of job (MB)
	612312  -  ResidentSetSize of job (KB)
...
006 (2497410.125.000) 11/09 15:59:23 Image size of job updated: 1036320
	599  -  MemoryUsage of job (MB)
	612436  -  ResidentSetSize of job (KB)
...
006 (2497410.125.000) 11/09 16:14:25 Image size of job updated: 1036320
	599  -  MemoryUsage of job (MB)
	612440  -  ResidentSetSize of job (KB)
...
006 (2497410.125.000) 11/09 16:29:27 Image size of job updated: 1036320
	599  -  MemoryUsage of job (MB)
	612444  -  ResidentSetSize of job (KB)
...
006 (2497410.125.000) 11/09 16:34:27 Image size of job updated: 1036320
	599  -  MemoryUsage of job (MB)
	612520  -  ResidentSetSize of job (KB)
...
005 (2497410.125.000) 11/09 16:38:36 Job terminated.
	(1) Normal termination (return value 0)
		Usr 0 00:37:53, Sys 0 00:01:18  -  Run Remote Usage
		Usr 0 00:00:00, Sys 0 00:00:00  -  Run Local Usage
		Usr 0 00:37:53, Sys 0 00:01:18  -  Total Remote Usage
		Usr 0 00:00:00, Sys 0 00:00:00  -  Total Local Usage
	0  -  Run Bytes Sent By Job
	0  -  Run Bytes Received By Job
	0  -  Total Bytes Sent By Job
	0  -  Total Bytes Received By Job
	Partitionable Resources :    Usage  Request Allocated
	   Cpus                 :                 1         1
	   Disk (KB)            :        1        1  19565447
	   Memory (MB)          :      599        1      4033
...
