000 (2493183.048.000) 11/09 00:44:13 Job submitted from host: <192.168.1.109:9714>
...
001 (2493183.048.000) 11/09 00:44:23 Job executing on host: <192.168.1.66:9620>
...
006 (2493183.048.000) 11/09 00:44:31 Image size of job updated: 32840
	3  -  MemoryUsage of job (MB)
	2672  -  ResidentSetSize of job (KB)
...
006 (2493183.048.000) 11/09 00:49:31 Image size of job updated: 1052688
	491  -  MemoryUsage of job (MB)
	502684  -  ResidentSetSize of job (KB)
...
006 (2493183.048.000) 11/09 00:54:32 Image size of job updated: 1052688
	568  -  MemoryUsage of job (MB)
	581264  -  ResidentSetSize of job (KB)
...
006 (2493183.048.000) 11/09 00:59:33 Image size of job updated: 1052688
	613  -  MemoryUsage of job (MB)
	626952  -  ResidentSetSize of job (KB)
...
006 (2493183.048.000) 11/09 01:04:33 Image size of job updated: 1052688
	613  -  MemoryUsage of job (MB)
	627216  -  ResidentSetSize of job (KB)
...
006 (2493183.048.000) 11/09 01:09:34 Image size of job updated: 1052688
	613  -  MemoryUsage of job (MB)
	627580  -  ResidentSetSize of job (KB)
...
006 (2493183.048.000) 11/09 01:14:35 Image size of job updated: 1052688
	614  -  MemoryUsage of job (MB)
	627756  -  ResidentSetSize of job (KB)
...
005 (2493183.048.000) 11/09 01:18:20 Job terminated.
	(1) Normal termination (return value 0)
		Usr 0 00:11:09, Sys 0 00:00:37  -  Run Remote Usage
		Usr 0 00:00:00, Sys 0 00:00:00  -  Run Local Usage
		Usr 0 00:11:09, Sys 0 00:00:37  -  Total Remote Usage
		Usr 0 00:00:00, Sys 0 00:00:00  -  Total Local Usage
	0  -  Run Bytes Sent By Job
	0  -  Run Bytes Received By Job
	0  -  Total Bytes Sent By Job
	0  -  Total Bytes Received By Job
	Partitionable Resources :    Usage  Request Allocated
	   Cpus                 :                 1         1
	   Disk (KB)            :        1        1  19561971
	   Memory (MB)          :      614        1      4033
...
