000 (2504806.036.000) 11/16 01:28:52 Job submitted from host: <192.168.1.109:9714>
...
001 (2504806.036.000) 11/16 01:29:05 Job executing on host: <192.168.1.67:9583>
...
006 (2504806.036.000) 11/16 01:29:13 Image size of job updated: 351672
	69  -  MemoryUsage of job (MB)
	70516  -  ResidentSetSize of job (KB)
...
006 (2504806.036.000) 11/16 01:29:24 Image size of job updated: 475516
	69  -  MemoryUsage of job (MB)
	70516  -  ResidentSetSize of job (KB)
...
005 (2504806.036.000) 11/16 01:29:24 Job terminated.
	(1) Normal termination (return value 0)
		Usr 0 00:00:11, Sys 0 00:00:00  -  Run Remote Usage
		Usr 0 00:00:00, Sys 0 00:00:00  -  Run Local Usage
		Usr 0 00:00:11, Sys 0 00:00:00  -  Total Remote Usage
		Usr 0 00:00:00, Sys 0 00:00:00  -  Total Local Usage
	0  -  Run Bytes Sent By Job
	0  -  Run Bytes Received By Job
	0  -  Total Bytes Sent By Job
	0  -  Total Bytes Received By Job
	Partitionable Resources :    Usage  Request Allocated
	   Cpus                 :                 1         1
	   Disk (KB)            :        1        1  19564257
	   Memory (MB)          :       69        1      4033
...
