000 (2504802.048.000) 11/16 00:58:49 Job submitted from host: <192.168.1.109:9714>
...
001 (2504802.048.000) 11/16 00:59:10 Job executing on host: <192.168.1.47:9634>
...
006 (2504802.048.000) 11/16 00:59:19 Image size of job updated: 175708
	8  -  MemoryUsage of job (MB)
	7804  -  ResidentSetSize of job (KB)
...
006 (2504802.048.000) 11/16 00:59:32 Image size of job updated: 476144
	8  -  MemoryUsage of job (MB)
	7804  -  ResidentSetSize of job (KB)
...
005 (2504802.048.000) 11/16 00:59:32 Job terminated.
	(1) Normal termination (return value 0)
		Usr 0 00:00:08, Sys 0 00:00:00  -  Run Remote Usage
		Usr 0 00:00:00, Sys 0 00:00:00  -  Run Local Usage
		Usr 0 00:00:08, Sys 0 00:00:00  -  Total Remote Usage
		Usr 0 00:00:00, Sys 0 00:00:00  -  Total Local Usage
	0  -  Run Bytes Sent By Job
	0  -  Run Bytes Received By Job
	0  -  Total Bytes Sent By Job
	0  -  Total Bytes Received By Job
	Partitionable Resources :    Usage  Request Allocated
	   Cpus                 :                 1         1
	   Disk (KB)            :        1        1  28379415
	   Memory (MB)          :        8        1      4033
...
