000 (2492235.099.000) 11/08 21:19:20 Job submitted from host: <192.168.1.109:9714>
...
001 (2492235.099.000) 11/08 21:19:33 Job executing on host: <192.168.1.64:9697>
...
006 (2492235.099.000) 11/08 21:19:42 Image size of job updated: 97468
	2  -  MemoryUsage of job (MB)
	1680  -  ResidentSetSize of job (KB)
...
006 (2492235.099.000) 11/08 21:24:43 Image size of job updated: 1062124
	518  -  MemoryUsage of job (MB)
	530180  -  ResidentSetSize of job (KB)
...
006 (2492235.099.000) 11/08 21:29:43 Image size of job updated: 1062124
	519  -  MemoryUsage of job (MB)
	530784  -  ResidentSetSize of job (KB)
...
006 (2492235.099.000) 11/08 21:44:45 Image size of job updated: 1062124
	519  -  MemoryUsage of job (MB)
	530788  -  ResidentSetSize of job (KB)
...
006 (2492235.099.000) 11/08 21:49:45 Image size of job updated: 1062124
	563  -  MemoryUsage of job (MB)
	575608  -  ResidentSetSize of job (KB)
...
006 (2492235.099.000) 11/08 21:54:46 Image size of job updated: 1062124
	630  -  MemoryUsage of job (MB)
	644324  -  ResidentSetSize of job (KB)
...
005 (2492235.099.000) 11/08 21:55:37 Job terminated.
	(1) Normal termination (return value 0)
		Usr 0 00:12:28, Sys 0 00:00:30  -  Run Remote Usage
		Usr 0 00:00:00, Sys 0 00:00:00  -  Run Local Usage
		Usr 0 00:12:28, Sys 0 00:00:30  -  Total Remote Usage
		Usr 0 00:00:00, Sys 0 00:00:00  -  Total Local Usage
	0  -  Run Bytes Sent By Job
	0  -  Run Bytes Received By Job
	0  -  Total Bytes Sent By Job
	0  -  Total Bytes Received By Job
	Partitionable Resources :    Usage  Request Allocated
	   Cpus                 :                 1         1
	   Disk (KB)            :        1        1  19563648
	   Memory (MB)          :      630        1      4033
...
