000 (2492274.087.000) 11/08 21:22:00 Job submitted from host: <192.168.1.109:9714>
...
001 (2492274.087.000) 11/08 21:23:03 Job executing on host: <192.168.1.47:9634>
...
006 (2492274.087.000) 11/08 21:23:11 Image size of job updated: 442648
	126  -  MemoryUsage of job (MB)
	128596  -  ResidentSetSize of job (KB)
...
006 (2492274.087.000) 11/08 21:28:11 Image size of job updated: 1062132
	516  -  MemoryUsage of job (MB)
	527636  -  ResidentSetSize of job (KB)
...
006 (2492274.087.000) 11/08 21:33:12 Image size of job updated: 1062132
	516  -  MemoryUsage of job (MB)
	528280  -  ResidentSetSize of job (KB)
...
006 (2492274.087.000) 11/08 21:38:13 Image size of job updated: 1062132
	517  -  MemoryUsage of job (MB)
	528856  -  ResidentSetSize of job (KB)
...
006 (2492274.087.000) 11/08 21:43:13 Image size of job updated: 1062132
	517  -  MemoryUsage of job (MB)
	528892  -  ResidentSetSize of job (KB)
...
006 (2492274.087.000) 11/08 22:08:17 Image size of job updated: 1062132
	517  -  MemoryUsage of job (MB)
	528964  -  ResidentSetSize of job (KB)
...
006 (2492274.087.000) 11/08 22:13:17 Image size of job updated: 1062132
	517  -  MemoryUsage of job (MB)
	529044  -  ResidentSetSize of job (KB)
...
005 (2492274.087.000) 11/08 22:15:42 Job terminated.
	(1) Normal termination (return value 0)
		Usr 0 00:06:38, Sys 0 00:00:26  -  Run Remote Usage
		Usr 0 00:00:00, Sys 0 00:00:00  -  Run Local Usage
		Usr 0 00:06:38, Sys 0 00:00:26  -  Total Remote Usage
		Usr 0 00:00:00, Sys 0 00:00:00  -  Total Local Usage
	0  -  Run Bytes Sent By Job
	0  -  Run Bytes Received By Job
	0  -  Total Bytes Sent By Job
	0  -  Total Bytes Received By Job
	Partitionable Resources :    Usage  Request Allocated
	   Cpus                 :                 1         1
	   Disk (KB)            :        1        1  28380912
	   Memory (MB)          :      517        1      4033
...
