000 (2493183.099.000) 11/09 00:44:15 Job submitted from host: <192.168.1.109:9714>
...
001 (2493183.099.000) 11/09 00:44:27 Job executing on host: <192.168.1.42:9515>
...
006 (2493183.099.000) 11/09 00:44:36 Image size of job updated: 97660
	3  -  MemoryUsage of job (MB)
	2688  -  ResidentSetSize of job (KB)
...
006 (2493183.099.000) 11/09 00:49:38 Image size of job updated: 1048852
	494  -  MemoryUsage of job (MB)
	505520  -  ResidentSetSize of job (KB)
...
006 (2493183.099.000) 11/09 00:54:38 Image size of job updated: 1048852
	496  -  MemoryUsage of job (MB)
	507888  -  ResidentSetSize of job (KB)
...
006 (2493183.099.000) 11/09 00:59:38 Image size of job updated: 1048852
	497  -  MemoryUsage of job (MB)
	507928  -  ResidentSetSize of job (KB)
...
006 (2493183.099.000) 11/09 01:04:39 Image size of job updated: 1048852
	497  -  MemoryUsage of job (MB)
	507932  -  ResidentSetSize of job (KB)
...
006 (2493183.099.000) 11/09 01:09:39 Image size of job updated: 1048852
	497  -  MemoryUsage of job (MB)
	507956  -  ResidentSetSize of job (KB)
...
006 (2493183.099.000) 11/09 01:14:39 Image size of job updated: 1048852
	497  -  MemoryUsage of job (MB)
	508152  -  ResidentSetSize of job (KB)
...
006 (2493183.099.000) 11/09 01:19:40 Image size of job updated: 1048852
	497  -  MemoryUsage of job (MB)
	508288  -  ResidentSetSize of job (KB)
...
005 (2493183.099.000) 11/09 01:21:05 Job terminated.
	(1) Normal termination (return value 0)
		Usr 0 00:06:18, Sys 0 00:00:24  -  Run Remote Usage
		Usr 0 00:00:00, Sys 0 00:00:00  -  Run Local Usage
		Usr 0 00:06:18, Sys 0 00:00:24  -  Total Remote Usage
		Usr 0 00:00:00, Sys 0 00:00:00  -  Total Local Usage
	0  -  Run Bytes Sent By Job
	0  -  Run Bytes Received By Job
	0  -  Total Bytes Sent By Job
	0  -  Total Bytes Received By Job
	Partitionable Resources :    Usage  Request Allocated
	   Cpus                 :                 1         1
	   Disk (KB)            :        1        1   2371455
	   Memory (MB)          :      497        1      4035
...
