000 (2497151.087.000) 11/09 14:58:12 Job submitted from host: <192.168.1.109:9714>
...
001 (2497151.087.000) 11/09 14:58:21 Job executing on host: <192.168.1.42:9515>
...
006 (2497151.087.000) 11/09 14:58:29 Image size of job updated: 76864
	13  -  MemoryUsage of job (MB)
	13108  -  ResidentSetSize of job (KB)
...
006 (2497151.087.000) 11/09 14:58:51 Image size of job updated: 490888
	13  -  MemoryUsage of job (MB)
	13108  -  ResidentSetSize of job (KB)
...
005 (2497151.087.000) 11/09 14:58:51 Job terminated.
	(1) Normal termination (return value 0)
		Usr 0 00:00:08, Sys 0 00:00:00  -  Run Remote Usage
		Usr 0 00:00:00, Sys 0 00:00:00  -  Run Local Usage
		Usr 0 00:00:08, Sys 0 00:00:00  -  Total Remote Usage
		Usr 0 00:00:00, Sys 0 00:00:00  -  Total Local Usage
	0  -  Run Bytes Sent By Job
	0  -  Run Bytes Received By Job
	0  -  Total Bytes Sent By Job
	0  -  Total Bytes Received By Job
	Partitionable Resources :    Usage  Request Allocated
	   Cpus                 :                 1         1
	   Disk (KB)            :        1        1   2370886
	   Memory (MB)          :       13        1      4035
...
