000 (2493183.087.000) 11/09 00:44:14 Job submitted from host: <192.168.1.109:9714>
...
001 (2493183.087.000) 11/09 00:44:27 Job executing on host: <192.168.1.42:9515>
...
006 (2493183.087.000) 11/09 00:44:36 Image size of job updated: 97664
	3  -  MemoryUsage of job (MB)
	2692  -  ResidentSetSize of job (KB)
...
006 (2493183.087.000) 11/09 00:49:38 Image size of job updated: 1045816
	492  -  MemoryUsage of job (MB)
	503172  -  ResidentSetSize of job (KB)
...
006 (2493183.087.000) 11/09 00:54:38 Image size of job updated: 1045816
	494  -  MemoryUsage of job (MB)
	504912  -  ResidentSetSize of job (KB)
...
006 (2493183.087.000) 11/09 00:59:38 Image size of job updated: 1045816
	494  -  MemoryUsage of job (MB)
	505228  -  ResidentSetSize of job (KB)
...
006 (2493183.087.000) 11/09 01:04:39 Image size of job updated: 1045816
	494  -  MemoryUsage of job (MB)
	505244  -  ResidentSetSize of job (KB)
...
005 (2493183.087.000) 11/09 01:07:55 Job terminated.
	(1) Normal termination (return value 0)
		Usr 0 00:03:21, Sys 0 00:00:13  -  Run Remote Usage
		Usr 0 00:00:00, Sys 0 00:00:00  -  Run Local Usage
		Usr 0 00:03:21, Sys 0 00:00:13  -  Total Remote Usage
		Usr 0 00:00:00, Sys 0 00:00:00  -  Total Local Usage
	0  -  Run Bytes Sent By Job
	0  -  Run Bytes Received By Job
	0  -  Total Bytes Sent By Job
	0  -  Total Bytes Received By Job
	Partitionable Resources :    Usage  Request Allocated
	   Cpus                 :                 1         1
	   Disk (KB)            :        1        1   2371455
	   Memory (MB)          :      494        1      4035
...
