000 (2504802.087.000) 11/16 00:58:50 Job submitted from host: <192.168.1.109:9714>
...
001 (2504802.087.000) 11/16 00:59:12 Job executing on host: <192.168.1.67:9583>
...
006 (2504802.087.000) 11/16 00:59:21 Image size of job updated: 444032
	129  -  MemoryUsage of job (MB)
	131968  -  ResidentSetSize of job (KB)
...
006 (2504802.087.000) 11/16 00:59:29 Image size of job updated: 476088
	129  -  MemoryUsage of job (MB)
	131968  -  ResidentSetSize of job (KB)
...
005 (2504802.087.000) 11/16 00:59:29 Job terminated.
	(1) Normal termination (return value 0)
		Usr 0 00:00:09, Sys 0 00:00:00  -  Run Remote Usage
		Usr 0 00:00:00, Sys 0 00:00:00  -  Run Local Usage
		Usr 0 00:00:09, Sys 0 00:00:00  -  Total Remote Usage
		Usr 0 00:00:00, Sys 0 00:00:00  -  Total Local Usage
	0  -  Run Bytes Sent By Job
	0  -  Run Bytes Received By Job
	0  -  Total Bytes Sent By Job
	0  -  Total Bytes Received By Job
	Partitionable Resources :    Usage  Request Allocated
	   Cpus                 :                 1         1
	   Disk (KB)            :        1        1  19564302
	   Memory (MB)          :      129        1      4033
...
