000 (2464979.099.000) 11/02 16:50:21 Job submitted from host: <192.168.1.109:9308>
...
001 (2464979.099.000) 11/02 16:50:41 Job executing on host: <192.168.1.47:9634>
...
006 (2464979.099.000) 11/02 16:50:50 Image size of job updated: 402812
	87  -  MemoryUsage of job (MB)
	88880  -  ResidentSetSize of job (KB)
...
006 (2464979.099.000) 11/02 16:54:13 Image size of job updated: 881184
	87  -  MemoryUsage of job (MB)
	88880  -  ResidentSetSize of job (KB)
...
005 (2464979.099.000) 11/02 16:54:13 Job terminated.
	(1) Normal termination (return value 0)
		Usr 0 00:01:33, Sys 0 00:00:06  -  Run Remote Usage
		Usr 0 00:00:00, Sys 0 00:00:00  -  Run Local Usage
		Usr 0 00:01:33, Sys 0 00:00:06  -  Total Remote Usage
		Usr 0 00:00:00, Sys 0 00:00:00  -  Total Local Usage
	0  -  Run Bytes Sent By Job
	0  -  Run Bytes Received By Job
	0  -  Total Bytes Sent By Job
	0  -  Total Bytes Received By Job
	Partitionable Resources :    Usage  Request Allocated
	   Cpus                 :                 1         1
	   Disk (KB)            :        1        1  28380473
	   Memory (MB)          :       87        1      4033
...
