000 (2493272.063.000) 11/09 01:26:05 Job submitted from host: <192.168.1.109:9714>
...
001 (2493272.063.000) 11/09 01:26:16 Job executing on host: <192.168.1.66:9620>
...
006 (2493272.063.000) 11/09 01:26:25 Image size of job updated: 342388
	73  -  MemoryUsage of job (MB)
	74552  -  ResidentSetSize of job (KB)
...
006 (2493272.063.000) 11/09 01:26:35 Image size of job updated: 474308
	73  -  MemoryUsage of job (MB)
	74552  -  ResidentSetSize of job (KB)
...
005 (2493272.063.000) 11/09 01:26:35 Job terminated.
	(1) Normal termination (return value 0)
		Usr 0 00:00:10, Sys 0 00:00:00  -  Run Remote Usage
		Usr 0 00:00:00, Sys 0 00:00:00  -  Run Local Usage
		Usr 0 00:00:10, Sys 0 00:00:00  -  Total Remote Usage
		Usr 0 00:00:00, Sys 0 00:00:00  -  Total Local Usage
	0  -  Run Bytes Sent By Job
	0  -  Run Bytes Received By Job
	0  -  Total Bytes Sent By Job
	0  -  Total Bytes Received By Job
	Partitionable Resources :    Usage  Request Allocated
	   Cpus                 :                 1         1
	   Disk (KB)            :        1        1  19563639
	   Memory (MB)          :       73        1      4033
...
