000 (2485819.032.000) 11/07 22:35:28 Job submitted from host: <192.168.1.109:9714>
...
001 (2485819.032.000) 11/07 22:35:37 Job executing on host: <192.168.1.56:9618?addrs=192.168.1.56-9618+[--1]-9618&noUDP&sock=2542_7e3d_3>
...
006 (2485819.032.000) 11/07 22:35:45 Image size of job updated: 343072
	50  -  MemoryUsage of job (MB)
	51120  -  ResidentSetSize of job (KB)
...
005 (2485819.032.000) 11/07 22:35:50 Job terminated.
	(1) Normal termination (return value 0)
		Usr 0 00:00:00, Sys 0 00:00:00  -  Run Remote Usage
		Usr 0 00:00:00, Sys 0 00:00:00  -  Run Local Usage
		Usr 0 00:00:00, Sys 0 00:00:00  -  Total Remote Usage
		Usr 0 00:00:00, Sys 0 00:00:00  -  Total Local Usage
	0  -  Run Bytes Sent By Job
	0  -  Run Bytes Received By Job
	0  -  Total Bytes Sent By Job
	0  -  Total Bytes Received By Job
	Partitionable Resources :    Usage  Request Allocated
	   Cpus                 :                 1         1
	   Disk (KB)            :        1        1   1563536
	   Memory (MB)          :       50        1         1
...
