/cvmfs/cms.cern.ch
/cms/mchristos/ANN/FireMVA/2016
InputBundle_VV_Input_27_Tree

Processing outFiles/Application_1_2L/InputBundle_VV_Input_27_Tree/Application_Fakes_2L_2016.C...
                         : Booking "BDTG method" of type "BDT" from /cms/mchristos/ANN/FireMVA/L3Only/dl/weights/fire_MVA_TT_PtInclusiveElectrons_BDT.weights.xml.
                         : Reading weight file: /cms/mchristos/ANN/FireMVA/L3Only/dl/weights/fire_MVA_TT_PtInclusiveElectrons_BDT.weights.xml
<HEADER> DataSetInfo              : [Default] : Added class "Background"
<HEADER> DataSetInfo              : [Default] : Added class "Signal"
                         : Booked classifier "BDT" of type: "BDT"
                         : Booking "BDTG method" of type "BDT" from /cms/mchristos/ANN/FireMVA/L3Only/dl/weights/fire_MVA_TT_PtInclusiveMuons_BDT.weights.xml.
                         : Reading weight file: /cms/mchristos/ANN/FireMVA/L3Only/dl/weights/fire_MVA_TT_PtInclusiveMuons_BDT.weights.xml
<HEADER> DataSetInfo              : [Default] : Added class "Background"
<HEADER> DataSetInfo              : [Default] : Added class "Signal"
                         : Booked classifier "BDT" of type: "BDT"
--- TMVAClassificationApp    : Using input file: outFiles/Application_1_2L/InputBundle_VV_Input_27_Tree/BDT1_tree.root
--- Select sample
--- Processing: 1380 events
--- ... Processing event: 0
--- ... Processing event: 1000
--- End of event loop: Real time 0:00:02, CP time 1.370
