000 (2504804.069.000) 11/16 01:06:13 Job submitted from host: <192.168.1.109:9714>
...
001 (2504804.069.000) 11/16 01:06:35 Job executing on host: <192.168.1.49:9578>
...
006 (2504804.069.000) 11/16 01:06:43 Image size of job updated: 337248
	48  -  MemoryUsage of job (MB)
	48772  -  ResidentSetSize of job (KB)
...
005 (2504804.069.000) 11/16 01:06:48 Job terminated.
	(1) Normal termination (return value 0)
		Usr 0 00:00:06, Sys 0 00:00:00  -  Run Remote Usage
		Usr 0 00:00:00, Sys 0 00:00:00  -  Run Local Usage
		Usr 0 00:00:06, Sys 0 00:00:00  -  Total Remote Usage
		Usr 0 00:00:00, Sys 0 00:00:00  -  Total Local Usage
	0  -  Run Bytes Sent By Job
	0  -  Run Bytes Received By Job
	0  -  Total Bytes Sent By Job
	0  -  Total Bytes Received By Job
	Partitionable Resources :    Usage  Request Allocated
	   Cpus                 :                 1         1
	   Disk (KB)            :        1        1  28379386
	   Memory (MB)          :       48        1      4033
...
