000 (2511949.049.000) 11/17 23:24:50 Job submitted from host: <192.168.1.109:9714>
...
001 (2511949.049.000) 11/17 23:29:37 Job executing on host: <192.168.1.48:9634>
...
006 (2511949.049.000) 11/17 23:29:46 Image size of job updated: 352880
	91  -  MemoryUsage of job (MB)
	92896  -  ResidentSetSize of job (KB)
...
006 (2511949.049.000) 11/17 23:31:11 Image size of job updated: 866640
	91  -  MemoryUsage of job (MB)
	92896  -  ResidentSetSize of job (KB)
...
005 (2511949.049.000) 11/17 23:31:11 Job terminated.
	(1) Normal termination (return value 0)
		Usr 0 00:01:00, Sys 0 00:00:04  -  Run Remote Usage
		Usr 0 00:00:00, Sys 0 00:00:00  -  Run Local Usage
		Usr 0 00:01:00, Sys 0 00:00:04  -  Total Remote Usage
		Usr 0 00:00:00, Sys 0 00:00:00  -  Total Local Usage
	0  -  Run Bytes Sent By Job
	0  -  Run Bytes Received By Job
	0  -  Total Bytes Sent By Job
	0  -  Total Bytes Received By Job
	Partitionable Resources :    Usage  Request Allocated
	   Cpus                 :                 1         1
	   Disk (KB)            :        1        1  28379854
	   Memory (MB)          :       91        1      4033
...
