000 (2485823.062.000) 11/07 23:48:29 Job submitted from host: <192.168.1.109:9714>
...
001 (2485823.062.000) 11/07 23:48:39 Job executing on host: <192.168.1.64:9697>
...
006 (2485823.062.000) 11/07 23:48:48 Image size of job updated: 1
	3  -  MemoryUsage of job (MB)
	2096  -  ResidentSetSize of job (KB)
...
006 (2485823.062.000) 11/07 23:53:49 Image size of job updated: 1024524
	507  -  MemoryUsage of job (MB)
	518632  -  ResidentSetSize of job (KB)
...
006 (2485823.062.000) 11/07 23:58:50 Image size of job updated: 1024524
	507  -  MemoryUsage of job (MB)
	519144  -  ResidentSetSize of job (KB)
...
005 (2485823.062.000) 11/08 00:00:31 Job terminated.
	(1) Normal termination (return value 0)
		Usr 0 00:05:29, Sys 0 00:00:12  -  Run Remote Usage
		Usr 0 00:00:00, Sys 0 00:00:00  -  Run Local Usage
		Usr 0 00:05:29, Sys 0 00:00:12  -  Total Remote Usage
		Usr 0 00:00:00, Sys 0 00:00:00  -  Total Local Usage
	0  -  Run Bytes Sent By Job
	0  -  Run Bytes Received By Job
	0  -  Total Bytes Sent By Job
	0  -  Total Bytes Received By Job
	Partitionable Resources :    Usage  Request Allocated
	   Cpus                 :                 1         1
	   Disk (KB)            :        1        1  19523324
	   Memory (MB)          :      507        1      4033
...
