000 (2491851.062.000) 11/08 20:36:47 Job submitted from host: <192.168.1.109:9714>
...
001 (2491851.062.000) 11/08 20:37:15 Job executing on host: <192.168.1.47:9634>
...
006 (2491851.062.000) 11/08 20:37:24 Image size of job updated: 94292
	14  -  MemoryUsage of job (MB)
	14096  -  ResidentSetSize of job (KB)
...
006 (2491851.062.000) 11/08 20:42:26 Image size of job updated: 1024532
	428  -  MemoryUsage of job (MB)
	437440  -  ResidentSetSize of job (KB)
...
006 (2491851.062.000) 11/08 20:47:26 Image size of job updated: 1024532
	428  -  MemoryUsage of job (MB)
	438260  -  ResidentSetSize of job (KB)
...
005 (2491851.062.000) 11/08 20:50:07 Job terminated.
	(1) Normal termination (return value 0)
		Usr 0 00:02:55, Sys 0 00:00:11  -  Run Remote Usage
		Usr 0 00:00:00, Sys 0 00:00:00  -  Run Local Usage
		Usr 0 00:02:55, Sys 0 00:00:11  -  Total Remote Usage
		Usr 0 00:00:00, Sys 0 00:00:00  -  Total Local Usage
	0  -  Run Bytes Sent By Job
	0  -  Run Bytes Received By Job
	0  -  Total Bytes Sent By Job
	0  -  Total Bytes Received By Job
	Partitionable Resources :    Usage  Request Allocated
	   Cpus                 :                 1         1
	   Disk (KB)            :        1        1  28381046
	   Memory (MB)          :      428        1      4033
...
