000 (2497410.062.000) 11/09 15:33:46 Job submitted from host: <192.168.1.109:9714>
...
001 (2497410.062.000) 11/09 15:34:10 Job executing on host: <192.168.1.51:9694>
...
006 (2497410.062.000) 11/09 15:34:19 Image size of job updated: 352024
	41  -  MemoryUsage of job (MB)
	40976  -  ResidentSetSize of job (KB)
...
006 (2497410.062.000) 11/09 15:39:19 Image size of job updated: 1062024
	507  -  MemoryUsage of job (MB)
	518680  -  ResidentSetSize of job (KB)
...
006 (2497410.062.000) 11/09 15:44:19 Image size of job updated: 1062024
	510  -  MemoryUsage of job (MB)
	522236  -  ResidentSetSize of job (KB)
...
006 (2497410.062.000) 11/09 15:49:20 Image size of job updated: 1062024
	511  -  MemoryUsage of job (MB)
	522404  -  ResidentSetSize of job (KB)
...
006 (2497410.062.000) 11/09 15:54:21 Image size of job updated: 1062024
	511  -  MemoryUsage of job (MB)
	522468  -  ResidentSetSize of job (KB)
...
006 (2497410.062.000) 11/09 15:59:21 Image size of job updated: 1062024
	511  -  MemoryUsage of job (MB)
	522524  -  ResidentSetSize of job (KB)
...
006 (2497410.062.000) 11/09 16:04:22 Image size of job updated: 1062024
	511  -  MemoryUsage of job (MB)
	522532  -  ResidentSetSize of job (KB)
...
005 (2497410.062.000) 11/09 16:07:29 Job terminated.
	(1) Normal termination (return value 0)
		Usr 0 00:04:02, Sys 0 00:00:14  -  Run Remote Usage
		Usr 0 00:00:00, Sys 0 00:00:00  -  Run Local Usage
		Usr 0 00:04:02, Sys 0 00:00:14  -  Total Remote Usage
		Usr 0 00:00:00, Sys 0 00:00:00  -  Total Local Usage
	0  -  Run Bytes Sent By Job
	0  -  Run Bytes Received By Job
	0  -  Total Bytes Sent By Job
	0  -  Total Bytes Received By Job
	Partitionable Resources :    Usage  Request Allocated
	   Cpus                 :                 1         1
	   Disk (KB)            :        1        1  28379683
	   Memory (MB)          :      511        1      4033
...
