000 (2492274.082.000) 11/08 21:22:00 Job submitted from host: <192.168.1.109:9714>
...
001 (2492274.082.000) 11/08 21:22:40 Job executing on host: <192.168.1.48:9634>
...
006 (2492274.082.000) 11/08 21:22:49 Image size of job updated: 97476
	8  -  MemoryUsage of job (MB)
	7816  -  ResidentSetSize of job (KB)
...
006 (2492274.082.000) 11/08 21:27:51 Image size of job updated: 1062744
	508  -  MemoryUsage of job (MB)
	520180  -  ResidentSetSize of job (KB)
...
006 (2492274.082.000) 11/08 21:32:51 Image size of job updated: 1062744
	510  -  MemoryUsage of job (MB)
	521444  -  ResidentSetSize of job (KB)
...
006 (2492274.082.000) 11/08 21:37:52 Image size of job updated: 1062744
	510  -  MemoryUsage of job (MB)
	521468  -  ResidentSetSize of job (KB)
...
006 (2492274.082.000) 11/08 21:42:53 Image size of job updated: 1062744
	510  -  MemoryUsage of job (MB)
	522036  -  ResidentSetSize of job (KB)
...
006 (2492274.082.000) 11/08 21:47:53 Image size of job updated: 1062744
	511  -  MemoryUsage of job (MB)
	522324  -  ResidentSetSize of job (KB)
...
006 (2492274.082.000) 11/08 21:57:55 Image size of job updated: 1062744
	511  -  MemoryUsage of job (MB)
	522372  -  ResidentSetSize of job (KB)
...
006 (2492274.082.000) 11/08 22:02:55 Image size of job updated: 1062744
	511  -  MemoryUsage of job (MB)
	522644  -  ResidentSetSize of job (KB)
...
005 (2492274.082.000) 11/08 22:04:36 Job terminated.
	(1) Normal termination (return value 0)
		Usr 0 00:06:19, Sys 0 00:00:24  -  Run Remote Usage
		Usr 0 00:00:00, Sys 0 00:00:00  -  Run Local Usage
		Usr 0 00:06:19, Sys 0 00:00:24  -  Total Remote Usage
		Usr 0 00:00:00, Sys 0 00:00:00  -  Total Local Usage
	0  -  Run Bytes Sent By Job
	0  -  Run Bytes Received By Job
	0  -  Total Bytes Sent By Job
	0  -  Total Bytes Received By Job
	Partitionable Resources :    Usage  Request Allocated
	   Cpus                 :                 1         1
	   Disk (KB)            :        1        1  28379984
	   Memory (MB)          :      511        1      4033
...
