000 (2492235.094.000) 11/08 21:19:20 Job submitted from host: <192.168.1.109:9714>
...
001 (2492235.094.000) 11/08 21:19:32 Job executing on host: <192.168.1.48:9634>
...
006 (2492235.094.000) 11/08 21:19:41 Image size of job updated: 441712
	103  -  MemoryUsage of job (MB)
	104636  -  ResidentSetSize of job (KB)
...
006 (2492235.094.000) 11/08 21:24:42 Image size of job updated: 1062744
	438  -  MemoryUsage of job (MB)
	448264  -  ResidentSetSize of job (KB)
...
006 (2492235.094.000) 11/08 21:29:42 Image size of job updated: 1062744
	438  -  MemoryUsage of job (MB)
	448420  -  ResidentSetSize of job (KB)
...
006 (2492235.094.000) 11/08 21:34:43 Image size of job updated: 1062744
	439  -  MemoryUsage of job (MB)
	449080  -  ResidentSetSize of job (KB)
...
006 (2492235.094.000) 11/08 21:39:44 Image size of job updated: 1062744
	440  -  MemoryUsage of job (MB)
	449620  -  ResidentSetSize of job (KB)
...
006 (2492235.094.000) 11/08 21:44:44 Image size of job updated: 1062744
	440  -  MemoryUsage of job (MB)
	449696  -  ResidentSetSize of job (KB)
...
006 (2492235.094.000) 11/08 21:49:45 Image size of job updated: 1062744
	440  -  MemoryUsage of job (MB)
	449964  -  ResidentSetSize of job (KB)
...
006 (2492235.094.000) 11/08 21:54:46 Image size of job updated: 1062744
	542  -  MemoryUsage of job (MB)
	554172  -  ResidentSetSize of job (KB)
...
006 (2492235.094.000) 11/08 21:59:46 Image size of job updated: 1062744
	553  -  MemoryUsage of job (MB)
	565420  -  ResidentSetSize of job (KB)
...
005 (2492235.094.000) 11/08 22:04:36 Job terminated.
	(1) Normal termination (return value 0)
		Usr 0 00:06:15, Sys 0 00:00:24  -  Run Remote Usage
		Usr 0 00:00:00, Sys 0 00:00:00  -  Run Local Usage
		Usr 0 00:06:15, Sys 0 00:00:24  -  Total Remote Usage
		Usr 0 00:00:00, Sys 0 00:00:00  -  Total Local Usage
	0  -  Run Bytes Sent By Job
	0  -  Run Bytes Received By Job
	0  -  Total Bytes Sent By Job
	0  -  Total Bytes Received By Job
	Partitionable Resources :    Usage  Request Allocated
	   Cpus                 :                 1         1
	   Disk (KB)            :        1        1  28379984
	   Memory (MB)          :      553        1      4033
...
