000 (2506672.082.000) 11/17 00:35:27 Job submitted from host: <192.168.1.109:9714>
...
001 (2506672.082.000) 11/17 00:35:49 Job executing on host: <192.168.1.67:9583>
...
006 (2506672.082.000) 11/17 00:35:57 Image size of job updated: 181768
	32  -  MemoryUsage of job (MB)
	31848  -  ResidentSetSize of job (KB)
...
006 (2506672.082.000) 11/17 00:36:06 Image size of job updated: 475252
	32  -  MemoryUsage of job (MB)
	31848  -  ResidentSetSize of job (KB)
...
005 (2506672.082.000) 11/17 00:36:06 Job terminated.
	(1) Normal termination (return value 0)
		Usr 0 00:00:08, Sys 0 00:00:00  -  Run Remote Usage
		Usr 0 00:00:00, Sys 0 00:00:00  -  Run Local Usage
		Usr 0 00:00:08, Sys 0 00:00:00  -  Total Remote Usage
		Usr 0 00:00:00, Sys 0 00:00:00  -  Total Local Usage
	0  -  Run Bytes Sent By Job
	0  -  Run Bytes Received By Job
	0  -  Total Bytes Sent By Job
	0  -  Total Bytes Received By Job
	Partitionable Resources :    Usage  Request Allocated
	   Cpus                 :                 1         1
	   Disk (KB)            :        1        1  19564079
	   Memory (MB)          :       32        1      4033
...
