000 (2485823.120.000) 11/07 23:48:30 Job submitted from host: <192.168.1.109:9714>
...
001 (2485823.120.000) 11/07 23:48:43 Job executing on host: <192.168.1.57:9618?addrs=192.168.1.57-9618+[--1]-9618&noUDP&sock=2389_8c3f_3>
...
006 (2485823.120.000) 11/07 23:48:52 Image size of job updated: 49776
	2  -  MemoryUsage of job (MB)
	1684  -  ResidentSetSize of job (KB)
...
006 (2485823.120.000) 11/07 23:53:53 Image size of job updated: 1000276
	497  -  MemoryUsage of job (MB)
	508420  -  ResidentSetSize of job (KB)
...
006 (2485823.120.000) 11/07 23:58:53 Image size of job updated: 1000276
	497  -  MemoryUsage of job (MB)
	508876  -  ResidentSetSize of job (KB)
...
006 (2485823.120.000) 11/08 00:03:54 Image size of job updated: 1000276
	498  -  MemoryUsage of job (MB)
	509500  -  ResidentSetSize of job (KB)
...
006 (2485823.120.000) 11/08 00:08:55 Image size of job updated: 1000276
	498  -  MemoryUsage of job (MB)
	509664  -  ResidentSetSize of job (KB)
...
006 (2485823.120.000) 11/08 00:13:55 Image size of job updated: 1000276
	498  -  MemoryUsage of job (MB)
	509816  -  ResidentSetSize of job (KB)
...
006 (2485823.120.000) 11/08 00:18:55 Image size of job updated: 1000276
	606  -  MemoryUsage of job (MB)
	620228  -  ResidentSetSize of job (KB)
...
006 (2485823.120.000) 11/08 00:23:56 Image size of job updated: 1000276
	614  -  MemoryUsage of job (MB)
	627992  -  ResidentSetSize of job (KB)
...
006 (2485823.120.000) 11/08 00:28:56 Image size of job updated: 1000276
	614  -  MemoryUsage of job (MB)
	628324  -  ResidentSetSize of job (KB)
...
006 (2485823.120.000) 11/08 00:38:57 Image size of job updated: 1000276
	614  -  MemoryUsage of job (MB)
	628328  -  ResidentSetSize of job (KB)
...
006 (2485823.120.000) 11/08 00:43:57 Image size of job updated: 1000276
	615  -  MemoryUsage of job (MB)
	629008  -  ResidentSetSize of job (KB)
...
006 (2485823.120.000) 11/08 01:03:59 Image size of job updated: 1000276
	615  -  MemoryUsage of job (MB)
	629020  -  ResidentSetSize of job (KB)
...
006 (2485823.120.000) 11/08 01:09:00 Image size of job updated: 1000276
	616  -  MemoryUsage of job (MB)
	629908  -  ResidentSetSize of job (KB)
...
006 (2485823.120.000) 11/08 01:14:01 Image size of job updated: 1000276
	616  -  MemoryUsage of job (MB)
	629912  -  ResidentSetSize of job (KB)
...
006 (2485823.120.000) 11/08 01:19:01 Image size of job updated: 1000276
	616  -  MemoryUsage of job (MB)
	629916  -  ResidentSetSize of job (KB)
...
005 (2485823.120.000) 11/08 01:35:11 Job terminated.
	(1) Normal termination (return value 0)
		Usr 0 00:57:32, Sys 0 00:02:51  -  Run Remote Usage
		Usr 0 00:00:00, Sys 0 00:00:00  -  Run Local Usage
		Usr 0 00:57:32, Sys 0 00:02:51  -  Total Remote Usage
		Usr 0 00:00:00, Sys 0 00:00:00  -  Total Local Usage
	0  -  Run Bytes Sent By Job
	0  -  Run Bytes Received By Job
	0  -  Total Bytes Sent By Job
	0  -  Total Bytes Received By Job
	Partitionable Resources :    Usage  Request Allocated
	   Cpus                 :                 1         1
	   Disk (KB)            :        1        1   1563560
	   Memory (MB)          :      616        1         1
...
