000 (2497410.120.000) 11/09 15:33:47 Job submitted from host: <192.168.1.109:9714>
...
001 (2497410.120.000) 11/09 15:34:14 Job executing on host: <192.168.1.45:9392>
...
006 (2497410.120.000) 11/09 15:34:22 Image size of job updated: 178716
	3  -  MemoryUsage of job (MB)
	2564  -  ResidentSetSize of job (KB)
...
006 (2497410.120.000) 11/09 15:39:22 Image size of job updated: 1044968
	502  -  MemoryUsage of job (MB)
	513384  -  ResidentSetSize of job (KB)
...
006 (2497410.120.000) 11/09 15:44:22 Image size of job updated: 1044968
	541  -  MemoryUsage of job (MB)
	553228  -  ResidentSetSize of job (KB)
...
006 (2497410.120.000) 11/09 15:49:23 Image size of job updated: 1044968
	610  -  MemoryUsage of job (MB)
	624160  -  ResidentSetSize of job (KB)
...
006 (2497410.120.000) 11/09 15:54:23 Image size of job updated: 1044968
	610  -  MemoryUsage of job (MB)
	624176  -  ResidentSetSize of job (KB)
...
006 (2497410.120.000) 11/09 16:04:24 Image size of job updated: 1044968
	610  -  MemoryUsage of job (MB)
	624184  -  ResidentSetSize of job (KB)
...
006 (2497410.120.000) 11/09 16:09:25 Image size of job updated: 1044968
	610  -  MemoryUsage of job (MB)
	624224  -  ResidentSetSize of job (KB)
...
006 (2497410.120.000) 11/09 16:14:25 Image size of job updated: 1044968
	610  -  MemoryUsage of job (MB)
	624236  -  ResidentSetSize of job (KB)
...
006 (2497410.120.000) 11/09 16:24:27 Image size of job updated: 1044968
	610  -  MemoryUsage of job (MB)
	624240  -  ResidentSetSize of job (KB)
...
006 (2497410.120.000) 11/09 16:34:27 Image size of job updated: 1044968
	610  -  MemoryUsage of job (MB)
	624252  -  ResidentSetSize of job (KB)
...
006 (2497410.120.000) 11/09 16:39:28 Image size of job updated: 1044968
	610  -  MemoryUsage of job (MB)
	624280  -  ResidentSetSize of job (KB)
...
006 (2497410.120.000) 11/09 16:44:28 Image size of job updated: 1044968
	610  -  MemoryUsage of job (MB)
	624392  -  ResidentSetSize of job (KB)
...
006 (2497410.120.000) 11/09 16:49:28 Image size of job updated: 1044968
	610  -  MemoryUsage of job (MB)
	624472  -  ResidentSetSize of job (KB)
...
006 (2497410.120.000) 11/09 16:54:29 Image size of job updated: 1044968
	610  -  MemoryUsage of job (MB)
	624632  -  ResidentSetSize of job (KB)
...
006 (2497410.120.000) 11/09 16:59:30 Image size of job updated: 1044968
	611  -  MemoryUsage of job (MB)
	624736  -  ResidentSetSize of job (KB)
...
006 (2497410.120.000) 11/09 17:04:30 Image size of job updated: 1044968
	611  -  MemoryUsage of job (MB)
	624992  -  ResidentSetSize of job (KB)
...
005 (2497410.120.000) 11/09 17:05:39 Job terminated.
	(1) Normal termination (return value 0)
		Usr 0 00:35:57, Sys 0 00:01:55  -  Run Remote Usage
		Usr 0 00:00:00, Sys 0 00:00:00  -  Run Local Usage
		Usr 0 00:35:57, Sys 0 00:01:55  -  Total Remote Usage
		Usr 0 00:00:00, Sys 0 00:00:00  -  Total Local Usage
	0  -  Run Bytes Sent By Job
	0  -  Run Bytes Received By Job
	0  -  Total Bytes Sent By Job
	0  -  Total Bytes Received By Job
	Partitionable Resources :    Usage  Request Allocated
	   Cpus                 :                 1         1
	   Disk (KB)            :        1        1   2370746
	   Memory (MB)          :      611        1      4035
...
