000 (2492645.032.000) 11/08 22:48:10 Job submitted from host: <192.168.1.109:9714>
...
001 (2492645.032.000) 11/08 22:48:24 Job executing on host: <192.168.1.42:9515>
...
006 (2492645.032.000) 11/08 22:48:34 Image size of job updated: 360784
	72  -  MemoryUsage of job (MB)
	73724  -  ResidentSetSize of job (KB)
...
006 (2492645.032.000) 11/08 22:48:45 Image size of job updated: 464932
	72  -  MemoryUsage of job (MB)
	73724  -  ResidentSetSize of job (KB)
...
005 (2492645.032.000) 11/08 22:48:45 Job terminated.
	(1) Normal termination (return value 0)
		Usr 0 00:00:06, Sys 0 00:00:00  -  Run Remote Usage
		Usr 0 00:00:00, Sys 0 00:00:00  -  Run Local Usage
		Usr 0 00:00:06, Sys 0 00:00:00  -  Total Remote Usage
		Usr 0 00:00:00, Sys 0 00:00:00  -  Total Local Usage
	0  -  Run Bytes Sent By Job
	0  -  Run Bytes Received By Job
	0  -  Total Bytes Sent By Job
	0  -  Total Bytes Received By Job
	Partitionable Resources :    Usage  Request Allocated
	   Cpus                 :                 1         1
	   Disk (KB)            :        1        1   2369995
	   Memory (MB)          :       72        1      4035
...
