000 (2504801.073.000) 11/16 00:30:12 Job submitted from host: <192.168.1.109:9714>
...
001 (2504801.073.000) 11/16 00:30:34 Job executing on host: <192.168.1.52:9618?addrs=192.168.1.52-9618+[--1]-9618&noUDP&sock=2478_982d_3>
...
006 (2504801.073.000) 11/16 00:30:43 Image size of job updated: 1
	2  -  MemoryUsage of job (MB)
	1768  -  ResidentSetSize of job (KB)
...
006 (2504801.073.000) 11/16 00:30:47 Image size of job updated: 444544
	2  -  MemoryUsage of job (MB)
	1768  -  ResidentSetSize of job (KB)
...
005 (2504801.073.000) 11/16 00:30:47 Job terminated.
	(1) Normal termination (return value 0)
		Usr 0 00:00:06, Sys 0 00:00:00  -  Run Remote Usage
		Usr 0 00:00:00, Sys 0 00:00:00  -  Run Local Usage
		Usr 0 00:00:06, Sys 0 00:00:00  -  Total Remote Usage
		Usr 0 00:00:00, Sys 0 00:00:00  -  Total Local Usage
	0  -  Run Bytes Sent By Job
	0  -  Run Bytes Received By Job
	0  -  Total Bytes Sent By Job
	0  -  Total Bytes Received By Job
	Partitionable Resources :    Usage  Request Allocated
	   Cpus                 :                 1         1
	   Disk (KB)            :        1        1   1562961
	   Memory (MB)          :        2        1         1
...
