000 (2491851.064.000) 11/08 20:36:47 Job submitted from host: <192.168.1.109:9714>
...
001 (2491851.064.000) 11/08 20:37:15 Job executing on host: <192.168.1.49:9578>
...
006 (2491851.064.000) 11/08 20:37:24 Image size of job updated: 82592
	9  -  MemoryUsage of job (MB)
	8788  -  ResidentSetSize of job (KB)
...
006 (2491851.064.000) 11/08 20:42:25 Image size of job updated: 1024220
	429  -  MemoryUsage of job (MB)
	438520  -  ResidentSetSize of job (KB)
...
006 (2491851.064.000) 11/08 20:47:25 Image size of job updated: 1024220
	433  -  MemoryUsage of job (MB)
	442972  -  ResidentSetSize of job (KB)
...
005 (2491851.064.000) 11/08 20:48:17 Job terminated.
	(1) Normal termination (return value 0)
		Usr 0 00:02:50, Sys 0 00:00:10  -  Run Remote Usage
		Usr 0 00:00:00, Sys 0 00:00:00  -  Run Local Usage
		Usr 0 00:02:50, Sys 0 00:00:10  -  Total Remote Usage
		Usr 0 00:00:00, Sys 0 00:00:00  -  Total Local Usage
	0  -  Run Bytes Sent By Job
	0  -  Run Bytes Received By Job
	0  -  Total Bytes Sent By Job
	0  -  Total Bytes Received By Job
	Partitionable Resources :    Usage  Request Allocated
	   Cpus                 :                 1         1
	   Disk (KB)            :        1        1  28379994
	   Memory (MB)          :      433        1      4033
...
