000 (2497410.064.000) 11/09 15:33:46 Job submitted from host: <192.168.1.109:9714>
...
001 (2497410.064.000) 11/09 15:34:11 Job executing on host: <192.168.1.42:9515>
...
006 (2497410.064.000) 11/09 15:34:19 Image size of job updated: 358620
	44  -  MemoryUsage of job (MB)
	44312  -  ResidentSetSize of job (KB)
...
006 (2497410.064.000) 11/09 15:39:19 Image size of job updated: 1067044
	511  -  MemoryUsage of job (MB)
	522284  -  ResidentSetSize of job (KB)
...
006 (2497410.064.000) 11/09 15:44:20 Image size of job updated: 1067044
	511  -  MemoryUsage of job (MB)
	522952  -  ResidentSetSize of job (KB)
...
006 (2497410.064.000) 11/09 15:49:21 Image size of job updated: 1067044
	512  -  MemoryUsage of job (MB)
	523344  -  ResidentSetSize of job (KB)
...
006 (2497410.064.000) 11/09 15:54:21 Image size of job updated: 1067044
	512  -  MemoryUsage of job (MB)
	523476  -  ResidentSetSize of job (KB)
...
006 (2497410.064.000) 11/09 15:59:22 Image size of job updated: 1067044
	512  -  MemoryUsage of job (MB)
	523528  -  ResidentSetSize of job (KB)
...
006 (2497410.064.000) 11/09 16:04:23 Image size of job updated: 1067044
	624  -  MemoryUsage of job (MB)
	638880  -  ResidentSetSize of job (KB)
...
006 (2497410.064.000) 11/09 16:09:23 Image size of job updated: 1067044
	624  -  MemoryUsage of job (MB)
	638976  -  ResidentSetSize of job (KB)
...
006 (2497410.064.000) 11/09 16:14:23 Image size of job updated: 1067044
	625  -  MemoryUsage of job (MB)
	639124  -  ResidentSetSize of job (KB)
...
005 (2497410.064.000) 11/09 16:14:46 Job terminated.
	(1) Normal termination (return value 0)
		Usr 0 00:03:40, Sys 0 00:00:15  -  Run Remote Usage
		Usr 0 00:00:00, Sys 0 00:00:00  -  Run Local Usage
		Usr 0 00:03:40, Sys 0 00:00:15  -  Total Remote Usage
		Usr 0 00:00:00, Sys 0 00:00:00  -  Total Local Usage
	0  -  Run Bytes Sent By Job
	0  -  Run Bytes Received By Job
	0  -  Total Bytes Sent By Job
	0  -  Total Bytes Received By Job
	Partitionable Resources :    Usage  Request Allocated
	   Cpus                 :                 1         1
	   Disk (KB)            :        1        1   2371274
	   Memory (MB)          :      625        1      4035
...
