000 (2511949.123.000) 11/17 23:24:51 Job submitted from host: <192.168.1.109:9714>
...
001 (2511949.123.000) 11/17 23:31:26 Job executing on host: <192.168.1.46:9845>
...
006 (2511949.123.000) 11/17 23:31:35 Image size of job updated: 1
	3  -  MemoryUsage of job (MB)
	2144  -  ResidentSetSize of job (KB)
...
006 (2511949.123.000) 11/17 23:36:36 Image size of job updated: 879360
	344  -  MemoryUsage of job (MB)
	351572  -  ResidentSetSize of job (KB)
...
006 (2511949.123.000) 11/17 23:41:37 Image size of job updated: 879360
	344  -  MemoryUsage of job (MB)
	351596  -  ResidentSetSize of job (KB)
...
005 (2511949.123.000) 11/17 23:45:49 Job terminated.
	(1) Normal termination (return value 0)
		Usr 0 00:10:58, Sys 0 00:00:57  -  Run Remote Usage
		Usr 0 00:00:00, Sys 0 00:00:00  -  Run Local Usage
		Usr 0 00:10:58, Sys 0 00:00:57  -  Total Remote Usage
		Usr 0 00:00:00, Sys 0 00:00:00  -  Total Local Usage
	0  -  Run Bytes Sent By Job
	0  -  Run Bytes Received By Job
	0  -  Total Bytes Sent By Job
	0  -  Total Bytes Received By Job
	Partitionable Resources :    Usage  Request Allocated
	   Cpus                 :                 1         1
	   Disk (KB)            :        1        1   2369775
	   Memory (MB)          :      344        1      4035
...
