000 (2524735.123.000) 11/21 01:52:18 Job submitted from host: <192.168.1.109:9714>
...
001 (2524735.123.000) 11/21 02:16:46 Job executing on host: <192.168.1.51:9694>
...
006 (2524735.123.000) 11/21 02:16:55 Image size of job updated: 1
	3  -  MemoryUsage of job (MB)
	2108  -  ResidentSetSize of job (KB)
...
006 (2524735.123.000) 11/21 02:21:56 Image size of job updated: 878276
	418  -  MemoryUsage of job (MB)
	428000  -  ResidentSetSize of job (KB)
...
006 (2524735.123.000) 11/21 02:26:57 Image size of job updated: 878276
	419  -  MemoryUsage of job (MB)
	428036  -  ResidentSetSize of job (KB)
...
005 (2524735.123.000) 11/21 02:27:10 Job terminated.
	(1) Normal termination (return value 0)
		Usr 0 00:07:01, Sys 0 00:00:47  -  Run Remote Usage
		Usr 0 00:00:00, Sys 0 00:00:00  -  Run Local Usage
		Usr 0 00:07:01, Sys 0 00:00:47  -  Total Remote Usage
		Usr 0 00:00:00, Sys 0 00:00:00  -  Total Local Usage
	0  -  Run Bytes Sent By Job
	0  -  Run Bytes Received By Job
	0  -  Total Bytes Sent By Job
	0  -  Total Bytes Received By Job
	Partitionable Resources :    Usage  Request Allocated
	   Cpus                 :                 1         1
	   Disk (KB)            :        1        1  28379642
	   Memory (MB)          :      419        1      4033
...
