000 (2526458.123.000) 11/21 12:05:34 Job submitted from host: <192.168.1.109:9714>
...
001 (2526458.123.000) 11/21 12:05:46 Job executing on host: <192.168.1.51:9694>
...
006 (2526458.123.000) 11/21 12:05:55 Image size of job updated: 1
	3  -  MemoryUsage of job (MB)
	2108  -  ResidentSetSize of job (KB)
...
006 (2526458.123.000) 11/21 12:10:55 Image size of job updated: 940984
	452  -  MemoryUsage of job (MB)
	462232  -  ResidentSetSize of job (KB)
...
006 (2526458.123.000) 11/21 12:15:56 Image size of job updated: 940984
	452  -  MemoryUsage of job (MB)
	462336  -  ResidentSetSize of job (KB)
...
006 (2526458.123.000) 11/21 12:20:56 Image size of job updated: 940984
	452  -  MemoryUsage of job (MB)
	462368  -  ResidentSetSize of job (KB)
...
005 (2526458.123.000) 11/21 12:22:04 Job terminated.
	(1) Normal termination (return value 0)
		Usr 0 00:06:24, Sys 0 00:01:05  -  Run Remote Usage
		Usr 0 00:00:00, Sys 0 00:00:00  -  Run Local Usage
		Usr 0 00:06:24, Sys 0 00:01:05  -  Total Remote Usage
		Usr 0 00:00:00, Sys 0 00:00:00  -  Total Local Usage
	0  -  Run Bytes Sent By Job
	0  -  Run Bytes Received By Job
	0  -  Total Bytes Sent By Job
	0  -  Total Bytes Received By Job
	Partitionable Resources :    Usage  Request Allocated
	   Cpus                 :                 1         1
	   Disk (KB)            :        1        1  28380381
	   Memory (MB)          :      452        1      4033
...
