000 (2492636.107.000) 11/08 22:47:40 Job submitted from host: <192.168.1.109:9714>
...
001 (2492636.107.000) 11/08 22:48:16 Job executing on host: <192.168.1.43:9998>
...
006 (2492636.107.000) 11/08 22:48:24 Image size of job updated: 182444
	33  -  MemoryUsage of job (MB)
	32908  -  ResidentSetSize of job (KB)
...
006 (2492636.107.000) 11/08 22:49:02 Image size of job updated: 491492
	33  -  MemoryUsage of job (MB)
	32908  -  ResidentSetSize of job (KB)
...
005 (2492636.107.000) 11/08 22:49:02 Job terminated.
	(1) Normal termination (return value 0)
		Usr 0 00:00:11, Sys 0 00:00:01  -  Run Remote Usage
		Usr 0 00:00:00, Sys 0 00:00:00  -  Run Local Usage
		Usr 0 00:00:11, Sys 0 00:00:01  -  Total Remote Usage
		Usr 0 00:00:00, Sys 0 00:00:00  -  Total Local Usage
	0  -  Run Bytes Sent By Job
	0  -  Run Bytes Received By Job
	0  -  Total Bytes Sent By Job
	0  -  Total Bytes Received By Job
	Partitionable Resources :    Usage  Request Allocated
	   Cpus                 :                 1         1
	   Disk (KB)            :        1        1   2370056
	   Memory (MB)          :       33        1      4035
...
