000 (2491851.019.000) 11/08 20:36:46 Job submitted from host: <192.168.1.109:9714>
...
001 (2491851.019.000) 11/08 20:37:13 Job executing on host: <192.168.1.48:9634>
...
006 (2491851.019.000) 11/08 20:37:21 Image size of job updated: 352912
	48  -  MemoryUsage of job (MB)
	48976  -  ResidentSetSize of job (KB)
...
006 (2491851.019.000) 11/08 20:42:21 Image size of job updated: 1025688
	429  -  MemoryUsage of job (MB)
	439180  -  ResidentSetSize of job (KB)
...
006 (2491851.019.000) 11/08 20:47:22 Image size of job updated: 1025688
	431  -  MemoryUsage of job (MB)
	441096  -  ResidentSetSize of job (KB)
...
006 (2491851.019.000) 11/08 20:52:22 Image size of job updated: 1025688
	534  -  MemoryUsage of job (MB)
	546016  -  ResidentSetSize of job (KB)
...
005 (2491851.019.000) 11/08 20:55:44 Job terminated.
	(1) Normal termination (return value 0)
		Usr 0 00:04:44, Sys 0 00:00:18  -  Run Remote Usage
		Usr 0 00:00:00, Sys 0 00:00:00  -  Run Local Usage
		Usr 0 00:04:44, Sys 0 00:00:18  -  Total Remote Usage
		Usr 0 00:00:00, Sys 0 00:00:00  -  Total Local Usage
	0  -  Run Bytes Sent By Job
	0  -  Run Bytes Received By Job
	0  -  Total Bytes Sent By Job
	0  -  Total Bytes Received By Job
	Partitionable Resources :    Usage  Request Allocated
	   Cpus                 :                 1         1
	   Disk (KB)            :        1        1  28380046
	   Memory (MB)          :      534        1      4033
...
