000 (2497410.019.000) 11/09 15:33:46 Job submitted from host: <192.168.1.109:9714>
...
001 (2497410.019.000) 11/09 15:34:09 Job executing on host: <192.168.1.49:9578>
...
006 (2497410.019.000) 11/09 15:34:17 Image size of job updated: 94292
	3  -  MemoryUsage of job (MB)
	2612  -  ResidentSetSize of job (KB)
...
006 (2497410.019.000) 11/09 15:39:17 Image size of job updated: 965772
	445  -  MemoryUsage of job (MB)
	455088  -  ResidentSetSize of job (KB)
...
006 (2497410.019.000) 11/09 15:44:17 Image size of job updated: 965772
	445  -  MemoryUsage of job (MB)
	455360  -  ResidentSetSize of job (KB)
...
006 (2497410.019.000) 11/09 15:49:18 Image size of job updated: 965772
	445  -  MemoryUsage of job (MB)
	455396  -  ResidentSetSize of job (KB)
...
006 (2497410.019.000) 11/09 15:54:18 Image size of job updated: 965772
	446  -  MemoryUsage of job (MB)
	455856  -  ResidentSetSize of job (KB)
...
006 (2497410.019.000) 11/09 15:59:18 Image size of job updated: 965772
	446  -  MemoryUsage of job (MB)
	456136  -  ResidentSetSize of job (KB)
...
005 (2497410.019.000) 11/09 16:02:10 Job terminated.
	(1) Normal termination (return value 0)
		Usr 0 00:04:38, Sys 0 00:00:17  -  Run Remote Usage
		Usr 0 00:00:00, Sys 0 00:00:00  -  Run Local Usage
		Usr 0 00:04:38, Sys 0 00:00:17  -  Total Remote Usage
		Usr 0 00:00:00, Sys 0 00:00:00  -  Total Local Usage
	0  -  Run Bytes Sent By Job
	0  -  Run Bytes Received By Job
	0  -  Total Bytes Sent By Job
	0  -  Total Bytes Received By Job
	Partitionable Resources :    Usage  Request Allocated
	   Cpus                 :                 1         1
	   Disk (KB)            :        1        1  28380373
	   Memory (MB)          :      446        1      4033
...
