000 (2492235.101.000) 11/08 21:19:20 Job submitted from host: <192.168.1.109:9714>
...
001 (2492235.101.000) 11/08 21:19:39 Job executing on host: <192.168.1.46:9845>
...
006 (2492235.101.000) 11/08 21:19:48 Image size of job updated: 24424
	3  -  MemoryUsage of job (MB)
	2616  -  ResidentSetSize of job (KB)
...
006 (2492235.101.000) 11/08 21:24:49 Image size of job updated: 1046980
	427  -  MemoryUsage of job (MB)
	437168  -  ResidentSetSize of job (KB)
...
006 (2492235.101.000) 11/08 21:29:49 Image size of job updated: 1046980
	429  -  MemoryUsage of job (MB)
	438636  -  ResidentSetSize of job (KB)
...
006 (2492235.101.000) 11/08 21:34:49 Image size of job updated: 1046980
	429  -  MemoryUsage of job (MB)
	438696  -  ResidentSetSize of job (KB)
...
006 (2492235.101.000) 11/08 21:39:50 Image size of job updated: 1046980
	429  -  MemoryUsage of job (MB)
	438704  -  ResidentSetSize of job (KB)
...
006 (2492235.101.000) 11/08 21:44:50 Image size of job updated: 1046980
	429  -  MemoryUsage of job (MB)
	438708  -  ResidentSetSize of job (KB)
...
006 (2492235.101.000) 11/08 21:49:50 Image size of job updated: 1046980
	429  -  MemoryUsage of job (MB)
	438944  -  ResidentSetSize of job (KB)
...
006 (2492235.101.000) 11/08 21:54:51 Image size of job updated: 1046980
	429  -  MemoryUsage of job (MB)
	438956  -  ResidentSetSize of job (KB)
...
006 (2492235.101.000) 11/08 21:59:51 Image size of job updated: 1046980
	429  -  MemoryUsage of job (MB)
	438968  -  ResidentSetSize of job (KB)
...
006 (2492235.101.000) 11/08 22:09:52 Image size of job updated: 1046980
	429  -  MemoryUsage of job (MB)
	438980  -  ResidentSetSize of job (KB)
...
006 (2492235.101.000) 11/08 22:14:52 Image size of job updated: 1046980
	536  -  MemoryUsage of job (MB)
	548016  -  ResidentSetSize of job (KB)
...
006 (2492235.101.000) 11/08 22:19:52 Image size of job updated: 1046980
	537  -  MemoryUsage of job (MB)
	548876  -  ResidentSetSize of job (KB)
...
006 (2492235.101.000) 11/08 22:24:54 Image size of job updated: 1046980
	537  -  MemoryUsage of job (MB)
	548948  -  ResidentSetSize of job (KB)
...
005 (2492235.101.000) 11/08 22:28:07 Job terminated.
	(1) Normal termination (return value 0)
		Usr 0 00:07:12, Sys 0 00:00:37  -  Run Remote Usage
		Usr 0 00:00:00, Sys 0 00:00:00  -  Run Local Usage
		Usr 0 00:07:12, Sys 0 00:00:37  -  Total Remote Usage
		Usr 0 00:00:00, Sys 0 00:00:00  -  Total Local Usage
	0  -  Run Bytes Sent By Job
	0  -  Run Bytes Received By Job
	0  -  Total Bytes Sent By Job
	0  -  Total Bytes Received By Job
	Partitionable Resources :    Usage  Request Allocated
	   Cpus                 :                 1         1
	   Disk (KB)            :        1        1   2371780
	   Memory (MB)          :      537        1      4035
...
