000 (2492274.089.000) 11/08 21:22:00 Job submitted from host: <192.168.1.109:9714>
...
001 (2492274.089.000) 11/08 21:22:31 Job executing on host: <192.168.1.68:9996>
...
006 (2492274.089.000) 11/08 21:22:40 Image size of job updated: 401088
	85  -  MemoryUsage of job (MB)
	87040  -  ResidentSetSize of job (KB)
...
006 (2492274.089.000) 11/08 21:27:40 Image size of job updated: 1046988
	509  -  MemoryUsage of job (MB)
	521180  -  ResidentSetSize of job (KB)
...
006 (2492274.089.000) 11/08 21:32:40 Image size of job updated: 1046988
	510  -  MemoryUsage of job (MB)
	521436  -  ResidentSetSize of job (KB)
...
006 (2492274.089.000) 11/08 21:37:41 Image size of job updated: 1046988
	510  -  MemoryUsage of job (MB)
	521484  -  ResidentSetSize of job (KB)
...
006 (2492274.089.000) 11/08 21:42:41 Image size of job updated: 1046988
	510  -  MemoryUsage of job (MB)
	521504  -  ResidentSetSize of job (KB)
...
006 (2492274.089.000) 11/08 21:47:41 Image size of job updated: 1046988
	510  -  MemoryUsage of job (MB)
	521544  -  ResidentSetSize of job (KB)
...
006 (2492274.089.000) 11/08 21:52:42 Image size of job updated: 1046988
	510  -  MemoryUsage of job (MB)
	521616  -  ResidentSetSize of job (KB)
...
005 (2492274.089.000) 11/08 21:54:56 Job terminated.
	(1) Normal termination (return value 0)
		Usr 0 00:12:49, Sys 0 00:00:33  -  Run Remote Usage
		Usr 0 00:00:00, Sys 0 00:00:00  -  Run Local Usage
		Usr 0 00:12:49, Sys 0 00:00:33  -  Total Remote Usage
		Usr 0 00:00:00, Sys 0 00:00:00  -  Total Local Usage
	0  -  Run Bytes Sent By Job
	0  -  Run Bytes Received By Job
	0  -  Total Bytes Sent By Job
	0  -  Total Bytes Received By Job
	Partitionable Resources :    Usage  Request Allocated
	   Cpus                 :                 1         1
	   Disk (KB)            :        1        1  20251318
	   Memory (MB)          :      510        1      4038
...
