000 (2493183.101.000) 11/09 00:44:15 Job submitted from host: <192.168.1.109:9714>
...
001 (2493183.101.000) 11/09 00:44:27 Job executing on host: <192.168.1.51:9694>
...
006 (2493183.101.000) 11/09 00:44:35 Image size of job updated: 442972
	127  -  MemoryUsage of job (MB)
	129864  -  ResidentSetSize of job (KB)
...
006 (2493183.101.000) 11/09 00:49:35 Image size of job updated: 1034092
	485  -  MemoryUsage of job (MB)
	496312  -  ResidentSetSize of job (KB)
...
006 (2493183.101.000) 11/09 00:54:36 Image size of job updated: 1034092
	486  -  MemoryUsage of job (MB)
	497340  -  ResidentSetSize of job (KB)
...
006 (2493183.101.000) 11/09 00:59:36 Image size of job updated: 1034092
	486  -  MemoryUsage of job (MB)
	497364  -  ResidentSetSize of job (KB)
...
006 (2493183.101.000) 11/09 01:04:36 Image size of job updated: 1034092
	486  -  MemoryUsage of job (MB)
	497460  -  ResidentSetSize of job (KB)
...
006 (2493183.101.000) 11/09 01:09:37 Image size of job updated: 1034092
	486  -  MemoryUsage of job (MB)
	497492  -  ResidentSetSize of job (KB)
...
006 (2493183.101.000) 11/09 01:14:38 Image size of job updated: 1034092
	486  -  MemoryUsage of job (MB)
	497596  -  ResidentSetSize of job (KB)
...
006 (2493183.101.000) 11/09 01:19:38 Image size of job updated: 1034092
	487  -  MemoryUsage of job (MB)
	497748  -  ResidentSetSize of job (KB)
...
005 (2493183.101.000) 11/09 01:21:17 Job terminated.
	(1) Normal termination (return value 0)
		Usr 0 00:06:32, Sys 0 00:00:22  -  Run Remote Usage
		Usr 0 00:00:00, Sys 0 00:00:00  -  Run Local Usage
		Usr 0 00:06:32, Sys 0 00:00:22  -  Total Remote Usage
		Usr 0 00:00:00, Sys 0 00:00:00  -  Total Local Usage
	0  -  Run Bytes Sent By Job
	0  -  Run Bytes Received By Job
	0  -  Total Bytes Sent By Job
	0  -  Total Bytes Received By Job
	Partitionable Resources :    Usage  Request Allocated
	   Cpus                 :                 1         1
	   Disk (KB)            :        1        1  28379828
	   Memory (MB)          :      487        1      4033
...
