000 (2482115.081.000) 11/07 14:47:36 Job submitted from host: <192.168.1.109:9714>
...
001 (2482115.081.000) 11/07 14:47:45 Job executing on host: <192.168.1.67:9583>
...
006 (2482115.081.000) 11/07 14:47:53 Image size of job updated: 177688
	28  -  MemoryUsage of job (MB)
	28528  -  ResidentSetSize of job (KB)
...
006 (2482115.081.000) 11/07 14:48:22 Image size of job updated: 491056
	28  -  MemoryUsage of job (MB)
	28528  -  ResidentSetSize of job (KB)
...
005 (2482115.081.000) 11/07 14:48:22 Job terminated.
	(1) Normal termination (return value 0)
		Usr 0 00:00:11, Sys 0 00:00:00  -  Run Remote Usage
		Usr 0 00:00:00, Sys 0 00:00:00  -  Run Local Usage
		Usr 0 00:00:11, Sys 0 00:00:00  -  Total Remote Usage
		Usr 0 00:00:00, Sys 0 00:00:00  -  Total Local Usage
	0  -  Run Bytes Sent By Job
	0  -  Run Bytes Received By Job
	0  -  Total Bytes Sent By Job
	0  -  Total Bytes Received By Job
	Partitionable Resources :    Usage  Request Allocated
	   Cpus                 :                 1         1
	   Disk (KB)            :        1        1  19563684
	   Memory (MB)          :       28        1      4033
...
