000 (2492235.093.000) 11/08 21:19:20 Job submitted from host: <192.168.1.109:9714>
...
001 (2492235.093.000) 11/08 21:19:36 Job executing on host: <192.168.1.47:9634>
...
006 (2492235.093.000) 11/08 21:19:45 Image size of job updated: 97472
	2  -  MemoryUsage of job (MB)
	1192  -  ResidentSetSize of job (KB)
...
006 (2492235.093.000) 11/08 21:24:45 Image size of job updated: 1066988
	443  -  MemoryUsage of job (MB)
	453496  -  ResidentSetSize of job (KB)
...
006 (2492235.093.000) 11/08 21:29:47 Image size of job updated: 1066988
	444  -  MemoryUsage of job (MB)
	454220  -  ResidentSetSize of job (KB)
...
006 (2492235.093.000) 11/08 21:34:47 Image size of job updated: 1066988
	444  -  MemoryUsage of job (MB)
	454480  -  ResidentSetSize of job (KB)
...
006 (2492235.093.000) 11/08 21:39:48 Image size of job updated: 1066988
	445  -  MemoryUsage of job (MB)
	454868  -  ResidentSetSize of job (KB)
...
006 (2492235.093.000) 11/08 21:44:49 Image size of job updated: 1066988
	445  -  MemoryUsage of job (MB)
	454880  -  ResidentSetSize of job (KB)
...
006 (2492235.093.000) 11/08 21:49:49 Image size of job updated: 1066988
	445  -  MemoryUsage of job (MB)
	454944  -  ResidentSetSize of job (KB)
...
006 (2492235.093.000) 11/08 21:59:51 Image size of job updated: 1066988
	445  -  MemoryUsage of job (MB)
	454964  -  ResidentSetSize of job (KB)
...
006 (2492235.093.000) 11/08 22:04:51 Image size of job updated: 1066988
	445  -  MemoryUsage of job (MB)
	454992  -  ResidentSetSize of job (KB)
...
006 (2492235.093.000) 11/08 22:09:52 Image size of job updated: 1066988
	445  -  MemoryUsage of job (MB)
	455064  -  ResidentSetSize of job (KB)
...
006 (2492235.093.000) 11/08 22:14:53 Image size of job updated: 1066988
	445  -  MemoryUsage of job (MB)
	455600  -  ResidentSetSize of job (KB)
...
005 (2492235.093.000) 11/08 22:15:29 Job terminated.
	(1) Normal termination (return value 0)
		Usr 0 00:07:08, Sys 0 00:00:27  -  Run Remote Usage
		Usr 0 00:00:00, Sys 0 00:00:00  -  Run Local Usage
		Usr 0 00:07:08, Sys 0 00:00:27  -  Total Remote Usage
		Usr 0 00:00:00, Sys 0 00:00:00  -  Total Local Usage
	0  -  Run Bytes Sent By Job
	0  -  Run Bytes Received By Job
	0  -  Total Bytes Sent By Job
	0  -  Total Bytes Received By Job
	Partitionable Resources :    Usage  Request Allocated
	   Cpus                 :                 1         1
	   Disk (KB)            :        1        1  28380912
	   Memory (MB)          :      445        1      4033
...
