000 (2492274.081.000) 11/08 21:22:00 Job submitted from host: <192.168.1.109:9714>
...
001 (2492274.081.000) 11/08 21:23:06 Job executing on host: <192.168.1.50:9434>
...
006 (2492274.081.000) 11/08 21:23:32 Image size of job updated: 97476
	3  -  MemoryUsage of job (MB)
	2532  -  ResidentSetSize of job (KB)
...
006 (2492274.081.000) 11/08 21:28:32 Image size of job updated: 1066988
	522  -  MemoryUsage of job (MB)
	534420  -  ResidentSetSize of job (KB)
...
006 (2492274.081.000) 11/08 21:33:32 Image size of job updated: 1066988
	524  -  MemoryUsage of job (MB)
	535828  -  ResidentSetSize of job (KB)
...
006 (2492274.081.000) 11/08 21:38:33 Image size of job updated: 1066988
	524  -  MemoryUsage of job (MB)
	536492  -  ResidentSetSize of job (KB)
...
006 (2492274.081.000) 11/08 21:43:33 Image size of job updated: 1066988
	524  -  MemoryUsage of job (MB)
	536532  -  ResidentSetSize of job (KB)
...
006 (2492274.081.000) 11/08 21:48:33 Image size of job updated: 1066988
	525  -  MemoryUsage of job (MB)
	536612  -  ResidentSetSize of job (KB)
...
006 (2492274.081.000) 11/08 21:58:35 Image size of job updated: 1066988
	525  -  MemoryUsage of job (MB)
	536656  -  ResidentSetSize of job (KB)
...
006 (2492274.081.000) 11/08 22:03:35 Image size of job updated: 1066988
	525  -  MemoryUsage of job (MB)
	536752  -  ResidentSetSize of job (KB)
...
005 (2492274.081.000) 11/08 22:07:03 Job terminated.
	(1) Normal termination (return value 0)
		Usr 0 00:07:14, Sys 0 00:00:24  -  Run Remote Usage
		Usr 0 00:00:00, Sys 0 00:00:00  -  Run Local Usage
		Usr 0 00:07:14, Sys 0 00:00:24  -  Total Remote Usage
		Usr 0 00:00:00, Sys 0 00:00:00  -  Total Local Usage
	0  -  Run Bytes Sent By Job
	0  -  Run Bytes Received By Job
	0  -  Total Bytes Sent By Job
	0  -  Total Bytes Received By Job
	Partitionable Resources :    Usage  Request Allocated
	   Cpus                 :                 1         1
	   Disk (KB)            :        1        1  28379735
	   Memory (MB)          :      525        1      4033
...
