000 (2493183.093.000) 11/09 00:44:14 Job submitted from host: <192.168.1.109:9714>
...
001 (2493183.093.000) 11/09 00:44:27 Job executing on host: <192.168.1.51:9694>
...
006 (2493183.093.000) 11/09 00:44:35 Image size of job updated: 456904
	128  -  MemoryUsage of job (MB)
	130844  -  ResidentSetSize of job (KB)
...
006 (2493183.093.000) 11/09 00:49:35 Image size of job updated: 1053512
	494  -  MemoryUsage of job (MB)
	505588  -  ResidentSetSize of job (KB)
...
006 (2493183.093.000) 11/09 00:54:36 Image size of job updated: 1053512
	495  -  MemoryUsage of job (MB)
	506004  -  ResidentSetSize of job (KB)
...
006 (2493183.093.000) 11/09 00:59:37 Image size of job updated: 1053512
	495  -  MemoryUsage of job (MB)
	506028  -  ResidentSetSize of job (KB)
...
006 (2493183.093.000) 11/09 01:04:37 Image size of job updated: 1053512
	609  -  MemoryUsage of job (MB)
	623000  -  ResidentSetSize of job (KB)
...
006 (2493183.093.000) 11/09 01:09:37 Image size of job updated: 1053512
	614  -  MemoryUsage of job (MB)
	628496  -  ResidentSetSize of job (KB)
...
006 (2493183.093.000) 11/09 01:14:37 Image size of job updated: 1053512
	614  -  MemoryUsage of job (MB)
	628520  -  ResidentSetSize of job (KB)
...
006 (2493183.093.000) 11/09 01:19:38 Image size of job updated: 1053512
	614  -  MemoryUsage of job (MB)
	628572  -  ResidentSetSize of job (KB)
...
005 (2493183.093.000) 11/09 01:19:55 Job terminated.
	(1) Normal termination (return value 0)
		Usr 0 00:06:17, Sys 0 00:00:23  -  Run Remote Usage
		Usr 0 00:00:00, Sys 0 00:00:00  -  Run Local Usage
		Usr 0 00:06:17, Sys 0 00:00:23  -  Total Remote Usage
		Usr 0 00:00:00, Sys 0 00:00:00  -  Total Local Usage
	0  -  Run Bytes Sent By Job
	0  -  Run Bytes Received By Job
	0  -  Total Bytes Sent By Job
	0  -  Total Bytes Received By Job
	Partitionable Resources :    Usage  Request Allocated
	   Cpus                 :                 1         1
	   Disk (KB)            :        1        1  28379828
	   Memory (MB)          :      614        1      4033
...
