000 (2492274.086.000) 11/08 21:22:00 Job submitted from host: <192.168.1.109:9714>
...
001 (2492274.086.000) 11/08 21:23:02 Job executing on host: <192.168.1.47:9634>
...
006 (2492274.086.000) 11/08 21:23:11 Image size of job updated: 440704
	116  -  MemoryUsage of job (MB)
	118748  -  ResidentSetSize of job (KB)
...
006 (2492274.086.000) 11/08 21:28:11 Image size of job updated: 1063536
	520  -  MemoryUsage of job (MB)
	532204  -  ResidentSetSize of job (KB)
...
006 (2492274.086.000) 11/08 21:33:12 Image size of job updated: 1063536
	521  -  MemoryUsage of job (MB)
	532708  -  ResidentSetSize of job (KB)
...
006 (2492274.086.000) 11/08 21:38:13 Image size of job updated: 1063536
	521  -  MemoryUsage of job (MB)
	533032  -  ResidentSetSize of job (KB)
...
006 (2492274.086.000) 11/08 21:48:13 Image size of job updated: 1063536
	521  -  MemoryUsage of job (MB)
	533072  -  ResidentSetSize of job (KB)
...
006 (2492274.086.000) 11/08 21:53:14 Image size of job updated: 1063536
	521  -  MemoryUsage of job (MB)
	533100  -  ResidentSetSize of job (KB)
...
006 (2492274.086.000) 11/08 21:58:14 Image size of job updated: 1063536
	521  -  MemoryUsage of job (MB)
	533112  -  ResidentSetSize of job (KB)
...
006 (2492274.086.000) 11/08 22:03:14 Image size of job updated: 1063536
	521  -  MemoryUsage of job (MB)
	533196  -  ResidentSetSize of job (KB)
...
006 (2492274.086.000) 11/08 22:08:16 Image size of job updated: 1063536
	521  -  MemoryUsage of job (MB)
	533248  -  ResidentSetSize of job (KB)
...
005 (2492274.086.000) 11/08 22:12:55 Job terminated.
	(1) Normal termination (return value 0)
		Usr 0 00:06:33, Sys 0 00:00:26  -  Run Remote Usage
		Usr 0 00:00:00, Sys 0 00:00:00  -  Run Local Usage
		Usr 0 00:06:33, Sys 0 00:00:26  -  Total Remote Usage
		Usr 0 00:00:00, Sys 0 00:00:00  -  Total Local Usage
	0  -  Run Bytes Sent By Job
	0  -  Run Bytes Received By Job
	0  -  Total Bytes Sent By Job
	0  -  Total Bytes Received By Job
	Partitionable Resources :    Usage  Request Allocated
	   Cpus                 :                 1         1
	   Disk (KB)            :        1        1  28380912
	   Memory (MB)          :      521        1      4033
...
