000 (2492936.013.000) 11/08 23:53:18 Job submitted from host: <192.168.1.109:9714>
...
001 (2492936.013.000) 11/08 23:53:30 Job executing on host: <192.168.1.54:9618?addrs=192.168.1.54-9618+[--1]-9618&noUDP&sock=2569_034c_3>
...
006 (2492936.013.000) 11/08 23:53:39 Image size of job updated: 401544
	86  -  MemoryUsage of job (MB)
	87708  -  ResidentSetSize of job (KB)
...
006 (2492936.013.000) 11/08 23:53:53 Image size of job updated: 483528
	86  -  MemoryUsage of job (MB)
	87708  -  ResidentSetSize of job (KB)
...
005 (2492936.013.000) 11/08 23:53:54 Job terminated.
	(1) Normal termination (return value 0)
		Usr 0 00:00:13, Sys 0 00:00:00  -  Run Remote Usage
		Usr 0 00:00:00, Sys 0 00:00:00  -  Run Local Usage
		Usr 0 00:00:13, Sys 0 00:00:00  -  Total Remote Usage
		Usr 0 00:00:00, Sys 0 00:00:00  -  Total Local Usage
	0  -  Run Bytes Sent By Job
	0  -  Run Bytes Received By Job
	0  -  Total Bytes Sent By Job
	0  -  Total Bytes Received By Job
	Partitionable Resources :    Usage  Request Allocated
	   Cpus                 :                 1         1
	   Disk (KB)            :        1        1   1563671
	   Memory (MB)          :       86        1         1
...
