000 (2492274.099.000) 11/08 21:22:01 Job submitted from host: <192.168.1.109:9714>
...
001 (2492274.099.000) 11/08 21:22:31 Job executing on host: <192.168.1.66:9620>
...
006 (2492274.099.000) 11/08 21:22:40 Image size of job updated: 437876
	112  -  MemoryUsage of job (MB)
	114400  -  ResidentSetSize of job (KB)
...
006 (2492274.099.000) 11/08 21:27:41 Image size of job updated: 1055760
	486  -  MemoryUsage of job (MB)
	497124  -  ResidentSetSize of job (KB)
...
006 (2492274.099.000) 11/08 21:32:41 Image size of job updated: 1055760
	486  -  MemoryUsage of job (MB)
	497396  -  ResidentSetSize of job (KB)
...
006 (2492274.099.000) 11/08 21:37:42 Image size of job updated: 1055760
	486  -  MemoryUsage of job (MB)
	497488  -  ResidentSetSize of job (KB)
...
006 (2492274.099.000) 11/08 21:42:42 Image size of job updated: 1055760
	486  -  MemoryUsage of job (MB)
	497520  -  ResidentSetSize of job (KB)
...
006 (2492274.099.000) 11/08 21:47:43 Image size of job updated: 1055760
	486  -  MemoryUsage of job (MB)
	497560  -  ResidentSetSize of job (KB)
...
006 (2492274.099.000) 11/08 21:52:44 Image size of job updated: 1055760
	487  -  MemoryUsage of job (MB)
	497724  -  ResidentSetSize of job (KB)
...
006 (2492274.099.000) 11/08 21:57:44 Image size of job updated: 1055760
	487  -  MemoryUsage of job (MB)
	498644  -  ResidentSetSize of job (KB)
...
005 (2492274.099.000) 11/08 21:59:18 Job terminated.
	(1) Normal termination (return value 0)
		Usr 0 00:15:07, Sys 0 00:00:36  -  Run Remote Usage
		Usr 0 00:00:00, Sys 0 00:00:00  -  Run Local Usage
		Usr 0 00:15:07, Sys 0 00:00:36  -  Total Remote Usage
		Usr 0 00:00:00, Sys 0 00:00:00  -  Total Local Usage
	0  -  Run Bytes Sent By Job
	0  -  Run Bytes Received By Job
	0  -  Total Bytes Sent By Job
	0  -  Total Bytes Received By Job
	Partitionable Resources :    Usage  Request Allocated
	   Cpus                 :                 1         1
	   Disk (KB)            :        1        1  19563484
	   Memory (MB)          :      487        1      4033
...
