000 (2492235.111.000) 11/08 21:19:21 Job submitted from host: <192.168.1.109:9714>
...
001 (2492235.111.000) 11/08 21:19:33 Job executing on host: <192.168.1.67:9583>
...
006 (2492235.111.000) 11/08 21:19:43 Image size of job updated: 432000
	93  -  MemoryUsage of job (MB)
	94624  -  ResidentSetSize of job (KB)
...
006 (2492235.111.000) 11/08 21:24:43 Image size of job updated: 1055756
	438  -  MemoryUsage of job (MB)
	448072  -  ResidentSetSize of job (KB)
...
006 (2492235.111.000) 11/08 21:29:43 Image size of job updated: 1055756
	438  -  MemoryUsage of job (MB)
	448128  -  ResidentSetSize of job (KB)
...
006 (2492235.111.000) 11/08 21:34:44 Image size of job updated: 1055756
	438  -  MemoryUsage of job (MB)
	448200  -  ResidentSetSize of job (KB)
...
006 (2492235.111.000) 11/08 21:39:45 Image size of job updated: 1055756
	438  -  MemoryUsage of job (MB)
	448244  -  ResidentSetSize of job (KB)
...
006 (2492235.111.000) 11/08 21:44:45 Image size of job updated: 1055756
	546  -  MemoryUsage of job (MB)
	558124  -  ResidentSetSize of job (KB)
...
005 (2492235.111.000) 11/08 21:54:26 Job terminated.
	(1) Normal termination (return value 0)
		Usr 0 00:13:50, Sys 0 00:00:31  -  Run Remote Usage
		Usr 0 00:00:00, Sys 0 00:00:00  -  Run Local Usage
		Usr 0 00:13:50, Sys 0 00:00:31  -  Total Remote Usage
		Usr 0 00:00:00, Sys 0 00:00:00  -  Total Local Usage
	0  -  Run Bytes Sent By Job
	0  -  Run Bytes Received By Job
	0  -  Total Bytes Sent By Job
	0  -  Total Bytes Received By Job
	Partitionable Resources :    Usage  Request Allocated
	   Cpus                 :                 1         1
	   Disk (KB)            :        1        1  19563136
	   Memory (MB)          :      546        1      4033
...
