000 (2506672.099.000) 11/17 00:35:28 Job submitted from host: <192.168.1.109:9714>
...
001 (2506672.099.000) 11/17 00:35:50 Job executing on host: <192.168.1.54:9618?addrs=192.168.1.54-9618+[--1]-9618&noUDP&sock=2569_034c_3>
...
006 (2506672.099.000) 11/17 00:35:58 Image size of job updated: 431796
	87  -  MemoryUsage of job (MB)
	88136  -  ResidentSetSize of job (KB)
...
005 (2506672.099.000) 11/17 00:36:07 Job terminated.
	(1) Normal termination (return value 0)
		Usr 0 00:00:02, Sys 0 00:00:00  -  Run Remote Usage
		Usr 0 00:00:00, Sys 0 00:00:00  -  Run Local Usage
		Usr 0 00:00:02, Sys 0 00:00:00  -  Total Remote Usage
		Usr 0 00:00:00, Sys 0 00:00:00  -  Total Local Usage
	0  -  Run Bytes Sent By Job
	0  -  Run Bytes Received By Job
	0  -  Total Bytes Sent By Job
	0  -  Total Bytes Received By Job
	Partitionable Resources :    Usage  Request Allocated
	   Cpus                 :                 1         1
	   Disk (KB)            :        1        1   1563671
	   Memory (MB)          :       87        1         1
...
