000 (2491133.143.000) 11/08 19:40:20 Job submitted from host: <192.168.1.109:9714>
...
001 (2491133.143.000) 11/08 19:40:57 Job executing on host: <192.168.1.48:9634>
...
006 (2491133.143.000) 11/08 19:41:05 Image size of job updated: 432004
	87  -  MemoryUsage of job (MB)
	88544  -  ResidentSetSize of job (KB)
...
006 (2491133.143.000) 11/08 19:46:05 Image size of job updated: 957484
	475  -  MemoryUsage of job (MB)
	486004  -  ResidentSetSize of job (KB)
...
006 (2491133.143.000) 11/08 19:51:06 Image size of job updated: 957484
	475  -  MemoryUsage of job (MB)
	486136  -  ResidentSetSize of job (KB)
...
006 (2491133.143.000) 11/08 19:56:07 Image size of job updated: 957484
	475  -  MemoryUsage of job (MB)
	486140  -  ResidentSetSize of job (KB)
...
006 (2491133.143.000) 11/08 20:01:07 Image size of job updated: 1147908
	685  -  MemoryUsage of job (MB)
	700700  -  ResidentSetSize of job (KB)
...
006 (2491133.143.000) 11/08 20:06:08 Image size of job updated: 1147908
	692  -  MemoryUsage of job (MB)
	707952  -  ResidentSetSize of job (KB)
...
006 (2491133.143.000) 11/08 20:11:08 Image size of job updated: 1147908
	783  -  MemoryUsage of job (MB)
	801524  -  ResidentSetSize of job (KB)
...
005 (2491133.143.000) 11/08 20:15:08 Job terminated.
	(1) Normal termination (return value 0)
		Usr 0 00:21:08, Sys 0 00:01:15  -  Run Remote Usage
		Usr 0 00:00:00, Sys 0 00:00:00  -  Run Local Usage
		Usr 0 00:21:08, Sys 0 00:01:15  -  Total Remote Usage
		Usr 0 00:00:00, Sys 0 00:00:00  -  Total Local Usage
	0  -  Run Bytes Sent By Job
	0  -  Run Bytes Received By Job
	0  -  Total Bytes Sent By Job
	0  -  Total Bytes Received By Job
	Partitionable Resources :    Usage  Request Allocated
	   Cpus                 :                 1         1
	   Disk (KB)            :        1        1  28379855
	   Memory (MB)          :      783        1      4033
...
