000 (2491851.143.000) 11/08 20:36:48 Job submitted from host: <192.168.1.109:9714>
...
001 (2491851.143.000) 11/08 20:37:20 Job executing on host: <192.168.1.50:9434>
...
006 (2491851.143.000) 11/08 20:37:28 Image size of job updated: 456660
	142  -  MemoryUsage of job (MB)
	145048  -  ResidentSetSize of job (KB)
...
006 (2491851.143.000) 11/08 20:42:28 Image size of job updated: 957488
	476  -  MemoryUsage of job (MB)
	486536  -  ResidentSetSize of job (KB)
...
006 (2491851.143.000) 11/08 21:07:32 Image size of job updated: 957488
	494  -  MemoryUsage of job (MB)
	505260  -  ResidentSetSize of job (KB)
...
006 (2491851.143.000) 11/08 21:12:32 Image size of job updated: 957488
	494  -  MemoryUsage of job (MB)
	505268  -  ResidentSetSize of job (KB)
...
006 (2491851.143.000) 11/08 21:17:33 Image size of job updated: 957488
	494  -  MemoryUsage of job (MB)
	505372  -  ResidentSetSize of job (KB)
...
005 (2491851.143.000) 11/08 22:11:00 Job terminated.
	(1) Normal termination (return value 0)
		Usr 0 00:27:48, Sys 0 00:01:38  -  Run Remote Usage
		Usr 0 00:00:00, Sys 0 00:00:00  -  Run Local Usage
		Usr 0 00:27:48, Sys 0 00:01:38  -  Total Remote Usage
		Usr 0 00:00:00, Sys 0 00:00:00  -  Total Local Usage
	0  -  Run Bytes Sent By Job
	0  -  Run Bytes Received By Job
	0  -  Total Bytes Sent By Job
	0  -  Total Bytes Received By Job
	Partitionable Resources :    Usage  Request Allocated
	   Cpus                 :                 1         1
	   Disk (KB)            :        1        1  28379835
	   Memory (MB)          :      494        1      4033
...
