000 (2491133.079.000) 11/08 19:40:19 Job submitted from host: <192.168.1.109:9714>
...
001 (2491133.079.000) 11/08 19:40:54 Job executing on host: <192.168.1.44:9507>
...
006 (2491133.079.000) 11/08 19:41:03 Image size of job updated: 180768
	3  -  MemoryUsage of job (MB)
	2692  -  ResidentSetSize of job (KB)
...
006 (2491133.079.000) 11/08 19:46:04 Image size of job updated: 1031272
	510  -  MemoryUsage of job (MB)
	521740  -  ResidentSetSize of job (KB)
...
006 (2491133.079.000) 11/08 19:51:04 Image size of job updated: 1031272
	510  -  MemoryUsage of job (MB)
	521928  -  ResidentSetSize of job (KB)
...
006 (2491133.079.000) 11/08 19:56:04 Image size of job updated: 1031272
	510  -  MemoryUsage of job (MB)
	521932  -  ResidentSetSize of job (KB)
...
006 (2491133.079.000) 11/08 20:01:05 Image size of job updated: 1188720
	702  -  MemoryUsage of job (MB)
	717932  -  ResidentSetSize of job (KB)
...
005 (2491133.079.000) 11/08 20:03:26 Job terminated.
	(1) Normal termination (return value 0)
		Usr 0 00:08:09, Sys 0 00:00:34  -  Run Remote Usage
		Usr 0 00:00:00, Sys 0 00:00:00  -  Run Local Usage
		Usr 0 00:08:09, Sys 0 00:00:34  -  Total Remote Usage
		Usr 0 00:00:00, Sys 0 00:00:00  -  Total Local Usage
	0  -  Run Bytes Sent By Job
	0  -  Run Bytes Received By Job
	0  -  Total Bytes Sent By Job
	0  -  Total Bytes Received By Job
	Partitionable Resources :    Usage  Request Allocated
	   Cpus                 :                 1         1
	   Disk (KB)            :        1        1   2370190
	   Memory (MB)          :      702        1      4035
...
