000 (2491851.079.000) 11/08 20:36:47 Job submitted from host: <192.168.1.109:9714>
...
001 (2491851.079.000) 11/08 20:37:18 Job executing on host: <192.168.1.51:9694>
...
006 (2491851.079.000) 11/08 20:37:27 Image size of job updated: 164256
	3  -  MemoryUsage of job (MB)
	2672  -  ResidentSetSize of job (KB)
...
006 (2491851.079.000) 11/08 20:42:27 Image size of job updated: 1031272
	434  -  MemoryUsage of job (MB)
	443780  -  ResidentSetSize of job (KB)
...
006 (2491851.079.000) 11/08 20:52:29 Image size of job updated: 1031272
	435  -  MemoryUsage of job (MB)
	444536  -  ResidentSetSize of job (KB)
...
006 (2491851.079.000) 11/08 20:57:29 Image size of job updated: 1031272
	435  -  MemoryUsage of job (MB)
	444572  -  ResidentSetSize of job (KB)
...
006 (2491851.079.000) 11/08 21:02:30 Image size of job updated: 1031272
	435  -  MemoryUsage of job (MB)
	444592  -  ResidentSetSize of job (KB)
...
006 (2491851.079.000) 11/08 21:07:31 Image size of job updated: 1031272
	435  -  MemoryUsage of job (MB)
	444632  -  ResidentSetSize of job (KB)
...
005 (2491851.079.000) 11/08 21:10:40 Job terminated.
	(1) Normal termination (return value 0)
		Usr 0 00:08:33, Sys 0 00:00:30  -  Run Remote Usage
		Usr 0 00:00:00, Sys 0 00:00:00  -  Run Local Usage
		Usr 0 00:08:33, Sys 0 00:00:30  -  Total Remote Usage
		Usr 0 00:00:00, Sys 0 00:00:00  -  Total Local Usage
	0  -  Run Bytes Sent By Job
	0  -  Run Bytes Received By Job
	0  -  Total Bytes Sent By Job
	0  -  Total Bytes Received By Job
	Partitionable Resources :    Usage  Request Allocated
	   Cpus                 :                 1         1
	   Disk (KB)            :        1        1  28379451
	   Memory (MB)          :      435        1      4033
...
