000 (2497410.079.000) 11/09 15:33:47 Job submitted from host: <192.168.1.109:9714>
...
001 (2497410.079.000) 11/09 15:34:12 Job executing on host: <192.168.1.42:9515>
...
006 (2497410.079.000) 11/09 15:34:21 Image size of job updated: 379096
	49  -  MemoryUsage of job (MB)
	49164  -  ResidentSetSize of job (KB)
...
006 (2497410.079.000) 11/09 15:39:22 Image size of job updated: 990252
	456  -  MemoryUsage of job (MB)
	466684  -  ResidentSetSize of job (KB)
...
006 (2497410.079.000) 11/09 15:44:23 Image size of job updated: 990252
	461  -  MemoryUsage of job (MB)
	471768  -  ResidentSetSize of job (KB)
...
006 (2497410.079.000) 11/09 15:49:23 Image size of job updated: 990252
	461  -  MemoryUsage of job (MB)
	472044  -  ResidentSetSize of job (KB)
...
006 (2497410.079.000) 11/09 15:54:24 Image size of job updated: 990252
	462  -  MemoryUsage of job (MB)
	472092  -  ResidentSetSize of job (KB)
...
006 (2497410.079.000) 11/09 15:59:25 Image size of job updated: 990252
	462  -  MemoryUsage of job (MB)
	472208  -  ResidentSetSize of job (KB)
...
006 (2497410.079.000) 11/09 16:04:25 Image size of job updated: 990252
	462  -  MemoryUsage of job (MB)
	472224  -  ResidentSetSize of job (KB)
...
006 (2497410.079.000) 11/09 16:09:25 Image size of job updated: 990252
	462  -  MemoryUsage of job (MB)
	472292  -  ResidentSetSize of job (KB)
...
006 (2497410.079.000) 11/09 16:14:26 Image size of job updated: 990252
	462  -  MemoryUsage of job (MB)
	472328  -  ResidentSetSize of job (KB)
...
006 (2497410.079.000) 11/09 16:19:27 Image size of job updated: 990252
	462  -  MemoryUsage of job (MB)
	472348  -  ResidentSetSize of job (KB)
...
006 (2497410.079.000) 11/09 16:24:27 Image size of job updated: 990252
	462  -  MemoryUsage of job (MB)
	472368  -  ResidentSetSize of job (KB)
...
006 (2497410.079.000) 11/09 16:29:28 Image size of job updated: 990252
	462  -  MemoryUsage of job (MB)
	472404  -  ResidentSetSize of job (KB)
...
006 (2497410.079.000) 11/09 16:34:29 Image size of job updated: 990252
	462  -  MemoryUsage of job (MB)
	472408  -  ResidentSetSize of job (KB)
...
006 (2497410.079.000) 11/09 16:39:29 Image size of job updated: 990252
	462  -  MemoryUsage of job (MB)
	472464  -  ResidentSetSize of job (KB)
...
006 (2497410.079.000) 11/09 16:44:30 Image size of job updated: 990252
	575  -  MemoryUsage of job (MB)
	588328  -  ResidentSetSize of job (KB)
...
006 (2497410.079.000) 11/09 16:49:31 Image size of job updated: 990252
	575  -  MemoryUsage of job (MB)
	588360  -  ResidentSetSize of job (KB)
...
005 (2497410.079.000) 11/09 16:51:53 Job terminated.
	(1) Normal termination (return value 0)
		Usr 0 00:08:08, Sys 0 00:00:32  -  Run Remote Usage
		Usr 0 00:00:00, Sys 0 00:00:00  -  Run Local Usage
		Usr 0 00:08:08, Sys 0 00:00:32  -  Total Remote Usage
		Usr 0 00:00:00, Sys 0 00:00:00  -  Total Local Usage
	0  -  Run Bytes Sent By Job
	0  -  Run Bytes Received By Job
	0  -  Total Bytes Sent By Job
	0  -  Total Bytes Received By Job
	Partitionable Resources :    Usage  Request Allocated
	   Cpus                 :                 1         1
	   Disk (KB)            :        1        1   2371274
	   Memory (MB)          :      575        1      4035
...
