000 (2485756.026.000) 11/07 21:19:44 Job submitted from host: <192.168.1.109:9714>
...
001 (2485756.026.000) 11/07 21:21:41 Job executing on host: <192.168.1.42:9515>
...
006 (2485756.026.000) 11/07 21:21:50 Image size of job updated: 181740
	32  -  MemoryUsage of job (MB)
	32080  -  ResidentSetSize of job (KB)
...
006 (2485756.026.000) 11/07 21:21:59 Image size of job updated: 469924
	32  -  MemoryUsage of job (MB)
	32080  -  ResidentSetSize of job (KB)
...
005 (2485756.026.000) 11/07 21:21:59 Job terminated.
	(1) Normal termination (return value 0)
		Usr 0 00:00:06, Sys 0 00:00:01  -  Run Remote Usage
		Usr 0 00:00:00, Sys 0 00:00:00  -  Run Local Usage
		Usr 0 00:00:06, Sys 0 00:00:01  -  Total Remote Usage
		Usr 0 00:00:00, Sys 0 00:00:00  -  Total Local Usage
	0  -  Run Bytes Sent By Job
	0  -  Run Bytes Received By Job
	0  -  Total Bytes Sent By Job
	0  -  Total Bytes Received By Job
	Partitionable Resources :    Usage  Request Allocated
	   Cpus                 :                 1         1
	   Disk (KB)            :        1        1   2367126
	   Memory (MB)          :       32        1      4035
...
