000 (2492883.064.000) 11/08 23:42:29 Job submitted from host: <192.168.1.109:9714>
...
001 (2492883.064.000) 11/08 23:42:56 Job executing on host: <192.168.1.63:9932>
...
006 (2492883.064.000) 11/08 23:43:04 Image size of job updated: 404796
	73  -  MemoryUsage of job (MB)
	74356  -  ResidentSetSize of job (KB)
...
006 (2492883.064.000) 11/08 23:43:11 Image size of job updated: 481360
	73  -  MemoryUsage of job (MB)
	74356  -  ResidentSetSize of job (KB)
...
005 (2492883.064.000) 11/08 23:43:11 Job terminated.
	(1) Normal termination (return value 0)
		Usr 0 00:00:10, Sys 0 00:00:01  -  Run Remote Usage
		Usr 0 00:00:00, Sys 0 00:00:00  -  Run Local Usage
		Usr 0 00:00:10, Sys 0 00:00:01  -  Total Remote Usage
		Usr 0 00:00:00, Sys 0 00:00:00  -  Total Local Usage
	0  -  Run Bytes Sent By Job
	0  -  Run Bytes Received By Job
	0  -  Total Bytes Sent By Job
	0  -  Total Bytes Received By Job
	Partitionable Resources :    Usage  Request Allocated
	   Cpus                 :                 1         1
	   Disk (KB)            :        1        1  19565827
	   Memory (MB)          :       73        1      4033
...
