000 (2464979.098.000) 11/02 16:50:21 Job submitted from host: <192.168.1.109:9308>
...
001 (2464979.098.000) 11/02 16:50:40 Job executing on host: <192.168.1.66:9432>
...
006 (2464979.098.000) 11/02 16:50:49 Image size of job updated: 353048
	83  -  MemoryUsage of job (MB)
	84384  -  ResidentSetSize of job (KB)
...
006 (2464979.098.000) 11/02 16:55:37 Image size of job updated: 883572
	83  -  MemoryUsage of job (MB)
	84384  -  ResidentSetSize of job (KB)
...
005 (2464979.098.000) 11/02 16:55:37 Job terminated.
	(1) Normal termination (return value 0)
		Usr 0 00:02:52, Sys 0 00:00:08  -  Run Remote Usage
		Usr 0 00:00:00, Sys 0 00:00:00  -  Run Local Usage
		Usr 0 00:02:52, Sys 0 00:00:08  -  Total Remote Usage
		Usr 0 00:00:00, Sys 0 00:00:00  -  Total Local Usage
	0  -  Run Bytes Sent By Job
	0  -  Run Bytes Received By Job
	0  -  Total Bytes Sent By Job
	0  -  Total Bytes Received By Job
	Partitionable Resources :    Usage  Request Allocated
	   Cpus                 :                 1         1
	   Disk (KB)            :        1        1  19563900
	   Memory (MB)          :       83        1      4033
...
