000 (2493172.098.000) 11/09 00:41:42 Job submitted from host: <192.168.1.109:9714>
...
001 (2493172.098.000) 11/09 00:41:56 Job executing on host: <192.168.1.68:9996>
...
006 (2493172.098.000) 11/09 00:42:04 Image size of job updated: 1
	3  -  MemoryUsage of job (MB)
	2168  -  ResidentSetSize of job (KB)
...
006 (2493172.098.000) 11/09 00:47:04 Image size of job updated: 936760
	364  -  MemoryUsage of job (MB)
	372112  -  ResidentSetSize of job (KB)
...
005 (2493172.098.000) 11/09 00:48:21 Job terminated.
	(1) Normal termination (return value 0)
		Usr 0 00:03:03, Sys 0 00:00:10  -  Run Remote Usage
		Usr 0 00:00:00, Sys 0 00:00:00  -  Run Local Usage
		Usr 0 00:03:03, Sys 0 00:00:10  -  Total Remote Usage
		Usr 0 00:00:00, Sys 0 00:00:00  -  Total Local Usage
	0  -  Run Bytes Sent By Job
	0  -  Run Bytes Received By Job
	0  -  Total Bytes Sent By Job
	0  -  Total Bytes Received By Job
	Partitionable Resources :    Usage  Request Allocated
	   Cpus                 :                 1         1
	   Disk (KB)            :        1        1  20251278
	   Memory (MB)          :      364        1      4038
...
