000 (2485823.056.000) 11/07 23:48:29 Job submitted from host: <192.168.1.109:9714>
...
001 (2485823.056.000) 11/07 23:48:39 Job executing on host: <192.168.1.67:9583>
...
006 (2485823.056.000) 11/07 23:48:48 Image size of job updated: 16004
	2  -  MemoryUsage of job (MB)
	1836  -  ResidentSetSize of job (KB)
...
006 (2485823.056.000) 11/07 23:53:49 Image size of job updated: 1018788
	511  -  MemoryUsage of job (MB)
	522528  -  ResidentSetSize of job (KB)
...
006 (2485823.056.000) 11/07 23:58:50 Image size of job updated: 1018788
	612  -  MemoryUsage of job (MB)
	626532  -  ResidentSetSize of job (KB)
...
006 (2485823.056.000) 11/08 00:03:50 Image size of job updated: 1018788
	632  -  MemoryUsage of job (MB)
	646876  -  ResidentSetSize of job (KB)
...
006 (2485823.056.000) 11/08 00:08:50 Image size of job updated: 1018788
	632  -  MemoryUsage of job (MB)
	646904  -  ResidentSetSize of job (KB)
...
006 (2485823.056.000) 11/08 00:13:51 Image size of job updated: 1018788
	633  -  MemoryUsage of job (MB)
	647184  -  ResidentSetSize of job (KB)
...
006 (2485823.056.000) 11/08 00:18:51 Image size of job updated: 1018788
	633  -  MemoryUsage of job (MB)
	647496  -  ResidentSetSize of job (KB)
...
006 (2485823.056.000) 11/08 00:23:51 Image size of job updated: 1018788
	634  -  MemoryUsage of job (MB)
	648264  -  ResidentSetSize of job (KB)
...
006 (2485823.056.000) 11/08 00:28:52 Image size of job updated: 1018788
	649  -  MemoryUsage of job (MB)
	664012  -  ResidentSetSize of job (KB)
...
005 (2485823.056.000) 11/08 00:33:14 Job terminated.
	(1) Normal termination (return value 0)
		Usr 0 00:25:07, Sys 0 00:00:55  -  Run Remote Usage
		Usr 0 00:00:00, Sys 0 00:00:00  -  Run Local Usage
		Usr 0 00:25:07, Sys 0 00:00:55  -  Total Remote Usage
		Usr 0 00:00:00, Sys 0 00:00:00  -  Total Local Usage
	0  -  Run Bytes Sent By Job
	0  -  Run Bytes Received By Job
	0  -  Total Bytes Sent By Job
	0  -  Total Bytes Received By Job
	Partitionable Resources :    Usage  Request Allocated
	   Cpus                 :                 1         1
	   Disk (KB)            :        1        1  19515360
	   Memory (MB)          :      649        1      4033
...
