000 (2491851.056.000) 11/08 20:36:47 Job submitted from host: <192.168.1.109:9714>
...
001 (2491851.056.000) 11/08 20:37:15 Job executing on host: <192.168.1.64:9697>
...
006 (2491851.056.000) 11/08 20:37:23 Image size of job updated: 437784
	74  -  MemoryUsage of job (MB)
	75284  -  ResidentSetSize of job (KB)
...
006 (2491851.056.000) 11/08 20:42:23 Image size of job updated: 1018796
	427  -  MemoryUsage of job (MB)
	436252  -  ResidentSetSize of job (KB)
...
006 (2491851.056.000) 11/08 20:47:24 Image size of job updated: 1018796
	431  -  MemoryUsage of job (MB)
	441044  -  ResidentSetSize of job (KB)
...
006 (2491851.056.000) 11/08 20:52:24 Image size of job updated: 1018796
	432  -  MemoryUsage of job (MB)
	442032  -  ResidentSetSize of job (KB)
...
006 (2491851.056.000) 11/08 20:57:24 Image size of job updated: 1018796
	433  -  MemoryUsage of job (MB)
	442624  -  ResidentSetSize of job (KB)
...
006 (2491851.056.000) 11/08 21:02:26 Image size of job updated: 1018796
	433  -  MemoryUsage of job (MB)
	442656  -  ResidentSetSize of job (KB)
...
006 (2491851.056.000) 11/08 21:07:26 Image size of job updated: 1018796
	433  -  MemoryUsage of job (MB)
	443284  -  ResidentSetSize of job (KB)
...
006 (2491851.056.000) 11/08 21:12:26 Image size of job updated: 1018796
	434  -  MemoryUsage of job (MB)
	443608  -  ResidentSetSize of job (KB)
...
006 (2491851.056.000) 11/08 21:17:28 Image size of job updated: 1018796
	520  -  MemoryUsage of job (MB)
	532032  -  ResidentSetSize of job (KB)
...
006 (2491851.056.000) 11/08 21:22:28 Image size of job updated: 1018796
	570  -  MemoryUsage of job (MB)
	583324  -  ResidentSetSize of job (KB)
...
006 (2491851.056.000) 11/08 21:27:28 Image size of job updated: 1018796
	570  -  MemoryUsage of job (MB)
	583580  -  ResidentSetSize of job (KB)
...
006 (2491851.056.000) 11/08 21:32:29 Image size of job updated: 1018796
	570  -  MemoryUsage of job (MB)
	583584  -  ResidentSetSize of job (KB)
...
005 (2491851.056.000) 11/08 21:36:59 Job terminated.
	(1) Normal termination (return value 0)
		Usr 0 00:27:38, Sys 0 00:01:09  -  Run Remote Usage
		Usr 0 00:00:00, Sys 0 00:00:00  -  Run Local Usage
		Usr 0 00:27:38, Sys 0 00:01:09  -  Total Remote Usage
		Usr 0 00:00:00, Sys 0 00:00:00  -  Total Local Usage
	0  -  Run Bytes Sent By Job
	0  -  Run Bytes Received By Job
	0  -  Total Bytes Sent By Job
	0  -  Total Bytes Received By Job
	Partitionable Resources :    Usage  Request Allocated
	   Cpus                 :                 1         1
	   Disk (KB)            :        1        1  19563717
	   Memory (MB)          :      570        1      4033
...
