000 (2492636.018.000) 11/08 22:47:39 Job submitted from host: <192.168.1.109:9714>
...
001 (2492636.018.000) 11/08 22:47:46 Job executing on host: <192.168.1.63:9932>
...
006 (2492636.018.000) 11/08 22:47:54 Image size of job updated: 341560
	57  -  MemoryUsage of job (MB)
	57932  -  ResidentSetSize of job (KB)
...
006 (2492636.018.000) 11/08 22:48:16 Image size of job updated: 490452
	57  -  MemoryUsage of job (MB)
	57932  -  ResidentSetSize of job (KB)
...
005 (2492636.018.000) 11/08 22:48:19 Job terminated.
	(1) Normal termination (return value 0)
		Usr 0 00:00:09, Sys 0 00:00:01  -  Run Remote Usage
		Usr 0 00:00:00, Sys 0 00:00:00  -  Run Local Usage
		Usr 0 00:00:09, Sys 0 00:00:01  -  Total Remote Usage
		Usr 0 00:00:00, Sys 0 00:00:00  -  Total Local Usage
	0  -  Run Bytes Sent By Job
	0  -  Run Bytes Received By Job
	0  -  Total Bytes Sent By Job
	0  -  Total Bytes Received By Job
	Partitionable Resources :    Usage  Request Allocated
	   Cpus                 :                 1         1
	   Disk (KB)            :        1        1  19565893
	   Memory (MB)          :       57        1      4033
...
