/cvmfs/cms.cern.ch
/cms/mchristos/ANN/FireMVA/2016
InputBundle_Higgs_Input_64_Tree

Processing outFiles/Application_1/InputBundle_Higgs_Input_64_Tree/Application_Fakes_3L_2016.C...
                         : Booking "BDTG method" of type "BDT" from /cms/mchristos/ANN/FireMVA/2017/dl/weights/fire_MVA_TT_IDvarsElectrons_BDT.weights.xml.
                         : Reading weight file: /cms/mchristos/ANN/FireMVA/2017/dl/weights/fire_MVA_TT_IDvarsElectrons_BDT.weights.xml
<HEADER> DataSetInfo              : [Default] : Added class "Background"
<HEADER> DataSetInfo              : [Default] : Added class "Signal"
                         : Booked classifier "BDT" of type: "BDT"
                         : Booking "BDTG method" of type "BDT" from /cms/mchristos/ANN/FireMVA/2017/dl/weights/fire_MVA_TT_IDvarsMuons_BDT.weights.xml.
                         : Reading weight file: /cms/mchristos/ANN/FireMVA/2017/dl/weights/fire_MVA_TT_IDvarsMuons_BDT.weights.xml
<HEADER> DataSetInfo              : [Default] : Added class "Background"
<HEADER> DataSetInfo              : [Default] : Added class "Signal"
                         : Booked classifier "BDT" of type: "BDT"
--- TMVAClassificationApp    : Using input file: /cms/heindl/software/CMSSW_10_4_ROOT614_X_2018-10-19-2300/src/pyPlotter/runPlotter_3LonlyMC_NTupleMaker_2016_v2/InputBundle_Higgs_Input_64_Tree.root
--- Select sample
--- Processing: 48906 events
--- ... Processing event: 0
--- ... Processing event: 1000
--- ... Processing event: 2000
--- ... Processing event: 3000
--- ... Processing event: 4000
--- ... Processing event: 5000
--- ... Processing event: 6000
--- ... Processing event: 7000
--- ... Processing event: 8000
--- ... Processing event: 9000
--- ... Processing event: 10000
--- ... Processing event: 11000
--- ... Processing event: 12000
--- ... Processing event: 13000
--- ... Processing event: 14000
--- ... Processing event: 15000
--- ... Processing event: 16000
--- ... Processing event: 17000
--- ... Processing event: 18000
--- ... Processing event: 19000
--- ... Processing event: 20000
--- ... Processing event: 21000
--- ... Processing event: 22000
--- ... Processing event: 23000
--- ... Processing event: 24000
--- ... Processing event: 25000
--- ... Processing event: 26000
--- ... Processing event: 27000
--- ... Processing event: 28000
--- ... Processing event: 29000
--- ... Processing event: 30000
--- ... Processing event: 31000
--- ... Processing event: 32000
--- ... Processing event: 33000
--- ... Processing event: 34000
--- ... Processing event: 35000
--- ... Processing event: 36000
--- ... Processing event: 37000
--- ... Processing event: 38000
--- ... Processing event: 39000
--- ... Processing event: 40000
--- ... Processing event: 41000
--- ... Processing event: 42000
--- ... Processing event: 43000
--- ... Processing event: 44000
--- ... Processing event: 45000
--- ... Processing event: 46000
--- ... Processing event: 47000
--- ... Processing event: 48000
--- End of event loop: Real time 0:00:46, CP time 38.040
