000 (2485819.056.000) 11/07 22:35:29 Job submitted from host: <192.168.1.109:9714>
...
001 (2485819.056.000) 11/07 22:35:38 Job executing on host: <192.168.1.58:9618?addrs=192.168.1.58-9618+[--1]-9618&noUDP&sock=2203_f7a2_3>
...
006 (2485819.056.000) 11/07 22:35:46 Image size of job updated: 1
	2  -  MemoryUsage of job (MB)
	1764  -  ResidentSetSize of job (KB)
...
006 (2485819.056.000) 11/07 22:40:46 Image size of job updated: 915636
	446  -  MemoryUsage of job (MB)
	455768  -  ResidentSetSize of job (KB)
...
006 (2485819.056.000) 11/07 22:45:46 Image size of job updated: 915636
	450  -  MemoryUsage of job (MB)
	460696  -  ResidentSetSize of job (KB)
...
005 (2485819.056.000) 11/07 22:49:24 Job terminated.
	(1) Normal termination (return value 0)
		Usr 0 00:12:23, Sys 0 00:00:43  -  Run Remote Usage
		Usr 0 00:00:00, Sys 0 00:00:00  -  Run Local Usage
		Usr 0 00:12:23, Sys 0 00:00:43  -  Total Remote Usage
		Usr 0 00:00:00, Sys 0 00:00:00  -  Total Local Usage
	0  -  Run Bytes Sent By Job
	0  -  Run Bytes Received By Job
	0  -  Total Bytes Sent By Job
	0  -  Total Bytes Received By Job
	Partitionable Resources :    Usage  Request Allocated
	   Cpus                 :                 1         1
	   Disk (KB)            :        1        1   1563588
	   Memory (MB)          :      450        1         1
...
