000 (2497409.056.000) 11/09 15:27:51 Job submitted from host: <192.168.1.109:9714>
...
001 (2497409.056.000) 11/09 15:28:16 Job executing on host: <192.168.1.60:9618?addrs=192.168.1.60-9618+[--1]-9618&noUDP&sock=2263_1f51_3>
...
006 (2497409.056.000) 11/09 15:28:25 Image size of job updated: 175640
	26  -  MemoryUsage of job (MB)
	26540  -  ResidentSetSize of job (KB)
...
006 (2497409.056.000) 11/09 15:33:26 Image size of job updated: 920944
	450  -  MemoryUsage of job (MB)
	460572  -  ResidentSetSize of job (KB)
...
006 (2497409.056.000) 11/09 15:43:26 Image size of job updated: 920944
	494  -  MemoryUsage of job (MB)
	505220  -  ResidentSetSize of job (KB)
...
006 (2497409.056.000) 11/09 15:48:27 Image size of job updated: 920944
	494  -  MemoryUsage of job (MB)
	505764  -  ResidentSetSize of job (KB)
...
006 (2497409.056.000) 11/09 15:53:28 Image size of job updated: 920944
	495  -  MemoryUsage of job (MB)
	506216  -  ResidentSetSize of job (KB)
...
006 (2497409.056.000) 11/09 15:58:28 Image size of job updated: 920944
	495  -  MemoryUsage of job (MB)
	506692  -  ResidentSetSize of job (KB)
...
005 (2497409.056.000) 11/09 16:02:05 Job terminated.
	(1) Normal termination (return value 0)
		Usr 0 00:16:21, Sys 0 00:01:03  -  Run Remote Usage
		Usr 0 00:00:00, Sys 0 00:00:00  -  Run Local Usage
		Usr 0 00:16:21, Sys 0 00:01:03  -  Total Remote Usage
		Usr 0 00:00:00, Sys 0 00:00:00  -  Total Local Usage
	0  -  Run Bytes Sent By Job
	0  -  Run Bytes Received By Job
	0  -  Total Bytes Sent By Job
	0  -  Total Bytes Received By Job
	Partitionable Resources :    Usage  Request Allocated
	   Cpus                 :                 1         1
	   Disk (KB)            :        1        1   1563310
	   Memory (MB)          :      495        1         1
...
