000 (2485819.011.000) 11/07 22:35:28 Job submitted from host: <192.168.1.109:9714>
...
001 (2485819.011.000) 11/07 22:35:35 Job executing on host: <192.168.1.65:9393>
...
006 (2485819.011.000) 11/07 22:35:44 Image size of job updated: 358768
	65  -  MemoryUsage of job (MB)
	66192  -  ResidentSetSize of job (KB)
...
006 (2485819.011.000) 11/07 22:38:07 Image size of job updated: 994956
	65  -  MemoryUsage of job (MB)
	66192  -  ResidentSetSize of job (KB)
...
005 (2485819.011.000) 11/07 22:38:07 Job terminated.
	(1) Normal termination (return value 0)
		Usr 0 00:02:03, Sys 0 00:00:05  -  Run Remote Usage
		Usr 0 00:00:00, Sys 0 00:00:00  -  Run Local Usage
		Usr 0 00:02:03, Sys 0 00:00:05  -  Total Remote Usage
		Usr 0 00:00:00, Sys 0 00:00:00  -  Total Local Usage
	0  -  Run Bytes Sent By Job
	0  -  Run Bytes Received By Job
	0  -  Total Bytes Sent By Job
	0  -  Total Bytes Received By Job
	Partitionable Resources :    Usage  Request Allocated
	   Cpus                 :                 1         1
	   Disk (KB)            :        1        1  19559790
	   Memory (MB)          :       65        1      4033
...
