000 (2492274.067.000) 11/08 21:22:00 Job submitted from host: <192.168.1.109:9714>
...
001 (2492274.067.000) 11/08 21:23:37 Job executing on host: <192.168.1.46:9845>
...
006 (2492274.067.000) 11/08 21:23:46 Image size of job updated: 97664
	10  -  MemoryUsage of job (MB)
	9300  -  ResidentSetSize of job (KB)
...
006 (2492274.067.000) 11/08 21:28:47 Image size of job updated: 679340
	269  -  MemoryUsage of job (MB)
	274948  -  ResidentSetSize of job (KB)
...
006 (2492274.067.000) 11/08 21:33:47 Image size of job updated: 990252
	470  -  MemoryUsage of job (MB)
	480976  -  ResidentSetSize of job (KB)
...
006 (2492274.067.000) 11/08 21:38:49 Image size of job updated: 990252
	473  -  MemoryUsage of job (MB)
	483420  -  ResidentSetSize of job (KB)
...
006 (2492274.067.000) 11/08 21:43:49 Image size of job updated: 990252
	473  -  MemoryUsage of job (MB)
	483468  -  ResidentSetSize of job (KB)
...
006 (2492274.067.000) 11/08 21:48:50 Image size of job updated: 990252
	473  -  MemoryUsage of job (MB)
	483564  -  ResidentSetSize of job (KB)
...
006 (2492274.067.000) 11/08 21:53:51 Image size of job updated: 990252
	473  -  MemoryUsage of job (MB)
	483600  -  ResidentSetSize of job (KB)
...
006 (2492274.067.000) 11/08 21:58:51 Image size of job updated: 990252
	473  -  MemoryUsage of job (MB)
	483636  -  ResidentSetSize of job (KB)
...
006 (2492274.067.000) 11/08 22:03:52 Image size of job updated: 990252
	473  -  MemoryUsage of job (MB)
	483688  -  ResidentSetSize of job (KB)
...
006 (2492274.067.000) 11/08 22:08:53 Image size of job updated: 990252
	473  -  MemoryUsage of job (MB)
	483736  -  ResidentSetSize of job (KB)
...
006 (2492274.067.000) 11/08 22:13:53 Image size of job updated: 990252
	473  -  MemoryUsage of job (MB)
	483760  -  ResidentSetSize of job (KB)
...
006 (2492274.067.000) 11/08 22:18:53 Image size of job updated: 990252
	473  -  MemoryUsage of job (MB)
	483788  -  ResidentSetSize of job (KB)
...
006 (2492274.067.000) 11/08 22:23:54 Image size of job updated: 990252
	473  -  MemoryUsage of job (MB)
	483844  -  ResidentSetSize of job (KB)
...
006 (2492274.067.000) 11/08 22:28:54 Image size of job updated: 990252
	473  -  MemoryUsage of job (MB)
	483880  -  ResidentSetSize of job (KB)
...
005 (2492274.067.000) 11/08 22:32:18 Job terminated.
	(1) Normal termination (return value 0)
		Usr 0 00:08:05, Sys 0 00:00:38  -  Run Remote Usage
		Usr 0 00:00:00, Sys 0 00:00:00  -  Run Local Usage
		Usr 0 00:08:05, Sys 0 00:00:38  -  Total Remote Usage
		Usr 0 00:00:00, Sys 0 00:00:00  -  Total Local Usage
	0  -  Run Bytes Sent By Job
	0  -  Run Bytes Received By Job
	0  -  Total Bytes Sent By Job
	0  -  Total Bytes Received By Job
	Partitionable Resources :    Usage  Request Allocated
	   Cpus                 :                 1         1
	   Disk (KB)            :        1        1   2371756
	   Memory (MB)          :      473        1      4035
...
