000 (2493011.067.000) 11/09 00:07:57 Job submitted from host: <192.168.1.109:9714>
...
001 (2493011.067.000) 11/09 00:08:35 Job executing on host: <192.168.1.45:9392>
...
006 (2493011.067.000) 11/09 00:08:43 Image size of job updated: 352024
	88  -  MemoryUsage of job (MB)
	89148  -  ResidentSetSize of job (KB)
...
006 (2493011.067.000) 11/09 00:08:44 Image size of job updated: 443768
	88  -  MemoryUsage of job (MB)
	89148  -  ResidentSetSize of job (KB)
...
005 (2493011.067.000) 11/09 00:08:44 Job terminated.
	(1) Normal termination (return value 6)
		Usr 0 00:00:04, Sys 0 00:00:00  -  Run Remote Usage
		Usr 0 00:00:00, Sys 0 00:00:00  -  Run Local Usage
		Usr 0 00:00:04, Sys 0 00:00:00  -  Total Remote Usage
		Usr 0 00:00:00, Sys 0 00:00:00  -  Total Local Usage
	0  -  Run Bytes Sent By Job
	0  -  Run Bytes Received By Job
	0  -  Total Bytes Sent By Job
	0  -  Total Bytes Received By Job
	Partitionable Resources :    Usage  Request Allocated
	   Cpus                 :                 1         1
	   Disk (KB)            :        1        1   2370833
	   Memory (MB)          :       88        1      4035
...
