000 (2504800.067.000) 11/16 00:22:24 Job submitted from host: <192.168.1.109:9714>
...
001 (2504800.067.000) 11/16 00:22:34 Job executing on host: <192.168.1.48:9634>
...
006 (2504800.067.000) 11/16 00:22:43 Image size of job updated: 457784
	136  -  MemoryUsage of job (MB)
	138396  -  ResidentSetSize of job (KB)
...
006 (2504800.067.000) 11/16 00:22:48 Image size of job updated: 476128
	136  -  MemoryUsage of job (MB)
	138396  -  ResidentSetSize of job (KB)
...
005 (2504800.067.000) 11/16 00:22:48 Job terminated.
	(1) Normal termination (return value 0)
		Usr 0 00:00:06, Sys 0 00:00:00  -  Run Remote Usage
		Usr 0 00:00:00, Sys 0 00:00:00  -  Run Local Usage
		Usr 0 00:00:06, Sys 0 00:00:00  -  Total Remote Usage
		Usr 0 00:00:00, Sys 0 00:00:00  -  Total Local Usage
	0  -  Run Bytes Sent By Job
	0  -  Run Bytes Received By Job
	0  -  Total Bytes Sent By Job
	0  -  Total Bytes Received By Job
	Partitionable Resources :    Usage  Request Allocated
	   Cpus                 :                 1         1
	   Disk (KB)            :        1        1  28380771
	   Memory (MB)          :      136        1      4033
...
