000 (2493172.025.000) 11/09 00:41:40 Job submitted from host: <192.168.1.109:9714>
...
001 (2493172.025.000) 11/09 00:41:52 Job executing on host: <192.168.1.47:9634>
...
006 (2493172.025.000) 11/09 00:42:00 Image size of job updated: 343112
	58  -  MemoryUsage of job (MB)
	59148  -  ResidentSetSize of job (KB)
...
006 (2493172.025.000) 11/09 00:42:15 Image size of job updated: 483328
	58  -  MemoryUsage of job (MB)
	59148  -  ResidentSetSize of job (KB)
...
005 (2493172.025.000) 11/09 00:42:15 Job terminated.
	(1) Normal termination (return value 0)
		Usr 0 00:00:07, Sys 0 00:00:00  -  Run Remote Usage
		Usr 0 00:00:00, Sys 0 00:00:00  -  Run Local Usage
		Usr 0 00:00:07, Sys 0 00:00:00  -  Total Remote Usage
		Usr 0 00:00:00, Sys 0 00:00:00  -  Total Local Usage
	0  -  Run Bytes Sent By Job
	0  -  Run Bytes Received By Job
	0  -  Total Bytes Sent By Job
	0  -  Total Bytes Received By Job
	Partitionable Resources :    Usage  Request Allocated
	   Cpus                 :                 1         1
	   Disk (KB)            :        1        1  28380818
	   Memory (MB)          :       58        1      4033
...
