000 (2485823.001.000) 11/07 23:48:28 Job submitted from host: <192.168.1.109:9714>
...
001 (2485823.001.000) 11/07 23:48:36 Job executing on host: <192.168.1.42:9515>
...
006 (2485823.001.000) 11/07 23:48:45 Image size of job updated: 97660
	3  -  MemoryUsage of job (MB)
	2560  -  ResidentSetSize of job (KB)
...
006 (2485823.001.000) 11/07 23:53:46 Image size of job updated: 1006396
	495  -  MemoryUsage of job (MB)
	506224  -  ResidentSetSize of job (KB)
...
006 (2485823.001.000) 11/07 23:58:46 Image size of job updated: 1006396
	495  -  MemoryUsage of job (MB)
	506256  -  ResidentSetSize of job (KB)
...
006 (2485823.001.000) 11/08 00:03:46 Image size of job updated: 1006396
	496  -  MemoryUsage of job (MB)
	507512  -  ResidentSetSize of job (KB)
...
006 (2485823.001.000) 11/08 00:08:47 Image size of job updated: 1006396
	496  -  MemoryUsage of job (MB)
	507684  -  ResidentSetSize of job (KB)
...
006 (2485823.001.000) 11/08 00:13:48 Image size of job updated: 1006396
	496  -  MemoryUsage of job (MB)
	507688  -  ResidentSetSize of job (KB)
...
006 (2485823.001.000) 11/08 00:18:48 Image size of job updated: 1006396
	496  -  MemoryUsage of job (MB)
	507796  -  ResidentSetSize of job (KB)
...
006 (2485823.001.000) 11/08 00:23:49 Image size of job updated: 1006396
	496  -  MemoryUsage of job (MB)
	507848  -  ResidentSetSize of job (KB)
...
006 (2485823.001.000) 11/08 00:28:50 Image size of job updated: 1006396
	496  -  MemoryUsage of job (MB)
	507852  -  ResidentSetSize of job (KB)
...
006 (2485823.001.000) 11/08 00:33:50 Image size of job updated: 1006396
	496  -  MemoryUsage of job (MB)
	507864  -  ResidentSetSize of job (KB)
...
006 (2485823.001.000) 11/08 00:38:50 Image size of job updated: 1006396
	497  -  MemoryUsage of job (MB)
	508076  -  ResidentSetSize of job (KB)
...
006 (2485823.001.000) 11/08 00:48:51 Image size of job updated: 1006396
	497  -  MemoryUsage of job (MB)
	508080  -  ResidentSetSize of job (KB)
...
006 (2485823.001.000) 11/08 00:53:51 Image size of job updated: 1006396
	497  -  MemoryUsage of job (MB)
	508084  -  ResidentSetSize of job (KB)
...
006 (2485823.001.000) 11/08 00:58:52 Image size of job updated: 1006396
	497  -  MemoryUsage of job (MB)
	508092  -  ResidentSetSize of job (KB)
...
006 (2485823.001.000) 11/08 01:03:53 Image size of job updated: 1006396
	594  -  MemoryUsage of job (MB)
	607616  -  ResidentSetSize of job (KB)
...
006 (2485823.001.000) 11/08 01:08:53 Image size of job updated: 1006396
	609  -  MemoryUsage of job (MB)
	623548  -  ResidentSetSize of job (KB)
...
006 (2485823.001.000) 11/08 01:13:54 Image size of job updated: 1006396
	609  -  MemoryUsage of job (MB)
	623592  -  ResidentSetSize of job (KB)
...
006 (2485823.001.000) 11/08 01:43:57 Image size of job updated: 1006396
	610  -  MemoryUsage of job (MB)
	623796  -  ResidentSetSize of job (KB)
...
006 (2485823.001.000) 11/08 01:58:58 Image size of job updated: 1006396
	613  -  MemoryUsage of job (MB)
	626960  -  ResidentSetSize of job (KB)
...
006 (2485823.001.000) 11/08 02:59:04 Image size of job updated: 1007336
	613  -  MemoryUsage of job (MB)
	626960  -  ResidentSetSize of job (KB)
...
006 (2485823.001.000) 11/08 03:04:05 Image size of job updated: 1008316
	613  -  MemoryUsage of job (MB)
	626960  -  ResidentSetSize of job (KB)
...
006 (2485823.001.000) 11/08 03:09:06 Image size of job updated: 1008448
	613  -  MemoryUsage of job (MB)
	626960  -  ResidentSetSize of job (KB)
...
006 (2485823.001.000) 11/08 03:14:06 Image size of job updated: 1008584
	613  -  MemoryUsage of job (MB)
	626960  -  ResidentSetSize of job (KB)
...
005 (2485823.001.000) 11/08 03:22:07 Job terminated.
	(1) Normal termination (return value 0)
		Usr 0 01:30:29, Sys 0 00:04:47  -  Run Remote Usage
		Usr 0 00:00:00, Sys 0 00:00:00  -  Run Local Usage
		Usr 0 01:30:29, Sys 0 00:04:47  -  Total Remote Usage
		Usr 0 00:00:00, Sys 0 00:00:00  -  Total Local Usage
	0  -  Run Bytes Sent By Job
	0  -  Run Bytes Received By Job
	0  -  Total Bytes Sent By Job
	0  -  Total Bytes Received By Job
	Partitionable Resources :    Usage  Request Allocated
	   Cpus                 :                 1         1
	   Disk (KB)            :        1        1   2365092
	   Memory (MB)          :      613        1      4035
...
