000 (2491851.001.000) 11/08 20:36:46 Job submitted from host: <192.168.1.109:9714>
...
001 (2491851.001.000) 11/08 20:37:12 Job executing on host: <192.168.1.43:9998>
...
006 (2491851.001.000) 11/08 20:37:20 Image size of job updated: 363748
	64  -  MemoryUsage of job (MB)
	65408  -  ResidentSetSize of job (KB)
...
006 (2491851.001.000) 11/08 20:42:21 Image size of job updated: 1006396
	493  -  MemoryUsage of job (MB)
	504560  -  ResidentSetSize of job (KB)
...
006 (2491851.001.000) 11/08 20:47:22 Image size of job updated: 1006396
	520  -  MemoryUsage of job (MB)
	531484  -  ResidentSetSize of job (KB)
...
006 (2491851.001.000) 11/08 20:52:22 Image size of job updated: 1006396
	533  -  MemoryUsage of job (MB)
	544868  -  ResidentSetSize of job (KB)
...
006 (2491851.001.000) 11/08 20:57:22 Image size of job updated: 1006396
	533  -  MemoryUsage of job (MB)
	545024  -  ResidentSetSize of job (KB)
...
006 (2491851.001.000) 11/08 21:02:23 Image size of job updated: 1006396
	533  -  MemoryUsage of job (MB)
	545116  -  ResidentSetSize of job (KB)
...
006 (2491851.001.000) 11/08 21:07:23 Image size of job updated: 1006396
	533  -  MemoryUsage of job (MB)
	545120  -  ResidentSetSize of job (KB)
...
006 (2491851.001.000) 11/08 21:22:25 Image size of job updated: 1006396
	533  -  MemoryUsage of job (MB)
	545204  -  ResidentSetSize of job (KB)
...
006 (2491851.001.000) 11/08 21:32:26 Image size of job updated: 1006396
	533  -  MemoryUsage of job (MB)
	545236  -  ResidentSetSize of job (KB)
...
006 (2491851.001.000) 11/08 21:37:26 Image size of job updated: 1006396
	533  -  MemoryUsage of job (MB)
	545244  -  ResidentSetSize of job (KB)
...
006 (2491851.001.000) 11/08 21:42:26 Image size of job updated: 1006396
	533  -  MemoryUsage of job (MB)
	545252  -  ResidentSetSize of job (KB)
...
006 (2491851.001.000) 11/08 21:57:28 Image size of job updated: 1006396
	533  -  MemoryUsage of job (MB)
	545256  -  ResidentSetSize of job (KB)
...
006 (2491851.001.000) 11/08 22:12:30 Image size of job updated: 1006396
	533  -  MemoryUsage of job (MB)
	545260  -  ResidentSetSize of job (KB)
...
006 (2491851.001.000) 11/08 22:27:31 Image size of job updated: 1006396
	533  -  MemoryUsage of job (MB)
	545264  -  ResidentSetSize of job (KB)
...
006 (2491851.001.000) 11/08 22:32:32 Image size of job updated: 1006396
	533  -  MemoryUsage of job (MB)
	545300  -  ResidentSetSize of job (KB)
...
006 (2491851.001.000) 11/08 22:37:32 Image size of job updated: 1006396
	533  -  MemoryUsage of job (MB)
	545476  -  ResidentSetSize of job (KB)
...
006 (2491851.001.000) 11/08 22:52:34 Image size of job updated: 1006396
	533  -  MemoryUsage of job (MB)
	545508  -  ResidentSetSize of job (KB)
...
006 (2491851.001.000) 11/08 22:57:34 Image size of job updated: 1006396
	533  -  MemoryUsage of job (MB)
	545572  -  ResidentSetSize of job (KB)
...
006 (2491851.001.000) 11/08 23:02:35 Image size of job updated: 1006396
	533  -  MemoryUsage of job (MB)
	545664  -  ResidentSetSize of job (KB)
...
006 (2491851.001.000) 11/08 23:07:36 Image size of job updated: 1006396
	534  -  MemoryUsage of job (MB)
	545896  -  ResidentSetSize of job (KB)
...
006 (2491851.001.000) 11/08 23:12:36 Image size of job updated: 1006396
	534  -  MemoryUsage of job (MB)
	545968  -  ResidentSetSize of job (KB)
...
006 (2491851.001.000) 11/08 23:17:37 Image size of job updated: 1006396
	534  -  MemoryUsage of job (MB)
	546188  -  ResidentSetSize of job (KB)
...
006 (2491851.001.000) 11/08 23:22:38 Image size of job updated: 1006396
	534  -  MemoryUsage of job (MB)
	546652  -  ResidentSetSize of job (KB)
...
006 (2491851.001.000) 11/08 23:27:38 Image size of job updated: 1006396
	535  -  MemoryUsage of job (MB)
	546904  -  ResidentSetSize of job (KB)
...
006 (2491851.001.000) 11/08 23:32:39 Image size of job updated: 1007336
	536  -  MemoryUsage of job (MB)
	548084  -  ResidentSetSize of job (KB)
...
006 (2491851.001.000) 11/08 23:37:40 Image size of job updated: 1008316
	536  -  MemoryUsage of job (MB)
	548584  -  ResidentSetSize of job (KB)
...
006 (2491851.001.000) 11/08 23:42:40 Image size of job updated: 1008448
	536  -  MemoryUsage of job (MB)
	548712  -  ResidentSetSize of job (KB)
...
006 (2491851.001.000) 11/08 23:47:41 Image size of job updated: 1008584
	536  -  MemoryUsage of job (MB)
	548816  -  ResidentSetSize of job (KB)
...
005 (2491851.001.000) 11/08 23:50:39 Job terminated.
	(1) Normal termination (return value 0)
		Usr 0 01:26:51, Sys 0 00:04:54  -  Run Remote Usage
		Usr 0 00:00:00, Sys 0 00:00:00  -  Run Local Usage
		Usr 0 01:26:51, Sys 0 00:04:54  -  Total Remote Usage
		Usr 0 00:00:00, Sys 0 00:00:00  -  Total Local Usage
	0  -  Run Bytes Sent By Job
	0  -  Run Bytes Received By Job
	0  -  Total Bytes Sent By Job
	0  -  Total Bytes Received By Job
	Partitionable Resources :    Usage  Request Allocated
	   Cpus                 :                 1         1
	   Disk (KB)            :        1        1   2370664
	   Memory (MB)          :      536        1      4035
...
