000 (2491133.001.000) 11/08 19:40:18 Job submitted from host: <192.168.1.109:9714>
...
001 (2491133.001.000) 11/08 19:40:53 Job executing on host: <192.168.1.43:9998>
...
006 (2491133.001.000) 11/08 19:41:01 Image size of job updated: 180772
	3  -  MemoryUsage of job (MB)
	2684  -  ResidentSetSize of job (KB)
...
006 (2491133.001.000) 11/08 19:46:02 Image size of job updated: 1006400
	498  -  MemoryUsage of job (MB)
	509892  -  ResidentSetSize of job (KB)
...
006 (2491133.001.000) 11/08 19:51:02 Image size of job updated: 1006400
	500  -  MemoryUsage of job (MB)
	511208  -  ResidentSetSize of job (KB)
...
006 (2491133.001.000) 11/08 19:56:03 Image size of job updated: 1006400
	500  -  MemoryUsage of job (MB)
	511360  -  ResidentSetSize of job (KB)
...
006 (2491133.001.000) 11/08 20:01:04 Image size of job updated: 1214048
	728  -  MemoryUsage of job (MB)
	744504  -  ResidentSetSize of job (KB)
...
006 (2491133.001.000) 11/08 20:06:04 Image size of job updated: 1214048
	847  -  MemoryUsage of job (MB)
	866836  -  ResidentSetSize of job (KB)
...
006 (2491133.001.000) 11/08 20:11:05 Image size of job updated: 1214048
	887  -  MemoryUsage of job (MB)
	908212  -  ResidentSetSize of job (KB)
...
006 (2491133.001.000) 11/08 20:16:06 Image size of job updated: 1214048
	888  -  MemoryUsage of job (MB)
	908812  -  ResidentSetSize of job (KB)
...
006 (2491133.001.000) 11/08 20:21:06 Image size of job updated: 1214048
	889  -  MemoryUsage of job (MB)
	909772  -  ResidentSetSize of job (KB)
...
006 (2491133.001.000) 11/08 20:26:06 Image size of job updated: 1214048
	889  -  MemoryUsage of job (MB)
	910288  -  ResidentSetSize of job (KB)
...
006 (2491133.001.000) 11/08 20:31:07 Image size of job updated: 1214048
	890  -  MemoryUsage of job (MB)
	910492  -  ResidentSetSize of job (KB)
...
006 (2491133.001.000) 11/08 20:36:07 Image size of job updated: 1214048
	890  -  MemoryUsage of job (MB)
	910744  -  ResidentSetSize of job (KB)
...
005 (2491133.001.000) 11/08 23:04:15 Job terminated.
	(1) Normal termination (return value 0)
		Usr 0 01:24:42, Sys 0 00:05:01  -  Run Remote Usage
		Usr 0 00:00:00, Sys 0 00:00:00  -  Run Local Usage
		Usr 0 01:24:42, Sys 0 00:05:01  -  Total Remote Usage
		Usr 0 00:00:00, Sys 0 00:00:00  -  Total Local Usage
	0  -  Run Bytes Sent By Job
	0  -  Run Bytes Received By Job
	0  -  Total Bytes Sent By Job
	0  -  Total Bytes Received By Job
	Partitionable Resources :    Usage  Request Allocated
	   Cpus                 :                 1         1
	   Disk (KB)            :        1        1   2370814
	   Memory (MB)          :      890        1      4035
...
