000 (2493172.104.000) 11/09 00:41:42 Job submitted from host: <192.168.1.109:9714>
...
001 (2493172.104.000) 11/09 00:41:56 Job executing on host: <192.168.1.62:9618?addrs=192.168.1.62-9618+[--1]-9618&noUDP&sock=2400_17ca_3>
...
006 (2493172.104.000) 11/09 00:42:04 Image size of job updated: 400060
	78  -  MemoryUsage of job (MB)
	79552  -  ResidentSetSize of job (KB)
...
006 (2493172.104.000) 11/09 00:45:30 Image size of job updated: 935432
	78  -  MemoryUsage of job (MB)
	79552  -  ResidentSetSize of job (KB)
...
005 (2493172.104.000) 11/09 00:45:38 Job terminated.
	(1) Normal termination (return value 0)
		Usr 0 00:02:11, Sys 0 00:00:07  -  Run Remote Usage
		Usr 0 00:00:00, Sys 0 00:00:00  -  Run Local Usage
		Usr 0 00:02:11, Sys 0 00:00:07  -  Total Remote Usage
		Usr 0 00:00:00, Sys 0 00:00:00  -  Total Local Usage
	0  -  Run Bytes Sent By Job
	0  -  Run Bytes Received By Job
	0  -  Total Bytes Sent By Job
	0  -  Total Bytes Received By Job
	Partitionable Resources :    Usage  Request Allocated
	   Cpus                 :                 1         1
	   Disk (KB)            :        1        1   1563256
	   Memory (MB)          :       78        1         1
...
