000 (2504797.104.000) 11/15 23:49:56 Job submitted from host: <192.168.1.109:9714>
...
001 (2504797.104.000) 11/15 23:50:18 Job executing on host: <192.168.1.62:9618?addrs=192.168.1.62-9618+[--1]-9618&noUDP&sock=2400_17ca_3>
...
006 (2504797.104.000) 11/15 23:50:26 Image size of job updated: 1
	2  -  MemoryUsage of job (MB)
	1764  -  ResidentSetSize of job (KB)
...
006 (2504797.104.000) 11/15 23:52:33 Image size of job updated: 928496
	2  -  MemoryUsage of job (MB)
	1764  -  ResidentSetSize of job (KB)
...
004 (2504797.104.000) 11/15 23:52:33 Job was evicted.
	(0) Job was not checkpointed.
		Usr 0 00:01:01, Sys 0 00:00:07  -  Run Remote Usage
		Usr 0 00:00:00, Sys 0 00:00:00  -  Run Local Usage
	0  -  Run Bytes Sent By Job
	0  -  Run Bytes Received By Job
	Partitionable Resources :    Usage  Request Allocated
	   Cpus                 :                 1         1
	   Disk (KB)            :        1        1   1563256
	   Memory (MB)          :        2        1         1
...
009 (2504797.104.000) 11/15 23:52:40 Job was aborted by the user.
	via condor_rm (by user mchristos)
...
