000 (2485819.063.000) 11/07 22:35:29 Job submitted from host: <192.168.1.109:9714>
...
001 (2485819.063.000) 11/07 22:35:38 Job executing on host: <192.168.1.63:9932>
...
006 (2485819.063.000) 11/07 22:35:47 Image size of job updated: 466828
	153  -  MemoryUsage of job (MB)
	156196  -  ResidentSetSize of job (KB)
...
005 (2485819.063.000) 11/07 22:35:58 Job terminated.
	(1) Normal termination (return value 0)
		Usr 0 00:00:07, Sys 0 00:00:00  -  Run Remote Usage
		Usr 0 00:00:00, Sys 0 00:00:00  -  Run Local Usage
		Usr 0 00:00:07, Sys 0 00:00:00  -  Total Remote Usage
		Usr 0 00:00:00, Sys 0 00:00:00  -  Total Local Usage
	0  -  Run Bytes Sent By Job
	0  -  Run Bytes Received By Job
	0  -  Total Bytes Sent By Job
	0  -  Total Bytes Received By Job
	Partitionable Resources :    Usage  Request Allocated
	   Cpus                 :                 1         1
	   Disk (KB)            :        1        1  19560165
	   Memory (MB)          :      153        1      4033
...
