000 (2493172.102.000) 11/09 00:41:42 Job submitted from host: <192.168.1.109:9714>
...
001 (2493172.102.000) 11/09 00:41:56 Job executing on host: <192.168.1.67:9583>
...
006 (2493172.102.000) 11/09 00:42:04 Image size of job updated: 437640
	112  -  MemoryUsage of job (MB)
	113808  -  ResidentSetSize of job (KB)
...
006 (2493172.102.000) 11/09 00:47:04 Image size of job updated: 933356
	360  -  MemoryUsage of job (MB)
	368480  -  ResidentSetSize of job (KB)
...
005 (2493172.102.000) 11/09 00:48:17 Job terminated.
	(1) Normal termination (return value 0)
		Usr 0 00:02:23, Sys 0 00:00:08  -  Run Remote Usage
		Usr 0 00:00:00, Sys 0 00:00:00  -  Run Local Usage
		Usr 0 00:02:23, Sys 0 00:00:08  -  Total Remote Usage
		Usr 0 00:00:00, Sys 0 00:00:00  -  Total Local Usage
	0  -  Run Bytes Sent By Job
	0  -  Run Bytes Received By Job
	0  -  Total Bytes Sent By Job
	0  -  Total Bytes Received By Job
	Partitionable Resources :    Usage  Request Allocated
	   Cpus                 :                 1         1
	   Disk (KB)            :        1        1  19562907
	   Memory (MB)          :      360        1      4033
...
