000 (2492234.092.000) 11/08 21:18:50 Job submitted from host: <192.168.1.109:9714>
...
001 (2492234.092.000) 11/08 21:19:28 Job executing on host: <192.168.1.45:9392>
...
006 (2492234.092.000) 11/08 21:20:12 Image size of job updated: 97660
	3  -  MemoryUsage of job (MB)
	2452  -  ResidentSetSize of job (KB)
...
006 (2492234.092.000) 11/08 21:24:48 Image size of job updated: 904652
	419  -  MemoryUsage of job (MB)
	428636  -  ResidentSetSize of job (KB)
...
006 (2492234.092.000) 11/08 21:39:50 Image size of job updated: 904652
	436  -  MemoryUsage of job (MB)
	446176  -  ResidentSetSize of job (KB)
...
006 (2492234.092.000) 11/08 21:44:51 Image size of job updated: 904652
	436  -  MemoryUsage of job (MB)
	446436  -  ResidentSetSize of job (KB)
...
006 (2492234.092.000) 11/08 21:49:52 Image size of job updated: 904652
	437  -  MemoryUsage of job (MB)
	446568  -  ResidentSetSize of job (KB)
...
006 (2492234.092.000) 11/08 21:54:52 Image size of job updated: 904652
	437  -  MemoryUsage of job (MB)
	446600  -  ResidentSetSize of job (KB)
...
006 (2492234.092.000) 11/08 21:59:53 Image size of job updated: 904652
	437  -  MemoryUsage of job (MB)
	446632  -  ResidentSetSize of job (KB)
...
006 (2492234.092.000) 11/08 22:04:53 Image size of job updated: 904652
	437  -  MemoryUsage of job (MB)
	446640  -  ResidentSetSize of job (KB)
...
006 (2492234.092.000) 11/08 22:09:53 Image size of job updated: 904652
	437  -  MemoryUsage of job (MB)
	446800  -  ResidentSetSize of job (KB)
...
006 (2492234.092.000) 11/08 22:14:54 Image size of job updated: 904652
	437  -  MemoryUsage of job (MB)
	447040  -  ResidentSetSize of job (KB)
...
006 (2492234.092.000) 11/08 22:19:54 Image size of job updated: 904652
	437  -  MemoryUsage of job (MB)
	447056  -  ResidentSetSize of job (KB)
...
006 (2492234.092.000) 11/08 22:24:54 Image size of job updated: 904652
	437  -  MemoryUsage of job (MB)
	447196  -  ResidentSetSize of job (KB)
...
006 (2492234.092.000) 11/08 22:29:55 Image size of job updated: 904652
	437  -  MemoryUsage of job (MB)
	447216  -  ResidentSetSize of job (KB)
...
006 (2492234.092.000) 11/08 22:34:56 Image size of job updated: 904652
	437  -  MemoryUsage of job (MB)
	447384  -  ResidentSetSize of job (KB)
...
006 (2492234.092.000) 11/08 22:39:56 Image size of job updated: 904652
	438  -  MemoryUsage of job (MB)
	447724  -  ResidentSetSize of job (KB)
...
005 (2492234.092.000) 11/08 22:41:53 Job terminated.
	(1) Normal termination (return value 0)
		Usr 0 00:13:12, Sys 0 00:00:57  -  Run Remote Usage
		Usr 0 00:00:00, Sys 0 00:00:00  -  Run Local Usage
		Usr 0 00:13:12, Sys 0 00:00:57  -  Total Remote Usage
		Usr 0 00:00:00, Sys 0 00:00:00  -  Total Local Usage
	0  -  Run Bytes Sent By Job
	0  -  Run Bytes Received By Job
	0  -  Total Bytes Sent By Job
	0  -  Total Bytes Received By Job
	Partitionable Resources :    Usage  Request Allocated
	   Cpus                 :                 1         1
	   Disk (KB)            :        1        1   2370035
	   Memory (MB)          :      438        1      4035
...
