000 (2493172.092.000) 11/09 00:41:42 Job submitted from host: <192.168.1.109:9714>
...
001 (2493172.092.000) 11/09 00:41:55 Job executing on host: <192.168.1.68:9996>
...
006 (2493172.092.000) 11/09 00:42:04 Image size of job updated: 182200
	32  -  MemoryUsage of job (MB)
	32656  -  ResidentSetSize of job (KB)
...
006 (2493172.092.000) 11/09 00:47:05 Image size of job updated: 905800
	436  -  MemoryUsage of job (MB)
	445684  -  ResidentSetSize of job (KB)
...
006 (2493172.092.000) 11/09 00:52:06 Image size of job updated: 905800
	436  -  MemoryUsage of job (MB)
	445948  -  ResidentSetSize of job (KB)
...
006 (2493172.092.000) 11/09 00:57:06 Image size of job updated: 905800
	436  -  MemoryUsage of job (MB)
	446152  -  ResidentSetSize of job (KB)
...
006 (2493172.092.000) 11/09 01:02:07 Image size of job updated: 905800
	436  -  MemoryUsage of job (MB)
	446416  -  ResidentSetSize of job (KB)
...
006 (2493172.092.000) 11/09 01:07:08 Image size of job updated: 905800
	437  -  MemoryUsage of job (MB)
	446720  -  ResidentSetSize of job (KB)
...
006 (2493172.092.000) 11/09 01:12:08 Image size of job updated: 905800
	437  -  MemoryUsage of job (MB)
	447036  -  ResidentSetSize of job (KB)
...
006 (2493172.092.000) 11/09 01:17:09 Image size of job updated: 905800
	437  -  MemoryUsage of job (MB)
	447268  -  ResidentSetSize of job (KB)
...
005 (2493172.092.000) 11/09 01:17:46 Job terminated.
	(1) Normal termination (return value 0)
		Usr 0 00:19:02, Sys 0 00:00:56  -  Run Remote Usage
		Usr 0 00:00:00, Sys 0 00:00:00  -  Run Local Usage
		Usr 0 00:19:02, Sys 0 00:00:56  -  Total Remote Usage
		Usr 0 00:00:00, Sys 0 00:00:00  -  Total Local Usage
	0  -  Run Bytes Sent By Job
	0  -  Run Bytes Received By Job
	0  -  Total Bytes Sent By Job
	0  -  Total Bytes Received By Job
	Partitionable Resources :    Usage  Request Allocated
	   Cpus                 :                 1         1
	   Disk (KB)            :        1        1  20251278
	   Memory (MB)          :      437        1      4038
...
