000 (2485819.019.000) 11/07 22:35:28 Job submitted from host: <192.168.1.109:9714>
...
001 (2485819.019.000) 11/07 22:35:39 Job executing on host: <192.168.1.68:9996>
...
006 (2485819.019.000) 11/07 22:35:49 Image size of job updated: 97476
	3  -  MemoryUsage of job (MB)
	2536  -  ResidentSetSize of job (KB)
...
006 (2485819.019.000) 11/07 22:40:50 Image size of job updated: 996524
	489  -  MemoryUsage of job (MB)
	500660  -  ResidentSetSize of job (KB)
...
005 (2485819.019.000) 11/07 22:41:19 Job terminated.
	(1) Normal termination (return value 0)
		Usr 0 00:04:02, Sys 0 00:00:11  -  Run Remote Usage
		Usr 0 00:00:00, Sys 0 00:00:00  -  Run Local Usage
		Usr 0 00:04:02, Sys 0 00:00:11  -  Total Remote Usage
		Usr 0 00:00:00, Sys 0 00:00:00  -  Total Local Usage
	0  -  Run Bytes Sent By Job
	0  -  Run Bytes Received By Job
	0  -  Total Bytes Sent By Job
	0  -  Total Bytes Received By Job
	Partitionable Resources :    Usage  Request Allocated
	   Cpus                 :                 1         1
	   Disk (KB)            :        1        1  20250476
	   Memory (MB)          :      489        1      4038
...
