mkdir: cannot create directory `outFiles/Application_1_2L': File exists
mkdir: cannot create directory `outFiles/Application_1_2L/InputBundle_Data_Input_15_Tree': File exists
Error in <TFile::TFile>: file /cms/heindl/software/CMSSW_10_4_ROOT614_X_2018-10-19-2300/src/pyPlotter/runPlotter_2L_NTupleMaker_2016/runPlotter_2L_NTupleMaker_2016/InputBundle_Data_Input_15_Tree.root does not exist
#0  0x0000003c0eeac89e in waitpid () from /lib64/libc.so.6
#1  0x0000003c0ee3e4e9 in do_system () from /lib64/libc.so.6
#2  0x00002b7d6ab894da in TUnixSystem::Exec (this=0xc58570, shellcmd=0x2a695e0 "/cvmfs/cms-ib.cern.ch/nweek-02548/slc6_amd64_gcc700/lcg/root/6.14.05/etc/gdb-backtrace.sh 11913 1>&2") at /build/cmsbld/jenkins/workspace/build-any-ib/w/BUILD/slc6_amd64_gcc700/lcg/root/6.14.05/root-6.14.05/core/unix/src/TUnixSystem.cxx:2119
#3  0x00002b7d6ab89d2a in TUnixSystem::StackTrace (this=0xc58570) at /build/cmsbld/jenkins/workspace/build-any-ib/w/BUILD/slc6_amd64_gcc700/lcg/root/6.14.05/root-6.14.05/core/unix/src/TUnixSystem.cxx:2413
#4  0x00002b7d6c1e24b3 in TCling__PrintStackTrace () at /build/cmsbld/jenkins/workspace/build-any-ib/w/BUILD/slc6_amd64_gcc700/lcg/root/6.14.05/root-6.14.05/core/metacling/src/TCling.cxx:354
#5  0x00002b7d6c2dad43 in TClingCallbacks::PrintStackTrace (this=0x1467790) at /build/cmsbld/jenkins/workspace/build-any-ib/w/BUILD/slc6_amd64_gcc700/lcg/root/6.14.05/root-6.14.05/core/metacling/src/TClingCallbacks.cxx:794
#6  0x00002b7d6c365b62 in cling::MultiplexInterpreterCallbacks::PrintStackTrace (this=0x1146860) at /build/cmsbld/jenkins/workspace/build-any-ib/w/BUILD/slc6_amd64_gcc700/lcg/root/6.14.05/root-6.14.05/interpreter/cling/lib/Interpreter/MultiplexInterpreterCallbacks.h:124
#7  0x00002b7d6c35c90f in cling_runtime_internal_throwIfInvalidPointer (Interp=0xccf880, Expr=0x25f0018, Arg=0x0) at /build/cmsbld/jenkins/workspace/build-any-ib/w/BUILD/slc6_amd64_gcc700/lcg/root/6.14.05/root-6.14.05/interpreter/cling/lib/Interpreter/Exception.cpp:42
#8  0x00002b7d7df3474a in ?? ()
#9  0x00007ffdb1f79fd0 in ?? ()
#10 0x0000000000000010 in ?? ()
#11 0x00007ffdb1f79e70 in ?? ()
#12 0x00002b7d6d0d67f5 in llvm::Expected<llvm::ArrayRef<llvm::object::Elf_Shdr_Impl<llvm::object::ELFType<(llvm::support::endianness)1, true> > > >::Expected<llvm::ArrayRef<llvm::object::Elf_Shdr_Impl<llvm::object::ELFType<(llvm::support::endianness)1, true> > > > (this=0x3a726f6c6f43211c, Val=...) at /build/cmsbld/jenkins/workspace/build-any-ib/w/BUILD/slc6_amd64_gcc700/lcg/root/6.14.05/root-6.14.05/interpreter/llvm/src/include/llvm/Support/Error.h:695
#13 0x00002b7d7df31066 in ?? ()
#14 0x00000001b1f7bee0 in ?? ()
#15 0x0000000000d33950 in ?? ()
#16 0x00002b7d6c4e6d4b in (anonymous namespace)::allocateStoredRefValueAndGetGV (vpI=0x280a930, vpSVR=0x746e656c695321, vpQT=0x3a726f6c6f43211c) at /build/cmsbld/jenkins/workspace/build-any-ib/w/BUILD/slc6_amd64_gcc700/lcg/root/6.14.05/root-6.14.05/interpreter/cling/lib/Interpreter/ValueExtractionSynthesizer.cpp:475
#17 0x00007ffdb1f7c9c0 in ?? ()
#18 0x00007ffdb1f7bf80 in ?? ()
#19 0x00002b7d6c364fd3 in cling::IncrementalExecutor::executeWrapper (this=0xc3c990ffb79408e8, function=..., returnValue=0xc7894800000001be) at /build/cmsbld/jenkins/workspace/build-any-ib/w/BUILD/slc6_amd64_gcc700/lcg/root/6.14.05/root-6.14.05/interpreter/cling/lib/Interpreter/IncrementalExecutor.h:196
Error in <HandleInterpreterException>: Trying to dereference null pointer or trying to call routine taking non-null arguments.
Execution of your code was aborted.
In file included from input_line_10:1:
/cms/mchristos/ANN/FireMVA/2016/outFiles/Application_1_2L/InputBundle_Data_Input_15_Tree/Application_Fakes_2L_2016.C:102:73: warning: null passed to a callee that requires a non-null argument [-Wnonnull]
    std::cout << "--- TMVAClassificationApp    : Using input file: " << input->GetName() << std::endl;
                                                                        ^~~~~
