000 (2492235.059.000) 11/08 21:19:20 Job submitted from host: <192.168.1.109:9714>
...
001 (2492235.059.000) 11/08 21:19:32 Job executing on host: <192.168.1.47:9634>
...
006 (2492235.059.000) 11/08 21:19:42 Image size of job updated: 32840
	3  -  MemoryUsage of job (MB)
	2636  -  ResidentSetSize of job (KB)
...
006 (2492235.059.000) 11/08 21:24:42 Image size of job updated: 1046888
	425  -  MemoryUsage of job (MB)
	434364  -  ResidentSetSize of job (KB)
...
006 (2492235.059.000) 11/08 21:29:44 Image size of job updated: 1046888
	425  -  MemoryUsage of job (MB)
	434924  -  ResidentSetSize of job (KB)
...
006 (2492235.059.000) 11/08 21:34:44 Image size of job updated: 1046888
	539  -  MemoryUsage of job (MB)
	551068  -  ResidentSetSize of job (KB)
...
006 (2492235.059.000) 11/08 21:39:45 Image size of job updated: 1046888
	539  -  MemoryUsage of job (MB)
	551448  -  ResidentSetSize of job (KB)
...
006 (2492235.059.000) 11/08 21:44:46 Image size of job updated: 1046888
	539  -  MemoryUsage of job (MB)
	551536  -  ResidentSetSize of job (KB)
...
006 (2492235.059.000) 11/08 21:49:46 Image size of job updated: 1046888
	539  -  MemoryUsage of job (MB)
	551576  -  ResidentSetSize of job (KB)
...
006 (2492235.059.000) 11/08 21:54:47 Image size of job updated: 1046888
	539  -  MemoryUsage of job (MB)
	551592  -  ResidentSetSize of job (KB)
...
006 (2492235.059.000) 11/08 21:59:48 Image size of job updated: 1046888
	539  -  MemoryUsage of job (MB)
	551788  -  ResidentSetSize of job (KB)
...
006 (2492235.059.000) 11/08 22:04:48 Image size of job updated: 1046888
	539  -  MemoryUsage of job (MB)
	551812  -  ResidentSetSize of job (KB)
...
006 (2492235.059.000) 11/08 22:09:48 Image size of job updated: 1046888
	539  -  MemoryUsage of job (MB)
	551872  -  ResidentSetSize of job (KB)
...
006 (2492235.059.000) 11/08 22:14:48 Image size of job updated: 1046888
	540  -  MemoryUsage of job (MB)
	551972  -  ResidentSetSize of job (KB)
...
006 (2492235.059.000) 11/08 22:19:48 Image size of job updated: 1046888
	540  -  MemoryUsage of job (MB)
	551988  -  ResidentSetSize of job (KB)
...
006 (2492235.059.000) 11/08 22:24:49 Image size of job updated: 1046888
	540  -  MemoryUsage of job (MB)
	552032  -  ResidentSetSize of job (KB)
...
006 (2492235.059.000) 11/08 22:29:50 Image size of job updated: 1046888
	540  -  MemoryUsage of job (MB)
	552048  -  ResidentSetSize of job (KB)
...
005 (2492235.059.000) 11/08 22:32:41 Job terminated.
	(1) Normal termination (return value 0)
		Usr 0 00:13:34, Sys 0 00:00:53  -  Run Remote Usage
		Usr 0 00:00:00, Sys 0 00:00:00  -  Run Local Usage
		Usr 0 00:13:34, Sys 0 00:00:53  -  Total Remote Usage
		Usr 0 00:00:00, Sys 0 00:00:00  -  Total Local Usage
	0  -  Run Bytes Sent By Job
	0  -  Run Bytes Received By Job
	0  -  Total Bytes Sent By Job
	0  -  Total Bytes Received By Job
	Partitionable Resources :    Usage  Request Allocated
	   Cpus                 :                 1         1
	   Disk (KB)            :        1        1  28380912
	   Memory (MB)          :      540        1      4033
...
