000 (2492274.047.000) 11/08 21:21:59 Job submitted from host: <192.168.1.109:9714>
...
001 (2492274.047.000) 11/08 21:22:37 Job executing on host: <192.168.1.42:9515>
...
006 (2492274.047.000) 11/08 21:22:55 Image size of job updated: 97660
	3  -  MemoryUsage of job (MB)
	2536  -  ResidentSetSize of job (KB)
...
006 (2492274.047.000) 11/08 21:27:56 Image size of job updated: 1046892
	503  -  MemoryUsage of job (MB)
	514396  -  ResidentSetSize of job (KB)
...
006 (2492274.047.000) 11/08 21:32:56 Image size of job updated: 1046892
	504  -  MemoryUsage of job (MB)
	515592  -  ResidentSetSize of job (KB)
...
006 (2492274.047.000) 11/08 21:37:57 Image size of job updated: 1046892
	504  -  MemoryUsage of job (MB)
	515928  -  ResidentSetSize of job (KB)
...
006 (2492274.047.000) 11/08 21:42:58 Image size of job updated: 1046892
	505  -  MemoryUsage of job (MB)
	516316  -  ResidentSetSize of job (KB)
...
006 (2492274.047.000) 11/08 21:47:58 Image size of job updated: 1046892
	505  -  MemoryUsage of job (MB)
	516472  -  ResidentSetSize of job (KB)
...
006 (2492274.047.000) 11/08 21:52:59 Image size of job updated: 1046892
	505  -  MemoryUsage of job (MB)
	516516  -  ResidentSetSize of job (KB)
...
006 (2492274.047.000) 11/08 21:58:00 Image size of job updated: 1046892
	505  -  MemoryUsage of job (MB)
	516728  -  ResidentSetSize of job (KB)
...
006 (2492274.047.000) 11/08 22:03:00 Image size of job updated: 1046892
	505  -  MemoryUsage of job (MB)
	516800  -  ResidentSetSize of job (KB)
...
006 (2492274.047.000) 11/08 22:13:02 Image size of job updated: 1046892
	505  -  MemoryUsage of job (MB)
	516908  -  ResidentSetSize of job (KB)
...
006 (2492274.047.000) 11/08 22:18:02 Image size of job updated: 1046892
	604  -  MemoryUsage of job (MB)
	618368  -  ResidentSetSize of job (KB)
...
006 (2492274.047.000) 11/08 22:23:03 Image size of job updated: 1046892
	633  -  MemoryUsage of job (MB)
	647932  -  ResidentSetSize of job (KB)
...
006 (2492274.047.000) 11/08 22:28:04 Image size of job updated: 1046892
	633  -  MemoryUsage of job (MB)
	647948  -  ResidentSetSize of job (KB)
...
005 (2492274.047.000) 11/08 22:32:22 Job terminated.
	(1) Normal termination (return value 0)
		Usr 0 00:15:44, Sys 0 00:00:56  -  Run Remote Usage
		Usr 0 00:00:00, Sys 0 00:00:00  -  Run Local Usage
		Usr 0 00:15:44, Sys 0 00:00:56  -  Total Remote Usage
		Usr 0 00:00:00, Sys 0 00:00:00  -  Total Local Usage
	0  -  Run Bytes Sent By Job
	0  -  Run Bytes Received By Job
	0  -  Total Bytes Sent By Job
	0  -  Total Bytes Received By Job
	Partitionable Resources :    Usage  Request Allocated
	   Cpus                 :                 1         1
	   Disk (KB)            :        1        1   2370616
	   Memory (MB)          :      633        1      4035
...
