000 (2493183.059.000) 11/09 00:44:14 Job submitted from host: <192.168.1.109:9714>
...
001 (2493183.059.000) 11/09 00:44:23 Job executing on host: <192.168.1.66:9620>
...
006 (2493183.059.000) 11/09 00:44:32 Image size of job updated: 32840
	3  -  MemoryUsage of job (MB)
	2632  -  ResidentSetSize of job (KB)
...
006 (2493183.059.000) 11/09 00:49:32 Image size of job updated: 1055868
	497  -  MemoryUsage of job (MB)
	508156  -  ResidentSetSize of job (KB)
...
006 (2493183.059.000) 11/09 00:54:32 Image size of job updated: 1055868
	497  -  MemoryUsage of job (MB)
	508736  -  ResidentSetSize of job (KB)
...
006 (2493183.059.000) 11/09 00:59:33 Image size of job updated: 1055868
	497  -  MemoryUsage of job (MB)
	508860  -  ResidentSetSize of job (KB)
...
006 (2493183.059.000) 11/09 01:04:34 Image size of job updated: 1055868
	497  -  MemoryUsage of job (MB)
	508872  -  ResidentSetSize of job (KB)
...
006 (2493183.059.000) 11/09 01:09:34 Image size of job updated: 1055868
	615  -  MemoryUsage of job (MB)
	628740  -  ResidentSetSize of job (KB)
...
006 (2493183.059.000) 11/09 01:14:35 Image size of job updated: 1055868
	616  -  MemoryUsage of job (MB)
	630692  -  ResidentSetSize of job (KB)
...
006 (2493183.059.000) 11/09 01:19:36 Image size of job updated: 1055868
	616  -  MemoryUsage of job (MB)
	630736  -  ResidentSetSize of job (KB)
...
005 (2493183.059.000) 11/09 01:24:32 Job terminated.
	(1) Normal termination (return value 0)
		Usr 0 00:15:47, Sys 0 00:00:53  -  Run Remote Usage
		Usr 0 00:00:00, Sys 0 00:00:00  -  Run Local Usage
		Usr 0 00:15:47, Sys 0 00:00:53  -  Total Remote Usage
		Usr 0 00:00:00, Sys 0 00:00:00  -  Total Local Usage
	0  -  Run Bytes Sent By Job
	0  -  Run Bytes Received By Job
	0  -  Total Bytes Sent By Job
	0  -  Total Bytes Received By Job
	Partitionable Resources :    Usage  Request Allocated
	   Cpus                 :                 1         1
	   Disk (KB)            :        1        1  19561971
	   Memory (MB)          :      616        1      4033
...
