000 (2497151.047.000) 11/09 14:58:12 Job submitted from host: <192.168.1.109:9714>
...
001 (2497151.047.000) 11/09 14:58:18 Job executing on host: <192.168.1.42:9515>
...
006 (2497151.047.000) 11/09 14:58:27 Image size of job updated: 352028
	49  -  MemoryUsage of job (MB)
	49536  -  ResidentSetSize of job (KB)
...
006 (2497151.047.000) 11/09 14:58:51 Image size of job updated: 491004
	49  -  MemoryUsage of job (MB)
	49536  -  ResidentSetSize of job (KB)
...
005 (2497151.047.000) 11/09 14:58:51 Job terminated.
	(1) Normal termination (return value 0)
		Usr 0 00:00:10, Sys 0 00:00:01  -  Run Remote Usage
		Usr 0 00:00:00, Sys 0 00:00:00  -  Run Local Usage
		Usr 0 00:00:10, Sys 0 00:00:01  -  Total Remote Usage
		Usr 0 00:00:00, Sys 0 00:00:00  -  Total Local Usage
	0  -  Run Bytes Sent By Job
	0  -  Run Bytes Received By Job
	0  -  Total Bytes Sent By Job
	0  -  Total Bytes Received By Job
	Partitionable Resources :    Usage  Request Allocated
	   Cpus                 :                 1         1
	   Disk (KB)            :        1        1   2370885
	   Memory (MB)          :       49        1      4035
...
