000 (2506672.047.000) 11/17 00:35:27 Job submitted from host: <192.168.1.109:9714>
...
001 (2506672.047.000) 11/17 00:35:47 Job executing on host: <192.168.1.65:9393>
...
006 (2506672.047.000) 11/17 00:35:55 Image size of job updated: 402992
	78  -  MemoryUsage of job (MB)
	79036  -  ResidentSetSize of job (KB)
...
006 (2506672.047.000) 11/17 00:36:07 Image size of job updated: 475376
	78  -  MemoryUsage of job (MB)
	79036  -  ResidentSetSize of job (KB)
...
005 (2506672.047.000) 11/17 00:36:07 Job terminated.
	(1) Normal termination (return value 0)
		Usr 0 00:00:11, Sys 0 00:00:00  -  Run Remote Usage
		Usr 0 00:00:00, Sys 0 00:00:00  -  Run Local Usage
		Usr 0 00:00:11, Sys 0 00:00:00  -  Total Remote Usage
		Usr 0 00:00:00, Sys 0 00:00:00  -  Total Local Usage
	0  -  Run Bytes Sent By Job
	0  -  Run Bytes Received By Job
	0  -  Total Bytes Sent By Job
	0  -  Total Bytes Received By Job
	Partitionable Resources :    Usage  Request Allocated
	   Cpus                 :                 1         1
	   Disk (KB)            :        1        1  19563345
	   Memory (MB)          :       78        1      4033
...
