000 (2492274.024.000) 11/08 21:21:59 Job submitted from host: <192.168.1.109:9714>
...
001 (2492274.024.000) 11/08 21:22:22 Job executing on host: <192.168.1.66:9620>
...
006 (2492274.024.000) 11/08 21:22:31 Image size of job updated: 441444
	120  -  MemoryUsage of job (MB)
	122700  -  ResidentSetSize of job (KB)
...
006 (2492274.024.000) 11/08 21:27:31 Image size of job updated: 1075528
	454  -  MemoryUsage of job (MB)
	464872  -  ResidentSetSize of job (KB)
...
006 (2492274.024.000) 11/08 21:32:31 Image size of job updated: 1075528
	457  -  MemoryUsage of job (MB)
	467316  -  ResidentSetSize of job (KB)
...
006 (2492274.024.000) 11/08 21:37:31 Image size of job updated: 1075528
	457  -  MemoryUsage of job (MB)
	467380  -  ResidentSetSize of job (KB)
...
006 (2492274.024.000) 11/08 21:42:31 Image size of job updated: 1075528
	457  -  MemoryUsage of job (MB)
	467460  -  ResidentSetSize of job (KB)
...
005 (2492274.024.000) 11/08 21:45:48 Job terminated.
	(1) Normal termination (return value 0)
		Usr 0 00:08:56, Sys 0 00:00:21  -  Run Remote Usage
		Usr 0 00:00:00, Sys 0 00:00:00  -  Run Local Usage
		Usr 0 00:08:56, Sys 0 00:00:21  -  Total Remote Usage
		Usr 0 00:00:00, Sys 0 00:00:00  -  Total Local Usage
	0  -  Run Bytes Sent By Job
	0  -  Run Bytes Received By Job
	0  -  Total Bytes Sent By Job
	0  -  Total Bytes Received By Job
	Partitionable Resources :    Usage  Request Allocated
	   Cpus                 :                 1         1
	   Disk (KB)            :        1        1  19563448
	   Memory (MB)          :      457        1      4033
...
