000 (2492235.036.000) 11/08 21:19:19 Job submitted from host: <192.168.1.109:9714>
...
001 (2492235.036.000) 11/08 21:20:12 Job executing on host: <192.168.1.44:9507>
...
006 (2492235.036.000) 11/08 21:20:21 Image size of job updated: 97660
	3  -  MemoryUsage of job (MB)
	2560  -  ResidentSetSize of job (KB)
...
006 (2492235.036.000) 11/08 21:25:21 Image size of job updated: 1075532
	524  -  MemoryUsage of job (MB)
	535648  -  ResidentSetSize of job (KB)
...
006 (2492235.036.000) 11/08 21:30:21 Image size of job updated: 1075532
	525  -  MemoryUsage of job (MB)
	536700  -  ResidentSetSize of job (KB)
...
006 (2492235.036.000) 11/08 21:35:21 Image size of job updated: 1075532
	528  -  MemoryUsage of job (MB)
	540372  -  ResidentSetSize of job (KB)
...
006 (2492235.036.000) 11/08 21:40:22 Image size of job updated: 1075532
	530  -  MemoryUsage of job (MB)
	542160  -  ResidentSetSize of job (KB)
...
006 (2492235.036.000) 11/08 21:45:23 Image size of job updated: 1075532
	530  -  MemoryUsage of job (MB)
	542356  -  ResidentSetSize of job (KB)
...
006 (2492235.036.000) 11/08 22:00:25 Image size of job updated: 1075532
	530  -  MemoryUsage of job (MB)
	542400  -  ResidentSetSize of job (KB)
...
006 (2492235.036.000) 11/08 22:05:25 Image size of job updated: 1075532
	530  -  MemoryUsage of job (MB)
	542444  -  ResidentSetSize of job (KB)
...
006 (2492235.036.000) 11/08 22:10:26 Image size of job updated: 1075532
	530  -  MemoryUsage of job (MB)
	542472  -  ResidentSetSize of job (KB)
...
005 (2492235.036.000) 11/08 22:12:43 Job terminated.
	(1) Normal termination (return value 0)
		Usr 0 00:05:53, Sys 0 00:00:23  -  Run Remote Usage
		Usr 0 00:00:00, Sys 0 00:00:00  -  Run Local Usage
		Usr 0 00:05:53, Sys 0 00:00:23  -  Total Remote Usage
		Usr 0 00:00:00, Sys 0 00:00:00  -  Total Local Usage
	0  -  Run Bytes Sent By Job
	0  -  Run Bytes Received By Job
	0  -  Total Bytes Sent By Job
	0  -  Total Bytes Received By Job
	Partitionable Resources :    Usage  Request Allocated
	   Cpus                 :                 1         1
	   Disk (KB)            :        1        1   2369792
	   Memory (MB)          :      530        1      4035
...
