000 (2493183.036.000) 11/09 00:44:13 Job submitted from host: <192.168.1.109:9714>
...
001 (2493183.036.000) 11/09 00:44:22 Job executing on host: <192.168.1.64:9697>
...
006 (2493183.036.000) 11/09 00:44:31 Image size of job updated: 181432
	3  -  MemoryUsage of job (MB)
	2696  -  ResidentSetSize of job (KB)
...
006 (2493183.036.000) 11/09 00:49:31 Image size of job updated: 1067068
	505  -  MemoryUsage of job (MB)
	516124  -  ResidentSetSize of job (KB)
...
006 (2493183.036.000) 11/09 00:54:31 Image size of job updated: 1067068
	505  -  MemoryUsage of job (MB)
	516408  -  ResidentSetSize of job (KB)
...
006 (2493183.036.000) 11/09 00:59:32 Image size of job updated: 1067068
	505  -  MemoryUsage of job (MB)
	516440  -  ResidentSetSize of job (KB)
...
005 (2493183.036.000) 11/09 01:03:16 Job terminated.
	(1) Normal termination (return value 0)
		Usr 0 00:05:33, Sys 0 00:00:19  -  Run Remote Usage
		Usr 0 00:00:00, Sys 0 00:00:00  -  Run Local Usage
		Usr 0 00:05:33, Sys 0 00:00:19  -  Total Remote Usage
		Usr 0 00:00:00, Sys 0 00:00:00  -  Total Local Usage
	0  -  Run Bytes Sent By Job
	0  -  Run Bytes Received By Job
	0  -  Total Bytes Sent By Job
	0  -  Total Bytes Received By Job
	Partitionable Resources :    Usage  Request Allocated
	   Cpus                 :                 1         1
	   Disk (KB)            :        1        1  19564529
	   Memory (MB)          :      505        1      4033
...
