000 (2504803.024.000) 11/16 01:01:58 Job submitted from host: <192.168.1.109:9714>
...
001 (2504803.024.000) 11/16 01:02:21 Job executing on host: <192.168.1.46:9845>
...
006 (2504803.024.000) 11/16 01:02:29 Image size of job updated: 32840
	3  -  MemoryUsage of job (MB)
	2620  -  ResidentSetSize of job (KB)
...
006 (2504803.024.000) 11/16 01:02:37 Image size of job updated: 475972
	3  -  MemoryUsage of job (MB)
	2620  -  ResidentSetSize of job (KB)
...
005 (2504803.024.000) 11/16 01:02:37 Job terminated.
	(1) Normal termination (return value 0)
		Usr 0 00:00:06, Sys 0 00:00:00  -  Run Remote Usage
		Usr 0 00:00:00, Sys 0 00:00:00  -  Run Local Usage
		Usr 0 00:00:06, Sys 0 00:00:00  -  Total Remote Usage
		Usr 0 00:00:00, Sys 0 00:00:00  -  Total Local Usage
	0  -  Run Bytes Sent By Job
	0  -  Run Bytes Received By Job
	0  -  Total Bytes Sent By Job
	0  -  Total Bytes Received By Job
	Partitionable Resources :    Usage  Request Allocated
	   Cpus                 :                 1         1
	   Disk (KB)            :        1        1   2372032
	   Memory (MB)          :        3        1      4035
...
