000 (2491133.084.000) 11/08 19:40:19 Job submitted from host: <192.168.1.109:9714>
...
001 (2491133.084.000) 11/08 19:40:54 Job executing on host: <192.168.1.43:9998>
...
006 (2491133.084.000) 11/08 19:41:02 Image size of job updated: 342392
	60  -  MemoryUsage of job (MB)
	61224  -  ResidentSetSize of job (KB)
...
006 (2491133.084.000) 11/08 19:46:02 Image size of job updated: 1019008
	504  -  MemoryUsage of job (MB)
	515608  -  ResidentSetSize of job (KB)
...
006 (2491133.084.000) 11/08 19:51:03 Image size of job updated: 1019008
	505  -  MemoryUsage of job (MB)
	517036  -  ResidentSetSize of job (KB)
...
006 (2491133.084.000) 11/08 19:56:03 Image size of job updated: 1019008
	506  -  MemoryUsage of job (MB)
	517988  -  ResidentSetSize of job (KB)
...
006 (2491133.084.000) 11/08 19:58:06 Image size of job updated: 1191184
	506  -  MemoryUsage of job (MB)
	517988  -  ResidentSetSize of job (KB)
...
005 (2491133.084.000) 11/08 19:58:06 Job terminated.
	(1) Normal termination (return value 0)
		Usr 0 00:03:59, Sys 0 00:00:15  -  Run Remote Usage
		Usr 0 00:00:00, Sys 0 00:00:00  -  Run Local Usage
		Usr 0 00:03:59, Sys 0 00:00:15  -  Total Remote Usage
		Usr 0 00:00:00, Sys 0 00:00:00  -  Total Local Usage
	0  -  Run Bytes Sent By Job
	0  -  Run Bytes Received By Job
	0  -  Total Bytes Sent By Job
	0  -  Total Bytes Received By Job
	Partitionable Resources :    Usage  Request Allocated
	   Cpus                 :                 1         1
	   Disk (KB)            :        1        1   2370815
	   Memory (MB)          :      506        1      4035
...
