000 (2492274.049.000) 11/08 21:21:59 Job submitted from host: <192.168.1.109:9714>
...
001 (2492274.049.000) 11/08 21:22:38 Job executing on host: <192.168.1.42:9515>
...
006 (2492274.049.000) 11/08 21:22:55 Image size of job updated: 97664
	3  -  MemoryUsage of job (MB)
	2448  -  ResidentSetSize of job (KB)
...
006 (2492274.049.000) 11/08 21:27:56 Image size of job updated: 1066940
	515  -  MemoryUsage of job (MB)
	526976  -  ResidentSetSize of job (KB)
...
006 (2492274.049.000) 11/08 21:32:56 Image size of job updated: 1066940
	516  -  MemoryUsage of job (MB)
	528212  -  ResidentSetSize of job (KB)
...
006 (2492274.049.000) 11/08 21:37:57 Image size of job updated: 1066940
	516  -  MemoryUsage of job (MB)
	528324  -  ResidentSetSize of job (KB)
...
006 (2492274.049.000) 11/08 21:42:57 Image size of job updated: 1066940
	516  -  MemoryUsage of job (MB)
	528352  -  ResidentSetSize of job (KB)
...
006 (2492274.049.000) 11/08 21:47:57 Image size of job updated: 1066940
	517  -  MemoryUsage of job (MB)
	528428  -  ResidentSetSize of job (KB)
...
006 (2492274.049.000) 11/08 21:52:58 Image size of job updated: 1066940
	517  -  MemoryUsage of job (MB)
	528444  -  ResidentSetSize of job (KB)
...
006 (2492274.049.000) 11/08 21:57:58 Image size of job updated: 1066940
	517  -  MemoryUsage of job (MB)
	528448  -  ResidentSetSize of job (KB)
...
006 (2492274.049.000) 11/08 22:02:58 Image size of job updated: 1066940
	517  -  MemoryUsage of job (MB)
	528456  -  ResidentSetSize of job (KB)
...
006 (2492274.049.000) 11/08 22:07:59 Image size of job updated: 1066940
	615  -  MemoryUsage of job (MB)
	629560  -  ResidentSetSize of job (KB)
...
006 (2492274.049.000) 11/08 22:12:59 Image size of job updated: 1066940
	632  -  MemoryUsage of job (MB)
	646428  -  ResidentSetSize of job (KB)
...
006 (2492274.049.000) 11/08 22:18:00 Image size of job updated: 1066940
	632  -  MemoryUsage of job (MB)
	646668  -  ResidentSetSize of job (KB)
...
006 (2492274.049.000) 11/08 22:23:01 Image size of job updated: 1066940
	632  -  MemoryUsage of job (MB)
	646680  -  ResidentSetSize of job (KB)
...
006 (2492274.049.000) 11/08 22:28:01 Image size of job updated: 1066940
	632  -  MemoryUsage of job (MB)
	646696  -  ResidentSetSize of job (KB)
...
005 (2492274.049.000) 11/08 22:30:23 Job terminated.
	(1) Normal termination (return value 0)
		Usr 0 00:14:54, Sys 0 00:00:52  -  Run Remote Usage
		Usr 0 00:00:00, Sys 0 00:00:00  -  Run Local Usage
		Usr 0 00:14:54, Sys 0 00:00:52  -  Total Remote Usage
		Usr 0 00:00:00, Sys 0 00:00:00  -  Total Local Usage
	0  -  Run Bytes Sent By Job
	0  -  Run Bytes Received By Job
	0  -  Total Bytes Sent By Job
	0  -  Total Bytes Received By Job
	Partitionable Resources :    Usage  Request Allocated
	   Cpus                 :                 1         1
	   Disk (KB)            :        1        1   2370615
	   Memory (MB)          :      632        1      4035
...
