000 (2492234.081.000) 11/08 21:18:50 Job submitted from host: <192.168.1.109:9714>
...
001 (2492234.081.000) 11/08 21:19:51 Job executing on host: <192.168.1.51:9694>
...
006 (2492234.081.000) 11/08 21:20:01 Image size of job updated: 164124
	23  -  MemoryUsage of job (MB)
	23036  -  ResidentSetSize of job (KB)
...
006 (2492234.081.000) 11/08 21:25:02 Image size of job updated: 974068
	399  -  MemoryUsage of job (MB)
	408200  -  ResidentSetSize of job (KB)
...
006 (2492234.081.000) 11/08 21:30:02 Image size of job updated: 974068
	399  -  MemoryUsage of job (MB)
	408256  -  ResidentSetSize of job (KB)
...
006 (2492234.081.000) 11/08 21:35:02 Image size of job updated: 974068
	399  -  MemoryUsage of job (MB)
	408480  -  ResidentSetSize of job (KB)
...
006 (2492234.081.000) 11/08 21:40:03 Image size of job updated: 974068
	400  -  MemoryUsage of job (MB)
	408668  -  ResidentSetSize of job (KB)
...
006 (2492234.081.000) 11/08 21:45:03 Image size of job updated: 974068
	406  -  MemoryUsage of job (MB)
	414964  -  ResidentSetSize of job (KB)
...
006 (2492234.081.000) 11/08 21:50:03 Image size of job updated: 974068
	416  -  MemoryUsage of job (MB)
	425324  -  ResidentSetSize of job (KB)
...
006 (2492234.081.000) 11/08 21:55:04 Image size of job updated: 974068
	468  -  MemoryUsage of job (MB)
	478584  -  ResidentSetSize of job (KB)
...
005 (2492234.081.000) 11/08 22:04:45 Job terminated.
	(1) Normal termination (return value 0)
		Usr 0 00:06:25, Sys 0 00:00:28  -  Run Remote Usage
		Usr 0 00:00:00, Sys 0 00:00:00  -  Run Local Usage
		Usr 0 00:06:25, Sys 0 00:00:28  -  Total Remote Usage
		Usr 0 00:00:00, Sys 0 00:00:00  -  Total Local Usage
	0  -  Run Bytes Sent By Job
	0  -  Run Bytes Received By Job
	0  -  Total Bytes Sent By Job
	0  -  Total Bytes Received By Job
	Partitionable Resources :    Usage  Request Allocated
	   Cpus                 :                 1         1
	   Disk (KB)            :        1        1  28379035
	   Memory (MB)          :      468        1      4033
...
