000 (2504798.081.000) 11/15 23:52:38 Job submitted from host: <192.168.1.109:9714>
...
001 (2504798.081.000) 11/15 23:52:46 Job executing on host: <192.168.1.49:9578>
...
006 (2504798.081.000) 11/15 23:52:55 Image size of job updated: 457788
	145  -  MemoryUsage of job (MB)
	147608  -  ResidentSetSize of job (KB)
...
006 (2504798.081.000) 11/15 23:57:56 Image size of job updated: 954016
	473  -  MemoryUsage of job (MB)
	483808  -  ResidentSetSize of job (KB)
...
005 (2504798.081.000) 11/15 23:59:00 Job terminated.
	(1) Normal termination (return value 0)
		Usr 0 00:04:09, Sys 0 00:00:19  -  Run Remote Usage
		Usr 0 00:00:00, Sys 0 00:00:00  -  Run Local Usage
		Usr 0 00:04:09, Sys 0 00:00:19  -  Total Remote Usage
		Usr 0 00:00:00, Sys 0 00:00:00  -  Total Local Usage
	0  -  Run Bytes Sent By Job
	0  -  Run Bytes Received By Job
	0  -  Total Bytes Sent By Job
	0  -  Total Bytes Received By Job
	Partitionable Resources :    Usage  Request Allocated
	   Cpus                 :                 1         1
	   Disk (KB)            :        1        1  28379418
	   Memory (MB)          :      473        1      4033
...
