000 (2504797.081.000) 11/15 23:49:56 Job submitted from host: <192.168.1.109:9714>
...
001 (2504797.081.000) 11/15 23:50:17 Job executing on host: <192.168.1.67:9583>
...
006 (2504797.081.000) 11/15 23:50:25 Image size of job updated: 15608
	2  -  MemoryUsage of job (MB)
	1412  -  ResidentSetSize of job (KB)
...
006 (2504797.081.000) 11/15 23:52:24 Image size of job updated: 954008
	2  -  MemoryUsage of job (MB)
	1412  -  ResidentSetSize of job (KB)
...
004 (2504797.081.000) 11/15 23:52:24 Job was evicted.
	(0) Job was not checkpointed.
		Usr 0 00:01:27, Sys 0 00:00:06  -  Run Remote Usage
		Usr 0 00:00:00, Sys 0 00:00:00  -  Run Local Usage
	0  -  Run Bytes Sent By Job
	0  -  Run Bytes Received By Job
	Partitionable Resources :    Usage  Request Allocated
	   Cpus                 :                 1         1
	   Disk (KB)            :        1        1  19564362
	   Memory (MB)          :        2        1      4033
...
009 (2504797.081.000) 11/15 23:52:25 Job was aborted by the user.
	via condor_rm (by user mchristos)
...
