000 (2506670.081.000) 11/17 00:08:51 Job submitted from host: <192.168.1.109:9714>
...
001 (2506670.081.000) 11/17 00:09:02 Job executing on host: <192.168.1.68:9996>
...
006 (2506670.081.000) 11/17 00:09:11 Image size of job updated: 15608
	2  -  MemoryUsage of job (MB)
	1408  -  ResidentSetSize of job (KB)
...
006 (2506670.081.000) 11/17 00:14:12 Image size of job updated: 962444
	456  -  MemoryUsage of job (MB)
	466176  -  ResidentSetSize of job (KB)
...
006 (2506670.081.000) 11/17 00:19:12 Image size of job updated: 962444
	456  -  MemoryUsage of job (MB)
	466248  -  ResidentSetSize of job (KB)
...
005 (2506670.081.000) 11/17 00:21:39 Job terminated.
	(1) Normal termination (return value 0)
		Usr 0 00:08:27, Sys 0 00:00:46  -  Run Remote Usage
		Usr 0 00:00:00, Sys 0 00:00:00  -  Run Local Usage
		Usr 0 00:08:27, Sys 0 00:00:46  -  Total Remote Usage
		Usr 0 00:00:00, Sys 0 00:00:00  -  Total Local Usage
	0  -  Run Bytes Sent By Job
	0  -  Run Bytes Received By Job
	0  -  Total Bytes Sent By Job
	0  -  Total Bytes Received By Job
	Partitionable Resources :    Usage  Request Allocated
	   Cpus                 :                 1         1
	   Disk (KB)            :        1        1  20250709
	   Memory (MB)          :      456        1      4038
...
