000 (2485823.139.000) 11/07 23:48:31 Job submitted from host: <192.168.1.109:9714>
...
001 (2485823.139.000) 11/07 23:48:46 Job executing on host: <192.168.1.42:9515>
...
006 (2485823.139.000) 11/07 23:48:55 Image size of job updated: 97664
	3  -  MemoryUsage of job (MB)
	2664  -  ResidentSetSize of job (KB)
...
006 (2485823.139.000) 11/07 23:53:57 Image size of job updated: 923144
	457  -  MemoryUsage of job (MB)
	467324  -  ResidentSetSize of job (KB)
...
006 (2485823.139.000) 11/07 23:58:57 Image size of job updated: 923144
	457  -  MemoryUsage of job (MB)
	467632  -  ResidentSetSize of job (KB)
...
006 (2485823.139.000) 11/08 00:03:57 Image size of job updated: 923144
	457  -  MemoryUsage of job (MB)
	467720  -  ResidentSetSize of job (KB)
...
006 (2485823.139.000) 11/08 00:08:58 Image size of job updated: 923144
	457  -  MemoryUsage of job (MB)
	467724  -  ResidentSetSize of job (KB)
...
006 (2485823.139.000) 11/08 00:13:59 Image size of job updated: 923144
	457  -  MemoryUsage of job (MB)
	467740  -  ResidentSetSize of job (KB)
...
006 (2485823.139.000) 11/08 00:18:59 Image size of job updated: 923144
	457  -  MemoryUsage of job (MB)
	467744  -  ResidentSetSize of job (KB)
...
006 (2485823.139.000) 11/08 00:24:00 Image size of job updated: 923144
	457  -  MemoryUsage of job (MB)
	467760  -  ResidentSetSize of job (KB)
...
006 (2485823.139.000) 11/08 00:29:01 Image size of job updated: 923144
	457  -  MemoryUsage of job (MB)
	467792  -  ResidentSetSize of job (KB)
...
006 (2485823.139.000) 11/08 00:34:01 Image size of job updated: 923144
	457  -  MemoryUsage of job (MB)
	467832  -  ResidentSetSize of job (KB)
...
005 (2485823.139.000) 11/08 00:46:04 Job terminated.
	(1) Normal termination (return value 0)
		Usr 0 00:06:57, Sys 0 00:00:29  -  Run Remote Usage
		Usr 0 00:00:00, Sys 0 00:00:00  -  Run Local Usage
		Usr 0 00:06:57, Sys 0 00:00:29  -  Total Remote Usage
		Usr 0 00:00:00, Sys 0 00:00:00  -  Total Local Usage
	0  -  Run Bytes Sent By Job
	0  -  Run Bytes Received By Job
	0  -  Total Bytes Sent By Job
	0  -  Total Bytes Received By Job
	Partitionable Resources :    Usage  Request Allocated
	   Cpus                 :                 1         1
	   Disk (KB)            :        1        1   2365096
	   Memory (MB)          :      457        1      4035
...
