000 (2497410.139.000) 11/09 15:33:48 Job submitted from host: <192.168.1.109:9714>
...
001 (2497410.139.000) 11/09 15:34:16 Job executing on host: <192.168.1.44:9507>
...
006 (2497410.139.000) 11/09 15:34:24 Image size of job updated: 97664
	2  -  MemoryUsage of job (MB)
	1396  -  ResidentSetSize of job (KB)
...
006 (2497410.139.000) 11/09 15:39:24 Image size of job updated: 968696
	468  -  MemoryUsage of job (MB)
	478720  -  ResidentSetSize of job (KB)
...
006 (2497410.139.000) 11/09 15:44:25 Image size of job updated: 968696
	468  -  MemoryUsage of job (MB)
	478796  -  ResidentSetSize of job (KB)
...
006 (2497410.139.000) 11/09 15:49:26 Image size of job updated: 968696
	468  -  MemoryUsage of job (MB)
	478812  -  ResidentSetSize of job (KB)
...
006 (2497410.139.000) 11/09 15:54:26 Image size of job updated: 968696
	468  -  MemoryUsage of job (MB)
	478816  -  ResidentSetSize of job (KB)
...
006 (2497410.139.000) 11/09 15:59:27 Image size of job updated: 968696
	468  -  MemoryUsage of job (MB)
	478892  -  ResidentSetSize of job (KB)
...
006 (2497410.139.000) 11/09 16:04:28 Image size of job updated: 968696
	468  -  MemoryUsage of job (MB)
	478924  -  ResidentSetSize of job (KB)
...
006 (2497410.139.000) 11/09 16:09:28 Image size of job updated: 968696
	468  -  MemoryUsage of job (MB)
	478932  -  ResidentSetSize of job (KB)
...
006 (2497410.139.000) 11/09 16:14:28 Image size of job updated: 968696
	468  -  MemoryUsage of job (MB)
	478972  -  ResidentSetSize of job (KB)
...
006 (2497410.139.000) 11/09 16:19:29 Image size of job updated: 968696
	468  -  MemoryUsage of job (MB)
	479004  -  ResidentSetSize of job (KB)
...
006 (2497410.139.000) 11/09 16:24:29 Image size of job updated: 968696
	468  -  MemoryUsage of job (MB)
	479032  -  ResidentSetSize of job (KB)
...
005 (2497410.139.000) 11/09 16:29:09 Job terminated.
	(1) Normal termination (return value 0)
		Usr 0 00:06:52, Sys 0 00:00:24  -  Run Remote Usage
		Usr 0 00:00:00, Sys 0 00:00:00  -  Run Local Usage
		Usr 0 00:06:52, Sys 0 00:00:24  -  Total Remote Usage
		Usr 0 00:00:00, Sys 0 00:00:00  -  Total Local Usage
	0  -  Run Bytes Sent By Job
	0  -  Run Bytes Received By Job
	0  -  Total Bytes Sent By Job
	0  -  Total Bytes Received By Job
	Partitionable Resources :    Usage  Request Allocated
	   Cpus                 :                 1         1
	   Disk (KB)            :        1        1   2370549
	   Memory (MB)          :      468        1      4035
...
