000 (2491901.059.000) 11/08 20:40:15 Job submitted from host: <192.168.1.109:9714>
...
001 (2491901.059.000) 11/08 20:41:19 Job executing on host: <192.168.1.46:9845>
...
006 (2491901.059.000) 11/08 20:41:28 Image size of job updated: 97664
	3  -  MemoryUsage of job (MB)
	2668  -  ResidentSetSize of job (KB)
...
006 (2491901.059.000) 11/08 20:46:03 Image size of job updated: 2582044
	3  -  MemoryUsage of job (MB)
	2668  -  ResidentSetSize of job (KB)
...
005 (2491901.059.000) 11/08 20:46:03 Job terminated.
	(1) Normal termination (return value 1)
		Usr 0 00:00:56, Sys 0 00:00:03  -  Run Remote Usage
		Usr 0 00:00:00, Sys 0 00:00:00  -  Run Local Usage
		Usr 0 00:00:56, Sys 0 00:00:03  -  Total Remote Usage
		Usr 0 00:00:00, Sys 0 00:00:00  -  Total Local Usage
	0  -  Run Bytes Sent By Job
	0  -  Run Bytes Received By Job
	0  -  Total Bytes Sent By Job
	0  -  Total Bytes Received By Job
	Partitionable Resources :    Usage  Request Allocated
	   Cpus                 :                 1         1
	   Disk (KB)            :        1        1   2371915
	   Memory (MB)          :        3        1      4035
...
