000 (2511949.101.000) 11/17 23:24:51 Job submitted from host: <192.168.1.109:9714>
...
001 (2511949.101.000) 11/17 23:31:04 Job executing on host: <192.168.1.51:9694>
...
006 (2511949.101.000) 11/17 23:31:12 Image size of job updated: 1
	3  -  MemoryUsage of job (MB)
	2108  -  ResidentSetSize of job (KB)
...
006 (2511949.101.000) 11/17 23:36:12 Image size of job updated: 919124
	361  -  MemoryUsage of job (MB)
	368756  -  ResidentSetSize of job (KB)
...
006 (2511949.101.000) 11/17 23:41:12 Image size of job updated: 919124
	361  -  MemoryUsage of job (MB)
	369316  -  ResidentSetSize of job (KB)
...
006 (2511949.101.000) 11/17 23:46:13 Image size of job updated: 919124
	362  -  MemoryUsage of job (MB)
	370064  -  ResidentSetSize of job (KB)
...
006 (2511949.101.000) 11/17 23:51:13 Image size of job updated: 919124
	362  -  MemoryUsage of job (MB)
	370600  -  ResidentSetSize of job (KB)
...
006 (2511949.101.000) 11/17 23:56:13 Image size of job updated: 919124
	362  -  MemoryUsage of job (MB)
	370644  -  ResidentSetSize of job (KB)
...
006 (2511949.101.000) 11/18 00:01:14 Image size of job updated: 919124
	363  -  MemoryUsage of job (MB)
	371312  -  ResidentSetSize of job (KB)
...
006 (2511949.101.000) 11/18 00:06:14 Image size of job updated: 919124
	363  -  MemoryUsage of job (MB)
	371340  -  ResidentSetSize of job (KB)
...
006 (2511949.101.000) 11/18 00:11:14 Image size of job updated: 919124
	363  -  MemoryUsage of job (MB)
	371372  -  ResidentSetSize of job (KB)
...
006 (2511949.101.000) 11/18 00:21:16 Image size of job updated: 919124
	363  -  MemoryUsage of job (MB)
	371392  -  ResidentSetSize of job (KB)
...
006 (2511949.101.000) 11/18 00:26:16 Image size of job updated: 919124
	363  -  MemoryUsage of job (MB)
	371680  -  ResidentSetSize of job (KB)
...
006 (2511949.101.000) 11/18 00:31:17 Image size of job updated: 919124
	364  -  MemoryUsage of job (MB)
	371720  -  ResidentSetSize of job (KB)
...
006 (2511949.101.000) 11/18 00:36:18 Image size of job updated: 919124
	364  -  MemoryUsage of job (MB)
	371728  -  ResidentSetSize of job (KB)
...
006 (2511949.101.000) 11/18 00:41:18 Image size of job updated: 919124
	364  -  MemoryUsage of job (MB)
	371740  -  ResidentSetSize of job (KB)
...
005 (2511949.101.000) 11/18 00:41:21 Job terminated.
	(1) Normal termination (return value 0)
		Usr 0 01:00:15, Sys 0 00:04:57  -  Run Remote Usage
		Usr 0 00:00:00, Sys 0 00:00:00  -  Run Local Usage
		Usr 0 01:00:15, Sys 0 00:04:57  -  Total Remote Usage
		Usr 0 00:00:00, Sys 0 00:00:00  -  Total Local Usage
	0  -  Run Bytes Sent By Job
	0  -  Run Bytes Received By Job
	0  -  Total Bytes Sent By Job
	0  -  Total Bytes Received By Job
	Partitionable Resources :    Usage  Request Allocated
	   Cpus                 :                 1         1
	   Disk (KB)            :        1        1  28379608
	   Memory (MB)          :      364        1      4033
...
