000 (2524735.101.000) 11/21 01:52:18 Job submitted from host: <192.168.1.109:9714>
...
001 (2524735.101.000) 11/21 02:16:03 Job executing on host: <192.168.1.44:9507>
...
006 (2524735.101.000) 11/21 02:16:13 Image size of job updated: 97668
	3  -  MemoryUsage of job (MB)
	2616  -  ResidentSetSize of job (KB)
...
006 (2524735.101.000) 11/21 02:21:14 Image size of job updated: 918024
	359  -  MemoryUsage of job (MB)
	367544  -  ResidentSetSize of job (KB)
...
006 (2524735.101.000) 11/21 02:26:15 Image size of job updated: 918024
	360  -  MemoryUsage of job (MB)
	368564  -  ResidentSetSize of job (KB)
...
006 (2524735.101.000) 11/21 02:31:15 Image size of job updated: 918024
	361  -  MemoryUsage of job (MB)
	369364  -  ResidentSetSize of job (KB)
...
006 (2524735.101.000) 11/21 02:36:16 Image size of job updated: 918024
	362  -  MemoryUsage of job (MB)
	370008  -  ResidentSetSize of job (KB)
...
006 (2524735.101.000) 11/21 02:41:17 Image size of job updated: 918024
	486  -  MemoryUsage of job (MB)
	496740  -  ResidentSetSize of job (KB)
...
006 (2524735.101.000) 11/21 02:46:17 Image size of job updated: 918024
	491  -  MemoryUsage of job (MB)
	502040  -  ResidentSetSize of job (KB)
...
006 (2524735.101.000) 11/21 02:51:17 Image size of job updated: 918024
	491  -  MemoryUsage of job (MB)
	502064  -  ResidentSetSize of job (KB)
...
006 (2524735.101.000) 11/21 03:01:18 Image size of job updated: 918024
	491  -  MemoryUsage of job (MB)
	502092  -  ResidentSetSize of job (KB)
...
006 (2524735.101.000) 11/21 03:06:18 Image size of job updated: 918024
	491  -  MemoryUsage of job (MB)
	502392  -  ResidentSetSize of job (KB)
...
006 (2524735.101.000) 11/21 03:11:20 Image size of job updated: 918024
	491  -  MemoryUsage of job (MB)
	502424  -  ResidentSetSize of job (KB)
...
005 (2524735.101.000) 11/21 03:15:36 Job terminated.
	(1) Normal termination (return value 0)
		Usr 0 00:46:23, Sys 0 00:04:49  -  Run Remote Usage
		Usr 0 00:00:00, Sys 0 00:00:00  -  Run Local Usage
		Usr 0 00:46:23, Sys 0 00:04:49  -  Total Remote Usage
		Usr 0 00:00:00, Sys 0 00:00:00  -  Total Local Usage
	0  -  Run Bytes Sent By Job
	0  -  Run Bytes Received By Job
	0  -  Total Bytes Sent By Job
	0  -  Total Bytes Received By Job
	Partitionable Resources :    Usage  Request Allocated
	   Cpus                 :                 1         1
	   Disk (KB)            :        1        1   2369954
	   Memory (MB)          :      491        1      4035
...
