000 (2511949.056.000) 11/17 23:24:50 Job submitted from host: <192.168.1.109:9714>
...
001 (2511949.056.000) 11/17 23:29:59 Job executing on host: <192.168.1.48:9634>
...
006 (2511949.056.000) 11/17 23:30:07 Image size of job updated: 32840
	3  -  MemoryUsage of job (MB)
	2632  -  ResidentSetSize of job (KB)
...
006 (2511949.056.000) 11/17 23:30:14 Image size of job updated: 457112
	3  -  MemoryUsage of job (MB)
	2632  -  ResidentSetSize of job (KB)
...
005 (2511949.056.000) 11/17 23:30:14 Job terminated.
	(1) Normal termination (return value 0)
		Usr 0 00:00:05, Sys 0 00:00:00  -  Run Remote Usage
		Usr 0 00:00:00, Sys 0 00:00:00  -  Run Local Usage
		Usr 0 00:00:05, Sys 0 00:00:00  -  Total Remote Usage
		Usr 0 00:00:00, Sys 0 00:00:00  -  Total Local Usage
	0  -  Run Bytes Sent By Job
	0  -  Run Bytes Received By Job
	0  -  Total Bytes Sent By Job
	0  -  Total Bytes Received By Job
	Partitionable Resources :    Usage  Request Allocated
	   Cpus                 :                 1         1
	   Disk (KB)            :        1        1  28379850
	   Memory (MB)          :        3        1      4033
...
