000 (2526456.056.000) 11/21 10:41:04 Job submitted from host: <192.168.1.109:9714>
...
001 (2526456.056.000) 11/21 10:41:31 Job executing on host: <192.168.1.51:9694>
...
006 (2526456.056.000) 11/21 10:41:39 Image size of job updated: 353148
	49  -  MemoryUsage of job (MB)
	49716  -  ResidentSetSize of job (KB)
...
006 (2526456.056.000) 11/21 10:42:04 Image size of job updated: 472172
	49  -  MemoryUsage of job (MB)
	49716  -  ResidentSetSize of job (KB)
...
005 (2526456.056.000) 11/21 10:42:04 Job terminated.
	(1) Normal termination (return value 0)
		Usr 0 00:00:07, Sys 0 00:00:00  -  Run Remote Usage
		Usr 0 00:00:00, Sys 0 00:00:00  -  Run Local Usage
		Usr 0 00:00:07, Sys 0 00:00:00  -  Total Remote Usage
		Usr 0 00:00:00, Sys 0 00:00:00  -  Total Local Usage
	0  -  Run Bytes Sent By Job
	0  -  Run Bytes Received By Job
	0  -  Total Bytes Sent By Job
	0  -  Total Bytes Received By Job
	Partitionable Resources :    Usage  Request Allocated
	   Cpus                 :                 1         1
	   Disk (KB)            :        1        1  28380408
	   Memory (MB)          :       49        1      4033
...
