000 (2504797.059.000) 11/15 23:49:56 Job submitted from host: <192.168.1.109:9714>
...
001 (2504797.059.000) 11/15 23:50:15 Job executing on host: <192.168.1.49:9578>
...
006 (2504797.059.000) 11/15 23:50:24 Image size of job updated: 15608
	2  -  MemoryUsage of job (MB)
	1412  -  ResidentSetSize of job (KB)
...
006 (2504797.059.000) 11/15 23:50:32 Image size of job updated: 456996
	2  -  MemoryUsage of job (MB)
	1412  -  ResidentSetSize of job (KB)
...
005 (2504797.059.000) 11/15 23:50:32 Job terminated.
	(1) Normal termination (return value 0)
		Usr 0 00:00:04, Sys 0 00:00:00  -  Run Remote Usage
		Usr 0 00:00:00, Sys 0 00:00:00  -  Run Local Usage
		Usr 0 00:00:04, Sys 0 00:00:00  -  Total Remote Usage
		Usr 0 00:00:00, Sys 0 00:00:00  -  Total Local Usage
	0  -  Run Bytes Sent By Job
	0  -  Run Bytes Received By Job
	0  -  Total Bytes Sent By Job
	0  -  Total Bytes Received By Job
	Partitionable Resources :    Usage  Request Allocated
	   Cpus                 :                 1         1
	   Disk (KB)            :        1        1  28379430
	   Memory (MB)          :        2        1      4033
...
