000 (2506670.059.000) 11/17 00:08:51 Job submitted from host: <192.168.1.109:9714>
...
001 (2506670.059.000) 11/17 00:09:01 Job executing on host: <192.168.1.48:9634>
...
006 (2506670.059.000) 11/17 00:09:10 Image size of job updated: 15608
	2  -  MemoryUsage of job (MB)
	1404  -  ResidentSetSize of job (KB)
...
006 (2506670.059.000) 11/17 00:09:30 Image size of job updated: 339492
	2  -  MemoryUsage of job (MB)
	1404  -  ResidentSetSize of job (KB)
...
005 (2506670.059.000) 11/17 00:09:30 Job terminated.
	(1) Normal termination (return value 0)
		Usr 0 00:00:00, Sys 0 00:00:00  -  Run Remote Usage
		Usr 0 00:00:00, Sys 0 00:00:00  -  Run Local Usage
		Usr 0 00:00:00, Sys 0 00:00:00  -  Total Remote Usage
		Usr 0 00:00:00, Sys 0 00:00:00  -  Total Local Usage
	0  -  Run Bytes Sent By Job
	0  -  Run Bytes Received By Job
	0  -  Total Bytes Sent By Job
	0  -  Total Bytes Received By Job
	Partitionable Resources :    Usage  Request Allocated
	   Cpus                 :                 1         1
	   Disk (KB)            :        1        1  28380785
	   Memory (MB)          :        2        1      4033
...
