000 (2485823.108.000) 11/07 23:48:30 Job submitted from host: <192.168.1.109:9714>
...
001 (2485823.108.000) 11/07 23:48:43 Job executing on host: <192.168.1.58:9618?addrs=192.168.1.58-9618+[--1]-9618&noUDP&sock=2203_f7a2_3>
...
006 (2485823.108.000) 11/07 23:48:52 Image size of job updated: 15608
	2  -  MemoryUsage of job (MB)
	1352  -  ResidentSetSize of job (KB)
...
006 (2485823.108.000) 11/07 23:53:53 Image size of job updated: 1004288
	500  -  MemoryUsage of job (MB)
	511796  -  ResidentSetSize of job (KB)
...
006 (2485823.108.000) 11/07 23:58:53 Image size of job updated: 1004288
	503  -  MemoryUsage of job (MB)
	514140  -  ResidentSetSize of job (KB)
...
006 (2485823.108.000) 11/08 00:03:53 Image size of job updated: 1004288
	503  -  MemoryUsage of job (MB)
	514376  -  ResidentSetSize of job (KB)
...
006 (2485823.108.000) 11/08 00:08:54 Image size of job updated: 1004288
	503  -  MemoryUsage of job (MB)
	514612  -  ResidentSetSize of job (KB)
...
006 (2485823.108.000) 11/08 00:13:55 Image size of job updated: 1004288
	504  -  MemoryUsage of job (MB)
	515200  -  ResidentSetSize of job (KB)
...
006 (2485823.108.000) 11/08 00:18:55 Image size of job updated: 1004288
	504  -  MemoryUsage of job (MB)
	515476  -  ResidentSetSize of job (KB)
...
006 (2485823.108.000) 11/08 00:23:55 Image size of job updated: 1004288
	504  -  MemoryUsage of job (MB)
	515936  -  ResidentSetSize of job (KB)
...
006 (2485823.108.000) 11/08 00:28:57 Image size of job updated: 1004288
	505  -  MemoryUsage of job (MB)
	516240  -  ResidentSetSize of job (KB)
...
005 (2485823.108.000) 11/08 00:30:36 Job terminated.
	(1) Normal termination (return value 0)
		Usr 0 00:11:22, Sys 0 00:00:44  -  Run Remote Usage
		Usr 0 00:00:00, Sys 0 00:00:00  -  Run Local Usage
		Usr 0 00:11:22, Sys 0 00:00:44  -  Total Remote Usage
		Usr 0 00:00:00, Sys 0 00:00:00  -  Total Local Usage
	0  -  Run Bytes Sent By Job
	0  -  Run Bytes Received By Job
	0  -  Total Bytes Sent By Job
	0  -  Total Bytes Received By Job
	Partitionable Resources :    Usage  Request Allocated
	   Cpus                 :                 1         1
	   Disk (KB)            :        1        1   1563588
	   Memory (MB)          :      505        1         1
...
