000 (2491133.108.000) 11/08 19:40:19 Job submitted from host: <192.168.1.109:9714>
...
001 (2491133.108.000) 11/08 19:40:55 Job executing on host: <192.168.1.46:9845>
...
006 (2491133.108.000) 11/08 19:41:03 Image size of job updated: 341556
	61  -  MemoryUsage of job (MB)
	61836  -  ResidentSetSize of job (KB)
...
006 (2491133.108.000) 11/08 19:46:03 Image size of job updated: 1004340
	489  -  MemoryUsage of job (MB)
	500036  -  ResidentSetSize of job (KB)
...
006 (2491133.108.000) 11/08 19:51:04 Image size of job updated: 1004340
	491  -  MemoryUsage of job (MB)
	502600  -  ResidentSetSize of job (KB)
...
006 (2491133.108.000) 11/08 20:01:04 Image size of job updated: 1163348
	682  -  MemoryUsage of job (MB)
	698028  -  ResidentSetSize of job (KB)
...
005 (2491133.108.000) 11/08 20:02:44 Job terminated.
	(1) Normal termination (return value 0)
		Usr 0 00:07:42, Sys 0 00:00:35  -  Run Remote Usage
		Usr 0 00:00:00, Sys 0 00:00:00  -  Run Local Usage
		Usr 0 00:07:42, Sys 0 00:00:35  -  Total Remote Usage
		Usr 0 00:00:00, Sys 0 00:00:00  -  Total Local Usage
	0  -  Run Bytes Sent By Job
	0  -  Run Bytes Received By Job
	0  -  Total Bytes Sent By Job
	0  -  Total Bytes Received By Job
	Partitionable Resources :    Usage  Request Allocated
	   Cpus                 :                 1         1
	   Disk (KB)            :        1        1   2371641
	   Memory (MB)          :      682        1      4035
...
