000 (2497410.108.000) 11/09 15:33:47 Job submitted from host: <192.168.1.109:9714>
...
001 (2497410.108.000) 11/09 15:34:13 Job executing on host: <192.168.1.44:9507>
...
006 (2497410.108.000) 11/09 15:34:21 Image size of job updated: 202980
	25  -  MemoryUsage of job (MB)
	24872  -  ResidentSetSize of job (KB)
...
006 (2497410.108.000) 11/09 15:39:21 Image size of job updated: 1043252
	491  -  MemoryUsage of job (MB)
	502340  -  ResidentSetSize of job (KB)
...
006 (2497410.108.000) 11/09 15:44:22 Image size of job updated: 1043252
	496  -  MemoryUsage of job (MB)
	507524  -  ResidentSetSize of job (KB)
...
006 (2497410.108.000) 11/09 15:49:22 Image size of job updated: 1043252
	496  -  MemoryUsage of job (MB)
	507860  -  ResidentSetSize of job (KB)
...
006 (2497410.108.000) 11/09 15:54:22 Image size of job updated: 1043252
	497  -  MemoryUsage of job (MB)
	507936  -  ResidentSetSize of job (KB)
...
006 (2497410.108.000) 11/09 15:59:24 Image size of job updated: 1043252
	497  -  MemoryUsage of job (MB)
	507972  -  ResidentSetSize of job (KB)
...
006 (2497410.108.000) 11/09 16:04:24 Image size of job updated: 1043252
	497  -  MemoryUsage of job (MB)
	508000  -  ResidentSetSize of job (KB)
...
006 (2497410.108.000) 11/09 16:09:24 Image size of job updated: 1043252
	497  -  MemoryUsage of job (MB)
	508028  -  ResidentSetSize of job (KB)
...
006 (2497410.108.000) 11/09 16:14:25 Image size of job updated: 1043252
	497  -  MemoryUsage of job (MB)
	508056  -  ResidentSetSize of job (KB)
...
006 (2497410.108.000) 11/09 16:19:26 Image size of job updated: 1043252
	621  -  MemoryUsage of job (MB)
	635580  -  ResidentSetSize of job (KB)
...
006 (2497410.108.000) 11/09 16:24:26 Image size of job updated: 1043252
	621  -  MemoryUsage of job (MB)
	635588  -  ResidentSetSize of job (KB)
...
005 (2497410.108.000) 11/09 16:27:31 Job terminated.
	(1) Normal termination (return value 0)
		Usr 0 00:07:44, Sys 0 00:00:29  -  Run Remote Usage
		Usr 0 00:00:00, Sys 0 00:00:00  -  Run Local Usage
		Usr 0 00:07:44, Sys 0 00:00:29  -  Total Remote Usage
		Usr 0 00:00:00, Sys 0 00:00:00  -  Total Local Usage
	0  -  Run Bytes Sent By Job
	0  -  Run Bytes Received By Job
	0  -  Total Bytes Sent By Job
	0  -  Total Bytes Received By Job
	Partitionable Resources :    Usage  Request Allocated
	   Cpus                 :                 1         1
	   Disk (KB)            :        1        1   2370549
	   Memory (MB)          :      621        1      4035
...
