000 (2492235.017.000) 11/08 21:19:19 Job submitted from host: <192.168.1.109:9714>
...
001 (2492235.017.000) 11/08 21:20:09 Job executing on host: <192.168.1.44:9507>
...
006 (2492235.017.000) 11/08 21:20:21 Image size of job updated: 97664
	3  -  MemoryUsage of job (MB)
	2696  -  ResidentSetSize of job (KB)
...
006 (2492235.017.000) 11/08 21:25:22 Image size of job updated: 1048344
	502  -  MemoryUsage of job (MB)
	513380  -  ResidentSetSize of job (KB)
...
006 (2492235.017.000) 11/08 21:30:22 Image size of job updated: 1048344
	503  -  MemoryUsage of job (MB)
	514172  -  ResidentSetSize of job (KB)
...
006 (2492235.017.000) 11/08 21:35:22 Image size of job updated: 1048344
	507  -  MemoryUsage of job (MB)
	518224  -  ResidentSetSize of job (KB)
...
006 (2492235.017.000) 11/08 21:40:22 Image size of job updated: 1048344
	507  -  MemoryUsage of job (MB)
	518572  -  ResidentSetSize of job (KB)
...
006 (2492235.017.000) 11/08 21:45:24 Image size of job updated: 1048344
	507  -  MemoryUsage of job (MB)
	518624  -  ResidentSetSize of job (KB)
...
006 (2492235.017.000) 11/08 21:50:24 Image size of job updated: 1048344
	507  -  MemoryUsage of job (MB)
	518868  -  ResidentSetSize of job (KB)
...
006 (2492235.017.000) 11/08 21:55:24 Image size of job updated: 1048344
	507  -  MemoryUsage of job (MB)
	518872  -  ResidentSetSize of job (KB)
...
006 (2492235.017.000) 11/08 22:00:26 Image size of job updated: 1048344
	507  -  MemoryUsage of job (MB)
	518892  -  ResidentSetSize of job (KB)
...
006 (2492235.017.000) 11/08 22:05:26 Image size of job updated: 1048344
	507  -  MemoryUsage of job (MB)
	518908  -  ResidentSetSize of job (KB)
...
006 (2492235.017.000) 11/08 22:10:27 Image size of job updated: 1048344
	507  -  MemoryUsage of job (MB)
	518932  -  ResidentSetSize of job (KB)
...
006 (2492235.017.000) 11/08 22:15:28 Image size of job updated: 1048344
	507  -  MemoryUsage of job (MB)
	519028  -  ResidentSetSize of job (KB)
...
005 (2492235.017.000) 11/08 22:19:55 Job terminated.
	(1) Normal termination (return value 0)
		Usr 0 00:06:58, Sys 0 00:00:28  -  Run Remote Usage
		Usr 0 00:00:00, Sys 0 00:00:00  -  Run Local Usage
		Usr 0 00:06:58, Sys 0 00:00:28  -  Total Remote Usage
		Usr 0 00:00:00, Sys 0 00:00:00  -  Total Local Usage
	0  -  Run Bytes Sent By Job
	0  -  Run Bytes Received By Job
	0  -  Total Bytes Sent By Job
	0  -  Total Bytes Received By Job
	Partitionable Resources :    Usage  Request Allocated
	   Cpus                 :                 1         1
	   Disk (KB)            :        1        1   2369792
	   Memory (MB)          :      507        1      4035
...
