000 (2493183.017.000) 11/09 00:44:13 Job submitted from host: <192.168.1.109:9714>
...
001 (2493183.017.000) 11/09 00:44:21 Job executing on host: <192.168.1.47:9634>
...
006 (2493183.017.000) 11/09 00:44:30 Image size of job updated: 320128
	32  -  MemoryUsage of job (MB)
	32000  -  ResidentSetSize of job (KB)
...
006 (2493183.017.000) 11/09 00:49:31 Image size of job updated: 1041068
	459  -  MemoryUsage of job (MB)
	469920  -  ResidentSetSize of job (KB)
...
006 (2493183.017.000) 11/09 00:54:31 Image size of job updated: 1041068
	460  -  MemoryUsage of job (MB)
	470704  -  ResidentSetSize of job (KB)
...
006 (2493183.017.000) 11/09 00:59:31 Image size of job updated: 1041068
	460  -  MemoryUsage of job (MB)
	470732  -  ResidentSetSize of job (KB)
...
006 (2493183.017.000) 11/09 01:04:32 Image size of job updated: 1041068
	577  -  MemoryUsage of job (MB)
	590452  -  ResidentSetSize of job (KB)
...
005 (2493183.017.000) 11/09 01:08:37 Job terminated.
	(1) Normal termination (return value 0)
		Usr 0 00:03:38, Sys 0 00:00:18  -  Run Remote Usage
		Usr 0 00:00:00, Sys 0 00:00:00  -  Run Local Usage
		Usr 0 00:03:38, Sys 0 00:00:18  -  Total Remote Usage
		Usr 0 00:00:00, Sys 0 00:00:00  -  Total Local Usage
	0  -  Run Bytes Sent By Job
	0  -  Run Bytes Received By Job
	0  -  Total Bytes Sent By Job
	0  -  Total Bytes Received By Job
	Partitionable Resources :    Usage  Request Allocated
	   Cpus                 :                 1         1
	   Disk (KB)            :        1        1  28380820
	   Memory (MB)          :      577        1      4033
...
