000 (2504802.017.000) 11/16 00:58:49 Job submitted from host: <192.168.1.109:9714>
...
001 (2504802.017.000) 11/16 00:59:09 Job executing on host: <192.168.1.50:9434>
...
006 (2504802.017.000) 11/16 00:59:18 Image size of job updated: 180852
	31  -  MemoryUsage of job (MB)
	31400  -  ResidentSetSize of job (KB)
...
006 (2504802.017.000) 11/16 00:59:39 Image size of job updated: 476312
	31  -  MemoryUsage of job (MB)
	31400  -  ResidentSetSize of job (KB)
...
005 (2504802.017.000) 11/16 00:59:40 Job terminated.
	(1) Normal termination (return value 0)
		Usr 0 00:00:06, Sys 0 00:00:01  -  Run Remote Usage
		Usr 0 00:00:00, Sys 0 00:00:00  -  Run Local Usage
		Usr 0 00:00:06, Sys 0 00:00:01  -  Total Remote Usage
		Usr 0 00:00:00, Sys 0 00:00:00  -  Total Local Usage
	0  -  Run Bytes Sent By Job
	0  -  Run Bytes Received By Job
	0  -  Total Bytes Sent By Job
	0  -  Total Bytes Received By Job
	Partitionable Resources :    Usage  Request Allocated
	   Cpus                 :                 1         1
	   Disk (KB)            :        1        1  28379634
	   Memory (MB)          :       31        1      4033
...
