000 (2506672.005.000) 11/17 00:35:26 Job submitted from host: <192.168.1.109:9714>
...
001 (2506672.005.000) 11/17 00:35:44 Job executing on host: <192.168.1.43:9998>
...
006 (2506672.005.000) 11/17 00:35:53 Image size of job updated: 456824
	124  -  MemoryUsage of job (MB)
	126752  -  ResidentSetSize of job (KB)
...
005 (2506672.005.000) 11/17 00:35:55 Job terminated.
	(1) Normal termination (return value 0)
		Usr 0 00:00:04, Sys 0 00:00:00  -  Run Remote Usage
		Usr 0 00:00:00, Sys 0 00:00:00  -  Run Local Usage
		Usr 0 00:00:04, Sys 0 00:00:00  -  Total Remote Usage
		Usr 0 00:00:00, Sys 0 00:00:00  -  Total Local Usage
	0  -  Run Bytes Sent By Job
	0  -  Run Bytes Received By Job
	0  -  Total Bytes Sent By Job
	0  -  Total Bytes Received By Job
	Partitionable Resources :    Usage  Request Allocated
	   Cpus                 :                 1         1
	   Disk (KB)            :        1        1   2370956
	   Memory (MB)          :      124        1      4035
...
