000 (2485823.144.000) 11/07 23:48:31 Job submitted from host: <192.168.1.109:9714>
...
001 (2485823.144.000) 11/07 23:48:45 Job executing on host: <192.168.1.51:9694>
...
006 (2485823.144.000) 11/07 23:48:53 Image size of job updated: 360204
	60  -  MemoryUsage of job (MB)
	61096  -  ResidentSetSize of job (KB)
...
006 (2485823.144.000) 11/07 23:53:53 Image size of job updated: 951352
	469  -  MemoryUsage of job (MB)
	479584  -  ResidentSetSize of job (KB)
...
006 (2485823.144.000) 11/07 23:58:54 Image size of job updated: 951352
	471  -  MemoryUsage of job (MB)
	481660  -  ResidentSetSize of job (KB)
...
006 (2485823.144.000) 11/08 00:03:55 Image size of job updated: 951352
	471  -  MemoryUsage of job (MB)
	481740  -  ResidentSetSize of job (KB)
...
006 (2485823.144.000) 11/08 00:08:55 Image size of job updated: 951352
	471  -  MemoryUsage of job (MB)
	481764  -  ResidentSetSize of job (KB)
...
006 (2485823.144.000) 11/08 00:13:56 Image size of job updated: 951352
	471  -  MemoryUsage of job (MB)
	482032  -  ResidentSetSize of job (KB)
...
006 (2485823.144.000) 11/08 00:18:57 Image size of job updated: 951352
	471  -  MemoryUsage of job (MB)
	482076  -  ResidentSetSize of job (KB)
...
006 (2485823.144.000) 11/08 00:23:57 Image size of job updated: 951352
	471  -  MemoryUsage of job (MB)
	482080  -  ResidentSetSize of job (KB)
...
006 (2485823.144.000) 11/08 00:28:57 Image size of job updated: 951352
	471  -  MemoryUsage of job (MB)
	482160  -  ResidentSetSize of job (KB)
...
006 (2485823.144.000) 11/08 00:33:58 Image size of job updated: 951352
	471  -  MemoryUsage of job (MB)
	482224  -  ResidentSetSize of job (KB)
...
006 (2485823.144.000) 11/08 00:38:58 Image size of job updated: 951352
	471  -  MemoryUsage of job (MB)
	482232  -  ResidentSetSize of job (KB)
...
006 (2485823.144.000) 11/08 00:43:58 Image size of job updated: 951352
	471  -  MemoryUsage of job (MB)
	482256  -  ResidentSetSize of job (KB)
...
006 (2485823.144.000) 11/08 00:48:59 Image size of job updated: 951352
	472  -  MemoryUsage of job (MB)
	482468  -  ResidentSetSize of job (KB)
...
006 (2485823.144.000) 11/08 00:58:59 Image size of job updated: 951352
	472  -  MemoryUsage of job (MB)
	483016  -  ResidentSetSize of job (KB)
...
006 (2485823.144.000) 11/08 01:04:00 Image size of job updated: 951352
	472  -  MemoryUsage of job (MB)
	483032  -  ResidentSetSize of job (KB)
...
006 (2485823.144.000) 11/08 01:14:01 Image size of job updated: 951352
	472  -  MemoryUsage of job (MB)
	483052  -  ResidentSetSize of job (KB)
...
006 (2485823.144.000) 11/08 01:19:02 Image size of job updated: 951352
	549  -  MemoryUsage of job (MB)
	562108  -  ResidentSetSize of job (KB)
...
006 (2485823.144.000) 11/08 01:24:03 Image size of job updated: 951352
	571  -  MemoryUsage of job (MB)
	583984  -  ResidentSetSize of job (KB)
...
006 (2485823.144.000) 11/08 01:39:05 Image size of job updated: 951352
	571  -  MemoryUsage of job (MB)
	583992  -  ResidentSetSize of job (KB)
...
006 (2485823.144.000) 11/08 01:44:05 Image size of job updated: 951352
	571  -  MemoryUsage of job (MB)
	584004  -  ResidentSetSize of job (KB)
...
006 (2485823.144.000) 11/08 01:54:06 Image size of job updated: 951352
	571  -  MemoryUsage of job (MB)
	584008  -  ResidentSetSize of job (KB)
...
006 (2485823.144.000) 11/08 01:59:06 Image size of job updated: 951352
	571  -  MemoryUsage of job (MB)
	584288  -  ResidentSetSize of job (KB)
...
005 (2485823.144.000) 11/08 02:03:06 Job terminated.
	(1) Normal termination (return value 0)
		Usr 0 00:26:10, Sys 0 00:01:44  -  Run Remote Usage
		Usr 0 00:00:00, Sys 0 00:00:00  -  Run Local Usage
		Usr 0 00:26:10, Sys 0 00:01:44  -  Total Remote Usage
		Usr 0 00:00:00, Sys 0 00:00:00  -  Total Local Usage
	0  -  Run Bytes Sent By Job
	0  -  Run Bytes Received By Job
	0  -  Total Bytes Sent By Job
	0  -  Total Bytes Received By Job
	Partitionable Resources :    Usage  Request Allocated
	   Cpus                 :                 1         1
	   Disk (KB)            :        1        1  28372504
	   Memory (MB)          :      571        1      4033
...
