000 (2491851.144.000) 11/08 20:36:48 Job submitted from host: <192.168.1.109:9714>
...
001 (2491851.144.000) 11/08 20:37:20 Job executing on host: <192.168.1.45:9392>
...
006 (2491851.144.000) 11/08 20:37:29 Image size of job updated: 465188
	153  -  MemoryUsage of job (MB)
	155792  -  ResidentSetSize of job (KB)
...
006 (2491851.144.000) 11/08 20:42:30 Image size of job updated: 951356
	472  -  MemoryUsage of job (MB)
	482964  -  ResidentSetSize of job (KB)
...
006 (2491851.144.000) 11/08 21:27:34 Image size of job updated: 951356
	494  -  MemoryUsage of job (MB)
	505040  -  ResidentSetSize of job (KB)
...
006 (2491851.144.000) 11/08 21:32:34 Image size of job updated: 951356
	494  -  MemoryUsage of job (MB)
	505048  -  ResidentSetSize of job (KB)
...
006 (2491851.144.000) 11/08 21:37:35 Image size of job updated: 951356
	494  -  MemoryUsage of job (MB)
	505060  -  ResidentSetSize of job (KB)
...
006 (2491851.144.000) 11/08 21:52:38 Image size of job updated: 951356
	494  -  MemoryUsage of job (MB)
	505064  -  ResidentSetSize of job (KB)
...
006 (2491851.144.000) 11/08 22:02:38 Image size of job updated: 951356
	494  -  MemoryUsage of job (MB)
	505068  -  ResidentSetSize of job (KB)
...
006 (2491851.144.000) 11/08 22:07:39 Image size of job updated: 951356
	494  -  MemoryUsage of job (MB)
	505080  -  ResidentSetSize of job (KB)
...
006 (2491851.144.000) 11/08 22:22:41 Image size of job updated: 951356
	494  -  MemoryUsage of job (MB)
	505088  -  ResidentSetSize of job (KB)
...
006 (2491851.144.000) 11/08 22:32:42 Image size of job updated: 951356
	494  -  MemoryUsage of job (MB)
	505356  -  ResidentSetSize of job (KB)
...
005 (2491851.144.000) 11/08 22:37:49 Job terminated.
	(1) Normal termination (return value 0)
		Usr 0 00:29:21, Sys 0 00:01:43  -  Run Remote Usage
		Usr 0 00:00:00, Sys 0 00:00:00  -  Run Local Usage
		Usr 0 00:29:21, Sys 0 00:01:43  -  Total Remote Usage
		Usr 0 00:00:00, Sys 0 00:00:00  -  Total Local Usage
	0  -  Run Bytes Sent By Job
	0  -  Run Bytes Received By Job
	0  -  Total Bytes Sent By Job
	0  -  Total Bytes Received By Job
	Partitionable Resources :    Usage  Request Allocated
	   Cpus                 :                 1         1
	   Disk (KB)            :        1        1   2370405
	   Memory (MB)          :      494        1      4035
...
