000 (2491133.144.000) 11/08 19:40:20 Job submitted from host: <192.168.1.109:9714>
...
001 (2491133.144.000) 11/08 19:40:57 Job executing on host: <192.168.1.67:9583>
...
006 (2491133.144.000) 11/08 19:41:05 Image size of job updated: 24456
	3  -  MemoryUsage of job (MB)
	2672  -  ResidentSetSize of job (KB)
...
006 (2491133.144.000) 11/08 19:46:05 Image size of job updated: 951332
	545  -  MemoryUsage of job (MB)
	557292  -  ResidentSetSize of job (KB)
...
006 (2491133.144.000) 11/08 19:51:07 Image size of job updated: 951332
	567  -  MemoryUsage of job (MB)
	579984  -  ResidentSetSize of job (KB)
...
006 (2491133.144.000) 11/08 19:56:07 Image size of job updated: 951332
	567  -  MemoryUsage of job (MB)
	580008  -  ResidentSetSize of job (KB)
...
006 (2491133.144.000) 11/08 20:01:07 Image size of job updated: 1089256
	733  -  MemoryUsage of job (MB)
	750056  -  ResidentSetSize of job (KB)
...
006 (2491133.144.000) 11/08 20:06:08 Image size of job updated: 1089256
	761  -  MemoryUsage of job (MB)
	778556  -  ResidentSetSize of job (KB)
...
006 (2491133.144.000) 11/08 20:11:08 Image size of job updated: 1089256
	761  -  MemoryUsage of job (MB)
	779124  -  ResidentSetSize of job (KB)
...
006 (2491133.144.000) 11/08 20:16:08 Image size of job updated: 1089256
	762  -  MemoryUsage of job (MB)
	779472  -  ResidentSetSize of job (KB)
...
006 (2491133.144.000) 11/08 20:21:10 Image size of job updated: 1089256
	762  -  MemoryUsage of job (MB)
	779828  -  ResidentSetSize of job (KB)
...
005 (2491133.144.000) 11/08 20:26:08 Job terminated.
	(1) Normal termination (return value 0)
		Usr 0 00:38:34, Sys 0 00:01:30  -  Run Remote Usage
		Usr 0 00:00:00, Sys 0 00:00:00  -  Run Local Usage
		Usr 0 00:38:34, Sys 0 00:01:30  -  Total Remote Usage
		Usr 0 00:00:00, Sys 0 00:00:00  -  Total Local Usage
	0  -  Run Bytes Sent By Job
	0  -  Run Bytes Received By Job
	0  -  Total Bytes Sent By Job
	0  -  Total Bytes Received By Job
	Partitionable Resources :    Usage  Request Allocated
	   Cpus                 :                 1         1
	   Disk (KB)            :        1        1  19563491
	   Memory (MB)          :      762        1      4033
...
