000 (2511949.118.000) 11/17 23:24:51 Job submitted from host: <192.168.1.109:9714>
...
001 (2511949.118.000) 11/17 23:31:25 Job executing on host: <192.168.1.63:9932>
...
006 (2511949.118.000) 11/17 23:31:34 Image size of job updated: 433668
	101  -  MemoryUsage of job (MB)
	103128  -  ResidentSetSize of job (KB)
...
005 (2511949.118.000) 11/17 23:31:40 Job terminated.
	(1) Normal termination (return value 0)
		Usr 0 00:00:02, Sys 0 00:00:00  -  Run Remote Usage
		Usr 0 00:00:00, Sys 0 00:00:00  -  Run Local Usage
		Usr 0 00:00:02, Sys 0 00:00:00  -  Total Remote Usage
		Usr 0 00:00:00, Sys 0 00:00:00  -  Total Local Usage
	0  -  Run Bytes Sent By Job
	0  -  Run Bytes Received By Job
	0  -  Total Bytes Sent By Job
	0  -  Total Bytes Received By Job
	Partitionable Resources :    Usage  Request Allocated
	   Cpus                 :                 1         1
	   Disk (KB)            :        1        1  19562601
	   Memory (MB)          :      101        1      4033
...
