000 (2492234.082.000) 11/08 21:18:50 Job submitted from host: <192.168.1.109:9714>
...
001 (2492234.082.000) 11/08 21:19:51 Job executing on host: <192.168.1.51:9694>
...
006 (2492234.082.000) 11/08 21:20:01 Image size of job updated: 164124
	23  -  MemoryUsage of job (MB)
	23088  -  ResidentSetSize of job (KB)
...
006 (2492234.082.000) 11/08 21:25:02 Image size of job updated: 973116
	396  -  MemoryUsage of job (MB)
	405152  -  ResidentSetSize of job (KB)
...
006 (2492234.082.000) 11/08 21:30:02 Image size of job updated: 973116
	397  -  MemoryUsage of job (MB)
	405608  -  ResidentSetSize of job (KB)
...
006 (2492234.082.000) 11/08 21:35:02 Image size of job updated: 973116
	397  -  MemoryUsage of job (MB)
	405644  -  ResidentSetSize of job (KB)
...
006 (2492234.082.000) 11/08 21:40:03 Image size of job updated: 973116
	397  -  MemoryUsage of job (MB)
	405844  -  ResidentSetSize of job (KB)
...
006 (2492234.082.000) 11/08 21:45:03 Image size of job updated: 973116
	397  -  MemoryUsage of job (MB)
	405884  -  ResidentSetSize of job (KB)
...
006 (2492234.082.000) 11/08 21:50:03 Image size of job updated: 973116
	397  -  MemoryUsage of job (MB)
	406016  -  ResidentSetSize of job (KB)
...
006 (2492234.082.000) 11/08 21:55:04 Image size of job updated: 973116
	397  -  MemoryUsage of job (MB)
	406040  -  ResidentSetSize of job (KB)
...
005 (2492234.082.000) 11/08 22:02:14 Job terminated.
	(1) Normal termination (return value 0)
		Usr 0 00:06:21, Sys 0 00:00:26  -  Run Remote Usage
		Usr 0 00:00:00, Sys 0 00:00:00  -  Run Local Usage
		Usr 0 00:06:21, Sys 0 00:00:26  -  Total Remote Usage
		Usr 0 00:00:00, Sys 0 00:00:00  -  Total Local Usage
	0  -  Run Bytes Sent By Job
	0  -  Run Bytes Received By Job
	0  -  Total Bytes Sent By Job
	0  -  Total Bytes Received By Job
	Partitionable Resources :    Usage  Request Allocated
	   Cpus                 :                 1         1
	   Disk (KB)            :        1        1  28379035
	   Memory (MB)          :      397        1      4033
...
