000 (2504798.082.000) 11/15 23:52:38 Job submitted from host: <192.168.1.109:9714>
...
001 (2504798.082.000) 11/15 23:52:46 Job executing on host: <192.168.1.62:9618?addrs=192.168.1.62-9618+[--1]-9618&noUDP&sock=2400_17ca_3>
...
006 (2504798.082.000) 11/15 23:52:55 Image size of job updated: 181760
	2  -  MemoryUsage of job (MB)
	1836  -  ResidentSetSize of job (KB)
...
006 (2504798.082.000) 11/15 23:57:56 Image size of job updated: 952868
	493  -  MemoryUsage of job (MB)
	503908  -  ResidentSetSize of job (KB)
...
006 (2504798.082.000) 11/16 00:02:56 Image size of job updated: 952868
	544  -  MemoryUsage of job (MB)
	556924  -  ResidentSetSize of job (KB)
...
005 (2504798.082.000) 11/16 00:06:05 Job terminated.
	(1) Normal termination (return value 0)
		Usr 0 00:07:45, Sys 0 00:01:00  -  Run Remote Usage
		Usr 0 00:00:00, Sys 0 00:00:00  -  Run Local Usage
		Usr 0 00:07:45, Sys 0 00:01:00  -  Total Remote Usage
		Usr 0 00:00:00, Sys 0 00:00:00  -  Total Local Usage
	0  -  Run Bytes Sent By Job
	0  -  Run Bytes Received By Job
	0  -  Total Bytes Sent By Job
	0  -  Total Bytes Received By Job
	Partitionable Resources :    Usage  Request Allocated
	   Cpus                 :                 1         1
	   Disk (KB)            :        1        1   1563256
	   Memory (MB)          :      544        1         1
...
