000 (2485819.045.000) 11/07 22:35:28 Job submitted from host: <192.168.1.109:9714>
...
001 (2485819.045.000) 11/07 22:35:37 Job executing on host: <192.168.1.60:9618?addrs=192.168.1.60-9618+[--1]-9618&noUDP&sock=2263_1f51_3>
...
006 (2485819.045.000) 11/07 22:35:46 Image size of job updated: 24388
	3  -  MemoryUsage of job (MB)
	2600  -  ResidentSetSize of job (KB)
...
006 (2485819.045.000) 11/07 22:40:47 Image size of job updated: 934688
	457  -  MemoryUsage of job (MB)
	467780  -  ResidentSetSize of job (KB)
...
006 (2485819.045.000) 11/07 22:45:28 Image size of job updated: 935180
	457  -  MemoryUsage of job (MB)
	467780  -  ResidentSetSize of job (KB)
...
005 (2485819.045.000) 11/07 22:45:28 Job terminated.
	(1) Normal termination (return value 0)
		Usr 0 00:08:52, Sys 0 00:00:29  -  Run Remote Usage
		Usr 0 00:00:00, Sys 0 00:00:00  -  Run Local Usage
		Usr 0 00:08:52, Sys 0 00:00:29  -  Total Remote Usage
		Usr 0 00:00:00, Sys 0 00:00:00  -  Total Local Usage
	0  -  Run Bytes Sent By Job
	0  -  Run Bytes Received By Job
	0  -  Total Bytes Sent By Job
	0  -  Total Bytes Received By Job
	Partitionable Resources :    Usage  Request Allocated
	   Cpus                 :                 1         1
	   Disk (KB)            :        1        1   1563310
	   Memory (MB)          :      457        1         1
...
