000 (2485823.129.000) 11/07 23:48:31 Job submitted from host: <192.168.1.109:9714>
...
001 (2485823.129.000) 11/07 23:48:44 Job executing on host: <192.168.1.51:9694>
...
006 (2485823.129.000) 11/07 23:48:52 Image size of job updated: 360788
	70  -  MemoryUsage of job (MB)
	71284  -  ResidentSetSize of job (KB)
...
006 (2485823.129.000) 11/07 23:53:52 Image size of job updated: 904684
	246  -  MemoryUsage of job (MB)
	251356  -  ResidentSetSize of job (KB)
...
006 (2485823.129.000) 11/07 23:58:53 Image size of job updated: 1003192
	495  -  MemoryUsage of job (MB)
	506408  -  ResidentSetSize of job (KB)
...
006 (2485823.129.000) 11/08 00:03:54 Image size of job updated: 1003192
	496  -  MemoryUsage of job (MB)
	507484  -  ResidentSetSize of job (KB)
...
006 (2485823.129.000) 11/08 00:08:54 Image size of job updated: 1003192
	496  -  MemoryUsage of job (MB)
	507900  -  ResidentSetSize of job (KB)
...
006 (2485823.129.000) 11/08 00:13:55 Image size of job updated: 1003192
	497  -  MemoryUsage of job (MB)
	507924  -  ResidentSetSize of job (KB)
...
006 (2485823.129.000) 11/08 00:18:56 Image size of job updated: 1003192
	497  -  MemoryUsage of job (MB)
	508184  -  ResidentSetSize of job (KB)
...
006 (2485823.129.000) 11/08 00:23:56 Image size of job updated: 1003192
	497  -  MemoryUsage of job (MB)
	508348  -  ResidentSetSize of job (KB)
...
006 (2485823.129.000) 11/08 00:28:56 Image size of job updated: 1003192
	497  -  MemoryUsage of job (MB)
	508432  -  ResidentSetSize of job (KB)
...
006 (2485823.129.000) 11/08 00:33:57 Image size of job updated: 1003192
	497  -  MemoryUsage of job (MB)
	508768  -  ResidentSetSize of job (KB)
...
006 (2485823.129.000) 11/08 00:38:58 Image size of job updated: 1003192
	497  -  MemoryUsage of job (MB)
	508892  -  ResidentSetSize of job (KB)
...
006 (2485823.129.000) 11/08 00:43:58 Image size of job updated: 1003192
	498  -  MemoryUsage of job (MB)
	509188  -  ResidentSetSize of job (KB)
...
006 (2485823.129.000) 11/08 00:48:59 Image size of job updated: 1003192
	498  -  MemoryUsage of job (MB)
	509432  -  ResidentSetSize of job (KB)
...
006 (2485823.129.000) 11/08 00:54:00 Image size of job updated: 1003192
	498  -  MemoryUsage of job (MB)
	509488  -  ResidentSetSize of job (KB)
...
006 (2485823.129.000) 11/08 00:59:00 Image size of job updated: 1003192
	498  -  MemoryUsage of job (MB)
	509780  -  ResidentSetSize of job (KB)
...
006 (2485823.129.000) 11/08 01:04:01 Image size of job updated: 1003192
	612  -  MemoryUsage of job (MB)
	625740  -  ResidentSetSize of job (KB)
...
006 (2485823.129.000) 11/08 01:09:02 Image size of job updated: 1003192
	612  -  MemoryUsage of job (MB)
	626020  -  ResidentSetSize of job (KB)
...
006 (2485823.129.000) 11/08 01:14:02 Image size of job updated: 1003192
	612  -  MemoryUsage of job (MB)
	626508  -  ResidentSetSize of job (KB)
...
006 (2485823.129.000) 11/08 01:19:02 Image size of job updated: 1003192
	613  -  MemoryUsage of job (MB)
	626756  -  ResidentSetSize of job (KB)
...
006 (2485823.129.000) 11/08 01:24:03 Image size of job updated: 1003192
	613  -  MemoryUsage of job (MB)
	627040  -  ResidentSetSize of job (KB)
...
006 (2485823.129.000) 11/08 01:29:03 Image size of job updated: 1003192
	613  -  MemoryUsage of job (MB)
	627288  -  ResidentSetSize of job (KB)
...
005 (2485823.129.000) 11/08 01:31:32 Job terminated.
	(1) Normal termination (return value 0)
		Usr 0 00:18:00, Sys 0 00:01:15  -  Run Remote Usage
		Usr 0 00:00:00, Sys 0 00:00:00  -  Run Local Usage
		Usr 0 00:18:00, Sys 0 00:01:15  -  Total Remote Usage
		Usr 0 00:00:00, Sys 0 00:00:00  -  Total Local Usage
	0  -  Run Bytes Sent By Job
	0  -  Run Bytes Received By Job
	0  -  Total Bytes Sent By Job
	0  -  Total Bytes Received By Job
	Partitionable Resources :    Usage  Request Allocated
	   Cpus                 :                 1         1
	   Disk (KB)            :        1        1  28372504
	   Memory (MB)          :      613        1      4033
...
