000 (2491851.129.000) 11/08 20:36:48 Job submitted from host: <192.168.1.109:9714>
...
001 (2491851.129.000) 11/08 20:37:19 Job executing on host: <192.168.1.44:9507>
...
006 (2491851.129.000) 11/08 20:37:28 Image size of job updated: 97664
	3  -  MemoryUsage of job (MB)
	2680  -  ResidentSetSize of job (KB)
...
006 (2491851.129.000) 11/08 20:42:28 Image size of job updated: 1003204
	489  -  MemoryUsage of job (MB)
	500260  -  ResidentSetSize of job (KB)
...
006 (2491851.129.000) 11/08 21:42:35 Image size of job updated: 1003204
	498  -  MemoryUsage of job (MB)
	509744  -  ResidentSetSize of job (KB)
...
006 (2491851.129.000) 11/08 21:47:35 Image size of job updated: 1003204
	540  -  MemoryUsage of job (MB)
	552064  -  ResidentSetSize of job (KB)
...
006 (2491851.129.000) 11/08 21:57:37 Image size of job updated: 1003204
	540  -  MemoryUsage of job (MB)
	552112  -  ResidentSetSize of job (KB)
...
006 (2491851.129.000) 11/08 22:02:37 Image size of job updated: 1003204
	540  -  MemoryUsage of job (MB)
	552308  -  ResidentSetSize of job (KB)
...
006 (2491851.129.000) 11/08 22:07:37 Image size of job updated: 1003204
	540  -  MemoryUsage of job (MB)
	552376  -  ResidentSetSize of job (KB)
...
006 (2491851.129.000) 11/08 22:12:38 Image size of job updated: 1003204
	540  -  MemoryUsage of job (MB)
	552548  -  ResidentSetSize of job (KB)
...
005 (2491851.129.000) 11/08 22:13:40 Job terminated.
	(1) Normal termination (return value 0)
		Usr 0 00:20:55, Sys 0 00:01:22  -  Run Remote Usage
		Usr 0 00:00:00, Sys 0 00:00:00  -  Run Local Usage
		Usr 0 00:20:55, Sys 0 00:01:22  -  Total Remote Usage
		Usr 0 00:00:00, Sys 0 00:00:00  -  Total Local Usage
	0  -  Run Bytes Sent By Job
	0  -  Run Bytes Received By Job
	0  -  Total Bytes Sent By Job
	0  -  Total Bytes Received By Job
	Partitionable Resources :    Usage  Request Allocated
	   Cpus                 :                 1         1
	   Disk (KB)            :        1        1   2370199
	   Memory (MB)          :      540        1      4035
...
