000 (2491133.129.000) 11/08 19:40:20 Job submitted from host: <192.168.1.109:9714>
...
001 (2491133.129.000) 11/08 19:40:56 Job executing on host: <192.168.1.46:9845>
...
006 (2491133.129.000) 11/08 19:41:05 Image size of job updated: 182204
	2  -  MemoryUsage of job (MB)
	1836  -  ResidentSetSize of job (KB)
...
006 (2491133.129.000) 11/08 19:46:05 Image size of job updated: 1003200
	492  -  MemoryUsage of job (MB)
	503428  -  ResidentSetSize of job (KB)
...
006 (2491133.129.000) 11/08 19:51:05 Image size of job updated: 1003200
	493  -  MemoryUsage of job (MB)
	504504  -  ResidentSetSize of job (KB)
...
006 (2491133.129.000) 11/08 19:56:06 Image size of job updated: 1003200
	494  -  MemoryUsage of job (MB)
	504936  -  ResidentSetSize of job (KB)
...
006 (2491133.129.000) 11/08 20:01:07 Image size of job updated: 1177232
	689  -  MemoryUsage of job (MB)
	705532  -  ResidentSetSize of job (KB)
...
006 (2491133.129.000) 11/08 20:06:07 Image size of job updated: 1177232
	696  -  MemoryUsage of job (MB)
	712384  -  ResidentSetSize of job (KB)
...
006 (2491133.129.000) 11/08 20:11:08 Image size of job updated: 1177232
	698  -  MemoryUsage of job (MB)
	714352  -  ResidentSetSize of job (KB)
...
005 (2491133.129.000) 11/08 20:12:30 Job terminated.
	(1) Normal termination (return value 0)
		Usr 0 00:16:52, Sys 0 00:01:10  -  Run Remote Usage
		Usr 0 00:00:00, Sys 0 00:00:00  -  Run Local Usage
		Usr 0 00:16:52, Sys 0 00:01:10  -  Total Remote Usage
		Usr 0 00:00:00, Sys 0 00:00:00  -  Total Local Usage
	0  -  Run Bytes Sent By Job
	0  -  Run Bytes Received By Job
	0  -  Total Bytes Sent By Job
	0  -  Total Bytes Received By Job
	Partitionable Resources :    Usage  Request Allocated
	   Cpus                 :                 1         1
	   Disk (KB)            :        1        1   2371642
	   Memory (MB)          :      698        1      4035
...
