000 (2497410.129.000) 11/09 15:33:47 Job submitted from host: <192.168.1.109:9714>
...
001 (2497410.129.000) 11/09 15:34:14 Job executing on host: <192.168.1.42:9515>
...
006 (2497410.129.000) 11/09 15:34:23 Image size of job updated: 32840
	3  -  MemoryUsage of job (MB)
	2620  -  ResidentSetSize of job (KB)
...
006 (2497410.129.000) 11/09 15:39:24 Image size of job updated: 1045884
	501  -  MemoryUsage of job (MB)
	512120  -  ResidentSetSize of job (KB)
...
006 (2497410.129.000) 11/09 15:44:25 Image size of job updated: 1045884
	501  -  MemoryUsage of job (MB)
	512432  -  ResidentSetSize of job (KB)
...
006 (2497410.129.000) 11/09 15:49:25 Image size of job updated: 1045884
	501  -  MemoryUsage of job (MB)
	512544  -  ResidentSetSize of job (KB)
...
006 (2497410.129.000) 11/09 15:54:26 Image size of job updated: 1045884
	501  -  MemoryUsage of job (MB)
	512556  -  ResidentSetSize of job (KB)
...
006 (2497410.129.000) 11/09 15:59:27 Image size of job updated: 1045884
	501  -  MemoryUsage of job (MB)
	512580  -  ResidentSetSize of job (KB)
...
006 (2497410.129.000) 11/09 16:04:27 Image size of job updated: 1045884
	501  -  MemoryUsage of job (MB)
	512820  -  ResidentSetSize of job (KB)
...
006 (2497410.129.000) 11/09 16:09:27 Image size of job updated: 1045884
	501  -  MemoryUsage of job (MB)
	512832  -  ResidentSetSize of job (KB)
...
006 (2497410.129.000) 11/09 16:14:28 Image size of job updated: 1045884
	501  -  MemoryUsage of job (MB)
	512836  -  ResidentSetSize of job (KB)
...
006 (2497410.129.000) 11/09 16:19:29 Image size of job updated: 1045884
	501  -  MemoryUsage of job (MB)
	512840  -  ResidentSetSize of job (KB)
...
006 (2497410.129.000) 11/09 16:24:29 Image size of job updated: 1045884
	501  -  MemoryUsage of job (MB)
	512852  -  ResidentSetSize of job (KB)
...
006 (2497410.129.000) 11/09 16:29:30 Image size of job updated: 1045884
	501  -  MemoryUsage of job (MB)
	512856  -  ResidentSetSize of job (KB)
...
006 (2497410.129.000) 11/09 16:49:32 Image size of job updated: 1045884
	501  -  MemoryUsage of job (MB)
	512860  -  ResidentSetSize of job (KB)
...
006 (2497410.129.000) 11/09 16:54:32 Image size of job updated: 1045884
	501  -  MemoryUsage of job (MB)
	512868  -  ResidentSetSize of job (KB)
...
006 (2497410.129.000) 11/09 16:59:33 Image size of job updated: 1045884
	608  -  MemoryUsage of job (MB)
	622156  -  ResidentSetSize of job (KB)
...
006 (2497410.129.000) 11/09 17:04:33 Image size of job updated: 1045884
	609  -  MemoryUsage of job (MB)
	623468  -  ResidentSetSize of job (KB)
...
006 (2497410.129.000) 11/09 17:09:33 Image size of job updated: 1045884
	609  -  MemoryUsage of job (MB)
	623476  -  ResidentSetSize of job (KB)
...
006 (2497410.129.000) 11/09 17:14:34 Image size of job updated: 1045884
	609  -  MemoryUsage of job (MB)
	623480  -  ResidentSetSize of job (KB)
...
006 (2497410.129.000) 11/09 17:24:34 Image size of job updated: 1045884
	609  -  MemoryUsage of job (MB)
	623488  -  ResidentSetSize of job (KB)
...
005 (2497410.129.000) 11/09 17:27:36 Job terminated.
	(1) Normal termination (return value 0)
		Usr 0 00:18:54, Sys 0 00:01:10  -  Run Remote Usage
		Usr 0 00:00:00, Sys 0 00:00:00  -  Run Local Usage
		Usr 0 00:18:54, Sys 0 00:01:10  -  Total Remote Usage
		Usr 0 00:00:00, Sys 0 00:00:00  -  Total Local Usage
	0  -  Run Bytes Sent By Job
	0  -  Run Bytes Received By Job
	0  -  Total Bytes Sent By Job
	0  -  Total Bytes Received By Job
	Partitionable Resources :    Usage  Request Allocated
	   Cpus                 :                 1         1
	   Disk (KB)            :        1        1   2371274
	   Memory (MB)          :      609        1      4035
...
