000 (2485823.128.000) 11/07 23:48:31 Job submitted from host: <192.168.1.109:9714>
...
001 (2485823.128.000) 11/07 23:48:43 Job executing on host: <192.168.1.57:9618?addrs=192.168.1.57-9618+[--1]-9618&noUDP&sock=2389_8c3f_3>
...
006 (2485823.128.000) 11/07 23:48:53 Image size of job updated: 1
	2  -  MemoryUsage of job (MB)
	1768  -  ResidentSetSize of job (KB)
...
006 (2485823.128.000) 11/07 23:53:53 Image size of job updated: 1004616
	498  -  MemoryUsage of job (MB)
	509680  -  ResidentSetSize of job (KB)
...
006 (2485823.128.000) 11/07 23:58:53 Image size of job updated: 1004616
	504  -  MemoryUsage of job (MB)
	515572  -  ResidentSetSize of job (KB)
...
006 (2485823.128.000) 11/08 00:03:54 Image size of job updated: 1004616
	505  -  MemoryUsage of job (MB)
	516412  -  ResidentSetSize of job (KB)
...
006 (2485823.128.000) 11/08 00:08:55 Image size of job updated: 1004616
	505  -  MemoryUsage of job (MB)
	516440  -  ResidentSetSize of job (KB)
...
006 (2485823.128.000) 11/08 00:13:55 Image size of job updated: 1004616
	505  -  MemoryUsage of job (MB)
	516492  -  ResidentSetSize of job (KB)
...
006 (2485823.128.000) 11/08 00:18:56 Image size of job updated: 1004616
	505  -  MemoryUsage of job (MB)
	516616  -  ResidentSetSize of job (KB)
...
006 (2485823.128.000) 11/08 00:23:57 Image size of job updated: 1004616
	603  -  MemoryUsage of job (MB)
	616564  -  ResidentSetSize of job (KB)
...
006 (2485823.128.000) 11/08 00:28:57 Image size of job updated: 1004616
	616  -  MemoryUsage of job (MB)
	629820  -  ResidentSetSize of job (KB)
...
006 (2485823.128.000) 11/08 00:33:57 Image size of job updated: 1004616
	616  -  MemoryUsage of job (MB)
	629824  -  ResidentSetSize of job (KB)
...
006 (2485823.128.000) 11/08 00:43:58 Image size of job updated: 1004616
	616  -  MemoryUsage of job (MB)
	629868  -  ResidentSetSize of job (KB)
...
006 (2485823.128.000) 11/08 00:53:59 Image size of job updated: 1004616
	618  -  MemoryUsage of job (MB)
	632504  -  ResidentSetSize of job (KB)
...
005 (2485823.128.000) 11/08 00:57:17 Job terminated.
	(1) Normal termination (return value 0)
		Usr 0 00:26:44, Sys 0 00:01:36  -  Run Remote Usage
		Usr 0 00:00:00, Sys 0 00:00:00  -  Run Local Usage
		Usr 0 00:26:44, Sys 0 00:01:36  -  Total Remote Usage
		Usr 0 00:00:00, Sys 0 00:00:00  -  Total Local Usage
	0  -  Run Bytes Sent By Job
	0  -  Run Bytes Received By Job
	0  -  Total Bytes Sent By Job
	0  -  Total Bytes Received By Job
	Partitionable Resources :    Usage  Request Allocated
	   Cpus                 :                 1         1
	   Disk (KB)            :        1        1   1563560
	   Memory (MB)          :      618        1         1
...
