000 (2491133.128.000) 11/08 19:40:20 Job submitted from host: <192.168.1.109:9714>
...
001 (2491133.128.000) 11/08 19:40:56 Job executing on host: <192.168.1.46:9845>
...
006 (2491133.128.000) 11/08 19:41:05 Image size of job updated: 24488
	3  -  MemoryUsage of job (MB)
	2676  -  ResidentSetSize of job (KB)
...
006 (2491133.128.000) 11/08 19:46:06 Image size of job updated: 1004668
	488  -  MemoryUsage of job (MB)
	499072  -  ResidentSetSize of job (KB)
...
006 (2491133.128.000) 11/08 19:51:06 Image size of job updated: 1004668
	490  -  MemoryUsage of job (MB)
	500884  -  ResidentSetSize of job (KB)
...
006 (2491133.128.000) 11/08 19:56:06 Image size of job updated: 1004668
	490  -  MemoryUsage of job (MB)
	501696  -  ResidentSetSize of job (KB)
...
006 (2491133.128.000) 11/08 20:01:07 Image size of job updated: 1213160
	716  -  MemoryUsage of job (MB)
	732472  -  ResidentSetSize of job (KB)
...
006 (2491133.128.000) 11/08 20:06:07 Image size of job updated: 1213160
	730  -  MemoryUsage of job (MB)
	747064  -  ResidentSetSize of job (KB)
...
006 (2491133.128.000) 11/08 20:11:07 Image size of job updated: 1213160
	841  -  MemoryUsage of job (MB)
	860508  -  ResidentSetSize of job (KB)
...
005 (2491133.128.000) 11/08 20:12:42 Job terminated.
	(1) Normal termination (return value 0)
		Usr 0 00:17:00, Sys 0 00:01:08  -  Run Remote Usage
		Usr 0 00:00:00, Sys 0 00:00:00  -  Run Local Usage
		Usr 0 00:17:00, Sys 0 00:01:08  -  Total Remote Usage
		Usr 0 00:00:00, Sys 0 00:00:00  -  Total Local Usage
	0  -  Run Bytes Sent By Job
	0  -  Run Bytes Received By Job
	0  -  Total Bytes Sent By Job
	0  -  Total Bytes Received By Job
	Partitionable Resources :    Usage  Request Allocated
	   Cpus                 :                 1         1
	   Disk (KB)            :        1        1   2371642
	   Memory (MB)          :      841        1      4035
...
