000 (2491851.128.000) 11/08 20:36:48 Job submitted from host: <192.168.1.109:9714>
...
001 (2491851.128.000) 11/08 20:37:19 Job executing on host: <192.168.1.44:9507>
...
006 (2491851.128.000) 11/08 20:37:28 Image size of job updated: 32840
	3  -  MemoryUsage of job (MB)
	2552  -  ResidentSetSize of job (KB)
...
006 (2491851.128.000) 11/08 20:42:28 Image size of job updated: 1004668
	490  -  MemoryUsage of job (MB)
	501212  -  ResidentSetSize of job (KB)
...
006 (2491851.128.000) 11/08 21:32:33 Image size of job updated: 1004668
	529  -  MemoryUsage of job (MB)
	541380  -  ResidentSetSize of job (KB)
...
006 (2491851.128.000) 11/08 21:37:34 Image size of job updated: 1004668
	537  -  MemoryUsage of job (MB)
	549128  -  ResidentSetSize of job (KB)
...
006 (2491851.128.000) 11/08 21:47:35 Image size of job updated: 1004668
	537  -  MemoryUsage of job (MB)
	549172  -  ResidentSetSize of job (KB)
...
006 (2491851.128.000) 11/08 21:57:37 Image size of job updated: 1004668
	537  -  MemoryUsage of job (MB)
	549176  -  ResidentSetSize of job (KB)
...
006 (2491851.128.000) 11/08 22:02:37 Image size of job updated: 1004668
	537  -  MemoryUsage of job (MB)
	549180  -  ResidentSetSize of job (KB)
...
006 (2491851.128.000) 11/08 22:07:37 Image size of job updated: 1004668
	537  -  MemoryUsage of job (MB)
	549188  -  ResidentSetSize of job (KB)
...
005 (2491851.128.000) 11/08 22:10:08 Job terminated.
	(1) Normal termination (return value 0)
		Usr 0 00:20:47, Sys 0 00:01:18  -  Run Remote Usage
		Usr 0 00:00:00, Sys 0 00:00:00  -  Run Local Usage
		Usr 0 00:20:47, Sys 0 00:01:18  -  Total Remote Usage
		Usr 0 00:00:00, Sys 0 00:00:00  -  Total Local Usage
	0  -  Run Bytes Sent By Job
	0  -  Run Bytes Received By Job
	0  -  Total Bytes Sent By Job
	0  -  Total Bytes Received By Job
	Partitionable Resources :    Usage  Request Allocated
	   Cpus                 :                 1         1
	   Disk (KB)            :        1        1   2370200
	   Memory (MB)          :      537        1      4035
...
