000 (2497410.128.000) 11/09 15:33:47 Job submitted from host: <192.168.1.109:9714>
...
001 (2497410.128.000) 11/09 15:34:14 Job executing on host: <192.168.1.43:9998>
...
006 (2497410.128.000) 11/09 15:34:24 Image size of job updated: 97660
	3  -  MemoryUsage of job (MB)
	2532  -  ResidentSetSize of job (KB)
...
006 (2497410.128.000) 11/09 15:39:25 Image size of job updated: 1049320
	508  -  MemoryUsage of job (MB)
	520168  -  ResidentSetSize of job (KB)
...
006 (2497410.128.000) 11/09 15:44:25 Image size of job updated: 1049320
	509  -  MemoryUsage of job (MB)
	520916  -  ResidentSetSize of job (KB)
...
006 (2497410.128.000) 11/09 15:49:26 Image size of job updated: 1049320
	510  -  MemoryUsage of job (MB)
	521488  -  ResidentSetSize of job (KB)
...
006 (2497410.128.000) 11/09 15:54:27 Image size of job updated: 1049320
	510  -  MemoryUsage of job (MB)
	521492  -  ResidentSetSize of job (KB)
...
006 (2497410.128.000) 11/09 15:59:27 Image size of job updated: 1049320
	510  -  MemoryUsage of job (MB)
	521512  -  ResidentSetSize of job (KB)
...
006 (2497410.128.000) 11/09 16:04:27 Image size of job updated: 1049320
	510  -  MemoryUsage of job (MB)
	521516  -  ResidentSetSize of job (KB)
...
006 (2497410.128.000) 11/09 16:09:28 Image size of job updated: 1049320
	510  -  MemoryUsage of job (MB)
	521520  -  ResidentSetSize of job (KB)
...
006 (2497410.128.000) 11/09 16:14:28 Image size of job updated: 1049320
	510  -  MemoryUsage of job (MB)
	521524  -  ResidentSetSize of job (KB)
...
006 (2497410.128.000) 11/09 16:19:28 Image size of job updated: 1049320
	510  -  MemoryUsage of job (MB)
	521532  -  ResidentSetSize of job (KB)
...
006 (2497410.128.000) 11/09 16:24:29 Image size of job updated: 1049320
	510  -  MemoryUsage of job (MB)
	521540  -  ResidentSetSize of job (KB)
...
006 (2497410.128.000) 11/09 16:34:30 Image size of job updated: 1049320
	510  -  MemoryUsage of job (MB)
	521544  -  ResidentSetSize of job (KB)
...
006 (2497410.128.000) 11/09 16:44:32 Image size of job updated: 1049320
	510  -  MemoryUsage of job (MB)
	521552  -  ResidentSetSize of job (KB)
...
006 (2497410.128.000) 11/09 16:54:32 Image size of job updated: 1049320
	510  -  MemoryUsage of job (MB)
	521572  -  ResidentSetSize of job (KB)
...
006 (2497410.128.000) 11/09 16:59:33 Image size of job updated: 1049320
	510  -  MemoryUsage of job (MB)
	521588  -  ResidentSetSize of job (KB)
...
006 (2497410.128.000) 11/09 17:04:33 Image size of job updated: 1049320
	617  -  MemoryUsage of job (MB)
	631140  -  ResidentSetSize of job (KB)
...
006 (2497410.128.000) 11/09 17:09:33 Image size of job updated: 1049320
	618  -  MemoryUsage of job (MB)
	632348  -  ResidentSetSize of job (KB)
...
005 (2497410.128.000) 11/09 17:14:33 Job terminated.
	(1) Normal termination (return value 0)
		Usr 0 00:18:30, Sys 0 00:01:04  -  Run Remote Usage
		Usr 0 00:00:00, Sys 0 00:00:00  -  Run Local Usage
		Usr 0 00:18:30, Sys 0 00:01:04  -  Total Remote Usage
		Usr 0 00:00:00, Sys 0 00:00:00  -  Total Local Usage
	0  -  Run Bytes Sent By Job
	0  -  Run Bytes Received By Job
	0  -  Total Bytes Sent By Job
	0  -  Total Bytes Received By Job
	Partitionable Resources :    Usage  Request Allocated
	   Cpus                 :                 1         1
	   Disk (KB)            :        1        1   2367120
	   Memory (MB)          :      618        1      4035
...
