000 (2492274.040.000) 11/08 21:21:59 Job submitted from host: <192.168.1.109:9714>
...
001 (2492274.040.000) 11/08 21:22:26 Job executing on host: <192.168.1.51:9694>
...
006 (2492274.040.000) 11/08 21:22:35 Image size of job updated: 320260
	32  -  MemoryUsage of job (MB)
	32080  -  ResidentSetSize of job (KB)
...
006 (2492274.040.000) 11/08 21:27:35 Image size of job updated: 1064472
	493  -  MemoryUsage of job (MB)
	504592  -  ResidentSetSize of job (KB)
...
006 (2492274.040.000) 11/08 21:32:35 Image size of job updated: 1064472
	494  -  MemoryUsage of job (MB)
	505036  -  ResidentSetSize of job (KB)
...
006 (2492274.040.000) 11/08 21:37:35 Image size of job updated: 1064472
	494  -  MemoryUsage of job (MB)
	505780  -  ResidentSetSize of job (KB)
...
006 (2492274.040.000) 11/08 21:42:35 Image size of job updated: 1064472
	494  -  MemoryUsage of job (MB)
	505788  -  ResidentSetSize of job (KB)
...
006 (2492274.040.000) 11/08 21:47:36 Image size of job updated: 1064472
	494  -  MemoryUsage of job (MB)
	505792  -  ResidentSetSize of job (KB)
...
006 (2492274.040.000) 11/08 21:52:37 Image size of job updated: 1064472
	494  -  MemoryUsage of job (MB)
	505796  -  ResidentSetSize of job (KB)
...
006 (2492274.040.000) 11/08 21:57:37 Image size of job updated: 1064472
	495  -  MemoryUsage of job (MB)
	505984  -  ResidentSetSize of job (KB)
...
006 (2492274.040.000) 11/08 22:02:38 Image size of job updated: 1064472
	495  -  MemoryUsage of job (MB)
	505988  -  ResidentSetSize of job (KB)
...
006 (2492274.040.000) 11/08 22:12:39 Image size of job updated: 1064472
	495  -  MemoryUsage of job (MB)
	505992  -  ResidentSetSize of job (KB)
...
006 (2492274.040.000) 11/08 22:17:39 Image size of job updated: 1064472
	505  -  MemoryUsage of job (MB)
	516116  -  ResidentSetSize of job (KB)
...
006 (2492274.040.000) 11/08 22:22:40 Image size of job updated: 1064472
	524  -  MemoryUsage of job (MB)
	535656  -  ResidentSetSize of job (KB)
...
006 (2492274.040.000) 11/08 22:27:40 Image size of job updated: 1064472
	534  -  MemoryUsage of job (MB)
	546800  -  ResidentSetSize of job (KB)
...
006 (2492274.040.000) 11/08 22:32:40 Image size of job updated: 1064472
	585  -  MemoryUsage of job (MB)
	598308  -  ResidentSetSize of job (KB)
...
005 (2492274.040.000) 11/08 22:33:19 Job terminated.
	(1) Normal termination (return value 0)
		Usr 0 00:14:45, Sys 0 00:00:53  -  Run Remote Usage
		Usr 0 00:00:00, Sys 0 00:00:00  -  Run Local Usage
		Usr 0 00:14:45, Sys 0 00:00:53  -  Total Remote Usage
		Usr 0 00:00:00, Sys 0 00:00:00  -  Total Local Usage
	0  -  Run Bytes Sent By Job
	0  -  Run Bytes Received By Job
	0  -  Total Bytes Sent By Job
	0  -  Total Bytes Received By Job
	Partitionable Resources :    Usage  Request Allocated
	   Cpus                 :                 1         1
	   Disk (KB)            :        1        1  28379007
	   Memory (MB)          :      585        1      4033
...
