000 (2492235.052.000) 11/08 21:19:20 Job submitted from host: <192.168.1.109:9714>
...
001 (2492235.052.000) 11/08 21:20:22 Job executing on host: <192.168.1.45:9392>
...
006 (2492235.052.000) 11/08 21:20:31 Image size of job updated: 320260
	11  -  MemoryUsage of job (MB)
	10920  -  ResidentSetSize of job (KB)
...
006 (2492235.052.000) 11/08 21:25:31 Image size of job updated: 1064476
	439  -  MemoryUsage of job (MB)
	449412  -  ResidentSetSize of job (KB)
...
006 (2492235.052.000) 11/08 21:55:35 Image size of job updated: 1064476
	551  -  MemoryUsage of job (MB)
	563892  -  ResidentSetSize of job (KB)
...
006 (2492235.052.000) 11/08 22:00:36 Image size of job updated: 1064476
	552  -  MemoryUsage of job (MB)
	565096  -  ResidentSetSize of job (KB)
...
006 (2492235.052.000) 11/08 22:05:36 Image size of job updated: 1064476
	552  -  MemoryUsage of job (MB)
	565200  -  ResidentSetSize of job (KB)
...
006 (2492235.052.000) 11/08 22:25:38 Image size of job updated: 1064476
	552  -  MemoryUsage of job (MB)
	565204  -  ResidentSetSize of job (KB)
...
006 (2492235.052.000) 11/08 22:30:38 Image size of job updated: 1064476
	552  -  MemoryUsage of job (MB)
	565224  -  ResidentSetSize of job (KB)
...
006 (2492235.052.000) 11/08 22:35:38 Image size of job updated: 1064476
	553  -  MemoryUsage of job (MB)
	565316  -  ResidentSetSize of job (KB)
...
006 (2492235.052.000) 11/08 22:40:39 Image size of job updated: 1064476
	553  -  MemoryUsage of job (MB)
	565344  -  ResidentSetSize of job (KB)
...
005 (2492235.052.000) 11/08 22:42:38 Job terminated.
	(1) Normal termination (return value 0)
		Usr 0 00:15:18, Sys 0 00:00:56  -  Run Remote Usage
		Usr 0 00:00:00, Sys 0 00:00:00  -  Run Local Usage
		Usr 0 00:15:18, Sys 0 00:00:56  -  Total Remote Usage
		Usr 0 00:00:00, Sys 0 00:00:00  -  Total Local Usage
	0  -  Run Bytes Sent By Job
	0  -  Run Bytes Received By Job
	0  -  Total Bytes Sent By Job
	0  -  Total Bytes Received By Job
	Partitionable Resources :    Usage  Request Allocated
	   Cpus                 :                 1         1
	   Disk (KB)            :        1        1   2370035
	   Memory (MB)          :      553        1      4035
...
