000 (2493183.052.000) 11/09 00:44:13 Job submitted from host: <192.168.1.109:9714>
...
001 (2493183.052.000) 11/09 00:44:23 Job executing on host: <192.168.1.48:9634>
...
006 (2493183.052.000) 11/09 00:44:32 Image size of job updated: 181508
	3  -  MemoryUsage of job (MB)
	2692  -  ResidentSetSize of job (KB)
...
006 (2493183.052.000) 11/09 00:49:33 Image size of job updated: 1049664
	493  -  MemoryUsage of job (MB)
	504584  -  ResidentSetSize of job (KB)
...
006 (2493183.052.000) 11/09 00:54:33 Image size of job updated: 1049664
	494  -  MemoryUsage of job (MB)
	505020  -  ResidentSetSize of job (KB)
...
006 (2493183.052.000) 11/09 00:59:34 Image size of job updated: 1049664
	494  -  MemoryUsage of job (MB)
	505336  -  ResidentSetSize of job (KB)
...
006 (2493183.052.000) 11/09 01:04:35 Image size of job updated: 1049664
	537  -  MemoryUsage of job (MB)
	549316  -  ResidentSetSize of job (KB)
...
006 (2493183.052.000) 11/09 01:09:35 Image size of job updated: 1049664
	612  -  MemoryUsage of job (MB)
	626364  -  ResidentSetSize of job (KB)
...
005 (2493183.052.000) 11/09 01:13:27 Job terminated.
	(1) Normal termination (return value 0)
		Usr 0 00:08:21, Sys 0 00:00:35  -  Run Remote Usage
		Usr 0 00:00:00, Sys 0 00:00:00  -  Run Local Usage
		Usr 0 00:08:21, Sys 0 00:00:35  -  Total Remote Usage
		Usr 0 00:00:00, Sys 0 00:00:00  -  Total Local Usage
	0  -  Run Bytes Sent By Job
	0  -  Run Bytes Received By Job
	0  -  Total Bytes Sent By Job
	0  -  Total Bytes Received By Job
	Partitionable Resources :    Usage  Request Allocated
	   Cpus                 :                 1         1
	   Disk (KB)            :        1        1  28379791
	   Memory (MB)          :      612        1      4033
...
