000 (2485823.002.000) 11/07 23:48:28 Job submitted from host: <192.168.1.109:9714>
...
001 (2485823.002.000) 11/07 23:48:36 Job executing on host: <192.168.1.51:9694>
...
006 (2485823.002.000) 11/07 23:48:45 Image size of job updated: 358764
	58  -  MemoryUsage of job (MB)
	59224  -  ResidentSetSize of job (KB)
...
006 (2485823.002.000) 11/07 23:53:46 Image size of job updated: 1004764
	489  -  MemoryUsage of job (MB)
	500392  -  ResidentSetSize of job (KB)
...
006 (2485823.002.000) 11/07 23:58:47 Image size of job updated: 1004764
	490  -  MemoryUsage of job (MB)
	500920  -  ResidentSetSize of job (KB)
...
006 (2485823.002.000) 11/08 00:03:47 Image size of job updated: 1004764
	490  -  MemoryUsage of job (MB)
	501544  -  ResidentSetSize of job (KB)
...
006 (2485823.002.000) 11/08 00:08:47 Image size of job updated: 1004764
	490  -  MemoryUsage of job (MB)
	501744  -  ResidentSetSize of job (KB)
...
006 (2485823.002.000) 11/08 00:13:48 Image size of job updated: 1004764
	491  -  MemoryUsage of job (MB)
	501824  -  ResidentSetSize of job (KB)
...
006 (2485823.002.000) 11/08 00:18:48 Image size of job updated: 1004764
	588  -  MemoryUsage of job (MB)
	601376  -  ResidentSetSize of job (KB)
...
006 (2485823.002.000) 11/08 00:23:48 Image size of job updated: 1004764
	595  -  MemoryUsage of job (MB)
	609072  -  ResidentSetSize of job (KB)
...
006 (2485823.002.000) 11/08 00:28:49 Image size of job updated: 1004764
	595  -  MemoryUsage of job (MB)
	609080  -  ResidentSetSize of job (KB)
...
006 (2485823.002.000) 11/08 00:33:50 Image size of job updated: 1004764
	596  -  MemoryUsage of job (MB)
	609408  -  ResidentSetSize of job (KB)
...
006 (2485823.002.000) 11/08 00:38:50 Image size of job updated: 1004764
	596  -  MemoryUsage of job (MB)
	609412  -  ResidentSetSize of job (KB)
...
006 (2485823.002.000) 11/08 00:48:52 Image size of job updated: 1004764
	596  -  MemoryUsage of job (MB)
	609884  -  ResidentSetSize of job (KB)
...
006 (2485823.002.000) 11/08 01:03:54 Image size of job updated: 1004764
	596  -  MemoryUsage of job (MB)
	609936  -  ResidentSetSize of job (KB)
...
006 (2485823.002.000) 11/08 01:38:57 Image size of job updated: 1004764
	596  -  MemoryUsage of job (MB)
	610032  -  ResidentSetSize of job (KB)
...
006 (2485823.002.000) 11/08 01:48:58 Image size of job updated: 1004764
	596  -  MemoryUsage of job (MB)
	610036  -  ResidentSetSize of job (KB)
...
006 (2485823.002.000) 11/08 01:53:58 Image size of job updated: 1004764
	596  -  MemoryUsage of job (MB)
	610040  -  ResidentSetSize of job (KB)
...
006 (2485823.002.000) 11/08 01:58:59 Image size of job updated: 1004764
	596  -  MemoryUsage of job (MB)
	610044  -  ResidentSetSize of job (KB)
...
006 (2485823.002.000) 11/08 02:03:59 Image size of job updated: 1004764
	596  -  MemoryUsage of job (MB)
	610048  -  ResidentSetSize of job (KB)
...
006 (2485823.002.000) 11/08 02:08:59 Image size of job updated: 1004764
	605  -  MemoryUsage of job (MB)
	619164  -  ResidentSetSize of job (KB)
...
006 (2485823.002.000) 11/08 02:24:00 Image size of job updated: 1004764
	605  -  MemoryUsage of job (MB)
	619184  -  ResidentSetSize of job (KB)
...
006 (2485823.002.000) 11/08 02:29:01 Image size of job updated: 1004764
	605  -  MemoryUsage of job (MB)
	619236  -  ResidentSetSize of job (KB)
...
006 (2485823.002.000) 11/08 02:34:02 Image size of job updated: 1004764
	605  -  MemoryUsage of job (MB)
	619272  -  ResidentSetSize of job (KB)
...
006 (2485823.002.000) 11/08 02:39:02 Image size of job updated: 1004764
	605  -  MemoryUsage of job (MB)
	619316  -  ResidentSetSize of job (KB)
...
006 (2485823.002.000) 11/08 02:44:03 Image size of job updated: 1004764
	606  -  MemoryUsage of job (MB)
	620004  -  ResidentSetSize of job (KB)
...
005 (2485823.002.000) 11/08 02:47:13 Job terminated.
	(1) Normal termination (return value 0)
		Usr 0 00:51:43, Sys 0 00:03:14  -  Run Remote Usage
		Usr 0 00:00:00, Sys 0 00:00:00  -  Run Local Usage
		Usr 0 00:51:43, Sys 0 00:03:14  -  Total Remote Usage
		Usr 0 00:00:00, Sys 0 00:00:00  -  Total Local Usage
	0  -  Run Bytes Sent By Job
	0  -  Run Bytes Received By Job
	0  -  Total Bytes Sent By Job
	0  -  Total Bytes Received By Job
	Partitionable Resources :    Usage  Request Allocated
	   Cpus                 :                 1         1
	   Disk (KB)            :        1        1  28372511
	   Memory (MB)          :      606        1      4033
...
