000 (2497410.002.000) 11/09 15:33:46 Job submitted from host: <192.168.1.109:9714>
...
001 (2497410.002.000) 11/09 15:34:08 Job executing on host: <192.168.1.47:9634>
...
006 (2497410.002.000) 11/09 15:34:16 Image size of job updated: 359032
	67  -  MemoryUsage of job (MB)
	68460  -  ResidentSetSize of job (KB)
...
006 (2497410.002.000) 11/09 15:39:16 Image size of job updated: 1048216
	515  -  MemoryUsage of job (MB)
	526708  -  ResidentSetSize of job (KB)
...
006 (2497410.002.000) 11/09 15:44:17 Image size of job updated: 1048216
	515  -  MemoryUsage of job (MB)
	527032  -  ResidentSetSize of job (KB)
...
006 (2497410.002.000) 11/09 15:49:18 Image size of job updated: 1048216
	515  -  MemoryUsage of job (MB)
	527244  -  ResidentSetSize of job (KB)
...
006 (2497410.002.000) 11/09 15:54:18 Image size of job updated: 1048216
	625  -  MemoryUsage of job (MB)
	639136  -  ResidentSetSize of job (KB)
...
006 (2497410.002.000) 11/09 15:59:19 Image size of job updated: 1048216
	625  -  MemoryUsage of job (MB)
	639780  -  ResidentSetSize of job (KB)
...
006 (2497410.002.000) 11/09 16:04:20 Image size of job updated: 1048216
	626  -  MemoryUsage of job (MB)
	640404  -  ResidentSetSize of job (KB)
...
006 (2497410.002.000) 11/09 16:09:20 Image size of job updated: 1048216
	626  -  MemoryUsage of job (MB)
	640608  -  ResidentSetSize of job (KB)
...
006 (2497410.002.000) 11/09 16:24:21 Image size of job updated: 1048216
	626  -  MemoryUsage of job (MB)
	640620  -  ResidentSetSize of job (KB)
...
006 (2497410.002.000) 11/09 16:29:21 Image size of job updated: 1048216
	626  -  MemoryUsage of job (MB)
	640624  -  ResidentSetSize of job (KB)
...
006 (2497410.002.000) 11/09 16:34:22 Image size of job updated: 1048216
	626  -  MemoryUsage of job (MB)
	640632  -  ResidentSetSize of job (KB)
...
006 (2497410.002.000) 11/09 16:39:22 Image size of job updated: 1048216
	626  -  MemoryUsage of job (MB)
	640684  -  ResidentSetSize of job (KB)
...
006 (2497410.002.000) 11/09 16:44:22 Image size of job updated: 1048216
	627  -  MemoryUsage of job (MB)
	641392  -  ResidentSetSize of job (KB)
...
006 (2497410.002.000) 11/09 16:49:23 Image size of job updated: 1048216
	630  -  MemoryUsage of job (MB)
	644184  -  ResidentSetSize of job (KB)
...
006 (2497410.002.000) 11/09 16:54:24 Image size of job updated: 1048216
	630  -  MemoryUsage of job (MB)
	644300  -  ResidentSetSize of job (KB)
...
006 (2497410.002.000) 11/09 16:59:24 Image size of job updated: 1048216
	630  -  MemoryUsage of job (MB)
	644412  -  ResidentSetSize of job (KB)
...
006 (2497410.002.000) 11/09 17:04:25 Image size of job updated: 1048216
	630  -  MemoryUsage of job (MB)
	644696  -  ResidentSetSize of job (KB)
...
006 (2497410.002.000) 11/09 17:09:26 Image size of job updated: 1048216
	630  -  MemoryUsage of job (MB)
	644716  -  ResidentSetSize of job (KB)
...
006 (2497410.002.000) 11/09 17:14:26 Image size of job updated: 1048216
	630  -  MemoryUsage of job (MB)
	644768  -  ResidentSetSize of job (KB)
...
006 (2497410.002.000) 11/09 17:19:26 Image size of job updated: 1048216
	632  -  MemoryUsage of job (MB)
	646312  -  ResidentSetSize of job (KB)
...
006 (2497410.002.000) 11/09 17:24:27 Image size of job updated: 1048216
	632  -  MemoryUsage of job (MB)
	646464  -  ResidentSetSize of job (KB)
...
005 (2497410.002.000) 11/09 17:26:23 Job terminated.
	(1) Normal termination (return value 0)
		Usr 0 00:47:31, Sys 0 00:02:28  -  Run Remote Usage
		Usr 0 00:00:00, Sys 0 00:00:00  -  Run Local Usage
		Usr 0 00:47:31, Sys 0 00:02:28  -  Total Remote Usage
		Usr 0 00:00:00, Sys 0 00:00:00  -  Total Local Usage
	0  -  Run Bytes Sent By Job
	0  -  Run Bytes Received By Job
	0  -  Total Bytes Sent By Job
	0  -  Total Bytes Received By Job
	Partitionable Resources :    Usage  Request Allocated
	   Cpus                 :                 1         1
	   Disk (KB)            :        1        1  28380922
	   Memory (MB)          :      632        1      4033
...
