000 (2464979.090.000) 11/02 16:50:21 Job submitted from host: <192.168.1.109:9308>
...
001 (2464979.090.000) 11/02 16:50:39 Job executing on host: <192.168.1.66:9432>
...
006 (2464979.090.000) 11/02 16:50:48 Image size of job updated: 353040
	80  -  MemoryUsage of job (MB)
	81784  -  ResidentSetSize of job (KB)
...
006 (2464979.090.000) 11/02 16:55:49 Image size of job updated: 899248
	354  -  MemoryUsage of job (MB)
	361888  -  ResidentSetSize of job (KB)
...
006 (2464979.090.000) 11/02 17:00:49 Image size of job updated: 899248
	355  -  MemoryUsage of job (MB)
	362668  -  ResidentSetSize of job (KB)
...
005 (2464979.090.000) 11/02 17:03:16 Job terminated.
	(1) Normal termination (return value 0)
		Usr 0 00:09:25, Sys 0 00:00:26  -  Run Remote Usage
		Usr 0 00:00:00, Sys 0 00:00:00  -  Run Local Usage
		Usr 0 00:09:25, Sys 0 00:00:26  -  Total Remote Usage
		Usr 0 00:00:00, Sys 0 00:00:00  -  Total Local Usage
	0  -  Run Bytes Sent By Job
	0  -  Run Bytes Received By Job
	0  -  Total Bytes Sent By Job
	0  -  Total Bytes Received By Job
	Partitionable Resources :    Usage  Request Allocated
	   Cpus                 :                 1         1
	   Disk (KB)            :        1        1  19563900
	   Memory (MB)          :      355        1      4033
...
