000 (2504798.090.000) 11/15 23:52:38 Job submitted from host: <192.168.1.109:9714>
...
001 (2504798.090.000) 11/15 23:52:47 Job executing on host: <192.168.1.62:9618?addrs=192.168.1.62-9618+[--1]-9618&noUDP&sock=2400_17ca_3>
...
006 (2504798.090.000) 11/15 23:52:55 Image size of job updated: 176432
	3  -  MemoryUsage of job (MB)
	2656  -  ResidentSetSize of job (KB)
...
006 (2504798.090.000) 11/15 23:57:55 Image size of job updated: 947752
	448  -  MemoryUsage of job (MB)
	457888  -  ResidentSetSize of job (KB)
...
006 (2504798.090.000) 11/16 00:02:55 Image size of job updated: 947752
	448  -  MemoryUsage of job (MB)
	457916  -  ResidentSetSize of job (KB)
...
005 (2504798.090.000) 11/16 00:06:03 Job terminated.
	(1) Normal termination (return value 0)
		Usr 0 00:08:03, Sys 0 00:01:01  -  Run Remote Usage
		Usr 0 00:00:00, Sys 0 00:00:00  -  Run Local Usage
		Usr 0 00:08:03, Sys 0 00:01:01  -  Total Remote Usage
		Usr 0 00:00:00, Sys 0 00:00:00  -  Total Local Usage
	0  -  Run Bytes Sent By Job
	0  -  Run Bytes Received By Job
	0  -  Total Bytes Sent By Job
	0  -  Total Bytes Received By Job
	Partitionable Resources :    Usage  Request Allocated
	   Cpus                 :                 1         1
	   Disk (KB)            :        1        1   1563256
	   Memory (MB)          :      448        1         1
...
