000 (2491851.146.000) 11/08 20:36:48 Job submitted from host: <192.168.1.109:9714>
...
001 (2491851.146.000) 11/08 20:37:20 Job executing on host: <192.168.1.45:9392>
...
006 (2491851.146.000) 11/08 20:37:29 Image size of job updated: 465164
	151  -  MemoryUsage of job (MB)
	154480  -  ResidentSetSize of job (KB)
...
006 (2491851.146.000) 11/08 20:42:30 Image size of job updated: 950300
	470  -  MemoryUsage of job (MB)
	480372  -  ResidentSetSize of job (KB)
...
006 (2491851.146.000) 11/08 21:12:33 Image size of job updated: 950300
	476  -  MemoryUsage of job (MB)
	487148  -  ResidentSetSize of job (KB)
...
006 (2491851.146.000) 11/08 21:17:33 Image size of job updated: 950300
	488  -  MemoryUsage of job (MB)
	498928  -  ResidentSetSize of job (KB)
...
006 (2491851.146.000) 11/08 22:37:42 Image size of job updated: 950300
	488  -  MemoryUsage of job (MB)
	499036  -  ResidentSetSize of job (KB)
...
005 (2491851.146.000) 11/08 22:38:27 Job terminated.
	(1) Normal termination (return value 0)
		Usr 0 00:28:48, Sys 0 00:01:42  -  Run Remote Usage
		Usr 0 00:00:00, Sys 0 00:00:00  -  Run Local Usage
		Usr 0 00:28:48, Sys 0 00:01:42  -  Total Remote Usage
		Usr 0 00:00:00, Sys 0 00:00:00  -  Total Local Usage
	0  -  Run Bytes Sent By Job
	0  -  Run Bytes Received By Job
	0  -  Total Bytes Sent By Job
	0  -  Total Bytes Received By Job
	Partitionable Resources :    Usage  Request Allocated
	   Cpus                 :                 1         1
	   Disk (KB)            :        1        1   2370405
	   Memory (MB)          :      488        1      4035
...
