000 (2491133.146.000) 11/08 19:40:20 Job submitted from host: <192.168.1.109:9714>
...
001 (2491133.146.000) 11/08 19:40:57 Job executing on host: <192.168.1.47:9634>
...
006 (2491133.146.000) 11/08 19:41:05 Image size of job updated: 438204
	111  -  MemoryUsage of job (MB)
	112724  -  ResidentSetSize of job (KB)
...
006 (2491133.146.000) 11/08 19:46:05 Image size of job updated: 950300
	469  -  MemoryUsage of job (MB)
	479720  -  ResidentSetSize of job (KB)
...
006 (2491133.146.000) 11/08 19:51:06 Image size of job updated: 950300
	469  -  MemoryUsage of job (MB)
	479748  -  ResidentSetSize of job (KB)
...
006 (2491133.146.000) 11/08 19:56:06 Image size of job updated: 950300
	469  -  MemoryUsage of job (MB)
	479760  -  ResidentSetSize of job (KB)
...
006 (2491133.146.000) 11/08 20:01:06 Image size of job updated: 1133472
	668  -  MemoryUsage of job (MB)
	683244  -  ResidentSetSize of job (KB)
...
006 (2491133.146.000) 11/08 20:06:07 Image size of job updated: 1133472
	676  -  MemoryUsage of job (MB)
	692192  -  ResidentSetSize of job (KB)
...
006 (2491133.146.000) 11/08 20:11:07 Image size of job updated: 1133472
	679  -  MemoryUsage of job (MB)
	694600  -  ResidentSetSize of job (KB)
...
006 (2491133.146.000) 11/08 20:16:07 Image size of job updated: 1133472
	680  -  MemoryUsage of job (MB)
	695868  -  ResidentSetSize of job (KB)
...
005 (2491133.146.000) 11/08 20:17:52 Job terminated.
	(1) Normal termination (return value 0)
		Usr 0 00:22:54, Sys 0 00:01:24  -  Run Remote Usage
		Usr 0 00:00:00, Sys 0 00:00:00  -  Run Local Usage
		Usr 0 00:22:54, Sys 0 00:01:24  -  Total Remote Usage
		Usr 0 00:00:00, Sys 0 00:00:00  -  Total Local Usage
	0  -  Run Bytes Sent By Job
	0  -  Run Bytes Received By Job
	0  -  Total Bytes Sent By Job
	0  -  Total Bytes Received By Job
	Partitionable Resources :    Usage  Request Allocated
	   Cpus                 :                 1         1
	   Disk (KB)            :        1        1  28380611
	   Memory (MB)          :      680        1      4033
...
