000 (2485823.109.000) 11/07 23:48:30 Job submitted from host: <192.168.1.109:9714>
...
001 (2485823.109.000) 11/07 23:48:42 Job executing on host: <192.168.1.54:9618?addrs=192.168.1.54-9618+[--1]-9618&noUDP&sock=2569_034c_3>
...
006 (2485823.109.000) 11/07 23:48:52 Image size of job updated: 172384
	25  -  MemoryUsage of job (MB)
	25216  -  ResidentSetSize of job (KB)
...
006 (2485823.109.000) 11/07 23:53:53 Image size of job updated: 1006060
	502  -  MemoryUsage of job (MB)
	513028  -  ResidentSetSize of job (KB)
...
006 (2485823.109.000) 11/07 23:58:54 Image size of job updated: 1006060
	503  -  MemoryUsage of job (MB)
	514216  -  ResidentSetSize of job (KB)
...
006 (2485823.109.000) 11/08 00:03:54 Image size of job updated: 1006060
	503  -  MemoryUsage of job (MB)
	514892  -  ResidentSetSize of job (KB)
...
006 (2485823.109.000) 11/08 00:08:54 Image size of job updated: 1006060
	504  -  MemoryUsage of job (MB)
	515472  -  ResidentSetSize of job (KB)
...
006 (2485823.109.000) 11/08 00:13:55 Image size of job updated: 1006060
	504  -  MemoryUsage of job (MB)
	515884  -  ResidentSetSize of job (KB)
...
006 (2485823.109.000) 11/08 00:18:55 Image size of job updated: 1006060
	504  -  MemoryUsage of job (MB)
	516052  -  ResidentSetSize of job (KB)
...
006 (2485823.109.000) 11/08 00:23:55 Image size of job updated: 1006060
	505  -  MemoryUsage of job (MB)
	516188  -  ResidentSetSize of job (KB)
...
005 (2485823.109.000) 11/08 00:24:16 Job terminated.
	(1) Normal termination (return value 0)
		Usr 0 00:11:35, Sys 0 00:00:42  -  Run Remote Usage
		Usr 0 00:00:00, Sys 0 00:00:00  -  Run Local Usage
		Usr 0 00:11:35, Sys 0 00:00:42  -  Total Remote Usage
		Usr 0 00:00:00, Sys 0 00:00:00  -  Total Local Usage
	0  -  Run Bytes Sent By Job
	0  -  Run Bytes Received By Job
	0  -  Total Bytes Sent By Job
	0  -  Total Bytes Received By Job
	Partitionable Resources :    Usage  Request Allocated
	   Cpus                 :                 1         1
	   Disk (KB)            :        1        1   1563671
	   Memory (MB)          :      505        1         1
...
