000 (2491851.109.000) 11/08 20:36:48 Job submitted from host: <192.168.1.109:9714>
...
001 (2491851.109.000) 11/08 20:37:18 Job executing on host: <192.168.1.43:9998>
...
006 (2491851.109.000) 11/08 20:37:27 Image size of job updated: 169992
	3  -  MemoryUsage of job (MB)
	2668  -  ResidentSetSize of job (KB)
...
006 (2491851.109.000) 11/08 20:42:28 Image size of job updated: 1006108
	496  -  MemoryUsage of job (MB)
	507024  -  ResidentSetSize of job (KB)
...
006 (2491851.109.000) 11/08 21:07:30 Image size of job updated: 1006108
	541  -  MemoryUsage of job (MB)
	553012  -  ResidentSetSize of job (KB)
...
005 (2491851.109.000) 11/08 21:08:58 Job terminated.
	(1) Normal termination (return value 0)
		Usr 0 00:08:51, Sys 0 00:00:34  -  Run Remote Usage
		Usr 0 00:00:00, Sys 0 00:00:00  -  Run Local Usage
		Usr 0 00:08:51, Sys 0 00:00:34  -  Total Remote Usage
		Usr 0 00:00:00, Sys 0 00:00:00  -  Total Local Usage
	0  -  Run Bytes Sent By Job
	0  -  Run Bytes Received By Job
	0  -  Total Bytes Sent By Job
	0  -  Total Bytes Received By Job
	Partitionable Resources :    Usage  Request Allocated
	   Cpus                 :                 1         1
	   Disk (KB)            :        1        1   2370664
	   Memory (MB)          :      541        1      4035
...
