000 (2497410.109.000) 11/09 15:33:47 Job submitted from host: <192.168.1.109:9714>
...
001 (2497410.109.000) 11/09 15:34:13 Job executing on host: <192.168.1.63:9932>
...
006 (2497410.109.000) 11/09 15:34:21 Image size of job updated: 382400
	59  -  MemoryUsage of job (MB)
	59712  -  ResidentSetSize of job (KB)
...
006 (2497410.109.000) 11/09 15:39:21 Image size of job updated: 1050892
	500  -  MemoryUsage of job (MB)
	511428  -  ResidentSetSize of job (KB)
...
006 (2497410.109.000) 11/09 15:44:22 Image size of job updated: 1050892
	500  -  MemoryUsage of job (MB)
	511584  -  ResidentSetSize of job (KB)
...
006 (2497410.109.000) 11/09 15:49:23 Image size of job updated: 1050892
	611  -  MemoryUsage of job (MB)
	625200  -  ResidentSetSize of job (KB)
...
006 (2497410.109.000) 11/09 15:54:23 Image size of job updated: 1050892
	611  -  MemoryUsage of job (MB)
	625404  -  ResidentSetSize of job (KB)
...
006 (2497410.109.000) 11/09 15:59:24 Image size of job updated: 1050892
	611  -  MemoryUsage of job (MB)
	625492  -  ResidentSetSize of job (KB)
...
006 (2497410.109.000) 11/09 16:04:25 Image size of job updated: 1050892
	611  -  MemoryUsage of job (MB)
	625520  -  ResidentSetSize of job (KB)
...
005 (2497410.109.000) 11/09 16:05:31 Job terminated.
	(1) Normal termination (return value 0)
		Usr 0 00:16:39, Sys 0 00:00:32  -  Run Remote Usage
		Usr 0 00:00:00, Sys 0 00:00:00  -  Run Local Usage
		Usr 0 00:16:39, Sys 0 00:00:32  -  Total Remote Usage
		Usr 0 00:00:00, Sys 0 00:00:00  -  Total Local Usage
	0  -  Run Bytes Sent By Job
	0  -  Run Bytes Received By Job
	0  -  Total Bytes Sent By Job
	0  -  Total Bytes Received By Job
	Partitionable Resources :    Usage  Request Allocated
	   Cpus                 :                 1         1
	   Disk (KB)            :        1        1  19565447
	   Memory (MB)          :      611        1      4033
...
