000 (2492234.033.000) 11/08 21:18:49 Job submitted from host: <192.168.1.109:9714>
...
001 (2492234.033.000) 11/08 21:19:24 Job executing on host: <192.168.1.48:9634>
...
006 (2492234.033.000) 11/08 21:19:32 Image size of job updated: 456648
	125  -  MemoryUsage of job (MB)
	127096  -  ResidentSetSize of job (KB)
...
006 (2492234.033.000) 11/08 21:24:32 Image size of job updated: 922684
	366  -  MemoryUsage of job (MB)
	373784  -  ResidentSetSize of job (KB)
...
006 (2492234.033.000) 11/08 21:29:33 Image size of job updated: 922684
	445  -  MemoryUsage of job (MB)
	455344  -  ResidentSetSize of job (KB)
...
006 (2492234.033.000) 11/08 21:34:34 Image size of job updated: 922684
	445  -  MemoryUsage of job (MB)
	455508  -  ResidentSetSize of job (KB)
...
006 (2492234.033.000) 11/08 21:39:34 Image size of job updated: 922684
	445  -  MemoryUsage of job (MB)
	455520  -  ResidentSetSize of job (KB)
...
005 (2492234.033.000) 11/08 21:39:44 Job terminated.
	(1) Normal termination (return value 0)
		Usr 0 00:02:26, Sys 0 00:00:11  -  Run Remote Usage
		Usr 0 00:00:00, Sys 0 00:00:00  -  Run Local Usage
		Usr 0 00:02:26, Sys 0 00:00:11  -  Total Remote Usage
		Usr 0 00:00:00, Sys 0 00:00:00  -  Total Local Usage
	0  -  Run Bytes Sent By Job
	0  -  Run Bytes Received By Job
	0  -  Total Bytes Sent By Job
	0  -  Total Bytes Received By Job
	Partitionable Resources :    Usage  Request Allocated
	   Cpus                 :                 1         1
	   Disk (KB)            :        1        1  28379984
	   Memory (MB)          :      445        1      4033
...
