000 (2504804.033.000) 11/16 01:06:12 Job submitted from host: <192.168.1.109:9714>
...
001 (2504804.033.000) 11/16 01:06:33 Job executing on host: <192.168.1.66:9620>
...
006 (2504804.033.000) 11/16 01:06:42 Image size of job updated: 358592
	52  -  MemoryUsage of job (MB)
	52692  -  ResidentSetSize of job (KB)
...
006 (2504804.033.000) 11/16 01:10:44 Image size of job updated: 902240
	52  -  MemoryUsage of job (MB)
	52692  -  ResidentSetSize of job (KB)
...
005 (2504804.033.000) 11/16 01:10:44 Job terminated.
	(1) Normal termination (return value 0)
		Usr 0 00:02:53, Sys 0 00:00:13  -  Run Remote Usage
		Usr 0 00:00:00, Sys 0 00:00:00  -  Run Local Usage
		Usr 0 00:02:53, Sys 0 00:00:13  -  Total Remote Usage
		Usr 0 00:00:00, Sys 0 00:00:00  -  Total Local Usage
	0  -  Run Bytes Sent By Job
	0  -  Run Bytes Received By Job
	0  -  Total Bytes Sent By Job
	0  -  Total Bytes Received By Job
	Partitionable Resources :    Usage  Request Allocated
	   Cpus                 :                 1         1
	   Disk (KB)            :        1        1  19562345
	   Memory (MB)          :       52        1      4033
...
