000 (2492636.081.000) 11/08 22:47:40 Job submitted from host: <192.168.1.109:9714>
...
001 (2492636.081.000) 11/08 22:47:50 Job executing on host: <192.168.1.68:9996>
...
006 (2492636.081.000) 11/08 22:47:59 Image size of job updated: 24424
	3  -  MemoryUsage of job (MB)
	2560  -  ResidentSetSize of job (KB)
...
005 (2492636.081.000) 11/08 22:48:18 Job terminated.
	(1) Normal termination (return value 0)
		Usr 0 00:00:00, Sys 0 00:00:00  -  Run Remote Usage
		Usr 0 00:00:00, Sys 0 00:00:00  -  Run Local Usage
		Usr 0 00:00:00, Sys 0 00:00:00  -  Total Remote Usage
		Usr 0 00:00:00, Sys 0 00:00:00  -  Total Local Usage
	0  -  Run Bytes Sent By Job
	0  -  Run Bytes Received By Job
	0  -  Total Bytes Sent By Job
	0  -  Total Bytes Received By Job
	Partitionable Resources :    Usage  Request Allocated
	   Cpus                 :                 1         1
	   Disk (KB)            :        1        1  20251317
	   Memory (MB)          :        3        1      4038
...
