000 (2492234.100.000) 11/08 21:18:50 Job submitted from host: <192.168.1.109:9714>
...
001 (2492234.100.000) 11/08 21:19:28 Job executing on host: <192.168.1.50:9434>
...
006 (2492234.100.000) 11/08 21:19:37 Image size of job updated: 24372
	3  -  MemoryUsage of job (MB)
	2536  -  ResidentSetSize of job (KB)
...
006 (2492234.100.000) 11/08 21:24:39 Image size of job updated: 949512
	380  -  MemoryUsage of job (MB)
	388460  -  ResidentSetSize of job (KB)
...
006 (2492234.100.000) 11/08 21:29:39 Image size of job updated: 949512
	470  -  MemoryUsage of job (MB)
	480372  -  ResidentSetSize of job (KB)
...
006 (2492234.100.000) 11/08 21:34:39 Image size of job updated: 949512
	470  -  MemoryUsage of job (MB)
	480380  -  ResidentSetSize of job (KB)
...
005 (2492234.100.000) 11/08 21:37:22 Job terminated.
	(1) Normal termination (return value 0)
		Usr 0 00:02:17, Sys 0 00:00:12  -  Run Remote Usage
		Usr 0 00:00:00, Sys 0 00:00:00  -  Run Local Usage
		Usr 0 00:02:17, Sys 0 00:00:12  -  Total Remote Usage
		Usr 0 00:00:00, Sys 0 00:00:00  -  Total Local Usage
	0  -  Run Bytes Sent By Job
	0  -  Run Bytes Received By Job
	0  -  Total Bytes Sent By Job
	0  -  Total Bytes Received By Job
	Partitionable Resources :    Usage  Request Allocated
	   Cpus                 :                 1         1
	   Disk (KB)            :        1        1  28379735
	   Memory (MB)          :      470        1      4033
...
