000 (2506670.100.000) 11/17 00:08:52 Job submitted from host: <192.168.1.109:9714>
...
001 (2506670.100.000) 11/17 00:09:05 Job executing on host: <192.168.1.43:9998>
...
006 (2506670.100.000) 11/17 00:09:13 Image size of job updated: 1
	3  -  MemoryUsage of job (MB)
	2244  -  ResidentSetSize of job (KB)
...
006 (2506670.100.000) 11/17 00:11:48 Image size of job updated: 935040
	3  -  MemoryUsage of job (MB)
	2244  -  ResidentSetSize of job (KB)
...
005 (2506670.100.000) 11/17 00:11:48 Job terminated.
	(1) Normal termination (return value 0)
		Usr 0 00:01:09, Sys 0 00:00:07  -  Run Remote Usage
		Usr 0 00:00:00, Sys 0 00:00:00  -  Run Local Usage
		Usr 0 00:01:09, Sys 0 00:00:07  -  Total Remote Usage
		Usr 0 00:00:00, Sys 0 00:00:00  -  Total Local Usage
	0  -  Run Bytes Sent By Job
	0  -  Run Bytes Received By Job
	0  -  Total Bytes Sent By Job
	0  -  Total Bytes Received By Job
	Partitionable Resources :    Usage  Request Allocated
	   Cpus                 :                 1         1
	   Disk (KB)            :        1        1   2370968
	   Memory (MB)          :        3        1      4035
...
