000 (2493272.055.000) 11/09 01:26:05 Job submitted from host: <192.168.1.109:9714>
...
001 (2493272.055.000) 11/09 01:26:16 Job executing on host: <192.168.1.50:9434>
...
006 (2493272.055.000) 11/09 01:26:25 Image size of job updated: 359028
	48  -  MemoryUsage of job (MB)
	49020  -  ResidentSetSize of job (KB)
...
006 (2493272.055.000) 11/09 01:26:31 Image size of job updated: 474488
	48  -  MemoryUsage of job (MB)
	49020  -  ResidentSetSize of job (KB)
...
005 (2493272.055.000) 11/09 01:26:31 Job terminated.
	(1) Normal termination (return value 0)
		Usr 0 00:00:06, Sys 0 00:00:00  -  Run Remote Usage
		Usr 0 00:00:00, Sys 0 00:00:00  -  Run Local Usage
		Usr 0 00:00:06, Sys 0 00:00:00  -  Total Remote Usage
		Usr 0 00:00:00, Sys 0 00:00:00  -  Total Local Usage
	0  -  Run Bytes Sent By Job
	0  -  Run Bytes Received By Job
	0  -  Total Bytes Sent By Job
	0  -  Total Bytes Received By Job
	Partitionable Resources :    Usage  Request Allocated
	   Cpus                 :                 1         1
	   Disk (KB)            :        1        1  28379983
	   Memory (MB)          :       48        1      4033
...
