000 (2464979.005.000) 11/02 16:50:20 Job submitted from host: <192.168.1.109:9308>
...
001 (2464979.005.000) 11/02 16:50:34 Job executing on host: <192.168.1.42:9374>
...
006 (2464979.005.000) 11/02 16:50:44 Image size of job updated: 15608
	2  -  MemoryUsage of job (MB)
	1352  -  ResidentSetSize of job (KB)
...
006 (2464979.005.000) 11/02 16:51:28 Image size of job updated: 491772
	2  -  MemoryUsage of job (MB)
	1352  -  ResidentSetSize of job (KB)
...
005 (2464979.005.000) 11/02 16:51:28 Job terminated.
	(1) Normal termination (return value 0)
		Usr 0 00:00:18, Sys 0 00:00:01  -  Run Remote Usage
		Usr 0 00:00:00, Sys 0 00:00:00  -  Run Local Usage
		Usr 0 00:00:18, Sys 0 00:00:01  -  Total Remote Usage
		Usr 0 00:00:00, Sys 0 00:00:00  -  Total Local Usage
	0  -  Run Bytes Sent By Job
	0  -  Run Bytes Received By Job
	0  -  Total Bytes Sent By Job
	0  -  Total Bytes Received By Job
	Partitionable Resources :    Usage  Request Allocated
	   Cpus                 :                 1         1
	   Disk (KB)            :        1        1   2371369
	   Memory (MB)          :        2        1      4035
...
