000 (2492235.109.000) 11/08 21:19:21 Job submitted from host: <192.168.1.109:9714>
...
001 (2492235.109.000) 11/08 21:19:33 Job executing on host: <192.168.1.48:9634>
...
006 (2492235.109.000) 11/08 21:19:42 Image size of job updated: 386556
	75  -  MemoryUsage of job (MB)
	76732  -  ResidentSetSize of job (KB)
...
006 (2492235.109.000) 11/08 21:24:43 Image size of job updated: 1051004
	432  -  MemoryUsage of job (MB)
	441876  -  ResidentSetSize of job (KB)
...
006 (2492235.109.000) 11/08 21:29:43 Image size of job updated: 1051004
	432  -  MemoryUsage of job (MB)
	442012  -  ResidentSetSize of job (KB)
...
006 (2492235.109.000) 11/08 21:34:44 Image size of job updated: 1051004
	432  -  MemoryUsage of job (MB)
	442044  -  ResidentSetSize of job (KB)
...
006 (2492235.109.000) 11/08 21:39:45 Image size of job updated: 1051004
	432  -  MemoryUsage of job (MB)
	442088  -  ResidentSetSize of job (KB)
...
006 (2492235.109.000) 11/08 21:44:45 Image size of job updated: 1051004
	432  -  MemoryUsage of job (MB)
	442112  -  ResidentSetSize of job (KB)
...
006 (2492235.109.000) 11/08 21:49:47 Image size of job updated: 1051004
	432  -  MemoryUsage of job (MB)
	442188  -  ResidentSetSize of job (KB)
...
006 (2492235.109.000) 11/08 21:54:47 Image size of job updated: 1051004
	433  -  MemoryUsage of job (MB)
	442432  -  ResidentSetSize of job (KB)
...
006 (2492235.109.000) 11/08 21:59:47 Image size of job updated: 1051004
	433  -  MemoryUsage of job (MB)
	442616  -  ResidentSetSize of job (KB)
...
006 (2492235.109.000) 11/08 22:04:48 Image size of job updated: 1051004
	433  -  MemoryUsage of job (MB)
	442672  -  ResidentSetSize of job (KB)
...
006 (2492235.109.000) 11/08 22:09:49 Image size of job updated: 1051004
	433  -  MemoryUsage of job (MB)
	442720  -  ResidentSetSize of job (KB)
...
005 (2492235.109.000) 11/08 22:10:27 Job terminated.
	(1) Normal termination (return value 0)
		Usr 0 00:07:22, Sys 0 00:00:29  -  Run Remote Usage
		Usr 0 00:00:00, Sys 0 00:00:00  -  Run Local Usage
		Usr 0 00:07:22, Sys 0 00:00:29  -  Total Remote Usage
		Usr 0 00:00:00, Sys 0 00:00:00  -  Total Local Usage
	0  -  Run Bytes Sent By Job
	0  -  Run Bytes Received By Job
	0  -  Total Bytes Sent By Job
	0  -  Total Bytes Received By Job
	Partitionable Resources :    Usage  Request Allocated
	   Cpus                 :                 1         1
	   Disk (KB)            :        1        1  28379984
	   Memory (MB)          :      433        1      4033
...
