000 (2492274.097.000) 11/08 21:22:01 Job submitted from host: <192.168.1.109:9714>
...
001 (2492274.097.000) 11/08 21:24:19 Job executing on host: <192.168.1.45:9392>
...
006 (2492274.097.000) 11/08 21:24:34 Image size of job updated: 97660
	2  -  MemoryUsage of job (MB)
	1828  -  ResidentSetSize of job (KB)
...
006 (2492274.097.000) 11/08 21:29:34 Image size of job updated: 946492
	358  -  MemoryUsage of job (MB)
	365788  -  ResidentSetSize of job (KB)
...
006 (2492274.097.000) 11/08 21:34:34 Image size of job updated: 1051004
	509  -  MemoryUsage of job (MB)
	520296  -  ResidentSetSize of job (KB)
...
006 (2492274.097.000) 11/08 21:39:35 Image size of job updated: 1051004
	509  -  MemoryUsage of job (MB)
	520856  -  ResidentSetSize of job (KB)
...
006 (2492274.097.000) 11/08 21:44:36 Image size of job updated: 1051004
	509  -  MemoryUsage of job (MB)
	520980  -  ResidentSetSize of job (KB)
...
006 (2492274.097.000) 11/08 21:49:36 Image size of job updated: 1051004
	509  -  MemoryUsage of job (MB)
	520984  -  ResidentSetSize of job (KB)
...
006 (2492274.097.000) 11/08 21:54:37 Image size of job updated: 1051004
	509  -  MemoryUsage of job (MB)
	520996  -  ResidentSetSize of job (KB)
...
006 (2492274.097.000) 11/08 21:59:38 Image size of job updated: 1051004
	509  -  MemoryUsage of job (MB)
	521040  -  ResidentSetSize of job (KB)
...
006 (2492274.097.000) 11/08 22:04:38 Image size of job updated: 1051004
	509  -  MemoryUsage of job (MB)
	521100  -  ResidentSetSize of job (KB)
...
006 (2492274.097.000) 11/08 22:09:38 Image size of job updated: 1051004
	509  -  MemoryUsage of job (MB)
	521120  -  ResidentSetSize of job (KB)
...
006 (2492274.097.000) 11/08 22:14:39 Image size of job updated: 1051004
	510  -  MemoryUsage of job (MB)
	521552  -  ResidentSetSize of job (KB)
...
006 (2492274.097.000) 11/08 22:19:39 Image size of job updated: 1051004
	510  -  MemoryUsage of job (MB)
	521608  -  ResidentSetSize of job (KB)
...
006 (2492274.097.000) 11/08 22:24:40 Image size of job updated: 1051004
	510  -  MemoryUsage of job (MB)
	521628  -  ResidentSetSize of job (KB)
...
005 (2492274.097.000) 11/08 22:28:31 Job terminated.
	(1) Normal termination (return value 0)
		Usr 0 00:08:53, Sys 0 00:00:32  -  Run Remote Usage
		Usr 0 00:00:00, Sys 0 00:00:00  -  Run Local Usage
		Usr 0 00:08:53, Sys 0 00:00:32  -  Total Remote Usage
		Usr 0 00:00:00, Sys 0 00:00:00  -  Total Local Usage
	0  -  Run Bytes Sent By Job
	0  -  Run Bytes Received By Job
	0  -  Total Bytes Sent By Job
	0  -  Total Bytes Received By Job
	Partitionable Resources :    Usage  Request Allocated
	   Cpus                 :                 1         1
	   Disk (KB)            :        1        1   2370034
	   Memory (MB)          :      510        1      4035
...
