000 (2493183.109.000) 11/09 00:44:15 Job submitted from host: <192.168.1.109:9714>
...
001 (2493183.109.000) 11/09 00:44:27 Job executing on host: <192.168.1.51:9694>
...
006 (2493183.109.000) 11/09 00:44:35 Image size of job updated: 443676
	123  -  MemoryUsage of job (MB)
	125280  -  ResidentSetSize of job (KB)
...
006 (2493183.109.000) 11/09 00:49:35 Image size of job updated: 1036872
	487  -  MemoryUsage of job (MB)
	497740  -  ResidentSetSize of job (KB)
...
006 (2493183.109.000) 11/09 00:54:36 Image size of job updated: 1036872
	487  -  MemoryUsage of job (MB)
	498068  -  ResidentSetSize of job (KB)
...
006 (2493183.109.000) 11/09 00:59:36 Image size of job updated: 1036872
	487  -  MemoryUsage of job (MB)
	498100  -  ResidentSetSize of job (KB)
...
006 (2493183.109.000) 11/09 01:04:36 Image size of job updated: 1036872
	487  -  MemoryUsage of job (MB)
	498212  -  ResidentSetSize of job (KB)
...
006 (2493183.109.000) 11/09 01:09:37 Image size of job updated: 1036872
	487  -  MemoryUsage of job (MB)
	498264  -  ResidentSetSize of job (KB)
...
006 (2493183.109.000) 11/09 01:14:37 Image size of job updated: 1036872
	487  -  MemoryUsage of job (MB)
	498528  -  ResidentSetSize of job (KB)
...
006 (2493183.109.000) 11/09 01:19:37 Image size of job updated: 1036872
	487  -  MemoryUsage of job (MB)
	498584  -  ResidentSetSize of job (KB)
...
005 (2493183.109.000) 11/09 01:22:03 Job terminated.
	(1) Normal termination (return value 0)
		Usr 0 00:07:07, Sys 0 00:00:27  -  Run Remote Usage
		Usr 0 00:00:00, Sys 0 00:00:00  -  Run Local Usage
		Usr 0 00:07:07, Sys 0 00:00:27  -  Total Remote Usage
		Usr 0 00:00:00, Sys 0 00:00:00  -  Total Local Usage
	0  -  Run Bytes Sent By Job
	0  -  Run Bytes Received By Job
	0  -  Total Bytes Sent By Job
	0  -  Total Bytes Received By Job
	Partitionable Resources :    Usage  Request Allocated
	   Cpus                 :                 1         1
	   Disk (KB)            :        1        1  28379828
	   Memory (MB)          :      487        1      4033
...
