000 (2524735.066.000) 11/21 01:52:17 Job submitted from host: <192.168.1.109:9714>
...
001 (2524735.066.000) 11/21 02:14:17 Job executing on host: <192.168.1.46:9845>
...
006 (2524735.066.000) 11/21 02:14:26 Image size of job updated: 432504
	97  -  MemoryUsage of job (MB)
	98784  -  ResidentSetSize of job (KB)
...
005 (2524735.066.000) 11/21 02:14:32 Job terminated.
	(1) Normal termination (return value 0)
		Usr 0 00:00:01, Sys 0 00:00:00  -  Run Remote Usage
		Usr 0 00:00:00, Sys 0 00:00:00  -  Run Local Usage
		Usr 0 00:00:01, Sys 0 00:00:00  -  Total Remote Usage
		Usr 0 00:00:00, Sys 0 00:00:00  -  Total Local Usage
	0  -  Run Bytes Sent By Job
	0  -  Run Bytes Received By Job
	0  -  Total Bytes Sent By Job
	0  -  Total Bytes Received By Job
	Partitionable Resources :    Usage  Request Allocated
	   Cpus                 :                 1         1
	   Disk (KB)            :        1        1   2369775
	   Memory (MB)          :       97        1      4035
...
