000 (2491851.035.000) 11/08 20:36:46 Job submitted from host: <192.168.1.109:9714>
...
001 (2491851.035.000) 11/08 20:37:14 Job executing on host: <192.168.1.67:9583>
...
006 (2491851.035.000) 11/08 20:37:22 Image size of job updated: 319736
	17  -  MemoryUsage of job (MB)
	17060  -  ResidentSetSize of job (KB)
...
006 (2491851.035.000) 11/08 20:42:22 Image size of job updated: 996348
	488  -  MemoryUsage of job (MB)
	498792  -  ResidentSetSize of job (KB)
...
006 (2491851.035.000) 11/08 20:47:23 Image size of job updated: 996348
	489  -  MemoryUsage of job (MB)
	499868  -  ResidentSetSize of job (KB)
...
006 (2491851.035.000) 11/08 20:52:23 Image size of job updated: 996348
	489  -  MemoryUsage of job (MB)
	499952  -  ResidentSetSize of job (KB)
...
005 (2491851.035.000) 11/08 20:55:50 Job terminated.
	(1) Normal termination (return value 0)
		Usr 0 00:08:10, Sys 0 00:00:20  -  Run Remote Usage
		Usr 0 00:00:00, Sys 0 00:00:00  -  Run Local Usage
		Usr 0 00:08:10, Sys 0 00:00:20  -  Total Remote Usage
		Usr 0 00:00:00, Sys 0 00:00:00  -  Total Local Usage
	0  -  Run Bytes Sent By Job
	0  -  Run Bytes Received By Job
	0  -  Total Bytes Sent By Job
	0  -  Total Bytes Received By Job
	Partitionable Resources :    Usage  Request Allocated
	   Cpus                 :                 1         1
	   Disk (KB)            :        1        1  19563475
	   Memory (MB)          :      489        1      4033
...
