000 (2491133.035.000) 11/08 19:40:18 Job submitted from host: <192.168.1.109:9714>
...
001 (2491133.035.000) 11/08 19:40:54 Job executing on host: <192.168.1.44:9507>
...
006 (2491133.035.000) 11/08 19:41:03 Image size of job updated: 202888
	14  -  MemoryUsage of job (MB)
	13592  -  ResidentSetSize of job (KB)
...
006 (2491133.035.000) 11/08 19:46:04 Image size of job updated: 996360
	482  -  MemoryUsage of job (MB)
	492628  -  ResidentSetSize of job (KB)
...
006 (2491133.035.000) 11/08 19:51:05 Image size of job updated: 996360
	483  -  MemoryUsage of job (MB)
	493964  -  ResidentSetSize of job (KB)
...
006 (2491133.035.000) 11/08 19:56:05 Image size of job updated: 996360
	483  -  MemoryUsage of job (MB)
	494156  -  ResidentSetSize of job (KB)
...
006 (2491133.035.000) 11/08 20:00:59 Image size of job updated: 1173772
	483  -  MemoryUsage of job (MB)
	494156  -  ResidentSetSize of job (KB)
...
005 (2491133.035.000) 11/08 20:01:00 Job terminated.
	(1) Normal termination (return value 0)
		Usr 0 00:06:08, Sys 0 00:00:23  -  Run Remote Usage
		Usr 0 00:00:00, Sys 0 00:00:00  -  Run Local Usage
		Usr 0 00:06:08, Sys 0 00:00:23  -  Total Remote Usage
		Usr 0 00:00:00, Sys 0 00:00:00  -  Total Local Usage
	0  -  Run Bytes Sent By Job
	0  -  Run Bytes Received By Job
	0  -  Total Bytes Sent By Job
	0  -  Total Bytes Received By Job
	Partitionable Resources :    Usage  Request Allocated
	   Cpus                 :                 1         1
	   Disk (KB)            :        1        1   2370189
	   Memory (MB)          :      483        1      4035
...
