000 (2464979.046.000) 11/02 16:50:20 Job submitted from host: <192.168.1.109:9308>
...
001 (2464979.046.000) 11/02 16:50:36 Job executing on host: <192.168.1.64:9685>
...
006 (2464979.046.000) 11/02 16:50:45 Image size of job updated: 109864
	3  -  MemoryUsage of job (MB)
	2536  -  ResidentSetSize of job (KB)
...
006 (2464979.046.000) 11/02 16:55:46 Image size of job updated: 901596
	360  -  MemoryUsage of job (MB)
	368068  -  ResidentSetSize of job (KB)
...
006 (2464979.046.000) 11/02 17:00:46 Image size of job updated: 901596
	420  -  MemoryUsage of job (MB)
	429656  -  ResidentSetSize of job (KB)
...
006 (2464979.046.000) 11/02 17:05:47 Image size of job updated: 901596
	468  -  MemoryUsage of job (MB)
	478632  -  ResidentSetSize of job (KB)
...
005 (2464979.046.000) 11/02 17:10:09 Job terminated.
	(1) Normal termination (return value 0)
		Usr 0 00:16:21, Sys 0 00:00:44  -  Run Remote Usage
		Usr 0 00:00:00, Sys 0 00:00:00  -  Run Local Usage
		Usr 0 00:16:21, Sys 0 00:00:44  -  Total Remote Usage
		Usr 0 00:00:00, Sys 0 00:00:00  -  Total Local Usage
	0  -  Run Bytes Sent By Job
	0  -  Run Bytes Received By Job
	0  -  Total Bytes Sent By Job
	0  -  Total Bytes Received By Job
	Partitionable Resources :    Usage  Request Allocated
	   Cpus                 :                 1         1
	   Disk (KB)            :        1        1  19563780
	   Memory (MB)          :      468        1      4033
...
