000 (2492234.046.000) 11/08 21:18:49 Job submitted from host: <192.168.1.109:9714>
...
001 (2492234.046.000) 11/08 21:19:24 Job executing on host: <192.168.1.67:9583>
...
006 (2492234.046.000) 11/08 21:19:33 Image size of job updated: 443732
	118  -  MemoryUsage of job (MB)
	120220  -  ResidentSetSize of job (KB)
...
006 (2492234.046.000) 11/08 21:24:35 Image size of job updated: 969284
	399  -  MemoryUsage of job (MB)
	407632  -  ResidentSetSize of job (KB)
...
006 (2492234.046.000) 11/08 21:29:35 Image size of job updated: 969284
	486  -  MemoryUsage of job (MB)
	496816  -  ResidentSetSize of job (KB)
...
006 (2492234.046.000) 11/08 21:34:36 Image size of job updated: 969284
	486  -  MemoryUsage of job (MB)
	496944  -  ResidentSetSize of job (KB)
...
006 (2492234.046.000) 11/08 21:39:36 Image size of job updated: 969284
	486  -  MemoryUsage of job (MB)
	496948  -  ResidentSetSize of job (KB)
...
006 (2492234.046.000) 11/08 21:54:37 Image size of job updated: 969284
	486  -  MemoryUsage of job (MB)
	496952  -  ResidentSetSize of job (KB)
...
005 (2492234.046.000) 11/08 22:02:50 Job terminated.
	(1) Normal termination (return value 0)
		Usr 0 00:18:00, Sys 0 00:00:51  -  Run Remote Usage
		Usr 0 00:00:00, Sys 0 00:00:00  -  Run Local Usage
		Usr 0 00:18:00, Sys 0 00:00:51  -  Total Remote Usage
		Usr 0 00:00:00, Sys 0 00:00:00  -  Total Local Usage
	0  -  Run Bytes Sent By Job
	0  -  Run Bytes Received By Job
	0  -  Total Bytes Sent By Job
	0  -  Total Bytes Received By Job
	Partitionable Resources :    Usage  Request Allocated
	   Cpus                 :                 1         1
	   Disk (KB)            :        1        1  19563136
	   Memory (MB)          :      486        1      4033
...
