000 (2504804.046.000) 11/16 01:06:12 Job submitted from host: <192.168.1.109:9714>
...
001 (2504804.046.000) 11/16 01:06:34 Job executing on host: <192.168.1.67:9583>
...
006 (2504804.046.000) 11/16 01:06:42 Image size of job updated: 352076
	44  -  MemoryUsage of job (MB)
	44728  -  ResidentSetSize of job (KB)
...
006 (2504804.046.000) 11/16 01:11:42 Image size of job updated: 953296
	439  -  MemoryUsage of job (MB)
	448896  -  ResidentSetSize of job (KB)
...
006 (2504804.046.000) 11/16 01:16:43 Image size of job updated: 953296
	533  -  MemoryUsage of job (MB)
	545700  -  ResidentSetSize of job (KB)
...
006 (2504804.046.000) 11/16 01:21:43 Image size of job updated: 953296
	533  -  MemoryUsage of job (MB)
	545708  -  ResidentSetSize of job (KB)
...
005 (2504804.046.000) 11/16 01:22:46 Job terminated.
	(1) Normal termination (return value 0)
		Usr 0 00:12:05, Sys 0 00:00:54  -  Run Remote Usage
		Usr 0 00:00:00, Sys 0 00:00:00  -  Run Local Usage
		Usr 0 00:12:05, Sys 0 00:00:54  -  Total Remote Usage
		Usr 0 00:00:00, Sys 0 00:00:00  -  Total Local Usage
	0  -  Run Bytes Sent By Job
	0  -  Run Bytes Received By Job
	0  -  Total Bytes Sent By Job
	0  -  Total Bytes Received By Job
	Partitionable Resources :    Usage  Request Allocated
	   Cpus                 :                 1         1
	   Disk (KB)            :        1        1  19564283
	   Memory (MB)          :      533        1      4033
...
