000 (2526458.122.000) 11/21 12:05:34 Job submitted from host: <192.168.1.109:9714>
...
001 (2526458.122.000) 11/21 12:05:46 Job executing on host: <192.168.1.51:9694>
...
006 (2526458.122.000) 11/21 12:05:55 Image size of job updated: 9100
	1  -  MemoryUsage of job (MB)
	300  -  ResidentSetSize of job (KB)
...
006 (2526458.122.000) 11/21 12:10:55 Image size of job updated: 931136
	445  -  MemoryUsage of job (MB)
	455480  -  ResidentSetSize of job (KB)
...
005 (2526458.122.000) 11/21 12:13:27 Job terminated.
	(1) Normal termination (return value 0)
		Usr 0 00:01:45, Sys 0 00:00:26  -  Run Remote Usage
		Usr 0 00:00:00, Sys 0 00:00:00  -  Run Local Usage
		Usr 0 00:01:45, Sys 0 00:00:26  -  Total Remote Usage
		Usr 0 00:00:00, Sys 0 00:00:00  -  Total Local Usage
	0  -  Run Bytes Sent By Job
	0  -  Run Bytes Received By Job
	0  -  Total Bytes Sent By Job
	0  -  Total Bytes Received By Job
	Partitionable Resources :    Usage  Request Allocated
	   Cpus                 :                 1         1
	   Disk (KB)            :        1        1  28380381
	   Memory (MB)          :      445        1      4033
...
