000 (2492636.087.000) 11/08 22:47:40 Job submitted from host: <192.168.1.109:9714>
...
001 (2492636.087.000) 11/08 22:47:50 Job executing on host: <192.168.1.66:9620>
...
006 (2492636.087.000) 11/08 22:47:59 Image size of job updated: 434224
	97  -  MemoryUsage of job (MB)
	98720  -  ResidentSetSize of job (KB)
...
006 (2492636.087.000) 11/08 22:48:05 Image size of job updated: 472444
	97  -  MemoryUsage of job (MB)
	98720  -  ResidentSetSize of job (KB)
...
005 (2492636.087.000) 11/08 22:48:17 Job terminated.
	(1) Normal termination (return value 0)
		Usr 0 00:00:09, Sys 0 00:00:00  -  Run Remote Usage
		Usr 0 00:00:00, Sys 0 00:00:00  -  Run Local Usage
		Usr 0 00:00:09, Sys 0 00:00:00  -  Total Remote Usage
		Usr 0 00:00:00, Sys 0 00:00:00  -  Total Local Usage
	0  -  Run Bytes Sent By Job
	0  -  Run Bytes Received By Job
	0  -  Total Bytes Sent By Job
	0  -  Total Bytes Received By Job
	Partitionable Resources :    Usage  Request Allocated
	   Cpus                 :                 1         1
	   Disk (KB)            :        1        1  19562864
	   Memory (MB)          :       97        1      4033
...
