000 (2492274.072.000) 11/08 21:22:00 Job submitted from host: <192.168.1.109:9714>
...
001 (2492274.072.000) 11/08 21:23:37 Job executing on host: <192.168.1.46:9845>
...
006 (2492274.072.000) 11/08 21:23:46 Image size of job updated: 71892
	10  -  MemoryUsage of job (MB)
	10160  -  ResidentSetSize of job (KB)
...
006 (2492274.072.000) 11/08 21:28:47 Image size of job updated: 673328
	265  -  MemoryUsage of job (MB)
	270940  -  ResidentSetSize of job (KB)
...
006 (2492274.072.000) 11/08 21:33:47 Image size of job updated: 1025448
	493  -  MemoryUsage of job (MB)
	504716  -  ResidentSetSize of job (KB)
...
006 (2492274.072.000) 11/08 21:38:49 Image size of job updated: 1025448
	494  -  MemoryUsage of job (MB)
	504868  -  ResidentSetSize of job (KB)
...
006 (2492274.072.000) 11/08 21:43:49 Image size of job updated: 1025448
	494  -  MemoryUsage of job (MB)
	505388  -  ResidentSetSize of job (KB)
...
006 (2492274.072.000) 11/08 21:48:50 Image size of job updated: 1025448
	495  -  MemoryUsage of job (MB)
	505904  -  ResidentSetSize of job (KB)
...
006 (2492274.072.000) 11/08 21:53:51 Image size of job updated: 1025448
	495  -  MemoryUsage of job (MB)
	506064  -  ResidentSetSize of job (KB)
...
006 (2492274.072.000) 11/08 21:58:51 Image size of job updated: 1025448
	495  -  MemoryUsage of job (MB)
	506084  -  ResidentSetSize of job (KB)
...
006 (2492274.072.000) 11/08 22:03:52 Image size of job updated: 1025448
	495  -  MemoryUsage of job (MB)
	506100  -  ResidentSetSize of job (KB)
...
005 (2492274.072.000) 11/08 22:08:36 Job terminated.
	(1) Normal termination (return value 0)
		Usr 0 00:03:32, Sys 0 00:00:16  -  Run Remote Usage
		Usr 0 00:00:00, Sys 0 00:00:00  -  Run Local Usage
		Usr 0 00:03:32, Sys 0 00:00:16  -  Total Remote Usage
		Usr 0 00:00:00, Sys 0 00:00:00  -  Total Local Usage
	0  -  Run Bytes Sent By Job
	0  -  Run Bytes Received By Job
	0  -  Total Bytes Sent By Job
	0  -  Total Bytes Received By Job
	Partitionable Resources :    Usage  Request Allocated
	   Cpus                 :                 1         1
	   Disk (KB)            :        1        1   2371756
	   Memory (MB)          :      495        1      4035
...
