000 (2493183.084.000) 11/09 00:44:14 Job submitted from host: <192.168.1.109:9714>
...
001 (2493183.084.000) 11/09 00:44:25 Job executing on host: <192.168.1.51:9694>
...
006 (2493183.084.000) 11/09 00:44:34 Image size of job updated: 342524
	74  -  MemoryUsage of job (MB)
	74940  -  ResidentSetSize of job (KB)
...
006 (2493183.084.000) 11/09 00:49:35 Image size of job updated: 1050816
	491  -  MemoryUsage of job (MB)
	502244  -  ResidentSetSize of job (KB)
...
006 (2493183.084.000) 11/09 00:54:35 Image size of job updated: 1050816
	491  -  MemoryUsage of job (MB)
	502592  -  ResidentSetSize of job (KB)
...
006 (2493183.084.000) 11/09 00:59:35 Image size of job updated: 1050816
	607  -  MemoryUsage of job (MB)
	621232  -  ResidentSetSize of job (KB)
...
006 (2493183.084.000) 11/09 01:04:36 Image size of job updated: 1050816
	607  -  MemoryUsage of job (MB)
	621236  -  ResidentSetSize of job (KB)
...
005 (2493183.084.000) 11/09 01:06:27 Job terminated.
	(1) Normal termination (return value 0)
		Usr 0 00:03:15, Sys 0 00:00:12  -  Run Remote Usage
		Usr 0 00:00:00, Sys 0 00:00:00  -  Run Local Usage
		Usr 0 00:03:15, Sys 0 00:00:12  -  Total Remote Usage
		Usr 0 00:00:00, Sys 0 00:00:00  -  Total Local Usage
	0  -  Run Bytes Sent By Job
	0  -  Run Bytes Received By Job
	0  -  Total Bytes Sent By Job
	0  -  Total Bytes Received By Job
	Partitionable Resources :    Usage  Request Allocated
	   Cpus                 :                 1         1
	   Disk (KB)            :        1        1  28379832
	   Memory (MB)          :      607        1      4033
...
