000 (2504801.053.000) 11/16 00:30:12 Job submitted from host: <192.168.1.109:9714>
...
001 (2504801.053.000) 11/16 00:30:33 Job executing on host: <192.168.1.46:9845>
...
006 (2504801.053.000) 11/16 00:30:42 Image size of job updated: 339592
	66  -  MemoryUsage of job (MB)
	66864  -  ResidentSetSize of job (KB)
...
006 (2504801.053.000) 11/16 00:30:59 Image size of job updated: 476472
	66  -  MemoryUsage of job (MB)
	66864  -  ResidentSetSize of job (KB)
...
005 (2504801.053.000) 11/16 00:30:59 Job terminated.
	(1) Normal termination (return value 0)
		Usr 0 00:00:08, Sys 0 00:00:00  -  Run Remote Usage
		Usr 0 00:00:00, Sys 0 00:00:00  -  Run Local Usage
		Usr 0 00:00:08, Sys 0 00:00:00  -  Total Remote Usage
		Usr 0 00:00:00, Sys 0 00:00:00  -  Total Local Usage
	0  -  Run Bytes Sent By Job
	0  -  Run Bytes Received By Job
	0  -  Total Bytes Sent By Job
	0  -  Total Bytes Received By Job
	Partitionable Resources :    Usage  Request Allocated
	   Cpus                 :                 1         1
	   Disk (KB)            :        1        1   2372045
	   Memory (MB)          :       66        1      4035
...
