000 (2504798.053.000) 11/15 23:52:38 Job submitted from host: <192.168.1.109:9714>
...
001 (2504798.053.000) 11/15 23:52:45 Job executing on host: <192.168.1.66:9620>
...
006 (2504798.053.000) 11/15 23:52:53 Image size of job updated: 319340
	10  -  MemoryUsage of job (MB)
	10156  -  ResidentSetSize of job (KB)
...
006 (2504798.053.000) 11/15 23:53:03 Image size of job updated: 476476
	10  -  MemoryUsage of job (MB)
	10156  -  ResidentSetSize of job (KB)
...
005 (2504798.053.000) 11/15 23:53:04 Job terminated.
	(1) Normal termination (return value 0)
		Usr 0 00:00:13, Sys 0 00:00:00  -  Run Remote Usage
		Usr 0 00:00:00, Sys 0 00:00:00  -  Run Local Usage
		Usr 0 00:00:13, Sys 0 00:00:00  -  Total Remote Usage
		Usr 0 00:00:00, Sys 0 00:00:00  -  Total Local Usage
	0  -  Run Bytes Sent By Job
	0  -  Run Bytes Received By Job
	0  -  Total Bytes Sent By Job
	0  -  Total Bytes Received By Job
	Partitionable Resources :    Usage  Request Allocated
	   Cpus                 :                 1         1
	   Disk (KB)            :        1        1  19562410
	   Memory (MB)          :       10        1      4033
...
