000 (2511949.068.000) 11/17 23:24:50 Job submitted from host: <192.168.1.109:9714>
...
001 (2511949.068.000) 11/17 23:30:21 Job executing on host: <192.168.1.44:9507>
...
006 (2511949.068.000) 11/17 23:30:29 Image size of job updated: 351936
	89  -  MemoryUsage of job (MB)
	90232  -  ResidentSetSize of job (KB)
...
006 (2511949.068.000) 11/17 23:31:24 Image size of job updated: 847232
	89  -  MemoryUsage of job (MB)
	90232  -  ResidentSetSize of job (KB)
...
005 (2511949.068.000) 11/17 23:31:24 Job terminated.
	(1) Normal termination (return value 0)
		Usr 0 00:00:26, Sys 0 00:00:03  -  Run Remote Usage
		Usr 0 00:00:00, Sys 0 00:00:00  -  Run Local Usage
		Usr 0 00:00:26, Sys 0 00:00:03  -  Total Remote Usage
		Usr 0 00:00:00, Sys 0 00:00:00  -  Total Local Usage
	0  -  Run Bytes Sent By Job
	0  -  Run Bytes Received By Job
	0  -  Total Bytes Sent By Job
	0  -  Total Bytes Received By Job
	Partitionable Resources :    Usage  Request Allocated
	   Cpus                 :                 1         1
	   Disk (KB)            :        1        1   2181145
	   Memory (MB)          :       89        1      4035
...
