000 (2526456.068.000) 11/21 10:41:04 Job submitted from host: <192.168.1.109:9714>
...
001 (2526456.068.000) 11/21 10:41:31 Job executing on host: <192.168.1.44:9507>
...
006 (2526456.068.000) 11/21 10:41:40 Image size of job updated: 399980
	55  -  MemoryUsage of job (MB)
	56220  -  ResidentSetSize of job (KB)
...
006 (2526456.068.000) 11/21 10:42:41 Image size of job updated: 866000
	55  -  MemoryUsage of job (MB)
	56220  -  ResidentSetSize of job (KB)
...
005 (2526456.068.000) 11/21 10:42:41 Job terminated.
	(1) Normal termination (return value 0)
		Usr 0 00:00:27, Sys 0 00:00:03  -  Run Remote Usage
		Usr 0 00:00:00, Sys 0 00:00:00  -  Run Local Usage
		Usr 0 00:00:27, Sys 0 00:00:03  -  Total Remote Usage
		Usr 0 00:00:00, Sys 0 00:00:00  -  Total Local Usage
	0  -  Run Bytes Sent By Job
	0  -  Run Bytes Received By Job
	0  -  Total Bytes Sent By Job
	0  -  Total Bytes Received By Job
	Partitionable Resources :    Usage  Request Allocated
	   Cpus                 :                 1         1
	   Disk (KB)            :        1        1   2369925
	   Memory (MB)          :       55        1      4035
...
