000 (2464980.001.000) 11/02 16:52:02 Job submitted from host: <192.168.1.109:9308>
...
001 (2464980.001.000) 11/02 16:52:39 Job executing on host: <192.168.1.51:9491>
...
006 (2464980.001.000) 11/02 16:52:49 Image size of job updated: 97472
	14  -  MemoryUsage of job (MB)
	14068  -  ResidentSetSize of job (KB)
...
006 (2464980.001.000) 11/02 16:54:04 Image size of job updated: 846028
	14  -  MemoryUsage of job (MB)
	14068  -  ResidentSetSize of job (KB)
...
005 (2464980.001.000) 11/02 16:54:04 Job terminated.
	(1) Normal termination (return value 0)
		Usr 0 00:00:25, Sys 0 00:00:02  -  Run Remote Usage
		Usr 0 00:00:00, Sys 0 00:00:00  -  Run Local Usage
		Usr 0 00:00:25, Sys 0 00:00:02  -  Total Remote Usage
		Usr 0 00:00:00, Sys 0 00:00:00  -  Total Local Usage
	0  -  Run Bytes Sent By Job
	0  -  Run Bytes Received By Job
	0  -  Total Bytes Sent By Job
	0  -  Total Bytes Received By Job
	Partitionable Resources :    Usage  Request Allocated
	   Cpus                 :                 1         1
	   Disk (KB)            :        1        1  28380279
	   Memory (MB)          :       14        1      4033
...
