000 (2504805.001.000) 11/16 01:26:44 Job submitted from host: <192.168.1.109:9714>
...
001 (2504805.001.000) 11/16 01:26:54 Job executing on host: <192.168.1.63:9932>
...
006 (2504805.001.000) 11/16 01:27:03 Image size of job updated: 63156
	3  -  MemoryUsage of job (MB)
	2696  -  ResidentSetSize of job (KB)
...
006 (2504805.001.000) 11/16 01:27:59 Image size of job updated: 863260
	3  -  MemoryUsage of job (MB)
	2696  -  ResidentSetSize of job (KB)
...
005 (2504805.001.000) 11/16 01:27:59 Job terminated.
	(1) Normal termination (return value 0)
		Usr 0 00:00:31, Sys 0 00:00:02  -  Run Remote Usage
		Usr 0 00:00:00, Sys 0 00:00:00  -  Run Local Usage
		Usr 0 00:00:31, Sys 0 00:00:02  -  Total Remote Usage
		Usr 0 00:00:00, Sys 0 00:00:00  -  Total Local Usage
	0  -  Run Bytes Sent By Job
	0  -  Run Bytes Received By Job
	0  -  Total Bytes Sent By Job
	0  -  Total Bytes Received By Job
	Partitionable Resources :    Usage  Request Allocated
	   Cpus                 :                 1         1
	   Disk (KB)            :        1        1  19562536
	   Memory (MB)          :        3        1      4033
...
