000 (2493183.065.000) 11/09 00:44:14 Job submitted from host: <192.168.1.109:9714>
...
001 (2493183.065.000) 11/09 00:44:25 Job executing on host: <192.168.1.49:9578>
...
006 (2493183.065.000) 11/09 00:44:33 Image size of job updated: 202928
	17  -  MemoryUsage of job (MB)
	16636  -  ResidentSetSize of job (KB)
...
006 (2493183.065.000) 11/09 00:49:34 Image size of job updated: 1057228
	497  -  MemoryUsage of job (MB)
	508316  -  ResidentSetSize of job (KB)
...
006 (2493183.065.000) 11/09 00:54:35 Image size of job updated: 1057228
	497  -  MemoryUsage of job (MB)
	508828  -  ResidentSetSize of job (KB)
...
005 (2493183.065.000) 11/09 00:57:05 Job terminated.
	(1) Normal termination (return value 0)
		Usr 0 00:02:55, Sys 0 00:00:09  -  Run Remote Usage
		Usr 0 00:00:00, Sys 0 00:00:00  -  Run Local Usage
		Usr 0 00:02:55, Sys 0 00:00:09  -  Total Remote Usage
		Usr 0 00:00:00, Sys 0 00:00:00  -  Total Local Usage
	0  -  Run Bytes Sent By Job
	0  -  Run Bytes Received By Job
	0  -  Total Bytes Sent By Job
	0  -  Total Bytes Received By Job
	Partitionable Resources :    Usage  Request Allocated
	   Cpus                 :                 1         1
	   Disk (KB)            :        1        1  28380281
	   Memory (MB)          :      497        1      4033
...
