000 (2511949.036.000) 11/17 23:24:50 Job submitted from host: <192.168.1.109:9714>
...
001 (2511949.036.000) 11/17 23:29:16 Job executing on host: <192.168.1.64:9697>
...
006 (2511949.036.000) 11/17 23:29:24 Image size of job updated: 434292
	103  -  MemoryUsage of job (MB)
	104912  -  ResidentSetSize of job (KB)
...
006 (2511949.036.000) 11/17 23:34:07 Image size of job updated: 863556
	103  -  MemoryUsage of job (MB)
	104912  -  ResidentSetSize of job (KB)
...
005 (2511949.036.000) 11/17 23:34:07 Job terminated.
	(1) Normal termination (return value 0)
		Usr 0 00:04:06, Sys 0 00:00:14  -  Run Remote Usage
		Usr 0 00:00:00, Sys 0 00:00:00  -  Run Local Usage
		Usr 0 00:04:06, Sys 0 00:00:14  -  Total Remote Usage
		Usr 0 00:00:00, Sys 0 00:00:00  -  Total Local Usage
	0  -  Run Bytes Sent By Job
	0  -  Run Bytes Received By Job
	0  -  Total Bytes Sent By Job
	0  -  Total Bytes Received By Job
	Partitionable Resources :    Usage  Request Allocated
	   Cpus                 :                 1         1
	   Disk (KB)            :        1        1  19563898
	   Memory (MB)          :      103        1      4033
...
