000 (2491851.148.000) 11/08 20:36:48 Job submitted from host: <192.168.1.109:9714>
...
001 (2491851.148.000) 11/08 20:37:20 Job executing on host: <192.168.1.45:9392>
...
006 (2491851.148.000) 11/08 20:37:29 Image size of job updated: 465180
	148  -  MemoryUsage of job (MB)
	150580  -  ResidentSetSize of job (KB)
...
006 (2491851.148.000) 11/08 20:42:30 Image size of job updated: 947816
	466  -  MemoryUsage of job (MB)
	477128  -  ResidentSetSize of job (KB)
...
006 (2491851.148.000) 11/08 21:22:33 Image size of job updated: 947816
	486  -  MemoryUsage of job (MB)
	497588  -  ResidentSetSize of job (KB)
...
006 (2491851.148.000) 11/08 21:27:34 Image size of job updated: 947816
	487  -  MemoryUsage of job (MB)
	497680  -  ResidentSetSize of job (KB)
...
006 (2491851.148.000) 11/08 21:32:34 Image size of job updated: 947816
	487  -  MemoryUsage of job (MB)
	497764  -  ResidentSetSize of job (KB)
...
006 (2491851.148.000) 11/08 21:37:35 Image size of job updated: 947816
	487  -  MemoryUsage of job (MB)
	497768  -  ResidentSetSize of job (KB)
...
006 (2491851.148.000) 11/08 21:42:36 Image size of job updated: 947816
	487  -  MemoryUsage of job (MB)
	497872  -  ResidentSetSize of job (KB)
...
006 (2491851.148.000) 11/08 21:57:38 Image size of job updated: 947816
	487  -  MemoryUsage of job (MB)
	497876  -  ResidentSetSize of job (KB)
...
006 (2491851.148.000) 11/08 22:07:39 Image size of job updated: 947816
	487  -  MemoryUsage of job (MB)
	497908  -  ResidentSetSize of job (KB)
...
006 (2491851.148.000) 11/08 22:27:42 Image size of job updated: 947816
	487  -  MemoryUsage of job (MB)
	497932  -  ResidentSetSize of job (KB)
...
006 (2491851.148.000) 11/08 22:32:42 Image size of job updated: 947816
	487  -  MemoryUsage of job (MB)
	498088  -  ResidentSetSize of job (KB)
...
005 (2491851.148.000) 11/08 22:35:14 Job terminated.
	(1) Normal termination (return value 0)
		Usr 0 00:28:38, Sys 0 00:01:43  -  Run Remote Usage
		Usr 0 00:00:00, Sys 0 00:00:00  -  Run Local Usage
		Usr 0 00:28:38, Sys 0 00:01:43  -  Total Remote Usage
		Usr 0 00:00:00, Sys 0 00:00:00  -  Total Local Usage
	0  -  Run Bytes Sent By Job
	0  -  Run Bytes Received By Job
	0  -  Total Bytes Sent By Job
	0  -  Total Bytes Received By Job
	Partitionable Resources :    Usage  Request Allocated
	   Cpus                 :                 1         1
	   Disk (KB)            :        1        1   2370406
	   Memory (MB)          :      487        1      4035
...
