000 (2497410.148.000) 11/09 15:33:48 Job submitted from host: <192.168.1.109:9714>
...
001 (2497410.148.000) 11/09 15:34:16 Job executing on host: <192.168.1.42:9515>
...
006 (2497410.148.000) 11/09 15:34:25 Image size of job updated: 97664
	3  -  MemoryUsage of job (MB)
	2308  -  ResidentSetSize of job (KB)
...
006 (2497410.148.000) 11/09 15:39:26 Image size of job updated: 989608
	474  -  MemoryUsage of job (MB)
	484512  -  ResidentSetSize of job (KB)
...
006 (2497410.148.000) 11/09 15:44:26 Image size of job updated: 989608
	478  -  MemoryUsage of job (MB)
	488660  -  ResidentSetSize of job (KB)
...
006 (2497410.148.000) 11/09 15:49:26 Image size of job updated: 989608
	478  -  MemoryUsage of job (MB)
	488756  -  ResidentSetSize of job (KB)
...
006 (2497410.148.000) 11/09 15:54:27 Image size of job updated: 989608
	478  -  MemoryUsage of job (MB)
	489248  -  ResidentSetSize of job (KB)
...
006 (2497410.148.000) 11/09 15:59:28 Image size of job updated: 989608
	478  -  MemoryUsage of job (MB)
	489300  -  ResidentSetSize of job (KB)
...
006 (2497410.148.000) 11/09 16:04:28 Image size of job updated: 989608
	478  -  MemoryUsage of job (MB)
	489308  -  ResidentSetSize of job (KB)
...
006 (2497410.148.000) 11/09 16:09:29 Image size of job updated: 989608
	478  -  MemoryUsage of job (MB)
	489332  -  ResidentSetSize of job (KB)
...
006 (2497410.148.000) 11/09 16:19:30 Image size of job updated: 989608
	478  -  MemoryUsage of job (MB)
	489336  -  ResidentSetSize of job (KB)
...
006 (2497410.148.000) 11/09 16:24:30 Image size of job updated: 989608
	478  -  MemoryUsage of job (MB)
	489340  -  ResidentSetSize of job (KB)
...
006 (2497410.148.000) 11/09 16:29:31 Image size of job updated: 989608
	478  -  MemoryUsage of job (MB)
	489344  -  ResidentSetSize of job (KB)
...
006 (2497410.148.000) 11/09 16:34:31 Image size of job updated: 989608
	478  -  MemoryUsage of job (MB)
	489352  -  ResidentSetSize of job (KB)
...
006 (2497410.148.000) 11/09 16:44:32 Image size of job updated: 989608
	478  -  MemoryUsage of job (MB)
	489408  -  ResidentSetSize of job (KB)
...
006 (2497410.148.000) 11/09 16:49:32 Image size of job updated: 989608
	478  -  MemoryUsage of job (MB)
	489412  -  ResidentSetSize of job (KB)
...
006 (2497410.148.000) 11/09 16:54:32 Image size of job updated: 989608
	478  -  MemoryUsage of job (MB)
	489420  -  ResidentSetSize of job (KB)
...
006 (2497410.148.000) 11/09 16:59:33 Image size of job updated: 989608
	478  -  MemoryUsage of job (MB)
	489424  -  ResidentSetSize of job (KB)
...
006 (2497410.148.000) 11/09 17:09:33 Image size of job updated: 989608
	478  -  MemoryUsage of job (MB)
	489428  -  ResidentSetSize of job (KB)
...
006 (2497410.148.000) 11/09 17:14:34 Image size of job updated: 989608
	479  -  MemoryUsage of job (MB)
	489544  -  ResidentSetSize of job (KB)
...
006 (2497410.148.000) 11/09 17:19:34 Image size of job updated: 989608
	479  -  MemoryUsage of job (MB)
	489588  -  ResidentSetSize of job (KB)
...
006 (2497410.148.000) 11/09 17:24:34 Image size of job updated: 989608
	479  -  MemoryUsage of job (MB)
	489648  -  ResidentSetSize of job (KB)
...
006 (2497410.148.000) 11/09 17:29:35 Image size of job updated: 989608
	533  -  MemoryUsage of job (MB)
	545244  -  ResidentSetSize of job (KB)
...
006 (2497410.148.000) 11/09 17:34:36 Image size of job updated: 989608
	581  -  MemoryUsage of job (MB)
	594024  -  ResidentSetSize of job (KB)
...
006 (2497410.148.000) 11/09 17:39:36 Image size of job updated: 989608
	581  -  MemoryUsage of job (MB)
	594220  -  ResidentSetSize of job (KB)
...
005 (2497410.148.000) 11/09 17:43:18 Job terminated.
	(1) Normal termination (return value 0)
		Usr 0 00:26:13, Sys 0 00:01:32  -  Run Remote Usage
		Usr 0 00:00:00, Sys 0 00:00:00  -  Run Local Usage
		Usr 0 00:26:13, Sys 0 00:01:32  -  Total Remote Usage
		Usr 0 00:00:00, Sys 0 00:00:00  -  Total Local Usage
	0  -  Run Bytes Sent By Job
	0  -  Run Bytes Received By Job
	0  -  Total Bytes Sent By Job
	0  -  Total Bytes Received By Job
	Partitionable Resources :    Usage  Request Allocated
	   Cpus                 :                 1         1
	   Disk (KB)            :        1        1   2371274
	   Memory (MB)          :      581        1      4035
...
