000 (2491133.083.000) 11/08 19:40:19 Job submitted from host: <192.168.1.109:9714>
...
001 (2491133.083.000) 11/08 19:40:54 Job executing on host: <192.168.1.43:9998>
...
006 (2491133.083.000) 11/08 19:41:02 Image size of job updated: 342388
	60  -  MemoryUsage of job (MB)
	61376  -  ResidentSetSize of job (KB)
...
006 (2491133.083.000) 11/08 19:46:02 Image size of job updated: 1034848
	522  -  MemoryUsage of job (MB)
	533592  -  ResidentSetSize of job (KB)
...
006 (2491133.083.000) 11/08 19:51:03 Image size of job updated: 1034848
	523  -  MemoryUsage of job (MB)
	534872  -  ResidentSetSize of job (KB)
...
006 (2491133.083.000) 11/08 19:56:03 Image size of job updated: 1034848
	524  -  MemoryUsage of job (MB)
	535748  -  ResidentSetSize of job (KB)
...
006 (2491133.083.000) 11/08 19:57:56 Image size of job updated: 1200348
	524  -  MemoryUsage of job (MB)
	535748  -  ResidentSetSize of job (KB)
...
005 (2491133.083.000) 11/08 19:57:56 Job terminated.
	(1) Normal termination (return value 0)
		Usr 0 00:03:40, Sys 0 00:00:18  -  Run Remote Usage
		Usr 0 00:00:00, Sys 0 00:00:00  -  Run Local Usage
		Usr 0 00:03:40, Sys 0 00:00:18  -  Total Remote Usage
		Usr 0 00:00:00, Sys 0 00:00:00  -  Total Local Usage
	0  -  Run Bytes Sent By Job
	0  -  Run Bytes Received By Job
	0  -  Total Bytes Sent By Job
	0  -  Total Bytes Received By Job
	Partitionable Resources :    Usage  Request Allocated
	   Cpus                 :                 1         1
	   Disk (KB)            :        1        1   2370815
	   Memory (MB)          :      524        1      4035
...
