000 (2511949.102.000) 11/17 23:24:51 Job submitted from host: <192.168.1.109:9714>
...
001 (2511949.102.000) 11/17 23:31:04 Job executing on host: <192.168.1.46:9845>
...
006 (2511949.102.000) 11/17 23:31:13 Image size of job updated: 444508
	132  -  MemoryUsage of job (MB)
	134908  -  ResidentSetSize of job (KB)
...
006 (2511949.102.000) 11/17 23:36:14 Image size of job updated: 919540
	359  -  MemoryUsage of job (MB)
	366832  -  ResidentSetSize of job (KB)
...
005 (2511949.102.000) 11/17 23:37:03 Job terminated.
	(1) Normal termination (return value 0)
		Usr 0 00:04:00, Sys 0 00:00:21  -  Run Remote Usage
		Usr 0 00:00:00, Sys 0 00:00:00  -  Run Local Usage
		Usr 0 00:04:00, Sys 0 00:00:21  -  Total Remote Usage
		Usr 0 00:00:00, Sys 0 00:00:00  -  Total Local Usage
	0  -  Run Bytes Sent By Job
	0  -  Run Bytes Received By Job
	0  -  Total Bytes Sent By Job
	0  -  Total Bytes Received By Job
	Partitionable Resources :    Usage  Request Allocated
	   Cpus                 :                 1         1
	   Disk (KB)            :        1        1   2369792
	   Memory (MB)          :      359        1      4035
...
