000 (2492883.085.000) 11/08 23:42:30 Job submitted from host: <192.168.1.109:9714>
...
001 (2492883.085.000) 11/08 23:42:56 Job executing on host: <192.168.1.64:9697>
...
006 (2492883.085.000) 11/08 23:43:05 Image size of job updated: 443772
	112  -  MemoryUsage of job (MB)
	114276  -  ResidentSetSize of job (KB)
...
006 (2492883.085.000) 11/08 23:43:08 Image size of job updated: 468980
	112  -  MemoryUsage of job (MB)
	114276  -  ResidentSetSize of job (KB)
...
005 (2492883.085.000) 11/08 23:43:08 Job terminated.
	(1) Normal termination (return value 0)
		Usr 0 00:00:07, Sys 0 00:00:00  -  Run Remote Usage
		Usr 0 00:00:00, Sys 0 00:00:00  -  Run Local Usage
		Usr 0 00:00:07, Sys 0 00:00:00  -  Total Remote Usage
		Usr 0 00:00:00, Sys 0 00:00:00  -  Total Local Usage
	0  -  Run Bytes Sent By Job
	0  -  Run Bytes Received By Job
	0  -  Total Bytes Sent By Job
	0  -  Total Bytes Received By Job
	Partitionable Resources :    Usage  Request Allocated
	   Cpus                 :                 1         1
	   Disk (KB)            :        1        1  19564676
	   Memory (MB)          :      112        1      4033
...
