000 (2485823.126.000) 11/07 23:48:31 Job submitted from host: <192.168.1.109:9714>
...
001 (2485823.126.000) 11/07 23:48:45 Job executing on host: <192.168.1.42:9515>
...
006 (2485823.126.000) 11/07 23:48:54 Image size of job updated: 97668
	3  -  MemoryUsage of job (MB)
	2668  -  ResidentSetSize of job (KB)
...
006 (2485823.126.000) 11/07 23:53:54 Image size of job updated: 1004188
	497  -  MemoryUsage of job (MB)
	508056  -  ResidentSetSize of job (KB)
...
006 (2485823.126.000) 11/07 23:58:56 Image size of job updated: 1004188
	497  -  MemoryUsage of job (MB)
	508592  -  ResidentSetSize of job (KB)
...
006 (2485823.126.000) 11/08 00:03:56 Image size of job updated: 1004188
	497  -  MemoryUsage of job (MB)
	508848  -  ResidentSetSize of job (KB)
...
006 (2485823.126.000) 11/08 00:08:56 Image size of job updated: 1004188
	498  -  MemoryUsage of job (MB)
	508944  -  ResidentSetSize of job (KB)
...
006 (2485823.126.000) 11/08 00:13:57 Image size of job updated: 1004188
	498  -  MemoryUsage of job (MB)
	509168  -  ResidentSetSize of job (KB)
...
006 (2485823.126.000) 11/08 00:28:59 Image size of job updated: 1004188
	498  -  MemoryUsage of job (MB)
	509180  -  ResidentSetSize of job (KB)
...
006 (2485823.126.000) 11/08 00:34:00 Image size of job updated: 1004188
	498  -  MemoryUsage of job (MB)
	509280  -  ResidentSetSize of job (KB)
...
006 (2485823.126.000) 11/08 00:39:00 Image size of job updated: 1004188
	498  -  MemoryUsage of job (MB)
	509548  -  ResidentSetSize of job (KB)
...
006 (2485823.126.000) 11/08 00:44:00 Image size of job updated: 1004188
	498  -  MemoryUsage of job (MB)
	509596  -  ResidentSetSize of job (KB)
...
006 (2485823.126.000) 11/08 00:49:01 Image size of job updated: 1004188
	498  -  MemoryUsage of job (MB)
	509848  -  ResidentSetSize of job (KB)
...
006 (2485823.126.000) 11/08 00:54:01 Image size of job updated: 1004188
	498  -  MemoryUsage of job (MB)
	509852  -  ResidentSetSize of job (KB)
...
006 (2485823.126.000) 11/08 00:59:01 Image size of job updated: 1004188
	498  -  MemoryUsage of job (MB)
	509860  -  ResidentSetSize of job (KB)
...
006 (2485823.126.000) 11/08 01:09:03 Image size of job updated: 1004188
	498  -  MemoryUsage of job (MB)
	509868  -  ResidentSetSize of job (KB)
...
005 (2485823.126.000) 11/08 01:19:31 Job terminated.
	(1) Normal termination (return value 0)
		Usr 0 00:17:15, Sys 0 00:01:12  -  Run Remote Usage
		Usr 0 00:00:00, Sys 0 00:00:00  -  Run Local Usage
		Usr 0 00:17:15, Sys 0 00:01:12  -  Total Remote Usage
		Usr 0 00:00:00, Sys 0 00:00:00  -  Total Local Usage
	0  -  Run Bytes Sent By Job
	0  -  Run Bytes Received By Job
	0  -  Total Bytes Sent By Job
	0  -  Total Bytes Received By Job
	Partitionable Resources :    Usage  Request Allocated
	   Cpus                 :                 1         1
	   Disk (KB)            :        1        1   2365092
	   Memory (MB)          :      498        1      4035
...
