000 (2491133.126.000) 11/08 19:40:20 Job submitted from host: <192.168.1.109:9714>
...
001 (2491133.126.000) 11/08 19:40:56 Job executing on host: <192.168.1.43:9998>
...
006 (2491133.126.000) 11/08 19:41:05 Image size of job updated: 342388
	73  -  MemoryUsage of job (MB)
	74372  -  ResidentSetSize of job (KB)
...
006 (2491133.126.000) 11/08 19:46:06 Image size of job updated: 1004188
	500  -  MemoryUsage of job (MB)
	511492  -  ResidentSetSize of job (KB)
...
006 (2491133.126.000) 11/08 19:51:06 Image size of job updated: 1004188
	500  -  MemoryUsage of job (MB)
	511884  -  ResidentSetSize of job (KB)
...
006 (2491133.126.000) 11/08 19:56:06 Image size of job updated: 1004188
	501  -  MemoryUsage of job (MB)
	512204  -  ResidentSetSize of job (KB)
...
006 (2491133.126.000) 11/08 20:01:07 Image size of job updated: 1213412
	728  -  MemoryUsage of job (MB)
	745088  -  ResidentSetSize of job (KB)
...
006 (2491133.126.000) 11/08 20:06:07 Image size of job updated: 1213412
	739  -  MemoryUsage of job (MB)
	756680  -  ResidentSetSize of job (KB)
...
006 (2491133.126.000) 11/08 20:11:07 Image size of job updated: 1213412
	743  -  MemoryUsage of job (MB)
	760552  -  ResidentSetSize of job (KB)
...
005 (2491133.126.000) 11/08 20:14:45 Job terminated.
	(1) Normal termination (return value 0)
		Usr 0 00:17:14, Sys 0 00:01:06  -  Run Remote Usage
		Usr 0 00:00:00, Sys 0 00:00:00  -  Run Local Usage
		Usr 0 00:17:14, Sys 0 00:01:06  -  Total Remote Usage
		Usr 0 00:00:00, Sys 0 00:00:00  -  Total Local Usage
	0  -  Run Bytes Sent By Job
	0  -  Run Bytes Received By Job
	0  -  Total Bytes Sent By Job
	0  -  Total Bytes Received By Job
	Partitionable Resources :    Usage  Request Allocated
	   Cpus                 :                 1         1
	   Disk (KB)            :        1        1   2370814
	   Memory (MB)          :      743        1      4035
...
