000 (2491851.126.000) 11/08 20:36:48 Job submitted from host: <192.168.1.109:9714>
...
001 (2491851.126.000) 11/08 20:37:19 Job executing on host: <192.168.1.51:9694>
...
006 (2491851.126.000) 11/08 20:37:28 Image size of job updated: 32840
	3  -  MemoryUsage of job (MB)
	2632  -  ResidentSetSize of job (KB)
...
006 (2491851.126.000) 11/08 20:42:29 Image size of job updated: 1004192
	448  -  MemoryUsage of job (MB)
	458328  -  ResidentSetSize of job (KB)
...
006 (2491851.126.000) 11/08 21:27:33 Image size of job updated: 1004192
	522  -  MemoryUsage of job (MB)
	534244  -  ResidentSetSize of job (KB)
...
006 (2491851.126.000) 11/08 21:32:33 Image size of job updated: 1004192
	530  -  MemoryUsage of job (MB)
	542120  -  ResidentSetSize of job (KB)
...
006 (2491851.126.000) 11/08 21:47:35 Image size of job updated: 1004192
	530  -  MemoryUsage of job (MB)
	542124  -  ResidentSetSize of job (KB)
...
005 (2491851.126.000) 11/08 21:50:35 Job terminated.
	(1) Normal termination (return value 0)
		Usr 0 00:19:09, Sys 0 00:01:09  -  Run Remote Usage
		Usr 0 00:00:00, Sys 0 00:00:00  -  Run Local Usage
		Usr 0 00:19:09, Sys 0 00:01:09  -  Total Remote Usage
		Usr 0 00:00:00, Sys 0 00:00:00  -  Total Local Usage
	0  -  Run Bytes Sent By Job
	0  -  Run Bytes Received By Job
	0  -  Total Bytes Sent By Job
	0  -  Total Bytes Received By Job
	Partitionable Resources :    Usage  Request Allocated
	   Cpus                 :                 1         1
	   Disk (KB)            :        1        1  28379451
	   Memory (MB)          :      530        1      4033
...
