000 (2497410.126.000) 11/09 15:33:47 Job submitted from host: <192.168.1.109:9714>
...
001 (2497410.126.000) 11/09 15:34:14 Job executing on host: <192.168.1.43:9998>
...
006 (2497410.126.000) 11/09 15:34:23 Image size of job updated: 97664
	3  -  MemoryUsage of job (MB)
	2692  -  ResidentSetSize of job (KB)
...
006 (2497410.126.000) 11/09 15:39:24 Image size of job updated: 1048520
	501  -  MemoryUsage of job (MB)
	512536  -  ResidentSetSize of job (KB)
...
006 (2497410.126.000) 11/09 15:44:25 Image size of job updated: 1048520
	504  -  MemoryUsage of job (MB)
	515652  -  ResidentSetSize of job (KB)
...
006 (2497410.126.000) 11/09 15:49:25 Image size of job updated: 1048520
	505  -  MemoryUsage of job (MB)
	516884  -  ResidentSetSize of job (KB)
...
006 (2497410.126.000) 11/09 15:54:26 Image size of job updated: 1048520
	507  -  MemoryUsage of job (MB)
	518844  -  ResidentSetSize of job (KB)
...
006 (2497410.126.000) 11/09 15:59:27 Image size of job updated: 1048520
	507  -  MemoryUsage of job (MB)
	519004  -  ResidentSetSize of job (KB)
...
006 (2497410.126.000) 11/09 16:04:27 Image size of job updated: 1048520
	507  -  MemoryUsage of job (MB)
	519024  -  ResidentSetSize of job (KB)
...
006 (2497410.126.000) 11/09 16:09:27 Image size of job updated: 1048520
	508  -  MemoryUsage of job (MB)
	519192  -  ResidentSetSize of job (KB)
...
006 (2497410.126.000) 11/09 16:14:28 Image size of job updated: 1048520
	508  -  MemoryUsage of job (MB)
	519204  -  ResidentSetSize of job (KB)
...
006 (2497410.126.000) 11/09 16:24:28 Image size of job updated: 1048520
	508  -  MemoryUsage of job (MB)
	519236  -  ResidentSetSize of job (KB)
...
006 (2497410.126.000) 11/09 16:29:29 Image size of job updated: 1048520
	508  -  MemoryUsage of job (MB)
	519260  -  ResidentSetSize of job (KB)
...
006 (2497410.126.000) 11/09 16:34:30 Image size of job updated: 1048520
	508  -  MemoryUsage of job (MB)
	519476  -  ResidentSetSize of job (KB)
...
006 (2497410.126.000) 11/09 16:39:30 Image size of job updated: 1048520
	508  -  MemoryUsage of job (MB)
	519528  -  ResidentSetSize of job (KB)
...
006 (2497410.126.000) 11/09 16:44:31 Image size of job updated: 1048520
	572  -  MemoryUsage of job (MB)
	584924  -  ResidentSetSize of job (KB)
...
006 (2497410.126.000) 11/09 16:49:32 Image size of job updated: 1048520
	623  -  MemoryUsage of job (MB)
	636944  -  ResidentSetSize of job (KB)
...
006 (2497410.126.000) 11/09 16:54:32 Image size of job updated: 1048520
	623  -  MemoryUsage of job (MB)
	636972  -  ResidentSetSize of job (KB)
...
006 (2497410.126.000) 11/09 16:59:32 Image size of job updated: 1048520
	623  -  MemoryUsage of job (MB)
	637008  -  ResidentSetSize of job (KB)
...
006 (2497410.126.000) 11/09 17:04:33 Image size of job updated: 1048520
	623  -  MemoryUsage of job (MB)
	637108  -  ResidentSetSize of job (KB)
...
006 (2497410.126.000) 11/09 17:09:33 Image size of job updated: 1048520
	623  -  MemoryUsage of job (MB)
	637144  -  ResidentSetSize of job (KB)
...
005 (2497410.126.000) 11/09 17:13:44 Job terminated.
	(1) Normal termination (return value 0)
		Usr 0 00:17:52, Sys 0 00:01:04  -  Run Remote Usage
		Usr 0 00:00:00, Sys 0 00:00:00  -  Run Local Usage
		Usr 0 00:17:52, Sys 0 00:01:04  -  Total Remote Usage
		Usr 0 00:00:00, Sys 0 00:00:00  -  Total Local Usage
	0  -  Run Bytes Sent By Job
	0  -  Run Bytes Received By Job
	0  -  Total Bytes Sent By Job
	0  -  Total Bytes Received By Job
	Partitionable Resources :    Usage  Request Allocated
	   Cpus                 :                 1         1
	   Disk (KB)            :        1        1   2367119
	   Memory (MB)          :      623        1      4035
...
