000 (2492234.094.000) 11/08 21:18:50 Job submitted from host: <192.168.1.109:9714>
...
001 (2492234.094.000) 11/08 21:19:52 Job executing on host: <192.168.1.51:9694>
...
006 (2492234.094.000) 11/08 21:20:01 Image size of job updated: 1
	3  -  MemoryUsage of job (MB)
	2108  -  ResidentSetSize of job (KB)
...
006 (2492234.094.000) 11/08 21:25:01 Image size of job updated: 941432
	379  -  MemoryUsage of job (MB)
	387584  -  ResidentSetSize of job (KB)
...
005 (2492234.094.000) 11/08 21:28:31 Job terminated.
	(1) Normal termination (return value 0)
		Usr 0 00:01:25, Sys 0 00:00:06  -  Run Remote Usage
		Usr 0 00:00:00, Sys 0 00:00:00  -  Run Local Usage
		Usr 0 00:01:25, Sys 0 00:00:06  -  Total Remote Usage
		Usr 0 00:00:00, Sys 0 00:00:00  -  Total Local Usage
	0  -  Run Bytes Sent By Job
	0  -  Run Bytes Received By Job
	0  -  Total Bytes Sent By Job
	0  -  Total Bytes Received By Job
	Partitionable Resources :    Usage  Request Allocated
	   Cpus                 :                 1         1
	   Disk (KB)            :        1        1  28379036
	   Memory (MB)          :      379        1      4033
...
