000 (2491901.058.000) 11/08 20:40:15 Job submitted from host: <192.168.1.109:9714>
...
001 (2491901.058.000) 11/08 20:43:38 Job executing on host: <192.168.1.43:9998>
...
006 (2491901.058.000) 11/08 20:43:46 Image size of job updated: 31216
	2  -  MemoryUsage of job (MB)
	1412  -  ResidentSetSize of job (KB)
...
006 (2491901.058.000) 11/08 20:48:46 Image size of job updated: 2450472
	1938  -  MemoryUsage of job (MB)
	1984060  -  ResidentSetSize of job (KB)
...
006 (2491901.058.000) 11/08 20:49:30 Image size of job updated: 2858680
	1938  -  MemoryUsage of job (MB)
	1984060  -  ResidentSetSize of job (KB)
...
005 (2491901.058.000) 11/08 20:49:30 Job terminated.
	(1) Normal termination (return value 1)
		Usr 0 00:01:05, Sys 0 00:00:03  -  Run Remote Usage
		Usr 0 00:00:00, Sys 0 00:00:00  -  Run Local Usage
		Usr 0 00:01:05, Sys 0 00:00:03  -  Total Remote Usage
		Usr 0 00:00:00, Sys 0 00:00:00  -  Total Local Usage
	0  -  Run Bytes Sent By Job
	0  -  Run Bytes Received By Job
	0  -  Total Bytes Sent By Job
	0  -  Total Bytes Received By Job
	Partitionable Resources :    Usage  Request Allocated
	   Cpus                 :                 1         1
	   Disk (KB)            :        1        1   2370664
	   Memory (MB)          :     1938        1      4035
...
