000 (2497410.145.000) 11/09 15:33:48 Job submitted from host: <192.168.1.109:9714>
...
001 (2497410.145.000) 11/09 15:34:16 Job executing on host: <192.168.1.43:9998>
...
006 (2497410.145.000) 11/09 15:34:25 Image size of job updated: 97660
	3  -  MemoryUsage of job (MB)
	2316  -  ResidentSetSize of job (KB)
...
006 (2497410.145.000) 11/09 15:39:27 Image size of job updated: 995656
	483  -  MemoryUsage of job (MB)
	494328  -  ResidentSetSize of job (KB)
...
006 (2497410.145.000) 11/09 15:44:27 Image size of job updated: 995656
	485  -  MemoryUsage of job (MB)
	496208  -  ResidentSetSize of job (KB)
...
006 (2497410.145.000) 11/09 15:49:27 Image size of job updated: 995656
	485  -  MemoryUsage of job (MB)
	496444  -  ResidentSetSize of job (KB)
...
006 (2497410.145.000) 11/09 15:54:28 Image size of job updated: 995656
	485  -  MemoryUsage of job (MB)
	496460  -  ResidentSetSize of job (KB)
...
006 (2497410.145.000) 11/09 15:59:29 Image size of job updated: 995656
	486  -  MemoryUsage of job (MB)
	497312  -  ResidentSetSize of job (KB)
...
006 (2497410.145.000) 11/09 16:04:29 Image size of job updated: 995656
	486  -  MemoryUsage of job (MB)
	497340  -  ResidentSetSize of job (KB)
...
006 (2497410.145.000) 11/09 16:09:29 Image size of job updated: 995656
	486  -  MemoryUsage of job (MB)
	497344  -  ResidentSetSize of job (KB)
...
006 (2497410.145.000) 11/09 16:29:31 Image size of job updated: 995656
	486  -  MemoryUsage of job (MB)
	497460  -  ResidentSetSize of job (KB)
...
006 (2497410.145.000) 11/09 16:34:32 Image size of job updated: 995656
	487  -  MemoryUsage of job (MB)
	497672  -  ResidentSetSize of job (KB)
...
006 (2497410.145.000) 11/09 16:39:32 Image size of job updated: 995656
	487  -  MemoryUsage of job (MB)
	497716  -  ResidentSetSize of job (KB)
...
006 (2497410.145.000) 11/09 16:44:33 Image size of job updated: 995656
	487  -  MemoryUsage of job (MB)
	497732  -  ResidentSetSize of job (KB)
...
006 (2497410.145.000) 11/09 16:49:34 Image size of job updated: 995656
	487  -  MemoryUsage of job (MB)
	497748  -  ResidentSetSize of job (KB)
...
006 (2497410.145.000) 11/09 16:59:35 Image size of job updated: 995656
	487  -  MemoryUsage of job (MB)
	497756  -  ResidentSetSize of job (KB)
...
006 (2497410.145.000) 11/09 17:04:36 Image size of job updated: 995656
	488  -  MemoryUsage of job (MB)
	499472  -  ResidentSetSize of job (KB)
...
006 (2497410.145.000) 11/09 17:09:36 Image size of job updated: 995656
	488  -  MemoryUsage of job (MB)
	499632  -  ResidentSetSize of job (KB)
...
006 (2497410.145.000) 11/09 17:14:36 Image size of job updated: 995656
	488  -  MemoryUsage of job (MB)
	499672  -  ResidentSetSize of job (KB)
...
006 (2497410.145.000) 11/09 17:19:37 Image size of job updated: 995656
	488  -  MemoryUsage of job (MB)
	499692  -  ResidentSetSize of job (KB)
...
006 (2497410.145.000) 11/09 17:24:37 Image size of job updated: 995656
	588  -  MemoryUsage of job (MB)
	601204  -  ResidentSetSize of job (KB)
...
006 (2497410.145.000) 11/09 17:29:37 Image size of job updated: 995656
	588  -  MemoryUsage of job (MB)
	601820  -  ResidentSetSize of job (KB)
...
005 (2497410.145.000) 11/09 17:33:22 Job terminated.
	(1) Normal termination (return value 0)
		Usr 0 00:27:01, Sys 0 00:01:32  -  Run Remote Usage
		Usr 0 00:00:00, Sys 0 00:00:00  -  Run Local Usage
		Usr 0 00:27:01, Sys 0 00:01:32  -  Total Remote Usage
		Usr 0 00:00:00, Sys 0 00:00:00  -  Total Local Usage
	0  -  Run Bytes Sent By Job
	0  -  Run Bytes Received By Job
	0  -  Total Bytes Sent By Job
	0  -  Total Bytes Received By Job
	Partitionable Resources :    Usage  Request Allocated
	   Cpus                 :                 1         1
	   Disk (KB)            :        1        1   2367119
	   Memory (MB)          :      588        1      4035
...
