000 (2491851.008.000) 11/08 20:36:46 Job submitted from host: <192.168.1.109:9714>
...
001 (2491851.008.000) 11/08 20:37:12 Job executing on host: <192.168.1.46:9845>
...
006 (2491851.008.000) 11/08 20:37:21 Image size of job updated: 360348
	66  -  MemoryUsage of job (MB)
	66908  -  ResidentSetSize of job (KB)
...
006 (2491851.008.000) 11/08 20:42:22 Image size of job updated: 998256
	479  -  MemoryUsage of job (MB)
	489816  -  ResidentSetSize of job (KB)
...
006 (2491851.008.000) 11/08 21:02:23 Image size of job updated: 998256
	529  -  MemoryUsage of job (MB)
	541576  -  ResidentSetSize of job (KB)
...
006 (2491851.008.000) 11/08 21:07:23 Image size of job updated: 998256
	529  -  MemoryUsage of job (MB)
	541624  -  ResidentSetSize of job (KB)
...
006 (2491851.008.000) 11/08 21:12:24 Image size of job updated: 998256
	530  -  MemoryUsage of job (MB)
	541712  -  ResidentSetSize of job (KB)
...
006 (2491851.008.000) 11/08 21:27:25 Image size of job updated: 998256
	532  -  MemoryUsage of job (MB)
	543820  -  ResidentSetSize of job (KB)
...
006 (2491851.008.000) 11/08 21:47:27 Image size of job updated: 998256
	532  -  MemoryUsage of job (MB)
	543824  -  ResidentSetSize of job (KB)
...
006 (2491851.008.000) 11/08 22:12:30 Image size of job updated: 998256
	532  -  MemoryUsage of job (MB)
	543828  -  ResidentSetSize of job (KB)
...
006 (2491851.008.000) 11/08 22:22:30 Image size of job updated: 998256
	532  -  MemoryUsage of job (MB)
	543912  -  ResidentSetSize of job (KB)
...
006 (2491851.008.000) 11/08 22:37:31 Image size of job updated: 998256
	532  -  MemoryUsage of job (MB)
	543916  -  ResidentSetSize of job (KB)
...
006 (2491851.008.000) 11/08 22:47:33 Image size of job updated: 998256
	532  -  MemoryUsage of job (MB)
	543952  -  ResidentSetSize of job (KB)
...
006 (2491851.008.000) 11/08 23:02:35 Image size of job updated: 998256
	532  -  MemoryUsage of job (MB)
	544108  -  ResidentSetSize of job (KB)
...
005 (2491851.008.000) 11/08 23:03:47 Job terminated.
	(1) Normal termination (return value 0)
		Usr 0 00:52:00, Sys 0 00:02:48  -  Run Remote Usage
		Usr 0 00:00:00, Sys 0 00:00:00  -  Run Local Usage
		Usr 0 00:52:00, Sys 0 00:02:48  -  Total Remote Usage
		Usr 0 00:00:00, Sys 0 00:00:00  -  Total Local Usage
	0  -  Run Bytes Sent By Job
	0  -  Run Bytes Received By Job
	0  -  Total Bytes Sent By Job
	0  -  Total Bytes Received By Job
	Partitionable Resources :    Usage  Request Allocated
	   Cpus                 :                 1         1
	   Disk (KB)            :        1        1   2371916
	   Memory (MB)          :      532        1      4035
...
