000 (2491133.008.000) 11/08 19:40:18 Job submitted from host: <192.168.1.109:9714>
...
001 (2491133.008.000) 11/08 19:40:52 Job executing on host: <192.168.1.50:9434>
...
006 (2491133.008.000) 11/08 19:41:02 Image size of job updated: 352028
	41  -  MemoryUsage of job (MB)
	41464  -  ResidentSetSize of job (KB)
...
006 (2491133.008.000) 11/08 19:46:02 Image size of job updated: 998256
	487  -  MemoryUsage of job (MB)
	498204  -  ResidentSetSize of job (KB)
...
006 (2491133.008.000) 11/08 19:51:02 Image size of job updated: 998256
	487  -  MemoryUsage of job (MB)
	498416  -  ResidentSetSize of job (KB)
...
006 (2491133.008.000) 11/08 19:56:04 Image size of job updated: 998256
	487  -  MemoryUsage of job (MB)
	498436  -  ResidentSetSize of job (KB)
...
006 (2491133.008.000) 11/08 20:01:04 Image size of job updated: 1181224
	691  -  MemoryUsage of job (MB)
	706640  -  ResidentSetSize of job (KB)
...
006 (2491133.008.000) 11/08 20:06:04 Image size of job updated: 1181224
	807  -  MemoryUsage of job (MB)
	826300  -  ResidentSetSize of job (KB)
...
006 (2491133.008.000) 11/08 20:11:05 Image size of job updated: 1181224
	848  -  MemoryUsage of job (MB)
	867968  -  ResidentSetSize of job (KB)
...
006 (2491133.008.000) 11/08 20:16:06 Image size of job updated: 1181224
	850  -  MemoryUsage of job (MB)
	869412  -  ResidentSetSize of job (KB)
...
006 (2491133.008.000) 11/08 20:21:06 Image size of job updated: 1181224
	850  -  MemoryUsage of job (MB)
	869784  -  ResidentSetSize of job (KB)
...
006 (2491133.008.000) 11/08 20:26:07 Image size of job updated: 1181224
	850  -  MemoryUsage of job (MB)
	870032  -  ResidentSetSize of job (KB)
...
006 (2491133.008.000) 11/08 20:31:08 Image size of job updated: 1181224
	850  -  MemoryUsage of job (MB)
	870276  -  ResidentSetSize of job (KB)
...
006 (2491133.008.000) 11/08 20:36:08 Image size of job updated: 1181224
	850  -  MemoryUsage of job (MB)
	870364  -  ResidentSetSize of job (KB)
...
005 (2491133.008.000) 11/08 21:08:43 Job terminated.
	(1) Normal termination (return value 0)
		Usr 0 00:51:02, Sys 0 00:02:59  -  Run Remote Usage
		Usr 0 00:00:00, Sys 0 00:00:00  -  Run Local Usage
		Usr 0 00:51:02, Sys 0 00:02:59  -  Total Remote Usage
		Usr 0 00:00:00, Sys 0 00:00:00  -  Total Local Usage
	0  -  Run Bytes Sent By Job
	0  -  Run Bytes Received By Job
	0  -  Total Bytes Sent By Job
	0  -  Total Bytes Received By Job
	Partitionable Resources :    Usage  Request Allocated
	   Cpus                 :                 1         1
	   Disk (KB)            :        1        1  28379675
	   Memory (MB)          :      850        1      4033
...
