000 (2497410.008.000) 11/09 15:33:46 Job submitted from host: <192.168.1.109:9714>
...
001 (2497410.008.000) 11/09 15:34:08 Job executing on host: <192.168.1.48:9634>
...
006 (2497410.008.000) 11/09 15:34:17 Image size of job updated: 319604
	31  -  MemoryUsage of job (MB)
	31264  -  ResidentSetSize of job (KB)
...
006 (2497410.008.000) 11/09 15:39:18 Image size of job updated: 1034916
	503  -  MemoryUsage of job (MB)
	514452  -  ResidentSetSize of job (KB)
...
006 (2497410.008.000) 11/09 15:44:19 Image size of job updated: 1034916
	503  -  MemoryUsage of job (MB)
	515060  -  ResidentSetSize of job (KB)
...
006 (2497410.008.000) 11/09 15:49:19 Image size of job updated: 1034916
	504  -  MemoryUsage of job (MB)
	515396  -  ResidentSetSize of job (KB)
...
006 (2497410.008.000) 11/09 15:54:20 Image size of job updated: 1034916
	618  -  MemoryUsage of job (MB)
	632136  -  ResidentSetSize of job (KB)
...
006 (2497410.008.000) 11/09 15:59:21 Image size of job updated: 1034916
	625  -  MemoryUsage of job (MB)
	639580  -  ResidentSetSize of job (KB)
...
006 (2497410.008.000) 11/09 16:04:21 Image size of job updated: 1034916
	625  -  MemoryUsage of job (MB)
	639584  -  ResidentSetSize of job (KB)
...
006 (2497410.008.000) 11/09 16:09:21 Image size of job updated: 1034916
	625  -  MemoryUsage of job (MB)
	639604  -  ResidentSetSize of job (KB)
...
006 (2497410.008.000) 11/09 16:14:22 Image size of job updated: 1034916
	625  -  MemoryUsage of job (MB)
	639608  -  ResidentSetSize of job (KB)
...
006 (2497410.008.000) 11/09 16:44:25 Image size of job updated: 1034916
	625  -  MemoryUsage of job (MB)
	639632  -  ResidentSetSize of job (KB)
...
006 (2497410.008.000) 11/09 16:49:26 Image size of job updated: 1034916
	628  -  MemoryUsage of job (MB)
	642396  -  ResidentSetSize of job (KB)
...
006 (2497410.008.000) 11/09 16:54:26 Image size of job updated: 1034916
	628  -  MemoryUsage of job (MB)
	642524  -  ResidentSetSize of job (KB)
...
006 (2497410.008.000) 11/09 16:59:26 Image size of job updated: 1034916
	628  -  MemoryUsage of job (MB)
	642548  -  ResidentSetSize of job (KB)
...
006 (2497410.008.000) 11/09 17:14:28 Image size of job updated: 1034916
	628  -  MemoryUsage of job (MB)
	642556  -  ResidentSetSize of job (KB)
...
006 (2497410.008.000) 11/09 17:19:29 Image size of job updated: 1034916
	628  -  MemoryUsage of job (MB)
	642612  -  ResidentSetSize of job (KB)
...
006 (2497410.008.000) 11/09 17:24:30 Image size of job updated: 1034916
	628  -  MemoryUsage of job (MB)
	642712  -  ResidentSetSize of job (KB)
...
006 (2497410.008.000) 11/09 17:29:30 Image size of job updated: 1034916
	628  -  MemoryUsage of job (MB)
	642844  -  ResidentSetSize of job (KB)
...
006 (2497410.008.000) 11/09 17:34:31 Image size of job updated: 1034916
	628  -  MemoryUsage of job (MB)
	642968  -  ResidentSetSize of job (KB)
...
006 (2497410.008.000) 11/09 17:39:32 Image size of job updated: 1034916
	629  -  MemoryUsage of job (MB)
	643160  -  ResidentSetSize of job (KB)
...
006 (2497410.008.000) 11/09 17:44:32 Image size of job updated: 1036064
	630  -  MemoryUsage of job (MB)
	644292  -  ResidentSetSize of job (KB)
...
005 (2497410.008.000) 11/09 17:44:48 Job terminated.
	(1) Normal termination (return value 0)
		Usr 0 00:46:43, Sys 0 00:02:33  -  Run Remote Usage
		Usr 0 00:00:00, Sys 0 00:00:00  -  Run Local Usage
		Usr 0 00:46:43, Sys 0 00:02:33  -  Total Remote Usage
		Usr 0 00:00:00, Sys 0 00:00:00  -  Total Local Usage
	0  -  Run Bytes Sent By Job
	0  -  Run Bytes Received By Job
	0  -  Total Bytes Sent By Job
	0  -  Total Bytes Received By Job
	Partitionable Resources :    Usage  Request Allocated
	   Cpus                 :                 1         1
	   Disk (KB)            :        1        1  28379924
	   Memory (MB)          :      630        1      4033
...
