000 (2464979.103.000) 11/02 16:50:21 Job submitted from host: <192.168.1.109:9308>
...
001 (2464979.103.000) 11/02 16:50:40 Job executing on host: <192.168.1.48:9634>
...
006 (2464979.103.000) 11/02 16:50:49 Image size of job updated: 1
	3  -  MemoryUsage of job (MB)
	2108  -  ResidentSetSize of job (KB)
...
006 (2464979.103.000) 11/02 16:54:18 Image size of job updated: 891888
	3  -  MemoryUsage of job (MB)
	2108  -  ResidentSetSize of job (KB)
...
005 (2464979.103.000) 11/02 16:54:18 Job terminated.
	(1) Normal termination (return value 0)
		Usr 0 00:01:30, Sys 0 00:00:06  -  Run Remote Usage
		Usr 0 00:00:00, Sys 0 00:00:00  -  Run Local Usage
		Usr 0 00:01:30, Sys 0 00:00:06  -  Total Remote Usage
		Usr 0 00:00:00, Sys 0 00:00:00  -  Total Local Usage
	0  -  Run Bytes Sent By Job
	0  -  Run Bytes Received By Job
	0  -  Total Bytes Sent By Job
	0  -  Total Bytes Received By Job
	Partitionable Resources :    Usage  Request Allocated
	   Cpus                 :                 1         1
	   Disk (KB)            :        1        1  28380431
	   Memory (MB)          :        3        1      4033
...
