000 (2492234.103.000) 11/08 21:18:51 Job submitted from host: <192.168.1.109:9714>
...
001 (2492234.103.000) 11/08 21:19:41 Job executing on host: <192.168.1.42:9515>
...
006 (2492234.103.000) 11/08 21:19:51 Image size of job updated: 97664
	3  -  MemoryUsage of job (MB)
	2676  -  ResidentSetSize of job (KB)
...
006 (2492234.103.000) 11/08 21:24:52 Image size of job updated: 893948
	342  -  MemoryUsage of job (MB)
	349632  -  ResidentSetSize of job (KB)
...
006 (2492234.103.000) 11/08 21:29:52 Image size of job updated: 893948
	343  -  MemoryUsage of job (MB)
	350608  -  ResidentSetSize of job (KB)
...
006 (2492234.103.000) 11/08 21:34:53 Image size of job updated: 893948
	344  -  MemoryUsage of job (MB)
	351680  -  ResidentSetSize of job (KB)
...
005 (2492234.103.000) 11/08 21:39:29 Job terminated.
	(1) Normal termination (return value 0)
		Usr 0 00:02:19, Sys 0 00:00:11  -  Run Remote Usage
		Usr 0 00:00:00, Sys 0 00:00:00  -  Run Local Usage
		Usr 0 00:02:19, Sys 0 00:00:11  -  Total Remote Usage
		Usr 0 00:00:00, Sys 0 00:00:00  -  Total Local Usage
	0  -  Run Bytes Sent By Job
	0  -  Run Bytes Received By Job
	0  -  Total Bytes Sent By Job
	0  -  Total Bytes Received By Job
	Partitionable Resources :    Usage  Request Allocated
	   Cpus                 :                 1         1
	   Disk (KB)            :        1        1   2370652
	   Memory (MB)          :      344        1      4035
...
