000 (2492952.103.000) 11/08 23:57:25 Job submitted from host: <192.168.1.109:9714>
...
001 (2492952.103.000) 11/08 23:58:05 Job executing on host: <192.168.1.49:9578>
...
006 (2492952.103.000) 11/08 23:58:12 Image size of job updated: 344736
	0  -  MemoryUsage of job (MB)
	0  -  ResidentSetSize of job (KB)
...
005 (2492952.103.000) 11/08 23:58:13 Job terminated.
	(1) Normal termination (return value 6)
		Usr 0 00:00:03, Sys 0 00:00:00  -  Run Remote Usage
		Usr 0 00:00:00, Sys 0 00:00:00  -  Run Local Usage
		Usr 0 00:00:03, Sys 0 00:00:00  -  Total Remote Usage
		Usr 0 00:00:00, Sys 0 00:00:00  -  Total Local Usage
	0  -  Run Bytes Sent By Job
	0  -  Run Bytes Received By Job
	0  -  Total Bytes Sent By Job
	0  -  Total Bytes Received By Job
	Partitionable Resources :    Usage  Request Allocated
	   Cpus                 :                 1         1
	   Disk (KB)            :        1        1  28380333
	   Memory (MB)          :        0        1      4033
...
