000 (2492235.103.000) 11/08 21:19:21 Job submitted from host: <192.168.1.109:9714>
...
001 (2492235.103.000) 11/08 21:19:33 Job executing on host: <192.168.1.49:9578>
...
006 (2492235.103.000) 11/08 21:19:42 Image size of job updated: 434552
	99  -  MemoryUsage of job (MB)
	101132  -  ResidentSetSize of job (KB)
...
006 (2492235.103.000) 11/08 21:24:43 Image size of job updated: 1043288
	427  -  MemoryUsage of job (MB)
	436520  -  ResidentSetSize of job (KB)
...
006 (2492235.103.000) 11/08 21:29:43 Image size of job updated: 1043288
	427  -  MemoryUsage of job (MB)
	436556  -  ResidentSetSize of job (KB)
...
006 (2492235.103.000) 11/08 21:34:43 Image size of job updated: 1043288
	543  -  MemoryUsage of job (MB)
	555044  -  ResidentSetSize of job (KB)
...
006 (2492235.103.000) 11/08 21:39:45 Image size of job updated: 1043288
	543  -  MemoryUsage of job (MB)
	555924  -  ResidentSetSize of job (KB)
...
006 (2492235.103.000) 11/08 21:44:45 Image size of job updated: 1043288
	543  -  MemoryUsage of job (MB)
	555976  -  ResidentSetSize of job (KB)
...
006 (2492235.103.000) 11/08 21:54:46 Image size of job updated: 1043288
	543  -  MemoryUsage of job (MB)
	555988  -  ResidentSetSize of job (KB)
...
005 (2492235.103.000) 11/08 21:56:05 Job terminated.
	(1) Normal termination (return value 0)
		Usr 0 00:06:52, Sys 0 00:00:25  -  Run Remote Usage
		Usr 0 00:00:00, Sys 0 00:00:00  -  Run Local Usage
		Usr 0 00:06:52, Sys 0 00:00:25  -  Total Remote Usage
		Usr 0 00:00:00, Sys 0 00:00:00  -  Total Local Usage
	0  -  Run Bytes Sent By Job
	0  -  Run Bytes Received By Job
	0  -  Total Bytes Sent By Job
	0  -  Total Bytes Received By Job
	Partitionable Resources :    Usage  Request Allocated
	   Cpus                 :                 1         1
	   Disk (KB)            :        1        1  28379741
	   Memory (MB)          :      543        1      4033
...
