000 (2492274.091.000) 11/08 21:22:01 Job submitted from host: <192.168.1.109:9714>
...
001 (2492274.091.000) 11/08 21:23:37 Job executing on host: <192.168.1.46:9845>
...
006 (2492274.091.000) 11/08 21:23:46 Image size of job updated: 97660
	3  -  MemoryUsage of job (MB)
	2208  -  ResidentSetSize of job (KB)
...
006 (2492274.091.000) 11/08 21:28:46 Image size of job updated: 670056
	262  -  MemoryUsage of job (MB)
	267956  -  ResidentSetSize of job (KB)
...
006 (2492274.091.000) 11/08 21:33:46 Image size of job updated: 1043292
	502  -  MemoryUsage of job (MB)
	513996  -  ResidentSetSize of job (KB)
...
006 (2492274.091.000) 11/08 21:38:47 Image size of job updated: 1043292
	507  -  MemoryUsage of job (MB)
	518556  -  ResidentSetSize of job (KB)
...
006 (2492274.091.000) 11/08 21:43:47 Image size of job updated: 1043292
	507  -  MemoryUsage of job (MB)
	518668  -  ResidentSetSize of job (KB)
...
006 (2492274.091.000) 11/08 21:48:47 Image size of job updated: 1043292
	507  -  MemoryUsage of job (MB)
	518736  -  ResidentSetSize of job (KB)
...
006 (2492274.091.000) 11/08 21:53:48 Image size of job updated: 1043292
	507  -  MemoryUsage of job (MB)
	518968  -  ResidentSetSize of job (KB)
...
006 (2492274.091.000) 11/08 21:58:48 Image size of job updated: 1043292
	507  -  MemoryUsage of job (MB)
	519020  -  ResidentSetSize of job (KB)
...
006 (2492274.091.000) 11/08 22:08:49 Image size of job updated: 1043292
	507  -  MemoryUsage of job (MB)
	519060  -  ResidentSetSize of job (KB)
...
006 (2492274.091.000) 11/08 22:13:49 Image size of job updated: 1043292
	507  -  MemoryUsage of job (MB)
	519080  -  ResidentSetSize of job (KB)
...
006 (2492274.091.000) 11/08 22:18:49 Image size of job updated: 1043292
	507  -  MemoryUsage of job (MB)
	519128  -  ResidentSetSize of job (KB)
...
006 (2492274.091.000) 11/08 22:23:50 Image size of job updated: 1043292
	507  -  MemoryUsage of job (MB)
	519140  -  ResidentSetSize of job (KB)
...
006 (2492274.091.000) 11/08 22:28:50 Image size of job updated: 1043292
	507  -  MemoryUsage of job (MB)
	519156  -  ResidentSetSize of job (KB)
...
005 (2492274.091.000) 11/08 22:33:46 Job terminated.
	(1) Normal termination (return value 0)
		Usr 0 00:08:16, Sys 0 00:00:39  -  Run Remote Usage
		Usr 0 00:00:00, Sys 0 00:00:00  -  Run Local Usage
		Usr 0 00:08:16, Sys 0 00:00:39  -  Total Remote Usage
		Usr 0 00:00:00, Sys 0 00:00:00  -  Total Local Usage
	0  -  Run Bytes Sent By Job
	0  -  Run Bytes Received By Job
	0  -  Total Bytes Sent By Job
	0  -  Total Bytes Received By Job
	Partitionable Resources :    Usage  Request Allocated
	   Cpus                 :                 1         1
	   Disk (KB)            :        1        1   2371756
	   Memory (MB)          :      507        1      4035
...
