000 (2493183.103.000) 11/09 00:44:15 Job submitted from host: <192.168.1.109:9714>
...
001 (2493183.103.000) 11/09 00:44:27 Job executing on host: <192.168.1.51:9694>
...
006 (2493183.103.000) 11/09 00:44:35 Image size of job updated: 443680
	123  -  MemoryUsage of job (MB)
	125040  -  ResidentSetSize of job (KB)
...
006 (2493183.103.000) 11/09 00:49:35 Image size of job updated: 1030380
	481  -  MemoryUsage of job (MB)
	491580  -  ResidentSetSize of job (KB)
...
006 (2493183.103.000) 11/09 00:54:36 Image size of job updated: 1030380
	481  -  MemoryUsage of job (MB)
	492036  -  ResidentSetSize of job (KB)
...
006 (2493183.103.000) 11/09 00:59:36 Image size of job updated: 1030380
	481  -  MemoryUsage of job (MB)
	492316  -  ResidentSetSize of job (KB)
...
006 (2493183.103.000) 11/09 01:04:36 Image size of job updated: 1030380
	481  -  MemoryUsage of job (MB)
	492356  -  ResidentSetSize of job (KB)
...
006 (2493183.103.000) 11/09 01:09:37 Image size of job updated: 1030380
	501  -  MemoryUsage of job (MB)
	512972  -  ResidentSetSize of job (KB)
...
006 (2493183.103.000) 11/09 01:14:37 Image size of job updated: 1030380
	598  -  MemoryUsage of job (MB)
	611524  -  ResidentSetSize of job (KB)
...
006 (2493183.103.000) 11/09 01:19:37 Image size of job updated: 1030380
	598  -  MemoryUsage of job (MB)
	611528  -  ResidentSetSize of job (KB)
...
005 (2493183.103.000) 11/09 01:22:49 Job terminated.
	(1) Normal termination (return value 0)
		Usr 0 00:07:09, Sys 0 00:00:27  -  Run Remote Usage
		Usr 0 00:00:00, Sys 0 00:00:00  -  Run Local Usage
		Usr 0 00:07:09, Sys 0 00:00:27  -  Total Remote Usage
		Usr 0 00:00:00, Sys 0 00:00:00  -  Total Local Usage
	0  -  Run Bytes Sent By Job
	0  -  Run Bytes Received By Job
	0  -  Total Bytes Sent By Job
	0  -  Total Bytes Received By Job
	Partitionable Resources :    Usage  Request Allocated
	   Cpus                 :                 1         1
	   Disk (KB)            :        1        1  28379828
	   Memory (MB)          :      598        1      4033
...
