000 (2497153.091.000) 11/09 15:05:07 Job submitted from host: <192.168.1.109:9714>
...
001 (2497153.091.000) 11/09 15:05:25 Job executing on host: <192.168.1.43:9998>
...
006 (2497153.091.000) 11/09 15:05:34 Image size of job updated: 353176
	83  -  MemoryUsage of job (MB)
	84408  -  ResidentSetSize of job (KB)
...
005 (2497153.091.000) 11/09 15:05:43 Job terminated.
	(1) Normal termination (return value 0)
		Usr 0 00:00:01, Sys 0 00:00:00  -  Run Remote Usage
		Usr 0 00:00:00, Sys 0 00:00:00  -  Run Local Usage
		Usr 0 00:00:01, Sys 0 00:00:00  -  Total Remote Usage
		Usr 0 00:00:00, Sys 0 00:00:00  -  Total Local Usage
	0  -  Run Bytes Sent By Job
	0  -  Run Bytes Received By Job
	0  -  Total Bytes Sent By Job
	0  -  Total Bytes Received By Job
	Partitionable Resources :    Usage  Request Allocated
	   Cpus                 :                 1         1
	   Disk (KB)            :        1        1   2367157
	   Memory (MB)          :       83        1      4035
...
