000 (2492235.081.000) 11/08 21:19:20 Job submitted from host: <192.168.1.109:9714>
...
001 (2492235.081.000) 11/08 21:19:39 Job executing on host: <192.168.1.46:9845>
...
006 (2492235.081.000) 11/08 21:19:48 Image size of job updated: 97664
	3  -  MemoryUsage of job (MB)
	2616  -  ResidentSetSize of job (KB)
...
006 (2492235.081.000) 11/08 21:24:49 Image size of job updated: 1069588
	446  -  MemoryUsage of job (MB)
	456008  -  ResidentSetSize of job (KB)
...
006 (2492235.081.000) 11/08 21:29:49 Image size of job updated: 1069588
	449  -  MemoryUsage of job (MB)
	459688  -  ResidentSetSize of job (KB)
...
006 (2492235.081.000) 11/08 21:34:49 Image size of job updated: 1069588
	454  -  MemoryUsage of job (MB)
	464060  -  ResidentSetSize of job (KB)
...
006 (2492235.081.000) 11/08 21:39:50 Image size of job updated: 1069588
	454  -  MemoryUsage of job (MB)
	464080  -  ResidentSetSize of job (KB)
...
006 (2492235.081.000) 11/08 21:44:50 Image size of job updated: 1069588
	454  -  MemoryUsage of job (MB)
	464108  -  ResidentSetSize of job (KB)
...
006 (2492235.081.000) 11/08 21:49:50 Image size of job updated: 1069588
	454  -  MemoryUsage of job (MB)
	464232  -  ResidentSetSize of job (KB)
...
006 (2492235.081.000) 11/08 21:54:51 Image size of job updated: 1069588
	564  -  MemoryUsage of job (MB)
	576984  -  ResidentSetSize of job (KB)
...
006 (2492235.081.000) 11/08 21:59:51 Image size of job updated: 1069588
	569  -  MemoryUsage of job (MB)
	582148  -  ResidentSetSize of job (KB)
...
006 (2492235.081.000) 11/08 22:09:52 Image size of job updated: 1069588
	569  -  MemoryUsage of job (MB)
	582156  -  ResidentSetSize of job (KB)
...
006 (2492235.081.000) 11/08 22:24:53 Image size of job updated: 1069588
	569  -  MemoryUsage of job (MB)
	582168  -  ResidentSetSize of job (KB)
...
005 (2492235.081.000) 11/08 22:28:33 Job terminated.
	(1) Normal termination (return value 0)
		Usr 0 00:08:07, Sys 0 00:00:42  -  Run Remote Usage
		Usr 0 00:00:00, Sys 0 00:00:00  -  Run Local Usage
		Usr 0 00:08:07, Sys 0 00:00:42  -  Total Remote Usage
		Usr 0 00:00:00, Sys 0 00:00:00  -  Total Local Usage
	0  -  Run Bytes Sent By Job
	0  -  Run Bytes Received By Job
	0  -  Total Bytes Sent By Job
	0  -  Total Bytes Received By Job
	Partitionable Resources :    Usage  Request Allocated
	   Cpus                 :                 1         1
	   Disk (KB)            :        1        1   2371780
	   Memory (MB)          :      569        1      4035
...
