000 (2526456.051.000) 11/21 10:41:04 Job submitted from host: <192.168.1.109:9714>
...
001 (2526456.051.000) 11/21 10:41:30 Job executing on host: <192.168.1.48:9634>
...
006 (2526456.051.000) 11/21 10:41:39 Image size of job updated: 60412
	7  -  MemoryUsage of job (MB)
	6832  -  ResidentSetSize of job (KB)
...
006 (2526456.051.000) 11/21 10:42:11 Image size of job updated: 472948
	7  -  MemoryUsage of job (MB)
	6832  -  ResidentSetSize of job (KB)
...
005 (2526456.051.000) 11/21 10:42:12 Job terminated.
	(1) Normal termination (return value 0)
		Usr 0 00:00:12, Sys 0 00:00:01  -  Run Remote Usage
		Usr 0 00:00:00, Sys 0 00:00:00  -  Run Local Usage
		Usr 0 00:00:12, Sys 0 00:00:01  -  Total Remote Usage
		Usr 0 00:00:00, Sys 0 00:00:00  -  Total Local Usage
	0  -  Run Bytes Sent By Job
	0  -  Run Bytes Received By Job
	0  -  Total Bytes Sent By Job
	0  -  Total Bytes Received By Job
	Partitionable Resources :    Usage  Request Allocated
	   Cpus                 :                 1         1
	   Disk (KB)            :        1        1  28380590
	   Memory (MB)          :        7        1      4033
...
