000 (2526458.051.000) 11/21 12:05:33 Job submitted from host: <192.168.1.109:9714>
...
001 (2526458.051.000) 11/21 12:05:42 Job executing on host: <192.168.1.48:9634>
...
006 (2526458.051.000) 11/21 12:05:50 Image size of job updated: 15608
	2  -  MemoryUsage of job (MB)
	1412  -  ResidentSetSize of job (KB)
...
006 (2526458.051.000) 11/21 12:06:29 Image size of job updated: 472896
	2  -  MemoryUsage of job (MB)
	1412  -  ResidentSetSize of job (KB)
...
005 (2526458.051.000) 11/21 12:06:29 Job terminated.
	(1) Normal termination (return value 0)
		Usr 0 00:00:13, Sys 0 00:00:01  -  Run Remote Usage
		Usr 0 00:00:00, Sys 0 00:00:00  -  Run Local Usage
		Usr 0 00:00:13, Sys 0 00:00:01  -  Total Remote Usage
		Usr 0 00:00:00, Sys 0 00:00:00  -  Total Local Usage
	0  -  Run Bytes Sent By Job
	0  -  Run Bytes Received By Job
	0  -  Total Bytes Sent By Job
	0  -  Total Bytes Received By Job
	Partitionable Resources :    Usage  Request Allocated
	   Cpus                 :                 1         1
	   Disk (KB)            :        1        1  28380661
	   Memory (MB)          :        2        1      4033
...
