000 (2492235.107.000) 11/08 21:19:21 Job submitted from host: <192.168.1.109:9714>
...
001 (2492235.107.000) 11/08 21:19:37 Job executing on host: <192.168.1.47:9634>
...
006 (2492235.107.000) 11/08 21:19:46 Image size of job updated: 97472
	3  -  MemoryUsage of job (MB)
	2184  -  ResidentSetSize of job (KB)
...
006 (2492235.107.000) 11/08 21:24:48 Image size of job updated: 1055796
	434  -  MemoryUsage of job (MB)
	444340  -  ResidentSetSize of job (KB)
...
006 (2492235.107.000) 11/08 21:29:48 Image size of job updated: 1055796
	435  -  MemoryUsage of job (MB)
	444440  -  ResidentSetSize of job (KB)
...
006 (2492235.107.000) 11/08 21:34:48 Image size of job updated: 1055796
	435  -  MemoryUsage of job (MB)
	444576  -  ResidentSetSize of job (KB)
...
006 (2492235.107.000) 11/08 21:39:49 Image size of job updated: 1055796
	435  -  MemoryUsage of job (MB)
	444648  -  ResidentSetSize of job (KB)
...
006 (2492235.107.000) 11/08 21:44:49 Image size of job updated: 1055796
	435  -  MemoryUsage of job (MB)
	444904  -  ResidentSetSize of job (KB)
...
006 (2492235.107.000) 11/08 21:49:49 Image size of job updated: 1055796
	435  -  MemoryUsage of job (MB)
	444912  -  ResidentSetSize of job (KB)
...
006 (2492235.107.000) 11/08 21:54:50 Image size of job updated: 1055796
	435  -  MemoryUsage of job (MB)
	444940  -  ResidentSetSize of job (KB)
...
006 (2492235.107.000) 11/08 22:04:51 Image size of job updated: 1055796
	533  -  MemoryUsage of job (MB)
	545616  -  ResidentSetSize of job (KB)
...
006 (2492235.107.000) 11/08 22:09:53 Image size of job updated: 1055796
	545  -  MemoryUsage of job (MB)
	557520  -  ResidentSetSize of job (KB)
...
005 (2492235.107.000) 11/08 22:18:37 Job terminated.
	(1) Normal termination (return value 0)
		Usr 0 00:07:59, Sys 0 00:00:31  -  Run Remote Usage
		Usr 0 00:00:00, Sys 0 00:00:00  -  Run Local Usage
		Usr 0 00:07:59, Sys 0 00:00:31  -  Total Remote Usage
		Usr 0 00:00:00, Sys 0 00:00:00  -  Total Local Usage
	0  -  Run Bytes Sent By Job
	0  -  Run Bytes Received By Job
	0  -  Total Bytes Sent By Job
	0  -  Total Bytes Received By Job
	Partitionable Resources :    Usage  Request Allocated
	   Cpus                 :                 1         1
	   Disk (KB)            :        1        1  28380912
	   Memory (MB)          :      545        1      4033
...
