000 (2492953.107.000) 11/08 23:57:38 Job submitted from host: <192.168.1.109:9714>
...
001 (2492953.107.000) 11/08 23:58:15 Job executing on host: <192.168.1.42:9515>
...
006 (2492953.107.000) 11/08 23:58:23 Image size of job updated: 35276
	4  -  MemoryUsage of job (MB)
	3264  -  ResidentSetSize of job (KB)
...
006 (2492953.107.000) 11/08 23:58:28 Image size of job updated: 443808
	4  -  MemoryUsage of job (MB)
	3264  -  ResidentSetSize of job (KB)
...
005 (2492953.107.000) 11/08 23:58:29 Job terminated.
	(1) Normal termination (return value 6)
		Usr 0 00:00:04, Sys 0 00:00:01  -  Run Remote Usage
		Usr 0 00:00:00, Sys 0 00:00:00  -  Run Local Usage
		Usr 0 00:00:04, Sys 0 00:00:01  -  Total Remote Usage
		Usr 0 00:00:00, Sys 0 00:00:00  -  Total Local Usage
	0  -  Run Bytes Sent By Job
	0  -  Run Bytes Received By Job
	0  -  Total Bytes Sent By Job
	0  -  Total Bytes Received By Job
	Partitionable Resources :    Usage  Request Allocated
	   Cpus                 :                 1         1
	   Disk (KB)            :        1        1   2371371
	   Memory (MB)          :        4        1      4035
...
