000 (2497152.095.000) 11/09 15:03:06 Job submitted from host: <192.168.1.109:9714>
...
001 (2497152.095.000) 11/09 15:03:16 Job executing on host: <192.168.1.43:9998>
...
006 (2497152.095.000) 11/09 15:03:25 Image size of job updated: 319340
	26  -  MemoryUsage of job (MB)
	26224  -  ResidentSetSize of job (KB)
...
006 (2497152.095.000) 11/09 15:03:50 Image size of job updated: 490908
	26  -  MemoryUsage of job (MB)
	26224  -  ResidentSetSize of job (KB)
...
005 (2497152.095.000) 11/09 15:03:51 Job terminated.
	(1) Normal termination (return value 0)
		Usr 0 00:00:08, Sys 0 00:00:05  -  Run Remote Usage
		Usr 0 00:00:00, Sys 0 00:00:00  -  Run Local Usage
		Usr 0 00:00:08, Sys 0 00:00:05  -  Total Remote Usage
		Usr 0 00:00:00, Sys 0 00:00:00  -  Total Local Usage
	0  -  Run Bytes Sent By Job
	0  -  Run Bytes Received By Job
	0  -  Total Bytes Sent By Job
	0  -  Total Bytes Received By Job
	Partitionable Resources :    Usage  Request Allocated
	   Cpus                 :                 1         1
	   Disk (KB)            :        1        1   2367164
	   Memory (MB)          :       26        1      4035
...
