000 (2497410.015.000) 11/09 15:33:46 Job submitted from host: <192.168.1.109:9714>
...
001 (2497410.015.000) 11/09 15:34:08 Job executing on host: <192.168.1.48:9634>
...
006 (2497410.015.000) 11/09 15:34:17 Image size of job updated: 181164
	3  -  MemoryUsage of job (MB)
	2688  -  ResidentSetSize of job (KB)
...
006 (2497410.015.000) 11/09 15:39:18 Image size of job updated: 988872
	466  -  MemoryUsage of job (MB)
	476628  -  ResidentSetSize of job (KB)
...
006 (2497410.015.000) 11/09 15:44:18 Image size of job updated: 988872
	466  -  MemoryUsage of job (MB)
	476968  -  ResidentSetSize of job (KB)
...
006 (2497410.015.000) 11/09 15:49:19 Image size of job updated: 988872
	467  -  MemoryUsage of job (MB)
	477352  -  ResidentSetSize of job (KB)
...
006 (2497410.015.000) 11/09 15:54:20 Image size of job updated: 988872
	467  -  MemoryUsage of job (MB)
	477748  -  ResidentSetSize of job (KB)
...
006 (2497410.015.000) 11/09 15:59:20 Image size of job updated: 988872
	467  -  MemoryUsage of job (MB)
	477984  -  ResidentSetSize of job (KB)
...
005 (2497410.015.000) 11/09 16:00:11 Job terminated.
	(1) Normal termination (return value 0)
		Usr 0 00:04:37, Sys 0 00:00:17  -  Run Remote Usage
		Usr 0 00:00:00, Sys 0 00:00:00  -  Run Local Usage
		Usr 0 00:04:37, Sys 0 00:00:17  -  Total Remote Usage
		Usr 0 00:00:00, Sys 0 00:00:00  -  Total Local Usage
	0  -  Run Bytes Sent By Job
	0  -  Run Bytes Received By Job
	0  -  Total Bytes Sent By Job
	0  -  Total Bytes Received By Job
	Partitionable Resources :    Usage  Request Allocated
	   Cpus                 :                 1         1
	   Disk (KB)            :        1        1  28379924
	   Memory (MB)          :      467        1      4033
...
