mkdir: cannot create directory `outFiles/Application_1_2L': File exists
mkdir: cannot create directory `outFiles/Application_1_2L/InputBundle_Data_Input_91_Tree': File exists
SysError in <TFile::WriteBuffer>: error writing to file outFiles/Application_1_2L/InputBundle_Data_Input_91_Tree/BDT1_tree.root (-1) (No space left on device)
Error in <TBranchElement::TBranch::WriteBasketImpl>: basket's WriteBuffer failed.

Error in <TBranchElement::TBranch::Fill>: Failed to write out basket.

Error in <TBranchElement::Fill>: Failed filling branch:NoIDJetCombinedInclusiveSecondaryVertexV2BJetTags, nbytes=-1
Error in <TTree::Fill>: Failed filling branch:tree.NoIDJetCombinedInclusiveSecondaryVertexV2BJetTags, nbytes=-1, entry=282928
 This error is symptomatic of a Tree created as a memory-resident Tree
 Instead of doing:
    TTree *T = new TTree(...)
    TFile *f = new TFile(...)
 you should do:
    TFile *f = new TFile(...)
    TTree *T = new TTree(...)


Error in <TBranchElement::TBranch::WriteBasketImpl>: basket's WriteBuffer failed.

Error in <TBranchElement::TBranch::Fill>: Failed to write out basket.

Error in <TBranchElement::Fill>: Failed filling branch:NoIDJetPt, nbytes=-1
Error in <TTree::Fill>: Failed filling branch:tree.NoIDJetPt, nbytes=-1, entry=282929
 This error is symptomatic of a Tree created as a memory-resident Tree
 Instead of doing:
    TTree *T = new TTree(...)
    TFile *f = new TFile(...)
 you should do:
    TFile *f = new TFile(...)
    TTree *T = new TTree(...)


Error in <TBranchElement::TBranch::WriteBasketImpl>: basket's WriteBuffer failed.

Error in <TBranchElement::TBranch::Fill>: Failed to write out basket.

Error in <TBranchElement::Fill>: Failed filling branch:NoIDJetEta, nbytes=-1
Error in <TTree::Fill>: Failed filling branch:tree.NoIDJetEta, nbytes=-1, entry=282929
 This error is symptomatic of a Tree created as a memory-resident Tree
 Instead of doing:
    TTree *T = new TTree(...)
    TFile *f = new TFile(...)
 you should do:
    TFile *f = new TFile(...)
    TTree *T = new TTree(...)


Error in <TBranchElement::TBranch::WriteBasketImpl>: basket's WriteBuffer failed.

Error in <TBranchElement::TBranch::Fill>: Failed to write out basket.

Error in <TBranchElement::Fill>: Failed filling branch:NoIDJetPhi, nbytes=-1
Error in <TTree::Fill>: Failed filling branch:tree.NoIDJetPhi, nbytes=-1, entry=282929
Error in <TBranchElement::TBranch::WriteBasketImpl>: basket's WriteBuffer failed.

Error in <TBranchElement::TBranch::Fill>: Failed to write out basket.

Error in <TBranchElement::Fill>: Failed filling branch:NoIDJetDeepCSVProbb, nbytes=-1
Error in <TTree::Fill>: Failed filling branch:tree.NoIDJetDeepCSVProbb, nbytes=-1, entry=282929
Error in <TBranchElement::TBranch::WriteBasketImpl>: basket's WriteBuffer failed.

Error in <TBranchElement::TBranch::Fill>: Failed to write out basket.

Error in <TBranchElement::Fill>: Failed filling branch:NoIDJetDeepCSVProbbb, nbytes=-1
Error in <TTree::Fill>: Failed filling branch:tree.NoIDJetDeepCSVProbbb, nbytes=-1, entry=282929
Error in <TBranchElement::TBranch::WriteBasketImpl>: basket's WriteBuffer failed.

Error in <TBranchElement::TBranch::Fill>: Failed to write out basket.

Error in <TBranchElement::Fill>: Failed filling branch:NoIDJetPassPOGID, nbytes=-1
Error in <TTree::Fill>: Failed filling branch:tree.NoIDJetPassPOGID, nbytes=-1, entry=282929
Error in <TBranchElement::TBranch::WriteBasketImpl>: basket's WriteBuffer failed.

Error in <TBranchElement::TBranch::Fill>: Failed to write out basket.

Error in <TBranchElement::Fill>: Failed filling branch:LightLeptonBDTPtInclusiveLeptons, nbytes=-1
Error in <TTree::Fill>: Failed filling branch:tree.LightLeptonBDTPtInclusiveLeptons, nbytes=-1, entry=283228
 This error is symptomatic of a Tree created as a memory-resident Tree
 Instead of doing:
    TTree *T = new TTree(...)
    TFile *f = new TFile(...)
 you should do:
    TFile *f = new TFile(...)
    TTree *T = new TTree(...)


Error in <TBranch::TBranch::WriteBasketImpl>: basket's WriteBuffer failed.

Error in <TBranch::TBranch::Fill>: Failed to write out baske