000 (2491851.115.000) 11/08 20:36:48 Job submitted from host: <192.168.1.109:9714>
...
001 (2491851.115.000) 11/08 20:37:18 Job executing on host: <192.168.1.51:9694>
...
006 (2491851.115.000) 11/08 20:37:27 Image size of job updated: 78716
	3  -  MemoryUsage of job (MB)
	2632  -  ResidentSetSize of job (KB)
...
006 (2491851.115.000) 11/08 20:39:50 Image size of job updated: 492476
	3  -  MemoryUsage of job (MB)
	2632  -  ResidentSetSize of job (KB)
...
005 (2491851.115.000) 11/08 20:40:16 Job terminated.
	(1) Normal termination (return value 0)
		Usr 0 00:00:34, Sys 0 00:00:01  -  Run Remote Usage
		Usr 0 00:00:00, Sys 0 00:00:00  -  Run Local Usage
		Usr 0 00:00:34, Sys 0 00:00:01  -  Total Remote Usage
		Usr 0 00:00:00, Sys 0 00:00:00  -  Total Local Usage
	0  -  Run Bytes Sent By Job
	0  -  Run Bytes Received By Job
	0  -  Total Bytes Sent By Job
	0  -  Total Bytes Received By Job
	Partitionable Resources :    Usage  Request Allocated
	   Cpus                 :                 1         1
	   Disk (KB)            :        1        1  28379451
	   Memory (MB)          :        3        1      4033
...
