000 (2482115.044.000) 11/07 14:47:35 Job submitted from host: <192.168.1.109:9714>
...
001 (2482115.044.000) 11/07 14:47:43 Job executing on host: <192.168.1.49:9578>
...
006 (2482115.044.000) 11/07 14:47:52 Image size of job updated: 109868
	3  -  MemoryUsage of job (MB)
	2636  -  ResidentSetSize of job (KB)
...
006 (2482115.044.000) 11/07 14:48:15 Image size of job updated: 491060
	3  -  MemoryUsage of job (MB)
	2636  -  ResidentSetSize of job (KB)
...
005 (2482115.044.000) 11/07 14:48:15 Job terminated.
	(1) Normal termination (return value 0)
		Usr 0 00:00:08, Sys 0 00:00:00  -  Run Remote Usage
		Usr 0 00:00:00, Sys 0 00:00:00  -  Run Local Usage
		Usr 0 00:00:08, Sys 0 00:00:00  -  Total Remote Usage
		Usr 0 00:00:00, Sys 0 00:00:00  -  Total Local Usage
	0  -  Run Bytes Sent By Job
	0  -  Run Bytes Received By Job
	0  -  Total Bytes Sent By Job
	0  -  Total Bytes Received By Job
	Partitionable Resources :    Usage  Request Allocated
	   Cpus                 :                 1         1
	   Disk (KB)            :        1        1  28379699
	   Memory (MB)          :        3        1      4033
...
