000 (2492274.044.000) 11/08 21:21:59 Job submitted from host: <192.168.1.109:9714>
...
001 (2492274.044.000) 11/08 21:22:26 Job executing on host: <192.168.1.51:9694>
...
006 (2492274.044.000) 11/08 21:22:35 Image size of job updated: 320260
	20  -  MemoryUsage of job (MB)
	20416  -  ResidentSetSize of job (KB)
...
006 (2492274.044.000) 11/08 21:27:35 Image size of job updated: 1066500
	494  -  MemoryUsage of job (MB)
	505492  -  ResidentSetSize of job (KB)
...
006 (2492274.044.000) 11/08 21:32:35 Image size of job updated: 1066500
	494  -  MemoryUsage of job (MB)
	505844  -  ResidentSetSize of job (KB)
...
006 (2492274.044.000) 11/08 21:37:35 Image size of job updated: 1066500
	494  -  MemoryUsage of job (MB)
	505856  -  ResidentSetSize of job (KB)
...
006 (2492274.044.000) 11/08 21:42:35 Image size of job updated: 1066500
	495  -  MemoryUsage of job (MB)
	505984  -  ResidentSetSize of job (KB)
...
006 (2492274.044.000) 11/08 21:47:37 Image size of job updated: 1066500
	495  -  MemoryUsage of job (MB)
	506020  -  ResidentSetSize of job (KB)
...
006 (2492274.044.000) 11/08 21:52:37 Image size of job updated: 1066500
	495  -  MemoryUsage of job (MB)
	506032  -  ResidentSetSize of job (KB)
...
006 (2492274.044.000) 11/08 21:57:37 Image size of job updated: 1066500
	495  -  MemoryUsage of job (MB)
	506048  -  ResidentSetSize of job (KB)
...
006 (2492274.044.000) 11/08 22:02:38 Image size of job updated: 1066500
	495  -  MemoryUsage of job (MB)
	506068  -  ResidentSetSize of job (KB)
...
006 (2492274.044.000) 11/08 22:07:39 Image size of job updated: 1066500
	495  -  MemoryUsage of job (MB)
	506088  -  ResidentSetSize of job (KB)
...
006 (2492274.044.000) 11/08 22:12:39 Image size of job updated: 1066500
	495  -  MemoryUsage of job (MB)
	506148  -  ResidentSetSize of job (KB)
...
006 (2492274.044.000) 11/08 22:17:40 Image size of job updated: 1066500
	495  -  MemoryUsage of job (MB)
	506160  -  ResidentSetSize of job (KB)
...
006 (2492274.044.000) 11/08 22:22:41 Image size of job updated: 1066500
	495  -  MemoryUsage of job (MB)
	506176  -  ResidentSetSize of job (KB)
...
006 (2492274.044.000) 11/08 22:32:42 Image size of job updated: 1066500
	495  -  MemoryUsage of job (MB)
	506192  -  ResidentSetSize of job (KB)
...
005 (2492274.044.000) 11/08 22:34:12 Job terminated.
	(1) Normal termination (return value 0)
		Usr 0 00:15:11, Sys 0 00:00:54  -  Run Remote Usage
		Usr 0 00:00:00, Sys 0 00:00:00  -  Run Local Usage
		Usr 0 00:15:11, Sys 0 00:00:54  -  Total Remote Usage
		Usr 0 00:00:00, Sys 0 00:00:00  -  Total Local Usage
	0  -  Run Bytes Sent By Job
	0  -  Run Bytes Received By Job
	0  -  Total Bytes Sent By Job
	0  -  Total Bytes Received By Job
	Partitionable Resources :    Usage  Request Allocated
	   Cpus                 :                 1         1
	   Disk (KB)            :        1        1  28379007
	   Memory (MB)          :      495        1      4033
...
