000 (2492235.056.000) 11/08 21:19:20 Job submitted from host: <192.168.1.109:9714>
...
001 (2492235.056.000) 11/08 21:20:12 Job executing on host: <192.168.1.44:9507>
...
006 (2492235.056.000) 11/08 21:20:21 Image size of job updated: 32840
	3  -  MemoryUsage of job (MB)
	2620  -  ResidentSetSize of job (KB)
...
006 (2492235.056.000) 11/08 21:25:21 Image size of job updated: 1066500
	517  -  MemoryUsage of job (MB)
	528520  -  ResidentSetSize of job (KB)
...
006 (2492235.056.000) 11/08 21:30:21 Image size of job updated: 1066500
	518  -  MemoryUsage of job (MB)
	529420  -  ResidentSetSize of job (KB)
...
006 (2492235.056.000) 11/08 21:35:21 Image size of job updated: 1066500
	518  -  MemoryUsage of job (MB)
	529532  -  ResidentSetSize of job (KB)
...
006 (2492235.056.000) 11/08 21:40:22 Image size of job updated: 1066500
	518  -  MemoryUsage of job (MB)
	529540  -  ResidentSetSize of job (KB)
...
006 (2492235.056.000) 11/08 21:45:23 Image size of job updated: 1066500
	518  -  MemoryUsage of job (MB)
	529548  -  ResidentSetSize of job (KB)
...
006 (2492235.056.000) 11/08 21:50:23 Image size of job updated: 1066500
	518  -  MemoryUsage of job (MB)
	529692  -  ResidentSetSize of job (KB)
...
006 (2492235.056.000) 11/08 21:55:25 Image size of job updated: 1066500
	518  -  MemoryUsage of job (MB)
	529732  -  ResidentSetSize of job (KB)
...
006 (2492235.056.000) 11/08 22:00:25 Image size of job updated: 1066500
	518  -  MemoryUsage of job (MB)
	529740  -  ResidentSetSize of job (KB)
...
006 (2492235.056.000) 11/08 22:05:25 Image size of job updated: 1066500
	518  -  MemoryUsage of job (MB)
	529748  -  ResidentSetSize of job (KB)
...
006 (2492235.056.000) 11/08 22:15:27 Image size of job updated: 1066500
	518  -  MemoryUsage of job (MB)
	529752  -  ResidentSetSize of job (KB)
...
006 (2492235.056.000) 11/08 22:20:27 Image size of job updated: 1066500
	518  -  MemoryUsage of job (MB)
	529768  -  ResidentSetSize of job (KB)
...
006 (2492235.056.000) 11/08 22:25:28 Image size of job updated: 1066500
	518  -  MemoryUsage of job (MB)
	529812  -  ResidentSetSize of job (KB)
...
006 (2492235.056.000) 11/08 22:30:29 Image size of job updated: 1066500
	631  -  MemoryUsage of job (MB)
	645244  -  ResidentSetSize of job (KB)
...
006 (2492235.056.000) 11/08 22:35:29 Image size of job updated: 1066500
	631  -  MemoryUsage of job (MB)
	645524  -  ResidentSetSize of job (KB)
...
006 (2492235.056.000) 11/08 22:40:30 Image size of job updated: 1066500
	631  -  MemoryUsage of job (MB)
	645548  -  ResidentSetSize of job (KB)
...
006 (2492235.056.000) 11/08 22:45:30 Image size of job updated: 1066500
	631  -  MemoryUsage of job (MB)
	645560  -  ResidentSetSize of job (KB)
...
005 (2492235.056.000) 11/08 22:47:02 Job terminated.
	(1) Normal termination (return value 0)
		Usr 0 00:16:23, Sys 0 00:01:02  -  Run Remote Usage
		Usr 0 00:00:00, Sys 0 00:00:00  -  Run Local Usage
		Usr 0 00:16:23, Sys 0 00:01:02  -  Total Remote Usage
		Usr 0 00:00:00, Sys 0 00:00:00  -  Total Local Usage
	0  -  Run Bytes Sent By Job
	0  -  Run Bytes Received By Job
	0  -  Total Bytes Sent By Job
	0  -  Total Bytes Received By Job
	Partitionable Resources :    Usage  Request Allocated
	   Cpus                 :                 1         1
	   Disk (KB)            :        1        1   2369792
	   Memory (MB)          :      631        1      4035
...
