000 (2493183.056.000) 11/09 00:44:14 Job submitted from host: <192.168.1.109:9714>
...
001 (2493183.056.000) 11/09 00:44:25 Job executing on host: <192.168.1.49:9578>
...
006 (2493183.056.000) 11/09 00:44:33 Image size of job updated: 97472
	3  -  MemoryUsage of job (MB)
	2696  -  ResidentSetSize of job (KB)
...
006 (2493183.056.000) 11/09 00:49:34 Image size of job updated: 1050724
	496  -  MemoryUsage of job (MB)
	507588  -  ResidentSetSize of job (KB)
...
006 (2493183.056.000) 11/09 00:54:35 Image size of job updated: 1050724
	497  -  MemoryUsage of job (MB)
	508044  -  ResidentSetSize of job (KB)
...
006 (2493183.056.000) 11/09 00:59:35 Image size of job updated: 1050724
	497  -  MemoryUsage of job (MB)
	508308  -  ResidentSetSize of job (KB)
...
006 (2493183.056.000) 11/09 01:04:36 Image size of job updated: 1050724
	616  -  MemoryUsage of job (MB)
	630740  -  ResidentSetSize of job (KB)
...
006 (2493183.056.000) 11/09 01:09:37 Image size of job updated: 1050724
	618  -  MemoryUsage of job (MB)
	632496  -  ResidentSetSize of job (KB)
...
006 (2493183.056.000) 11/09 01:14:37 Image size of job updated: 1050724
	619  -  MemoryUsage of job (MB)
	633672  -  ResidentSetSize of job (KB)
...
005 (2493183.056.000) 11/09 01:17:37 Job terminated.
	(1) Normal termination (return value 0)
		Usr 0 00:08:20, Sys 0 00:00:40  -  Run Remote Usage
		Usr 0 00:00:00, Sys 0 00:00:00  -  Run Local Usage
		Usr 0 00:08:20, Sys 0 00:00:40  -  Total Remote Usage
		Usr 0 00:00:00, Sys 0 00:00:00  -  Total Local Usage
	0  -  Run Bytes Sent By Job
	0  -  Run Bytes Received By Job
	0  -  Total Bytes Sent By Job
	0  -  Total Bytes Received By Job
	Partitionable Resources :    Usage  Request Allocated
	   Cpus                 :                 1         1
	   Disk (KB)            :        1        1  28380281
	   Memory (MB)          :      619        1      4033
...
