000 (2497152.044.000) 11/09 15:03:05 Job submitted from host: <192.168.1.109:9714>
...
001 (2497152.044.000) 11/09 15:03:13 Job executing on host: <192.168.1.56:9618?addrs=192.168.1.56-9618+[--1]-9618&noUDP&sock=2542_7e3d_3>
...
006 (2497152.044.000) 11/09 15:03:22 Image size of job updated: 78540
	14  -  MemoryUsage of job (MB)
	13804  -  ResidentSetSize of job (KB)
...
006 (2497152.044.000) 11/09 15:03:42 Image size of job updated: 491052
	14  -  MemoryUsage of job (MB)
	13804  -  ResidentSetSize of job (KB)
...
005 (2497152.044.000) 11/09 15:03:42 Job terminated.
	(1) Normal termination (return value 0)
		Usr 0 00:00:13, Sys 0 00:00:01  -  Run Remote Usage
		Usr 0 00:00:00, Sys 0 00:00:00  -  Run Local Usage
		Usr 0 00:00:13, Sys 0 00:00:01  -  Total Remote Usage
		Usr 0 00:00:00, Sys 0 00:00:00  -  Total Local Usage
	0  -  Run Bytes Sent By Job
	0  -  Run Bytes Received By Job
	0  -  Total Bytes Sent By Job
	0  -  Total Bytes Received By Job
	Partitionable Resources :    Usage  Request Allocated
	   Cpus                 :                 1         1
	   Disk (KB)            :        1        1   1563536
	   Memory (MB)          :       14        1         1
...
