000 (2504805.056.000) 11/16 01:26:45 Job submitted from host: <192.168.1.109:9714>
...
001 (2504805.056.000) 11/16 01:26:56 Job executing on host: <192.168.1.46:9845>
...
006 (2504805.056.000) 11/16 01:27:05 Image size of job updated: 1
	3  -  MemoryUsage of job (MB)
	2144  -  ResidentSetSize of job (KB)
...
006 (2504805.056.000) 11/16 01:27:25 Image size of job updated: 475752
	3  -  MemoryUsage of job (MB)
	2144  -  ResidentSetSize of job (KB)
...
005 (2504805.056.000) 11/16 01:27:25 Job terminated.
	(1) Normal termination (return value 0)
		Usr 0 00:00:08, Sys 0 00:00:01  -  Run Remote Usage
		Usr 0 00:00:00, Sys 0 00:00:00  -  Run Local Usage
		Usr 0 00:00:08, Sys 0 00:00:01  -  Total Remote Usage
		Usr 0 00:00:00, Sys 0 00:00:00  -  Total Local Usage
	0  -  Run Bytes Sent By Job
	0  -  Run Bytes Received By Job
	0  -  Total Bytes Sent By Job
	0  -  Total Bytes Received By Job
	Partitionable Resources :    Usage  Request Allocated
	   Cpus                 :                 1         1
	   Disk (KB)            :        1        1   2372024
	   Memory (MB)          :        3        1      4035
...
