000 (2504802.056.000) 11/16 00:58:49 Job submitted from host: <192.168.1.109:9714>
...
001 (2504802.056.000) 11/16 00:59:11 Job executing on host: <192.168.1.68:9996>
...
006 (2504802.056.000) 11/16 00:59:19 Image size of job updated: 341872
	72  -  MemoryUsage of job (MB)
	73544  -  ResidentSetSize of job (KB)
...
006 (2504802.056.000) 11/16 00:59:42 Image size of job updated: 476356
	72  -  MemoryUsage of job (MB)
	73544  -  ResidentSetSize of job (KB)
...
005 (2504802.056.000) 11/16 00:59:42 Job terminated.
	(1) Normal termination (return value 0)
		Usr 0 00:00:15, Sys 0 00:00:01  -  Run Remote Usage
		Usr 0 00:00:00, Sys 0 00:00:00  -  Run Local Usage
		Usr 0 00:00:15, Sys 0 00:00:01  -  Total Remote Usage
		Usr 0 00:00:00, Sys 0 00:00:00  -  Total Local Usage
	0  -  Run Bytes Sent By Job
	0  -  Run Bytes Received By Job
	0  -  Total Bytes Sent By Job
	0  -  Total Bytes Received By Job
	Partitionable Resources :    Usage  Request Allocated
	   Cpus                 :                 1         1
	   Disk (KB)            :        1        1  20250687
	   Memory (MB)          :       72        1      4038
...
