000 (2493172.030.000) 11/09 00:41:41 Job submitted from host: <192.168.1.109:9714>
...
001 (2493172.030.000) 11/09 00:41:52 Job executing on host: <192.168.1.64:9697>
...
006 (2493172.030.000) 11/09 00:42:00 Image size of job updated: 337572
	52  -  MemoryUsage of job (MB)
	52336  -  ResidentSetSize of job (KB)
...
006 (2493172.030.000) 11/09 00:42:08 Image size of job updated: 482732
	52  -  MemoryUsage of job (MB)
	52336  -  ResidentSetSize of job (KB)
...
005 (2493172.030.000) 11/09 00:42:08 Job terminated.
	(1) Normal termination (return value 0)
		Usr 0 00:00:08, Sys 0 00:00:00  -  Run Remote Usage
		Usr 0 00:00:00, Sys 0 00:00:00  -  Run Local Usage
		Usr 0 00:00:08, Sys 0 00:00:00  -  Total Remote Usage
		Usr 0 00:00:00, Sys 0 00:00:00  -  Total Local Usage
	0  -  Run Bytes Sent By Job
	0  -  Run Bytes Received By Job
	0  -  Total Bytes Sent By Job
	0  -  Total Bytes Received By Job
	Partitionable Resources :    Usage  Request Allocated
	   Cpus                 :                 1         1
	   Disk (KB)            :        1        1  19564535
	   Memory (MB)          :       52        1      4033
...
