000 (2504797.030.000) 11/15 23:49:55 Job submitted from host: <192.168.1.109:9714>
...
001 (2504797.030.000) 11/15 23:50:14 Job executing on host: <192.168.1.47:9634>
...
006 (2504797.030.000) 11/15 23:50:23 Image size of job updated: 163860
	23  -  MemoryUsage of job (MB)
	22840  -  ResidentSetSize of job (KB)
...
006 (2504797.030.000) 11/15 23:50:31 Image size of job updated: 475804
	23  -  MemoryUsage of job (MB)
	22840  -  ResidentSetSize of job (KB)
...
005 (2504797.030.000) 11/15 23:50:31 Job terminated.
	(1) Normal termination (return value 0)
		Usr 0 00:00:05, Sys 0 00:00:00  -  Run Remote Usage
		Usr 0 00:00:00, Sys 0 00:00:00  -  Run Local Usage
		Usr 0 00:00:05, Sys 0 00:00:00  -  Total Remote Usage
		Usr 0 00:00:00, Sys 0 00:00:00  -  Total Local Usage
	0  -  Run Bytes Sent By Job
	0  -  Run Bytes Received By Job
	0  -  Total Bytes Sent By Job
	0  -  Total Bytes Received By Job
	Partitionable Resources :    Usage  Request Allocated
	   Cpus                 :                 1         1
	   Disk (KB)            :        1        1  28379447
	   Memory (MB)          :       23        1      4033
...
