000 (2511949.011.000) 11/17 23:24:49 Job submitted from host: <192.168.1.109:9714>
...
001 (2511949.011.000) 11/17 23:27:51 Job executing on host: <192.168.1.48:9634>
...
006 (2511949.011.000) 11/17 23:28:00 Image size of job updated: 339592
	65  -  MemoryUsage of job (MB)
	66496  -  ResidentSetSize of job (KB)
...
005 (2511949.011.000) 11/17 23:28:08 Job terminated.
	(1) Normal termination (return value 0)
		Usr 0 00:00:00, Sys 0 00:00:00  -  Run Remote Usage
		Usr 0 00:00:00, Sys 0 00:00:00  -  Run Local Usage
		Usr 0 00:00:00, Sys 0 00:00:00  -  Total Remote Usage
		Usr 0 00:00:00, Sys 0 00:00:00  -  Total Local Usage
	0  -  Run Bytes Sent By Job
	0  -  Run Bytes Received By Job
	0  -  Total Bytes Sent By Job
	0  -  Total Bytes Received By Job
	Partitionable Resources :    Usage  Request Allocated
	   Cpus                 :                 1         1
	   Disk (KB)            :        1        1  28379825
	   Memory (MB)          :       65        1      4033
...
