000 (2464980.016.000) 11/02 16:52:02 Job submitted from host: <192.168.1.109:9308>
...
001 (2464980.016.000) 11/02 16:52:24 Job executing on host: <192.168.1.50:9579>
...
006 (2464980.016.000) 11/02 16:52:33 Image size of job updated: 202976
	25  -  MemoryUsage of job (MB)
	24872  -  ResidentSetSize of job (KB)
...
006 (2464980.016.000) 11/02 16:52:43 Image size of job updated: 465032
	25  -  MemoryUsage of job (MB)
	24872  -  ResidentSetSize of job (KB)
...
005 (2464980.016.000) 11/02 16:52:43 Job terminated.
	(1) Normal termination (return value 0)
		Usr 0 00:00:04, Sys 0 00:00:00  -  Run Remote Usage
		Usr 0 00:00:00, Sys 0 00:00:00  -  Run Local Usage
		Usr 0 00:00:04, Sys 0 00:00:00  -  Total Remote Usage
		Usr 0 00:00:00, Sys 0 00:00:00  -  Total Local Usage
	0  -  Run Bytes Sent By Job
	0  -  Run Bytes Received By Job
	0  -  Total Bytes Sent By Job
	0  -  Total Bytes Received By Job
	Partitionable Resources :    Usage  Request Allocated
	   Cpus                 :                 1         1
	   Disk (KB)            :        1        1  28380090
	   Memory (MB)          :       25        1      4033
...
