000 (2492274.004.000) 11/08 21:21:58 Job submitted from host: <192.168.1.109:9714>
...
001 (2492274.004.000) 11/08 21:23:02 Job executing on host: <192.168.1.47:9634>
...
006 (2492274.004.000) 11/08 21:23:11 Image size of job updated: 442324
	121  -  MemoryUsage of job (MB)
	123376  -  ResidentSetSize of job (KB)
...
006 (2492274.004.000) 11/08 21:28:11 Image size of job updated: 972740
	456  -  MemoryUsage of job (MB)
	466648  -  ResidentSetSize of job (KB)
...
006 (2492274.004.000) 11/08 21:33:11 Image size of job updated: 972740
	456  -  MemoryUsage of job (MB)
	466764  -  ResidentSetSize of job (KB)
...
006 (2492274.004.000) 11/08 21:38:12 Image size of job updated: 972740
	457  -  MemoryUsage of job (MB)
	467240  -  ResidentSetSize of job (KB)
...
006 (2492274.004.000) 11/08 21:43:12 Image size of job updated: 972740
	457  -  MemoryUsage of job (MB)
	467276  -  ResidentSetSize of job (KB)
...
006 (2492274.004.000) 11/08 21:48:12 Image size of job updated: 972740
	457  -  MemoryUsage of job (MB)
	467540  -  ResidentSetSize of job (KB)
...
006 (2492274.004.000) 11/08 21:53:13 Image size of job updated: 972740
	457  -  MemoryUsage of job (MB)
	467832  -  ResidentSetSize of job (KB)
...
006 (2492274.004.000) 11/08 21:58:13 Image size of job updated: 972740
	457  -  MemoryUsage of job (MB)
	467952  -  ResidentSetSize of job (KB)
...
006 (2492274.004.000) 11/08 22:03:13 Image size of job updated: 972740
	458  -  MemoryUsage of job (MB)
	468244  -  ResidentSetSize of job (KB)
...
005 (2492274.004.000) 11/08 22:08:06 Job terminated.
	(1) Normal termination (return value 0)
		Usr 0 00:05:43, Sys 0 00:00:24  -  Run Remote Usage
		Usr 0 00:00:00, Sys 0 00:00:00  -  Run Local Usage
		Usr 0 00:05:43, Sys 0 00:00:24  -  Total Remote Usage
		Usr 0 00:00:00, Sys 0 00:00:00  -  Total Local Usage
	0  -  Run Bytes Sent By Job
	0  -  Run Bytes Received By Job
	0  -  Total Bytes Sent By Job
	0  -  Total Bytes Received By Job
	Partitionable Resources :    Usage  Request Allocated
	   Cpus                 :                 1         1
	   Disk (KB)            :        1        1  28380884
	   Memory (MB)          :      458        1      4033
...
