000 (2504803.004.000) 11/16 01:01:57 Job submitted from host: <192.168.1.109:9714>
...
001 (2504803.004.000) 11/16 01:02:19 Job executing on host: <192.168.1.65:9393>
...
006 (2504803.004.000) 11/16 01:02:28 Image size of job updated: 360628
	61  -  MemoryUsage of job (MB)
	61556  -  ResidentSetSize of job (KB)
...
005 (2504803.004.000) 11/16 01:02:34 Job terminated.
	(1) Normal termination (return value 0)
		Usr 0 00:00:01, Sys 0 00:00:00  -  Run Remote Usage
		Usr 0 00:00:00, Sys 0 00:00:00  -  Run Local Usage
		Usr 0 00:00:01, Sys 0 00:00:00  -  Total Remote Usage
		Usr 0 00:00:00, Sys 0 00:00:00  -  Total Local Usage
	0  -  Run Bytes Sent By Job
	0  -  Run Bytes Received By Job
	0  -  Total Bytes Sent By Job
	0  -  Total Bytes Received By Job
	Partitionable Resources :    Usage  Request Allocated
	   Cpus                 :                 1         1
	   Disk (KB)            :        1        1  19563936
	   Memory (MB)          :       61        1      4033
...
