000 (2485823.075.000) 11/07 23:48:30 Job submitted from host: <192.168.1.109:9714>
...
001 (2485823.075.000) 11/07 23:48:40 Job executing on host: <192.168.1.49:9578>
...
006 (2485823.075.000) 11/07 23:48:48 Image size of job updated: 176368
	27  -  MemoryUsage of job (MB)
	27084  -  ResidentSetSize of job (KB)
...
006 (2485823.075.000) 11/07 23:53:48 Image size of job updated: 1035220
	512  -  MemoryUsage of job (MB)
	524160  -  ResidentSetSize of job (KB)
...
006 (2485823.075.000) 11/07 23:58:49 Image size of job updated: 1035220
	513  -  MemoryUsage of job (MB)
	524644  -  ResidentSetSize of job (KB)
...
006 (2485823.075.000) 11/08 00:03:50 Image size of job updated: 1035220
	513  -  MemoryUsage of job (MB)
	524692  -  ResidentSetSize of job (KB)
...
006 (2485823.075.000) 11/08 00:08:50 Image size of job updated: 1035220
	624  -  MemoryUsage of job (MB)
	638292  -  ResidentSetSize of job (KB)
...
006 (2485823.075.000) 11/08 00:13:51 Image size of job updated: 1035220
	632  -  MemoryUsage of job (MB)
	646280  -  ResidentSetSize of job (KB)
...
005 (2485823.075.000) 11/08 00:15:36 Job terminated.
	(1) Normal termination (return value 0)
		Usr 0 00:06:09, Sys 0 00:00:21  -  Run Remote Usage
		Usr 0 00:00:00, Sys 0 00:00:00  -  Run Local Usage
		Usr 0 00:06:09, Sys 0 00:00:21  -  Total Remote Usage
		Usr 0 00:00:00, Sys 0 00:00:00  -  Total Local Usage
	0  -  Run Bytes Sent By Job
	0  -  Run Bytes Received By Job
	0  -  Total Bytes Sent By Job
	0  -  Total Bytes Received By Job
	Partitionable Resources :    Usage  Request Allocated
	   Cpus                 :                 1         1
	   Disk (KB)            :        1        1  28360978
	   Memory (MB)          :      632        1      4033
...
