000 (2491133.075.000) 11/08 19:40:19 Job submitted from host: <192.168.1.109:9714>
...
001 (2491133.075.000) 11/08 19:40:53 Job executing on host: <192.168.1.47:9634>
...
006 (2491133.075.000) 11/08 19:41:01 Image size of job updated: 358896
	50  -  MemoryUsage of job (MB)
	50344  -  ResidentSetSize of job (KB)
...
006 (2491133.075.000) 11/08 19:46:02 Image size of job updated: 1035220
	507  -  MemoryUsage of job (MB)
	519028  -  ResidentSetSize of job (KB)
...
006 (2491133.075.000) 11/08 19:51:02 Image size of job updated: 1035220
	508  -  MemoryUsage of job (MB)
	519248  -  ResidentSetSize of job (KB)
...
006 (2491133.075.000) 11/08 19:56:03 Image size of job updated: 1035220
	508  -  MemoryUsage of job (MB)
	519480  -  ResidentSetSize of job (KB)
...
006 (2491133.075.000) 11/08 20:00:17 Image size of job updated: 1249492
	508  -  MemoryUsage of job (MB)
	519480  -  ResidentSetSize of job (KB)
...
005 (2491133.075.000) 11/08 20:00:17 Job terminated.
	(1) Normal termination (return value 0)
		Usr 0 00:06:36, Sys 0 00:00:26  -  Run Remote Usage
		Usr 0 00:00:00, Sys 0 00:00:00  -  Run Local Usage
		Usr 0 00:06:36, Sys 0 00:00:26  -  Total Remote Usage
		Usr 0 00:00:00, Sys 0 00:00:00  -  Total Local Usage
	0  -  Run Bytes Sent By Job
	0  -  Run Bytes Received By Job
	0  -  Total Bytes Sent By Job
	0  -  Total Bytes Received By Job
	Partitionable Resources :    Usage  Request Allocated
	   Cpus                 :                 1         1
	   Disk (KB)            :        1        1  28380611
	   Memory (MB)          :      508        1      4033
...
