000 (2491851.075.000) 11/08 20:36:47 Job submitted from host: <192.168.1.109:9714>
...
001 (2491851.075.000) 11/08 20:37:16 Job executing on host: <192.168.1.68:9996>
...
006 (2491851.075.000) 11/08 20:37:25 Image size of job updated: 319340
	31  -  MemoryUsage of job (MB)
	30776  -  ResidentSetSize of job (KB)
...
006 (2491851.075.000) 11/08 20:42:26 Image size of job updated: 1035240
	518  -  MemoryUsage of job (MB)
	530224  -  ResidentSetSize of job (KB)
...
006 (2491851.075.000) 11/08 20:47:26 Image size of job updated: 1035240
	518  -  MemoryUsage of job (MB)
	530424  -  ResidentSetSize of job (KB)
...
006 (2491851.075.000) 11/08 20:52:26 Image size of job updated: 1035240
	540  -  MemoryUsage of job (MB)
	552496  -  ResidentSetSize of job (KB)
...
006 (2491851.075.000) 11/08 20:57:27 Image size of job updated: 1035240
	631  -  MemoryUsage of job (MB)
	645596  -  ResidentSetSize of job (KB)
...
005 (2491851.075.000) 11/08 21:00:31 Job terminated.
	(1) Normal termination (return value 0)
		Usr 0 00:13:59, Sys 0 00:00:32  -  Run Remote Usage
		Usr 0 00:00:00, Sys 0 00:00:00  -  Run Local Usage
		Usr 0 00:13:59, Sys 0 00:00:32  -  Total Remote Usage
		Usr 0 00:00:00, Sys 0 00:00:00  -  Total Local Usage
	0  -  Run Bytes Sent By Job
	0  -  Run Bytes Received By Job
	0  -  Total Bytes Sent By Job
	0  -  Total Bytes Received By Job
	Partitionable Resources :    Usage  Request Allocated
	   Cpus                 :                 1         1
	   Disk (KB)            :        1        1  20251263
	   Memory (MB)          :      631        1      4038
...
