000 (2492235.097.000) 11/08 21:19:20 Job submitted from host: <192.168.1.109:9714>
...
001 (2492235.097.000) 11/08 21:19:33 Job executing on host: <192.168.1.67:9583>
...
006 (2492235.097.000) 11/08 21:19:41 Image size of job updated: 354476
	51  -  MemoryUsage of job (MB)
	51772  -  ResidentSetSize of job (KB)
...
006 (2492235.097.000) 11/08 21:24:41 Image size of job updated: 1067324
	445  -  MemoryUsage of job (MB)
	455624  -  ResidentSetSize of job (KB)
...
006 (2492235.097.000) 11/08 21:29:41 Image size of job updated: 1067324
	446  -  MemoryUsage of job (MB)
	455696  -  ResidentSetSize of job (KB)
...
006 (2492235.097.000) 11/08 21:34:43 Image size of job updated: 1067324
	523  -  MemoryUsage of job (MB)
	535528  -  ResidentSetSize of job (KB)
...
006 (2492235.097.000) 11/08 21:39:43 Image size of job updated: 1067324
	557  -  MemoryUsage of job (MB)
	570032  -  ResidentSetSize of job (KB)
...
006 (2492235.097.000) 11/08 21:44:43 Image size of job updated: 1067324
	557  -  MemoryUsage of job (MB)
	570144  -  ResidentSetSize of job (KB)
...
006 (2492235.097.000) 11/08 21:49:44 Image size of job updated: 1067324
	557  -  MemoryUsage of job (MB)
	570188  -  ResidentSetSize of job (KB)
...
005 (2492235.097.000) 11/08 21:50:30 Job terminated.
	(1) Normal termination (return value 0)
		Usr 0 00:11:54, Sys 0 00:00:26  -  Run Remote Usage
		Usr 0 00:00:00, Sys 0 00:00:00  -  Run Local Usage
		Usr 0 00:11:54, Sys 0 00:00:26  -  Total Remote Usage
		Usr 0 00:00:00, Sys 0 00:00:00  -  Total Local Usage
	0  -  Run Bytes Sent By Job
	0  -  Run Bytes Received By Job
	0  -  Total Bytes Sent By Job
	0  -  Total Bytes Received By Job
	Partitionable Resources :    Usage  Request Allocated
	   Cpus                 :                 1         1
	   Disk (KB)            :        1        1  19563136
	   Memory (MB)          :      557        1      4033
...
