000 (2492274.085.000) 11/08 21:22:00 Job submitted from host: <192.168.1.109:9714>
...
001 (2492274.085.000) 11/08 21:22:31 Job executing on host: <192.168.1.67:9583>
...
006 (2492274.085.000) 11/08 21:22:40 Image size of job updated: 344336
	81  -  MemoryUsage of job (MB)
	82352  -  ResidentSetSize of job (KB)
...
006 (2492274.085.000) 11/08 21:27:41 Image size of job updated: 1067332
	526  -  MemoryUsage of job (MB)
	537784  -  ResidentSetSize of job (KB)
...
006 (2492274.085.000) 11/08 21:32:41 Image size of job updated: 1067332
	526  -  MemoryUsage of job (MB)
	538200  -  ResidentSetSize of job (KB)
...
006 (2492274.085.000) 11/08 21:37:42 Image size of job updated: 1067332
	526  -  MemoryUsage of job (MB)
	538236  -  ResidentSetSize of job (KB)
...
006 (2492274.085.000) 11/08 21:42:42 Image size of job updated: 1067332
	526  -  MemoryUsage of job (MB)
	538256  -  ResidentSetSize of job (KB)
...
006 (2492274.085.000) 11/08 21:47:42 Image size of job updated: 1067332
	529  -  MemoryUsage of job (MB)
	541488  -  ResidentSetSize of job (KB)
...
005 (2492274.085.000) 11/08 21:51:27 Job terminated.
	(1) Normal termination (return value 0)
		Usr 0 00:11:49, Sys 0 00:00:28  -  Run Remote Usage
		Usr 0 00:00:00, Sys 0 00:00:00  -  Run Local Usage
		Usr 0 00:11:49, Sys 0 00:00:28  -  Total Remote Usage
		Usr 0 00:00:00, Sys 0 00:00:00  -  Total Local Usage
	0  -  Run Bytes Sent By Job
	0  -  Run Bytes Received By Job
	0  -  Total Bytes Sent By Job
	0  -  Total Bytes Received By Job
	Partitionable Resources :    Usage  Request Allocated
	   Cpus                 :                 1         1
	   Disk (KB)            :        1        1  19563136
	   Memory (MB)          :      529        1      4033
...
