000 (2491133.087.000) 11/08 19:40:19 Job submitted from host: <192.168.1.109:9714>
...
001 (2491133.087.000) 11/08 19:40:54 Job executing on host: <192.168.1.46:9845>
...
006 (2491133.087.000) 11/08 19:41:02 Image size of job updated: 342260
	54  -  MemoryUsage of job (MB)
	54352  -  ResidentSetSize of job (KB)
...
006 (2491133.087.000) 11/08 19:46:02 Image size of job updated: 1013200
	490  -  MemoryUsage of job (MB)
	501264  -  ResidentSetSize of job (KB)
...
006 (2491133.087.000) 11/08 19:51:04 Image size of job updated: 1013200
	492  -  MemoryUsage of job (MB)
	503308  -  ResidentSetSize of job (KB)
...
006 (2491133.087.000) 11/08 19:56:04 Image size of job updated: 1013200
	492  -  MemoryUsage of job (MB)
	503380  -  ResidentSetSize of job (KB)
...
006 (2491133.087.000) 11/08 19:58:05 Image size of job updated: 1193116
	492  -  MemoryUsage of job (MB)
	503380  -  ResidentSetSize of job (KB)
...
005 (2491133.087.000) 11/08 19:58:06 Job terminated.
	(1) Normal termination (return value 0)
		Usr 0 00:03:34, Sys 0 00:00:18  -  Run Remote Usage
		Usr 0 00:00:00, Sys 0 00:00:00  -  Run Local Usage
		Usr 0 00:03:34, Sys 0 00:00:18  -  Total Remote Usage
		Usr 0 00:00:00, Sys 0 00:00:00  -  Total Local Usage
	0  -  Run Bytes Sent By Job
	0  -  Run Bytes Received By Job
	0  -  Total Bytes Sent By Job
	0  -  Total Bytes Received By Job
	Partitionable Resources :    Usage  Request Allocated
	   Cpus                 :                 1         1
	   Disk (KB)            :        1        1   2371642
	   Memory (MB)          :      492        1      4035
...
