000 (2491133.038.000) 11/08 19:40:18 Job submitted from host: <192.168.1.109:9714>
...
001 (2491133.038.000) 11/08 19:40:53 Job executing on host: <192.168.1.64:9697>
...
006 (2491133.038.000) 11/08 19:41:01 Image size of job updated: 346592
	61  -  MemoryUsage of job (MB)
	62004  -  ResidentSetSize of job (KB)
...
006 (2491133.038.000) 11/08 19:46:02 Image size of job updated: 993352
	478  -  MemoryUsage of job (MB)
	488960  -  ResidentSetSize of job (KB)
...
006 (2491133.038.000) 11/08 19:51:02 Image size of job updated: 993352
	479  -  MemoryUsage of job (MB)
	489852  -  ResidentSetSize of job (KB)
...
006 (2491133.038.000) 11/08 19:56:03 Image size of job updated: 993352
	479  -  MemoryUsage of job (MB)
	490144  -  ResidentSetSize of job (KB)
...
006 (2491133.038.000) 11/08 19:58:53 Image size of job updated: 1158668
	479  -  MemoryUsage of job (MB)
	490144  -  ResidentSetSize of job (KB)
...
005 (2491133.038.000) 11/08 19:58:53 Job terminated.
	(1) Normal termination (return value 0)
		Usr 0 00:08:10, Sys 0 00:00:19  -  Run Remote Usage
		Usr 0 00:00:00, Sys 0 00:00:00  -  Run Local Usage
		Usr 0 00:08:10, Sys 0 00:00:19  -  Total Remote Usage
		Usr 0 00:00:00, Sys 0 00:00:00  -  Total Local Usage
	0  -  Run Bytes Sent By Job
	0  -  Run Bytes Received By Job
	0  -  Total Bytes Sent By Job
	0  -  Total Bytes Received By Job
	Partitionable Resources :    Usage  Request Allocated
	   Cpus                 :                 1         1
	   Disk (KB)            :        1        1  19563332
	   Memory (MB)          :      479        1      4033
...
