000 (2485823.007.000) 11/07 23:48:29 Job submitted from host: <192.168.1.109:9714>
...
001 (2485823.007.000) 11/07 23:48:36 Job executing on host: <192.168.1.51:9694>
...
006 (2485823.007.000) 11/07 23:48:45 Image size of job updated: 358772
	65  -  MemoryUsage of job (MB)
	66284  -  ResidentSetSize of job (KB)
...
006 (2485823.007.000) 11/07 23:53:46 Image size of job updated: 1002080
	485  -  MemoryUsage of job (MB)
	495780  -  ResidentSetSize of job (KB)
...
006 (2485823.007.000) 11/07 23:58:46 Image size of job updated: 1002080
	485  -  MemoryUsage of job (MB)
	496368  -  ResidentSetSize of job (KB)
...
006 (2485823.007.000) 11/08 00:03:47 Image size of job updated: 1002080
	486  -  MemoryUsage of job (MB)
	497072  -  ResidentSetSize of job (KB)
...
006 (2485823.007.000) 11/08 00:08:48 Image size of job updated: 1002080
	486  -  MemoryUsage of job (MB)
	497292  -  ResidentSetSize of job (KB)
...
006 (2485823.007.000) 11/08 00:13:48 Image size of job updated: 1002080
	486  -  MemoryUsage of job (MB)
	497304  -  ResidentSetSize of job (KB)
...
006 (2485823.007.000) 11/08 00:23:49 Image size of job updated: 1002080
	487  -  MemoryUsage of job (MB)
	497768  -  ResidentSetSize of job (KB)
...
006 (2485823.007.000) 11/08 00:28:49 Image size of job updated: 1002080
	487  -  MemoryUsage of job (MB)
	497828  -  ResidentSetSize of job (KB)
...
006 (2485823.007.000) 11/08 00:33:49 Image size of job updated: 1002080
	487  -  MemoryUsage of job (MB)
	498168  -  ResidentSetSize of job (KB)
...
006 (2485823.007.000) 11/08 00:38:50 Image size of job updated: 1002080
	487  -  MemoryUsage of job (MB)
	498352  -  ResidentSetSize of job (KB)
...
006 (2485823.007.000) 11/08 00:43:51 Image size of job updated: 1002080
	487  -  MemoryUsage of job (MB)
	498548  -  ResidentSetSize of job (KB)
...
006 (2485823.007.000) 11/08 00:48:51 Image size of job updated: 1002080
	545  -  MemoryUsage of job (MB)
	557344  -  ResidentSetSize of job (KB)
...
006 (2485823.007.000) 11/08 00:53:52 Image size of job updated: 1002080
	601  -  MemoryUsage of job (MB)
	614628  -  ResidentSetSize of job (KB)
...
006 (2485823.007.000) 11/08 00:58:53 Image size of job updated: 1002080
	601  -  MemoryUsage of job (MB)
	614684  -  ResidentSetSize of job (KB)
...
006 (2485823.007.000) 11/08 01:08:54 Image size of job updated: 1002080
	601  -  MemoryUsage of job (MB)
	615068  -  ResidentSetSize of job (KB)
...
006 (2485823.007.000) 11/08 01:13:55 Image size of job updated: 1002080
	602  -  MemoryUsage of job (MB)
	615728  -  ResidentSetSize of job (KB)
...
006 (2485823.007.000) 11/08 01:18:55 Image size of job updated: 1002080
	602  -  MemoryUsage of job (MB)
	616000  -  ResidentSetSize of job (KB)
...
006 (2485823.007.000) 11/08 01:23:55 Image size of job updated: 1002080
	602  -  MemoryUsage of job (MB)
	616244  -  ResidentSetSize of job (KB)
...
006 (2485823.007.000) 11/08 01:28:56 Image size of job updated: 1002080
	603  -  MemoryUsage of job (MB)
	616496  -  ResidentSetSize of job (KB)
...
006 (2485823.007.000) 11/08 01:33:56 Image size of job updated: 1002080
	603  -  MemoryUsage of job (MB)
	616500  -  ResidentSetSize of job (KB)
...
006 (2485823.007.000) 11/08 01:38:57 Image size of job updated: 1002080
	603  -  MemoryUsage of job (MB)
	617080  -  ResidentSetSize of job (KB)
...
006 (2485823.007.000) 11/08 01:43:58 Image size of job updated: 1002080
	604  -  MemoryUsage of job (MB)
	617572  -  ResidentSetSize of job (KB)
...
006 (2485823.007.000) 11/08 01:48:58 Image size of job updated: 1002080
	604  -  MemoryUsage of job (MB)
	617984  -  ResidentSetSize of job (KB)
...
006 (2485823.007.000) 11/08 01:53:58 Image size of job updated: 1002080
	604  -  MemoryUsage of job (MB)
	618228  -  ResidentSetSize of job (KB)
...
006 (2485823.007.000) 11/08 01:58:59 Image size of job updated: 1002080
	604  -  MemoryUsage of job (MB)
	618292  -  ResidentSetSize of job (KB)
...
006 (2485823.007.000) 11/08 02:03:59 Image size of job updated: 1002080
	605  -  MemoryUsage of job (MB)
	618832  -  ResidentSetSize of job (KB)
...
006 (2485823.007.000) 11/08 02:08:59 Image size of job updated: 1002080
	605  -  MemoryUsage of job (MB)
	618944  -  ResidentSetSize of job (KB)
...
006 (2485823.007.000) 11/08 02:14:00 Image size of job updated: 1002080
	605  -  MemoryUsage of job (MB)
	619344  -  ResidentSetSize of job (KB)
...
006 (2485823.007.000) 11/08 02:19:00 Image size of job updated: 1002080
	624  -  MemoryUsage of job (MB)
	638728  -  ResidentSetSize of job (KB)
...
006 (2485823.007.000) 11/08 02:24:00 Image size of job updated: 1002080
	624  -  MemoryUsage of job (MB)
	638752  -  ResidentSetSize of job (KB)
...
006 (2485823.007.000) 11/08 02:29:01 Image size of job updated: 1002080
	625  -  MemoryUsage of job (MB)
	639092  -  ResidentSetSize of job (KB)
...
006 (2485823.007.000) 11/08 02:34:02 Image size of job updated: 1002080
	625  -  MemoryUsage of job (MB)
	639104  -  ResidentSetSize of job (KB)
...
006 (2485823.007.000) 11/08 02:39:02 Image size of job updated: 1002080
	625  -  MemoryUsage of job (MB)
	639324  -  ResidentSetSize of job (KB)
...
006 (2485823.007.000) 11/08 02:44:03 Image size of job updated: 1002080
	625  -  MemoryUsage of job (MB)
	639460  -  ResidentSetSize of job (KB)
...
005 (2485823.007.000) 11/08 02:47:24 Job terminated.
	(1) Normal termination (return value 0)
		Usr 0 00:51:48, Sys 0 00:03:12  -  Run Remote Usage
		Usr 0 00:00:00, Sys 0 00:00:00  -  Run Local Usage
		Usr 0 00:51:48, Sys 0 00:03:12  -  Total Remote Usage
		Usr 0 00:00:00, Sys 0 00:00:00  -  Total Local Usage
	0  -  Run Bytes Sent By Job
	0  -  Run Bytes Received By Job
	0  -  Total Bytes Sent By Job
	0  -  Total Bytes Received By Job
	Partitionable Resources :    Usage  Request Allocated
	   Cpus                 :                 1         1
	   Disk (KB)            :        1        1  28372504
	   Memory (MB)          :      625        1      4033
...
