000 (2491133.007.000) 11/08 19:40:18 Job submitted from host: <192.168.1.109:9714>
...
001 (2491133.007.000) 11/08 19:40:55 Job executing on host: <192.168.1.45:9392>
...
006 (2491133.007.000) 11/08 19:41:04 Image size of job updated: 202972
	26  -  MemoryUsage of job (MB)
	26520  -  ResidentSetSize of job (KB)
...
006 (2491133.007.000) 11/08 19:46:05 Image size of job updated: 1002080
	488  -  MemoryUsage of job (MB)
	498824  -  ResidentSetSize of job (KB)
...
006 (2491133.007.000) 11/08 19:51:05 Image size of job updated: 1002080
	488  -  MemoryUsage of job (MB)
	499332  -  ResidentSetSize of job (KB)
...
006 (2491133.007.000) 11/08 19:56:05 Image size of job updated: 1002080
	587  -  MemoryUsage of job (MB)
	600936  -  ResidentSetSize of job (KB)
...
006 (2491133.007.000) 11/08 20:01:06 Image size of job updated: 1175844
	817  -  MemoryUsage of job (MB)
	835952  -  ResidentSetSize of job (KB)
...
006 (2491133.007.000) 11/08 20:06:06 Image size of job updated: 1175844
	825  -  MemoryUsage of job (MB)
	844136  -  ResidentSetSize of job (KB)
...
006 (2491133.007.000) 11/08 20:11:06 Image size of job updated: 1175844
	828  -  MemoryUsage of job (MB)
	847792  -  ResidentSetSize of job (KB)
...
006 (2491133.007.000) 11/08 20:16:08 Image size of job updated: 1175844
	830  -  MemoryUsage of job (MB)
	848952  -  ResidentSetSize of job (KB)
...
006 (2491133.007.000) 11/08 20:21:08 Image size of job updated: 1175844
	831  -  MemoryUsage of job (MB)
	850492  -  ResidentSetSize of job (KB)
...
006 (2491133.007.000) 11/08 20:26:08 Image size of job updated: 1175844
	832  -  MemoryUsage of job (MB)
	850968  -  ResidentSetSize of job (KB)
...
006 (2491133.007.000) 11/08 20:31:09 Image size of job updated: 1175844
	832  -  MemoryUsage of job (MB)
	850972  -  ResidentSetSize of job (KB)
...
006 (2491133.007.000) 11/08 20:36:10 Image size of job updated: 1175844
	832  -  MemoryUsage of job (MB)
	851232  -  ResidentSetSize of job (KB)
...
005 (2491133.007.000) 11/08 21:39:46 Job terminated.
	(1) Normal termination (return value 0)
		Usr 0 00:55:52, Sys 0 00:03:19  -  Run Remote Usage
		Usr 0 00:00:00, Sys 0 00:00:00  -  Run Local Usage
		Usr 0 00:55:52, Sys 0 00:03:19  -  Total Remote Usage
		Usr 0 00:00:00, Sys 0 00:00:00  -  Total Local Usage
	0  -  Run Bytes Sent By Job
	0  -  Run Bytes Received By Job
	0  -  Total Bytes Sent By Job
	0  -  Total Bytes Received By Job
	Partitionable Resources :    Usage  Request Allocated
	   Cpus                 :                 1         1
	   Disk (KB)            :        1        1   2370581
	   Memory (MB)          :      832        1      4035
...
