000 (2491851.007.000) 11/08 20:36:46 Job submitted from host: <192.168.1.109:9714>
...
001 (2491851.007.000) 11/08 20:37:12 Job executing on host: <192.168.1.64:9697>
...
006 (2491851.007.000) 11/08 20:37:21 Image size of job updated: 438540
	70  -  MemoryUsage of job (MB)
	70752  -  ResidentSetSize of job (KB)
...
006 (2491851.007.000) 11/08 20:42:22 Image size of job updated: 1002064
	416  -  MemoryUsage of job (MB)
	425608  -  ResidentSetSize of job (KB)
...
006 (2491851.007.000) 11/08 20:47:22 Image size of job updated: 1002064
	417  -  MemoryUsage of job (MB)
	426908  -  ResidentSetSize of job (KB)
...
006 (2491851.007.000) 11/08 20:52:22 Image size of job updated: 1002064
	499  -  MemoryUsage of job (MB)
	510004  -  ResidentSetSize of job (KB)
...
006 (2491851.007.000) 11/08 20:57:23 Image size of job updated: 1002064
	529  -  MemoryUsage of job (MB)
	541332  -  ResidentSetSize of job (KB)
...
006 (2491851.007.000) 11/08 21:02:24 Image size of job updated: 1002064
	530  -  MemoryUsage of job (MB)
	541796  -  ResidentSetSize of job (KB)
...
006 (2491851.007.000) 11/08 21:07:24 Image size of job updated: 1002064
	530  -  MemoryUsage of job (MB)
	542044  -  ResidentSetSize of job (KB)
...
006 (2491851.007.000) 11/08 21:12:25 Image size of job updated: 1002064
	530  -  MemoryUsage of job (MB)
	542292  -  ResidentSetSize of job (KB)
...
006 (2491851.007.000) 11/08 21:17:26 Image size of job updated: 1002064
	530  -  MemoryUsage of job (MB)
	542460  -  ResidentSetSize of job (KB)
...
006 (2491851.007.000) 11/08 21:22:26 Image size of job updated: 1002064
	531  -  MemoryUsage of job (MB)
	542772  -  ResidentSetSize of job (KB)
...
006 (2491851.007.000) 11/08 21:27:27 Image size of job updated: 1002064
	531  -  MemoryUsage of job (MB)
	543296  -  ResidentSetSize of job (KB)
...
006 (2491851.007.000) 11/08 21:32:27 Image size of job updated: 1002064
	531  -  MemoryUsage of job (MB)
	543348  -  ResidentSetSize of job (KB)
...
006 (2491851.007.000) 11/08 21:37:28 Image size of job updated: 1002064
	531  -  MemoryUsage of job (MB)
	543596  -  ResidentSetSize of job (KB)
...
006 (2491851.007.000) 11/08 21:42:29 Image size of job updated: 1002064
	531  -  MemoryUsage of job (MB)
	543716  -  ResidentSetSize of job (KB)
...
006 (2491851.007.000) 11/08 21:47:29 Image size of job updated: 1002064
	532  -  MemoryUsage of job (MB)
	543844  -  ResidentSetSize of job (KB)
...
006 (2491851.007.000) 11/08 21:52:30 Image size of job updated: 1002064
	532  -  MemoryUsage of job (MB)
	544088  -  ResidentSetSize of job (KB)
...
006 (2491851.007.000) 11/08 21:57:31 Image size of job updated: 1002064
	532  -  MemoryUsage of job (MB)
	544336  -  ResidentSetSize of job (KB)
...
006 (2491851.007.000) 11/08 22:02:31 Image size of job updated: 1002064
	533  -  MemoryUsage of job (MB)
	544988  -  ResidentSetSize of job (KB)
...
006 (2491851.007.000) 11/08 22:07:32 Image size of job updated: 1002064
	533  -  MemoryUsage of job (MB)
	545484  -  ResidentSetSize of job (KB)
...
006 (2491851.007.000) 11/08 22:12:33 Image size of job updated: 1002064
	534  -  MemoryUsage of job (MB)
	545980  -  ResidentSetSize of job (KB)
...
006 (2491851.007.000) 11/08 22:17:33 Image size of job updated: 1002064
	534  -  MemoryUsage of job (MB)
	546328  -  ResidentSetSize of job (KB)
...
006 (2491851.007.000) 11/08 22:22:34 Image size of job updated: 1002064
	551  -  MemoryUsage of job (MB)
	563376  -  ResidentSetSize of job (KB)
...
006 (2491851.007.000) 11/08 22:27:35 Image size of job updated: 1002064
	551  -  MemoryUsage of job (MB)
	563620  -  ResidentSetSize of job (KB)
...
006 (2491851.007.000) 11/08 22:32:35 Image size of job updated: 1002064
	551  -  MemoryUsage of job (MB)
	563868  -  ResidentSetSize of job (KB)
...
006 (2491851.007.000) 11/08 22:37:36 Image size of job updated: 1002064
	552  -  MemoryUsage of job (MB)
	564248  -  ResidentSetSize of job (KB)
...
006 (2491851.007.000) 11/08 22:42:37 Image size of job updated: 1002064
	552  -  MemoryUsage of job (MB)
	564860  -  ResidentSetSize of job (KB)
...
006 (2491851.007.000) 11/08 22:47:37 Image size of job updated: 1002064
	555  -  MemoryUsage of job (MB)
	567784  -  ResidentSetSize of job (KB)
...
006 (2491851.007.000) 11/08 22:52:38 Image size of job updated: 1002064
	555  -  MemoryUsage of job (MB)
	567924  -  ResidentSetSize of job (KB)
...
006 (2491851.007.000) 11/08 22:57:39 Image size of job updated: 1002064
	555  -  MemoryUsage of job (MB)
	567956  -  ResidentSetSize of job (KB)
...
006 (2491851.007.000) 11/08 23:02:39 Image size of job updated: 1002064
	555  -  MemoryUsage of job (MB)
	568148  -  ResidentSetSize of job (KB)
...
006 (2491851.007.000) 11/08 23:07:40 Image size of job updated: 1002064
	558  -  MemoryUsage of job (MB)
	570944  -  ResidentSetSize of job (KB)
...
006 (2491851.007.000) 11/08 23:12:41 Image size of job updated: 1002064
	558  -  MemoryUsage of job (MB)
	571056  -  ResidentSetSize of job (KB)
...
005 (2491851.007.000) 11/08 23:13:10 Job terminated.
	(1) Normal termination (return value 0)
		Usr 0 01:33:26, Sys 0 00:03:47  -  Run Remote Usage
		Usr 0 00:00:00, Sys 0 00:00:00  -  Run Local Usage
		Usr 0 01:33:26, Sys 0 00:03:47  -  Total Remote Usage
		Usr 0 00:00:00, Sys 0 00:00:00  -  Total Local Usage
	0  -  Run Bytes Sent By Job
	0  -  Run Bytes Received By Job
	0  -  Total Bytes Sent By Job
	0  -  Total Bytes Received By Job
	Partitionable Resources :    Usage  Request Allocated
	   Cpus                 :                 1         1
	   Disk (KB)            :        1        1  19563753
	   Memory (MB)          :      558        1      4033
...
