000 (2497410.007.000) 11/09 15:33:46 Job submitted from host: <192.168.1.109:9714>
...
001 (2497410.007.000) 11/09 15:34:08 Job executing on host: <192.168.1.66:9620>
...
006 (2497410.007.000) 11/09 15:34:16 Image size of job updated: 180900
	3  -  MemoryUsage of job (MB)
	2532  -  ResidentSetSize of job (KB)
...
006 (2497410.007.000) 11/09 15:39:16 Image size of job updated: 1044596
	508  -  MemoryUsage of job (MB)
	519896  -  ResidentSetSize of job (KB)
...
006 (2497410.007.000) 11/09 15:44:17 Image size of job updated: 1044596
	509  -  MemoryUsage of job (MB)
	520388  -  ResidentSetSize of job (KB)
...
006 (2497410.007.000) 11/09 15:49:17 Image size of job updated: 1044596
	509  -  MemoryUsage of job (MB)
	520828  -  ResidentSetSize of job (KB)
...
006 (2497410.007.000) 11/09 15:54:17 Image size of job updated: 1044596
	618  -  MemoryUsage of job (MB)
	632432  -  ResidentSetSize of job (KB)
...
006 (2497410.007.000) 11/09 15:59:18 Image size of job updated: 1044596
	619  -  MemoryUsage of job (MB)
	632860  -  ResidentSetSize of job (KB)
...
006 (2497410.007.000) 11/09 16:04:18 Image size of job updated: 1044596
	619  -  MemoryUsage of job (MB)
	633220  -  ResidentSetSize of job (KB)
...
006 (2497410.007.000) 11/09 16:09:18 Image size of job updated: 1044596
	619  -  MemoryUsage of job (MB)
	633620  -  ResidentSetSize of job (KB)
...
006 (2497410.007.000) 11/09 16:14:19 Image size of job updated: 1044596
	620  -  MemoryUsage of job (MB)
	634008  -  ResidentSetSize of job (KB)
...
006 (2497410.007.000) 11/09 16:19:20 Image size of job updated: 1044596
	620  -  MemoryUsage of job (MB)
	634260  -  ResidentSetSize of job (KB)
...
006 (2497410.007.000) 11/09 16:24:20 Image size of job updated: 1044596
	620  -  MemoryUsage of job (MB)
	634316  -  ResidentSetSize of job (KB)
...
006 (2497410.007.000) 11/09 16:29:20 Image size of job updated: 1044596
	620  -  MemoryUsage of job (MB)
	634748  -  ResidentSetSize of job (KB)
...
006 (2497410.007.000) 11/09 16:34:21 Image size of job updated: 1044596
	620  -  MemoryUsage of job (MB)
	634764  -  ResidentSetSize of job (KB)
...
006 (2497410.007.000) 11/09 16:49:22 Image size of job updated: 1044596
	625  -  MemoryUsage of job (MB)
	639912  -  ResidentSetSize of job (KB)
...
006 (2497410.007.000) 11/09 16:54:23 Image size of job updated: 1044596
	625  -  MemoryUsage of job (MB)
	639920  -  ResidentSetSize of job (KB)
...
006 (2497410.007.000) 11/09 16:59:23 Image size of job updated: 1044596
	625  -  MemoryUsage of job (MB)
	639924  -  ResidentSetSize of job (KB)
...
006 (2497410.007.000) 11/09 17:04:24 Image size of job updated: 1044596
	626  -  MemoryUsage of job (MB)
	640128  -  ResidentSetSize of job (KB)
...
006 (2497410.007.000) 11/09 17:09:25 Image size of job updated: 1044596
	626  -  MemoryUsage of job (MB)
	640240  -  ResidentSetSize of job (KB)
...
006 (2497410.007.000) 11/09 17:14:25 Image size of job updated: 1044596
	626  -  MemoryUsage of job (MB)
	640284  -  ResidentSetSize of job (KB)
...
006 (2497410.007.000) 11/09 17:19:25 Image size of job updated: 1044596
	626  -  MemoryUsage of job (MB)
	640428  -  ResidentSetSize of job (KB)
...
006 (2497410.007.000) 11/09 17:24:26 Image size of job updated: 1044596
	627  -  MemoryUsage of job (MB)
	641292  -  ResidentSetSize of job (KB)
...
006 (2497410.007.000) 11/09 17:29:26 Image size of job updated: 1044596
	628  -  MemoryUsage of job (MB)
	642744  -  ResidentSetSize of job (KB)
...
006 (2497410.007.000) 11/09 17:34:26 Image size of job updated: 1044596
	629  -  MemoryUsage of job (MB)
	643628  -  ResidentSetSize of job (KB)
...
006 (2497410.007.000) 11/09 17:39:27 Image size of job updated: 1044596
	629  -  MemoryUsage of job (MB)
	643632  -  ResidentSetSize of job (KB)
...
006 (2497410.007.000) 11/09 17:44:27 Image size of job updated: 1044596
	631  -  MemoryUsage of job (MB)
	645524  -  ResidentSetSize of job (KB)
...
005 (2497410.007.000) 11/09 17:59:18 Job terminated.
	(1) Normal termination (return value 0)
		Usr 0 01:28:38, Sys 0 00:03:28  -  Run Remote Usage
		Usr 0 00:00:00, Sys 0 00:00:00  -  Run Local Usage
		Usr 0 01:28:38, Sys 0 00:03:28  -  Total Remote Usage
		Usr 0 00:00:00, Sys 0 00:00:00  -  Total Local Usage
	0  -  Run Bytes Sent By Job
	0  -  Run Bytes Received By Job
	0  -  Total Bytes Sent By Job
	0  -  Total Bytes Received By Job
	Partitionable Resources :    Usage  Request Allocated
	   Cpus                 :                 1         1
	   Disk (KB)            :        1        1  19564286
	   Memory (MB)          :      631        1      4033
...
