000 (2485823.049.000) 11/07 23:48:29 Job submitted from host: <192.168.1.109:9714>
...
001 (2485823.049.000) 11/07 23:48:38 Job executing on host: <192.168.1.46:9845>
...
006 (2485823.049.000) 11/07 23:48:47 Image size of job updated: 167528
	3  -  MemoryUsage of job (MB)
	2628  -  ResidentSetSize of job (KB)
...
006 (2485823.049.000) 11/07 23:53:48 Image size of job updated: 1014424
	502  -  MemoryUsage of job (MB)
	513644  -  ResidentSetSize of job (KB)
...
006 (2485823.049.000) 11/07 23:58:48 Image size of job updated: 1014424
	504  -  MemoryUsage of job (MB)
	515244  -  ResidentSetSize of job (KB)
...
006 (2485823.049.000) 11/08 00:03:49 Image size of job updated: 1014424
	504  -  MemoryUsage of job (MB)
	515400  -  ResidentSetSize of job (KB)
...
006 (2485823.049.000) 11/08 00:08:50 Image size of job updated: 1014424
	504  -  MemoryUsage of job (MB)
	516084  -  ResidentSetSize of job (KB)
...
006 (2485823.049.000) 11/08 00:13:50 Image size of job updated: 1014424
	505  -  MemoryUsage of job (MB)
	516424  -  ResidentSetSize of job (KB)
...
006 (2485823.049.000) 11/08 00:18:50 Image size of job updated: 1014424
	506  -  MemoryUsage of job (MB)
	517224  -  ResidentSetSize of job (KB)
...
006 (2485823.049.000) 11/08 00:23:51 Image size of job updated: 1014424
	560  -  MemoryUsage of job (MB)
	572424  -  ResidentSetSize of job (KB)
...
006 (2485823.049.000) 11/08 00:28:51 Image size of job updated: 1014424
	620  -  MemoryUsage of job (MB)
	634300  -  ResidentSetSize of job (KB)
...
005 (2485823.049.000) 11/08 00:32:17 Job terminated.
	(1) Normal termination (return value 0)
		Usr 0 00:09:05, Sys 0 00:00:32  -  Run Remote Usage
		Usr 0 00:00:00, Sys 0 00:00:00  -  Run Local Usage
		Usr 0 00:09:05, Sys 0 00:00:32  -  Total Remote Usage
		Usr 0 00:00:00, Sys 0 00:00:00  -  Total Local Usage
	0  -  Run Bytes Sent By Job
	0  -  Run Bytes Received By Job
	0  -  Total Bytes Sent By Job
	0  -  Total Bytes Received By Job
	Partitionable Resources :    Usage  Request Allocated
	   Cpus                 :                 1         1
	   Disk (KB)            :        1        1   2371763
	   Memory (MB)          :      620        1      4035
...
