000 (2485756.103.000) 11/07 21:19:45 Job submitted from host: <192.168.1.109:9714>
...
001 (2485756.103.000) 11/07 21:23:30 Job executing on host: <192.168.1.50:9434>
...
006 (2485756.103.000) 11/07 21:23:39 Image size of job updated: 97468
	3  -  MemoryUsage of job (MB)
	2620  -  ResidentSetSize of job (KB)
...
006 (2485756.103.000) 11/07 21:28:40 Image size of job updated: 888228
	366  -  MemoryUsage of job (MB)
	374544  -  ResidentSetSize of job (KB)
...
006 (2485756.103.000) 11/07 21:33:41 Image size of job updated: 888228
	366  -  MemoryUsage of job (MB)
	374596  -  ResidentSetSize of job (KB)
...
006 (2485756.103.000) 11/07 21:38:41 Image size of job updated: 888228
	366  -  MemoryUsage of job (MB)
	374600  -  ResidentSetSize of job (KB)
...
006 (2485756.103.000) 11/07 21:43:42 Image size of job updated: 888228
	366  -  MemoryUsage of job (MB)
	374616  -  ResidentSetSize of job (KB)
...
006 (2485756.103.000) 11/07 21:48:43 Image size of job updated: 888228
	366  -  MemoryUsage of job (MB)
	374732  -  ResidentSetSize of job (KB)
...
006 (2485756.103.000) 11/07 21:53:43 Image size of job updated: 888228
	367  -  MemoryUsage of job (MB)
	375004  -  ResidentSetSize of job (KB)
...
005 (2485756.103.000) 11/07 21:53:59 Job terminated.
	(1) Normal termination (return value 0)
		Usr 0 00:23:00, Sys 0 00:01:34  -  Run Remote Usage
		Usr 0 00:00:00, Sys 0 00:00:00  -  Run Local Usage
		Usr 0 00:23:00, Sys 0 00:01:34  -  Total Remote Usage
		Usr 0 00:00:00, Sys 0 00:00:00  -  Total Local Usage
	0  -  Run Bytes Sent By Job
	0  -  Run Bytes Received By Job
	0  -  Total Bytes Sent By Job
	0  -  Total Bytes Received By Job
	Partitionable Resources :    Usage  Request Allocated
	   Cpus                 :                 1         1
	   Disk (KB)            :        1        1  28378937
	   Memory (MB)          :      367        1      4033
...
