000 (2492952.058.000) 11/08 23:57:24 Job submitted from host: <192.168.1.109:9714>
...
001 (2492952.058.000) 11/08 23:57:58 Job executing on host: <192.168.1.63:9932>
...
006 (2492952.058.000) 11/08 23:58:07 Image size of job updated: 1
	3  -  MemoryUsage of job (MB)
	2100  -  ResidentSetSize of job (KB)
...
006 (2492952.058.000) 11/08 23:58:14 Image size of job updated: 443780
	3  -  MemoryUsage of job (MB)
	2100  -  ResidentSetSize of job (KB)
...
005 (2492952.058.000) 11/08 23:58:15 Job terminated.
	(1) Normal termination (return value 6)
		Usr 0 00:00:04, Sys 0 00:00:00  -  Run Remote Usage
		Usr 0 00:00:00, Sys 0 00:00:00  -  Run Local Usage
		Usr 0 00:00:04, Sys 0 00:00:00  -  Total Remote Usage
		Usr 0 00:00:00, Sys 0 00:00:00  -  Total Local Usage
	0  -  Run Bytes Sent By Job
	0  -  Run Bytes Received By Job
	0  -  Total Bytes Sent By Job
	0  -  Total Bytes Received By Job
	Partitionable Resources :    Usage  Request Allocated
	   Cpus                 :                 1         1
	   Disk (KB)            :        1        1  19565769
	   Memory (MB)          :        3        1      4033
...
