000 (2485823.111.000) 11/07 23:48:30 Job submitted from host: <192.168.1.109:9714>
...
001 (2485823.111.000) 11/07 23:48:43 Job executing on host: <192.168.1.57:9618?addrs=192.168.1.57-9618+[--1]-9618&noUDP&sock=2389_8c3f_3>
...
006 (2485823.111.000) 11/07 23:48:52 Image size of job updated: 166404
	23  -  MemoryUsage of job (MB)
	23384  -  ResidentSetSize of job (KB)
...
006 (2485823.111.000) 11/07 23:53:53 Image size of job updated: 1010360
	510  -  MemoryUsage of job (MB)
	521492  -  ResidentSetSize of job (KB)
...
006 (2485823.111.000) 11/07 23:58:54 Image size of job updated: 1010360
	510  -  MemoryUsage of job (MB)
	521908  -  ResidentSetSize of job (KB)
...
006 (2485823.111.000) 11/08 00:03:54 Image size of job updated: 1010360
	571  -  MemoryUsage of job (MB)
	584048  -  ResidentSetSize of job (KB)
...
006 (2485823.111.000) 11/08 00:08:55 Image size of job updated: 1010360
	625  -  MemoryUsage of job (MB)
	639152  -  ResidentSetSize of job (KB)
...
006 (2485823.111.000) 11/08 00:13:56 Image size of job updated: 1010360
	625  -  MemoryUsage of job (MB)
	639164  -  ResidentSetSize of job (KB)
...
006 (2485823.111.000) 11/08 00:23:56 Image size of job updated: 1010360
	625  -  MemoryUsage of job (MB)
	639284  -  ResidentSetSize of job (KB)
...
006 (2485823.111.000) 11/08 00:28:57 Image size of job updated: 1010360
	626  -  MemoryUsage of job (MB)
	640096  -  ResidentSetSize of job (KB)
...
005 (2485823.111.000) 11/08 00:32:27 Job terminated.
	(1) Normal termination (return value 0)
		Usr 0 00:11:25, Sys 0 00:00:46  -  Run Remote Usage
		Usr 0 00:00:00, Sys 0 00:00:00  -  Run Local Usage
		Usr 0 00:11:25, Sys 0 00:00:46  -  Total Remote Usage
		Usr 0 00:00:00, Sys 0 00:00:00  -  Total Local Usage
	0  -  Run Bytes Sent By Job
	0  -  Run Bytes Received By Job
	0  -  Total Bytes Sent By Job
	0  -  Total Bytes Received By Job
	Partitionable Resources :    Usage  Request Allocated
	   Cpus                 :                 1         1
	   Disk (KB)            :        1        1   1563560
	   Memory (MB)          :      626        1         1
...
