000 (2491133.111.000) 11/08 19:40:19 Job submitted from host: <192.168.1.109:9714>
...
001 (2491133.111.000) 11/08 19:40:57 Job executing on host: <192.168.1.45:9392>
...
006 (2491133.111.000) 11/08 19:41:06 Image size of job updated: 32840
	3  -  MemoryUsage of job (MB)
	2632  -  ResidentSetSize of job (KB)
...
006 (2491133.111.000) 11/08 19:46:06 Image size of job updated: 1010412
	504  -  MemoryUsage of job (MB)
	516084  -  ResidentSetSize of job (KB)
...
006 (2491133.111.000) 11/08 19:51:06 Image size of job updated: 1010412
	505  -  MemoryUsage of job (MB)
	516532  -  ResidentSetSize of job (KB)
...
006 (2491133.111.000) 11/08 19:56:07 Image size of job updated: 1010412
	505  -  MemoryUsage of job (MB)
	516592  -  ResidentSetSize of job (KB)
...
006 (2491133.111.000) 11/08 20:01:08 Image size of job updated: 1221664
	738  -  MemoryUsage of job (MB)
	754828  -  ResidentSetSize of job (KB)
...
005 (2491133.111.000) 11/08 20:04:27 Job terminated.
	(1) Normal termination (return value 0)
		Usr 0 00:08:56, Sys 0 00:00:40  -  Run Remote Usage
		Usr 0 00:00:00, Sys 0 00:00:00  -  Run Local Usage
		Usr 0 00:08:56, Sys 0 00:00:40  -  Total Remote Usage
		Usr 0 00:00:00, Sys 0 00:00:00  -  Total Local Usage
	0  -  Run Bytes Sent By Job
	0  -  Run Bytes Received By Job
	0  -  Total Bytes Sent By Job
	0  -  Total Bytes Received By Job
	Partitionable Resources :    Usage  Request Allocated
	   Cpus                 :                 1         1
	   Disk (KB)            :        1        1   2370581
	   Memory (MB)          :      738        1      4035
...
