000 (2497410.111.000) 11/09 15:33:47 Job submitted from host: <192.168.1.109:9714>
...
001 (2497410.111.000) 11/09 15:34:13 Job executing on host: <192.168.1.43:9998>
...
006 (2497410.111.000) 11/09 15:34:22 Image size of job updated: 97668
	3  -  MemoryUsage of job (MB)
	2688  -  ResidentSetSize of job (KB)
...
006 (2497410.111.000) 11/09 15:39:22 Image size of job updated: 1055120
	502  -  MemoryUsage of job (MB)
	514028  -  ResidentSetSize of job (KB)
...
006 (2497410.111.000) 11/09 15:44:22 Image size of job updated: 1055120
	504  -  MemoryUsage of job (MB)
	515348  -  ResidentSetSize of job (KB)
...
006 (2497410.111.000) 11/09 15:49:23 Image size of job updated: 1055120
	505  -  MemoryUsage of job (MB)
	516576  -  ResidentSetSize of job (KB)
...
006 (2497410.111.000) 11/09 15:54:24 Image size of job updated: 1055120
	505  -  MemoryUsage of job (MB)
	517092  -  ResidentSetSize of job (KB)
...
006 (2497410.111.000) 11/09 15:59:24 Image size of job updated: 1055120
	505  -  MemoryUsage of job (MB)
	517120  -  ResidentSetSize of job (KB)
...
006 (2497410.111.000) 11/09 16:04:25 Image size of job updated: 1055120
	506  -  MemoryUsage of job (MB)
	517196  -  ResidentSetSize of job (KB)
...
006 (2497410.111.000) 11/09 16:09:26 Image size of job updated: 1055120
	506  -  MemoryUsage of job (MB)
	517332  -  ResidentSetSize of job (KB)
...
006 (2497410.111.000) 11/09 16:14:26 Image size of job updated: 1055120
	506  -  MemoryUsage of job (MB)
	517544  -  ResidentSetSize of job (KB)
...
006 (2497410.111.000) 11/09 16:19:26 Image size of job updated: 1055120
	506  -  MemoryUsage of job (MB)
	517588  -  ResidentSetSize of job (KB)
...
006 (2497410.111.000) 11/09 16:24:27 Image size of job updated: 1055120
	506  -  MemoryUsage of job (MB)
	517616  -  ResidentSetSize of job (KB)
...
006 (2497410.111.000) 11/09 16:29:27 Image size of job updated: 1055120
	506  -  MemoryUsage of job (MB)
	517620  -  ResidentSetSize of job (KB)
...
006 (2497410.111.000) 11/09 16:34:27 Image size of job updated: 1055120
	506  -  MemoryUsage of job (MB)
	517628  -  ResidentSetSize of job (KB)
...
006 (2497410.111.000) 11/09 16:39:28 Image size of job updated: 1055120
	506  -  MemoryUsage of job (MB)
	517644  -  ResidentSetSize of job (KB)
...
005 (2497410.111.000) 11/09 16:41:21 Job terminated.
	(1) Normal termination (return value 0)
		Usr 0 00:08:41, Sys 0 00:00:32  -  Run Remote Usage
		Usr 0 00:00:00, Sys 0 00:00:00  -  Run Local Usage
		Usr 0 00:08:41, Sys 0 00:00:32  -  Total Remote Usage
		Usr 0 00:00:00, Sys 0 00:00:00  -  Total Local Usage
	0  -  Run Bytes Sent By Job
	0  -  Run Bytes Received By Job
	0  -  Total Bytes Sent By Job
	0  -  Total Bytes Received By Job
	Partitionable Resources :    Usage  Request Allocated
	   Cpus                 :                 1         1
	   Disk (KB)            :        1        1   2367119
	   Memory (MB)          :      506        1      4035
...
