000 (2492235.105.000) 11/08 21:19:21 Job submitted from host: <192.168.1.109:9714>
...
001 (2492235.105.000) 11/08 21:20:22 Job executing on host: <192.168.1.45:9392>
...
006 (2492235.105.000) 11/08 21:20:31 Image size of job updated: 16004
	2  -  MemoryUsage of job (MB)
	1836  -  ResidentSetSize of job (KB)
...
006 (2492235.105.000) 11/08 21:25:31 Image size of job updated: 1057736
	442  -  MemoryUsage of job (MB)
	452288  -  ResidentSetSize of job (KB)
...
006 (2492235.105.000) 11/08 22:25:36 Image size of job updated: 1057736
	462  -  MemoryUsage of job (MB)
	472332  -  ResidentSetSize of job (KB)
...
005 (2492235.105.000) 11/08 22:27:11 Job terminated.
	(1) Normal termination (return value 0)
		Usr 0 00:09:00, Sys 0 00:00:33  -  Run Remote Usage
		Usr 0 00:00:00, Sys 0 00:00:00  -  Run Local Usage
		Usr 0 00:09:00, Sys 0 00:00:33  -  Total Remote Usage
		Usr 0 00:00:00, Sys 0 00:00:00  -  Total Local Usage
	0  -  Run Bytes Sent By Job
	0  -  Run Bytes Received By Job
	0  -  Total Bytes Sent By Job
	0  -  Total Bytes Received By Job
	Partitionable Resources :    Usage  Request Allocated
	   Cpus                 :                 1         1
	   Disk (KB)            :        1        1   2370035
	   Memory (MB)          :      462        1      4035
...
