000 (2492274.093.000) 11/08 21:22:01 Job submitted from host: <192.168.1.109:9714>
...
001 (2492274.093.000) 11/08 21:23:37 Job executing on host: <192.168.1.46:9845>
...
006 (2492274.093.000) 11/08 21:23:46 Image size of job updated: 97660
	3  -  MemoryUsage of job (MB)
	2208  -  ResidentSetSize of job (KB)
...
006 (2492274.093.000) 11/08 21:28:46 Image size of job updated: 671156
	262  -  MemoryUsage of job (MB)
	267984  -  ResidentSetSize of job (KB)
...
006 (2492274.093.000) 11/08 21:33:46 Image size of job updated: 1057740
	518  -  MemoryUsage of job (MB)
	529696  -  ResidentSetSize of job (KB)
...
006 (2492274.093.000) 11/08 21:38:47 Image size of job updated: 1057740
	518  -  MemoryUsage of job (MB)
	529812  -  ResidentSetSize of job (KB)
...
006 (2492274.093.000) 11/08 21:43:47 Image size of job updated: 1057740
	518  -  MemoryUsage of job (MB)
	530176  -  ResidentSetSize of job (KB)
...
006 (2492274.093.000) 11/08 21:48:47 Image size of job updated: 1057740
	518  -  MemoryUsage of job (MB)
	530284  -  ResidentSetSize of job (KB)
...
006 (2492274.093.000) 11/08 21:53:48 Image size of job updated: 1057740
	518  -  MemoryUsage of job (MB)
	530288  -  ResidentSetSize of job (KB)
...
006 (2492274.093.000) 11/08 21:58:48 Image size of job updated: 1057740
	518  -  MemoryUsage of job (MB)
	530384  -  ResidentSetSize of job (KB)
...
006 (2492274.093.000) 11/08 22:03:48 Image size of job updated: 1057740
	518  -  MemoryUsage of job (MB)
	530408  -  ResidentSetSize of job (KB)
...
006 (2492274.093.000) 11/08 22:08:49 Image size of job updated: 1057740
	518  -  MemoryUsage of job (MB)
	530412  -  ResidentSetSize of job (KB)
...
006 (2492274.093.000) 11/08 22:13:49 Image size of job updated: 1057740
	519  -  MemoryUsage of job (MB)
	530452  -  ResidentSetSize of job (KB)
...
006 (2492274.093.000) 11/08 22:23:50 Image size of job updated: 1057740
	519  -  MemoryUsage of job (MB)
	530460  -  ResidentSetSize of job (KB)
...
006 (2492274.093.000) 11/08 22:28:50 Image size of job updated: 1057740
	519  -  MemoryUsage of job (MB)
	530472  -  ResidentSetSize of job (KB)
...
006 (2492274.093.000) 11/08 22:33:50 Image size of job updated: 1057740
	519  -  MemoryUsage of job (MB)
	530476  -  ResidentSetSize of job (KB)
...
005 (2492274.093.000) 11/08 22:35:04 Job terminated.
	(1) Normal termination (return value 0)
		Usr 0 00:08:46, Sys 0 00:00:40  -  Run Remote Usage
		Usr 0 00:00:00, Sys 0 00:00:00  -  Run Local Usage
		Usr 0 00:08:46, Sys 0 00:00:40  -  Total Remote Usage
		Usr 0 00:00:00, Sys 0 00:00:00  -  Total Local Usage
	0  -  Run Bytes Sent By Job
	0  -  Run Bytes Received By Job
	0  -  Total Bytes Sent By Job
	0  -  Total Bytes Received By Job
	Partitionable Resources :    Usage  Request Allocated
	   Cpus                 :                 1         1
	   Disk (KB)            :        1        1   2371756
	   Memory (MB)          :      519        1      4035
...
