000 (2493183.105.000) 11/09 00:44:15 Job submitted from host: <192.168.1.109:9714>
...
001 (2493183.105.000) 11/09 00:44:27 Job executing on host: <192.168.1.43:9998>
...
006 (2493183.105.000) 11/09 00:44:35 Image size of job updated: 439052
	112  -  MemoryUsage of job (MB)
	114644  -  ResidentSetSize of job (KB)
...
006 (2493183.105.000) 11/09 00:49:35 Image size of job updated: 1042732
	493  -  MemoryUsage of job (MB)
	504200  -  ResidentSetSize of job (KB)
...
006 (2493183.105.000) 11/09 00:54:36 Image size of job updated: 1042732
	493  -  MemoryUsage of job (MB)
	504300  -  ResidentSetSize of job (KB)
...
006 (2493183.105.000) 11/09 00:59:37 Image size of job updated: 1042732
	493  -  MemoryUsage of job (MB)
	504380  -  ResidentSetSize of job (KB)
...
006 (2493183.105.000) 11/09 01:04:37 Image size of job updated: 1042732
	493  -  MemoryUsage of job (MB)
	504396  -  ResidentSetSize of job (KB)
...
005 (2493183.105.000) 11/09 01:09:32 Job terminated.
	(1) Normal termination (return value 0)
		Usr 0 00:07:32, Sys 0 00:00:24  -  Run Remote Usage
		Usr 0 00:00:00, Sys 0 00:00:00  -  Run Local Usage
		Usr 0 00:07:32, Sys 0 00:00:24  -  Total Remote Usage
		Usr 0 00:00:00, Sys 0 00:00:00  -  Total Local Usage
	0  -  Run Bytes Sent By Job
	0  -  Run Bytes Received By Job
	0  -  Total Bytes Sent By Job
	0  -  Total Bytes Received By Job
	Partitionable Resources :    Usage  Request Allocated
	   Cpus                 :                 1         1
	   Disk (KB)            :        1        1   2371222
	   Memory (MB)          :      493        1      4035
...
