000 (2504802.105.000) 11/16 00:58:50 Job submitted from host: <192.168.1.109:9714>
...
001 (2504802.105.000) 11/16 00:59:13 Job executing on host: <192.168.1.60:9618?addrs=192.168.1.60-9618+[--1]-9618&noUDP&sock=2263_1f51_3>
...
006 (2504802.105.000) 11/16 00:59:22 Image size of job updated: 49780
	2  -  MemoryUsage of job (MB)
	1192  -  ResidentSetSize of job (KB)
...
006 (2504802.105.000) 11/16 00:59:39 Image size of job updated: 476004
	2  -  MemoryUsage of job (MB)
	1192  -  ResidentSetSize of job (KB)
...
005 (2504802.105.000) 11/16 00:59:39 Job terminated.
	(1) Normal termination (return value 0)
		Usr 0 00:00:11, Sys 0 00:00:00  -  Run Remote Usage
		Usr 0 00:00:00, Sys 0 00:00:00  -  Run Local Usage
		Usr 0 00:00:11, Sys 0 00:00:00  -  Total Remote Usage
		Usr 0 00:00:00, Sys 0 00:00:00  -  Total Local Usage
	0  -  Run Bytes Sent By Job
	0  -  Run Bytes Received By Job
	0  -  Total Bytes Sent By Job
	0  -  Total Bytes Received By Job
	Partitionable Resources :    Usage  Request Allocated
	   Cpus                 :                 1         1
	   Disk (KB)            :        1        1   1563310
	   Memory (MB)          :        2        1         1
...
