000 (2504799.105.000) 11/16 00:19:00 Job submitted from host: <192.168.1.109:9714>
...
001 (2504799.105.000) 11/16 00:19:25 Job executing on host: <192.168.1.60:9618?addrs=192.168.1.60-9618+[--1]-9618&noUDP&sock=2263_1f51_3>
...
006 (2504799.105.000) 11/16 00:19:34 Image size of job updated: 401872
	87  -  MemoryUsage of job (MB)
	88508  -  ResidentSetSize of job (KB)
...
006 (2504799.105.000) 11/16 00:19:50 Image size of job updated: 476008
	87  -  MemoryUsage of job (MB)
	88508  -  ResidentSetSize of job (KB)
...
005 (2504799.105.000) 11/16 00:19:51 Job terminated.
	(1) Normal termination (return value 0)
		Usr 0 00:00:12, Sys 0 00:00:01  -  Run Remote Usage
		Usr 0 00:00:00, Sys 0 00:00:00  -  Run Local Usage
		Usr 0 00:00:12, Sys 0 00:00:01  -  Total Remote Usage
		Usr 0 00:00:00, Sys 0 00:00:00  -  Total Local Usage
	0  -  Run Bytes Sent By Job
	0  -  Run Bytes Received By Job
	0  -  Total Bytes Sent By Job
	0  -  Total Bytes Received By Job
	Partitionable Resources :    Usage  Request Allocated
	   Cpus                 :                 1         1
	   Disk (KB)            :        1        1   1563310
	   Memory (MB)          :       87        1         1
...
