000 (2506671.105.000) 11/17 00:32:25 Job submitted from host: <192.168.1.109:9714>
...
001 (2506671.105.000) 11/17 00:32:38 Job executing on host: <192.168.1.51:9694>
...
006 (2506671.105.000) 11/17 00:32:47 Image size of job updated: 97468
	2  -  MemoryUsage of job (MB)
	1408  -  ResidentSetSize of job (KB)
...
006 (2506671.105.000) 11/17 00:33:03 Image size of job updated: 475220
	2  -  MemoryUsage of job (MB)
	1408  -  ResidentSetSize of job (KB)
...
005 (2506671.105.000) 11/17 00:33:03 Job terminated.
	(1) Normal termination (return value 0)
		Usr 0 00:00:06, Sys 0 00:00:00  -  Run Remote Usage
		Usr 0 00:00:00, Sys 0 00:00:00  -  Run Local Usage
		Usr 0 00:00:06, Sys 0 00:00:00  -  Total Remote Usage
		Usr 0 00:00:00, Sys 0 00:00:00  -  Total Local Usage
	0  -  Run Bytes Sent By Job
	0  -  Run Bytes Received By Job
	0  -  Total Bytes Sent By Job
	0  -  Total Bytes Received By Job
	Partitionable Resources :    Usage  Request Allocated
	   Cpus                 :                 1         1
	   Disk (KB)            :        1        1  28380665
	   Memory (MB)          :        2        1      4033
...
