000 (2464980.104.000) 11/02 16:52:07 Job submitted from host: <192.168.1.109:9308>
...
001 (2464980.104.000) 11/02 16:52:39 Job executing on host: <192.168.1.68:9996>
...
006 (2464980.104.000) 11/02 16:52:48 Image size of job updated: 97472
	3  -  MemoryUsage of job (MB)
	2684  -  ResidentSetSize of job (KB)
...
006 (2464980.104.000) 11/02 16:53:30 Image size of job updated: 490860
	3  -  MemoryUsage of job (MB)
	2684  -  ResidentSetSize of job (KB)
...
005 (2464980.104.000) 11/02 16:53:30 Job terminated.
	(1) Normal termination (return value 0)
		Usr 0 00:00:13, Sys 0 00:00:01  -  Run Remote Usage
		Usr 0 00:00:00, Sys 0 00:00:00  -  Run Local Usage
		Usr 0 00:00:13, Sys 0 00:00:01  -  Total Remote Usage
		Usr 0 00:00:00, Sys 0 00:00:00  -  Total Local Usage
	0  -  Run Bytes Sent By Job
	0  -  Run Bytes Received By Job
	0  -  Total Bytes Sent By Job
	0  -  Total Bytes Received By Job
	Partitionable Resources :    Usage  Request Allocated
	   Cpus                 :                 1         1
	   Disk (KB)            :        1        1  20251514
	   Memory (MB)          :        3        1      4038
...
