000 (2497152.092.000) 11/09 15:03:06 Job submitted from host: <192.168.1.109:9714>
...
001 (2497152.092.000) 11/09 15:03:16 Job executing on host: <192.168.1.42:9515>
...
006 (2497152.092.000) 11/09 15:03:25 Image size of job updated: 442324
	124  -  MemoryUsage of job (MB)
	126516  -  ResidentSetSize of job (KB)
...
006 (2497152.092.000) 11/09 15:03:39 Image size of job updated: 490948
	124  -  MemoryUsage of job (MB)
	126516  -  ResidentSetSize of job (KB)
...
005 (2497152.092.000) 11/09 15:03:40 Job terminated.
	(1) Normal termination (return value 0)
		Usr 0 00:00:10, Sys 0 00:00:00  -  Run Remote Usage
		Usr 0 00:00:00, Sys 0 00:00:00  -  Run Local Usage
		Usr 0 00:00:10, Sys 0 00:00:00  -  Total Remote Usage
		Usr 0 00:00:00, Sys 0 00:00:00  -  Total Local Usage
	0  -  Run Bytes Sent By Job
	0  -  Run Bytes Received By Job
	0  -  Total Bytes Sent By Job
	0  -  Total Bytes Received By Job
	Partitionable Resources :    Usage  Request Allocated
	   Cpus                 :                 1         1
	   Disk (KB)            :        1        1   2371320
	   Memory (MB)          :      124        1      4035
...
