000 (2504798.067.000) 11/15 23:52:38 Job submitted from host: <192.168.1.109:9714>
...
001 (2504798.067.000) 11/15 23:52:46 Job executing on host: <192.168.1.61:9618?addrs=192.168.1.61-9618+[--1]-9618&noUDP&sock=2538_1044_3>
...
006 (2504798.067.000) 11/15 23:52:54 Image size of job updated: 442832
	130  -  MemoryUsage of job (MB)
	132632  -  ResidentSetSize of job (KB)
...
005 (2504798.067.000) 11/15 23:52:58 Job terminated.
	(1) Normal termination (return value 0)
		Usr 0 00:00:03, Sys 0 00:00:00  -  Run Remote Usage
		Usr 0 00:00:00, Sys 0 00:00:00  -  Run Local Usage
		Usr 0 00:00:03, Sys 0 00:00:00  -  Total Remote Usage
		Usr 0 00:00:00, Sys 0 00:00:00  -  Total Local Usage
	0  -  Run Bytes Sent By Job
	0  -  Run Bytes Received By Job
	0  -  Total Bytes Sent By Job
	0  -  Total Bytes Received By Job
	Partitionable Resources :    Usage  Request Allocated
	   Cpus                 :                 1         1
	   Disk (KB)            :        1        1   1562830
	   Memory (MB)          :      130        1         1
...
