000 (2485823.058.000) 11/07 23:48:29 Job submitted from host: <192.168.1.109:9714>
...
001 (2485823.058.000) 11/07 23:48:39 Job executing on host: <192.168.1.46:9845>
...
006 (2485823.058.000) 11/07 23:48:48 Image size of job updated: 15608
	2  -  MemoryUsage of job (MB)
	1400  -  ResidentSetSize of job (KB)
...
006 (2485823.058.000) 11/07 23:53:49 Image size of job updated: 1031220
	514  -  MemoryUsage of job (MB)
	525652  -  ResidentSetSize of job (KB)
...
006 (2485823.058.000) 11/07 23:58:49 Image size of job updated: 1031220
	514  -  MemoryUsage of job (MB)
	525948  -  ResidentSetSize of job (KB)
...
006 (2485823.058.000) 11/08 00:03:49 Image size of job updated: 1031220
	515  -  MemoryUsage of job (MB)
	526680  -  ResidentSetSize of job (KB)
...
006 (2485823.058.000) 11/08 00:08:51 Image size of job updated: 1031220
	515  -  MemoryUsage of job (MB)
	526720  -  ResidentSetSize of job (KB)
...
006 (2485823.058.000) 11/08 00:13:51 Image size of job updated: 1031220
	515  -  MemoryUsage of job (MB)
	527056  -  ResidentSetSize of job (KB)
...
006 (2485823.058.000) 11/08 00:28:53 Image size of job updated: 1031220
	515  -  MemoryUsage of job (MB)
	527072  -  ResidentSetSize of job (KB)
...
006 (2485823.058.000) 11/08 00:33:53 Image size of job updated: 1031220
	515  -  MemoryUsage of job (MB)
	527088  -  ResidentSetSize of job (KB)
...
006 (2485823.058.000) 11/08 00:38:54 Image size of job updated: 1031220
	623  -  MemoryUsage of job (MB)
	637500  -  ResidentSetSize of job (KB)
...
005 (2485823.058.000) 11/08 00:39:10 Job terminated.
	(1) Normal termination (return value 0)
		Usr 0 00:12:29, Sys 0 00:00:43  -  Run Remote Usage
		Usr 0 00:00:00, Sys 0 00:00:00  -  Run Local Usage
		Usr 0 00:12:29, Sys 0 00:00:43  -  Total Remote Usage
		Usr 0 00:00:00, Sys 0 00:00:00  -  Total Local Usage
	0  -  Run Bytes Sent By Job
	0  -  Run Bytes Received By Job
	0  -  Total Bytes Sent By Job
	0  -  Total Bytes Received By Job
	Partitionable Resources :    Usage  Request Allocated
	   Cpus                 :                 1         1
	   Disk (KB)            :        1        1   2371763
	   Memory (MB)          :      623        1      4035
...
