000 (2491133.058.000) 11/08 19:40:19 Job submitted from host: <192.168.1.109:9714>
...
001 (2491133.058.000) 11/08 19:40:54 Job executing on host: <192.168.1.44:9507>
...
006 (2491133.058.000) 11/08 19:41:03 Image size of job updated: 202888
	13  -  MemoryUsage of job (MB)
	12340  -  ResidentSetSize of job (KB)
...
006 (2491133.058.000) 11/08 19:46:04 Image size of job updated: 1031224
	509  -  MemoryUsage of job (MB)
	520428  -  ResidentSetSize of job (KB)
...
006 (2491133.058.000) 11/08 19:51:05 Image size of job updated: 1031224
	509  -  MemoryUsage of job (MB)
	520488  -  ResidentSetSize of job (KB)
...
006 (2491133.058.000) 11/08 19:56:05 Image size of job updated: 1031224
	597  -  MemoryUsage of job (MB)
	610736  -  ResidentSetSize of job (KB)
...
006 (2491133.058.000) 11/08 20:01:06 Image size of job updated: 1250972
	882  -  MemoryUsage of job (MB)
	902944  -  ResidentSetSize of job (KB)
...
006 (2491133.058.000) 11/08 20:06:07 Image size of job updated: 1250972
	911  -  MemoryUsage of job (MB)
	932004  -  ResidentSetSize of job (KB)
...
006 (2491133.058.000) 11/08 20:11:07 Image size of job updated: 1250972
	915  -  MemoryUsage of job (MB)
	935984  -  ResidentSetSize of job (KB)
...
005 (2491133.058.000) 11/08 20:11:40 Job terminated.
	(1) Normal termination (return value 0)
		Usr 0 00:15:16, Sys 0 00:01:03  -  Run Remote Usage
		Usr 0 00:00:00, Sys 0 00:00:00  -  Run Local Usage
		Usr 0 00:15:16, Sys 0 00:01:03  -  Total Remote Usage
		Usr 0 00:00:00, Sys 0 00:00:00  -  Total Local Usage
	0  -  Run Bytes Sent By Job
	0  -  Run Bytes Received By Job
	0  -  Total Bytes Sent By Job
	0  -  Total Bytes Received By Job
	Partitionable Resources :    Usage  Request Allocated
	   Cpus                 :                 1         1
	   Disk (KB)            :        1        1   2370190
	   Memory (MB)          :      915        1      4035
...
