000 (2497410.058.000) 11/09 15:33:46 Job submitted from host: <192.168.1.109:9714>
...
001 (2497410.058.000) 11/09 15:34:19 Job executing on host: <192.168.1.56:9618?addrs=192.168.1.56-9618+[--1]-9618&noUDP&sock=2542_7e3d_3>
...
006 (2497410.058.000) 11/09 15:34:27 Image size of job updated: 49776
	2  -  MemoryUsage of job (MB)
	1800  -  ResidentSetSize of job (KB)
...
006 (2497410.058.000) 11/09 15:39:27 Image size of job updated: 1070448
	532  -  MemoryUsage of job (MB)
	543860  -  ResidentSetSize of job (KB)
...
006 (2497410.058.000) 11/09 15:44:28 Image size of job updated: 1070448
	535  -  MemoryUsage of job (MB)
	547324  -  ResidentSetSize of job (KB)
...
006 (2497410.058.000) 11/09 15:49:28 Image size of job updated: 1070448
	536  -  MemoryUsage of job (MB)
	547904  -  ResidentSetSize of job (KB)
...
006 (2497410.058.000) 11/09 15:54:28 Image size of job updated: 1070448
	536  -  MemoryUsage of job (MB)
	547940  -  ResidentSetSize of job (KB)
...
006 (2497410.058.000) 11/09 15:59:29 Image size of job updated: 1070448
	536  -  MemoryUsage of job (MB)
	547944  -  ResidentSetSize of job (KB)
...
006 (2497410.058.000) 11/09 16:09:30 Image size of job updated: 1070448
	536  -  MemoryUsage of job (MB)
	547956  -  ResidentSetSize of job (KB)
...
006 (2497410.058.000) 11/09 16:19:31 Image size of job updated: 1070448
	660  -  MemoryUsage of job (MB)
	675252  -  ResidentSetSize of job (KB)
...
006 (2497410.058.000) 11/09 16:24:31 Image size of job updated: 1070448
	661  -  MemoryUsage of job (MB)
	676480  -  ResidentSetSize of job (KB)
...
006 (2497410.058.000) 11/09 16:29:31 Image size of job updated: 1070448
	661  -  MemoryUsage of job (MB)
	676580  -  ResidentSetSize of job (KB)
...
006 (2497410.058.000) 11/09 16:34:32 Image size of job updated: 1070448
	661  -  MemoryUsage of job (MB)
	676588  -  ResidentSetSize of job (KB)
...
006 (2497410.058.000) 11/09 16:39:32 Image size of job updated: 1070448
	661  -  MemoryUsage of job (MB)
	676620  -  ResidentSetSize of job (KB)
...
005 (2497410.058.000) 11/09 16:39:59 Job terminated.
	(1) Normal termination (return value 0)
		Usr 0 00:21:11, Sys 0 00:01:20  -  Run Remote Usage
		Usr 0 00:00:00, Sys 0 00:00:00  -  Run Local Usage
		Usr 0 00:21:11, Sys 0 00:01:20  -  Total Remote Usage
		Usr 0 00:00:00, Sys 0 00:00:00  -  Total Local Usage
	0  -  Run Bytes Sent By Job
	0  -  Run Bytes Received By Job
	0  -  Total Bytes Sent By Job
	0  -  Total Bytes Received By Job
	Partitionable Resources :    Usage  Request Allocated
	   Cpus                 :                 1         1
	   Disk (KB)            :        1        1   1563536
	   Memory (MB)          :      661        1         1
...
