000 (2491133.133.000) 11/08 19:40:20 Job submitted from host: <192.168.1.109:9714>
...
001 (2491133.133.000) 11/08 19:40:56 Job executing on host: <192.168.1.50:9434>
...
006 (2491133.133.000) 11/08 19:41:05 Image size of job updated: 1
	3  -  MemoryUsage of job (MB)
	2108  -  ResidentSetSize of job (KB)
...
006 (2491133.133.000) 11/08 19:46:05 Image size of job updated: 970868
	483  -  MemoryUsage of job (MB)
	494464  -  ResidentSetSize of job (KB)
...
006 (2491133.133.000) 11/08 19:51:05 Image size of job updated: 970868
	484  -  MemoryUsage of job (MB)
	494936  -  ResidentSetSize of job (KB)
...
006 (2491133.133.000) 11/08 19:56:06 Image size of job updated: 970868
	484  -  MemoryUsage of job (MB)
	495056  -  ResidentSetSize of job (KB)
...
006 (2491133.133.000) 11/08 19:59:43 Image size of job updated: 1138548
	484  -  MemoryUsage of job (MB)
	495056  -  ResidentSetSize of job (KB)
...
005 (2491133.133.000) 11/08 19:59:43 Job terminated.
	(1) Normal termination (return value 0)
		Usr 0 00:05:11, Sys 0 00:00:20  -  Run Remote Usage
		Usr 0 00:00:00, Sys 0 00:00:00  -  Run Local Usage
		Usr 0 00:05:11, Sys 0 00:00:20  -  Total Remote Usage
		Usr 0 00:00:00, Sys 0 00:00:00  -  Total Local Usage
	0  -  Run Bytes Sent By Job
	0  -  Run Bytes Received By Job
	0  -  Total Bytes Sent By Job
	0  -  Total Bytes Received By Job
	Partitionable Resources :    Usage  Request Allocated
	   Cpus                 :                 1         1
	   Disk (KB)            :        1        1  28379675
	   Memory (MB)          :      484        1      4033
...
