000 (2485823.140.000) 11/07 23:48:31 Job submitted from host: <192.168.1.109:9714>
...
001 (2485823.140.000) 11/07 23:48:46 Job executing on host: <192.168.1.43:9998>
...
006 (2485823.140.000) 11/07 23:48:55 Image size of job updated: 97664
	2  -  MemoryUsage of job (MB)
	1400  -  ResidentSetSize of job (KB)
...
006 (2485823.140.000) 11/07 23:53:56 Image size of job updated: 947608
	468  -  MemoryUsage of job (MB)
	478840  -  ResidentSetSize of job (KB)
...
006 (2485823.140.000) 11/07 23:58:56 Image size of job updated: 947608
	468  -  MemoryUsage of job (MB)
	478916  -  ResidentSetSize of job (KB)
...
006 (2485823.140.000) 11/08 00:03:57 Image size of job updated: 947608
	468  -  MemoryUsage of job (MB)
	478920  -  ResidentSetSize of job (KB)
...
006 (2485823.140.000) 11/08 00:08:58 Image size of job updated: 947608
	468  -  MemoryUsage of job (MB)
	478932  -  ResidentSetSize of job (KB)
...
006 (2485823.140.000) 11/08 00:13:58 Image size of job updated: 947608
	468  -  MemoryUsage of job (MB)
	478940  -  ResidentSetSize of job (KB)
...
006 (2485823.140.000) 11/08 00:18:58 Image size of job updated: 947608
	468  -  MemoryUsage of job (MB)
	478996  -  ResidentSetSize of job (KB)
...
006 (2485823.140.000) 11/08 00:28:59 Image size of job updated: 947608
	468  -  MemoryUsage of job (MB)
	479020  -  ResidentSetSize of job (KB)
...
006 (2485823.140.000) 11/08 00:44:00 Image size of job updated: 947608
	468  -  MemoryUsage of job (MB)
	479072  -  ResidentSetSize of job (KB)
...
006 (2485823.140.000) 11/08 00:49:00 Image size of job updated: 947608
	468  -  MemoryUsage of job (MB)
	479200  -  ResidentSetSize of job (KB)
...
006 (2485823.140.000) 11/08 00:54:01 Image size of job updated: 947608
	469  -  MemoryUsage of job (MB)
	479560  -  ResidentSetSize of job (KB)
...
006 (2485823.140.000) 11/08 00:59:02 Image size of job updated: 947608
	469  -  MemoryUsage of job (MB)
	479672  -  ResidentSetSize of job (KB)
...
006 (2485823.140.000) 11/08 01:04:02 Image size of job updated: 947608
	469  -  MemoryUsage of job (MB)
	479896  -  ResidentSetSize of job (KB)
...
006 (2485823.140.000) 11/08 01:09:03 Image size of job updated: 947608
	469  -  MemoryUsage of job (MB)
	479964  -  ResidentSetSize of job (KB)
...
006 (2485823.140.000) 11/08 01:14:04 Image size of job updated: 947608
	556  -  MemoryUsage of job (MB)
	568660  -  ResidentSetSize of job (KB)
...
005 (2485823.140.000) 11/08 01:19:21 Job terminated.
	(1) Normal termination (return value 0)
		Usr 0 00:30:20, Sys 0 00:01:37  -  Run Remote Usage
		Usr 0 00:00:00, Sys 0 00:00:00  -  Run Local Usage
		Usr 0 00:30:20, Sys 0 00:01:37  -  Total Remote Usage
		Usr 0 00:00:00, Sys 0 00:00:00  -  Total Local Usage
	0  -  Run Bytes Sent By Job
	0  -  Run Bytes Received By Job
	0  -  Total Bytes Sent By Job
	0  -  Total Bytes Received By Job
	Partitionable Resources :    Usage  Request Allocated
	   Cpus                 :                 1         1
	   Disk (KB)            :        1        1   2364820
	   Memory (MB)          :      556        1      4035
...
