000 (2491133.140.000) 11/08 19:40:20 Job submitted from host: <192.168.1.109:9714>
...
001 (2491133.140.000) 11/08 19:40:57 Job executing on host: <192.168.1.47:9634>
...
006 (2491133.140.000) 11/08 19:41:05 Image size of job updated: 438008
	111  -  MemoryUsage of job (MB)
	113436  -  ResidentSetSize of job (KB)
...
006 (2491133.140.000) 11/08 19:46:05 Image size of job updated: 947608
	468  -  MemoryUsage of job (MB)
	478752  -  ResidentSetSize of job (KB)
...
006 (2491133.140.000) 11/08 19:51:07 Image size of job updated: 947608
	468  -  MemoryUsage of job (MB)
	478784  -  ResidentSetSize of job (KB)
...
006 (2491133.140.000) 11/08 19:56:07 Image size of job updated: 947608
	468  -  MemoryUsage of job (MB)
	478796  -  ResidentSetSize of job (KB)
...
006 (2491133.140.000) 11/08 20:01:07 Image size of job updated: 1129808
	665  -  MemoryUsage of job (MB)
	680452  -  ResidentSetSize of job (KB)
...
006 (2491133.140.000) 11/08 20:06:08 Image size of job updated: 1129808
	675  -  MemoryUsage of job (MB)
	690760  -  ResidentSetSize of job (KB)
...
006 (2491133.140.000) 11/08 20:11:08 Image size of job updated: 1129808
	743  -  MemoryUsage of job (MB)
	760780  -  ResidentSetSize of job (KB)
...
006 (2491133.140.000) 11/08 20:16:09 Image size of job updated: 1129808
	799  -  MemoryUsage of job (MB)
	818164  -  ResidentSetSize of job (KB)
...
006 (2491133.140.000) 11/08 20:21:10 Image size of job updated: 1129808
	805  -  MemoryUsage of job (MB)
	824292  -  ResidentSetSize of job (KB)
...
005 (2491133.140.000) 11/08 20:24:37 Job terminated.
	(1) Normal termination (return value 0)
		Usr 0 00:28:55, Sys 0 00:01:42  -  Run Remote Usage
		Usr 0 00:00:00, Sys 0 00:00:00  -  Run Local Usage
		Usr 0 00:28:55, Sys 0 00:01:42  -  Total Remote Usage
		Usr 0 00:00:00, Sys 0 00:00:00  -  Total Local Usage
	0  -  Run Bytes Sent By Job
	0  -  Run Bytes Received By Job
	0  -  Total Bytes Sent By Job
	0  -  Total Bytes Received By Job
	Partitionable Resources :    Usage  Request Allocated
	   Cpus                 :                 1         1
	   Disk (KB)            :        1        1  28380611
	   Memory (MB)          :      805        1      4033
...
