000 (2491851.140.000) 11/08 20:36:48 Job submitted from host: <192.168.1.109:9714>
...
001 (2491851.140.000) 11/08 20:37:20 Job executing on host: <192.168.1.50:9434>
...
006 (2491851.140.000) 11/08 20:37:28 Image size of job updated: 456736
	140  -  MemoryUsage of job (MB)
	143300  -  ResidentSetSize of job (KB)
...
006 (2491851.140.000) 11/08 20:42:28 Image size of job updated: 947620
	465  -  MemoryUsage of job (MB)
	475588  -  ResidentSetSize of job (KB)
...
006 (2491851.140.000) 11/08 21:12:32 Image size of job updated: 947620
	477  -  MemoryUsage of job (MB)
	487464  -  ResidentSetSize of job (KB)
...
006 (2491851.140.000) 11/08 21:17:33 Image size of job updated: 947620
	484  -  MemoryUsage of job (MB)
	494640  -  ResidentSetSize of job (KB)
...
006 (2491851.140.000) 11/08 21:22:34 Image size of job updated: 947620
	484  -  MemoryUsage of job (MB)
	494772  -  ResidentSetSize of job (KB)
...
006 (2491851.140.000) 11/08 21:27:34 Image size of job updated: 947620
	484  -  MemoryUsage of job (MB)
	494776  -  ResidentSetSize of job (KB)
...
006 (2491851.140.000) 11/08 21:32:35 Image size of job updated: 947620
	484  -  MemoryUsage of job (MB)
	494784  -  ResidentSetSize of job (KB)
...
006 (2491851.140.000) 11/08 21:42:35 Image size of job updated: 947620
	484  -  MemoryUsage of job (MB)
	494864  -  ResidentSetSize of job (KB)
...
006 (2491851.140.000) 11/08 21:47:36 Image size of job updated: 947620
	484  -  MemoryUsage of job (MB)
	494976  -  ResidentSetSize of job (KB)
...
006 (2491851.140.000) 11/08 21:52:36 Image size of job updated: 947620
	484  -  MemoryUsage of job (MB)
	495044  -  ResidentSetSize of job (KB)
...
006 (2491851.140.000) 11/08 21:57:36 Image size of job updated: 947620
	484  -  MemoryUsage of job (MB)
	495092  -  ResidentSetSize of job (KB)
...
006 (2491851.140.000) 11/08 22:02:37 Image size of job updated: 947620
	484  -  MemoryUsage of job (MB)
	495156  -  ResidentSetSize of job (KB)
...
006 (2491851.140.000) 11/08 22:17:39 Image size of job updated: 947620
	484  -  MemoryUsage of job (MB)
	495180  -  ResidentSetSize of job (KB)
...
005 (2491851.140.000) 11/08 22:25:25 Job terminated.
	(1) Normal termination (return value 0)
		Usr 0 00:35:07, Sys 0 00:02:06  -  Run Remote Usage
		Usr 0 00:00:00, Sys 0 00:00:00  -  Run Local Usage
		Usr 0 00:35:07, Sys 0 00:02:06  -  Total Remote Usage
		Usr 0 00:00:00, Sys 0 00:00:00  -  Total Local Usage
	0  -  Run Bytes Sent By Job
	0  -  Run Bytes Received By Job
	0  -  Total Bytes Sent By Job
	0  -  Total Bytes Received By Job
	Partitionable Resources :    Usage  Request Allocated
	   Cpus                 :                 1         1
	   Disk (KB)            :        1        1  28379835
	   Memory (MB)          :      484        1      4033
...
