000 (2464979.021.000) 11/02 16:50:20 Job submitted from host: <192.168.1.109:9308>
...
001 (2464979.021.000) 11/02 16:50:35 Job executing on host: <192.168.1.50:9579>
...
006 (2464979.021.000) 11/02 16:50:44 Image size of job updated: 109864
	17  -  MemoryUsage of job (MB)
	16848  -  ResidentSetSize of job (KB)
...
006 (2464979.021.000) 11/02 16:51:02 Image size of job updated: 491252
	17  -  MemoryUsage of job (MB)
	16848  -  ResidentSetSize of job (KB)
...
005 (2464979.021.000) 11/02 16:51:02 Job terminated.
	(1) Normal termination (return value 0)
		Usr 0 00:00:07, Sys 0 00:00:00  -  Run Remote Usage
		Usr 0 00:00:00, Sys 0 00:00:00  -  Run Local Usage
		Usr 0 00:00:07, Sys 0 00:00:00  -  Total Remote Usage
		Usr 0 00:00:00, Sys 0 00:00:00  -  Total Local Usage
	0  -  Run Bytes Sent By Job
	0  -  Run Bytes Received By Job
	0  -  Total Bytes Sent By Job
	0  -  Total Bytes Received By Job
	Partitionable Resources :    Usage  Request Allocated
	   Cpus                 :                 1         1
	   Disk (KB)            :        1        1  28380099
	   Memory (MB)          :       17        1      4033
...
