000 (2485823.003.000) 11/07 23:48:28 Job submitted from host: <192.168.1.109:9714>
...
001 (2485823.003.000) 11/07 23:48:36 Job executing on host: <192.168.1.42:9515>
...
006 (2485823.003.000) 11/07 23:48:45 Image size of job updated: 24488
	3  -  MemoryUsage of job (MB)
	2624  -  ResidentSetSize of job (KB)
...
006 (2485823.003.000) 11/07 23:53:46 Image size of job updated: 1004104
	493  -  MemoryUsage of job (MB)
	504296  -  ResidentSetSize of job (KB)
...
006 (2485823.003.000) 11/07 23:58:46 Image size of job updated: 1004104
	493  -  MemoryUsage of job (MB)
	504488  -  ResidentSetSize of job (KB)
...
006 (2485823.003.000) 11/08 00:03:46 Image size of job updated: 1004104
	494  -  MemoryUsage of job (MB)
	505168  -  ResidentSetSize of job (KB)
...
006 (2485823.003.000) 11/08 00:08:47 Image size of job updated: 1004104
	494  -  MemoryUsage of job (MB)
	505228  -  ResidentSetSize of job (KB)
...
006 (2485823.003.000) 11/08 00:13:48 Image size of job updated: 1004104
	494  -  MemoryUsage of job (MB)
	505240  -  ResidentSetSize of job (KB)
...
006 (2485823.003.000) 11/08 00:18:48 Image size of job updated: 1004104
	494  -  MemoryUsage of job (MB)
	505320  -  ResidentSetSize of job (KB)
...
006 (2485823.003.000) 11/08 00:23:49 Image size of job updated: 1004104
	494  -  MemoryUsage of job (MB)
	505328  -  ResidentSetSize of job (KB)
...
006 (2485823.003.000) 11/08 00:28:50 Image size of job updated: 1004104
	494  -  MemoryUsage of job (MB)
	505336  -  ResidentSetSize of job (KB)
...
006 (2485823.003.000) 11/08 00:33:50 Image size of job updated: 1004104
	494  -  MemoryUsage of job (MB)
	505368  -  ResidentSetSize of job (KB)
...
006 (2485823.003.000) 11/08 00:38:51 Image size of job updated: 1004104
	494  -  MemoryUsage of job (MB)
	505440  -  ResidentSetSize of job (KB)
...
006 (2485823.003.000) 11/08 00:43:52 Image size of job updated: 1004104
	494  -  MemoryUsage of job (MB)
	505668  -  ResidentSetSize of job (KB)
...
006 (2485823.003.000) 11/08 00:58:53 Image size of job updated: 1004104
	494  -  MemoryUsage of job (MB)
	505672  -  ResidentSetSize of job (KB)
...
006 (2485823.003.000) 11/08 01:03:53 Image size of job updated: 1004104
	494  -  MemoryUsage of job (MB)
	505736  -  ResidentSetSize of job (KB)
...
006 (2485823.003.000) 11/08 01:08:53 Image size of job updated: 1004104
	494  -  MemoryUsage of job (MB)
	505844  -  ResidentSetSize of job (KB)
...
006 (2485823.003.000) 11/08 01:18:55 Image size of job updated: 1004104
	603  -  MemoryUsage of job (MB)
	617252  -  ResidentSetSize of job (KB)
...
006 (2485823.003.000) 11/08 01:23:55 Image size of job updated: 1004104
	603  -  MemoryUsage of job (MB)
	617256  -  ResidentSetSize of job (KB)
...
006 (2485823.003.000) 11/08 01:28:56 Image size of job updated: 1004104
	603  -  MemoryUsage of job (MB)
	617332  -  ResidentSetSize of job (KB)
...
006 (2485823.003.000) 11/08 01:38:57 Image size of job updated: 1004104
	604  -  MemoryUsage of job (MB)
	617652  -  ResidentSetSize of job (KB)
...
006 (2485823.003.000) 11/08 01:43:58 Image size of job updated: 1004104
	604  -  MemoryUsage of job (MB)
	617660  -  ResidentSetSize of job (KB)
...
006 (2485823.003.000) 11/08 01:58:59 Image size of job updated: 1004104
	604  -  MemoryUsage of job (MB)
	617852  -  ResidentSetSize of job (KB)
...
005 (2485823.003.000) 11/08 02:36:44 Job terminated.
	(1) Normal termination (return value 0)
		Usr 0 00:52:40, Sys 0 00:03:14  -  Run Remote Usage
		Usr 0 00:00:00, Sys 0 00:00:00  -  Run Local Usage
		Usr 0 00:52:40, Sys 0 00:03:14  -  Total Remote Usage
		Usr 0 00:00:00, Sys 0 00:00:00  -  Total Local Usage
	0  -  Run Bytes Sent By Job
	0  -  Run Bytes Received By Job
	0  -  Total Bytes Sent By Job
	0  -  Total Bytes Received By Job
	Partitionable Resources :    Usage  Request Allocated
	   Cpus                 :                 1         1
	   Disk (KB)            :        1        1   2365092
	   Memory (MB)          :      604        1      4035
...
