000 (2491133.003.000) 11/08 19:40:18 Job submitted from host: <192.168.1.109:9714>
...
001 (2491133.003.000) 11/08 19:40:53 Job executing on host: <192.168.1.43:9998>
...
006 (2491133.003.000) 11/08 19:41:02 Image size of job updated: 342388
	60  -  MemoryUsage of job (MB)
	61308  -  ResidentSetSize of job (KB)
...
006 (2491133.003.000) 11/08 19:46:03 Image size of job updated: 1004104
	497  -  MemoryUsage of job (MB)
	508456  -  ResidentSetSize of job (KB)
...
006 (2491133.003.000) 11/08 19:51:03 Image size of job updated: 1004104
	498  -  MemoryUsage of job (MB)
	509164  -  ResidentSetSize of job (KB)
...
006 (2491133.003.000) 11/08 19:56:04 Image size of job updated: 1004104
	498  -  MemoryUsage of job (MB)
	509240  -  ResidentSetSize of job (KB)
...
006 (2491133.003.000) 11/08 20:01:05 Image size of job updated: 1212888
	718  -  MemoryUsage of job (MB)
	735204  -  ResidentSetSize of job (KB)
...
006 (2491133.003.000) 11/08 20:06:05 Image size of job updated: 1212888
	733  -  MemoryUsage of job (MB)
	750208  -  ResidentSetSize of job (KB)
...
006 (2491133.003.000) 11/08 20:11:05 Image size of job updated: 1212888
	738  -  MemoryUsage of job (MB)
	755052  -  ResidentSetSize of job (KB)
...
006 (2491133.003.000) 11/08 20:16:06 Image size of job updated: 1212888
	738  -  MemoryUsage of job (MB)
	755440  -  ResidentSetSize of job (KB)
...
006 (2491133.003.000) 11/08 20:21:06 Image size of job updated: 1212888
	801  -  MemoryUsage of job (MB)
	819364  -  ResidentSetSize of job (KB)
...
006 (2491133.003.000) 11/08 20:26:06 Image size of job updated: 1212888
	863  -  MemoryUsage of job (MB)
	883300  -  ResidentSetSize of job (KB)
...
006 (2491133.003.000) 11/08 20:31:07 Image size of job updated: 1212888
	888  -  MemoryUsage of job (MB)
	908512  -  ResidentSetSize of job (KB)
...
006 (2491133.003.000) 11/08 20:36:08 Image size of job updated: 1212888
	888  -  MemoryUsage of job (MB)
	908984  -  ResidentSetSize of job (KB)
...
005 (2491133.003.000) 11/08 22:13:15 Job terminated.
	(1) Normal termination (return value 0)
		Usr 0 00:57:15, Sys 0 00:03:23  -  Run Remote Usage
		Usr 0 00:00:00, Sys 0 00:00:00  -  Run Local Usage
		Usr 0 00:57:15, Sys 0 00:03:23  -  Total Remote Usage
		Usr 0 00:00:00, Sys 0 00:00:00  -  Total Local Usage
	0  -  Run Bytes Sent By Job
	0  -  Run Bytes Received By Job
	0  -  Total Bytes Sent By Job
	0  -  Total Bytes Received By Job
	Partitionable Resources :    Usage  Request Allocated
	   Cpus                 :                 1         1
	   Disk (KB)            :        1        1   2370815
	   Memory (MB)          :      888        1      4035
...
