000 (2491851.003.000) 11/08 20:36:46 Job submitted from host: <192.168.1.109:9714>
...
001 (2491851.003.000) 11/08 20:37:12 Job executing on host: <192.168.1.63:9932>
...
006 (2491851.003.000) 11/08 20:37:21 Image size of job updated: 400096
	65  -  MemoryUsage of job (MB)
	66340  -  ResidentSetSize of job (KB)
...
006 (2491851.003.000) 11/08 20:42:22 Image size of job updated: 1004104
	419  -  MemoryUsage of job (MB)
	428792  -  ResidentSetSize of job (KB)
...
006 (2491851.003.000) 11/08 20:47:23 Image size of job updated: 1004104
	523  -  MemoryUsage of job (MB)
	534560  -  ResidentSetSize of job (KB)
...
006 (2491851.003.000) 11/08 20:52:23 Image size of job updated: 1004104
	527  -  MemoryUsage of job (MB)
	539332  -  ResidentSetSize of job (KB)
...
006 (2491851.003.000) 11/08 20:57:24 Image size of job updated: 1004104
	527  -  MemoryUsage of job (MB)
	539340  -  ResidentSetSize of job (KB)
...
006 (2491851.003.000) 11/08 21:02:25 Image size of job updated: 1004104
	527  -  MemoryUsage of job (MB)
	539588  -  ResidentSetSize of job (KB)
...
006 (2491851.003.000) 11/08 21:07:25 Image size of job updated: 1004104
	527  -  MemoryUsage of job (MB)
	539592  -  ResidentSetSize of job (KB)
...
006 (2491851.003.000) 11/08 21:12:25 Image size of job updated: 1004104
	527  -  MemoryUsage of job (MB)
	539600  -  ResidentSetSize of job (KB)
...
006 (2491851.003.000) 11/08 21:17:26 Image size of job updated: 1004104
	527  -  MemoryUsage of job (MB)
	539604  -  ResidentSetSize of job (KB)
...
006 (2491851.003.000) 11/08 21:52:29 Image size of job updated: 1004104
	528  -  MemoryUsage of job (MB)
	539660  -  ResidentSetSize of job (KB)
...
006 (2491851.003.000) 11/08 22:02:30 Image size of job updated: 1004104
	528  -  MemoryUsage of job (MB)
	539980  -  ResidentSetSize of job (KB)
...
006 (2491851.003.000) 11/08 22:17:32 Image size of job updated: 1004104
	532  -  MemoryUsage of job (MB)
	544608  -  ResidentSetSize of job (KB)
...
006 (2491851.003.000) 11/08 22:22:33 Image size of job updated: 1004104
	533  -  MemoryUsage of job (MB)
	544796  -  ResidentSetSize of job (KB)
...
006 (2491851.003.000) 11/08 22:37:33 Image size of job updated: 1004104
	535  -  MemoryUsage of job (MB)
	547192  -  ResidentSetSize of job (KB)
...
006 (2491851.003.000) 11/08 22:42:35 Image size of job updated: 1004104
	535  -  MemoryUsage of job (MB)
	547228  -  ResidentSetSize of job (KB)
...
006 (2491851.003.000) 11/08 22:47:35 Image size of job updated: 1004104
	535  -  MemoryUsage of job (MB)
	547272  -  ResidentSetSize of job (KB)
...
006 (2491851.003.000) 11/08 22:52:36 Image size of job updated: 1004104
	536  -  MemoryUsage of job (MB)
	547860  -  ResidentSetSize of job (KB)
...
006 (2491851.003.000) 11/08 22:57:37 Image size of job updated: 1004104
	536  -  MemoryUsage of job (MB)
	547920  -  ResidentSetSize of job (KB)
...
006 (2491851.003.000) 11/08 23:02:37 Image size of job updated: 1004104
	536  -  MemoryUsage of job (MB)
	548000  -  ResidentSetSize of job (KB)
...
005 (2491851.003.000) 11/08 23:04:36 Job terminated.
	(1) Normal termination (return value 0)
		Usr 0 01:35:31, Sys 0 00:04:00  -  Run Remote Usage
		Usr 0 00:00:00, Sys 0 00:00:00  -  Run Local Usage
		Usr 0 01:35:31, Sys 0 00:04:00  -  Total Remote Usage
		Usr 0 00:00:00, Sys 0 00:00:00  -  Total Local Usage
	0  -  Run Bytes Sent By Job
	0  -  Run Bytes Received By Job
	0  -  Total Bytes Sent By Job
	0  -  Total Bytes Received By Job
	Partitionable Resources :    Usage  Request Allocated
	   Cpus                 :                 1         1
	   Disk (KB)            :        1        1  19566207
	   Memory (MB)          :      536        1      4033
...
