000 (2482243.010.000) 11/07 15:44:23 Job submitted from host: <192.168.1.109:9714>
...
001 (2482243.010.000) 11/07 15:44:34 Job executing on host: <192.168.1.66:9620>
...
006 (2482243.010.000) 11/07 15:44:43 Image size of job updated: 358760
	65  -  MemoryUsage of job (MB)
	66328  -  ResidentSetSize of job (KB)
...
005 (2482243.010.000) 11/07 15:44:51 Job terminated.
	(1) Normal termination (return value 0)
		Usr 0 00:00:01, Sys 0 00:00:00  -  Run Remote Usage
		Usr 0 00:00:00, Sys 0 00:00:00  -  Run Local Usage
		Usr 0 00:00:01, Sys 0 00:00:00  -  Total Remote Usage
		Usr 0 00:00:00, Sys 0 00:00:00  -  Total Local Usage
	0  -  Run Bytes Sent By Job
	0  -  Run Bytes Received By Job
	0  -  Total Bytes Sent By Job
	0  -  Total Bytes Received By Job
	Partitionable Resources :    Usage  Request Allocated
	   Cpus                 :                 1         1
	   Disk (KB)            :        1        1  19561937
	   Memory (MB)          :       65        1      4033
...
