000 (2492274.026.000) 11/08 21:21:59 Job submitted from host: <192.168.1.109:9714>
...
001 (2492274.026.000) 11/08 21:22:24 Job executing on host: <192.168.1.65:9393>
...
006 (2492274.026.000) 11/08 21:22:33 Image size of job updated: 24372
	3  -  MemoryUsage of job (MB)
	2532  -  ResidentSetSize of job (KB)
...
006 (2492274.026.000) 11/08 21:27:33 Image size of job updated: 988400
	461  -  MemoryUsage of job (MB)
	471388  -  ResidentSetSize of job (KB)
...
006 (2492274.026.000) 11/08 21:32:33 Image size of job updated: 988400
	463  -  MemoryUsage of job (MB)
	473124  -  ResidentSetSize of job (KB)
...
006 (2492274.026.000) 11/08 21:37:33 Image size of job updated: 988400
	464  -  MemoryUsage of job (MB)
	474124  -  ResidentSetSize of job (KB)
...
006 (2492274.026.000) 11/08 21:42:33 Image size of job updated: 988400
	464  -  MemoryUsage of job (MB)
	474608  -  ResidentSetSize of job (KB)
...
006 (2492274.026.000) 11/08 21:47:35 Image size of job updated: 988400
	465  -  MemoryUsage of job (MB)
	475160  -  ResidentSetSize of job (KB)
...
005 (2492274.026.000) 11/08 21:51:06 Job terminated.
	(1) Normal termination (return value 0)
		Usr 0 00:11:49, Sys 0 00:00:24  -  Run Remote Usage
		Usr 0 00:00:00, Sys 0 00:00:00  -  Run Local Usage
		Usr 0 00:11:49, Sys 0 00:00:24  -  Total Remote Usage
		Usr 0 00:00:00, Sys 0 00:00:00  -  Total Local Usage
	0  -  Run Bytes Sent By Job
	0  -  Run Bytes Received By Job
	0  -  Total Bytes Sent By Job
	0  -  Total Bytes Received By Job
	Partitionable Resources :    Usage  Request Allocated
	   Cpus                 :                 1         1
	   Disk (KB)            :        1        1  19563401
	   Memory (MB)          :      465        1      4033
...
