000 (2493272.122.000) 11/09 01:26:06 Job submitted from host: <192.168.1.109:9714>
...
001 (2493272.122.000) 11/09 01:26:19 Job executing on host: <192.168.1.54:9618?addrs=192.168.1.54-9618+[--1]-9618&noUDP&sock=2569_034c_3>
...
006 (2493272.122.000) 11/09 01:26:28 Image size of job updated: 24452
	3  -  MemoryUsage of job (MB)
	2672  -  ResidentSetSize of job (KB)
...
006 (2493272.122.000) 11/09 01:26:36 Image size of job updated: 474224
	3  -  MemoryUsage of job (MB)
	2672  -  ResidentSetSize of job (KB)
...
005 (2493272.122.000) 11/09 01:26:36 Job terminated.
	(1) Normal termination (return value 0)
		Usr 0 00:00:10, Sys 0 00:00:00  -  Run Remote Usage
		Usr 0 00:00:00, Sys 0 00:00:00  -  Run Local Usage
		Usr 0 00:00:10, Sys 0 00:00:00  -  Total Remote Usage
		Usr 0 00:00:00, Sys 0 00:00:00  -  Total Local Usage
	0  -  Run Bytes Sent By Job
	0  -  Run Bytes Received By Job
	0  -  Total Bytes Sent By Job
	0  -  Total Bytes Received By Job
	Partitionable Resources :    Usage  Request Allocated
	   Cpus                 :                 1         1
	   Disk (KB)            :        1        1   1563671
	   Memory (MB)          :        3        1         1
...
