000 (2492234.013.000) 11/08 21:18:49 Job submitted from host: <192.168.1.109:9714>
...
001 (2492234.013.000) 11/08 21:19:22 Job executing on host: <192.168.1.65:9393>
...
006 (2492234.013.000) 11/08 21:19:30 Image size of job updated: 439992
	94  -  MemoryUsage of job (MB)
	95412  -  ResidentSetSize of job (KB)
...
006 (2492234.013.000) 11/08 21:20:20 Image size of job updated: 491704
	94  -  MemoryUsage of job (MB)
	95412  -  ResidentSetSize of job (KB)
...
005 (2492234.013.000) 11/08 21:20:21 Job terminated.
	(1) Normal termination (return value 0)
		Usr 0 00:00:28, Sys 0 00:00:01  -  Run Remote Usage
		Usr 0 00:00:00, Sys 0 00:00:00  -  Run Local Usage
		Usr 0 00:00:28, Sys 0 00:00:01  -  Total Remote Usage
		Usr 0 00:00:00, Sys 0 00:00:00  -  Total Local Usage
	0  -  Run Bytes Sent By Job
	0  -  Run Bytes Received By Job
	0  -  Total Bytes Sent By Job
	0  -  Total Bytes Received By Job
	Partitionable Resources :    Usage  Request Allocated
	   Cpus                 :                 1         1
	   Disk (KB)            :        1        1  19563438
	   Memory (MB)          :       94        1      4033
...
