000 (2492636.040.000) 11/08 22:47:39 Job submitted from host: <192.168.1.109:9714>
...
001 (2492636.040.000) 11/08 22:47:47 Job executing on host: <192.168.1.50:9434>
...
006 (2492636.040.000) 11/08 22:47:56 Image size of job updated: 181428
	3  -  MemoryUsage of job (MB)
	2536  -  ResidentSetSize of job (KB)
...
006 (2492636.040.000) 11/08 22:48:02 Image size of job updated: 464848
	3  -  MemoryUsage of job (MB)
	2536  -  ResidentSetSize of job (KB)
...
005 (2492636.040.000) 11/08 22:48:16 Job terminated.
	(1) Normal termination (return value 0)
		Usr 0 00:00:05, Sys 0 00:00:00  -  Run Remote Usage
		Usr 0 00:00:00, Sys 0 00:00:00  -  Run Local Usage
		Usr 0 00:00:05, Sys 0 00:00:00  -  Total Remote Usage
		Usr 0 00:00:00, Sys 0 00:00:00  -  Total Local Usage
	0  -  Run Bytes Sent By Job
	0  -  Run Bytes Received By Job
	0  -  Total Bytes Sent By Job
	0  -  Total Bytes Received By Job
	Partitionable Resources :    Usage  Request Allocated
	   Cpus                 :                 1         1
	   Disk (KB)            :        1        1  28379053
	   Memory (MB)          :        3        1      4033
...
