000 (2497410.030.000) 11/09 15:33:46 Job submitted from host: <192.168.1.109:9714>
...
001 (2497410.030.000) 11/09 15:34:09 Job executing on host: <192.168.1.67:9583>
...
006 (2497410.030.000) 11/09 15:34:18 Image size of job updated: 358628
	65  -  MemoryUsage of job (MB)
	66200  -  ResidentSetSize of job (KB)
...
006 (2497410.030.000) 11/09 15:39:19 Image size of job updated: 1079904
	531  -  MemoryUsage of job (MB)
	543084  -  ResidentSetSize of job (KB)
...
006 (2497410.030.000) 11/09 15:44:19 Image size of job updated: 1079904
	532  -  MemoryUsage of job (MB)
	544568  -  ResidentSetSize of job (KB)
...
006 (2497410.030.000) 11/09 15:49:19 Image size of job updated: 1079904
	533  -  MemoryUsage of job (MB)
	544900  -  ResidentSetSize of job (KB)
...
006 (2497410.030.000) 11/09 15:54:21 Image size of job updated: 1079904
	533  -  MemoryUsage of job (MB)
	545744  -  ResidentSetSize of job (KB)
...
006 (2497410.030.000) 11/09 15:59:21 Image size of job updated: 1079904
	534  -  MemoryUsage of job (MB)
	546408  -  ResidentSetSize of job (KB)
...
006 (2497410.030.000) 11/09 16:04:21 Image size of job updated: 1079904
	534  -  MemoryUsage of job (MB)
	546528  -  ResidentSetSize of job (KB)
...
006 (2497410.030.000) 11/09 16:09:22 Image size of job updated: 1079904
	534  -  MemoryUsage of job (MB)
	546660  -  ResidentSetSize of job (KB)
...
006 (2497410.030.000) 11/09 16:14:23 Image size of job updated: 1079904
	535  -  MemoryUsage of job (MB)
	547140  -  ResidentSetSize of job (KB)
...
006 (2497410.030.000) 11/09 16:19:23 Image size of job updated: 1079904
	619  -  MemoryUsage of job (MB)
	632836  -  ResidentSetSize of job (KB)
...
006 (2497410.030.000) 11/09 16:24:24 Image size of job updated: 1079904
	658  -  MemoryUsage of job (MB)
	673104  -  ResidentSetSize of job (KB)
...
006 (2497410.030.000) 11/09 16:29:25 Image size of job updated: 1079904
	658  -  MemoryUsage of job (MB)
	673112  -  ResidentSetSize of job (KB)
...
005 (2497410.030.000) 11/09 16:30:56 Job terminated.
	(1) Normal termination (return value 0)
		Usr 0 00:17:00, Sys 0 00:00:45  -  Run Remote Usage
		Usr 0 00:00:00, Sys 0 00:00:00  -  Run Local Usage
		Usr 0 00:17:00, Sys 0 00:00:45  -  Total Remote Usage
		Usr 0 00:00:00, Sys 0 00:00:00  -  Total Local Usage
	0  -  Run Bytes Sent By Job
	0  -  Run Bytes Received By Job
	0  -  Total Bytes Sent By Job
	0  -  Total Bytes Received By Job
	Partitionable Resources :    Usage  Request Allocated
	   Cpus                 :                 1         1
	   Disk (KB)            :        1        1  19562937
	   Memory (MB)          :      658        1      4033
...
