000 (2464979.008.000) 11/02 16:50:20 Job submitted from host: <192.168.1.109:9308>
...
001 (2464979.008.000) 11/02 16:50:35 Job executing on host: <192.168.1.42:9374>
...
006 (2464979.008.000) 11/02 16:50:43 Image size of job updated: 97664
	2  -  MemoryUsage of job (MB)
	1356  -  ResidentSetSize of job (KB)
...
006 (2464979.008.000) 11/02 16:50:58 Image size of job updated: 354472
	2  -  MemoryUsage of job (MB)
	1356  -  ResidentSetSize of job (KB)
...
005 (2464979.008.000) 11/02 16:50:59 Job terminated.
	(1) Normal termination (return value 0)
		Usr 0 00:00:01, Sys 0 00:00:00  -  Run Remote Usage
		Usr 0 00:00:00, Sys 0 00:00:00  -  Run Local Usage
		Usr 0 00:00:01, Sys 0 00:00:00  -  Total Remote Usage
		Usr 0 00:00:00, Sys 0 00:00:00  -  Total Local Usage
	0  -  Run Bytes Sent By Job
	0  -  Run Bytes Received By Job
	0  -  Total Bytes Sent By Job
	0  -  Total Bytes Received By Job
	Partitionable Resources :    Usage  Request Allocated
	   Cpus                 :                 1         1
	   Disk (KB)            :        1        1   2371369
	   Memory (MB)          :        2        1      4035
...
