/cvmfs/cms.cern.ch
/cms/mchristos/ANN/FireMVA/2017
InputBundle_Other_{Fake}_Input_25_Tree

Processing outFiles/Application_1/InputBundle_Other_{Fake}_Input_25_Tree/Application_Fakes_3L_2017.C...
                         : Booking "BDTG method" of type "BDT" from /cms/mchristos/ANN/FireMVA/2017/dl/weights/fire_MVA_TT_IDvarsElectrons_BDT.weights.xml.
                         : Reading weight file: /cms/mchristos/ANN/FireMVA/2017/dl/weights/fire_MVA_TT_IDvarsElectrons_BDT.weights.xml
<HEADER> DataSetInfo              : [Default] : Added class "Background"
<HEADER> DataSetInfo              : [Default] : Added class "Signal"
                         : Booked classifier "BDT" of type: "BDT"
                         : Booking "BDTG method" of type "BDT" from /cms/mchristos/ANN/FireMVA/2017/dl/weights/fire_MVA_TT_IDvarsMuons_BDT.weights.xml.
                         : Reading weight file: /cms/mchristos/ANN/FireMVA/2017/dl/weights/fire_MVA_TT_IDvarsMuons_BDT.weights.xml
<HEADER> DataSetInfo              : [Default] : Added class "Background"
<HEADER> DataSetInfo              : [Default] : Added class "Signal"
                         : Booked classifier "BDT" of type: "BDT"
--- TMVAClassificationApp    : Using input file: outFiles/Application_1/InputBundle_Other_{Fake}_Input_25_Tree/BDT2_tree.root
--- Select sample
--- Processing: 1162 events
--- ... Processing event: 0
--- ... Processing event: 1000
--- End of event loop: Real time 0:00:01, CP time 1.580
