000 (2504801.008.000) 11/16 00:30:11 Job submitted from host: <192.168.1.109:9714>
...
001 (2504801.008.000) 11/16 00:30:30 Job executing on host: <192.168.1.65:9393>
...
006 (2504801.008.000) 11/16 00:30:40 Image size of job updated: 359388
	50  -  MemoryUsage of job (MB)
	50284  -  ResidentSetSize of job (KB)
...
006 (2504801.008.000) 11/16 00:30:51 Image size of job updated: 476264
	50  -  MemoryUsage of job (MB)
	50284  -  ResidentSetSize of job (KB)
...
005 (2504801.008.000) 11/16 00:30:51 Job terminated.
	(1) Normal termination (return value 0)
		Usr 0 00:00:09, Sys 0 00:00:01  -  Run Remote Usage
		Usr 0 00:00:00, Sys 0 00:00:00  -  Run Local Usage
		Usr 0 00:00:09, Sys 0 00:00:01  -  Total Remote Usage
		Usr 0 00:00:00, Sys 0 00:00:00  -  Total Local Usage
	0  -  Run Bytes Sent By Job
	0  -  Run Bytes Received By Job
	0  -  Total Bytes Sent By Job
	0  -  Total Bytes Received By Job
	Partitionable Resources :    Usage  Request Allocated
	   Cpus                 :                 1         1
	   Disk (KB)            :        1        1  19563962
	   Memory (MB)          :       50        1      4033
...
