000 (2511949.065.000) 11/17 23:24:50 Job submitted from host: <192.168.1.109:9714>
...
001 (2511949.065.000) 11/17 23:30:20 Job executing on host: <192.168.1.56:9618?addrs=192.168.1.56-9618+[--1]-9618&noUDP&sock=2542_7e3d_3>
...
006 (2511949.065.000) 11/17 23:30:29 Image size of job updated: 439896
	119  -  MemoryUsage of job (MB)
	120960  -  ResidentSetSize of job (KB)
...
005 (2511949.065.000) 11/17 23:30:30 Job terminated.
	(1) Normal termination (return value 0)
		Usr 0 00:00:03, Sys 0 00:00:00  -  Run Remote Usage
		Usr 0 00:00:00, Sys 0 00:00:00  -  Run Local Usage
		Usr 0 00:00:03, Sys 0 00:00:00  -  Total Remote Usage
		Usr 0 00:00:00, Sys 0 00:00:00  -  Total Local Usage
	0  -  Run Bytes Sent By Job
	0  -  Run Bytes Received By Job
	0  -  Total Bytes Sent By Job
	0  -  Total Bytes Received By Job
	Partitionable Resources :    Usage  Request Allocated
	   Cpus                 :                 1         1
	   Disk (KB)            :        1        1   1563536
	   Memory (MB)          :      119        1         1
...
