000 (2464979.085.000) 11/02 16:50:21 Job submitted from host: <192.168.1.109:9308>
...
001 (2464979.085.000) 11/02 16:50:39 Job executing on host: <192.168.1.49:9238>
...
006 (2464979.085.000) 11/02 16:50:47 Image size of job updated: 109864
	17  -  MemoryUsage of job (MB)
	16836  -  ResidentSetSize of job (KB)
...
006 (2464979.085.000) 11/02 16:55:47 Image size of job updated: 903668
	359  -  MemoryUsage of job (MB)
	367136  -  ResidentSetSize of job (KB)
...
005 (2464979.085.000) 11/02 16:58:26 Job terminated.
	(1) Normal termination (return value 0)
		Usr 0 00:05:06, Sys 0 00:00:16  -  Run Remote Usage
		Usr 0 00:00:00, Sys 0 00:00:00  -  Run Local Usage
		Usr 0 00:05:06, Sys 0 00:00:16  -  Total Remote Usage
		Usr 0 00:00:00, Sys 0 00:00:00  -  Total Local Usage
	0  -  Run Bytes Sent By Job
	0  -  Run Bytes Received By Job
	0  -  Total Bytes Sent By Job
	0  -  Total Bytes Received By Job
	Partitionable Resources :    Usage  Request Allocated
	   Cpus                 :                 1         1
	   Disk (KB)            :        1        1  28380700
	   Memory (MB)          :      359        1      4033
...
