000 (2493172.085.000) 11/09 00:41:41 Job submitted from host: <192.168.1.109:9714>
...
001 (2493172.085.000) 11/09 00:41:55 Job executing on host: <192.168.1.68:9996>
...
006 (2493172.085.000) 11/09 00:42:04 Image size of job updated: 182200
	32  -  MemoryUsage of job (MB)
	32656  -  ResidentSetSize of job (KB)
...
006 (2493172.085.000) 11/09 00:47:05 Image size of job updated: 959960
	377  -  MemoryUsage of job (MB)
	385408  -  ResidentSetSize of job (KB)
...
006 (2493172.085.000) 11/09 00:52:06 Image size of job updated: 959960
	471  -  MemoryUsage of job (MB)
	481500  -  ResidentSetSize of job (KB)
...
006 (2493172.085.000) 11/09 00:57:06 Image size of job updated: 959960
	471  -  MemoryUsage of job (MB)
	481744  -  ResidentSetSize of job (KB)
...
005 (2493172.085.000) 11/09 01:01:13 Job terminated.
	(1) Normal termination (return value 0)
		Usr 0 00:09:24, Sys 0 00:00:33  -  Run Remote Usage
		Usr 0 00:00:00, Sys 0 00:00:00  -  Run Local Usage
		Usr 0 00:09:24, Sys 0 00:00:33  -  Total Remote Usage
		Usr 0 00:00:00, Sys 0 00:00:00  -  Total Local Usage
	0  -  Run Bytes Sent By Job
	0  -  Run Bytes Received By Job
	0  -  Total Bytes Sent By Job
	0  -  Total Bytes Received By Job
	Partitionable Resources :    Usage  Request Allocated
	   Cpus                 :                 1         1
	   Disk (KB)            :        1        1  20251278
	   Memory (MB)          :      471        1      4038
...
