000 (2504801.085.000) 11/16 00:30:12 Job submitted from host: <192.168.1.109:9714>
...
001 (2504801.085.000) 11/16 00:30:34 Job executing on host: <192.168.1.67:9583>
...
006 (2504801.085.000) 11/16 00:30:43 Image size of job updated: 1
	3  -  MemoryUsage of job (MB)
	2100  -  ResidentSetSize of job (KB)
...
006 (2504801.085.000) 11/16 00:35:43 Image size of job updated: 953012
	446  -  MemoryUsage of job (MB)
	456628  -  ResidentSetSize of job (KB)
...
006 (2504801.085.000) 11/16 00:40:43 Image size of job updated: 953012
	447  -  MemoryUsage of job (MB)
	456992  -  ResidentSetSize of job (KB)
...
005 (2504801.085.000) 11/16 00:41:05 Job terminated.
	(1) Normal termination (return value 0)
		Usr 0 00:07:54, Sys 0 00:00:32  -  Run Remote Usage
		Usr 0 00:00:00, Sys 0 00:00:00  -  Run Local Usage
		Usr 0 00:07:54, Sys 0 00:00:32  -  Total Remote Usage
		Usr 0 00:00:00, Sys 0 00:00:00  -  Total Local Usage
	0  -  Run Bytes Sent By Job
	0  -  Run Bytes Received By Job
	0  -  Total Bytes Sent By Job
	0  -  Total Bytes Received By Job
	Partitionable Resources :    Usage  Request Allocated
	   Cpus                 :                 1         1
	   Disk (KB)            :        1        1  19564317
	   Memory (MB)          :      447        1      4033
...
