000 (2504804.085.000) 11/16 01:06:13 Job submitted from host: <192.168.1.109:9714>
...
001 (2504804.085.000) 11/16 01:06:36 Job executing on host: <192.168.1.48:9634>
...
006 (2504804.085.000) 11/16 01:06:45 Image size of job updated: 458176
	154  -  MemoryUsage of job (MB)
	157536  -  ResidentSetSize of job (KB)
...
006 (2504804.085.000) 11/16 01:11:46 Image size of job updated: 956628
	452  -  MemoryUsage of job (MB)
	461964  -  ResidentSetSize of job (KB)
...
005 (2504804.085.000) 11/16 01:11:51 Job terminated.
	(1) Normal termination (return value 0)
		Usr 0 00:03:34, Sys 0 00:00:20  -  Run Remote Usage
		Usr 0 00:00:00, Sys 0 00:00:00  -  Run Local Usage
		Usr 0 00:03:34, Sys 0 00:00:20  -  Total Remote Usage
		Usr 0 00:00:00, Sys 0 00:00:00  -  Total Local Usage
	0  -  Run Bytes Sent By Job
	0  -  Run Bytes Received By Job
	0  -  Total Bytes Sent By Job
	0  -  Total Bytes Received By Job
	Partitionable Resources :    Usage  Request Allocated
	   Cpus                 :                 1         1
	   Disk (KB)            :        1        1  28380750
	   Memory (MB)          :      452        1      4033
...
