000 (2506670.085.000) 11/17 00:08:51 Job submitted from host: <192.168.1.109:9714>
...
001 (2506670.085.000) 11/17 00:09:03 Job executing on host: <192.168.1.48:9634>
...
006 (2506670.085.000) 11/17 00:09:11 Image size of job updated: 15608
	2  -  MemoryUsage of job (MB)
	1412  -  ResidentSetSize of job (KB)
...
006 (2506670.085.000) 11/17 00:14:11 Image size of job updated: 960584
	453  -  MemoryUsage of job (MB)
	463604  -  ResidentSetSize of job (KB)
...
005 (2506670.085.000) 11/17 00:15:00 Job terminated.
	(1) Normal termination (return value 0)
		Usr 0 00:03:25, Sys 0 00:00:19  -  Run Remote Usage
		Usr 0 00:00:00, Sys 0 00:00:00  -  Run Local Usage
		Usr 0 00:03:25, Sys 0 00:00:19  -  Total Remote Usage
		Usr 0 00:00:00, Sys 0 00:00:00  -  Total Local Usage
	0  -  Run Bytes Sent By Job
	0  -  Run Bytes Received By Job
	0  -  Total Bytes Sent By Job
	0  -  Total Bytes Received By Job
	Partitionable Resources :    Usage  Request Allocated
	   Cpus                 :                 1         1
	   Disk (KB)            :        1        1  28380786
	   Memory (MB)          :      453        1      4033
...
