000 (2485823.024.000) 11/07 23:48:29 Job submitted from host: <192.168.1.109:9714>
...
001 (2485823.024.000) 11/07 23:48:37 Job executing on host: <192.168.1.63:9932>
...
006 (2485823.024.000) 11/07 23:48:46 Image size of job updated: 353176
	84  -  MemoryUsage of job (MB)
	85300  -  ResidentSetSize of job (KB)
...
006 (2485823.024.000) 11/07 23:53:47 Image size of job updated: 998636
	489  -  MemoryUsage of job (MB)
	499744  -  ResidentSetSize of job (KB)
...
006 (2485823.024.000) 11/07 23:58:48 Image size of job updated: 998636
	490  -  MemoryUsage of job (MB)
	500820  -  ResidentSetSize of job (KB)
...
006 (2485823.024.000) 11/08 00:03:48 Image size of job updated: 998636
	490  -  MemoryUsage of job (MB)
	501072  -  ResidentSetSize of job (KB)
...
006 (2485823.024.000) 11/08 00:08:49 Image size of job updated: 998636
	490  -  MemoryUsage of job (MB)
	501076  -  ResidentSetSize of job (KB)
...
006 (2485823.024.000) 11/08 00:13:50 Image size of job updated: 998636
	627  -  MemoryUsage of job (MB)
	641484  -  ResidentSetSize of job (KB)
...
006 (2485823.024.000) 11/08 00:18:50 Image size of job updated: 998636
	631  -  MemoryUsage of job (MB)
	645988  -  ResidentSetSize of job (KB)
...
006 (2485823.024.000) 11/08 00:23:50 Image size of job updated: 998636
	631  -  MemoryUsage of job (MB)
	646020  -  ResidentSetSize of job (KB)
...
005 (2485823.024.000) 11/08 00:26:08 Job terminated.
	(1) Normal termination (return value 0)
		Usr 0 00:17:34, Sys 0 00:00:39  -  Run Remote Usage
		Usr 0 00:00:00, Sys 0 00:00:00  -  Run Local Usage
		Usr 0 00:17:34, Sys 0 00:00:39  -  Total Remote Usage
		Usr 0 00:00:00, Sys 0 00:00:00  -  Total Local Usage
	0  -  Run Bytes Sent By Job
	0  -  Run Bytes Received By Job
	0  -  Total Bytes Sent By Job
	0  -  Total Bytes Received By Job
	Partitionable Resources :    Usage  Request Allocated
	   Cpus                 :                 1         1
	   Disk (KB)            :        1        1  19531867
	   Memory (MB)          :      631        1      4033
...
