000 (2491851.024.000) 11/08 20:36:46 Job submitted from host: <192.168.1.109:9714>
...
001 (2491851.024.000) 11/08 20:37:13 Job executing on host: <192.168.1.47:9634>
...
006 (2491851.024.000) 11/08 20:37:22 Image size of job updated: 339640
	64  -  MemoryUsage of job (MB)
	64516  -  ResidentSetSize of job (KB)
...
006 (2491851.024.000) 11/08 20:42:23 Image size of job updated: 998636
	408  -  MemoryUsage of job (MB)
	417592  -  ResidentSetSize of job (KB)
...
006 (2491851.024.000) 11/08 20:47:23 Image size of job updated: 998636
	409  -  MemoryUsage of job (MB)
	418760  -  ResidentSetSize of job (KB)
...
006 (2491851.024.000) 11/08 20:52:23 Image size of job updated: 998636
	410  -  MemoryUsage of job (MB)
	419008  -  ResidentSetSize of job (KB)
...
006 (2491851.024.000) 11/08 20:57:24 Image size of job updated: 998636
	524  -  MemoryUsage of job (MB)
	536216  -  ResidentSetSize of job (KB)
...
006 (2491851.024.000) 11/08 21:02:24 Image size of job updated: 998636
	551  -  MemoryUsage of job (MB)
	563912  -  ResidentSetSize of job (KB)
...
005 (2491851.024.000) 11/08 21:03:19 Job terminated.
	(1) Normal termination (return value 0)
		Usr 0 00:09:16, Sys 0 00:00:34  -  Run Remote Usage
		Usr 0 00:00:00, Sys 0 00:00:00  -  Run Local Usage
		Usr 0 00:09:16, Sys 0 00:00:34  -  Total Remote Usage
		Usr 0 00:00:00, Sys 0 00:00:00  -  Total Local Usage
	0  -  Run Bytes Sent By Job
	0  -  Run Bytes Received By Job
	0  -  Total Bytes Sent By Job
	0  -  Total Bytes Received By Job
	Partitionable Resources :    Usage  Request Allocated
	   Cpus                 :                 1         1
	   Disk (KB)            :        1        1  28381046
	   Memory (MB)          :      551        1      4033
...
