000 (2497410.024.000) 11/09 15:33:46 Job submitted from host: <192.168.1.109:9714>
...
001 (2497410.024.000) 11/09 15:34:09 Job executing on host: <192.168.1.49:9578>
...
006 (2497410.024.000) 11/09 15:34:17 Image size of job updated: 32840
	3  -  MemoryUsage of job (MB)
	2632  -  ResidentSetSize of job (KB)
...
006 (2497410.024.000) 11/09 15:39:17 Image size of job updated: 1075012
	525  -  MemoryUsage of job (MB)
	536916  -  ResidentSetSize of job (KB)
...
006 (2497410.024.000) 11/09 15:44:18 Image size of job updated: 1075012
	525  -  MemoryUsage of job (MB)
	537232  -  ResidentSetSize of job (KB)
...
006 (2497410.024.000) 11/09 15:49:18 Image size of job updated: 1075012
	526  -  MemoryUsage of job (MB)
	537780  -  ResidentSetSize of job (KB)
...
006 (2497410.024.000) 11/09 15:54:18 Image size of job updated: 1075012
	527  -  MemoryUsage of job (MB)
	539488  -  ResidentSetSize of job (KB)
...
006 (2497410.024.000) 11/09 15:59:19 Image size of job updated: 1075012
	527  -  MemoryUsage of job (MB)
	539588  -  ResidentSetSize of job (KB)
...
006 (2497410.024.000) 11/09 16:04:20 Image size of job updated: 1075012
	603  -  MemoryUsage of job (MB)
	616720  -  ResidentSetSize of job (KB)
...
006 (2497410.024.000) 11/09 16:09:20 Image size of job updated: 1075012
	651  -  MemoryUsage of job (MB)
	666096  -  ResidentSetSize of job (KB)
...
006 (2497410.024.000) 11/09 16:14:21 Image size of job updated: 1075012
	651  -  MemoryUsage of job (MB)
	666108  -  ResidentSetSize of job (KB)
...
006 (2497410.024.000) 11/09 16:19:22 Image size of job updated: 1075012
	651  -  MemoryUsage of job (MB)
	666356  -  ResidentSetSize of job (KB)
...
005 (2497410.024.000) 11/09 16:20:53 Job terminated.
	(1) Normal termination (return value 0)
		Usr 0 00:08:47, Sys 0 00:00:34  -  Run Remote Usage
		Usr 0 00:00:00, Sys 0 00:00:00  -  Run Local Usage
		Usr 0 00:08:47, Sys 0 00:00:34  -  Total Remote Usage
		Usr 0 00:00:00, Sys 0 00:00:00  -  Total Local Usage
	0  -  Run Bytes Sent By Job
	0  -  Run Bytes Received By Job
	0  -  Total Bytes Sent By Job
	0  -  Total Bytes Received By Job
	Partitionable Resources :    Usage  Request Allocated
	   Cpus                 :                 1         1
	   Disk (KB)            :        1        1  28380373
	   Memory (MB)          :      651        1      4033
...
