000 (2493172.017.000) 11/09 00:41:40 Job submitted from host: <192.168.1.109:9714>
...
001 (2493172.017.000) 11/09 00:41:51 Job executing on host: <192.168.1.64:9697>
...
006 (2493172.017.000) 11/09 00:42:00 Image size of job updated: 352908
	50  -  MemoryUsage of job (MB)
	51056  -  ResidentSetSize of job (KB)
...
006 (2493172.017.000) 11/09 00:42:18 Image size of job updated: 483340
	50  -  MemoryUsage of job (MB)
	51056  -  ResidentSetSize of job (KB)
...
005 (2493172.017.000) 11/09 00:42:18 Job terminated.
	(1) Normal termination (return value 0)
		Usr 0 00:00:12, Sys 0 00:00:00  -  Run Remote Usage
		Usr 0 00:00:00, Sys 0 00:00:00  -  Run Local Usage
		Usr 0 00:00:12, Sys 0 00:00:00  -  Total Remote Usage
		Usr 0 00:00:00, Sys 0 00:00:00  -  Total Local Usage
	0  -  Run Bytes Sent By Job
	0  -  Run Bytes Received By Job
	0  -  Total Bytes Sent By Job
	0  -  Total Bytes Received By Job
	Partitionable Resources :    Usage  Request Allocated
	   Cpus                 :                 1         1
	   Disk (KB)            :        1        1  19564535
	   Memory (MB)          :       50        1      4033
...
