000 (2504797.017.000) 11/15 23:49:55 Job submitted from host: <192.168.1.109:9714>
...
001 (2504797.017.000) 11/15 23:50:19 Job executing on host: <192.168.1.63:9932>
...
006 (2504797.017.000) 11/15 23:50:30 Image size of job updated: 97472
	3  -  MemoryUsage of job (MB)
	2620  -  ResidentSetSize of job (KB)
...
006 (2504797.017.000) 11/15 23:51:43 Image size of job updated: 476436
	3  -  MemoryUsage of job (MB)
	2620  -  ResidentSetSize of job (KB)
...
005 (2504797.017.000) 11/15 23:51:43 Job terminated.
	(1) Normal termination (return value 0)
		Usr 0 00:00:09, Sys 0 00:00:00  -  Run Remote Usage
		Usr 0 00:00:00, Sys 0 00:00:00  -  Run Local Usage
		Usr 0 00:00:09, Sys 0 00:00:00  -  Total Remote Usage
		Usr 0 00:00:00, Sys 0 00:00:00  -  Total Local Usage
	0  -  Run Bytes Sent By Job
	0  -  Run Bytes Received By Job
	0  -  Total Bytes Sent By Job
	0  -  Total Bytes Received By Job
	Partitionable Resources :    Usage  Request Allocated
	   Cpus                 :                 1         1
	   Disk (KB)            :        1        1  19562630
	   Memory (MB)          :        3        1      4033
...
