000 (2491851.110.000) 11/08 20:36:48 Job submitted from host: <192.168.1.109:9714>
...
001 (2491851.110.000) 11/08 20:37:19 Job executing on host: <192.168.1.42:9515>
...
006 (2491851.110.000) 11/08 20:37:28 Image size of job updated: 352024
	64  -  MemoryUsage of job (MB)
	64580  -  ResidentSetSize of job (KB)
...
006 (2491851.110.000) 11/08 20:42:28 Image size of job updated: 1017372
	503  -  MemoryUsage of job (MB)
	514876  -  ResidentSetSize of job (KB)
...
005 (2491851.110.000) 11/08 21:12:20 Job terminated.
	(1) Normal termination (return value 0)
		Usr 0 00:09:37, Sys 0 00:00:34  -  Run Remote Usage
		Usr 0 00:00:00, Sys 0 00:00:00  -  Run Local Usage
		Usr 0 00:09:37, Sys 0 00:00:34  -  Total Remote Usage
		Usr 0 00:00:00, Sys 0 00:00:00  -  Total Local Usage
	0  -  Run Bytes Sent By Job
	0  -  Run Bytes Received By Job
	0  -  Total Bytes Sent By Job
	0  -  Total Bytes Received By Job
	Partitionable Resources :    Usage  Request Allocated
	   Cpus                 :                 1         1
	   Disk (KB)            :        1        1   2371121
	   Memory (MB)          :      503        1      4035
...
