000 (2491133.110.000) 11/08 19:40:19 Job submitted from host: <192.168.1.109:9714>
...
001 (2491133.110.000) 11/08 19:40:54 Job executing on host: <192.168.1.50:9434>
...
006 (2491133.110.000) 11/08 19:41:04 Image size of job updated: 338012
	37  -  MemoryUsage of job (MB)
	37308  -  ResidentSetSize of job (KB)
...
006 (2491133.110.000) 11/08 19:46:04 Image size of job updated: 1017368
	505  -  MemoryUsage of job (MB)
	516240  -  ResidentSetSize of job (KB)
...
006 (2491133.110.000) 11/08 19:51:04 Image size of job updated: 1017368
	505  -  MemoryUsage of job (MB)
	516904  -  ResidentSetSize of job (KB)
...
006 (2491133.110.000) 11/08 19:56:05 Image size of job updated: 1017368
	505  -  MemoryUsage of job (MB)
	516980  -  ResidentSetSize of job (KB)
...
006 (2491133.110.000) 11/08 20:01:06 Image size of job updated: 1183668
	696  -  MemoryUsage of job (MB)
	712388  -  ResidentSetSize of job (KB)
...
005 (2491133.110.000) 11/08 20:02:38 Job terminated.
	(1) Normal termination (return value 0)
		Usr 0 00:07:49, Sys 0 00:00:32  -  Run Remote Usage
		Usr 0 00:00:00, Sys 0 00:00:00  -  Run Local Usage
		Usr 0 00:07:49, Sys 0 00:00:32  -  Total Remote Usage
		Usr 0 00:00:00, Sys 0 00:00:00  -  Total Local Usage
	0  -  Run Bytes Sent By Job
	0  -  Run Bytes Received By Job
	0  -  Total Bytes Sent By Job
	0  -  Total Bytes Received By Job
	Partitionable Resources :    Usage  Request Allocated
	   Cpus                 :                 1         1
	   Disk (KB)            :        1        1  28379675
	   Memory (MB)          :      696        1      4033
...
