000 (2497410.110.000) 11/09 15:33:47 Job submitted from host: <192.168.1.109:9714>
...
001 (2497410.110.000) 11/09 15:34:13 Job executing on host: <192.168.1.43:9998>
...
006 (2497410.110.000) 11/09 15:34:22 Image size of job updated: 338148
	54  -  MemoryUsage of job (MB)
	54956  -  ResidentSetSize of job (KB)
...
006 (2497410.110.000) 11/09 15:39:23 Image size of job updated: 1024256
	481  -  MemoryUsage of job (MB)
	491704  -  ResidentSetSize of job (KB)
...
006 (2497410.110.000) 11/09 15:44:24 Image size of job updated: 1024256
	483  -  MemoryUsage of job (MB)
	494144  -  ResidentSetSize of job (KB)
...
006 (2497410.110.000) 11/09 15:49:24 Image size of job updated: 1024256
	483  -  MemoryUsage of job (MB)
	494284  -  ResidentSetSize of job (KB)
...
006 (2497410.110.000) 11/09 15:54:24 Image size of job updated: 1024256
	483  -  MemoryUsage of job (MB)
	494352  -  ResidentSetSize of job (KB)
...
006 (2497410.110.000) 11/09 15:59:25 Image size of job updated: 1024256
	484  -  MemoryUsage of job (MB)
	494804  -  ResidentSetSize of job (KB)
...
006 (2497410.110.000) 11/09 16:04:25 Image size of job updated: 1024256
	484  -  MemoryUsage of job (MB)
	494932  -  ResidentSetSize of job (KB)
...
006 (2497410.110.000) 11/09 16:09:25 Image size of job updated: 1024256
	484  -  MemoryUsage of job (MB)
	495044  -  ResidentSetSize of job (KB)
...
006 (2497410.110.000) 11/09 16:14:26 Image size of job updated: 1024256
	484  -  MemoryUsage of job (MB)
	495124  -  ResidentSetSize of job (KB)
...
006 (2497410.110.000) 11/09 16:19:27 Image size of job updated: 1024256
	484  -  MemoryUsage of job (MB)
	495320  -  ResidentSetSize of job (KB)
...
006 (2497410.110.000) 11/09 16:24:27 Image size of job updated: 1024256
	484  -  MemoryUsage of job (MB)
	495416  -  ResidentSetSize of job (KB)
...
006 (2497410.110.000) 11/09 16:34:29 Image size of job updated: 1024256
	484  -  MemoryUsage of job (MB)
	495420  -  ResidentSetSize of job (KB)
...
006 (2497410.110.000) 11/09 16:39:29 Image size of job updated: 1024256
	599  -  MemoryUsage of job (MB)
	612756  -  ResidentSetSize of job (KB)
...
005 (2497410.110.000) 11/09 16:42:54 Job terminated.
	(1) Normal termination (return value 0)
		Usr 0 00:08:33, Sys 0 00:00:30  -  Run Remote Usage
		Usr 0 00:00:00, Sys 0 00:00:00  -  Run Local Usage
		Usr 0 00:08:33, Sys 0 00:00:30  -  Total Remote Usage
		Usr 0 00:00:00, Sys 0 00:00:00  -  Total Local Usage
	0  -  Run Bytes Sent By Job
	0  -  Run Bytes Received By Job
	0  -  Total Bytes Sent By Job
	0  -  Total Bytes Received By Job
	Partitionable Resources :    Usage  Request Allocated
	   Cpus                 :                 1         1
	   Disk (KB)            :        1        1   2367119
	   Memory (MB)          :      599        1      4035
...
