000 (2511949.079.000) 11/17 23:24:51 Job submitted from host: <192.168.1.109:9714>
...
001 (2511949.079.000) 11/17 23:30:42 Job executing on host: <192.168.1.54:9618?addrs=192.168.1.54-9618+[--1]-9618&noUDP&sock=2569_034c_3>
...
006 (2511949.079.000) 11/17 23:30:50 Image size of job updated: 24452
	3  -  MemoryUsage of job (MB)
	2668  -  ResidentSetSize of job (KB)
...
006 (2511949.079.000) 11/17 23:31:01 Image size of job updated: 473488
	3  -  MemoryUsage of job (MB)
	2668  -  ResidentSetSize of job (KB)
...
005 (2511949.079.000) 11/17 23:31:01 Job terminated.
	(1) Normal termination (return value 0)
		Usr 0 00:00:13, Sys 0 00:00:00  -  Run Remote Usage
		Usr 0 00:00:00, Sys 0 00:00:00  -  Run Local Usage
		Usr 0 00:00:13, Sys 0 00:00:00  -  Total Remote Usage
		Usr 0 00:00:00, Sys 0 00:00:00  -  Total Local Usage
	0  -  Run Bytes Sent By Job
	0  -  Run Bytes Received By Job
	0  -  Total Bytes Sent By Job
	0  -  Total Bytes Received By Job
	Partitionable Resources :    Usage  Request Allocated
	   Cpus                 :                 1         1
	   Disk (KB)            :        1        1   1563671
	   Memory (MB)          :        3        1         1
...
