000 (2492645.014.000) 11/08 22:48:10 Job submitted from host: <192.168.1.109:9714>
...
001 (2492645.014.000) 11/08 22:48:21 Job executing on host: <192.168.1.49:9578>
...
006 (2492645.014.000) 11/08 22:48:30 Image size of job updated: 346584
	83  -  MemoryUsage of job (MB)
	84700  -  ResidentSetSize of job (KB)
...
005 (2492645.014.000) 11/08 22:48:31 Job terminated.
	(1) Normal termination (return value 0)
		Usr 0 00:00:00, Sys 0 00:00:00  -  Run Remote Usage
		Usr 0 00:00:00, Sys 0 00:00:00  -  Run Local Usage
		Usr 0 00:00:00, Sys 0 00:00:00  -  Total Remote Usage
		Usr 0 00:00:00, Sys 0 00:00:00  -  Total Local Usage
	0  -  Run Bytes Sent By Job
	0  -  Run Bytes Received By Job
	0  -  Total Bytes Sent By Job
	0  -  Total Bytes Received By Job
	Partitionable Resources :    Usage  Request Allocated
	   Cpus                 :                 1         1
	   Disk (KB)            :        1        1  28379576
	   Memory (MB)          :       83        1      4033
...
