000 (2485823.051.000) 11/07 23:48:29 Job submitted from host: <192.168.1.109:9714>
...
001 (2485823.051.000) 11/07 23:48:39 Job executing on host: <192.168.1.66:9620>
...
006 (2485823.051.000) 11/07 23:48:47 Image size of job updated: 346596
	73  -  MemoryUsage of job (MB)
	73888  -  ResidentSetSize of job (KB)
...
006 (2485823.051.000) 11/07 23:53:47 Image size of job updated: 1020108
	508  -  MemoryUsage of job (MB)
	519612  -  ResidentSetSize of job (KB)
...
006 (2485823.051.000) 11/07 23:58:48 Image size of job updated: 1020108
	609  -  MemoryUsage of job (MB)
	622600  -  ResidentSetSize of job (KB)
...
006 (2485823.051.000) 11/08 00:03:49 Image size of job updated: 1020108
	626  -  MemoryUsage of job (MB)
	640320  -  ResidentSetSize of job (KB)
...
006 (2485823.051.000) 11/08 00:08:49 Image size of job updated: 1020108
	626  -  MemoryUsage of job (MB)
	640488  -  ResidentSetSize of job (KB)
...
006 (2485823.051.000) 11/08 00:13:50 Image size of job updated: 1020108
	626  -  MemoryUsage of job (MB)
	640572  -  ResidentSetSize of job (KB)
...
006 (2485823.051.000) 11/08 00:18:51 Image size of job updated: 1020108
	626  -  MemoryUsage of job (MB)
	640612  -  ResidentSetSize of job (KB)
...
005 (2485823.051.000) 11/08 00:19:35 Job terminated.
	(1) Normal termination (return value 0)
		Usr 0 00:18:43, Sys 0 00:00:37  -  Run Remote Usage
		Usr 0 00:00:00, Sys 0 00:00:00  -  Run Local Usage
		Usr 0 00:18:43, Sys 0 00:00:37  -  Total Remote Usage
		Usr 0 00:00:00, Sys 0 00:00:00  -  Total Local Usage
	0  -  Run Bytes Sent By Job
	0  -  Run Bytes Received By Job
	0  -  Total Bytes Sent By Job
	0  -  Total Bytes Received By Job
	Partitionable Resources :    Usage  Request Allocated
	   Cpus                 :                 1         1
	   Disk (KB)            :        1        1  19506752
	   Memory (MB)          :      626        1      4033
...
