000 (2491851.051.000) 11/08 20:36:47 Job submitted from host: <192.168.1.109:9714>
...
001 (2491851.051.000) 11/08 20:37:15 Job executing on host: <192.168.1.66:9620>
...
006 (2491851.051.000) 11/08 20:37:23 Image size of job updated: 352380
	46  -  MemoryUsage of job (MB)
	46752  -  ResidentSetSize of job (KB)
...
006 (2491851.051.000) 11/08 20:42:23 Image size of job updated: 1020104
	495  -  MemoryUsage of job (MB)
	506104  -  ResidentSetSize of job (KB)
...
006 (2491851.051.000) 11/08 21:12:27 Image size of job updated: 1020104
	546  -  MemoryUsage of job (MB)
	558368  -  ResidentSetSize of job (KB)
...
005 (2491851.051.000) 11/08 21:12:36 Job terminated.
	(1) Normal termination (return value 0)
		Usr 0 00:19:16, Sys 0 00:00:45  -  Run Remote Usage
		Usr 0 00:00:00, Sys 0 00:00:00  -  Run Local Usage
		Usr 0 00:19:16, Sys 0 00:00:45  -  Total Remote Usage
		Usr 0 00:00:00, Sys 0 00:00:00  -  Total Local Usage
	0  -  Run Bytes Sent By Job
	0  -  Run Bytes Received By Job
	0  -  Total Bytes Sent By Job
	0  -  Total Bytes Received By Job
	Partitionable Resources :    Usage  Request Allocated
	   Cpus                 :                 1         1
	   Disk (KB)            :        1        1  19563812
	   Memory (MB)          :      546        1      4033
...
