000 (2491133.051.000) 11/08 19:40:19 Job submitted from host: <192.168.1.109:9714>
...
001 (2491133.051.000) 11/08 19:40:53 Job executing on host: <192.168.1.51:9694>
...
006 (2491133.051.000) 11/08 19:41:02 Image size of job updated: 360784
	72  -  MemoryUsage of job (MB)
	72988  -  ResidentSetSize of job (KB)
...
006 (2491133.051.000) 11/08 19:46:03 Image size of job updated: 1020112
	509  -  MemoryUsage of job (MB)
	520952  -  ResidentSetSize of job (KB)
...
006 (2491133.051.000) 11/08 19:51:04 Image size of job updated: 1020112
	510  -  MemoryUsage of job (MB)
	521328  -  ResidentSetSize of job (KB)
...
006 (2491133.051.000) 11/08 19:56:04 Image size of job updated: 1020112
	510  -  MemoryUsage of job (MB)
	521500  -  ResidentSetSize of job (KB)
...
006 (2491133.051.000) 11/08 20:01:05 Image size of job updated: 1235824
	852  -  MemoryUsage of job (MB)
	872268  -  ResidentSetSize of job (KB)
...
005 (2491133.051.000) 11/08 20:01:24 Job terminated.
	(1) Normal termination (return value 0)
		Usr 0 00:09:09, Sys 0 00:00:33  -  Run Remote Usage
		Usr 0 00:00:00, Sys 0 00:00:00  -  Run Local Usage
		Usr 0 00:09:09, Sys 0 00:00:33  -  Total Remote Usage
		Usr 0 00:00:00, Sys 0 00:00:00  -  Total Local Usage
	0  -  Run Bytes Sent By Job
	0  -  Run Bytes Received By Job
	0  -  Total Bytes Sent By Job
	0  -  Total Bytes Received By Job
	Partitionable Resources :    Usage  Request Allocated
	   Cpus                 :                 1         1
	   Disk (KB)            :        1        1  28379341
	   Memory (MB)          :      852        1      4033
...
