000 (2464979.003.000) 11/02 16:50:20 Job submitted from host: <192.168.1.109:9308>
...
001 (2464979.003.000) 11/02 16:50:34 Job executing on host: <192.168.1.51:9491>
...
006 (2464979.003.000) 11/02 16:50:43 Image size of job updated: 15608
	2  -  MemoryUsage of job (MB)
	1408  -  ResidentSetSize of job (KB)
...
006 (2464979.003.000) 11/02 16:54:05 Image size of job updated: 901748
	2  -  MemoryUsage of job (MB)
	1408  -  ResidentSetSize of job (KB)
...
005 (2464979.003.000) 11/02 16:54:05 Job terminated.
	(1) Normal termination (return value 0)
		Usr 0 00:01:15, Sys 0 00:00:05  -  Run Remote Usage
		Usr 0 00:00:00, Sys 0 00:00:00  -  Run Local Usage
		Usr 0 00:01:15, Sys 0 00:00:05  -  Total Remote Usage
		Usr 0 00:00:00, Sys 0 00:00:00  -  Total Local Usage
	0  -  Run Bytes Sent By Job
	0  -  Run Bytes Received By Job
	0  -  Total Bytes Sent By Job
	0  -  Total Bytes Received By Job
	Partitionable Resources :    Usage  Request Allocated
	   Cpus                 :                 1         1
	   Disk (KB)            :        1        1  28380286
	   Memory (MB)          :        2        1      4033
...
