000 (2492234.003.000) 11/08 21:18:48 Job submitted from host: <192.168.1.109:9714>
...
001 (2492234.003.000) 11/08 21:20:10 Job executing on host: <192.168.1.44:9507>
...
006 (2492234.003.000) 11/08 21:20:21 Image size of job updated: 97664
	3  -  MemoryUsage of job (MB)
	2668  -  ResidentSetSize of job (KB)
...
006 (2492234.003.000) 11/08 21:25:21 Image size of job updated: 967824
	469  -  MemoryUsage of job (MB)
	479268  -  ResidentSetSize of job (KB)
...
006 (2492234.003.000) 11/08 21:30:21 Image size of job updated: 967824
	474  -  MemoryUsage of job (MB)
	484400  -  ResidentSetSize of job (KB)
...
006 (2492234.003.000) 11/08 21:35:21 Image size of job updated: 967824
	474  -  MemoryUsage of job (MB)
	484540  -  ResidentSetSize of job (KB)
...
005 (2492234.003.000) 11/08 21:43:26 Job terminated.
	(1) Normal termination (return value 0)
		Usr 0 00:01:56, Sys 0 00:00:10  -  Run Remote Usage
		Usr 0 00:00:00, Sys 0 00:00:00  -  Run Local Usage
		Usr 0 00:01:56, Sys 0 00:00:10  -  Total Remote Usage
		Usr 0 00:00:00, Sys 0 00:00:00  -  Total Local Usage
	0  -  Run Bytes Sent By Job
	0  -  Run Bytes Received By Job
	0  -  Total Bytes Sent By Job
	0  -  Total Bytes Received By Job
	Partitionable Resources :    Usage  Request Allocated
	   Cpus                 :                 1         1
	   Disk (KB)            :        1        1   2369789
	   Memory (MB)          :      474        1      4035
...
