000 (2504798.003.000) 11/15 23:52:37 Job submitted from host: <192.168.1.109:9714>
...
001 (2504798.003.000) 11/15 23:52:43 Job executing on host: <192.168.1.47:9634>
...
006 (2504798.003.000) 11/15 23:52:51 Image size of job updated: 341464
	62  -  MemoryUsage of job (MB)
	62648  -  ResidentSetSize of job (KB)
...
006 (2504798.003.000) 11/15 23:54:47 Image size of job updated: 949368
	62  -  MemoryUsage of job (MB)
	62648  -  ResidentSetSize of job (KB)
...
005 (2504798.003.000) 11/15 23:54:47 Job terminated.
	(1) Normal termination (return value 0)
		Usr 0 00:01:07, Sys 0 00:00:06  -  Run Remote Usage
		Usr 0 00:00:00, Sys 0 00:00:00  -  Run Local Usage
		Usr 0 00:01:07, Sys 0 00:00:06  -  Total Remote Usage
		Usr 0 00:00:00, Sys 0 00:00:00  -  Total Local Usage
	0  -  Run Bytes Sent By Job
	0  -  Run Bytes Received By Job
	0  -  Total Bytes Sent By Job
	0  -  Total Bytes Received By Job
	Partitionable Resources :    Usage  Request Allocated
	   Cpus                 :                 1         1
	   Disk (KB)            :        1        1  28379442
	   Memory (MB)          :       62        1      4033
...
