000 (2485823.000.000) 11/07 23:48:28 Job submitted from host: <192.168.1.109:9714>
...
001 (2485823.000.000) 11/07 23:48:36 Job executing on host: <192.168.1.51:9694>
...
006 (2485823.000.000) 11/07 23:48:44 Image size of job updated: 358768
	59  -  MemoryUsage of job (MB)
	59396  -  ResidentSetSize of job (KB)
...
006 (2485823.000.000) 11/07 23:53:44 Image size of job updated: 994628
	450  -  MemoryUsage of job (MB)
	460736  -  ResidentSetSize of job (KB)
...
006 (2485823.000.000) 11/07 23:58:45 Image size of job updated: 994628
	470  -  MemoryUsage of job (MB)
	480620  -  ResidentSetSize of job (KB)
...
006 (2485823.000.000) 11/08 00:03:45 Image size of job updated: 994628
	470  -  MemoryUsage of job (MB)
	481048  -  ResidentSetSize of job (KB)
...
006 (2485823.000.000) 11/08 00:08:45 Image size of job updated: 994628
	471  -  MemoryUsage of job (MB)
	481548  -  ResidentSetSize of job (KB)
...
006 (2485823.000.000) 11/08 00:13:46 Image size of job updated: 994628
	471  -  MemoryUsage of job (MB)
	481820  -  ResidentSetSize of job (KB)
...
006 (2485823.000.000) 11/08 00:18:47 Image size of job updated: 994628
	471  -  MemoryUsage of job (MB)
	481836  -  ResidentSetSize of job (KB)
...
006 (2485823.000.000) 11/08 00:23:47 Image size of job updated: 994628
	471  -  MemoryUsage of job (MB)
	481864  -  ResidentSetSize of job (KB)
...
006 (2485823.000.000) 11/08 00:28:48 Image size of job updated: 994628
	471  -  MemoryUsage of job (MB)
	481916  -  ResidentSetSize of job (KB)
...
006 (2485823.000.000) 11/08 00:38:49 Image size of job updated: 994628
	471  -  MemoryUsage of job (MB)
	481952  -  ResidentSetSize of job (KB)
...
006 (2485823.000.000) 11/08 00:43:49 Image size of job updated: 994628
	576  -  MemoryUsage of job (MB)
	589600  -  ResidentSetSize of job (KB)
...
006 (2485823.000.000) 11/08 00:48:50 Image size of job updated: 994628
	617  -  MemoryUsage of job (MB)
	631264  -  ResidentSetSize of job (KB)
...
006 (2485823.000.000) 11/08 00:53:50 Image size of job updated: 994628
	617  -  MemoryUsage of job (MB)
	631300  -  ResidentSetSize of job (KB)
...
005 (2485823.000.000) 11/08 00:55:19 Job terminated.
	(1) Normal termination (return value 0)
		Usr 0 00:09:30, Sys 0 00:00:37  -  Run Remote Usage
		Usr 0 00:00:00, Sys 0 00:00:00  -  Run Local Usage
		Usr 0 00:09:30, Sys 0 00:00:37  -  Total Remote Usage
		Usr 0 00:00:00, Sys 0 00:00:00  -  Total Local Usage
	0  -  Run Bytes Sent By Job
	0  -  Run Bytes Received By Job
	0  -  Total Bytes Sent By Job
	0  -  Total Bytes Received By Job
	Partitionable Resources :    Usage  Request Allocated
	   Cpus                 :                 1         1
	   Disk (KB)            :        1        1  28372511
	   Memory (MB)          :      617        1      4033
...
