mkdir: cannot create directory `outFiles/Application_1_2L': File exists
mkdir: cannot create directory `outFiles/Application_1_2L/InputBundle_DY_Input_13_Tree': File exists
SysError in <TFile::WriteBuffer>: error writing to file outFiles/Application_1_2L/InputBundle_DY_Input_13_Tree/BDT1_tree.root (-1) (No space left on device)
Error in <TBranch::TBranch::WriteBasketImpl>: basket's WriteBuffer failed.

Error in <TBranch::TBranch::Fill>: Failed to write out basket.

Error in <TTree::Fill>: Failed filling branch:tree.SingleIsoLeptonTrigAccept2017, nbytes=-1, entry=371970
 This error is symptomatic of a Tree created as a memory-resident Tree
 Instead of doing:
    TTree *T = new TTree(...)
    TFile *f = new TFile(...)
 you should do:
    TFile *f = new TFile(...)
    TTree *T = new TTree(...)


Error in <TBranch::TBranch::WriteBasketImpl>: basket's WriteBuffer failed.

Error in <TBranch::TBranch::Fill>: Failed to write out basket.

Error in <TTree::Fill>: Failed filling branch:tree.SingleIsoEleTrigAccept2017, nbytes=-1, entry=371988
 This error is symptomatic of a Tree created as a memory-resident Tree
 Instead of doing:
    TTree *T = new TTree(...)
    TFile *f = new TFile(...)
 you should do:
    TFile *f = new TFile(...)
    TTree *T = new TTree(...)


Error in <TBranch::TBranch::WriteBasketImpl>: basket's WriteBuffer failed.

Error in <TBranch::TBranch::Fill>: Failed to write out basket.

Error in <TTree::Fill>: Failed filling branch:tree.SingleIsoMuTrigAccept2017, nbytes=-1, entry=371994
 This error is symptomatic of a Tree created as a memory-resident Tree
 Instead of doing:
    TTree *T = new TTree(...)
    TFile *f = new TFile(...)
 you should do:
    TFile *f = new TFile(...)
    TTree *T = new TTree(...)


Error in <TBranch::TBranch::WriteBasketImpl>: basket's WriteBuffer failed.

Error in <TBranch::TBranch::Fill>: Failed to write out basket.

Error in <TTree::Fill>: Failed filling branch:tree.HasTriggerMatch2017, nbytes=-1, entry=372030
 This error is symptomatic of a Tree created as a memory-resident Tree
 Instead of doing:
    TTree *T = new TTree(...)
    TFile *f = new TFile(...)
 you should do:
    TFile *f = new TFile(...)
    TTree *T = new TTree(...)


Error in <TBranch::TBranch::WriteBasketImpl>: basket's WriteBuffer failed.

Error in <TBranch::TBranch::Fill>: Failed to write out basket.

Error in <TTree::Fill>: Failed filling branch:tree.LightLeptonOnZ15, nbytes=-1, entry=372048
 This error is symptomatic of a Tree created as a memory-resident Tree
 Instead of doing:
    TTree *T = new TTree(...)
    TFile *f = new TFile(...)
 you should do:
    TFile *f = new TFile(...)
    TTree *T = new TTree(...)


Error in <TBranch::TBranch::WriteBasketImpl>: basket's WriteBuffer failed.

Error in <TBranch::TBranch::WriteBasketImpl>: basket's WriteBuffer failed.

Error in <TBranch::TBranch::WriteBasketImpl>: basket's WriteBuffer failed.

Error in <TBranch::TBranch::WriteBasketImpl>: basket's WriteBuffer failed.

Error in <TBranch::TBranch::WriteBasketImpl>: basket's WriteBuffer failed.

Error in <TBranch::TBranch::WriteBasketImpl>: basket's WriteBuffer failed.

Error in <TBranch::TBranch::WriteBasketImpl>: basket's WriteBuffer failed.

Error in <TBranch::TBranch::WriteBasketImpl>: basket's WriteBuffer failed.

Error in <TBranch::TBranch::WriteBasketImpl>: basket's WriteBuffer failed.

Error in <TBranch::TBranch::WriteBasketImpl>: basket's WriteBuffer failed.

Error in <TBranch::TBranch::WriteBasketImpl>: basket's WriteBuffer failed.

Error in <TBranch::TBranch::WriteBasketImpl>: basket's WriteBuffer failed.

Error in <TBranch::TBranch::WriteBasketImpl>: basket's WriteBuffer failed.

Error in <TBranch::TBranch::WriteBasketImpl>: basket's WriteBuffer failed.

Error in <TBranch::TBranch::WriteBasketImpl>: basket's WriteBuffer failed.

Error in <TBranch::TBranch::WriteBasketImpl>: basket's WriteBuffer failed.

Error in <TBranch::TBranch::WriteBasketImpl>: basket's WriteBuffer failed.

Error in <TBranch::TBranch::WriteBasketImpl>: basket's WriteBuffer failed.

Error in <TBranch::TBranch::WriteBasketImpl>: basket's Wri