000 (2491133.000.000) 11/08 19:40:18 Job submitted from host: <192.168.1.109:9714>
...
001 (2491133.000.000) 11/08 19:40:56 Job executing on host: <192.168.1.63:9932>
...
006 (2491133.000.000) 11/08 19:41:04 Image size of job updated: 337236
	51  -  MemoryUsage of job (MB)
	51224  -  ResidentSetSize of job (KB)
...
006 (2491133.000.000) 11/08 19:46:04 Image size of job updated: 994624
	482  -  MemoryUsage of job (MB)
	492908  -  ResidentSetSize of job (KB)
...
006 (2491133.000.000) 11/08 19:51:05 Image size of job updated: 994624
	482  -  MemoryUsage of job (MB)
	493240  -  ResidentSetSize of job (KB)
...
006 (2491133.000.000) 11/08 19:56:06 Image size of job updated: 994624
	482  -  MemoryUsage of job (MB)
	493280  -  ResidentSetSize of job (KB)
...
006 (2491133.000.000) 11/08 20:01:06 Image size of job updated: 1171740
	685  -  MemoryUsage of job (MB)
	700512  -  ResidentSetSize of job (KB)
...
005 (2491133.000.000) 11/08 20:04:01 Job terminated.
	(1) Normal termination (return value 0)
		Usr 0 00:13:36, Sys 0 00:00:37  -  Run Remote Usage
		Usr 0 00:00:00, Sys 0 00:00:00  -  Run Local Usage
		Usr 0 00:13:36, Sys 0 00:00:37  -  Total Remote Usage
		Usr 0 00:00:00, Sys 0 00:00:00  -  Total Local Usage
	0  -  Run Bytes Sent By Job
	0  -  Run Bytes Received By Job
	0  -  Total Bytes Sent By Job
	0  -  Total Bytes Received By Job
	Partitionable Resources :    Usage  Request Allocated
	   Cpus                 :                 1         1
	   Disk (KB)            :        1        1  19565812
	   Memory (MB)          :      685        1      4033
...
