000 (2491851.000.000) 11/08 20:36:46 Job submitted from host: <192.168.1.109:9714>
...
001 (2491851.000.000) 11/08 20:37:12 Job executing on host: <192.168.1.44:9507>
...
006 (2491851.000.000) 11/08 20:37:20 Image size of job updated: 360788
	58  -  MemoryUsage of job (MB)
	58844  -  ResidentSetSize of job (KB)
...
006 (2491851.000.000) 11/08 20:42:20 Image size of job updated: 994632
	454  -  MemoryUsage of job (MB)
	464076  -  ResidentSetSize of job (KB)
...
006 (2491851.000.000) 11/08 21:07:22 Image size of job updated: 994632
	524  -  MemoryUsage of job (MB)
	536384  -  ResidentSetSize of job (KB)
...
005 (2491851.000.000) 11/08 21:10:45 Job terminated.
	(1) Normal termination (return value 0)
		Usr 0 00:10:24, Sys 0 00:00:38  -  Run Remote Usage
		Usr 0 00:00:00, Sys 0 00:00:00  -  Run Local Usage
		Usr 0 00:10:24, Sys 0 00:00:38  -  Total Remote Usage
		Usr 0 00:00:00, Sys 0 00:00:00  -  Total Local Usage
	0  -  Run Bytes Sent By Job
	0  -  Run Bytes Received By Job
	0  -  Total Bytes Sent By Job
	0  -  Total Bytes Received By Job
	Partitionable Resources :    Usage  Request Allocated
	   Cpus                 :                 1         1
	   Disk (KB)            :        1        1   2370197
	   Memory (MB)          :      524        1      4035
...
