000 (2497410.000.000) 11/09 15:33:46 Job submitted from host: <192.168.1.109:9714>
...
001 (2497410.000.000) 11/09 15:34:08 Job executing on host: <192.168.1.64:9697>
...
006 (2497410.000.000) 11/09 15:34:16 Image size of job updated: 359432
	68  -  MemoryUsage of job (MB)
	69308  -  ResidentSetSize of job (KB)
...
006 (2497410.000.000) 11/09 15:39:16 Image size of job updated: 1067724
	514  -  MemoryUsage of job (MB)
	525932  -  ResidentSetSize of job (KB)
...
006 (2497410.000.000) 11/09 15:44:16 Image size of job updated: 1067724
	518  -  MemoryUsage of job (MB)
	529880  -  ResidentSetSize of job (KB)
...
006 (2497410.000.000) 11/09 15:49:17 Image size of job updated: 1067724
	518  -  MemoryUsage of job (MB)
	530144  -  ResidentSetSize of job (KB)
...
006 (2497410.000.000) 11/09 15:54:17 Image size of job updated: 1067724
	518  -  MemoryUsage of job (MB)
	530200  -  ResidentSetSize of job (KB)
...
006 (2497410.000.000) 11/09 15:59:17 Image size of job updated: 1067724
	565  -  MemoryUsage of job (MB)
	578432  -  ResidentSetSize of job (KB)
...
006 (2497410.000.000) 11/09 16:04:18 Image size of job updated: 1067724
	648  -  MemoryUsage of job (MB)
	663060  -  ResidentSetSize of job (KB)
...
005 (2497410.000.000) 11/09 16:08:38 Job terminated.
	(1) Normal termination (return value 0)
		Usr 0 00:16:59, Sys 0 00:00:36  -  Run Remote Usage
		Usr 0 00:00:00, Sys 0 00:00:00  -  Run Local Usage
		Usr 0 00:16:59, Sys 0 00:00:36  -  Total Remote Usage
		Usr 0 00:00:00, Sys 0 00:00:00  -  Total Local Usage
	0  -  Run Bytes Sent By Job
	0  -  Run Bytes Received By Job
	0  -  Total Bytes Sent By Job
	0  -  Total Bytes Received By Job
	Partitionable Resources :    Usage  Request Allocated
	   Cpus                 :                 1         1
	   Disk (KB)            :        1        1  19563784
	   Memory (MB)          :      648        1      4033
...
