000 (2492936.030.000) 11/08 23:53:18 Job submitted from host: <192.168.1.109:9714>
...
001 (2492936.030.000) 11/08 23:53:33 Job executing on host: <192.168.1.43:9998>
...
006 (2492936.030.000) 11/08 23:53:42 Image size of job updated: 173376
	3  -  MemoryUsage of job (MB)
	2620  -  ResidentSetSize of job (KB)
...
006 (2492936.030.000) 11/08 23:54:06 Image size of job updated: 483608
	3  -  MemoryUsage of job (MB)
	2620  -  ResidentSetSize of job (KB)
...
005 (2492936.030.000) 11/08 23:54:07 Job terminated.
	(1) Normal termination (return value 0)
		Usr 0 00:00:08, Sys 0 00:00:01  -  Run Remote Usage
		Usr 0 00:00:00, Sys 0 00:00:00  -  Run Local Usage
		Usr 0 00:00:08, Sys 0 00:00:01  -  Total Remote Usage
		Usr 0 00:00:00, Sys 0 00:00:00  -  Total Local Usage
	0  -  Run Bytes Sent By Job
	0  -  Run Bytes Received By Job
	0  -  Total Bytes Sent By Job
	0  -  Total Bytes Received By Job
	Partitionable Resources :    Usage  Request Allocated
	   Cpus                 :                 1         1
	   Disk (KB)            :        1        1   2371360
	   Memory (MB)          :        3        1      4035
...
