000 (2482115.046.000) 11/07 14:47:35 Job submitted from host: <192.168.1.109:9714>
...
001 (2482115.046.000) 11/07 14:47:43 Job executing on host: <192.168.1.50:9434>
...
006 (2482115.046.000) 11/07 14:47:51 Image size of job updated: 319472
	22  -  MemoryUsage of job (MB)
	21664  -  ResidentSetSize of job (KB)
...
006 (2482115.046.000) 11/07 14:48:21 Image size of job updated: 491112
	22  -  MemoryUsage of job (MB)
	21664  -  ResidentSetSize of job (KB)
...
005 (2482115.046.000) 11/07 14:48:21 Job terminated.
	(1) Normal termination (return value 0)
		Usr 0 00:00:10, Sys 0 00:00:03  -  Run Remote Usage
		Usr 0 00:00:00, Sys 0 00:00:00  -  Run Local Usage
		Usr 0 00:00:10, Sys 0 00:00:03  -  Total Remote Usage
		Usr 0 00:00:00, Sys 0 00:00:00  -  Total Local Usage
	0  -  Run Bytes Sent By Job
	0  -  Run Bytes Received By Job
	0  -  Total Bytes Sent By Job
	0  -  Total Bytes Received By Job
	Partitionable Resources :    Usage  Request Allocated
	   Cpus                 :                 1         1
	   Disk (KB)            :        1        1  28379916
	   Memory (MB)          :       22        1      4033
...
