000 (2492274.046.000) 11/08 21:21:59 Job submitted from host: <192.168.1.109:9714>
...
001 (2492274.046.000) 11/08 21:22:37 Job executing on host: <192.168.1.51:9694>
...
006 (2492274.046.000) 11/08 21:22:45 Image size of job updated: 63288
	3  -  MemoryUsage of job (MB)
	2672  -  ResidentSetSize of job (KB)
...
006 (2492274.046.000) 11/08 21:27:45 Image size of job updated: 969112
	383  -  MemoryUsage of job (MB)
	392060  -  ResidentSetSize of job (KB)
...
006 (2492274.046.000) 11/08 21:32:46 Image size of job updated: 1070492
	524  -  MemoryUsage of job (MB)
	536156  -  ResidentSetSize of job (KB)
...
006 (2492274.046.000) 11/08 21:37:46 Image size of job updated: 1070492
	527  -  MemoryUsage of job (MB)
	538852  -  ResidentSetSize of job (KB)
...
006 (2492274.046.000) 11/08 21:42:47 Image size of job updated: 1070492
	527  -  MemoryUsage of job (MB)
	539260  -  ResidentSetSize of job (KB)
...
006 (2492274.046.000) 11/08 21:47:48 Image size of job updated: 1070492
	527  -  MemoryUsage of job (MB)
	539524  -  ResidentSetSize of job (KB)
...
006 (2492274.046.000) 11/08 21:52:48 Image size of job updated: 1070492
	527  -  MemoryUsage of job (MB)
	539536  -  ResidentSetSize of job (KB)
...
006 (2492274.046.000) 11/08 21:57:49 Image size of job updated: 1070492
	527  -  MemoryUsage of job (MB)
	539540  -  ResidentSetSize of job (KB)
...
006 (2492274.046.000) 11/08 22:02:50 Image size of job updated: 1070492
	527  -  MemoryUsage of job (MB)
	539548  -  ResidentSetSize of job (KB)
...
006 (2492274.046.000) 11/08 22:07:50 Image size of job updated: 1070492
	527  -  MemoryUsage of job (MB)
	539564  -  ResidentSetSize of job (KB)
...
006 (2492274.046.000) 11/08 22:12:51 Image size of job updated: 1070492
	527  -  MemoryUsage of job (MB)
	539576  -  ResidentSetSize of job (KB)
...
006 (2492274.046.000) 11/08 22:17:51 Image size of job updated: 1070492
	527  -  MemoryUsage of job (MB)
	539600  -  ResidentSetSize of job (KB)
...
006 (2492274.046.000) 11/08 22:22:51 Image size of job updated: 1070492
	528  -  MemoryUsage of job (MB)
	539704  -  ResidentSetSize of job (KB)
...
006 (2492274.046.000) 11/08 22:27:52 Image size of job updated: 1070492
	528  -  MemoryUsage of job (MB)
	539804  -  ResidentSetSize of job (KB)
...
006 (2492274.046.000) 11/08 22:32:52 Image size of job updated: 1070492
	528  -  MemoryUsage of job (MB)
	539820  -  ResidentSetSize of job (KB)
...
005 (2492274.046.000) 11/08 22:33:52 Job terminated.
	(1) Normal termination (return value 0)
		Usr 0 00:14:49, Sys 0 00:00:57  -  Run Remote Usage
		Usr 0 00:00:00, Sys 0 00:00:00  -  Run Local Usage
		Usr 0 00:14:49, Sys 0 00:00:57  -  Total Remote Usage
		Usr 0 00:00:00, Sys 0 00:00:00  -  Total Local Usage
	0  -  Run Bytes Sent By Job
	0  -  Run Bytes Received By Job
	0  -  Total Bytes Sent By Job
	0  -  Total Bytes Received By Job
	Partitionable Resources :    Usage  Request Allocated
	   Cpus                 :                 1         1
	   Disk (KB)            :        1        1  28379007
	   Memory (MB)          :      528        1      4033
...
