000 (2492274.059.000) 11/08 21:22:00 Job submitted from host: <192.168.1.109:9714>
...
001 (2492274.059.000) 11/08 21:22:37 Job executing on host: <192.168.1.42:9515>
...
006 (2492274.059.000) 11/08 21:22:55 Image size of job updated: 97660
	3  -  MemoryUsage of job (MB)
	2536  -  ResidentSetSize of job (KB)
...
006 (2492274.059.000) 11/08 21:27:56 Image size of job updated: 1070248
	520  -  MemoryUsage of job (MB)
	532400  -  ResidentSetSize of job (KB)
...
006 (2492274.059.000) 11/08 21:32:56 Image size of job updated: 1070248
	521  -  MemoryUsage of job (MB)
	533124  -  ResidentSetSize of job (KB)
...
006 (2492274.059.000) 11/08 21:37:57 Image size of job updated: 1070248
	521  -  MemoryUsage of job (MB)
	533180  -  ResidentSetSize of job (KB)
...
006 (2492274.059.000) 11/08 21:42:58 Image size of job updated: 1070248
	521  -  MemoryUsage of job (MB)
	533200  -  ResidentSetSize of job (KB)
...
006 (2492274.059.000) 11/08 21:47:58 Image size of job updated: 1070248
	521  -  MemoryUsage of job (MB)
	533332  -  ResidentSetSize of job (KB)
...
005 (2492274.059.000) 11/08 21:51:31 Job terminated.
	(1) Normal termination (return value 0)
		Usr 0 00:03:45, Sys 0 00:00:14  -  Run Remote Usage
		Usr 0 00:00:00, Sys 0 00:00:00  -  Run Local Usage
		Usr 0 00:03:45, Sys 0 00:00:14  -  Total Remote Usage
		Usr 0 00:00:00, Sys 0 00:00:00  -  Total Local Usage
	0  -  Run Bytes Sent By Job
	0  -  Run Bytes Received By Job
	0  -  Total Bytes Sent By Job
	0  -  Total Bytes Received By Job
	Partitionable Resources :    Usage  Request Allocated
	   Cpus                 :                 1         1
	   Disk (KB)            :        1        1   2370616
	   Memory (MB)          :      521        1      4035
...
