000 (2493183.071.000) 11/09 00:44:14 Job submitted from host: <192.168.1.109:9714>
...
001 (2493183.071.000) 11/09 00:44:24 Job executing on host: <192.168.1.68:9996>
...
006 (2493183.071.000) 11/09 00:44:33 Image size of job updated: 31216
	2  -  MemoryUsage of job (MB)
	1680  -  ResidentSetSize of job (KB)
...
006 (2493183.071.000) 11/09 00:49:34 Image size of job updated: 1057428
	506  -  MemoryUsage of job (MB)
	517812  -  ResidentSetSize of job (KB)
...
006 (2493183.071.000) 11/09 00:54:34 Image size of job updated: 1057428
	506  -  MemoryUsage of job (MB)
	518052  -  ResidentSetSize of job (KB)
...
005 (2493183.071.000) 11/09 00:59:22 Job terminated.
	(1) Normal termination (return value 0)
		Usr 0 00:06:20, Sys 0 00:00:16  -  Run Remote Usage
		Usr 0 00:00:00, Sys 0 00:00:00  -  Run Local Usage
		Usr 0 00:06:20, Sys 0 00:00:16  -  Total Remote Usage
		Usr 0 00:00:00, Sys 0 00:00:00  -  Total Local Usage
	0  -  Run Bytes Sent By Job
	0  -  Run Bytes Received By Job
	0  -  Total Bytes Sent By Job
	0  -  Total Bytes Received By Job
	Partitionable Resources :    Usage  Request Allocated
	   Cpus                 :                 1         1
	   Disk (KB)            :        1        1  20251274
	   Memory (MB)          :      506        1      4038
...
