000 (2464980.034.000) 11/02 16:52:03 Job submitted from host: <192.168.1.109:9308>
...
001 (2464980.034.000) 11/02 16:52:25 Job executing on host: <192.168.1.45:9147>
...
006 (2464980.034.000) 11/02 16:52:34 Image size of job updated: 359160
	59  -  MemoryUsage of job (MB)
	59720  -  ResidentSetSize of job (KB)
...
005 (2464980.034.000) 11/02 16:52:44 Job terminated.
	(1) Normal termination (return value 0)
		Usr 0 00:00:07, Sys 0 00:00:00  -  Run Remote Usage
		Usr 0 00:00:00, Sys 0 00:00:00  -  Run Local Usage
		Usr 0 00:00:07, Sys 0 00:00:00  -  Total Remote Usage
		Usr 0 00:00:00, Sys 0 00:00:00  -  Total Local Usage
	0  -  Run Bytes Sent By Job
	0  -  Run Bytes Received By Job
	0  -  Total Bytes Sent By Job
	0  -  Total Bytes Received By Job
	Partitionable Resources :    Usage  Request Allocated
	   Cpus                 :                 1         1
	   Disk (KB)            :        1        1   2370681
	   Memory (MB)          :       59        1      4035
...
