000 (2492274.022.000) 11/08 21:21:59 Job submitted from host: <192.168.1.109:9714>
...
001 (2492274.022.000) 11/08 21:22:23 Job executing on host: <192.168.1.68:9996>
...
006 (2492274.022.000) 11/08 21:22:31 Image size of job updated: 436784
	99  -  MemoryUsage of job (MB)
	100984  -  ResidentSetSize of job (KB)
...
006 (2492274.022.000) 11/08 21:27:31 Image size of job updated: 973996
	408  -  MemoryUsage of job (MB)
	417060  -  ResidentSetSize of job (KB)
...
006 (2492274.022.000) 11/08 21:32:32 Image size of job updated: 973996
	410  -  MemoryUsage of job (MB)
	418896  -  ResidentSetSize of job (KB)
...
006 (2492274.022.000) 11/08 21:37:32 Image size of job updated: 973996
	410  -  MemoryUsage of job (MB)
	419724  -  ResidentSetSize of job (KB)
...
006 (2492274.022.000) 11/08 21:42:33 Image size of job updated: 973996
	549  -  MemoryUsage of job (MB)
	561664  -  ResidentSetSize of job (KB)
...
005 (2492274.022.000) 11/08 21:47:21 Job terminated.
	(1) Normal termination (return value 0)
		Usr 0 00:09:18, Sys 0 00:00:25  -  Run Remote Usage
		Usr 0 00:00:00, Sys 0 00:00:00  -  Run Local Usage
		Usr 0 00:09:18, Sys 0 00:00:25  -  Total Remote Usage
		Usr 0 00:00:00, Sys 0 00:00:00  -  Total Local Usage
	0  -  Run Bytes Sent By Job
	0  -  Run Bytes Received By Job
	0  -  Total Bytes Sent By Job
	0  -  Total Bytes Received By Job
	Partitionable Resources :    Usage  Request Allocated
	   Cpus                 :                 1         1
	   Disk (KB)            :        1        1  20251318
	   Memory (MB)          :      549        1      4038
...
