000 (2492235.034.000) 11/08 21:19:19 Job submitted from host: <192.168.1.109:9714>
...
001 (2492235.034.000) 11/08 21:20:11 Job executing on host: <192.168.1.44:9507>
...
006 (2492235.034.000) 11/08 21:20:21 Image size of job updated: 97660
	3  -  MemoryUsage of job (MB)
	2624  -  ResidentSetSize of job (KB)
...
006 (2492235.034.000) 11/08 21:25:21 Image size of job updated: 973992
	451  -  MemoryUsage of job (MB)
	460828  -  ResidentSetSize of job (KB)
...
006 (2492235.034.000) 11/08 21:30:21 Image size of job updated: 973992
	452  -  MemoryUsage of job (MB)
	462616  -  ResidentSetSize of job (KB)
...
006 (2492235.034.000) 11/08 21:35:21 Image size of job updated: 973992
	453  -  MemoryUsage of job (MB)
	463272  -  ResidentSetSize of job (KB)
...
006 (2492235.034.000) 11/08 21:40:22 Image size of job updated: 973992
	454  -  MemoryUsage of job (MB)
	463944  -  ResidentSetSize of job (KB)
...
006 (2492235.034.000) 11/08 21:45:23 Image size of job updated: 973992
	455  -  MemoryUsage of job (MB)
	464928  -  ResidentSetSize of job (KB)
...
006 (2492235.034.000) 11/08 21:50:23 Image size of job updated: 973992
	455  -  MemoryUsage of job (MB)
	465584  -  ResidentSetSize of job (KB)
...
006 (2492235.034.000) 11/08 21:55:24 Image size of job updated: 973992
	455  -  MemoryUsage of job (MB)
	465588  -  ResidentSetSize of job (KB)
...
006 (2492235.034.000) 11/08 22:00:25 Image size of job updated: 973992
	455  -  MemoryUsage of job (MB)
	465592  -  ResidentSetSize of job (KB)
...
006 (2492235.034.000) 11/08 22:05:25 Image size of job updated: 973992
	455  -  MemoryUsage of job (MB)
	465908  -  ResidentSetSize of job (KB)
...
006 (2492235.034.000) 11/08 22:10:26 Image size of job updated: 973992
	456  -  MemoryUsage of job (MB)
	465964  -  ResidentSetSize of job (KB)
...
005 (2492235.034.000) 11/08 22:14:40 Job terminated.
	(1) Normal termination (return value 0)
		Usr 0 00:05:56, Sys 0 00:00:25  -  Run Remote Usage
		Usr 0 00:00:00, Sys 0 00:00:00  -  Run Local Usage
		Usr 0 00:05:56, Sys 0 00:00:25  -  Total Remote Usage
		Usr 0 00:00:00, Sys 0 00:00:00  -  Total Local Usage
	0  -  Run Bytes Sent By Job
	0  -  Run Bytes Received By Job
	0  -  Total Bytes Sent By Job
	0  -  Total Bytes Received By Job
	Partitionable Resources :    Usage  Request Allocated
	   Cpus                 :                 1         1
	   Disk (KB)            :        1        1   2369792
	   Memory (MB)          :      456        1      4035
...
