000 (2493183.034.000) 11/09 00:44:13 Job submitted from host: <192.168.1.109:9714>
...
001 (2493183.034.000) 11/09 00:44:24 Job executing on host: <192.168.1.44:9507>
...
006 (2493183.034.000) 11/09 00:44:34 Image size of job updated: 441652
	126  -  MemoryUsage of job (MB)
	128776  -  ResidentSetSize of job (KB)
...
006 (2493183.034.000) 11/09 00:49:35 Image size of job updated: 1058412
	502  -  MemoryUsage of job (MB)
	513960  -  ResidentSetSize of job (KB)
...
006 (2493183.034.000) 11/09 00:54:36 Image size of job updated: 1058412
	503  -  MemoryUsage of job (MB)
	514336  -  ResidentSetSize of job (KB)
...
005 (2493183.034.000) 11/09 00:55:49 Job terminated.
	(1) Normal termination (return value 0)
		Usr 0 00:03:24, Sys 0 00:00:13  -  Run Remote Usage
		Usr 0 00:00:00, Sys 0 00:00:00  -  Run Local Usage
		Usr 0 00:03:24, Sys 0 00:00:13  -  Total Remote Usage
		Usr 0 00:00:00, Sys 0 00:00:00  -  Total Local Usage
	0  -  Run Bytes Sent By Job
	0  -  Run Bytes Received By Job
	0  -  Total Bytes Sent By Job
	0  -  Total Bytes Received By Job
	Partitionable Resources :    Usage  Request Allocated
	   Cpus                 :                 1         1
	   Disk (KB)            :        1        1   2370608
	   Memory (MB)          :      503        1      4035
...
