000 (2492274.006.000) 11/08 21:21:58 Job submitted from host: <192.168.1.109:9714>
...
001 (2492274.006.000) 11/08 21:22:26 Job executing on host: <192.168.1.67:9583>
...
006 (2492274.006.000) 11/08 21:22:35 Image size of job updated: 433496
	87  -  MemoryUsage of job (MB)
	88368  -  ResidentSetSize of job (KB)
...
006 (2492274.006.000) 11/08 21:27:37 Image size of job updated: 972904
	444  -  MemoryUsage of job (MB)
	453824  -  ResidentSetSize of job (KB)
...
006 (2492274.006.000) 11/08 21:32:37 Image size of job updated: 972904
	447  -  MemoryUsage of job (MB)
	456956  -  ResidentSetSize of job (KB)
...
006 (2492274.006.000) 11/08 21:37:37 Image size of job updated: 972904
	448  -  MemoryUsage of job (MB)
	457744  -  ResidentSetSize of job (KB)
...
006 (2492274.006.000) 11/08 21:42:38 Image size of job updated: 972904
	448  -  MemoryUsage of job (MB)
	457772  -  ResidentSetSize of job (KB)
...
006 (2492274.006.000) 11/08 21:47:38 Image size of job updated: 972904
	500  -  MemoryUsage of job (MB)
	511856  -  ResidentSetSize of job (KB)
...
005 (2492274.006.000) 11/08 21:51:11 Job terminated.
	(1) Normal termination (return value 0)
		Usr 0 00:10:15, Sys 0 00:00:25  -  Run Remote Usage
		Usr 0 00:00:00, Sys 0 00:00:00  -  Run Local Usage
		Usr 0 00:10:15, Sys 0 00:00:25  -  Total Remote Usage
		Usr 0 00:00:00, Sys 0 00:00:00  -  Total Local Usage
	0  -  Run Bytes Sent By Job
	0  -  Run Bytes Received By Job
	0  -  Total Bytes Sent By Job
	0  -  Total Bytes Received By Job
	Partitionable Resources :    Usage  Request Allocated
	   Cpus                 :                 1         1
	   Disk (KB)            :        1        1  19563105
	   Memory (MB)          :      500        1      4033
...
