000 (2492235.018.000) 11/08 21:19:19 Job submitted from host: <192.168.1.109:9714>
...
001 (2492235.018.000) 11/08 21:19:33 Job executing on host: <192.168.1.64:9697>
...
006 (2492235.018.000) 11/08 21:19:42 Image size of job updated: 97472
	2  -  MemoryUsage of job (MB)
	1344  -  ResidentSetSize of job (KB)
...
006 (2492235.018.000) 11/08 21:24:43 Image size of job updated: 972904
	455  -  MemoryUsage of job (MB)
	465904  -  ResidentSetSize of job (KB)
...
006 (2492235.018.000) 11/08 21:29:43 Image size of job updated: 972904
	458  -  MemoryUsage of job (MB)
	468044  -  ResidentSetSize of job (KB)
...
006 (2492235.018.000) 11/08 21:34:44 Image size of job updated: 972904
	459  -  MemoryUsage of job (MB)
	469364  -  ResidentSetSize of job (KB)
...
006 (2492235.018.000) 11/08 21:39:45 Image size of job updated: 972904
	459  -  MemoryUsage of job (MB)
	469856  -  ResidentSetSize of job (KB)
...
006 (2492235.018.000) 11/08 21:44:45 Image size of job updated: 972904
	555  -  MemoryUsage of job (MB)
	568248  -  ResidentSetSize of job (KB)
...
006 (2492235.018.000) 11/08 21:49:45 Image size of job updated: 972904
	615  -  MemoryUsage of job (MB)
	629252  -  ResidentSetSize of job (KB)
...
005 (2492235.018.000) 11/08 21:51:19 Job terminated.
	(1) Normal termination (return value 0)
		Usr 0 00:10:40, Sys 0 00:00:27  -  Run Remote Usage
		Usr 0 00:00:00, Sys 0 00:00:00  -  Run Local Usage
		Usr 0 00:10:40, Sys 0 00:00:27  -  Total Remote Usage
		Usr 0 00:00:00, Sys 0 00:00:00  -  Total Local Usage
	0  -  Run Bytes Sent By Job
	0  -  Run Bytes Received By Job
	0  -  Total Bytes Sent By Job
	0  -  Total Bytes Received By Job
	Partitionable Resources :    Usage  Request Allocated
	   Cpus                 :                 1         1
	   Disk (KB)            :        1        1  19563648
	   Memory (MB)          :      615        1      4033
...
