000 (2493183.018.000) 11/09 00:44:13 Job submitted from host: <192.168.1.109:9714>
...
001 (2493183.018.000) 11/09 00:44:21 Job executing on host: <192.168.1.64:9697>
...
006 (2493183.018.000) 11/09 00:44:30 Image size of job updated: 339776
	44  -  MemoryUsage of job (MB)
	44600  -  ResidentSetSize of job (KB)
...
006 (2493183.018.000) 11/09 00:49:31 Image size of job updated: 1052332
	604  -  MemoryUsage of job (MB)
	618464  -  ResidentSetSize of job (KB)
...
006 (2493183.018.000) 11/09 00:54:31 Image size of job updated: 1052332
	606  -  MemoryUsage of job (MB)
	620132  -  ResidentSetSize of job (KB)
...
006 (2493183.018.000) 11/09 00:59:31 Image size of job updated: 1052332
	606  -  MemoryUsage of job (MB)
	620164  -  ResidentSetSize of job (KB)
...
006 (2493183.018.000) 11/09 01:04:32 Image size of job updated: 1052332
	606  -  MemoryUsage of job (MB)
	620192  -  ResidentSetSize of job (KB)
...
005 (2493183.018.000) 11/09 01:06:07 Job terminated.
	(1) Normal termination (return value 0)
		Usr 0 00:06:28, Sys 0 00:00:21  -  Run Remote Usage
		Usr 0 00:00:00, Sys 0 00:00:00  -  Run Local Usage
		Usr 0 00:06:28, Sys 0 00:00:21  -  Total Remote Usage
		Usr 0 00:00:00, Sys 0 00:00:00  -  Total Local Usage
	0  -  Run Bytes Sent By Job
	0  -  Run Bytes Received By Job
	0  -  Total Bytes Sent By Job
	0  -  Total Bytes Received By Job
	Partitionable Resources :    Usage  Request Allocated
	   Cpus                 :                 1         1
	   Disk (KB)            :        1        1  19564529
	   Memory (MB)          :      606        1      4033
...
