000 (2497151.006.000) 11/09 14:58:11 Job submitted from host: <192.168.1.109:9714>
...
001 (2497151.006.000) 11/09 14:58:16 Job executing on host: <192.168.1.46:9845>
...
006 (2497151.006.000) 11/09 14:58:25 Image size of job updated: 440052
	118  -  MemoryUsage of job (MB)
	120672  -  ResidentSetSize of job (KB)
...
005 (2497151.006.000) 11/09 14:58:32 Job terminated.
	(1) Normal termination (return value 0)
		Usr 0 00:00:02, Sys 0 00:00:00  -  Run Remote Usage
		Usr 0 00:00:00, Sys 0 00:00:00  -  Run Local Usage
		Usr 0 00:00:02, Sys 0 00:00:00  -  Total Remote Usage
		Usr 0 00:00:00, Sys 0 00:00:00  -  Total Local Usage
	0  -  Run Bytes Sent By Job
	0  -  Run Bytes Received By Job
	0  -  Total Bytes Sent By Job
	0  -  Total Bytes Received By Job
	Partitionable Resources :    Usage  Request Allocated
	   Cpus                 :                 1         1
	   Disk (KB)            :        1        1   2371568
	   Memory (MB)          :      118        1      4035
...
