000 (2485756.102.000) 11/07 21:19:45 Job submitted from host: <192.168.1.109:9714>
...
001 (2485756.102.000) 11/07 21:23:29 Job executing on host: <192.168.1.43:9998>
...
006 (2485756.102.000) 11/07 21:23:38 Image size of job updated: 182708
	2  -  MemoryUsage of job (MB)
	1836  -  ResidentSetSize of job (KB)
...
006 (2485756.102.000) 11/07 21:26:03 Image size of job updated: 888160
	2  -  MemoryUsage of job (MB)
	1836  -  ResidentSetSize of job (KB)
...
005 (2485756.102.000) 11/07 21:26:03 Job terminated.
	(1) Normal termination (return value 0)
		Usr 0 00:02:03, Sys 0 00:00:10  -  Run Remote Usage
		Usr 0 00:00:00, Sys 0 00:00:00  -  Run Local Usage
		Usr 0 00:02:03, Sys 0 00:00:10  -  Total Remote Usage
		Usr 0 00:00:00, Sys 0 00:00:00  -  Total Local Usage
	0  -  Run Bytes Sent By Job
	0  -  Run Bytes Received By Job
	0  -  Total Bytes Sent By Job
	0  -  Total Bytes Received By Job
	Partitionable Resources :    Usage  Request Allocated
	   Cpus                 :                 1         1
	   Disk (KB)            :        1        1   2365941
	   Memory (MB)          :        2        1      4035
...
