000 (2485819.015.000) 11/07 22:35:28 Job submitted from host: <192.168.1.109:9714>
...
001 (2485819.015.000) 11/07 22:35:36 Job executing on host: <192.168.1.67:9583>
...
006 (2485819.015.000) 11/07 22:35:44 Image size of job updated: 1
	3  -  MemoryUsage of job (MB)
	2100  -  ResidentSetSize of job (KB)
...
006 (2485819.015.000) 11/07 22:40:44 Image size of job updated: 982420
	473  -  MemoryUsage of job (MB)
	483792  -  ResidentSetSize of job (KB)
...
006 (2485819.015.000) 11/07 22:45:44 Image size of job updated: 982420
	473  -  MemoryUsage of job (MB)
	483964  -  ResidentSetSize of job (KB)
...
006 (2485819.015.000) 11/07 22:50:45 Image size of job updated: 982420
	473  -  MemoryUsage of job (MB)
	484016  -  ResidentSetSize of job (KB)
...
006 (2485819.015.000) 11/07 22:55:45 Image size of job updated: 982420
	473  -  MemoryUsage of job (MB)
	484052  -  ResidentSetSize of job (KB)
...
006 (2485819.015.000) 11/07 23:00:45 Image size of job updated: 982420
	473  -  MemoryUsage of job (MB)
	484140  -  ResidentSetSize of job (KB)
...
006 (2485819.015.000) 11/07 23:05:46 Image size of job updated: 982420
	473  -  MemoryUsage of job (MB)
	484248  -  ResidentSetSize of job (KB)
...
006 (2485819.015.000) 11/07 23:10:46 Image size of job updated: 982420
	473  -  MemoryUsage of job (MB)
	484304  -  ResidentSetSize of job (KB)
...
006 (2485819.015.000) 11/07 23:15:46 Image size of job updated: 982420
	585  -  MemoryUsage of job (MB)
	598848  -  ResidentSetSize of job (KB)
...
006 (2485819.015.000) 11/07 23:20:47 Image size of job updated: 982420
	659  -  MemoryUsage of job (MB)
	674688  -  ResidentSetSize of job (KB)
...
005 (2485819.015.000) 11/07 23:35:21 Job terminated.
	(1) Normal termination (return value 0)
		Usr 0 00:55:42, Sys 0 00:02:18  -  Run Remote Usage
		Usr 0 00:00:00, Sys 0 00:00:00  -  Run Local Usage
		Usr 0 00:55:42, Sys 0 00:02:18  -  Total Remote Usage
		Usr 0 00:00:00, Sys 0 00:00:00  -  Total Local Usage
	0  -  Run Bytes Sent By Job
	0  -  Run Bytes Received By Job
	0  -  Total Bytes Sent By Job
	0  -  Total Bytes Received By Job
	Partitionable Resources :    Usage  Request Allocated
	   Cpus                 :                 1         1
	   Disk (KB)            :        1        1  19558779
	   Memory (MB)          :      659        1      4033
...
