000 (2511949.100.000) 11/17 23:24:51 Job submitted from host: <192.168.1.109:9714>
...
001 (2511949.100.000) 11/17 23:31:04 Job executing on host: <192.168.1.61:9618?addrs=192.168.1.61-9618+[--1]-9618&noUDP&sock=2538_1044_3>
...
006 (2511949.100.000) 11/17 23:31:12 Image size of job updated: 339556
	65  -  MemoryUsage of job (MB)
	66140  -  ResidentSetSize of job (KB)
...
006 (2511949.100.000) 11/17 23:36:12 Image size of job updated: 916956
	368  -  MemoryUsage of job (MB)
	375832  -  ResidentSetSize of job (KB)
...
005 (2511949.100.000) 11/17 23:37:59 Job terminated.
	(1) Normal termination (return value 0)
		Usr 0 00:05:52, Sys 0 00:00:27  -  Run Remote Usage
		Usr 0 00:00:00, Sys 0 00:00:00  -  Run Local Usage
		Usr 0 00:05:52, Sys 0 00:00:27  -  Total Remote Usage
		Usr 0 00:00:00, Sys 0 00:00:00  -  Total Local Usage
	0  -  Run Bytes Sent By Job
	0  -  Run Bytes Received By Job
	0  -  Total Bytes Sent By Job
	0  -  Total Bytes Received By Job
	Partitionable Resources :    Usage  Request Allocated
	   Cpus                 :                 1         1
	   Disk (KB)            :        1        1   1562830
	   Memory (MB)          :      368        1         1
...
