000 (2524735.100.000) 11/21 01:52:17 Job submitted from host: <192.168.1.109:9714>
...
001 (2524735.100.000) 11/21 02:16:04 Job executing on host: <192.168.1.51:9694>
...
006 (2524735.100.000) 11/21 02:16:12 Image size of job updated: 24372
	3  -  MemoryUsage of job (MB)
	2456  -  ResidentSetSize of job (KB)
...
006 (2524735.100.000) 11/21 02:20:43 Image size of job updated: 915904
	3  -  MemoryUsage of job (MB)
	2456  -  ResidentSetSize of job (KB)
...
005 (2524735.100.000) 11/21 02:20:43 Job terminated.
	(1) Normal termination (return value 0)
		Usr 0 00:02:35, Sys 0 00:00:19  -  Run Remote Usage
		Usr 0 00:00:00, Sys 0 00:00:00  -  Run Local Usage
		Usr 0 00:02:35, Sys 0 00:00:19  -  Total Remote Usage
		Usr 0 00:00:00, Sys 0 00:00:00  -  Total Local Usage
	0  -  Run Bytes Sent By Job
	0  -  Run Bytes Received By Job
	0  -  Total Bytes Sent By Job
	0  -  Total Bytes Received By Job
	Partitionable Resources :    Usage  Request Allocated
	   Cpus                 :                 1         1
	   Disk (KB)            :        1        1  28379565
	   Memory (MB)          :        3        1      4033
...
