000 (2493172.041.000) 11/09 00:41:41 Job submitted from host: <192.168.1.109:9714>
...
001 (2493172.041.000) 11/09 00:41:52 Job executing on host: <192.168.1.48:9634>
...
006 (2493172.041.000) 11/09 00:42:01 Image size of job updated: 167396
	3  -  MemoryUsage of job (MB)
	2668  -  ResidentSetSize of job (KB)
...
006 (2493172.041.000) 11/09 00:42:24 Image size of job updated: 483972
	3  -  MemoryUsage of job (MB)
	2668  -  ResidentSetSize of job (KB)
...
005 (2493172.041.000) 11/09 00:42:25 Job terminated.
	(1) Normal termination (return value 0)
		Usr 0 00:00:14, Sys 0 00:00:01  -  Run Remote Usage
		Usr 0 00:00:00, Sys 0 00:00:00  -  Run Local Usage
		Usr 0 00:00:14, Sys 0 00:00:01  -  Total Remote Usage
		Usr 0 00:00:00, Sys 0 00:00:00  -  Total Local Usage
	0  -  Run Bytes Sent By Job
	0  -  Run Bytes Received By Job
	0  -  Total Bytes Sent By Job
	0  -  Total Bytes Received By Job
	Partitionable Resources :    Usage  Request Allocated
	   Cpus                 :                 1         1
	   Disk (KB)            :        1        1  28379795
	   Memory (MB)          :        3        1      4033
...
