000 (2504798.041.000) 11/15 23:52:37 Job submitted from host: <192.168.1.109:9714>
...
001 (2504798.041.000) 11/15 23:52:44 Job executing on host: <192.168.1.65:9393>
...
006 (2504798.041.000) 11/15 23:52:53 Image size of job updated: 340288
	35  -  MemoryUsage of job (MB)
	34880  -  ResidentSetSize of job (KB)
...
006 (2504798.041.000) 11/15 23:53:14 Image size of job updated: 476452
	35  -  MemoryUsage of job (MB)
	34880  -  ResidentSetSize of job (KB)
...
005 (2504798.041.000) 11/15 23:53:14 Job terminated.
	(1) Normal termination (return value 0)
		Usr 0 00:00:14, Sys 0 00:00:00  -  Run Remote Usage
		Usr 0 00:00:00, Sys 0 00:00:00  -  Run Local Usage
		Usr 0 00:00:14, Sys 0 00:00:00  -  Total Remote Usage
		Usr 0 00:00:00, Sys 0 00:00:00  -  Total Local Usage
	0  -  Run Bytes Sent By Job
	0  -  Run Bytes Received By Job
	0  -  Total Bytes Sent By Job
	0  -  Total Bytes Received By Job
	Partitionable Resources :    Usage  Request Allocated
	   Cpus                 :                 1         1
	   Disk (KB)            :        1        1  19563992
	   Memory (MB)          :       35        1      4033
...
