000 (2485823.138.000) 11/07 23:48:31 Job submitted from host: <192.168.1.109:9714>
...
001 (2485823.138.000) 11/07 23:48:44 Job executing on host: <192.168.1.51:9694>
...
006 (2485823.138.000) 11/07 23:48:53 Image size of job updated: 400212
	73  -  MemoryUsage of job (MB)
	74400  -  ResidentSetSize of job (KB)
...
006 (2485823.138.000) 11/07 23:53:54 Image size of job updated: 917180
	432  -  MemoryUsage of job (MB)
	442012  -  ResidentSetSize of job (KB)
...
006 (2485823.138.000) 11/07 23:58:54 Image size of job updated: 917180
	447  -  MemoryUsage of job (MB)
	456924  -  ResidentSetSize of job (KB)
...
006 (2485823.138.000) 11/08 00:03:54 Image size of job updated: 917180
	447  -  MemoryUsage of job (MB)
	457236  -  ResidentSetSize of job (KB)
...
006 (2485823.138.000) 11/08 00:08:55 Image size of job updated: 917180
	447  -  MemoryUsage of job (MB)
	457240  -  ResidentSetSize of job (KB)
...
006 (2485823.138.000) 11/08 00:18:55 Image size of job updated: 917180
	447  -  MemoryUsage of job (MB)
	457256  -  ResidentSetSize of job (KB)
...
006 (2485823.138.000) 11/08 00:23:56 Image size of job updated: 917180
	447  -  MemoryUsage of job (MB)
	457396  -  ResidentSetSize of job (KB)
...
006 (2485823.138.000) 11/08 00:28:57 Image size of job updated: 917180
	447  -  MemoryUsage of job (MB)
	457484  -  ResidentSetSize of job (KB)
...
006 (2485823.138.000) 11/08 00:33:57 Image size of job updated: 917180
	447  -  MemoryUsage of job (MB)
	457552  -  ResidentSetSize of job (KB)
...
006 (2485823.138.000) 11/08 00:38:58 Image size of job updated: 917180
	448  -  MemoryUsage of job (MB)
	457776  -  ResidentSetSize of job (KB)
...
006 (2485823.138.000) 11/08 00:43:59 Image size of job updated: 917180
	448  -  MemoryUsage of job (MB)
	457952  -  ResidentSetSize of job (KB)
...
006 (2485823.138.000) 11/08 00:48:59 Image size of job updated: 917180
	448  -  MemoryUsage of job (MB)
	458088  -  ResidentSetSize of job (KB)
...
005 (2485823.138.000) 11/08 00:52:54 Job terminated.
	(1) Normal termination (return value 0)
		Usr 0 00:07:19, Sys 0 00:00:28  -  Run Remote Usage
		Usr 0 00:00:00, Sys 0 00:00:00  -  Run Local Usage
		Usr 0 00:07:19, Sys 0 00:00:28  -  Total Remote Usage
		Usr 0 00:00:00, Sys 0 00:00:00  -  Total Local Usage
	0  -  Run Bytes Sent By Job
	0  -  Run Bytes Received By Job
	0  -  Total Bytes Sent By Job
	0  -  Total Bytes Received By Job
	Partitionable Resources :    Usage  Request Allocated
	   Cpus                 :                 1         1
	   Disk (KB)            :        1        1  28372504
	   Memory (MB)          :      448        1      4033
...
