000 (2491133.138.000) 11/08 19:40:20 Job submitted from host: <192.168.1.109:9714>
...
001 (2491133.138.000) 11/08 19:40:56 Job executing on host: <192.168.1.47:9634>
...
006 (2491133.138.000) 11/08 19:41:05 Image size of job updated: 438196
	111  -  MemoryUsage of job (MB)
	112932  -  ResidentSetSize of job (KB)
...
006 (2491133.138.000) 11/08 19:46:05 Image size of job updated: 917180
	449  -  MemoryUsage of job (MB)
	458840  -  ResidentSetSize of job (KB)
...
006 (2491133.138.000) 11/08 19:51:05 Image size of job updated: 917180
	449  -  MemoryUsage of job (MB)
	458888  -  ResidentSetSize of job (KB)
...
006 (2491133.138.000) 11/08 19:56:06 Image size of job updated: 917180
	449  -  MemoryUsage of job (MB)
	459040  -  ResidentSetSize of job (KB)
...
006 (2491133.138.000) 11/08 20:00:19 Image size of job updated: 1091024
	449  -  MemoryUsage of job (MB)
	459040  -  ResidentSetSize of job (KB)
...
005 (2491133.138.000) 11/08 20:00:19 Job terminated.
	(1) Normal termination (return value 0)
		Usr 0 00:06:03, Sys 0 00:00:24  -  Run Remote Usage
		Usr 0 00:00:00, Sys 0 00:00:00  -  Run Local Usage
		Usr 0 00:06:03, Sys 0 00:00:24  -  Total Remote Usage
		Usr 0 00:00:00, Sys 0 00:00:00  -  Total Local Usage
	0  -  Run Bytes Sent By Job
	0  -  Run Bytes Received By Job
	0  -  Total Bytes Sent By Job
	0  -  Total Bytes Received By Job
	Partitionable Resources :    Usage  Request Allocated
	   Cpus                 :                 1         1
	   Disk (KB)            :        1        1  28380611
	   Memory (MB)          :      449        1      4033
...
