000 (2497410.138.000) 11/09 15:33:47 Job submitted from host: <192.168.1.109:9714>
...
001 (2497410.138.000) 11/09 15:34:15 Job executing on host: <192.168.1.45:9392>
...
006 (2497410.138.000) 11/09 15:34:24 Image size of job updated: 443752
	127  -  MemoryUsage of job (MB)
	129828  -  ResidentSetSize of job (KB)
...
006 (2497410.138.000) 11/09 15:39:25 Image size of job updated: 949776
	451  -  MemoryUsage of job (MB)
	461576  -  ResidentSetSize of job (KB)
...
006 (2497410.138.000) 11/09 15:44:25 Image size of job updated: 949776
	451  -  MemoryUsage of job (MB)
	461756  -  ResidentSetSize of job (KB)
...
006 (2497410.138.000) 11/09 15:49:26 Image size of job updated: 949776
	451  -  MemoryUsage of job (MB)
	461780  -  ResidentSetSize of job (KB)
...
006 (2497410.138.000) 11/09 15:54:27 Image size of job updated: 949776
	451  -  MemoryUsage of job (MB)
	461824  -  ResidentSetSize of job (KB)
...
006 (2497410.138.000) 11/09 15:59:27 Image size of job updated: 949776
	452  -  MemoryUsage of job (MB)
	461832  -  ResidentSetSize of job (KB)
...
006 (2497410.138.000) 11/09 16:04:28 Image size of job updated: 949776
	452  -  MemoryUsage of job (MB)
	461844  -  ResidentSetSize of job (KB)
...
005 (2497410.138.000) 11/09 16:05:08 Job terminated.
	(1) Normal termination (return value 0)
		Usr 0 00:06:17, Sys 0 00:00:20  -  Run Remote Usage
		Usr 0 00:00:00, Sys 0 00:00:00  -  Run Local Usage
		Usr 0 00:06:17, Sys 0 00:00:20  -  Total Remote Usage
		Usr 0 00:00:00, Sys 0 00:00:00  -  Total Local Usage
	0  -  Run Bytes Sent By Job
	0  -  Run Bytes Received By Job
	0  -  Total Bytes Sent By Job
	0  -  Total Bytes Received By Job
	Partitionable Resources :    Usage  Request Allocated
	   Cpus                 :                 1         1
	   Disk (KB)            :        1        1   2370746
	   Memory (MB)          :      452        1      4035
...
