/cvmfs/cms.cern.ch
/cms/mchristos/ANN/FireMVA/2016
InputBundle_Data_Input_1_Tree

Processing outFiles/Application_1_2L/InputBundle_Data_Input_1_Tree/Application_Fakes_2L_2016.C...
                         : Booking "BDTG method" of type "BDT" from /cms/mchristos/ANN/FireMVA/L3Only/dl/weights/fire_MVA_PtInclusiveElectrons_BDT.weights.xml.
                         : Reading weight file: /cms/mchristos/ANN/FireMVA/L3Only/dl/weights/fire_MVA_PtInclusiveElectrons_BDT.weights.xml
<HEADER> DataSetInfo              : [Default] : Added class "Background"
<HEADER> DataSetInfo              : [Default] : Added class "Signal"
                         : Booked classifier "BDT" of type: "BDT"
                         : Booking "BDTG method" of type "BDT" from /cms/mchristos/ANN/FireMVA/L3Only/dl/weights/fire_MVA_PtInclusiveMuons_BDT.weights.xml.
                         : Reading weight file: /cms/mchristos/ANN/FireMVA/L3Only/dl/weights/fire_MVA_PtInclusiveMuons_BDT.weights.xml
<HEADER> DataSetInfo              : [Default] : Added class "Background"
<HEADER> DataSetInfo              : [Default] : Added class "Signal"
                         : Booked classifier "BDT" of type: "BDT"
--- TMVAClassificationApp    : Using input file: /cms/mchristos/ANN/FireMVA/2016/runPlotter_2L_NTupleMaker_2016/InputBundle_Data_Input_1_Tree.root
--- Select sample
--- Processing: 1754514 events
--- ... Processing event: 0
--- ... Processing event: 1000
--- ... Processing event: 2000
--- ... Processing event: 3000
--- ... Processing event: 4000
--- ... Processing event: 5000
--- ... Processing event: 6000
--- ... Processing event: 7000
--- ... Processing event: 8000
--- ... Processing event: 9000
--- ... Processing event: 10000
--- ... Processing event: 11000
--- ... Processing event: 12000
--- ... Processing event: 13000
--- ... Processing event: 14000
--- ... Processing event: 15000
--- ... Processing event: 16000
--- ... Processing event: 17000
--- ... Processing event: 18000
--- ... Processing event: 19000
--- ... Processing event: 20000
--- ... Processing event: 21000
--- ... Processing event: 22000
--- ... Processing event: 23000
--- ... Processing event: 24000
--- ... Processing event: 25000
--- ... Processing event: 26000
--- ... Processing event: 27000
--- ... Processing event: 28000
--- ... Processing event: 29000
--- ... Processing event: 30000
--- ... Processing event: 31000
--- ... Processing event: 32000
--- ... Processing event: 33000
--- ... Processing event: 34000
--- ... Processing event: 35000
--- ... Processing event: 36000
--- ... Processing event: 37000
--- ... Processing event: 38000
--- ... Processing event: 39000
--- ... Processing event: 40000
--- ... Processing event: 41000
--- ... Processing event: 42000
--- ... Processing event: 43000
--- ... Processing event: 44000
--- ... Processing event: 45000
--- ... Processing event: 46000
--- ... Processing event: 47000
--- ... Processing event: 48000
--- ... Processing event: 49000
--- ... Processing event: 50000
--- ... Processing event: 51000
--- ... Processing event: 52000
--- ... Processing event: 53000
--- ... Processing event: 54000
--- ... Processing event: 55000
--- ... Processing event: 56000
--- ... Processing event: 57000
--- ... Processing event: 58000
--- ... Processing event: 59000
--- ... Processing event: 60000
--- ... Processing event: 61000
--- ... Processing event: 62000
--- ... Processing event: 63000
--- ... Processing event: 64000
--- ... Processing event: 65000
--- ... Processing event: 66000
--- ... Processing event: 67000
--- ... Processing event: 68000
--- ... Processing event: 69000
--- ... Processing event: 70000
--- ... Processing event: 71000
--- ... Processing event: 72000
--- ... Processing event: 73000
--- ... Processing event: 74000
--- ... Processing event: 75000
--- ... Processing event: 76000
--- ... Processing event: 77000
--- ... Processing event: 78000
--- ... Processing event: 79000
--- ... Processing event: 80000
--- ... Processing event: 81000
--- ... Processing event: 82000
--- ... Processing event: 83000
--- ... Processing event: 84000
--- ... Processing event: 85000
--- ... Processing event: 86000
--- ... Processing event: 87000
--- ... Processing event: 88000
--- ... Processing event: 89000
--- ... Processing event: 90000
--- ... Processing event: 91000
--- ... Processing event: 92000
--- ... Processing event: 93000
--- ... Processing event: 94000
--- ... Processing event: 95000
--- ... Processing event: 96000
--- ... Processing event: 97000
--- ... Processing event: 98000
--- ... Processing event: 99000
--- ... Processing event: 100000
--- ... Processing event: 101000
--- ... Processing event: 102000
--- ... Processing event: 103000
--- ... Processing event: 104000
--- ... Processing event: 105000
--- ... Processing event: 106000
--- ... Processing event: 107000
--- ... Processing event: 108000
--- ... Processing event: 109000
--- ... Processing event: 110000
--- ... Processing event: 111000
--- ... Processing event: 112000
--- ... Processing event: 113000
--- ... Processing event: 114000
--- ... Processing event: 115000
--- ... Processing event: 116000
--- ... Processing event: 117000
--- ... Processing event: 118000
--- ... Processing event: 119000
--- ... Processing event: 120000
--- ... Processing event: 121000
--- ... Processing event: 122000
--- ... Processing event: 123000
--- ... Processing event: 124000
--- ... Processing event: 125000
--- ... Processing event: 126000
--- ... Processing event: 127000
--- ... Processing event: 128000
--- ... Processing event: 129000
--- ... Processing event: 130000
--- ... Processing event: 131000
--- ... Processing event: 132000
--- ... Processing event: 133000
--- ... Processing event: 134000
--- ... Processing event: 135000
--- ... Processing event: 136000
--- ... Processing event: 137000
--- ... Processing event: 138000
--- ... Processing event: 139000
--- ... Processing event: 140000
--- ... Processing event: 141000
--- ... Processing event: 142000
--- ... Processing event: 143000
--- ... Processing event: 144000
--- ... Processing event: 145000
--- ... Processing event: 146000
--- ... Processing event: 147000
--- ... Processing event: 148000
--- ... Processing event: 149000
--- ... Processing event: 150000
--- ... Processing event: 151000
--- ... Processing event: 152000
--- ... Processing event: 153000
--- ... Processing event: 154000
--- ... Processing event: 155000
--- ... Processing event: 156000
--- ... Processing event: 157000
--- ... Processing event: 158000
--- ... Processing event: 159000
--- ... Processing event: 160000
--- ... Processing event: 161000
--- ... Processing event: 162000
--- ... Processing event: 163000
--- ... Processing event: 164000
--- ... Processing event: 165000
--- ... Processing event: 166000
--- ... Processing event: 167000
--- ... Processing event: 168000
--- ... Processing event: 169000
--- ... Processing event: 170000
--- ... Processing event: 171000
--- ... Processing event: 172000
--- ... Processing event: 173000
--- ... Processing event: 174000
--- ... Processing event: 175000
--- ... Processing event: 176000
--- ... Processing event: 177000
--- ... Processing event: 178000
--- ... Processing event: 179000
--- ... Processing event: 180000
--- ... Processing event: 181000
--- ... Processing event: 182000
--- ... Processing event: 183000
--- ... Processing event: 184000
--- ... Processing event: 185000
--- ... Processing event: 186000
--- ... Processing event: 187000
--- ... Processing event: 188000
--- ... Processing event: 189000
--- ... Processing event: 190000
--- ... Processing event: 191000
--- ... Processing event: 192000
--- ... Processing event: 193000
--- ... Processing event: 194000
--- ... Processing event: 195000
--- ... Processing event: 196000
--- ... Processing event: 197000
--- ... Processing event: 198000
--- ... Processing event: 199000
--- ... Processing event: 200000
--- ... Processing event: 201000
--- ... Processing event: 202000
--- ... Processing event: 203000
--- ... Processing event: 204000
--- ... Processing event: 205000
--- ... Processing event: 206000
--- ... Processing event: 207000
--- ... Processing event: 208000
--- ... Processing event: 209000
--- ... Processing event: 210000
--- ... Processing event: 211000
--- ... Processing event: 212000
--- ... Processing event: 213000
--- ... Processing event: 214000
--- ... Processing event: 215000
--- ... Processing event: 216000
--- ... Processing event: 217000
--- ... Processing event: 218000
--- ... Processing event: 219000
--- ... Processing event: 220000
--- ... Processing event: 221000
--- ... Processing event: 222000
--- ... Processing event: 223000
--- ... Processing event: 224000
--- ... Processing event: 225000
--- ... Processing event: 226000
--- ... Processing event: 227000
--- ... Processing event: 228000
--- ... Processing event: 229000
--- ... Processing event: 230000
--- ... Processing event: 231000
--- ... Processing event: 232000
--- ... Processing event: 233000
--- ... Processing event: 234000
--- ... Processing event: 235000
--- ... Processing event: 236000
--- ... Processing event: 237000
--- ... Processing event: 238000
--- ... Processing event: 239000
--- ... Processing event: 240000
--- ... Processing event: 241000
--- ... Processing event: 242000
--- ... Processing event: 243000
--- ... Processing event: 244000
--- ... Processing event: 245000
--- ... Processing event: 246000
--- ... Processing event: 247000
--- ... Processing event: 248000
--- ... Processing event: 249000
--- ... Processing event: 250000
--- ... Processing event: 251000
--- ... Processing event: 252000
--- ... Processing event: 253000
--- ... Processing event: 254000
--- ... Processing event: 255000
--- ... Processing event: 256000
--- ... Processing event: 257000
--- ... Processing event: 258000
--- ... Processing event: 259000
--- ... Processing event: 260000
--- ... Processing event: 261000
--- ... Processing event: 262000
--- ... Processing event: 263000
--- ... Processing event: 264000
--- ... Processing event: 265000
--- ... Processing event: 266000
--- ... Processing event: 267000
--- ... Processing event: 268000
--- ... Processing event: 269000
--- ... Processing event: 270000
--- ... Processing event: 271000
--- ... Processing event: 272000
--- ... Processing event: 273000
--- ... Processing event: 274000
--- ... Processing event: 275000
--- ... Processing event: 276000
--- ... Processing event: 277000
--- ... Processing event: 278000
--- ... Processing event: 279000
--- ... Processing event: 280000
--- ... Processing event: 281000
--- ... Processing event: 282000
--- ... Processing event: 283000
--- ... Processing event: 284000
--- ... Processing event: 285000
--- ... Processing event: 286000
--- ... Processing event: 287000
--- ... Processing event: 288000
--- ... Processing event: 289000
--- ... Processing event: 290000
--- ... Processing event: 291000
--- ... Processing event: 292000
--- ... Processing event: 293000
--- ... Processing event: 294000
--- ... Processing event: 295000
--- ... Processing event: 296000
--- ... Processing event: 297000
--- ... Processing event: 298000
--- ... Processing event: 299000
--- ... Processing event: 300000
--- ... Processing event: 301000
--- ... Processing event: 302000
--- ... Processing event: 303000
--- ... Processing event: 304000
--- ... Processing event: 305000
--- ... Processing event: 306000
--- ... Processing event: 307000
--- ... Processing event: 308000
--- ... Processing event: 309000
--- ... Processing event: 310000
--- ... Processing event: 311000
--- ... Processing event: 312000
--- ... Processing event: 313000
--- ... Processing event: 314000
--- ... Processing event: 315000
--- ... Processing event: 316000
--- ... Processing event: 317000
--- ... Processing event: 318000
--- ... Processing event: 319000
--- ... Processing event: 320000
--- ... Processing event: 321000
--- ... Processing event: 322000
--- ... Processing event: 323000
--- ... Processing event: 324000
--- ... Processing event: 325000
--- ... Processing event: 326000
--- ... Processing event: 327000
--- ... Processing event: 328000
--- ... Processing event: 329000
--- ... Processing event: 330000
--- ... Processing event: 331000
--- ... Processing event: 332000
--- ... Processing event: 333000
--- ... Processing event: 334000
--- ... Processing event: 335000
--- ... Processing event: 336000
--- ... Processing event: 337000
--- ... Processing event: 338000
--- ... Processing event: 339000
--- ... Processing event: 340000
--- ... Processing event: 341000
--- ... Processing event: 342000
--- ... Processing event: 343000
--- ... Processing event: 344000
--- ... Processing event: 345000
--- ... Processing event: 346000
--- ... Processing event: 347000
--- ... Processing event: 348000
--- ... Processing event: 349000
--- ... Processing event: 350000
--- ... Processing event: 351000
--- ... Processing event: 352000
--- ... Processing event: 353000
--- ... Processing event: 354000
--- ... Processing event: 355000
--- ... Processing event: 356000
--- ... Processing event: 357000
--- ... Processing event: 358000
--- ... Processing event: 359000
--- ... Processing event: 360000
--- ... Processing event: 361000
--- ... Processing event: 362000
--- ... Processing event: 363000
--- ... Processing event: 364000
--- ... Processing event: 365000
--- ... Processing event: 366000
--- ... Processing event: 367000
--- ... Processing event: 368000
--- ... Processing event: 369000
--- ... Processing event: 370000
--- ... Processing event: 371000
--- ... Processing event: 372000
--- ... Processing event: 373000
--- ... Processing event: 374000
--- ... Processing event: 375000
--- ... Processing event: 376000
--- ... Processing event: 377000
--- ... Processing event: 378000
--- ... Processing event: 379000
--- ... Processing event: 380000
--- ... Processing event: 381000
--- ... Processing event: 382000
--- ... Processing event: 383000
--- ... Processing event: 384000
--- ... Processing event: 385000
--- ... Processing event: 386000
--- ... Processing event: 387000
--- ... Processing event: 388000
--- ... Processing event: 389000
--- ... Processing event: 390000
--- ... Processing event: 391000
--- ... Processing event: 392000
--- ... Processing event: 393000
--- ... Processing event: 394000
--- ... Processing event: 395000
--- ... Processing event: 396000
--- ... Processing event: 397000
--- ... Processing event: 398000
--- ... Processing event: 399000
--- ... Processing event: 400000
--- ... Processing event: 401000
--- ... Processing event: 402000
--- ... Processing event: 403000
--- ... Processing event: 404000
--- ... Processing event: 405000
--- ... Processing event: 406000
--- ... Processing event: 407000
--- ... Processing event: 408000
--- ... Processing event: 409000
--- ... Processing event: 410000
--- ... Processing event: 411000
--- ... Processing event: 412000
--- ... Processing event: 413000
--- ... Processing event: 414000
--- ... Processing event: 415000
--- ... Processing event: 416000
--- ... Processing event: 417000
--- ... Processing event: 418000
--- ... Processing event: 419000
--- ... Processing event: 420000
--- ... Processing event: 421000
--- ... Processing event: 422000
--- ... Processing event: 423000
--- ... Processing event: 424000
--- ... Processing event: 425000
--- ... Processing event: 426000
--- ... Processing event: 427000
--- ... Processing event: 428000
--- ... Processing event: 429000
--- ... Processing event: 430000
--- ... Processing event: 431000
--- ... Processing event: 432000
--- ... Processing event: 433000
--- ... Processing event: 434000
--- ... Processing event: 435000
--- ... Processing event: 436000
--- ... Processing event: 437000
--- ... Processing event: 438000
--- ... Processing event: 439000
--- ... Processing event: 440000
--- ... Processing event: 441000
--- ... Processing event: 442000
--- ... Processing event: 443000
--- ... Processing event: 444000
--- ... Processing event: 445000
--- ... Processing event: 446000
--- ... Processing event: 447000
--- ... Processing event: 448000
--- ... Processing event: 449000
--- ... Processing event: 450000
--- ... Processing event: 451000
--- ... Processing event: 452000
--- ... Processing event: 453000
--- ... Processing event: 454000
--- ... Processing event: 455000
--- ... Processing event: 456000
--- ... Processing event: 457000
--- ... Processing event: 458000
--- ... Processing event: 459000
--- ... Processing event: 460000
--- ... Processing event: 461000
--- ... Processing event: 462000
--- ... Processing event: 463000
--- ... Processing event: 464000
--- ... Processing event: 465000
--- ... Processing event: 466000
--- ... Processing event: 467000
--- ... Processing event: 468000
--- ... Processing event: 469000
--- ... Processing event: 470000
--- ... Processing event: 471000
--- ... Processing event: 472000
--- ... Processing event: 473000
--- ... Processing event: 474000
--- ... Processing event: 475000
--- ... Processing event: 476000
--- ... Processing event: 477000
--- ... Processing event: 478000
--- ... Processing event: 479000
--- ... Processing event: 480000
--- ... Processing event: 481000
--- ... Processing event: 482000
--- ... Processing event: 483000
--- ... Processing event: 484000
--- ... Processing event: 485000
--- ... Processing event: 486000
--- ... Processing event: 487000
--- ... Processing event: 488000
--- ... Processing event: 489000
--- ... Processing event: 490000
--- ... Processing event: 491000
--- ... Processing event: 492000
--- ... Processing event: 493000
--- ... Processing event: 494000
--- ... Processing event: 495000
--- ... Processing event: 496000
--- ... Processing event: 497000
--- ... Processing event: 498000
--- ... Processing event: 499000
--- ... Processing event: 500000
--- ... Processing event: 501000
--- ... Processing event: 502000
--- ... Processing event: 503000
--- ... Processing event: 504000
--- ... Processing event: 505000
--- ... Processing event: 506000
--- ... Processing event: 507000
--- ... Processing event: 508000
--- ... Processing event: 509000
--- ... Processing event: 510000
--- ... Processing event: 511000
--- ... Processing event: 512000
--- ... Processing event: 513000
--- ... Processing event: 514000
--- ... Processing event: 515000
--- ... Processing event: 516000
--- ... Processing event: 517000
--- ... Processing event: 518000
--- ... Processing event: 519000
--- ... Processing event: 520000
--- ... Processing event: 521000
--- ... Processing event: 522000
--- ... Processing event: 523000
--- ... Processing event: 524000
--- ... Processing event: 525000
--- ... Processing event: 526000
--- ... Processing event: 527000
--- ... Processing event: 528000
--- ... Processing event: 529000
--- ... Processing event: 530000
--- ... Processing event: 531000
--- ... Processing event: 532000
--- ... Processing event: 533000
--- ... Processing event: 534000
--- ... Processing event: 535000
--- ... Processing event: 536000
--- ... Processing event: 537000
--- ... Processing event: 538000
--- ... Processing event: 539000
--- ... Processing event: 540000
--- ... Processing event: 541000
--- ... Processing event: 542000
--- ... Processing event: 543000
--- ... Processing event: 544000
--- ... Processing event: 545000
--- ... Processing event: 546000
--- ... Processing event: 547000
--- ... Processing event: 548000
--- ... Processing event: 549000
--- ... Processing event: 550000
--- ... Processing event: 551000
--- ... Processing event: 552000
--- ... Processing event: 553000
--- ... Processing event: 554000
--- ... Processing event: 555000
--- ... Processing event: 556000
--- ... Processing event: 557000
--- ... Processing event: 558000
--- ... Processing event: 559000
--- ... Processing event: 560000
--- ... Processing event: 561000
--- ... Processing event: 562000
--- ... Processing event: 563000
--- ... Processing event: 564000
--- ... Processing event: 565000
--- ... Processing event: 566000
--- ... Processing event: 567000
--- ... Processing event: 568000
--- ... Processing event: 569000
--- ... Processing event: 570000
--- ... Processing event: 571000
--- ... Processing event: 572000
--- ... Processing event: 573000
--- ... Processing event: 574000
--- ... Processing event: 575000
--- ... Processing event: 576000
--- ... Processing event: 577000
--- ... Processing event: 578000
--- ... Processing event: 579000
--- ... Processing event: 580000
--- ... Processing event: 581000
--- ... Processing event: 582000
--- ... Processing event: 583000
--- ... Processing event: 584000
--- ... Processing event: 585000
--- ... Processing event: 586000
--- ... Processing event: 587000
--- ... Processing event: 588000
--- ... Processing event: 589000
--- ... Processing event: 590000
--- ... Processing event: 591000
--- ... Processing event: 592000
--- ... Processing event: 593000
--- ... Processing event: 594000
--- ... Processing event: 595000
--- ... Processing event: 596000
--- ... Processing event: 597000
--- ... Processing event: 598000
--- ... Processing event: 599000
--- ... Processing event: 600000
--- ... Processing event: 601000
--- ... Processing event: 602000
--- ... Processing event: 603000
--- ... Processing event: 604000
--- ... Processing event: 605000
--- ... Processing event: 606000
--- ... Processing event: 607000
--- ... Processing event: 608000
--- ... Processing event: 609000
--- ... Processing event: 610000
--- ... Processing event: 611000
--- ... Processing event: 612000
--- ... Processing event: 613000
--- ... Processing event: 614000
--- ... Processing event: 615000
--- ... Processing event: 616000
--- ... Processing event: 617000
--- ... Processing event: 618000
--- ... Processing event: 619000
--- ... Processing event: 620000
--- ... Processing event: 621000
--- ... Processing event: 622000
--- ... Processing event: 623000
--- ... Processing event: 624000
--- ... Processing event: 625000
--- ... Processing event: 626000
--- ... Processing event: 627000
--- ... Processing event: 628000
--- ... Processing event: 629000
--- ... Processing event: 630000
--- ... Processing event: 631000
--- ... Processing event: 632000
--- ... Processing event: 633000
--- ... Processing event: 634000
--- ... Processing event: 635000
--- ... Processing event: 636000
--- ... Processing event: 637000
--- ... Processing event: 638000
--- ... Processing event: 639000
--- ... Processing event: 640000
--- ... Processing event: 641000
--- ... Processing event: 642000
--- ... Processing event: 643000
--- ... Processing event: 644000
--- ... Processing event: 645000
--- ... Processing event: 646000
--- ... Processing event: 647000
--- ... Processing event: 648000
--- ... Processing event: 649000
--- ... Processing event: 650000
--- ... Processing event: 651000
--- ... Processing event: 652000
--- ... Processing event: 653000
--- ... Processing event: 654000
--- ... Processing event: 655000
--- ... Processing event: 656000
--- ... Processing event: 657000
--- ... Processing event: 658000
--- ... Processing event: 659000
--- ... Processing event: 660000
--- ... Processing event: 661000
--- ... Processing event: 662000
--- ... Processing event: 663000
--- ... Processing event: 664000
--- ... Processing event: 665000
--- ... Processing event: 666000
--- ... Processing event: 667000
--- ... Processing event: 668000
--- ... Processing event: 669000
--- ... Processing event: 670000
--- ... Processing event: 671000
--- ... Processing event: 672000
--- ... Processing event: 673000
--- ... Processing event: 674000
--- ... Processing event: 675000
--- ... Processing event: 676000
--- ... Processing event: 677000
--- ... Processing event: 678000
--- ... Processing event: 679000
--- ... Processing event: 680000
--- ... Processing event: 681000
--- ... Processing event: 682000
--- ... Processing event: 683000
--- ... Processing event: 684000
--- ... Processing event: 685000
--- ... Processing event: 686000
--- ... Processing event: 687000
--- ... Processing event: 688000
--- ... Processing event: 689000
--- ... Processing event: 690000
--- ... Processing event: 691000
--- ... Processing event: 692000
--- ... Processing event: 693000
--- ... Processing event: 694000
--- ... Processing event: 695000
--- ... Processing event: 696000
--- ... Processing event: 697000
--- ... Processing event: 698000
--- ... Processing event: 699000
--- ... Processing event: 700000
--- ... Processing event: 701000
--- ... Processing event: 702000
--- ... Processing event: 703000
--- ... Processing event: 704000
--- ... Processing event: 705000
--- ... Processing event: 706000
--- ... Processing event: 707000
--- ... Processing event: 708000
--- ... Processing event: 709000
--- ... Processing event: 710000
--- ... Processing event: 711000
--- ... Processing event: 712000
--- ... Processing event: 713000
--- ... Processing event: 714000
--- ... Processing event: 715000
--- ... Processing event: 716000
--- ... Processing event: 717000
--- ... Processing event: 718000
--- ... Processing event: 719000
--- ... Processing event: 720000
--- ... Processing event: 721000
--- ... Processing event: 722000
--- ... Processing event: 723000
--- ... Processing event: 724000
--- ... Processing event: 725000
--- ... Processing event: 726000
--- ... Processing event: 727000
--- ... Processing event: 728000
--- ... Processing event: 729000
--- ... Processing event: 730000
--- ... Processing event: 731000
--- ... Processing event: 732000
--- ... Processing event: 733000
--- ... Processing event: 734000
--- ... Processing event: 735000
--- ... Processing event: 736000
--- ... Processing event: 737000
--- ... Processing event: 738000
--- ... Processing event: 739000
--- ... Processing event: 740000
--- ... Processing event: 741000
--- ... Processing event: 742000
--- ... Processing event: 743000
--- ... Processing event: 744000
--- ... Processing event: 745000
--- ... Processing event: 746000
--- ... Processing event: 747000
--- ... Processing event: 748000
--- ... Processing event: 749000
--- ... Processing event: 750000
--- ... Processing event: 751000
--- ... Processing event: 752000
--- ... Processing event: 753000
--- ... Processing event: 754000
--- ... Processing event: 755000
--- ... Processing event: 756000
--- ... Processing event: 757000
--- ... Processing event: 758000
--- ... Processing event: 759000
--- ... Processing event: 760000
--- ... Processing event: 761000
--- ... Processing event: 762000
--- ... Processing event: 763000
--- ... Processing event: 764000
--- ... Processing event: 765000
--- ... Processing event: 766000
--- ... Processing event: 767000
--- ... Processing event: 768000
--- ... Processing event: 769000
--- ... Processing event: 770000
--- ... Processing event: 771000
--- ... Processing event: 772000
--- ... Processing event: 773000
--- ... Processing event: 774000
--- ... Processing event: 775000
--- ... Processing event: 776000
--- ... Processing event: 777000
--- ... Processing event: 778000
--- ... Processing event: 779000
--- ... Processing event: 780000
--- ... Processing event: 781000
--- ... Processing event: 782000
--- ... Processing event: 783000
--- ... Processing event: 784000
--- ... Processing event: 785000
--- ... Processing event: 786000
--- ... Processing event: 787000
--- ... Processing event: 788000
--- ... Processing event: 789000
--- ... Processing event: 790000
--- ... Processing event: 791000
--- ... Processing event: 792000
--- ... Processing event: 793000
--- ... Processing event: 794000
--- ... Processing event: 795000
--- ... Processing event: 796000
--- ... Processing event: 797000
--- ... Processing event: 798000
--- ... Processing event: 799000
--- ... Processing event: 800000
--- ... Processing event: 801000
--- ... Processing event: 802000
--- ... Processing event: 803000
--- ... Processing event: 804000
--- ... Processing event: 805000
--- ... Processing event: 806000
--- ... Processing event: 807000
--- ... Processing event: 808000
--- ... Processing event: 809000
--- ... Processing event: 810000
--- ... Processing event: 811000
--- ... Processing event: 812000
--- ... Processing event: 813000
--- ... Processing event: 814000
--- ... Processing event: 815000
--- ... Processing event: 816000
--- ... Processing event: 817000
--- ... Processing event: 818000
--- ... Processing event: 819000
--- ... Processing event: 820000
--- ... Processing event: 821000
--- ... Processing event: 822000
--- ... Processing event: 823000
--- ... Processing event: 824000
--- ... Processing event: 825000
--- ... Processing event: 826000
--- ... Processing event: 827000
--- ... Processing event: 828000
--- ... Processing event: 829000
--- ... Processing event: 830000
--- ... Processing event: 831000
--- ... Processing event: 832000
--- ... Processing event: 833000
--- ... Processing event: 834000
--- ... Processing event: 835000
--- ... Processing event: 836000
--- ... Processing event: 837000
--- ... Processing event: 838000
--- ... Processing event: 839000
--- ... Processing event: 840000
--- ... Processing event: 841000
--- ... Processing event: 842000
--- ... Processing event: 843000
--- ... Processing event: 844000
--- ... Processing event: 845000
--- ... Processing event: 846000
--- ... Processing event: 847000
--- ... Processing event: 848000
--- ... Processing event: 849000
--- ... Processing event: 850000
--- ... Processing event: 851000
--- ... Processing event: 852000
--- ... Processing event: 853000
--- ... Processing event: 854000
--- ... Processing event: 855000
--- ... Processing event: 856000
--- ... Processing event: 857000
--- ... Processing event: 858000
--- ... Processing event: 859000
--- ... Processing event: 860000
--- ... Processing event: 861000
--- ... Processing event: 862000
--- ... Processing event: 863000
--- ... Processing event: 864000
--- ... Processing event: 865000
--- ... Processing event: 866000
--- ... Processing event: 867000
--- ... Processing event: 868000
--- ... Processing event: 869000
--- ... Processing event: 870000
--- ... Processing event: 871000
--- ... Processing event: 872000
--- ... Processing event: 873000
--- ... Processing event: 874000
--- ... Processing event: 875000
--- ... Processing event: 876000
--- ... Processing event: 877000
--- ... Processing event: 878000
--- ... Processing event: 879000
--- ... Processing event: 880000
--- ... Processing event: 881000
--- ... Processing event: 882000
--- ... Processing event: 883000
--- ... Processing event: 884000
--- ... Processing event: 885000
--- ... Processing event: 886000
--- ... Processing event: 887000
--- ... Processing event: 888000
--- ... Processing event: 889000
--- ... Processing event: 890000
--- ... Processing event: 891000
--- ... Processing event: 892000
--- ... Processing event: 893000
--- ... Processing event: 894000
--- ... Processing event: 895000
--- ... Processing event: 896000
--- ... Processing event: 897000
--- ... Processing event: 898000
--- ... Processing event: 899000
--- ... Processing event: 900000
--- ... Processing event: 901000
--- ... Processing event: 902000
--- ... Processing event: 903000
--- ... Processing event: 904000
--- ... Processing event: 905000
--- ... Processing event: 906000
--- ... Processing event: 907000
--- ... Processing event: 908000
--- ... Processing event: 909000
--- ... Processing event: 910000
--- ... Processing event: 911000
--- ... Processing event: 912000
--- ... Processing event: 913000
--- ... Processing event: 914000
--- ... Processing event: 915000
--- ... Processing event: 916000
--- ... Processing event: 917000
--- ... Processing event: 918000
--- ... Processing event: 919000
--- ... Processing event: 920000
--- ... Processing event: 921000
--- ... Processing event: 922000
--- ... Processing event: 923000
--- ... Processing event: 924000
--- ... Processing event: 925000
--- ... Processing event: 926000
--- ... Processing event: 927000
--- ... Processing event: 928000
--- ... Processing event: 929000
--- ... Processing event: 930000
--- ... Processing event: 931000
--- ... Processing event: 932000
--- ... Processing event: 933000
--- ... Processing event: 934000
--- ... Processing event: 935000
--- ... Processing event: 936000
--- ... Processing event: 937000
--- ... Processing event: 938000
--- ... Processing event: 939000
--- ... Processing event: 940000
--- ... Processing event: 941000
--- ... Processing event: 942000
--- ... Processing event: 943000
--- ... Processing event: 944000
--- ... Processing event: 945000
--- ... Processing event: 946000
--- ... Processing event: 947000
--- ... Processing event: 948000
--- ... Processing event: 949000
--- ... Processing event: 950000
--- ... Processing event: 951000
--- ... Processing event: 952000
--- ... Processing event: 953000
--- ... Processing event: 954000
--- ... Processing event: 955000
--- ... Processing event: 956000
--- ... Processing event: 957000
--- ... Processing event: 958000
--- ... Processing event: 959000
--- ... Processing event: 960000
--- ... Processing event: 961000
--- ... Processing event: 962000
--- ... Processing event: 963000
--- ... Processing event: 964000
--- ... Processing event: 965000
--- ... Processing event: 966000
--- ... Processing event: 967000
--- ... Processing event: 968000
--- ... Processing event: 969000
--- ... Processing event: 970000
--- ... Processing event: 971000
--- ... Processing event: 972000
--- ... Processing event: 973000
--- ... Processing event: 974000
--- ... Processing event: 975000
--- ... Processing event: 976000
--- ... Processing event: 977000
--- ... Processing event: 978000
--- ... Processing event: 979000
--- ... Processing event: 980000
--- ... Processing event: 981000
--- ... Processing event: 982000
--- ... Processing event: 983000
--- ... Processing event: 984000
--- ... Processing event: 985000
--- ... Processing event: 986000
--- ... Processing event: 987000
--- ... Processing event: 988000
--- ... Processing event: 989000
--- ... Processing event: 990000
--- ... Processing event: 991000
--- ... Processing event: 992000
--- ... Processing event: 993000
--- ... Processing event: 994000
--- ... Processing event: 995000
--- ... Processing event: 996000
--- ... Processing event: 997000
--- ... Processing event: 998000
--- ... Processing event: 999000
--- ... Processing event: 1000000
--- ... Processing event: 1001000
--- ... Processing event: 1002000
--- ... Processing event: 1003000
--- ... Processing event: 1004000
--- ... Processing event: 1005000
--- ... Processing event: 1006000
--- ... Processing event: 1007000
--- ... Processing event: 1008000
--- ... Processing event: 1009000
--- ... Processing event: 1010000
--- ... Processing event: 1011000
--- ... Processing event: 1012000
--- ... Processing event: 1013000
--- ... Processing event: 1014000
--- ... Processing event: 1015000
--- ... Processing event: 1016000
--- ... Processing event: 1017000
--- ... Processing event: 1018000
--- ... Processing event: 1019000
--- ... Processing event: 1020000
--- ... Processing event: 1021000
--- ... Processing event: 1022000
--- ... Processing event: 1023000
--- ... Processing event: 1024000
--- ... Processing event: 1025000
--- ... Processing event: 1026000
--- ... Processing event: 1027000
--- ... Processing event: 1028000
--- ... Processing event: 1029000
--- ... Processing event: 1030000
--- ... Processing event: 1031000
--- ... Processing event: 1032000
--- ... Processing event: 1033000
--- ... Processing event: 1034000
--- ... Processing event: 1035000
--- ... Processing event: 1036000
--- ... Processing event: 1037000
--- ... Processing event: 1038000
--- ... Processing event: 1039000
--- ... Processing event: 1040000
--- ... Processing event: 1041000
--- ... Processing event: 1042000
--- ... Processing event: 1043000
--- ... Processing event: 1044000
--- ... Processing event: 1045000
--- ... Processing event: 1046000
--- ... Processing event: 1047000
--- ... Processing event: 1048000
--- ... Processing event: 1049000
--- ... Processing event: 1050000
--- ... Processing event: 1051000
--- ... Processing event: 1052000
--- ... Processing event: 1053000
--- ... Processing event: 1054000
--- ... Processing event: 1055000
--- ... Processing event: 1056000
--- ... Processing event: 1057000
--- ... Processing event: 1058000
--- ... Processing event: 1059000
--- ... Processing event: 1060000
--- ... Processing event: 1061000
--- ... Processing event: 1062000
--- ... Processing event: 1063000
--- ... Processing event: 1064000
--- ... Processing event: 1065000
--- ... Processing event: 1066000
--- ... Processing event: 1067000
--- ... Processing event: 1068000
--- ... Processing event: 1069000
--- ... Processing event: 1070000
--- ... Processing event: 1071000
--- ... Processing event: 1072000
--- ... Processing event: 1073000
--- ... Processing event: 1074000
--- ... Processing event: 1075000
--- ... Processing event: 1076000
--- ... Processing event: 1077000
--- ... Processing event: 1078000
--- ... Processing event: 1079000
--- ... Processing event: 1080000
--- ... Processing event: 1081000
--- ... Processing event: 1082000
--- ... Processing event: 1083000
--- ... Processing event: 1084000
--- ... Processing event: 1085000
--- ... Processing event: 1086000
--- ... Processing event: 1087000
--- ... Processing event: 1088000
--- ... Processing event: 1089000
--- ... Processing event: 1090000
--- ... Processing event: 1091000
--- ... Processing event: 1092000
--- ... Processing event: 1093000
--- ... Processing event: 1094000
--- ... Processing event: 1095000
--- ... Processing event: 1096000
--- ... Processing event: 1097000
--- ... Processing event: 1098000
--- ... Processing event: 1099000
--- ... Processing event: 1100000
--- ... Processing event: 1101000
--- ... Processing event: 1102000
--- ... Processing event: 1103000
--- ... Processing event: 1104000
--- ... Processing event: 1105000
--- ... Processing event: 1106000
--- ... Processing event: 1107000
--- ... Processing event: 1108000
--- ... Processing event: 1109000
--- ... Processing event: 1110000
--- ... Processing event: 1111000
--- ... Processing event: 1112000
--- ... Processing event: 1113000
--- ... Processing event: 1114000
--- ... Processing event: 1115000
--- ... Processing event: 1116000
--- ... Processing event: 1117000
--- ... Processing event: 1118000
--- ... Processing event: 1119000
--- ... Processing event: 1120000
--- ... Processing event: 1121000
--- ... Processing event: 1122000
--- ... Processing event: 1123000
--- ... Processing event: 1124000
--- ... Processing event: 1125000
--- ... Processing event: 1126000
--- ... Processing event: 1127000
--- ... Processing event: 1128000
--- ... Processing event: 1129000
--- ... Processing event: 1130000
--- ... Processing event: 1131000
--- ... Processing event: 1132000
--- ... Processing event: 1133000
--- ... Processing event: 1134000
--- ... Processing event: 1135000
--- ... Processing event: 1136000
--- ... Processing event: 1137000
--- ... Processing event: 1138000
--- ... Processing event: 1139000
--- ... Processing event: 1140000
--- ... Processing event: 1141000
--- ... Processing event: 1142000
--- ... Processing event: 1143000
--- ... Processing event: 1144000
--- ... Processing event: 1145000
--- ... Processing event: 1146000
--- ... Processing event: 1147000
--- ... Processing event: 1148000
--- ... Processing event: 1149000
--- ... Processing event: 1150000
--- ... Processing event: 1151000
--- ... Processing event: 1152000
--- ... Processing event: 1153000
--- ... Processing event: 1154000
--- ... Processing event: 1155000
--- ... Processing event: 1156000
--- ... Processing event: 1157000
--- ... Processing event: 1158000
--- ... Processing event: 1159000
--- ... Processing event: 1160000
--- ... Processing event: 1161000
--- ... Processing event: 1162000
--- ... Processing event: 1163000
--- ... Processing event: 1164000
--- ... Processing event: 1165000
--- ... Processing event: 1166000
--- ... Processing event: 1167000
--- ... Processing event: 1168000
--- ... Processing event: 1169000
--- ... Processing event: 1170000
--- ... Processing event: 1171000
--- ... Processing event: 1172000
--- ... Processing event: 1173000
--- ... Processing event: 1174000
--- ... Processing event: 1175000
--- ... Processing event: 1176000
--- ... Processing event: 1177000
--- ... Processing event: 1178000
--- ... Processing event: 1179000
--- ... Processing event: 1180000
--- ... Processing event: 1181000
--- ... Processing event: 1182000
--- ... Processing event: 1183000
--- ... Processing event: 1184000
--- ... Processing event: 1185000
--- ... Processing event: 1186000
--- ... Processing event: 1187000
--- ... Processing event: 1188000
--- ... Processing event: 1189000
--- ... Processing event: 1190000
--- ... Processing event: 1191000
--- ... Processing event: 1192000
--- ... Processing event: 1193000
--- ... Processing event: 1194000
--- ... Processing event: 1195000
--- ... Processing event: 1196000
--- ... Processing event: 1197000
--- ... Processing event: 1198000
--- ... Processing event: 1199000
--- ... Processing event: 1200000
--- ... Processing event: 1201000
--- ... Processing event: 1202000
--- ... Processing event: 1203000
--- ... Processing event: 1204000
--- ... Processing event: 1205000
--- ... Processing event: 1206000
--- ... Processing event: 1207000
--- ... Processing event: 1208000
--- ... Processing event: 1209000
--- ... Processing event: 1210000
--- ... Processing event: 1211000
--- ... Processing event: 1212000
--- ... Processing event: 1213000
--- ... Processing event: 1214000
--- ... Processing event: 1215000
--- ... Processing event: 1216000
--- ... Processing event: 1217000
--- ... Processing event: 1218000
--- ... Processing event: 1219000
--- ... Processing event: 1220000
--- ... Processing event: 1221000
--- ... Processing event: 1222000
--- ... Processing event: 1223000
--- ... Processing event: 1224000
--- ... Processing event: 1225000
--- ... Processing event: 1226000
--- ... Processing event: 1227000
--- ... Processing event: 1228000
--- ... Processing event: 1229000
--- ... Processing event: 1230000
--- ... Processing event: 1231000
--- ... Processing event: 1232000
--- ... Processing event: 1233000
--- ... Processing event: 1234000
--- ... Processing event: 1235000
--- ... Processing event: 1236000
--- ... Processing event: 1237000
--- ... Processing event: 1238000
--- ... Processing event: 1239000
--- ... Processing event: 1240000
--- ... Processing event: 1241000
--- ... Processing event: 1242000
--- ... Processing event: 1243000
--- ... Processing event: 1244000
--- ... Processing event: 1245000
--- ... Processing event: 1246000
--- ... Processing event: 1247000
--- ... Processing event: 1248000
--- ... Processing event: 1249000
--- ... Processing event: 1250000
--- ... Processing event: 1251000
--- ... Processing event: 1252000
--- ... Processing event: 1253000
--- ... Processing event: 1254000
--- ... Processing event: 1255000
--- ... Processing event: 1256000
--- ... Processing event: 1257000
--- ... Processing event: 1258000
--- ... Processing event: 1259000
--- ... Processing event: 1260000
--- ... Processing event: 1261000
--- ... Processing event: 1262000
--- ... Processing event: 1263000
--- ... Processing event: 1264000
--- ... Processing event: 1265000
--- ... Processing event: 1266000
--- ... Processing event: 1267000
--- ... Processing event: 1268000
--- ... Processing event: 1269000
--- ... Processing event: 1270000
--- ... Processing event: 1271000
--- ... Processing event: 1272000
--- ... Processing event: 1273000
--- ... Processing event: 1274000
--- ... Processing event: 1275000
--- ... Processing event: 1276000
--- ... Processing event: 1277000
--- ... Processing event: 1278000
--- ... Processing event: 1279000
--- ... Processing event: 1280000
--- ... Processing event: 1281000
--- ... Processing event: 1282000
--- ... Processing event: 1283000
--- ... Processing event: 1284000
--- ... Processing event: 1285000
--- ... Processing event: 1286000
--- ... Processing event: 1287000
--- ... Processing event: 1288000
--- ... Processing event: 1289000
--- ... Processing event: 1290000
--- ... Processing event: 1291000
--- ... Processing event: 1292000
--- ... Processing event: 1293000
--- ... Processing event: 1294000
--- ... Processing event: 1295000
--- ... Processing event: 1296000
--- ... Processing event: 1297000
--- ... Processing event: 1298000
--- ... Processing event: 1299000
--- ... Processing event: 1300000
--- ... Processing event: 1301000
--- ... Processing event: 1302000
--- ... Processing event: 1303000
--- ... Processing event: 1304000
--- ... Processing event: 1305000
--- ... Processing event: 1306000
--- ... Processing event: 1307000
--- ... Processing event: 1308000
--- ... Processing event: 1309000
--- ... Processing event: 1310000
--- ... Processing event: 1311000
--- ... Processing event: 1312000
--- ... Processing event: 1313000
--- ... Processing event: 1314000
--- ... Processing event: 1315000
--- ... Processing event: 1316000
--- ... Processing event: 1317000
--- ... Processing event: 1318000
--- ... Processing event: 1319000
--- ... Processing event: 1320000
--- ... Processing event: 1321000
--- ... Processing event: 1322000
--- ... Processing event: 1323000
--- ... Processing event: 1324000
--- ... Processing event: 1325000
--- ... Processing event: 1326000
--- ... Processing event: 1327000
--- ... Processing event: 1328000
--- ... Processing event: 1329000
--- ... Processing event: 1330000
--- ... Processing event: 1331000
--- ... Processing event: 1332000
--- ... Processing event: 1333000
--- ... Processing event: 1334000
--- ... Processing event: 1335000
--- ... Processing event: 1336000
--- ... Processing event: 1337000
--- ... Processing event: 1338000
--- ... Processing event: 1339000
--- ... Processing event: 1340000
--- ... Processing event: 1341000
--- ... Processing event: 1342000
--- ... Processing event: 1343000
--- ... Processing event: 1344000
--- ... Processing event: 1345000
--- ... Processing event: 1346000
--- ... Processing event: 1347000
--- ... Processing event: 1348000
--- ... Processing event: 1349000
--- ... Processing event: 1350000
--- ... Processing event: 1351000
--- ... Processing event: 1352000
--- ... Processing event: 1353000
--- ... Processing event: 1354000
--- ... Processing event: 1355000
--- ... Processing event: 1356000
--- ... Processing event: 1357000
--- ... Processing event: 1358000
--- ... Processing event: 1359000
--- ... Processing event: 1360000
--- ... Processing event: 1361000
--- ... Processing event: 1362000
--- ... Processing event: 1363000
--- ... Processing event: 1364000
--- ... Processing event: 1365000
--- ... Processing event: 1366000
--- ... Processing event: 1367000
--- ... Processing event: 1368000
--- ... Processing event: 1369000
--- ... Processing event: 1370000
--- ... Processing event: 1371000
--- ... Processing event: 1372000
--- ... Processing event: 1373000
--- ... Processing event: 1374000
--- ... Processing event: 1375000
--- ... Processing event: 1376000
--- ... Processing event: 1377000
--- ... Processing event: 1378000
--- ... Processing event: 1379000
--- ... Processing event: 1380000
--- ... Processing event: 1381000
--- ... Processing event: 1382000
--- ... Processing event: 1383000
--- ... Processing event: 1384000
--- ... Processing event: 1385000
--- ... Processing event: 1386000
--- ... Processing event: 1387000
--- ... Processing event: 1388000
--- ... Processing event: 1389000
--- ... Processing event: 1390000
--- ... Processing event: 1391000
--- ... Processing event: 1392000
--- ... Processing event: 1393000
--- ... Processing event: 1394000
--- ... Processing event: 1395000
--- ... Processing event: 1396000
--- ... Processing event: 1397000
--- ... Processing event: 1398000
--- ... Processing event: 1399000
--- ... Processing event: 1400000
--- ... Processing event: 1401000
--- ... Processing event: 1402000
--- ... Processing event: 1403000
--- ... Processing event: 1404000
--- ... Processing event: 1405000
--- ... Processing event: 1406000
--- ... Processing event: 1407000
--- ... Processing event: 1408000
--- ... Processing event: 1409000
--- ... Processing event: 1410000
--- ... Processing event: 1411000
--- ... Processing event: 1412000
--- ... Processing event: 1413000
--- ... Processing event: 1414000
--- ... Processing event: 1415000
--- ... Processing event: 1416000
--- ... Processing event: 1417000
--- ... Processing event: 1418000
--- ... Processing event: 1419000
--- ... Processing event: 1420000
--- ... Processing event: 1421000
--- ... Processing event: 1422000
--- ... Processing event: 1423000
--- ... Processing event: 1424000
--- ... Processing event: 1425000
--- ... Processing event: 1426000
--- ... Processing event: 1427000
--- ... Processing event: 1428000
--- ... Processing event: 1429000
--- ... Processing event: 1430000
--- ... Processing event: 1431000
--- ... Processing event: 1432000
--- ... Processing event: 1433000
--- ... Processing event: 1434000
--- ... Processing event: 1435000
--- ... Processing event: 1436000
--- ... Processing event: 1437000
--- ... Processing event: 1438000
--- ... Processing event: 1439000
--- ... Processing event: 1440000
--- ... Processing event: 1441000
--- ... Processing event: 1442000
--- ... Processing event: 1443000
--- ... Processing event: 1444000
--- ... Processing event: 1445000
--- ... Processing event: 1446000
--- ... Processing event: 1447000
--- ... Processing event: 1448000
--- ... Processing event: 1449000
--- ... Processing event: 1450000
--- ... Processing event: 1451000
--- ... Processing event: 1452000
--- ... Processing event: 1453000
--- ... Processing event: 1454000
--- ... Processing event: 1455000
--- ... Processing event: 1456000
--- ... Processing event: 1457000
--- ... Processing event: 1458000
--- ... Processing event: 1459000
--- ... Processing event: 1460000
--- ... Processing event: 1461000
--- ... Processing event: 1462000
--- ... Processing event: 1463000
--- ... Processing event: 1464000
--- ... Processing event: 1465000
--- ... Processing event: 1466000
--- ... Processing event: 1467000
--- ... Processing event: 1468000
--- ... Processing event: 1469000
--- ... Processing event: 1470000
--- ... Processing event: 1471000
--- ... Processing event: 1472000
--- ... Processing event: 1473000
--- ... Processing event: 1474000
--- ... Processing event: 1475000
--- ... Processing event: 1476000
--- ... Processing event: 1477000
--- ... Processing event: 1478000
--- ... Processing event: 1479000
--- ... Processing event: 1480000
--- ... Processing event: 1481000
--- ... Processing event: 1482000
--- ... Processing event: 1483000
--- ... Processing event: 1484000
--- ... Processing event: 1485000
--- ... Processing event: 1486000
--- ... Processing event: 1487000
--- ... Processing event: 1488000
--- ... Processing event: 1489000
--- ... Processing event: 1490000
--- ... Processing event: 1491000
--- ... Processing event: 1492000
--- ... Processing event: 1493000
--- ... Processing event: 1494000
--- ... Processing event: 1495000
--- ... Processing event: 1496000
--- ... Processing event: 1497000
--- ... Processing event: 1498000
--- ... Processing event: 1499000
--- ... Processing event: 1500000
--- ... Processing event: 1501000
--- ... Processing event: 1502000
--- ... Processing event: 1503000
--- ... Processing event: 1504000
--- ... Processing event: 1505000
--- ... Processing event: 1506000
--- ... Processing event: 1507000
--- ... Processing event: 1508000
--- ... Processing event: 1509000
--- ... Processing event: 1510000
--- ... Processing event: 1511000
--- ... Processing event: 1512000
--- ... Processing event: 1513000
--- ... Processing event: 1514000
--- ... Processing event: 1515000
--- ... Processing event: 1516000
--- ... Processing event: 1517000
--- ... Processing event: 1518000
--- ... Processing event: 1519000
--- ... Processing event: 1520000
--- ... Processing event: 1521000
--- ... Processing event: 1522000
--- ... Processing event: 1523000
--- ... Processing event: 1524000
--- ... Processing event: 1525000
--- ... Processing event: 1526000
--- ... Processing event: 1527000
--- ... Processing event: 1528000
--- ... Processing event: 1529000
--- ... Processing event: 1530000
--- ... Processing event: 1531000
--- ... Processing event: 1532000
--- ... Processing event: 1533000
--- ... Processing event: 1534000
--- ... Processing event: 1535000
--- ... Processing event: 1536000
--- ... Processing event: 1537000
--- ... Processing event: 1538000
--- ... Processing event: 1539000
--- ... Processing event: 1540000
--- ... Processing event: 1541000
--- ... Processing event: 1542000
--- ... Processing event: 1543000
--- ... Processing event: 1544000
--- ... Processing event: 1545000
--- ... Processing event: 1546000
--- ... Processing event: 1547000
--- ... Processing event: 1548000
--- ... Processing event: 1549000
--- ... Processing event: 1550000
--- ... Processing event: 1551000
--- ... Processing event: 1552000
--- ... Processing event: 1553000
--- ... Processing event: 1554000
--- ... Processing event: 1555000
--- ... Processing event: 1556000
--- ... Processing event: 1557000
--- ... Processing event: 1558000
--- ... Processing event: 1559000
--- ... Processing event: 1560000
--- ... Processing event: 1561000
--- ... Processing event: 1562000
--- ... Processing event: 1563000
--- ... Processing event: 1564000
--- ... Processing event: 1565000
--- ... Processing event: 1566000
--- ... Processing event: 1567000
--- ... Processing event: 1568000
--- ... Processing event: 1569000
--- ... Processing event: 1570000
--- ... Processing event: 1571000
--- ... Processing event: 1572000
--- ... Processing event: 1573000
--- ... Processing event: 1574000
--- ... Processing event: 1575000
--- ... Processing event: 1576000
--- ... Processing event: 1577000
--- ... Processing event: 1578000
--- ... Processing event: 1579000
--- ... Processing event: 1580000
--- ... Processing event: 1581000
--- ... Processing event: 1582000
--- ... Processing event: 1583000
--- ... Processing event: 1584000
--- ... Processing event: 1585000
--- ... Processing event: 1586000
--- ... Processing event: 1587000
--- ... Processing event: 1588000
--- ... Processing event: 1589000
--- ... Processing event: 1590000
--- ... Processing event: 1591000
--- ... Processing event: 1592000
--- ... Processing event: 1593000
--- ... Processing event: 1594000
--- ... Processing event: 1595000
--- ... Processing event: 1596000
--- ... Processing event: 1597000
--- ... Processing event: 1598000
--- ... Processing event: 1599000
--- ... Processing event: 1600000
--- ... Processing event: 1601000
--- ... Processing event: 1602000
--- ... Processing event: 1603000
--- ... Processing event: 1604000
--- ... Processing event: 1605000
--- ... Processing event: 1606000
--- ... Processing event: 1607000
--- ... Processing event: 1608000
--- ... Processing event: 1609000
--- ... Processing event: 1610000
--- ... Processing event: 1611000
--- ... Processing event: 1612000
--- ... Processing event: 1613000
--- ... Processing event: 1614000
--- ... Processing event: 1615000
--- ... Processing event: 1616000
--- ... Processing event: 1617000
--- ... Processing event: 1618000
--- ... Processing event: 1619000
--- ... Processing event: 1620000
--- ... Processing event: 1621000
--- ... Processing event: 1622000
--- ... Processing event: 1623000
--- ... Processing event: 1624000
--- ... Processing event: 1625000
--- ... Processing event: 1626000
--- ... Processing event: 1627000
--- ... Processing event: 1628000
--- ... Processing event: 1629000
--- ... Processing event: 1630000
--- ... Processing event: 1631000
--- ... Processing event: 1632000
--- ... Processing event: 1633000
--- ... Processing event: 1634000
--- ... Processing event: 1635000
--- ... Processing event: 1636000
--- ... Processing event: 1637000
--- ... Processing event: 1638000
--- ... Processing event: 1639000
--- ... Processing event: 1640000
--- ... Processing event: 1641000
--- ... Processing event: 1642000
--- ... Processing event: 1643000
--- ... Processing event: 1644000
--- ... Processing event: 1645000
--- ... Processing event: 1646000
--- ... Processing event: 1647000
--- ... Processing event: 1648000
--- ... Processing event: 1649000
--- ... Processing event: 1650000
--- ... Processing event: 1651000
--- ... Processing event: 1652000
--- ... Processing event: 1653000
--- ... Processing event: 1654000
--- ... Processing event: 1655000
--- ... Processing event: 1656000
--- ... Processing event: 1657000
--- ... Processing event: 1658000
--- ... Processing event: 1659000
--- ... Processing event: 1660000
--- ... Processing event: 1661000
--- ... Processing event: 1662000
--- ... Processing event: 1663000
--- ... Processing event: 1664000
--- ... Processing event: 1665000
--- ... Processing event: 1666000
--- ... Processing event: 1667000
--- ... Processing event: 1668000
--- ... Processing event: 1669000
--- ... Processing event: 1670000
--- ... Processing event: 1671000
--- ... Processing event: 1672000
--- ... Processing event: 1673000
--- ... Processing event: 1674000
--- ... Processing event: 1675000
--- ... Processing event: 1676000
--- ... Processing event: 1677000
--- ... Processing event: 1678000
--- ... Processing event: 1679000
--- ... Processing event: 1680000
--- ... Processing event: 1681000
--- ... Processing event: 1682000
--- ... Processing event: 1683000
--- ... Processing event: 1684000
--- ... Processing event: 1685000
--- ... Processing event: 1686000
--- ... Processing event: 1687000
--- ... Processing event: 1688000
--- ... Processing event: 1689000
--- ... Processing event: 1690000
--- ... Processing event: 1691000
--- ... Processing event: 1692000
--- ... Processing event: 1693000
--- ... Processing event: 1694000
--- ... Processing event: 1695000
--- ... Processing event: 1696000
--- ... Processing event: 1697000
--- ... Processing event: 1698000
--- ... Processing event: 1699000
--- ... Processing event: 1700000
--- ... Processing event: 1701000
--- ... Processing event: 1702000
--- ... Processing event: 1703000
--- ... Processing event: 1704000
--- ... Processing event: 1705000
--- ... Processing event: 1706000
--- ... Processing event: 1707000
--- ... Processing event: 1708000
--- ... Processing event: 1709000
--- ... Processing event: 1710000
--- ... Processing event: 1711000
--- ... Processing event: 1712000
--- ... Processing event: 1713000
--- ... Processing event: 1714000
--- ... Processing event: 1715000
--- ... Processing event: 1716000
--- ... Processing event: 1717000
--- ... Processing event: 1718000
--- ... Processing event: 1719000
--- ... Processing event: 1720000
--- ... Processing event: 1721000
--- ... Processing event: 1722000
--- ... Processing event: 1723000
--- ... Processing event: 1724000
--- ... Processing event: 1725000
--- ... Processing event: 1726000
--- ... Processing event: 1727000
--- ... Processing event: 1728000
--- ... Processing event: 1729000
--- ... Processing event: 1730000
--- ... Processing event: 1731000
--- ... Processing event: 1732000
--- ... Processing event: 1733000
--- ... Processing event: 1734000
--- ... Processing event: 1735000
--- ... Processing event: 1736000
--- ... Processing event: 1737000
--- ... Processing event: 1738000
--- ... Processing event: 1739000
--- ... Processing event: 1740000
--- ... Processing event: 1741000
--- ... Processing event: 1742000
--- ... Processing event: 1743000
--- ... Processing event: 1744000
--- ... Processing event: 1745000
--- ... Processing event: 1746000
--- ... Processing event: 1747000
--- ... Processing event: 1748000
--- ... Processing event: 1749000
--- ... Processing event: 1750000
--- ... Processing event: 1751000
--- ... Processing event: 1752000
--- ... Processing event: 1753000
--- ... Processing event: 1754000
--- End of event loop: Real time 0:16:15, CP time 882.730
