000 (2497409.005.000) 11/09 15:27:50 Job submitted from host: <192.168.1.109:9714>
...
001 (2497409.005.000) 11/09 15:28:13 Job executing on host: <192.168.1.46:9845>
...
006 (2497409.005.000) 11/09 15:28:22 Image size of job updated: 390756
	76  -  MemoryUsage of job (MB)
	76892  -  ResidentSetSize of job (KB)
...
006 (2497409.005.000) 11/09 15:33:24 Image size of job updated: 1000056
	485  -  MemoryUsage of job (MB)
	496440  -  ResidentSetSize of job (KB)
...
006 (2497409.005.000) 11/09 15:53:26 Image size of job updated: 1000056
	601  -  MemoryUsage of job (MB)
	614504  -  ResidentSetSize of job (KB)
...
005 (2497409.005.000) 11/09 15:56:26 Job terminated.
	(1) Normal termination (return value 0)
		Usr 0 00:15:01, Sys 0 00:00:52  -  Run Remote Usage
		Usr 0 00:00:00, Sys 0 00:00:00  -  Run Local Usage
		Usr 0 00:15:01, Sys 0 00:00:52  -  Total Remote Usage
		Usr 0 00:00:00, Sys 0 00:00:00  -  Total Local Usage
	0  -  Run Bytes Sent By Job
	0  -  Run Bytes Received By Job
	0  -  Total Bytes Sent By Job
	0  -  Total Bytes Received By Job
	Partitionable Resources :    Usage  Request Allocated
	   Cpus                 :                 1         1
	   Disk (KB)            :        1        1   2371532
	   Memory (MB)          :      601        1      4035
...
