000 (2492883.107.000) 11/08 23:42:30 Job submitted from host: <192.168.1.109:9714>
...
001 (2492883.107.000) 11/08 23:42:58 Job executing on host: <192.168.1.63:9932>
...
006 (2492883.107.000) 11/08 23:43:06 Image size of job updated: 345804
	72  -  MemoryUsage of job (MB)
	72816  -  ResidentSetSize of job (KB)
...
006 (2492883.107.000) 11/08 23:48:06 Image size of job updated: 883828
	425  -  MemoryUsage of job (MB)
	435024  -  ResidentSetSize of job (KB)
...
005 (2492883.107.000) 11/08 23:48:34 Job terminated.
	(1) Normal termination (return value 0)
		Usr 0 00:04:59, Sys 0 00:00:18  -  Run Remote Usage
		Usr 0 00:00:00, Sys 0 00:00:00  -  Run Local Usage
		Usr 0 00:04:59, Sys 0 00:00:18  -  Total Remote Usage
		Usr 0 00:00:00, Sys 0 00:00:00  -  Total Local Usage
	0  -  Run Bytes Sent By Job
	0  -  Run Bytes Received By Job
	0  -  Total Bytes Sent By Job
	0  -  Total Bytes Received By Job
	Partitionable Resources :    Usage  Request Allocated
	   Cpus                 :                 1         1
	   Disk (KB)            :        1        1  19565828
	   Memory (MB)          :      425        1      4033
...
