000 (2492234.037.000) 11/08 21:18:49 Job submitted from host: <192.168.1.109:9714>
...
001 (2492234.037.000) 11/08 21:19:24 Job executing on host: <192.168.1.49:9578>
...
006 (2492234.037.000) 11/08 21:19:32 Image size of job updated: 464568
	135  -  MemoryUsage of job (MB)
	138028  -  ResidentSetSize of job (KB)
...
006 (2492234.037.000) 11/08 21:20:43 Image size of job updated: 870960
	135  -  MemoryUsage of job (MB)
	138028  -  ResidentSetSize of job (KB)
...
005 (2492234.037.000) 11/08 21:20:43 Job terminated.
	(1) Normal termination (return value 0)
		Usr 0 00:00:36, Sys 0 00:00:02  -  Run Remote Usage
		Usr 0 00:00:00, Sys 0 00:00:00  -  Run Local Usage
		Usr 0 00:00:36, Sys 0 00:00:02  -  Total Remote Usage
		Usr 0 00:00:00, Sys 0 00:00:00  -  Total Local Usage
	0  -  Run Bytes Sent By Job
	0  -  Run Bytes Received By Job
	0  -  Total Bytes Sent By Job
	0  -  Total Bytes Received By Job
	Partitionable Resources :    Usage  Request Allocated
	   Cpus                 :                 1         1
	   Disk (KB)            :        1        1  28379741
	   Memory (MB)          :      135        1      4033
...
