/cvmfs/cms.cern.ch
/cms/mchristos/ANN/FireMVA/2017
InputBundle_Other_{Fake}_Input_54_Tree

Processing outFiles/Application_1/InputBundle_Other_{Fake}_Input_54_Tree/Application_Fakes_3L_2017.C...
                         : Booking "BDTG method" of type "BDT" from /cms/mchristos/ANN/FireMVA/L3Only/dl/weights/fire_MVA_FakeElectrons_BDT.weights.xml.
                         : Reading weight file: /cms/mchristos/ANN/FireMVA/L3Only/dl/weights/fire_MVA_FakeElectrons_BDT.weights.xml
<HEADER> DataSetInfo              : [Default] : Added class "Background"
<HEADER> DataSetInfo              : [Default] : Added class "Signal"
                         : Booked classifier "BDT" of type: "BDT"
                         : Booking "BDTG method" of type "BDT" from /cms/mchristos/ANN/FireMVA/L3Only/dl/weights/fire_MVA_FakeMuons_BDT.weights.xml.
                         : Reading weight file: /cms/mchristos/ANN/FireMVA/L3Only/dl/weights/fire_MVA_FakeMuons_BDT.weights.xml
<HEADER> DataSetInfo              : [Default] : Added class "Background"
<HEADER> DataSetInfo              : [Default] : Added class "Signal"
                         : Booked classifier "BDT" of type: "BDT"
--- TMVAClassificationApp    : Using input file: outFiles/Application_1/InputBundle_Other_{Fake}_Input_54_Tree/BDT2_tree.root
--- Select sample
--- Processing: 47924 events
--- ... Processing event: 0
--- ... Processing event: 1000
--- ... Processing event: 2000
--- ... Processing event: 3000
--- ... Processing event: 4000
--- ... Processing event: 5000
--- ... Processing event: 6000
--- ... Processing event: 7000
--- ... Processing event: 8000
--- ... Processing event: 9000
--- ... Processing event: 10000
--- ... Processing event: 11000
--- ... Processing event: 12000
--- ... Processing event: 13000
--- ... Processing event: 14000
--- ... Processing event: 15000
--- ... Processing event: 16000
--- ... Processing event: 17000
--- ... Processing event: 18000
--- ... Processing event: 19000
--- ... Processing event: 20000
--- ... Processing event: 21000
--- ... Processing event: 22000
--- ... Processing event: 23000
--- ... Processing event: 24000
--- ... Processing event: 25000
--- ... Processing event: 26000
--- ... Processing event: 27000
--- ... Processing event: 28000
--- ... Processing event: 29000
--- ... Processing event: 30000
--- ... Processing event: 31000
--- ... Processing event: 32000
--- ... Processing event: 33000
--- ... Processing event: 34000
--- ... Processing event: 35000
--- ... Processing event: 36000
--- ... Processing event: 37000
--- ... Processing event: 38000
--- ... Processing event: 39000
--- ... Processing event: 40000
--- ... Processing event: 41000
--- ... Processing event: 42000
--- ... Processing event: 43000
--- ... Processing event: 44000
--- ... Processing event: 45000
--- ... Processing event: 46000
--- ... Processing event: 47000
--- End of event loop: Real time 0:01:10, CP time 32.070
