000 (2464980.088.000) 11/02 16:52:06 Job submitted from host: <192.168.1.109:9308>
...
001 (2464980.088.000) 11/02 16:52:41 Job executing on host: <192.168.1.66:9432>
...
006 (2464980.088.000) 11/02 16:52:50 Image size of job updated: 435672
	104  -  MemoryUsage of job (MB)
	106412  -  ResidentSetSize of job (KB)
...
006 (2464980.088.000) 11/02 16:53:17 Image size of job updated: 446500
	104  -  MemoryUsage of job (MB)
	106412  -  ResidentSetSize of job (KB)
...
005 (2464980.088.000) 11/02 16:53:17 Job terminated.
	(1) Normal termination (return value 0)
		Usr 0 00:00:10, Sys 0 00:00:00  -  Run Remote Usage
		Usr 0 00:00:00, Sys 0 00:00:00  -  Run Local Usage
		Usr 0 00:00:10, Sys 0 00:00:00  -  Total Remote Usage
		Usr 0 00:00:00, Sys 0 00:00:00  -  Total Local Usage
	0  -  Run Bytes Sent By Job
	0  -  Run Bytes Received By Job
	0  -  Total Bytes Sent By Job
	0  -  Total Bytes Received By Job
	Partitionable Resources :    Usage  Request Allocated
	   Cpus                 :                 1         1
	   Disk (KB)            :        1        1  19563900
	   Memory (MB)          :      104        1      4033
...
