000 (2492274.076.000) 11/08 21:22:00 Job submitted from host: <192.168.1.109:9714>
...
001 (2492274.076.000) 11/08 21:22:45 Job executing on host: <192.168.1.49:9578>
...
006 (2492274.076.000) 11/08 21:22:54 Image size of job updated: 360748
	73  -  MemoryUsage of job (MB)
	73752  -  ResidentSetSize of job (KB)
...
006 (2492274.076.000) 11/08 21:27:56 Image size of job updated: 1062408
	518  -  MemoryUsage of job (MB)
	530340  -  ResidentSetSize of job (KB)
...
006 (2492274.076.000) 11/08 21:32:56 Image size of job updated: 1062408
	519  -  MemoryUsage of job (MB)
	530636  -  ResidentSetSize of job (KB)
...
006 (2492274.076.000) 11/08 21:37:57 Image size of job updated: 1062408
	519  -  MemoryUsage of job (MB)
	530800  -  ResidentSetSize of job (KB)
...
006 (2492274.076.000) 11/08 21:42:58 Image size of job updated: 1062408
	519  -  MemoryUsage of job (MB)
	530844  -  ResidentSetSize of job (KB)
...
005 (2492274.076.000) 11/08 21:45:02 Job terminated.
	(1) Normal termination (return value 0)
		Usr 0 00:03:11, Sys 0 00:00:12  -  Run Remote Usage
		Usr 0 00:00:00, Sys 0 00:00:00  -  Run Local Usage
		Usr 0 00:03:11, Sys 0 00:00:12  -  Total Remote Usage
		Usr 0 00:00:00, Sys 0 00:00:00  -  Total Local Usage
	0  -  Run Bytes Sent By Job
	0  -  Run Bytes Received By Job
	0  -  Total Bytes Sent By Job
	0  -  Total Bytes Received By Job
	Partitionable Resources :    Usage  Request Allocated
	   Cpus                 :                 1         1
	   Disk (KB)            :        1        1  28379741
	   Memory (MB)          :      519        1      4033
...
