000 (2492235.088.000) 11/08 21:19:20 Job submitted from host: <192.168.1.109:9714>
...
001 (2492235.088.000) 11/08 21:20:01 Job executing on host: <192.168.1.50:9434>
...
006 (2492235.088.000) 11/08 21:20:09 Image size of job updated: 1
	3  -  MemoryUsage of job (MB)
	2112  -  ResidentSetSize of job (KB)
...
006 (2492235.088.000) 11/08 21:25:11 Image size of job updated: 1062408
	440  -  MemoryUsage of job (MB)
	449920  -  ResidentSetSize of job (KB)
...
006 (2492235.088.000) 11/08 21:30:11 Image size of job updated: 1062408
	441  -  MemoryUsage of job (MB)
	451236  -  ResidentSetSize of job (KB)
...
006 (2492235.088.000) 11/08 21:35:11 Image size of job updated: 1062408
	441  -  MemoryUsage of job (MB)
	451240  -  ResidentSetSize of job (KB)
...
006 (2492235.088.000) 11/08 21:40:12 Image size of job updated: 1062408
	441  -  MemoryUsage of job (MB)
	451436  -  ResidentSetSize of job (KB)
...
005 (2492235.088.000) 11/08 21:44:53 Job terminated.
	(1) Normal termination (return value 0)
		Usr 0 00:03:50, Sys 0 00:00:14  -  Run Remote Usage
		Usr 0 00:00:00, Sys 0 00:00:00  -  Run Local Usage
		Usr 0 00:03:50, Sys 0 00:00:14  -  Total Remote Usage
		Usr 0 00:00:00, Sys 0 00:00:00  -  Total Local Usage
	0  -  Run Bytes Sent By Job
	0  -  Run Bytes Received By Job
	0  -  Total Bytes Sent By Job
	0  -  Total Bytes Received By Job
	Partitionable Resources :    Usage  Request Allocated
	   Cpus                 :                 1         1
	   Disk (KB)            :        1        1  28379735
	   Memory (MB)          :      441        1      4033
...
