000 (2493183.088.000) 11/09 00:44:14 Job submitted from host: <192.168.1.109:9714>
...
001 (2493183.088.000) 11/09 00:44:26 Job executing on host: <192.168.1.51:9694>
...
006 (2493183.088.000) 11/09 00:44:35 Image size of job updated: 443788
	119  -  MemoryUsage of job (MB)
	121120  -  ResidentSetSize of job (KB)
...
006 (2493183.088.000) 11/09 00:49:35 Image size of job updated: 1050864
	495  -  MemoryUsage of job (MB)
	506292  -  ResidentSetSize of job (KB)
...
006 (2493183.088.000) 11/09 00:54:36 Image size of job updated: 1050864
	496  -  MemoryUsage of job (MB)
	506980  -  ResidentSetSize of job (KB)
...
006 (2493183.088.000) 11/09 00:59:37 Image size of job updated: 1050864
	496  -  MemoryUsage of job (MB)
	506996  -  ResidentSetSize of job (KB)
...
006 (2493183.088.000) 11/09 01:04:37 Image size of job updated: 1050864
	496  -  MemoryUsage of job (MB)
	507044  -  ResidentSetSize of job (KB)
...
005 (2493183.088.000) 11/09 01:08:41 Job terminated.
	(1) Normal termination (return value 0)
		Usr 0 00:03:20, Sys 0 00:00:12  -  Run Remote Usage
		Usr 0 00:00:00, Sys 0 00:00:00  -  Run Local Usage
		Usr 0 00:03:20, Sys 0 00:00:12  -  Total Remote Usage
		Usr 0 00:00:00, Sys 0 00:00:00  -  Total Local Usage
	0  -  Run Bytes Sent By Job
	0  -  Run Bytes Received By Job
	0  -  Total Bytes Sent By Job
	0  -  Total Bytes Received By Job
	Partitionable Resources :    Usage  Request Allocated
	   Cpus                 :                 1         1
	   Disk (KB)            :        1        1  28379828
	   Memory (MB)          :      496        1      4033
...
