000 (2504803.076.000) 11/16 01:01:59 Job submitted from host: <192.168.1.109:9714>
...
001 (2504803.076.000) 11/16 01:02:23 Job executing on host: <192.168.1.66:9620>
...
006 (2504803.076.000) 11/16 01:02:31 Image size of job updated: 181932
	32  -  MemoryUsage of job (MB)
	32316  -  ResidentSetSize of job (KB)
...
006 (2504803.076.000) 11/16 01:02:39 Image size of job updated: 476252
	32  -  MemoryUsage of job (MB)
	32316  -  ResidentSetSize of job (KB)
...
005 (2504803.076.000) 11/16 01:02:39 Job terminated.
	(1) Normal termination (return value 0)
		Usr 0 00:00:09, Sys 0 00:00:00  -  Run Remote Usage
		Usr 0 00:00:00, Sys 0 00:00:00  -  Run Local Usage
		Usr 0 00:00:09, Sys 0 00:00:00  -  Total Remote Usage
		Usr 0 00:00:00, Sys 0 00:00:00  -  Total Local Usage
	0  -  Run Bytes Sent By Job
	0  -  Run Bytes Received By Job
	0  -  Total Bytes Sent By Job
	0  -  Total Bytes Received By Job
	Partitionable Resources :    Usage  Request Allocated
	   Cpus                 :                 1         1
	   Disk (KB)            :        1        1  19562355
	   Memory (MB)          :       32        1      4033
...
