000 (2491133.127.000) 11/08 19:40:20 Job submitted from host: <192.168.1.109:9714>
...
001 (2491133.127.000) 11/08 19:40:56 Job executing on host: <192.168.1.46:9845>
...
006 (2491133.127.000) 11/08 19:41:05 Image size of job updated: 97668
	3  -  MemoryUsage of job (MB)
	2676  -  ResidentSetSize of job (KB)
...
006 (2491133.127.000) 11/08 19:46:06 Image size of job updated: 1003308
	489  -  MemoryUsage of job (MB)
	500464  -  ResidentSetSize of job (KB)
...
006 (2491133.127.000) 11/08 19:51:06 Image size of job updated: 1003308
	490  -  MemoryUsage of job (MB)
	500848  -  ResidentSetSize of job (KB)
...
006 (2491133.127.000) 11/08 19:56:06 Image size of job updated: 1003308
	491  -  MemoryUsage of job (MB)
	501972  -  ResidentSetSize of job (KB)
...
006 (2491133.127.000) 11/08 20:01:07 Image size of job updated: 1174672
	693  -  MemoryUsage of job (MB)
	708700  -  ResidentSetSize of job (KB)
...
006 (2491133.127.000) 11/08 20:06:07 Image size of job updated: 1174672
	699  -  MemoryUsage of job (MB)
	715456  -  ResidentSetSize of job (KB)
...
006 (2491133.127.000) 11/08 20:11:07 Image size of job updated: 1174672
	702  -  MemoryUsage of job (MB)
	718824  -  ResidentSetSize of job (KB)
...
005 (2491133.127.000) 11/08 20:12:08 Job terminated.
	(1) Normal termination (return value 0)
		Usr 0 00:16:28, Sys 0 00:01:08  -  Run Remote Usage
		Usr 0 00:00:00, Sys 0 00:00:00  -  Run Local Usage
		Usr 0 00:16:28, Sys 0 00:01:08  -  Total Remote Usage
		Usr 0 00:00:00, Sys 0 00:00:00  -  Total Local Usage
	0  -  Run Bytes Sent By Job
	0  -  Run Bytes Received By Job
	0  -  Total Bytes Sent By Job
	0  -  Total Bytes Received By Job
	Partitionable Resources :    Usage  Request Allocated
	   Cpus                 :                 1         1
	   Disk (KB)            :        1        1   2371641
	   Memory (MB)          :      702        1      4035
...
