000 (2491851.127.000) 11/08 20:36:48 Job submitted from host: <192.168.1.109:9714>
...
001 (2491851.127.000) 11/08 20:37:19 Job executing on host: <192.168.1.44:9507>
...
006 (2491851.127.000) 11/08 20:37:28 Image size of job updated: 75148
	3  -  MemoryUsage of job (MB)
	2620  -  ResidentSetSize of job (KB)
...
006 (2491851.127.000) 11/08 20:42:29 Image size of job updated: 1003312
	490  -  MemoryUsage of job (MB)
	501596  -  ResidentSetSize of job (KB)
...
006 (2491851.127.000) 11/08 21:37:34 Image size of job updated: 1003312
	519  -  MemoryUsage of job (MB)
	530532  -  ResidentSetSize of job (KB)
...
006 (2491851.127.000) 11/08 21:42:35 Image size of job updated: 1003312
	539  -  MemoryUsage of job (MB)
	551168  -  ResidentSetSize of job (KB)
...
006 (2491851.127.000) 11/08 22:02:38 Image size of job updated: 1003312
	539  -  MemoryUsage of job (MB)
	551176  -  ResidentSetSize of job (KB)
...
006 (2491851.127.000) 11/08 22:07:38 Image size of job updated: 1003312
	539  -  MemoryUsage of job (MB)
	551180  -  ResidentSetSize of job (KB)
...
005 (2491851.127.000) 11/08 22:10:14 Job terminated.
	(1) Normal termination (return value 0)
		Usr 0 00:21:19, Sys 0 00:01:15  -  Run Remote Usage
		Usr 0 00:00:00, Sys 0 00:00:00  -  Run Local Usage
		Usr 0 00:21:19, Sys 0 00:01:15  -  Total Remote Usage
		Usr 0 00:00:00, Sys 0 00:00:00  -  Total Local Usage
	0  -  Run Bytes Sent By Job
	0  -  Run Bytes Received By Job
	0  -  Total Bytes Sent By Job
	0  -  Total Bytes Received By Job
	Partitionable Resources :    Usage  Request Allocated
	   Cpus                 :                 1         1
	   Disk (KB)            :        1        1   2370200
	   Memory (MB)          :      539        1      4035
...
