000 (2492234.007.000) 11/08 21:18:48 Job submitted from host: <192.168.1.109:9714>
...
001 (2492234.007.000) 11/08 21:19:22 Job executing on host: <192.168.1.50:9434>
...
006 (2492234.007.000) 11/08 21:19:31 Image size of job updated: 97472
	3  -  MemoryUsage of job (MB)
	2616  -  ResidentSetSize of job (KB)
...
006 (2492234.007.000) 11/08 21:24:31 Image size of job updated: 940856
	337  -  MemoryUsage of job (MB)
	344328  -  ResidentSetSize of job (KB)
...
005 (2492234.007.000) 11/08 21:25:17 Job terminated.
	(1) Normal termination (return value 0)
		Usr 0 00:00:58, Sys 0 00:00:04  -  Run Remote Usage
		Usr 0 00:00:00, Sys 0 00:00:00  -  Run Local Usage
		Usr 0 00:00:58, Sys 0 00:00:04  -  Total Remote Usage
		Usr 0 00:00:00, Sys 0 00:00:00  -  Total Local Usage
	0  -  Run Bytes Sent By Job
	0  -  Run Bytes Received By Job
	0  -  Total Bytes Sent By Job
	0  -  Total Bytes Received By Job
	Partitionable Resources :    Usage  Request Allocated
	   Cpus                 :                 1         1
	   Disk (KB)            :        1        1  28379745
	   Memory (MB)          :      337        1      4033
...
