000 (2504804.007.000) 11/16 01:06:12 Job submitted from host: <192.168.1.109:9714>
...
001 (2504804.007.000) 11/16 01:06:32 Job executing on host: <192.168.1.65:9393>
...
006 (2504804.007.000) 11/16 01:06:41 Image size of job updated: 358988
	55  -  MemoryUsage of job (MB)
	55692  -  ResidentSetSize of job (KB)
...
006 (2504804.007.000) 11/16 01:08:16 Image size of job updated: 922256
	55  -  MemoryUsage of job (MB)
	55692  -  ResidentSetSize of job (KB)
...
005 (2504804.007.000) 11/16 01:08:16 Job terminated.
	(1) Normal termination (return value 0)
		Usr 0 00:01:02, Sys 0 00:00:05  -  Run Remote Usage
		Usr 0 00:00:00, Sys 0 00:00:00  -  Run Local Usage
		Usr 0 00:01:02, Sys 0 00:00:05  -  Total Remote Usage
		Usr 0 00:00:00, Sys 0 00:00:00  -  Total Local Usage
	0  -  Run Bytes Sent By Job
	0  -  Run Bytes Received By Job
	0  -  Total Bytes Sent By Job
	0  -  Total Bytes Received By Job
	Partitionable Resources :    Usage  Request Allocated
	   Cpus                 :                 1         1
	   Disk (KB)            :        1        1  19563929
	   Memory (MB)          :       55        1      4033
...
