000 (2464980.049.000) 11/02 16:52:04 Job submitted from host: <192.168.1.109:9308>
...
001 (2464980.049.000) 11/02 16:52:27 Job executing on host: <192.168.1.50:9579>
...
006 (2464980.049.000) 11/02 16:52:35 Image size of job updated: 443752
	122  -  MemoryUsage of job (MB)
	124244  -  ResidentSetSize of job (KB)
...
006 (2464980.049.000) 11/02 16:52:46 Image size of job updated: 491008
	122  -  MemoryUsage of job (MB)
	124244  -  ResidentSetSize of job (KB)
...
005 (2464980.049.000) 11/02 16:52:46 Job terminated.
	(1) Normal termination (return value 0)
		Usr 0 00:00:07, Sys 0 00:00:00  -  Run Remote Usage
		Usr 0 00:00:00, Sys 0 00:00:00  -  Run Local Usage
		Usr 0 00:00:07, Sys 0 00:00:00  -  Total Remote Usage
		Usr 0 00:00:00, Sys 0 00:00:00  -  Total Local Usage
	0  -  Run Bytes Sent By Job
	0  -  Run Bytes Received By Job
	0  -  Total Bytes Sent By Job
	0  -  Total Bytes Received By Job
	Partitionable Resources :    Usage  Request Allocated
	   Cpus                 :                 1         1
	   Disk (KB)            :        1        1  28380090
	   Memory (MB)          :      122        1      4033
...
