000 (2492274.037.000) 11/08 21:21:59 Job submitted from host: <192.168.1.109:9714>
...
001 (2492274.037.000) 11/08 21:22:25 Job executing on host: <192.168.1.62:9618?addrs=192.168.1.62-9618+[--1]-9618&noUDP&sock=2400_17ca_3>
...
006 (2492274.037.000) 11/08 21:22:33 Image size of job updated: 401276
	86  -  MemoryUsage of job (MB)
	87364  -  ResidentSetSize of job (KB)
...
006 (2492274.037.000) 11/08 21:27:33 Image size of job updated: 1020352
	491  -  MemoryUsage of job (MB)
	502212  -  ResidentSetSize of job (KB)
...
006 (2492274.037.000) 11/08 21:32:34 Image size of job updated: 1020352
	608  -  MemoryUsage of job (MB)
	622160  -  ResidentSetSize of job (KB)
...
006 (2492274.037.000) 11/08 21:37:34 Image size of job updated: 1020352
	609  -  MemoryUsage of job (MB)
	622800  -  ResidentSetSize of job (KB)
...
006 (2492274.037.000) 11/08 21:42:34 Image size of job updated: 1020352
	609  -  MemoryUsage of job (MB)
	622992  -  ResidentSetSize of job (KB)
...
005 (2492274.037.000) 11/08 21:44:47 Job terminated.
	(1) Normal termination (return value 0)
		Usr 0 00:14:44, Sys 0 00:00:35  -  Run Remote Usage
		Usr 0 00:00:00, Sys 0 00:00:00  -  Run Local Usage
		Usr 0 00:14:44, Sys 0 00:00:35  -  Total Remote Usage
		Usr 0 00:00:00, Sys 0 00:00:00  -  Total Local Usage
	0  -  Run Bytes Sent By Job
	0  -  Run Bytes Received By Job
	0  -  Total Bytes Sent By Job
	0  -  Total Bytes Received By Job
	Partitionable Resources :    Usage  Request Allocated
	   Cpus                 :                 1         1
	   Disk (KB)            :        1        1   1563256
	   Memory (MB)          :      609        1         1
...
