000 (2492235.049.000) 11/08 21:19:19 Job submitted from host: <192.168.1.109:9714>
...
001 (2492235.049.000) 11/08 21:20:22 Job executing on host: <192.168.1.45:9392>
...
006 (2492235.049.000) 11/08 21:20:31 Image size of job updated: 202888
	21  -  MemoryUsage of job (MB)
	20868  -  ResidentSetSize of job (KB)
...
006 (2492235.049.000) 11/08 21:25:31 Image size of job updated: 1020408
	408  -  MemoryUsage of job (MB)
	416824  -  ResidentSetSize of job (KB)
...
006 (2492235.049.000) 11/08 22:05:34 Image size of job updated: 1020408
	418  -  MemoryUsage of job (MB)
	427804  -  ResidentSetSize of job (KB)
...
006 (2492235.049.000) 11/08 22:10:34 Image size of job updated: 1020408
	525  -  MemoryUsage of job (MB)
	537476  -  ResidentSetSize of job (KB)
...
006 (2492235.049.000) 11/08 22:15:35 Image size of job updated: 1020408
	525  -  MemoryUsage of job (MB)
	537492  -  ResidentSetSize of job (KB)
...
006 (2492235.049.000) 11/08 22:20:36 Image size of job updated: 1020408
	526  -  MemoryUsage of job (MB)
	537996  -  ResidentSetSize of job (KB)
...
006 (2492235.049.000) 11/08 22:25:36 Image size of job updated: 1020408
	526  -  MemoryUsage of job (MB)
	538076  -  ResidentSetSize of job (KB)
...
006 (2492235.049.000) 11/08 22:30:37 Image size of job updated: 1020408
	526  -  MemoryUsage of job (MB)
	538080  -  ResidentSetSize of job (KB)
...
005 (2492235.049.000) 11/08 22:33:16 Job terminated.
	(1) Normal termination (return value 0)
		Usr 0 00:10:57, Sys 0 00:00:42  -  Run Remote Usage
		Usr 0 00:00:00, Sys 0 00:00:00  -  Run Local Usage
		Usr 0 00:10:57, Sys 0 00:00:42  -  Total Remote Usage
		Usr 0 00:00:00, Sys 0 00:00:00  -  Total Local Usage
	0  -  Run Bytes Sent By Job
	0  -  Run Bytes Received By Job
	0  -  Total Bytes Sent By Job
	0  -  Total Bytes Received By Job
	Partitionable Resources :    Usage  Request Allocated
	   Cpus                 :                 1         1
	   Disk (KB)            :        1        1   2370035
	   Memory (MB)          :      526        1      4035
...
