000 (2493183.049.000) 11/09 00:44:13 Job submitted from host: <192.168.1.109:9714>
...
001 (2493183.049.000) 11/09 00:44:23 Job executing on host: <192.168.1.45:9392>
...
006 (2493183.049.000) 11/09 00:44:32 Image size of job updated: 338152
	60  -  MemoryUsage of job (MB)
	61036  -  ResidentSetSize of job (KB)
...
006 (2493183.049.000) 11/09 00:49:33 Image size of job updated: 1047268
	497  -  MemoryUsage of job (MB)
	507968  -  ResidentSetSize of job (KB)
...
006 (2493183.049.000) 11/09 00:54:33 Image size of job updated: 1047268
	501  -  MemoryUsage of job (MB)
	512744  -  ResidentSetSize of job (KB)
...
006 (2493183.049.000) 11/09 00:59:34 Image size of job updated: 1047268
	501  -  MemoryUsage of job (MB)
	512764  -  ResidentSetSize of job (KB)
...
006 (2493183.049.000) 11/09 01:04:35 Image size of job updated: 1047268
	501  -  MemoryUsage of job (MB)
	512932  -  ResidentSetSize of job (KB)
...
006 (2493183.049.000) 11/09 01:09:35 Image size of job updated: 1047268
	615  -  MemoryUsage of job (MB)
	628956  -  ResidentSetSize of job (KB)
...
005 (2493183.049.000) 11/09 01:11:59 Job terminated.
	(1) Normal termination (return value 0)
		Usr 0 00:06:29, Sys 0 00:00:30  -  Run Remote Usage
		Usr 0 00:00:00, Sys 0 00:00:00  -  Run Local Usage
		Usr 0 00:06:29, Sys 0 00:00:30  -  Total Remote Usage
		Usr 0 00:00:00, Sys 0 00:00:00  -  Total Local Usage
	0  -  Run Bytes Sent By Job
	0  -  Run Bytes Received By Job
	0  -  Total Bytes Sent By Job
	0  -  Total Bytes Received By Job
	Partitionable Resources :    Usage  Request Allocated
	   Cpus                 :                 1         1
	   Disk (KB)            :        1        1   2370782
	   Memory (MB)          :      615        1      4035
...
