000 (2485823.080.000) 11/07 23:48:30 Job submitted from host: <192.168.1.109:9714>
...
001 (2485823.080.000) 11/07 23:48:40 Job executing on host: <192.168.1.68:9996>
...
006 (2485823.080.000) 11/07 23:48:49 Image size of job updated: 351496
	88  -  MemoryUsage of job (MB)
	89320  -  ResidentSetSize of job (KB)
...
006 (2485823.080.000) 11/07 23:53:50 Image size of job updated: 1034396
	513  -  MemoryUsage of job (MB)
	524676  -  ResidentSetSize of job (KB)
...
006 (2485823.080.000) 11/07 23:58:50 Image size of job updated: 1034396
	513  -  MemoryUsage of job (MB)
	524988  -  ResidentSetSize of job (KB)
...
006 (2485823.080.000) 11/08 00:03:51 Image size of job updated: 1034396
	514  -  MemoryUsage of job (MB)
	525564  -  ResidentSetSize of job (KB)
...
006 (2485823.080.000) 11/08 00:08:52 Image size of job updated: 1034396
	514  -  MemoryUsage of job (MB)
	525584  -  ResidentSetSize of job (KB)
...
006 (2485823.080.000) 11/08 00:13:52 Image size of job updated: 1034396
	527  -  MemoryUsage of job (MB)
	539256  -  ResidentSetSize of job (KB)
...
006 (2485823.080.000) 11/08 00:18:52 Image size of job updated: 1034396
	629  -  MemoryUsage of job (MB)
	643980  -  ResidentSetSize of job (KB)
...
005 (2485823.080.000) 11/08 00:23:47 Job terminated.
	(1) Normal termination (return value 0)
		Usr 0 00:13:43, Sys 0 00:00:34  -  Run Remote Usage
		Usr 0 00:00:00, Sys 0 00:00:00  -  Run Local Usage
		Usr 0 00:13:43, Sys 0 00:00:34  -  Total Remote Usage
		Usr 0 00:00:00, Sys 0 00:00:00  -  Total Local Usage
	0  -  Run Bytes Sent By Job
	0  -  Run Bytes Received By Job
	0  -  Total Bytes Sent By Job
	0  -  Total Bytes Received By Job
	Partitionable Resources :    Usage  Request Allocated
	   Cpus                 :                 1         1
	   Disk (KB)            :        1        1  20248672
	   Memory (MB)          :      629        1      4038
...
