000 (2491133.080.000) 11/08 19:40:19 Job submitted from host: <192.168.1.109:9714>
...
001 (2491133.080.000) 11/08 19:40:53 Job executing on host: <192.168.1.64:9697>
...
006 (2491133.080.000) 11/08 19:41:01 Image size of job updated: 346588
	61  -  MemoryUsage of job (MB)
	62000  -  ResidentSetSize of job (KB)
...
006 (2491133.080.000) 11/08 19:46:02 Image size of job updated: 1034376
	506  -  MemoryUsage of job (MB)
	518028  -  ResidentSetSize of job (KB)
...
006 (2491133.080.000) 11/08 19:51:02 Image size of job updated: 1034376
	507  -  MemoryUsage of job (MB)
	518700  -  ResidentSetSize of job (KB)
...
006 (2491133.080.000) 11/08 19:56:03 Image size of job updated: 1034376
	617  -  MemoryUsage of job (MB)
	631780  -  ResidentSetSize of job (KB)
...
006 (2491133.080.000) 11/08 20:01:04 Image size of job updated: 1248332
	901  -  MemoryUsage of job (MB)
	922556  -  ResidentSetSize of job (KB)
...
005 (2491133.080.000) 11/08 20:02:21 Job terminated.
	(1) Normal termination (return value 0)
		Usr 0 00:11:43, Sys 0 00:00:31  -  Run Remote Usage
		Usr 0 00:00:00, Sys 0 00:00:00  -  Run Local Usage
		Usr 0 00:11:43, Sys 0 00:00:31  -  Total Remote Usage
		Usr 0 00:00:00, Sys 0 00:00:00  -  Total Local Usage
	0  -  Run Bytes Sent By Job
	0  -  Run Bytes Received By Job
	0  -  Total Bytes Sent By Job
	0  -  Total Bytes Received By Job
	Partitionable Resources :    Usage  Request Allocated
	   Cpus                 :                 1         1
	   Disk (KB)            :        1        1  19563332
	   Memory (MB)          :      901        1      4033
...
