000 (2485823.031.000) 11/07 23:48:29 Job submitted from host: <192.168.1.109:9714>
...
001 (2485823.031.000) 11/07 23:48:37 Job executing on host: <192.168.1.43:9998>
...
006 (2485823.031.000) 11/07 23:48:47 Image size of job updated: 32840
	3  -  MemoryUsage of job (MB)
	2632  -  ResidentSetSize of job (KB)
...
006 (2485823.031.000) 11/07 23:53:47 Image size of job updated: 998464
	487  -  MemoryUsage of job (MB)
	497848  -  ResidentSetSize of job (KB)
...
006 (2485823.031.000) 11/07 23:58:47 Image size of job updated: 998464
	489  -  MemoryUsage of job (MB)
	499780  -  ResidentSetSize of job (KB)
...
006 (2485823.031.000) 11/08 00:03:48 Image size of job updated: 998464
	489  -  MemoryUsage of job (MB)
	499864  -  ResidentSetSize of job (KB)
...
006 (2485823.031.000) 11/08 00:13:49 Image size of job updated: 998464
	489  -  MemoryUsage of job (MB)
	499892  -  ResidentSetSize of job (KB)
...
006 (2485823.031.000) 11/08 00:18:50 Image size of job updated: 998464
	490  -  MemoryUsage of job (MB)
	500756  -  ResidentSetSize of job (KB)
...
006 (2485823.031.000) 11/08 00:23:51 Image size of job updated: 998464
	490  -  MemoryUsage of job (MB)
	500824  -  ResidentSetSize of job (KB)
...
006 (2485823.031.000) 11/08 00:28:51 Image size of job updated: 998464
	490  -  MemoryUsage of job (MB)
	501288  -  ResidentSetSize of job (KB)
...
006 (2485823.031.000) 11/08 00:33:51 Image size of job updated: 998464
	490  -  MemoryUsage of job (MB)
	501300  -  ResidentSetSize of job (KB)
...
005 (2485823.031.000) 11/08 00:36:50 Job terminated.
	(1) Normal termination (return value 0)
		Usr 0 00:09:35, Sys 0 00:00:36  -  Run Remote Usage
		Usr 0 00:00:00, Sys 0 00:00:00  -  Run Local Usage
		Usr 0 00:09:35, Sys 0 00:00:36  -  Total Remote Usage
		Usr 0 00:00:00, Sys 0 00:00:00  -  Total Local Usage
	0  -  Run Bytes Sent By Job
	0  -  Run Bytes Received By Job
	0  -  Total Bytes Sent By Job
	0  -  Total Bytes Received By Job
	Partitionable Resources :    Usage  Request Allocated
	   Cpus                 :                 1         1
	   Disk (KB)            :        1        1   2364820
	   Memory (MB)          :      490        1      4035
...
