000 (2491133.031.000) 11/08 19:40:18 Job submitted from host: <192.168.1.109:9714>
...
001 (2491133.031.000) 11/08 19:40:55 Job executing on host: <192.168.1.51:9694>
...
006 (2491133.031.000) 11/08 19:41:04 Image size of job updated: 360780
	73  -  MemoryUsage of job (MB)
	74068  -  ResidentSetSize of job (KB)
...
006 (2491133.031.000) 11/08 19:46:05 Image size of job updated: 998452
	488  -  MemoryUsage of job (MB)
	499384  -  ResidentSetSize of job (KB)
...
006 (2491133.031.000) 11/08 19:51:06 Image size of job updated: 998452
	488  -  MemoryUsage of job (MB)
	499404  -  ResidentSetSize of job (KB)
...
006 (2491133.031.000) 11/08 19:56:06 Image size of job updated: 998452
	489  -  MemoryUsage of job (MB)
	500320  -  ResidentSetSize of job (KB)
...
006 (2491133.031.000) 11/08 20:01:06 Image size of job updated: 1186596
	683  -  MemoryUsage of job (MB)
	698892  -  ResidentSetSize of job (KB)
...
005 (2491133.031.000) 11/08 20:01:34 Job terminated.
	(1) Normal termination (return value 0)
		Usr 0 00:09:39, Sys 0 00:00:33  -  Run Remote Usage
		Usr 0 00:00:00, Sys 0 00:00:00  -  Run Local Usage
		Usr 0 00:09:39, Sys 0 00:00:33  -  Total Remote Usage
		Usr 0 00:00:00, Sys 0 00:00:00  -  Total Local Usage
	0  -  Run Bytes Sent By Job
	0  -  Run Bytes Received By Job
	0  -  Total Bytes Sent By Job
	0  -  Total Bytes Received By Job
	Partitionable Resources :    Usage  Request Allocated
	   Cpus                 :                 1         1
	   Disk (KB)            :        1        1  28379341
	   Memory (MB)          :      683        1      4033
...
