000 (2497410.031.000) 11/09 15:33:46 Job submitted from host: <192.168.1.109:9714>
...
001 (2497410.031.000) 11/09 15:34:10 Job executing on host: <192.168.1.68:9996>
...
006 (2497410.031.000) 11/09 15:34:18 Image size of job updated: 341264
	68  -  MemoryUsage of job (MB)
	69120  -  ResidentSetSize of job (KB)
...
006 (2497410.031.000) 11/09 15:39:18 Image size of job updated: 1074912
	527  -  MemoryUsage of job (MB)
	539460  -  ResidentSetSize of job (KB)
...
006 (2497410.031.000) 11/09 15:44:19 Image size of job updated: 1074912
	528  -  MemoryUsage of job (MB)
	539956  -  ResidentSetSize of job (KB)
...
006 (2497410.031.000) 11/09 15:49:20 Image size of job updated: 1074912
	530  -  MemoryUsage of job (MB)
	542160  -  ResidentSetSize of job (KB)
...
006 (2497410.031.000) 11/09 15:54:20 Image size of job updated: 1074912
	530  -  MemoryUsage of job (MB)
	542172  -  ResidentSetSize of job (KB)
...
006 (2497410.031.000) 11/09 15:59:21 Image size of job updated: 1074912
	530  -  MemoryUsage of job (MB)
	542288  -  ResidentSetSize of job (KB)
...
006 (2497410.031.000) 11/09 16:04:22 Image size of job updated: 1074912
	530  -  MemoryUsage of job (MB)
	542484  -  ResidentSetSize of job (KB)
...
006 (2497410.031.000) 11/09 16:09:22 Image size of job updated: 1074912
	630  -  MemoryUsage of job (MB)
	644608  -  ResidentSetSize of job (KB)
...
006 (2497410.031.000) 11/09 16:14:22 Image size of job updated: 1074912
	651  -  MemoryUsage of job (MB)
	665884  -  ResidentSetSize of job (KB)
...
005 (2497410.031.000) 11/09 16:24:13 Job terminated.
	(1) Normal termination (return value 0)
		Usr 0 00:19:31, Sys 0 00:00:51  -  Run Remote Usage
		Usr 0 00:00:00, Sys 0 00:00:00  -  Run Local Usage
		Usr 0 00:19:31, Sys 0 00:00:51  -  Total Remote Usage
		Usr 0 00:00:00, Sys 0 00:00:00  -  Total Local Usage
	0  -  Run Bytes Sent By Job
	0  -  Run Bytes Received By Job
	0  -  Total Bytes Sent By Job
	0  -  Total Bytes Received By Job
	Partitionable Resources :    Usage  Request Allocated
	   Cpus                 :                 1         1
	   Disk (KB)            :        1        1  20251418
	   Memory (MB)          :      651        1      4038
...
