000 (2497409.046.000) 11/09 15:27:51 Job submitted from host: <192.168.1.109:9714>
...
001 (2497409.046.000) 11/09 15:28:15 Job executing on host: <192.168.1.68:9996>
...
006 (2497409.046.000) 11/09 15:28:24 Image size of job updated: 169992
	2  -  MemoryUsage of job (MB)
	1836  -  ResidentSetSize of job (KB)
...
006 (2497409.046.000) 11/09 15:33:24 Image size of job updated: 940140
	451  -  MemoryUsage of job (MB)
	461520  -  ResidentSetSize of job (KB)
...
005 (2497409.046.000) 11/09 15:35:13 Job terminated.
	(1) Normal termination (return value 0)
		Usr 0 00:05:13, Sys 0 00:00:18  -  Run Remote Usage
		Usr 0 00:00:00, Sys 0 00:00:00  -  Run Local Usage
		Usr 0 00:05:13, Sys 0 00:00:18  -  Total Remote Usage
		Usr 0 00:00:00, Sys 0 00:00:00  -  Total Local Usage
	0  -  Run Bytes Sent By Job
	0  -  Run Bytes Received By Job
	0  -  Total Bytes Sent By Job
	0  -  Total Bytes Received By Job
	Partitionable Resources :    Usage  Request Allocated
	   Cpus                 :                 1         1
	   Disk (KB)            :        1        1  20251423
	   Memory (MB)          :      451        1      4038
...
