000 (2492235.092.000) 11/08 21:19:20 Job submitted from host: <192.168.1.109:9714>
...
001 (2492235.092.000) 11/08 21:20:13 Job executing on host: <192.168.1.44:9507>
...
006 (2492235.092.000) 11/08 21:20:21 Image size of job updated: 97668
	3  -  MemoryUsage of job (MB)
	2556  -  ResidentSetSize of job (KB)
...
006 (2492235.092.000) 11/08 21:25:22 Image size of job updated: 960024
	382  -  MemoryUsage of job (MB)
	390632  -  ResidentSetSize of job (KB)
...
006 (2492235.092.000) 11/08 21:30:22 Image size of job updated: 1065952
	522  -  MemoryUsage of job (MB)
	533600  -  ResidentSetSize of job (KB)
...
006 (2492235.092.000) 11/08 21:35:23 Image size of job updated: 1065952
	525  -  MemoryUsage of job (MB)
	536600  -  ResidentSetSize of job (KB)
...
006 (2492235.092.000) 11/08 21:40:23 Image size of job updated: 1065952
	525  -  MemoryUsage of job (MB)
	536756  -  ResidentSetSize of job (KB)
...
006 (2492235.092.000) 11/08 21:45:25 Image size of job updated: 1065952
	525  -  MemoryUsage of job (MB)
	537360  -  ResidentSetSize of job (KB)
...
006 (2492235.092.000) 11/08 21:50:25 Image size of job updated: 1065952
	525  -  MemoryUsage of job (MB)
	537532  -  ResidentSetSize of job (KB)
...
006 (2492235.092.000) 11/08 21:55:25 Image size of job updated: 1065952
	525  -  MemoryUsage of job (MB)
	537564  -  ResidentSetSize of job (KB)
...
006 (2492235.092.000) 11/08 22:00:27 Image size of job updated: 1065952
	525  -  MemoryUsage of job (MB)
	537572  -  ResidentSetSize of job (KB)
...
006 (2492235.092.000) 11/08 22:05:27 Image size of job updated: 1065952
	526  -  MemoryUsage of job (MB)
	537640  -  ResidentSetSize of job (KB)
...
006 (2492235.092.000) 11/08 22:10:28 Image size of job updated: 1065952
	526  -  MemoryUsage of job (MB)
	537668  -  ResidentSetSize of job (KB)
...
006 (2492235.092.000) 11/08 22:15:29 Image size of job updated: 1065952
	530  -  MemoryUsage of job (MB)
	542168  -  ResidentSetSize of job (KB)
...
006 (2492235.092.000) 11/08 22:20:29 Image size of job updated: 1065952
	530  -  MemoryUsage of job (MB)
	542316  -  ResidentSetSize of job (KB)
...
005 (2492235.092.000) 11/08 22:23:09 Job terminated.
	(1) Normal termination (return value 0)
		Usr 0 00:08:12, Sys 0 00:00:30  -  Run Remote Usage
		Usr 0 00:00:00, Sys 0 00:00:00  -  Run Local Usage
		Usr 0 00:08:12, Sys 0 00:00:30  -  Total Remote Usage
		Usr 0 00:00:00, Sys 0 00:00:00  -  Total Local Usage
	0  -  Run Bytes Sent By Job
	0  -  Run Bytes Received By Job
	0  -  Total Bytes Sent By Job
	0  -  Total Bytes Received By Job
	Partitionable Resources :    Usage  Request Allocated
	   Cpus                 :                 1         1
	   Disk (KB)            :        1        1   2369792
	   Memory (MB)          :      530        1      4035
...
