000 (2492274.080.000) 11/08 21:22:00 Job submitted from host: <192.168.1.109:9714>
...
001 (2492274.080.000) 11/08 21:24:20 Job executing on host: <192.168.1.45:9392>
...
006 (2492274.080.000) 11/08 21:24:33 Image size of job updated: 97668
	2  -  MemoryUsage of job (MB)
	1836  -  ResidentSetSize of job (KB)
...
006 (2492274.080.000) 11/08 21:29:33 Image size of job updated: 960020
	373  -  MemoryUsage of job (MB)
	381144  -  ResidentSetSize of job (KB)
...
006 (2492274.080.000) 11/08 21:34:33 Image size of job updated: 1065948
	524  -  MemoryUsage of job (MB)
	535976  -  ResidentSetSize of job (KB)
...
006 (2492274.080.000) 11/08 21:39:34 Image size of job updated: 1065948
	526  -  MemoryUsage of job (MB)
	537708  -  ResidentSetSize of job (KB)
...
006 (2492274.080.000) 11/08 21:44:34 Image size of job updated: 1065948
	526  -  MemoryUsage of job (MB)
	538340  -  ResidentSetSize of job (KB)
...
006 (2492274.080.000) 11/08 21:49:34 Image size of job updated: 1065948
	527  -  MemoryUsage of job (MB)
	538644  -  ResidentSetSize of job (KB)
...
006 (2492274.080.000) 11/08 21:54:35 Image size of job updated: 1065948
	527  -  MemoryUsage of job (MB)
	538676  -  ResidentSetSize of job (KB)
...
006 (2492274.080.000) 11/08 21:59:36 Image size of job updated: 1065948
	527  -  MemoryUsage of job (MB)
	538680  -  ResidentSetSize of job (KB)
...
006 (2492274.080.000) 11/08 22:04:36 Image size of job updated: 1065948
	527  -  MemoryUsage of job (MB)
	538744  -  ResidentSetSize of job (KB)
...
006 (2492274.080.000) 11/08 22:09:36 Image size of job updated: 1065948
	527  -  MemoryUsage of job (MB)
	538772  -  ResidentSetSize of job (KB)
...
006 (2492274.080.000) 11/08 22:14:37 Image size of job updated: 1065948
	531  -  MemoryUsage of job (MB)
	543292  -  ResidentSetSize of job (KB)
...
006 (2492274.080.000) 11/08 22:19:37 Image size of job updated: 1065948
	531  -  MemoryUsage of job (MB)
	543404  -  ResidentSetSize of job (KB)
...
005 (2492274.080.000) 11/08 22:20:49 Job terminated.
	(1) Normal termination (return value 0)
		Usr 0 00:07:32, Sys 0 00:00:27  -  Run Remote Usage
		Usr 0 00:00:00, Sys 0 00:00:00  -  Run Local Usage
		Usr 0 00:07:32, Sys 0 00:00:27  -  Total Remote Usage
		Usr 0 00:00:00, Sys 0 00:00:00  -  Total Local Usage
	0  -  Run Bytes Sent By Job
	0  -  Run Bytes Received By Job
	0  -  Total Bytes Sent By Job
	0  -  Total Bytes Received By Job
	Partitionable Resources :    Usage  Request Allocated
	   Cpus                 :                 1         1
	   Disk (KB)            :        1        1   2370034
	   Memory (MB)          :      531        1      4035
...
