000 (2493183.092.000) 11/09 00:44:14 Job submitted from host: <192.168.1.109:9714>
...
001 (2493183.092.000) 11/09 00:44:27 Job executing on host: <192.168.1.42:9515>
...
006 (2493183.092.000) 11/09 00:44:36 Image size of job updated: 97664
	3  -  MemoryUsage of job (MB)
	2696  -  ResidentSetSize of job (KB)
...
006 (2493183.092.000) 11/09 00:49:38 Image size of job updated: 1054772
	501  -  MemoryUsage of job (MB)
	512036  -  ResidentSetSize of job (KB)
...
006 (2493183.092.000) 11/09 00:54:38 Image size of job updated: 1054772
	503  -  MemoryUsage of job (MB)
	514308  -  ResidentSetSize of job (KB)
...
006 (2493183.092.000) 11/09 00:59:38 Image size of job updated: 1054772
	503  -  MemoryUsage of job (MB)
	514392  -  ResidentSetSize of job (KB)
...
006 (2493183.092.000) 11/09 01:04:39 Image size of job updated: 1054772
	503  -  MemoryUsage of job (MB)
	514404  -  ResidentSetSize of job (KB)
...
006 (2493183.092.000) 11/09 01:09:40 Image size of job updated: 1054772
	503  -  MemoryUsage of job (MB)
	514468  -  ResidentSetSize of job (KB)
...
006 (2493183.092.000) 11/09 01:14:40 Image size of job updated: 1054772
	503  -  MemoryUsage of job (MB)
	514492  -  ResidentSetSize of job (KB)
...
006 (2493183.092.000) 11/09 01:19:41 Image size of job updated: 1054772
	514  -  MemoryUsage of job (MB)
	525728  -  ResidentSetSize of job (KB)
...
005 (2493183.092.000) 11/09 01:20:05 Job terminated.
	(1) Normal termination (return value 0)
		Usr 0 00:06:27, Sys 0 00:00:25  -  Run Remote Usage
		Usr 0 00:00:00, Sys 0 00:00:00  -  Run Local Usage
		Usr 0 00:06:27, Sys 0 00:00:25  -  Total Remote Usage
		Usr 0 00:00:00, Sys 0 00:00:00  -  Total Local Usage
	0  -  Run Bytes Sent By Job
	0  -  Run Bytes Received By Job
	0  -  Total Bytes Sent By Job
	0  -  Total Bytes Received By Job
	Partitionable Resources :    Usage  Request Allocated
	   Cpus                 :                 1         1
	   Disk (KB)            :        1        1   2371455
	   Memory (MB)          :      514        1      4035
...
