000 (2497410.100.000) 11/09 15:33:47 Job submitted from host: <192.168.1.109:9714>
...
001 (2497410.100.000) 11/09 15:34:13 Job executing on host: <192.168.1.42:9515>
...
006 (2497410.100.000) 11/09 15:34:21 Image size of job updated: 327176
	28  -  MemoryUsage of job (MB)
	28312  -  ResidentSetSize of job (KB)
...
006 (2497410.100.000) 11/09 15:39:21 Image size of job updated: 1060332
	505  -  MemoryUsage of job (MB)
	516840  -  ResidentSetSize of job (KB)
...
006 (2497410.100.000) 11/09 15:44:22 Image size of job updated: 1060332
	505  -  MemoryUsage of job (MB)
	516936  -  ResidentSetSize of job (KB)
...
006 (2497410.100.000) 11/09 15:49:23 Image size of job updated: 1060332
	506  -  MemoryUsage of job (MB)
	517176  -  ResidentSetSize of job (KB)
...
006 (2497410.100.000) 11/09 15:54:23 Image size of job updated: 1060332
	506  -  MemoryUsage of job (MB)
	517420  -  ResidentSetSize of job (KB)
...
006 (2497410.100.000) 11/09 15:59:24 Image size of job updated: 1060332
	506  -  MemoryUsage of job (MB)
	517668  -  ResidentSetSize of job (KB)
...
006 (2497410.100.000) 11/09 16:04:25 Image size of job updated: 1060332
	506  -  MemoryUsage of job (MB)
	517672  -  ResidentSetSize of job (KB)
...
006 (2497410.100.000) 11/09 16:09:25 Image size of job updated: 1060332
	506  -  MemoryUsage of job (MB)
	517676  -  ResidentSetSize of job (KB)
...
006 (2497410.100.000) 11/09 16:14:25 Image size of job updated: 1060332
	506  -  MemoryUsage of job (MB)
	517844  -  ResidentSetSize of job (KB)
...
006 (2497410.100.000) 11/09 16:19:26 Image size of job updated: 1060332
	506  -  MemoryUsage of job (MB)
	517852  -  ResidentSetSize of job (KB)
...
006 (2497410.100.000) 11/09 16:24:26 Image size of job updated: 1060332
	506  -  MemoryUsage of job (MB)
	517900  -  ResidentSetSize of job (KB)
...
006 (2497410.100.000) 11/09 16:29:26 Image size of job updated: 1060332
	506  -  MemoryUsage of job (MB)
	517964  -  ResidentSetSize of job (KB)
...
006 (2497410.100.000) 11/09 16:34:27 Image size of job updated: 1060332
	506  -  MemoryUsage of job (MB)
	517976  -  ResidentSetSize of job (KB)
...
006 (2497410.100.000) 11/09 16:39:28 Image size of job updated: 1060332
	506  -  MemoryUsage of job (MB)
	518016  -  ResidentSetSize of job (KB)
...
006 (2497410.100.000) 11/09 16:44:28 Image size of job updated: 1060332
	506  -  MemoryUsage of job (MB)
	518072  -  ResidentSetSize of job (KB)
...
006 (2497410.100.000) 11/09 16:49:29 Image size of job updated: 1060332
	507  -  MemoryUsage of job (MB)
	518372  -  ResidentSetSize of job (KB)
...
005 (2497410.100.000) 11/09 16:50:09 Job terminated.
	(1) Normal termination (return value 0)
		Usr 0 00:07:32, Sys 0 00:00:29  -  Run Remote Usage
		Usr 0 00:00:00, Sys 0 00:00:00  -  Run Local Usage
		Usr 0 00:07:32, Sys 0 00:00:29  -  Total Remote Usage
		Usr 0 00:00:00, Sys 0 00:00:00  -  Total Local Usage
	0  -  Run Bytes Sent By Job
	0  -  Run Bytes Received By Job
	0  -  Total Bytes Sent By Job
	0  -  Total Bytes Received By Job
	Partitionable Resources :    Usage  Request Allocated
	   Cpus                 :                 1         1
	   Disk (KB)            :        1        1   2371274
	   Memory (MB)          :      507        1      4035
...
