000 (2492235.080.000) 11/08 21:19:20 Job submitted from host: <192.168.1.109:9714>
...
001 (2492235.080.000) 11/08 21:19:39 Job executing on host: <192.168.1.46:9845>
...
006 (2492235.080.000) 11/08 21:19:48 Image size of job updated: 97660
	3  -  MemoryUsage of job (MB)
	2624  -  ResidentSetSize of job (KB)
...
006 (2492235.080.000) 11/08 21:24:49 Image size of job updated: 1078228
	449  -  MemoryUsage of job (MB)
	459668  -  ResidentSetSize of job (KB)
...
006 (2492235.080.000) 11/08 21:29:49 Image size of job updated: 1078228
	450  -  MemoryUsage of job (MB)
	460676  -  ResidentSetSize of job (KB)
...
006 (2492235.080.000) 11/08 21:34:49 Image size of job updated: 1078228
	450  -  MemoryUsage of job (MB)
	460700  -  ResidentSetSize of job (KB)
...
006 (2492235.080.000) 11/08 21:39:50 Image size of job updated: 1078228
	451  -  MemoryUsage of job (MB)
	460936  -  ResidentSetSize of job (KB)
...
006 (2492235.080.000) 11/08 21:44:50 Image size of job updated: 1078228
	451  -  MemoryUsage of job (MB)
	460944  -  ResidentSetSize of job (KB)
...
006 (2492235.080.000) 11/08 21:49:50 Image size of job updated: 1078228
	451  -  MemoryUsage of job (MB)
	460976  -  ResidentSetSize of job (KB)
...
006 (2492235.080.000) 11/08 21:59:51 Image size of job updated: 1078228
	451  -  MemoryUsage of job (MB)
	460980  -  ResidentSetSize of job (KB)
...
006 (2492235.080.000) 11/08 22:09:52 Image size of job updated: 1078228
	451  -  MemoryUsage of job (MB)
	460988  -  ResidentSetSize of job (KB)
...
006 (2492235.080.000) 11/08 22:14:52 Image size of job updated: 1078228
	451  -  MemoryUsage of job (MB)
	461016  -  ResidentSetSize of job (KB)
...
006 (2492235.080.000) 11/08 22:19:52 Image size of job updated: 1078228
	451  -  MemoryUsage of job (MB)
	461040  -  ResidentSetSize of job (KB)
...
006 (2492235.080.000) 11/08 22:24:53 Image size of job updated: 1078228
	451  -  MemoryUsage of job (MB)
	461048  -  ResidentSetSize of job (KB)
...
005 (2492235.080.000) 11/08 22:27:37 Job terminated.
	(1) Normal termination (return value 0)
		Usr 0 00:07:58, Sys 0 00:00:40  -  Run Remote Usage
		Usr 0 00:00:00, Sys 0 00:00:00  -  Run Local Usage
		Usr 0 00:07:58, Sys 0 00:00:40  -  Total Remote Usage
		Usr 0 00:00:00, Sys 0 00:00:00  -  Total Local Usage
	0  -  Run Bytes Sent By Job
	0  -  Run Bytes Received By Job
	0  -  Total Bytes Sent By Job
	0  -  Total Bytes Received By Job
	Partitionable Resources :    Usage  Request Allocated
	   Cpus                 :                 1         1
	   Disk (KB)            :        1        1   2371780
	   Memory (MB)          :      451        1      4035
...
