000 (2492274.068.000) 11/08 21:22:00 Job submitted from host: <192.168.1.109:9714>
...
001 (2492274.068.000) 11/08 21:23:32 Job executing on host: <192.168.1.46:9845>
...
006 (2492274.068.000) 11/08 21:23:46 Image size of job updated: 97664
	13  -  MemoryUsage of job (MB)
	12860  -  ResidentSetSize of job (KB)
...
006 (2492274.068.000) 11/08 21:28:47 Image size of job updated: 1078228
	530  -  MemoryUsage of job (MB)
	542216  -  ResidentSetSize of job (KB)
...
006 (2492274.068.000) 11/08 21:33:48 Image size of job updated: 1078228
	531  -  MemoryUsage of job (MB)
	543016  -  ResidentSetSize of job (KB)
...
006 (2492274.068.000) 11/08 21:38:48 Image size of job updated: 1078228
	531  -  MemoryUsage of job (MB)
	543252  -  ResidentSetSize of job (KB)
...
006 (2492274.068.000) 11/08 21:43:49 Image size of job updated: 1078228
	531  -  MemoryUsage of job (MB)
	543256  -  ResidentSetSize of job (KB)
...
006 (2492274.068.000) 11/08 21:48:50 Image size of job updated: 1078228
	531  -  MemoryUsage of job (MB)
	543304  -  ResidentSetSize of job (KB)
...
006 (2492274.068.000) 11/08 21:58:51 Image size of job updated: 1078228
	531  -  MemoryUsage of job (MB)
	543312  -  ResidentSetSize of job (KB)
...
006 (2492274.068.000) 11/08 22:03:52 Image size of job updated: 1078228
	531  -  MemoryUsage of job (MB)
	543320  -  ResidentSetSize of job (KB)
...
006 (2492274.068.000) 11/08 22:13:52 Image size of job updated: 1078228
	531  -  MemoryUsage of job (MB)
	543324  -  ResidentSetSize of job (KB)
...
006 (2492274.068.000) 11/08 22:18:53 Image size of job updated: 1078228
	531  -  MemoryUsage of job (MB)
	543336  -  ResidentSetSize of job (KB)
...
006 (2492274.068.000) 11/08 22:23:53 Image size of job updated: 1078228
	531  -  MemoryUsage of job (MB)
	543348  -  ResidentSetSize of job (KB)
...
005 (2492274.068.000) 11/08 22:27:37 Job terminated.
	(1) Normal termination (return value 0)
		Usr 0 00:07:41, Sys 0 00:00:37  -  Run Remote Usage
		Usr 0 00:00:00, Sys 0 00:00:00  -  Run Local Usage
		Usr 0 00:07:41, Sys 0 00:00:37  -  Total Remote Usage
		Usr 0 00:00:00, Sys 0 00:00:00  -  Total Local Usage
	0  -  Run Bytes Sent By Job
	0  -  Run Bytes Received By Job
	0  -  Total Bytes Sent By Job
	0  -  Total Bytes Received By Job
	Partitionable Resources :    Usage  Request Allocated
	   Cpus                 :                 1         1
	   Disk (KB)            :        1        1   2371756
	   Memory (MB)          :      531        1      4035
...
