000 (2504800.068.000) 11/16 00:22:24 Job submitted from host: <192.168.1.109:9714>
...
001 (2504800.068.000) 11/16 00:22:34 Job executing on host: <192.168.1.61:9618?addrs=192.168.1.61-9618+[--1]-9618&noUDP&sock=2538_1044_3>
...
006 (2504800.068.000) 11/16 00:22:43 Image size of job updated: 431928
	94  -  MemoryUsage of job (MB)
	96120  -  ResidentSetSize of job (KB)
...
005 (2504800.068.000) 11/16 00:22:50 Job terminated.
	(1) Normal termination (return value 0)
		Usr 0 00:00:01, Sys 0 00:00:00  -  Run Remote Usage
		Usr 0 00:00:00, Sys 0 00:00:00  -  Run Local Usage
		Usr 0 00:00:01, Sys 0 00:00:00  -  Total Remote Usage
		Usr 0 00:00:00, Sys 0 00:00:00  -  Total Local Usage
	0  -  Run Bytes Sent By Job
	0  -  Run Bytes Received By Job
	0  -  Total Bytes Sent By Job
	0  -  Total Bytes Received By Job
	Partitionable Resources :    Usage  Request Allocated
	   Cpus                 :                 1         1
	   Disk (KB)            :        1        1   1562830
	   Memory (MB)          :       94        1         1
...
