000 (2492235.030.000) 11/08 21:19:19 Job submitted from host: <192.168.1.109:9714>
...
001 (2492235.030.000) 11/08 21:20:00 Job executing on host: <192.168.1.50:9434>
...
006 (2492235.030.000) 11/08 21:20:09 Image size of job updated: 97468
	2  -  MemoryUsage of job (MB)
	1196  -  ResidentSetSize of job (KB)
...
006 (2492235.030.000) 11/08 21:25:10 Image size of job updated: 1079908
	448  -  MemoryUsage of job (MB)
	458500  -  ResidentSetSize of job (KB)
...
006 (2492235.030.000) 11/08 21:30:10 Image size of job updated: 1079908
	451  -  MemoryUsage of job (MB)
	461188  -  ResidentSetSize of job (KB)
...
006 (2492235.030.000) 11/08 21:35:11 Image size of job updated: 1079908
	452  -  MemoryUsage of job (MB)
	462488  -  ResidentSetSize of job (KB)
...
006 (2492235.030.000) 11/08 21:40:12 Image size of job updated: 1079908
	453  -  MemoryUsage of job (MB)
	463272  -  ResidentSetSize of job (KB)
...
006 (2492235.030.000) 11/08 21:45:12 Image size of job updated: 1079908
	454  -  MemoryUsage of job (MB)
	463880  -  ResidentSetSize of job (KB)
...
006 (2492235.030.000) 11/08 21:50:14 Image size of job updated: 1079908
	454  -  MemoryUsage of job (MB)
	464072  -  ResidentSetSize of job (KB)
...
006 (2492235.030.000) 11/08 21:55:14 Image size of job updated: 1079908
	454  -  MemoryUsage of job (MB)
	464272  -  ResidentSetSize of job (KB)
...
006 (2492235.030.000) 11/08 22:00:14 Image size of job updated: 1079908
	579  -  MemoryUsage of job (MB)
	591888  -  ResidentSetSize of job (KB)
...
006 (2492235.030.000) 11/08 22:05:16 Image size of job updated: 1079908
	579  -  MemoryUsage of job (MB)
	592308  -  ResidentSetSize of job (KB)
...
006 (2492235.030.000) 11/08 22:10:16 Image size of job updated: 1079908
	579  -  MemoryUsage of job (MB)
	592396  -  ResidentSetSize of job (KB)
...
006 (2492235.030.000) 11/08 22:15:16 Image size of job updated: 1079908
	579  -  MemoryUsage of job (MB)
	592692  -  ResidentSetSize of job (KB)
...
005 (2492235.030.000) 11/08 22:16:37 Job terminated.
	(1) Normal termination (return value 0)
		Usr 0 00:10:58, Sys 0 00:00:40  -  Run Remote Usage
		Usr 0 00:00:00, Sys 0 00:00:00  -  Run Local Usage
		Usr 0 00:10:58, Sys 0 00:00:40  -  Total Remote Usage
		Usr 0 00:00:00, Sys 0 00:00:00  -  Total Local Usage
	0  -  Run Bytes Sent By Job
	0  -  Run Bytes Received By Job
	0  -  Total Bytes Sent By Job
	0  -  Total Bytes Received By Job
	Partitionable Resources :    Usage  Request Allocated
	   Cpus                 :                 1         1
	   Disk (KB)            :        1        1  28379736
	   Memory (MB)          :      579        1      4033
...
