000 (2492274.018.000) 11/08 21:21:59 Job submitted from host: <192.168.1.109:9714>
...
001 (2492274.018.000) 11/08 21:22:22 Job executing on host: <192.168.1.49:9578>
...
006 (2492274.018.000) 11/08 21:22:31 Image size of job updated: 456760
	131  -  MemoryUsage of job (MB)
	133228  -  ResidentSetSize of job (KB)
...
006 (2492274.018.000) 11/08 21:27:32 Image size of job updated: 1079912
	456  -  MemoryUsage of job (MB)
	466868  -  ResidentSetSize of job (KB)
...
006 (2492274.018.000) 11/08 21:32:32 Image size of job updated: 1079912
	458  -  MemoryUsage of job (MB)
	468372  -  ResidentSetSize of job (KB)
...
006 (2492274.018.000) 11/08 21:37:33 Image size of job updated: 1079912
	459  -  MemoryUsage of job (MB)
	469060  -  ResidentSetSize of job (KB)
...
006 (2492274.018.000) 11/08 21:42:33 Image size of job updated: 1079912
	459  -  MemoryUsage of job (MB)
	469968  -  ResidentSetSize of job (KB)
...
006 (2492274.018.000) 11/08 21:47:33 Image size of job updated: 1079912
	460  -  MemoryUsage of job (MB)
	470264  -  ResidentSetSize of job (KB)
...
006 (2492274.018.000) 11/08 21:52:35 Image size of job updated: 1079912
	570  -  MemoryUsage of job (MB)
	582900  -  ResidentSetSize of job (KB)
...
006 (2492274.018.000) 11/08 21:57:35 Image size of job updated: 1079912
	583  -  MemoryUsage of job (MB)
	596212  -  ResidentSetSize of job (KB)
...
006 (2492274.018.000) 11/08 22:02:35 Image size of job updated: 1079912
	583  -  MemoryUsage of job (MB)
	596648  -  ResidentSetSize of job (KB)
...
005 (2492274.018.000) 11/08 22:06:55 Job terminated.
	(1) Normal termination (return value 0)
		Usr 0 00:09:24, Sys 0 00:00:35  -  Run Remote Usage
		Usr 0 00:00:00, Sys 0 00:00:00  -  Run Local Usage
		Usr 0 00:09:24, Sys 0 00:00:35  -  Total Remote Usage
		Usr 0 00:00:00, Sys 0 00:00:00  -  Total Local Usage
	0  -  Run Bytes Sent By Job
	0  -  Run Bytes Received By Job
	0  -  Total Bytes Sent By Job
	0  -  Total Bytes Received By Job
	Partitionable Resources :    Usage  Request Allocated
	   Cpus                 :                 1         1
	   Disk (KB)            :        1        1  28379724
	   Memory (MB)          :      583        1      4033
...
