000 (2493183.030.000) 11/09 00:44:13 Job submitted from host: <192.168.1.109:9714>
...
001 (2493183.030.000) 11/09 00:44:22 Job executing on host: <192.168.1.50:9434>
...
006 (2493183.030.000) 11/09 00:44:31 Image size of job updated: 464512
	128  -  MemoryUsage of job (MB)
	130916  -  ResidentSetSize of job (KB)
...
006 (2493183.030.000) 11/09 00:49:32 Image size of job updated: 1072196
	504  -  MemoryUsage of job (MB)
	516056  -  ResidentSetSize of job (KB)
...
006 (2493183.030.000) 11/09 00:54:33 Image size of job updated: 1072196
	505  -  MemoryUsage of job (MB)
	516600  -  ResidentSetSize of job (KB)
...
006 (2493183.030.000) 11/09 00:59:33 Image size of job updated: 1072196
	505  -  MemoryUsage of job (MB)
	516700  -  ResidentSetSize of job (KB)
...
006 (2493183.030.000) 11/09 01:04:34 Image size of job updated: 1072196
	627  -  MemoryUsage of job (MB)
	641128  -  ResidentSetSize of job (KB)
...
006 (2493183.030.000) 11/09 01:09:35 Image size of job updated: 1072196
	629  -  MemoryUsage of job (MB)
	643188  -  ResidentSetSize of job (KB)
...
006 (2493183.030.000) 11/09 01:14:35 Image size of job updated: 1072196
	629  -  MemoryUsage of job (MB)
	643268  -  ResidentSetSize of job (KB)
...
005 (2493183.030.000) 11/09 01:15:04 Job terminated.
	(1) Normal termination (return value 0)
		Usr 0 00:06:14, Sys 0 00:00:32  -  Run Remote Usage
		Usr 0 00:00:00, Sys 0 00:00:00  -  Run Local Usage
		Usr 0 00:06:14, Sys 0 00:00:32  -  Total Remote Usage
		Usr 0 00:00:00, Sys 0 00:00:00  -  Total Local Usage
	0  -  Run Bytes Sent By Job
	0  -  Run Bytes Received By Job
	0  -  Total Bytes Sent By Job
	0  -  Total Bytes Received By Job
	Partitionable Resources :    Usage  Request Allocated
	   Cpus                 :                 1         1
	   Disk (KB)            :        1        1  28380038
	   Memory (MB)          :      629        1      4033
...
