000 (2493152.000.000) 11/09 00:37:57 Job submitted from host: <192.168.1.109:9714>
...
001 (2493152.000.000) 11/09 00:38:17 Job executing on host: <192.168.1.51:9694>
...
006 (2493152.000.000) 11/09 00:38:26 Image size of job updated: 319868
	31  -  MemoryUsage of job (MB)
	31584  -  ResidentSetSize of job (KB)
...
006 (2493152.000.000) 11/09 00:38:32 Image size of job updated: 443824
	31  -  MemoryUsage of job (MB)
	31584  -  ResidentSetSize of job (KB)
...
005 (2493152.000.000) 11/09 00:38:32 Job terminated.
	(1) Normal termination (return value 6)
		Usr 0 00:00:04, Sys 0 00:00:00  -  Run Remote Usage
		Usr 0 00:00:00, Sys 0 00:00:00  -  Run Local Usage
		Usr 0 00:00:04, Sys 0 00:00:00  -  Total Remote Usage
		Usr 0 00:00:00, Sys 0 00:00:00  -  Total Local Usage
	0  -  Run Bytes Sent By Job
	0  -  Run Bytes Received By Job
	0  -  Total Bytes Sent By Job
	0  -  Total Bytes Received By Job
	Partitionable Resources :    Usage  Request Allocated
	   Cpus                 :                 1         1
	   Disk (KB)            :        1        1  28379839
	   Memory (MB)          :       31        1      4033
...
