000 (2492936.100.000) 11/08 23:53:19 Job submitted from host: <192.168.1.109:9714>
...
001 (2492936.100.000) 11/08 23:53:36 Job executing on host: <192.168.1.45:9392>
...
006 (2492936.100.000) 11/08 23:53:44 Image size of job updated: 464472
	146  -  MemoryUsage of job (MB)
	149440  -  ResidentSetSize of job (KB)
...
006 (2492936.100.000) 11/08 23:57:02 Image size of job updated: 939404
	146  -  MemoryUsage of job (MB)
	149440  -  ResidentSetSize of job (KB)
...
005 (2492936.100.000) 11/08 23:57:02 Job terminated.
	(1) Normal termination (return value 0)
		Usr 0 00:01:49, Sys 0 00:00:10  -  Run Remote Usage
		Usr 0 00:00:00, Sys 0 00:00:00  -  Run Local Usage
		Usr 0 00:01:49, Sys 0 00:00:10  -  Total Remote Usage
		Usr 0 00:00:00, Sys 0 00:00:00  -  Total Local Usage
	0  -  Run Bytes Sent By Job
	0  -  Run Bytes Received By Job
	0  -  Total Bytes Sent By Job
	0  -  Total Bytes Received By Job
	Partitionable Resources :    Usage  Request Allocated
	   Cpus                 :                 1         1
	   Disk (KB)            :        1        1   2370871
	   Memory (MB)          :      146        1      4035
...
