000 (2485819.007.000) 11/07 22:35:28 Job submitted from host: <192.168.1.109:9714>
...
001 (2485819.007.000) 11/07 22:35:35 Job executing on host: <192.168.1.65:9393>
...
006 (2485819.007.000) 11/07 22:35:44 Image size of job updated: 358764
	59  -  MemoryUsage of job (MB)
	59500  -  ResidentSetSize of job (KB)
...
006 (2485819.007.000) 11/07 22:40:45 Image size of job updated: 996792
	490  -  MemoryUsage of job (MB)
	501552  -  ResidentSetSize of job (KB)
...
006 (2485819.007.000) 11/07 22:45:45 Image size of job updated: 996792
	490  -  MemoryUsage of job (MB)
	501616  -  ResidentSetSize of job (KB)
...
006 (2485819.007.000) 11/07 22:50:45 Image size of job updated: 996792
	576  -  MemoryUsage of job (MB)
	589288  -  ResidentSetSize of job (KB)
...
006 (2485819.007.000) 11/07 22:55:46 Image size of job updated: 996792
	667  -  MemoryUsage of job (MB)
	682304  -  ResidentSetSize of job (KB)
...
006 (2485819.007.000) 11/07 23:00:47 Image size of job updated: 996792
	667  -  MemoryUsage of job (MB)
	682328  -  ResidentSetSize of job (KB)
...
006 (2485819.007.000) 11/07 23:05:47 Image size of job updated: 996792
	667  -  MemoryUsage of job (MB)
	682424  -  ResidentSetSize of job (KB)
...
006 (2485819.007.000) 11/07 23:10:48 Image size of job updated: 996792
	667  -  MemoryUsage of job (MB)
	682436  -  ResidentSetSize of job (KB)
...
005 (2485819.007.000) 11/07 23:15:37 Job terminated.
	(1) Normal termination (return value 0)
		Usr 0 00:37:04, Sys 0 00:01:37  -  Run Remote Usage
		Usr 0 00:00:00, Sys 0 00:00:00  -  Run Local Usage
		Usr 0 00:37:04, Sys 0 00:01:37  -  Total Remote Usage
		Usr 0 00:00:00, Sys 0 00:00:00  -  Total Local Usage
	0  -  Run Bytes Sent By Job
	0  -  Run Bytes Received By Job
	0  -  Total Bytes Sent By Job
	0  -  Total Bytes Received By Job
	Partitionable Resources :    Usage  Request Allocated
	   Cpus                 :                 1         1
	   Disk (KB)            :        1        1  19559790
	   Memory (MB)          :      667        1      4033
...
