000 (2497409.007.000) 11/09 15:27:50 Job submitted from host: <192.168.1.109:9714>
...
001 (2497409.007.000) 11/09 15:28:13 Job executing on host: <192.168.1.47:9634>
...
006 (2497409.007.000) 11/09 15:28:22 Image size of job updated: 163860
	23  -  MemoryUsage of job (MB)
	22792  -  ResidentSetSize of job (KB)
...
006 (2497409.007.000) 11/09 15:33:23 Image size of job updated: 1000564
	488  -  MemoryUsage of job (MB)
	498872  -  ResidentSetSize of job (KB)
...
006 (2497409.007.000) 11/09 15:48:24 Image size of job updated: 1000564
	598  -  MemoryUsage of job (MB)
	612072  -  ResidentSetSize of job (KB)
...
006 (2497409.007.000) 11/09 15:53:24 Image size of job updated: 1000564
	600  -  MemoryUsage of job (MB)
	613800  -  ResidentSetSize of job (KB)
...
006 (2497409.007.000) 11/09 16:08:26 Image size of job updated: 1000564
	600  -  MemoryUsage of job (MB)
	613884  -  ResidentSetSize of job (KB)
...
005 (2497409.007.000) 11/09 16:14:18 Job terminated.
	(1) Normal termination (return value 0)
		Usr 0 00:20:29, Sys 0 00:01:14  -  Run Remote Usage
		Usr 0 00:00:00, Sys 0 00:00:00  -  Run Local Usage
		Usr 0 00:20:29, Sys 0 00:01:14  -  Total Remote Usage
		Usr 0 00:00:00, Sys 0 00:00:00  -  Total Local Usage
	0  -  Run Bytes Sent By Job
	0  -  Run Bytes Received By Job
	0  -  Total Bytes Sent By Job
	0  -  Total Bytes Received By Job
	Partitionable Resources :    Usage  Request Allocated
	   Cpus                 :                 1         1
	   Disk (KB)            :        1        1  28380928
	   Memory (MB)          :      600        1      4033
...
