000 (2485823.116.000) 11/07 23:48:30 Job submitted from host: <192.168.1.109:9714>
...
001 (2485823.116.000) 11/07 23:48:43 Job executing on host: <192.168.1.57:9618?addrs=192.168.1.57-9618+[--1]-9618&noUDP&sock=2389_8c3f_3>
...
006 (2485823.116.000) 11/07 23:48:52 Image size of job updated: 31216
	2  -  MemoryUsage of job (MB)
	1692  -  ResidentSetSize of job (KB)
...
006 (2485823.116.000) 11/07 23:53:53 Image size of job updated: 998300
	494  -  MemoryUsage of job (MB)
	505740  -  ResidentSetSize of job (KB)
...
006 (2485823.116.000) 11/07 23:58:53 Image size of job updated: 998300
	593  -  MemoryUsage of job (MB)
	607116  -  ResidentSetSize of job (KB)
...
006 (2485823.116.000) 11/08 00:03:54 Image size of job updated: 998300
	613  -  MemoryUsage of job (MB)
	626760  -  ResidentSetSize of job (KB)
...
006 (2485823.116.000) 11/08 00:13:55 Image size of job updated: 998300
	613  -  MemoryUsage of job (MB)
	626848  -  ResidentSetSize of job (KB)
...
006 (2485823.116.000) 11/08 00:18:55 Image size of job updated: 998300
	613  -  MemoryUsage of job (MB)
	626860  -  ResidentSetSize of job (KB)
...
006 (2485823.116.000) 11/08 00:23:56 Image size of job updated: 998300
	613  -  MemoryUsage of job (MB)
	626864  -  ResidentSetSize of job (KB)
...
005 (2485823.116.000) 11/08 00:26:53 Job terminated.
	(1) Normal termination (return value 0)
		Usr 0 00:09:20, Sys 0 00:00:38  -  Run Remote Usage
		Usr 0 00:00:00, Sys 0 00:00:00  -  Run Local Usage
		Usr 0 00:09:20, Sys 0 00:00:38  -  Total Remote Usage
		Usr 0 00:00:00, Sys 0 00:00:00  -  Total Local Usage
	0  -  Run Bytes Sent By Job
	0  -  Run Bytes Received By Job
	0  -  Total Bytes Sent By Job
	0  -  Total Bytes Received By Job
	Partitionable Resources :    Usage  Request Allocated
	   Cpus                 :                 1         1
	   Disk (KB)            :        1        1   1563560
	   Memory (MB)          :      613        1         1
...
