000 (2491133.116.000) 11/08 19:40:20 Job submitted from host: <192.168.1.109:9714>
...
001 (2491133.116.000) 11/08 19:40:58 Job executing on host: <192.168.1.45:9392>
...
006 (2491133.116.000) 11/08 19:41:07 Image size of job updated: 97664
	3  -  MemoryUsage of job (MB)
	2412  -  ResidentSetSize of job (KB)
...
006 (2491133.116.000) 11/08 19:46:07 Image size of job updated: 998352
	491  -  MemoryUsage of job (MB)
	502716  -  ResidentSetSize of job (KB)
...
006 (2491133.116.000) 11/08 19:51:07 Image size of job updated: 998352
	493  -  MemoryUsage of job (MB)
	503856  -  ResidentSetSize of job (KB)
...
006 (2491133.116.000) 11/08 19:56:08 Image size of job updated: 998352
	493  -  MemoryUsage of job (MB)
	503956  -  ResidentSetSize of job (KB)
...
006 (2491133.116.000) 11/08 20:01:08 Image size of job updated: 1205372
	711  -  MemoryUsage of job (MB)
	727420  -  ResidentSetSize of job (KB)
...
005 (2491133.116.000) 11/08 20:02:35 Job terminated.
	(1) Normal termination (return value 0)
		Usr 0 00:07:33, Sys 0 00:00:29  -  Run Remote Usage
		Usr 0 00:00:00, Sys 0 00:00:00  -  Run Local Usage
		Usr 0 00:07:33, Sys 0 00:00:29  -  Total Remote Usage
		Usr 0 00:00:00, Sys 0 00:00:00  -  Total Local Usage
	0  -  Run Bytes Sent By Job
	0  -  Run Bytes Received By Job
	0  -  Total Bytes Sent By Job
	0  -  Total Bytes Received By Job
	Partitionable Resources :    Usage  Request Allocated
	   Cpus                 :                 1         1
	   Disk (KB)            :        1        1   2370581
	   Memory (MB)          :      711        1      4035
...
