000 (2497410.116.000) 11/09 15:33:47 Job submitted from host: <192.168.1.109:9714>
...
001 (2497410.116.000) 11/09 15:34:13 Job executing on host: <192.168.1.50:9434>
...
006 (2497410.116.000) 11/09 15:34:22 Image size of job updated: 337568
	37  -  MemoryUsage of job (MB)
	37280  -  ResidentSetSize of job (KB)
...
006 (2497410.116.000) 11/09 15:39:23 Image size of job updated: 1041200
	499  -  MemoryUsage of job (MB)
	510072  -  ResidentSetSize of job (KB)
...
006 (2497410.116.000) 11/09 15:44:23 Image size of job updated: 1041200
	531  -  MemoryUsage of job (MB)
	543060  -  ResidentSetSize of job (KB)
...
006 (2497410.116.000) 11/09 15:49:23 Image size of job updated: 1041200
	606  -  MemoryUsage of job (MB)
	620348  -  ResidentSetSize of job (KB)
...
006 (2497410.116.000) 11/09 15:54:24 Image size of job updated: 1041200
	606  -  MemoryUsage of job (MB)
	620352  -  ResidentSetSize of job (KB)
...
005 (2497410.116.000) 11/09 16:02:42 Job terminated.
	(1) Normal termination (return value 0)
		Usr 0 00:05:43, Sys 0 00:00:18  -  Run Remote Usage
		Usr 0 00:00:00, Sys 0 00:00:00  -  Run Local Usage
		Usr 0 00:05:43, Sys 0 00:00:18  -  Total Remote Usage
		Usr 0 00:00:00, Sys 0 00:00:00  -  Total Local Usage
	0  -  Run Bytes Sent By Job
	0  -  Run Bytes Received By Job
	0  -  Total Bytes Sent By Job
	0  -  Total Bytes Received By Job
	Partitionable Resources :    Usage  Request Allocated
	   Cpus                 :                 1         1
	   Disk (KB)            :        1        1  28380209
	   Memory (MB)          :      606        1      4033
...
