000 (2526456.091.000) 11/21 10:41:05 Job submitted from host: <192.168.1.109:9714>
...
001 (2526456.091.000) 11/21 10:41:33 Job executing on host: <192.168.1.45:9392>
...
006 (2526456.091.000) 11/21 10:41:42 Image size of job updated: 15608
	2  -  MemoryUsage of job (MB)
	1408  -  ResidentSetSize of job (KB)
...
006 (2526456.091.000) 11/21 10:41:56 Image size of job updated: 457084
	2  -  MemoryUsage of job (MB)
	1408  -  ResidentSetSize of job (KB)
...
005 (2526456.091.000) 11/21 10:41:57 Job terminated.
	(1) Normal termination (return value 0)
		Usr 0 00:00:06, Sys 0 00:00:00  -  Run Remote Usage
		Usr 0 00:00:00, Sys 0 00:00:00  -  Run Local Usage
		Usr 0 00:00:06, Sys 0 00:00:00  -  Total Remote Usage
		Usr 0 00:00:00, Sys 0 00:00:00  -  Total Local Usage
	0  -  Run Bytes Sent By Job
	0  -  Run Bytes Received By Job
	0  -  Total Bytes Sent By Job
	0  -  Total Bytes Received By Job
	Partitionable Resources :    Usage  Request Allocated
	   Cpus                 :                 1         1
	   Disk (KB)            :        1        1   2369753
	   Memory (MB)          :        2        1      4035
...
