000 (2524735.029.000) 11/21 01:52:16 Job submitted from host: <192.168.1.109:9714>
...
001 (2524735.029.000) 11/21 02:05:53 Job executing on host: <192.168.1.46:9845>
...
006 (2524735.029.000) 11/21 02:06:01 Image size of job updated: 32840
	3  -  MemoryUsage of job (MB)
	2628  -  ResidentSetSize of job (KB)
...
005 (2524735.029.000) 11/21 02:06:06 Job terminated.
	(1) Normal termination (return value 0)
		Usr 0 00:00:00, Sys 0 00:00:00  -  Run Remote Usage
		Usr 0 00:00:00, Sys 0 00:00:00  -  Run Local Usage
		Usr 0 00:00:00, Sys 0 00:00:00  -  Total Remote Usage
		Usr 0 00:00:00, Sys 0 00:00:00  -  Total Local Usage
	0  -  Run Bytes Sent By Job
	0  -  Run Bytes Received By Job
	0  -  Total Bytes Sent By Job
	0  -  Total Bytes Received By Job
	Partitionable Resources :    Usage  Request Allocated
	   Cpus                 :                 1         1
	   Disk (KB)            :        1        1   2369795
	   Memory (MB)          :        3        1      4035
...
