000 (2485823.068.000) 11/07 23:48:30 Job submitted from host: <192.168.1.109:9714>
...
001 (2485823.068.000) 11/07 23:48:39 Job executing on host: <192.168.1.49:9578>
...
006 (2485823.068.000) 11/07 23:48:48 Image size of job updated: 16004
	2  -  MemoryUsage of job (MB)
	1840  -  ResidentSetSize of job (KB)
...
006 (2485823.068.000) 11/07 23:53:49 Image size of job updated: 1017204
	499  -  MemoryUsage of job (MB)
	510912  -  ResidentSetSize of job (KB)
...
006 (2485823.068.000) 11/07 23:58:49 Image size of job updated: 1017204
	504  -  MemoryUsage of job (MB)
	515232  -  ResidentSetSize of job (KB)
...
005 (2485823.068.000) 11/08 00:01:24 Job terminated.
	(1) Normal termination (return value 0)
		Usr 0 00:02:53, Sys 0 00:00:10  -  Run Remote Usage
		Usr 0 00:00:00, Sys 0 00:00:00  -  Run Local Usage
		Usr 0 00:02:53, Sys 0 00:00:10  -  Total Remote Usage
		Usr 0 00:00:00, Sys 0 00:00:00  -  Total Local Usage
	0  -  Run Bytes Sent By Job
	0  -  Run Bytes Received By Job
	0  -  Total Bytes Sent By Job
	0  -  Total Bytes Received By Job
	Partitionable Resources :    Usage  Request Allocated
	   Cpus                 :                 1         1
	   Disk (KB)            :        1        1  28360962
	   Memory (MB)          :      504        1      4033
...
