000 (2491851.068.000) 11/08 20:36:47 Job submitted from host: <192.168.1.109:9714>
...
001 (2491851.068.000) 11/08 20:37:15 Job executing on host: <192.168.1.65:9393>
...
006 (2491851.068.000) 11/08 20:37:24 Image size of job updated: 1
	3  -  MemoryUsage of job (MB)
	2100  -  ResidentSetSize of job (KB)
...
006 (2491851.068.000) 11/08 20:42:25 Image size of job updated: 1017196
	422  -  MemoryUsage of job (MB)
	431388  -  ResidentSetSize of job (KB)
...
006 (2491851.068.000) 11/08 20:47:25 Image size of job updated: 1017196
	426  -  MemoryUsage of job (MB)
	435236  -  ResidentSetSize of job (KB)
...
005 (2491851.068.000) 11/08 20:51:11 Job terminated.
	(1) Normal termination (return value 0)
		Usr 0 00:06:56, Sys 0 00:00:14  -  Run Remote Usage
		Usr 0 00:00:00, Sys 0 00:00:00  -  Run Local Usage
		Usr 0 00:06:56, Sys 0 00:00:14  -  Total Remote Usage
		Usr 0 00:00:00, Sys 0 00:00:00  -  Total Local Usage
	0  -  Run Bytes Sent By Job
	0  -  Run Bytes Received By Job
	0  -  Total Bytes Sent By Job
	0  -  Total Bytes Received By Job
	Partitionable Resources :    Usage  Request Allocated
	   Cpus                 :                 1         1
	   Disk (KB)            :        1        1  19563973
	   Memory (MB)          :      426        1      4033
...
