000 (2497410.068.000) 11/09 15:33:46 Job submitted from host: <192.168.1.109:9714>
...
001 (2497410.068.000) 11/09 15:34:11 Job executing on host: <192.168.1.51:9694>
...
006 (2497410.068.000) 11/09 15:34:20 Image size of job updated: 352024
	41  -  MemoryUsage of job (MB)
	40968  -  ResidentSetSize of job (KB)
...
006 (2497410.068.000) 11/09 15:39:21 Image size of job updated: 1055216
	501  -  MemoryUsage of job (MB)
	512084  -  ResidentSetSize of job (KB)
...
006 (2497410.068.000) 11/09 15:44:22 Image size of job updated: 1055216
	501  -  MemoryUsage of job (MB)
	512824  -  ResidentSetSize of job (KB)
...
006 (2497410.068.000) 11/09 15:49:22 Image size of job updated: 1055216
	502  -  MemoryUsage of job (MB)
	513064  -  ResidentSetSize of job (KB)
...
006 (2497410.068.000) 11/09 15:54:23 Image size of job updated: 1055216
	502  -  MemoryUsage of job (MB)
	513244  -  ResidentSetSize of job (KB)
...
006 (2497410.068.000) 11/09 15:59:24 Image size of job updated: 1055216
	502  -  MemoryUsage of job (MB)
	513316  -  ResidentSetSize of job (KB)
...
006 (2497410.068.000) 11/09 16:04:24 Image size of job updated: 1055216
	502  -  MemoryUsage of job (MB)
	513364  -  ResidentSetSize of job (KB)
...
005 (2497410.068.000) 11/09 16:07:41 Job terminated.
	(1) Normal termination (return value 0)
		Usr 0 00:03:55, Sys 0 00:00:14  -  Run Remote Usage
		Usr 0 00:00:00, Sys 0 00:00:00  -  Run Local Usage
		Usr 0 00:03:55, Sys 0 00:00:14  -  Total Remote Usage
		Usr 0 00:00:00, Sys 0 00:00:00  -  Total Local Usage
	0  -  Run Bytes Sent By Job
	0  -  Run Bytes Received By Job
	0  -  Total Bytes Sent By Job
	0  -  Total Bytes Received By Job
	Partitionable Resources :    Usage  Request Allocated
	   Cpus                 :                 1         1
	   Disk (KB)            :        1        1  28379683
	   Memory (MB)          :      502        1      4033
...
