000 (2504798.077.000) 11/15 23:52:38 Job submitted from host: <192.168.1.109:9714>
...
001 (2504798.077.000) 11/15 23:52:46 Job executing on host: <192.168.1.49:9578>
...
006 (2504798.077.000) 11/15 23:52:54 Image size of job updated: 457788
	142  -  MemoryUsage of job (MB)
	144828  -  ResidentSetSize of job (KB)
...
006 (2504798.077.000) 11/15 23:52:55 Image size of job updated: 475756
	142  -  MemoryUsage of job (MB)
	144828  -  ResidentSetSize of job (KB)
...
005 (2504798.077.000) 11/15 23:52:55 Job terminated.
	(1) Normal termination (return value 0)
		Usr 0 00:00:05, Sys 0 00:00:00  -  Run Remote Usage
		Usr 0 00:00:00, Sys 0 00:00:00  -  Run Local Usage
		Usr 0 00:00:05, Sys 0 00:00:00  -  Total Remote Usage
		Usr 0 00:00:00, Sys 0 00:00:00  -  Total Local Usage
	0  -  Run Bytes Sent By Job
	0  -  Run Bytes Received By Job
	0  -  Total Bytes Sent By Job
	0  -  Total Bytes Received By Job
	Partitionable Resources :    Usage  Request Allocated
	   Cpus                 :                 1         1
	   Disk (KB)            :        1        1  28379421
	   Memory (MB)          :      142        1      4033
...
