000 (2511949.038.000) 11/17 23:24:50 Job submitted from host: <192.168.1.109:9714>
...
001 (2511949.038.000) 11/17 23:29:16 Job executing on host: <192.168.1.45:9392>
...
006 (2511949.038.000) 11/17 23:29:25 Image size of job updated: 1
	3  -  MemoryUsage of job (MB)
	2248  -  ResidentSetSize of job (KB)
...
006 (2511949.038.000) 11/17 23:30:04 Image size of job updated: 835164
	3  -  MemoryUsage of job (MB)
	2248  -  ResidentSetSize of job (KB)
...
005 (2511949.038.000) 11/17 23:30:04 Job terminated.
	(1) Normal termination (return value 0)
		Usr 0 00:00:36, Sys 0 00:00:02  -  Run Remote Usage
		Usr 0 00:00:00, Sys 0 00:00:00  -  Run Local Usage
		Usr 0 00:00:36, Sys 0 00:00:02  -  Total Remote Usage
		Usr 0 00:00:00, Sys 0 00:00:00  -  Total Local Usage
	0  -  Run Bytes Sent By Job
	0  -  Run Bytes Received By Job
	0  -  Total Bytes Sent By Job
	0  -  Total Bytes Received By Job
	Partitionable Resources :    Usage  Request Allocated
	   Cpus                 :                 1         1
	   Disk (KB)            :        1        1   2369448
	   Memory (MB)          :        3        1      4035
...
