000 (2526456.038.000) 11/21 10:41:04 Job submitted from host: <192.168.1.109:9714>
...
001 (2526456.038.000) 11/21 10:41:30 Job executing on host: <192.168.1.48:9634>
...
006 (2526456.038.000) 11/21 10:41:38 Image size of job updated: 182324
	32  -  MemoryUsage of job (MB)
	32760  -  ResidentSetSize of job (KB)
...
006 (2526456.038.000) 11/21 10:42:31 Image size of job updated: 822608
	32  -  MemoryUsage of job (MB)
	32760  -  ResidentSetSize of job (KB)
...
005 (2526456.038.000) 11/21 10:42:31 Job terminated.
	(1) Normal termination (return value 0)
		Usr 0 00:00:18, Sys 0 00:00:02  -  Run Remote Usage
		Usr 0 00:00:00, Sys 0 00:00:00  -  Run Local Usage
		Usr 0 00:00:18, Sys 0 00:00:02  -  Total Remote Usage
		Usr 0 00:00:00, Sys 0 00:00:00  -  Total Local Usage
	0  -  Run Bytes Sent By Job
	0  -  Run Bytes Received By Job
	0  -  Total Bytes Sent By Job
	0  -  Total Bytes Received By Job
	Partitionable Resources :    Usage  Request Allocated
	   Cpus                 :                 1         1
	   Disk (KB)            :        1        1  28380570
	   Memory (MB)          :       32        1      4033
...
