000 (2497410.088.000) 11/09 15:33:47 Job submitted from host: <192.168.1.109:9714>
...
001 (2497410.088.000) 11/09 15:34:12 Job executing on host: <192.168.1.43:9998>
...
006 (2497410.088.000) 11/09 15:34:21 Image size of job updated: 347652
	37  -  MemoryUsage of job (MB)
	37112  -  ResidentSetSize of job (KB)
...
006 (2497410.088.000) 11/09 15:39:22 Image size of job updated: 1062332
	508  -  MemoryUsage of job (MB)
	519676  -  ResidentSetSize of job (KB)
...
006 (2497410.088.000) 11/09 15:44:23 Image size of job updated: 1062332
	509  -  MemoryUsage of job (MB)
	520224  -  ResidentSetSize of job (KB)
...
006 (2497410.088.000) 11/09 15:49:23 Image size of job updated: 1062332
	510  -  MemoryUsage of job (MB)
	521456  -  ResidentSetSize of job (KB)
...
006 (2497410.088.000) 11/09 15:54:24 Image size of job updated: 1062332
	510  -  MemoryUsage of job (MB)
	521680  -  ResidentSetSize of job (KB)
...
006 (2497410.088.000) 11/09 15:59:25 Image size of job updated: 1062332
	510  -  MemoryUsage of job (MB)
	521716  -  ResidentSetSize of job (KB)
...
006 (2497410.088.000) 11/09 16:04:25 Image size of job updated: 1062332
	510  -  MemoryUsage of job (MB)
	521732  -  ResidentSetSize of job (KB)
...
006 (2497410.088.000) 11/09 16:09:26 Image size of job updated: 1062332
	624  -  MemoryUsage of job (MB)
	638180  -  ResidentSetSize of job (KB)
...
005 (2497410.088.000) 11/09 16:12:14 Job terminated.
	(1) Normal termination (return value 0)
		Usr 0 00:03:55, Sys 0 00:00:14  -  Run Remote Usage
		Usr 0 00:00:00, Sys 0 00:00:00  -  Run Local Usage
		Usr 0 00:03:55, Sys 0 00:00:14  -  Total Remote Usage
		Usr 0 00:00:00, Sys 0 00:00:00  -  Total Local Usage
	0  -  Run Bytes Sent By Job
	0  -  Run Bytes Received By Job
	0  -  Total Bytes Sent By Job
	0  -  Total Bytes Received By Job
	Partitionable Resources :    Usage  Request Allocated
	   Cpus                 :                 1         1
	   Disk (KB)            :        1        1   2367119
	   Memory (MB)          :      624        1      4035
...
