000 (2485823.092.000) 11/07 23:48:30 Job submitted from host: <192.168.1.109:9714>
...
001 (2485823.092.000) 11/07 23:48:41 Job executing on host: <192.168.1.54:9618?addrs=192.168.1.54-9618+[--1]-9618&noUDP&sock=2569_034c_3>
...
006 (2485823.092.000) 11/07 23:48:49 Image size of job updated: 161444
	3  -  MemoryUsage of job (MB)
	2544  -  ResidentSetSize of job (KB)
...
006 (2485823.092.000) 11/07 23:53:49 Image size of job updated: 1022240
	507  -  MemoryUsage of job (MB)
	518492  -  ResidentSetSize of job (KB)
...
006 (2485823.092.000) 11/07 23:58:50 Image size of job updated: 1022240
	509  -  MemoryUsage of job (MB)
	520748  -  ResidentSetSize of job (KB)
...
006 (2485823.092.000) 11/08 00:03:50 Image size of job updated: 1022240
	509  -  MemoryUsage of job (MB)
	520884  -  ResidentSetSize of job (KB)
...
006 (2485823.092.000) 11/08 00:13:51 Image size of job updated: 1022240
	514  -  MemoryUsage of job (MB)
	525452  -  ResidentSetSize of job (KB)
...
006 (2485823.092.000) 11/08 00:18:52 Image size of job updated: 1022240
	514  -  MemoryUsage of job (MB)
	525644  -  ResidentSetSize of job (KB)
...
005 (2485823.092.000) 11/08 00:20:22 Job terminated.
	(1) Normal termination (return value 0)
		Usr 0 00:09:49, Sys 0 00:00:37  -  Run Remote Usage
		Usr 0 00:00:00, Sys 0 00:00:00  -  Run Local Usage
		Usr 0 00:09:49, Sys 0 00:00:37  -  Total Remote Usage
		Usr 0 00:00:00, Sys 0 00:00:00  -  Total Local Usage
	0  -  Run Bytes Sent By Job
	0  -  Run Bytes Received By Job
	0  -  Total Bytes Sent By Job
	0  -  Total Bytes Received By Job
	Partitionable Resources :    Usage  Request Allocated
	   Cpus                 :                 1         1
	   Disk (KB)            :        1        1   1563671
	   Memory (MB)          :      514        1         1
...
