000 (2491851.092.000) 11/08 20:36:47 Job submitted from host: <192.168.1.109:9714>
...
001 (2491851.092.000) 11/08 20:37:19 Job executing on host: <192.168.1.42:9515>
...
006 (2491851.092.000) 11/08 20:37:28 Image size of job updated: 352020
	64  -  MemoryUsage of job (MB)
	64572  -  ResidentSetSize of job (KB)
...
006 (2491851.092.000) 11/08 20:42:28 Image size of job updated: 1022288
	500  -  MemoryUsage of job (MB)
	511608  -  ResidentSetSize of job (KB)
...
006 (2491851.092.000) 11/08 21:02:30 Image size of job updated: 1022288
	532  -  MemoryUsage of job (MB)
	544608  -  ResidentSetSize of job (KB)
...
006 (2491851.092.000) 11/08 21:07:30 Image size of job updated: 1022288
	552  -  MemoryUsage of job (MB)
	564692  -  ResidentSetSize of job (KB)
...
005 (2491851.092.000) 11/08 21:10:08 Job terminated.
	(1) Normal termination (return value 0)
		Usr 0 00:08:11, Sys 0 00:00:31  -  Run Remote Usage
		Usr 0 00:00:00, Sys 0 00:00:00  -  Run Local Usage
		Usr 0 00:08:11, Sys 0 00:00:31  -  Total Remote Usage
		Usr 0 00:00:00, Sys 0 00:00:00  -  Total Local Usage
	0  -  Run Bytes Sent By Job
	0  -  Run Bytes Received By Job
	0  -  Total Bytes Sent By Job
	0  -  Total Bytes Received By Job
	Partitionable Resources :    Usage  Request Allocated
	   Cpus                 :                 1         1
	   Disk (KB)            :        1        1   2371118
	   Memory (MB)          :      552        1      4035
...
