000 (2497410.092.000) 11/09 15:33:47 Job submitted from host: <192.168.1.109:9714>
...
001 (2497410.092.000) 11/09 15:34:12 Job executing on host: <192.168.1.51:9694>
...
006 (2497410.092.000) 11/09 15:34:21 Image size of job updated: 342112
	44  -  MemoryUsage of job (MB)
	44424  -  ResidentSetSize of job (KB)
...
006 (2497410.092.000) 11/09 15:39:22 Image size of job updated: 1065864
	511  -  MemoryUsage of job (MB)
	522560  -  ResidentSetSize of job (KB)
...
006 (2497410.092.000) 11/09 15:44:22 Image size of job updated: 1065864
	512  -  MemoryUsage of job (MB)
	523328  -  ResidentSetSize of job (KB)
...
006 (2497410.092.000) 11/09 15:49:22 Image size of job updated: 1065864
	512  -  MemoryUsage of job (MB)
	523872  -  ResidentSetSize of job (KB)
...
006 (2497410.092.000) 11/09 15:54:23 Image size of job updated: 1065864
	512  -  MemoryUsage of job (MB)
	524004  -  ResidentSetSize of job (KB)
...
006 (2497410.092.000) 11/09 15:59:23 Image size of job updated: 1065864
	512  -  MemoryUsage of job (MB)
	524040  -  ResidentSetSize of job (KB)
...
006 (2497410.092.000) 11/09 16:04:23 Image size of job updated: 1065864
	512  -  MemoryUsage of job (MB)
	524044  -  ResidentSetSize of job (KB)
...
006 (2497410.092.000) 11/09 16:09:24 Image size of job updated: 1065864
	512  -  MemoryUsage of job (MB)
	524048  -  ResidentSetSize of job (KB)
...
006 (2497410.092.000) 11/09 16:14:25 Image size of job updated: 1065864
	512  -  MemoryUsage of job (MB)
	524080  -  ResidentSetSize of job (KB)
...
006 (2497410.092.000) 11/09 16:19:25 Image size of job updated: 1065864
	512  -  MemoryUsage of job (MB)
	524116  -  ResidentSetSize of job (KB)
...
006 (2497410.092.000) 11/09 16:24:26 Image size of job updated: 1065864
	512  -  MemoryUsage of job (MB)
	524160  -  ResidentSetSize of job (KB)
...
005 (2497410.092.000) 11/09 16:27:54 Job terminated.
	(1) Normal termination (return value 0)
		Usr 0 00:07:41, Sys 0 00:00:27  -  Run Remote Usage
		Usr 0 00:00:00, Sys 0 00:00:00  -  Run Local Usage
		Usr 0 00:07:41, Sys 0 00:00:27  -  Total Remote Usage
		Usr 0 00:00:00, Sys 0 00:00:00  -  Total Local Usage
	0  -  Run Bytes Sent By Job
	0  -  Run Bytes Received By Job
	0  -  Total Bytes Sent By Job
	0  -  Total Bytes Received By Job
	Partitionable Resources :    Usage  Request Allocated
	   Cpus                 :                 1         1
	   Disk (KB)            :        1        1  28379683
	   Memory (MB)          :      512        1      4033
...
