000 (2492636.042.000) 11/08 22:47:39 Job submitted from host: <192.168.1.109:9714>
...
001 (2492636.042.000) 11/08 22:47:47 Job executing on host: <192.168.1.65:9393>
...
006 (2492636.042.000) 11/08 22:47:56 Image size of job updated: 78716
	3  -  MemoryUsage of job (MB)
	2644  -  ResidentSetSize of job (KB)
...
006 (2492636.042.000) 11/08 22:48:13 Image size of job updated: 470024
	3  -  MemoryUsage of job (MB)
	2644  -  ResidentSetSize of job (KB)
...
005 (2492636.042.000) 11/08 22:48:18 Job terminated.
	(1) Normal termination (return value 0)
		Usr 0 00:00:09, Sys 0 00:00:00  -  Run Remote Usage
		Usr 0 00:00:00, Sys 0 00:00:00  -  Run Local Usage
		Usr 0 00:00:09, Sys 0 00:00:00  -  Total Remote Usage
		Usr 0 00:00:00, Sys 0 00:00:00  -  Total Local Usage
	0  -  Run Bytes Sent By Job
	0  -  Run Bytes Received By Job
	0  -  Total Bytes Sent By Job
	0  -  Total Bytes Received By Job
	Partitionable Resources :    Usage  Request Allocated
	   Cpus                 :                 1         1
	   Disk (KB)            :        1        1  19563006
	   Memory (MB)          :        3        1      4033
...
