000 (2482243.106.000) 11/07 15:44:24 Job submitted from host: <192.168.1.109:9714>
...
001 (2482243.106.000) 11/07 15:44:41 Job executing on host: <192.168.1.42:9515>
...
006 (2482243.106.000) 11/07 15:44:50 Image size of job updated: 345004
	82  -  MemoryUsage of job (MB)
	83032  -  ResidentSetSize of job (KB)
...
006 (2482243.106.000) 11/07 15:47:05 Image size of job updated: 847704
	82  -  MemoryUsage of job (MB)
	83032  -  ResidentSetSize of job (KB)
...
005 (2482243.106.000) 11/07 15:47:05 Job terminated.
	(1) Normal termination (return value 0)
		Usr 0 00:01:29, Sys 0 00:00:07  -  Run Remote Usage
		Usr 0 00:00:00, Sys 0 00:00:00  -  Run Local Usage
		Usr 0 00:01:29, Sys 0 00:00:07  -  Total Remote Usage
		Usr 0 00:00:00, Sys 0 00:00:00  -  Total Local Usage
	0  -  Run Bytes Sent By Job
	0  -  Run Bytes Received By Job
	0  -  Total Bytes Sent By Job
	0  -  Total Bytes Received By Job
	Partitionable Resources :    Usage  Request Allocated
	   Cpus                 :                 1         1
	   Disk (KB)            :        1        1   2367000
	   Memory (MB)          :       82        1      4035
...
