000 (2492936.106.000) 11/08 23:53:20 Job submitted from host: <192.168.1.109:9714>
...
001 (2492936.106.000) 11/08 23:53:36 Job executing on host: <192.168.1.50:9434>
...
006 (2492936.106.000) 11/08 23:53:45 Image size of job updated: 464588
	143  -  MemoryUsage of job (MB)
	146336  -  ResidentSetSize of job (KB)
...
006 (2492936.106.000) 11/08 23:55:33 Image size of job updated: 892168
	143  -  MemoryUsage of job (MB)
	146336  -  ResidentSetSize of job (KB)
...
005 (2492936.106.000) 11/08 23:55:33 Job terminated.
	(1) Normal termination (return value 0)
		Usr 0 00:01:06, Sys 0 00:00:06  -  Run Remote Usage
		Usr 0 00:00:00, Sys 0 00:00:00  -  Run Local Usage
		Usr 0 00:01:06, Sys 0 00:00:06  -  Total Remote Usage
		Usr 0 00:00:00, Sys 0 00:00:00  -  Total Local Usage
	0  -  Run Bytes Sent By Job
	0  -  Run Bytes Received By Job
	0  -  Total Bytes Sent By Job
	0  -  Total Bytes Received By Job
	Partitionable Resources :    Usage  Request Allocated
	   Cpus                 :                 1         1
	   Disk (KB)            :        1        1  28380126
	   Memory (MB)          :      143        1      4033
...
