000 (2492235.009.000) 11/08 21:19:19 Job submitted from host: <192.168.1.109:9714>
...
001 (2492235.009.000) 11/08 21:20:00 Job executing on host: <192.168.1.50:9434>
...
006 (2492235.009.000) 11/08 21:20:09 Image size of job updated: 97472
	2  -  MemoryUsage of job (MB)
	1408  -  ResidentSetSize of job (KB)
...
006 (2492235.009.000) 11/08 21:24:00 Image size of job updated: 491808
	2  -  MemoryUsage of job (MB)
	1408  -  ResidentSetSize of job (KB)
...
005 (2492235.009.000) 11/08 21:24:00 Job terminated.
	(1) Normal termination (return value 0)
		Usr 0 00:00:26, Sys 0 00:00:01  -  Run Remote Usage
		Usr 0 00:00:00, Sys 0 00:00:00  -  Run Local Usage
		Usr 0 00:00:26, Sys 0 00:00:01  -  Total Remote Usage
		Usr 0 00:00:00, Sys 0 00:00:00  -  Total Local Usage
	0  -  Run Bytes Sent By Job
	0  -  Run Bytes Received By Job
	0  -  Total Bytes Sent By Job
	0  -  Total Bytes Received By Job
	Partitionable Resources :    Usage  Request Allocated
	   Cpus                 :                 1         1
	   Disk (KB)            :        1        1  28379735
	   Memory (MB)          :        2        1      4033
...
