000 (2493183.009.000) 11/09 00:44:12 Job submitted from host: <192.168.1.109:9714>
...
001 (2493183.009.000) 11/09 00:44:21 Job executing on host: <192.168.1.45:9392>
...
006 (2493183.009.000) 11/09 00:44:30 Image size of job updated: 403856
	72  -  MemoryUsage of job (MB)
	73476  -  ResidentSetSize of job (KB)
...
006 (2493183.009.000) 11/09 00:45:19 Image size of job updated: 484084
	72  -  MemoryUsage of job (MB)
	73476  -  ResidentSetSize of job (KB)
...
005 (2493183.009.000) 11/09 00:45:38 Job terminated.
	(1) Normal termination (return value 0)
		Usr 0 00:00:13, Sys 0 00:00:00  -  Run Remote Usage
		Usr 0 00:00:00, Sys 0 00:00:00  -  Run Local Usage
		Usr 0 00:00:13, Sys 0 00:00:00  -  Total Remote Usage
		Usr 0 00:00:00, Sys 0 00:00:00  -  Total Local Usage
	0  -  Run Bytes Sent By Job
	0  -  Run Bytes Received By Job
	0  -  Total Bytes Sent By Job
	0  -  Total Bytes Received By Job
	Partitionable Resources :    Usage  Request Allocated
	   Cpus                 :                 1         1
	   Disk (KB)            :        1        1   2370782
	   Memory (MB)          :       72        1      4035
...
