000 (2504799.009.000) 11/16 00:18:58 Job submitted from host: <192.168.1.109:9714>
...
001 (2504799.009.000) 11/16 00:19:35 Job executing on host: <192.168.1.63:9932>
...
006 (2504799.009.000) 11/16 00:19:44 Image size of job updated: 97472
	3  -  MemoryUsage of job (MB)
	2264  -  ResidentSetSize of job (KB)
...
006 (2504799.009.000) 11/16 00:21:22 Image size of job updated: 477056
	3  -  MemoryUsage of job (MB)
	2264  -  ResidentSetSize of job (KB)
...
005 (2504799.009.000) 11/16 00:21:22 Job terminated.
	(1) Normal termination (return value 0)
		Usr 0 00:00:25, Sys 0 00:00:02  -  Run Remote Usage
		Usr 0 00:00:00, Sys 0 00:00:00  -  Run Local Usage
		Usr 0 00:00:25, Sys 0 00:00:02  -  Total Remote Usage
		Usr 0 00:00:00, Sys 0 00:00:00  -  Total Local Usage
	0  -  Run Bytes Sent By Job
	0  -  Run Bytes Received By Job
	0  -  Total Bytes Sent By Job
	0  -  Total Bytes Received By Job
	Partitionable Resources :    Usage  Request Allocated
	   Cpus                 :                 1         1
	   Disk (KB)            :        1        1  19562600
	   Memory (MB)          :        3        1      4033
...
