000 (2492274.045.000) 11/08 21:21:59 Job submitted from host: <192.168.1.109:9714>
...
001 (2492274.045.000) 11/08 21:22:28 Job executing on host: <192.168.1.51:9694>
...
006 (2492274.045.000) 11/08 21:22:37 Image size of job updated: 31216
	2  -  MemoryUsage of job (MB)
	1688  -  ResidentSetSize of job (KB)
...
006 (2492274.045.000) 11/08 21:27:37 Image size of job updated: 1057076
	505  -  MemoryUsage of job (MB)
	516320  -  ResidentSetSize of job (KB)
...
006 (2492274.045.000) 11/08 21:32:37 Image size of job updated: 1057076
	506  -  MemoryUsage of job (MB)
	517744  -  ResidentSetSize of job (KB)
...
006 (2492274.045.000) 11/08 21:37:38 Image size of job updated: 1057076
	506  -  MemoryUsage of job (MB)
	518052  -  ResidentSetSize of job (KB)
...
006 (2492274.045.000) 11/08 21:42:38 Image size of job updated: 1057076
	507  -  MemoryUsage of job (MB)
	518356  -  ResidentSetSize of job (KB)
...
006 (2492274.045.000) 11/08 21:47:38 Image size of job updated: 1057076
	507  -  MemoryUsage of job (MB)
	518456  -  ResidentSetSize of job (KB)
...
006 (2492274.045.000) 11/08 21:52:39 Image size of job updated: 1057076
	507  -  MemoryUsage of job (MB)
	518476  -  ResidentSetSize of job (KB)
...
006 (2492274.045.000) 11/08 21:57:39 Image size of job updated: 1057076
	507  -  MemoryUsage of job (MB)
	518744  -  ResidentSetSize of job (KB)
...
006 (2492274.045.000) 11/08 22:02:39 Image size of job updated: 1057076
	507  -  MemoryUsage of job (MB)
	518768  -  ResidentSetSize of job (KB)
...
006 (2492274.045.000) 11/08 22:07:40 Image size of job updated: 1057076
	508  -  MemoryUsage of job (MB)
	519496  -  ResidentSetSize of job (KB)
...
006 (2492274.045.000) 11/08 22:12:41 Image size of job updated: 1057076
	508  -  MemoryUsage of job (MB)
	519516  -  ResidentSetSize of job (KB)
...
006 (2492274.045.000) 11/08 22:22:42 Image size of job updated: 1057076
	508  -  MemoryUsage of job (MB)
	519672  -  ResidentSetSize of job (KB)
...
006 (2492274.045.000) 11/08 22:27:42 Image size of job updated: 1057076
	508  -  MemoryUsage of job (MB)
	519704  -  ResidentSetSize of job (KB)
...
006 (2492274.045.000) 11/08 22:32:42 Image size of job updated: 1057076
	508  -  MemoryUsage of job (MB)
	519980  -  ResidentSetSize of job (KB)
...
005 (2492274.045.000) 11/08 22:34:33 Job terminated.
	(1) Normal termination (return value 0)
		Usr 0 00:14:59, Sys 0 00:00:53  -  Run Remote Usage
		Usr 0 00:00:00, Sys 0 00:00:00  -  Run Local Usage
		Usr 0 00:14:59, Sys 0 00:00:53  -  Total Remote Usage
		Usr 0 00:00:00, Sys 0 00:00:00  -  Total Local Usage
	0  -  Run Bytes Sent By Job
	0  -  Run Bytes Received By Job
	0  -  Total Bytes Sent By Job
	0  -  Total Bytes Received By Job
	Partitionable Resources :    Usage  Request Allocated
	   Cpus                 :                 1         1
	   Disk (KB)            :        1        1  28379007
	   Memory (MB)          :      508        1      4033
...
