000 (2492235.057.000) 11/08 21:19:20 Job submitted from host: <192.168.1.109:9714>
...
001 (2492235.057.000) 11/08 21:19:32 Job executing on host: <192.168.1.47:9634>
...
006 (2492235.057.000) 11/08 21:19:42 Image size of job updated: 97476
	2  -  MemoryUsage of job (MB)
	1836  -  ResidentSetSize of job (KB)
...
006 (2492235.057.000) 11/08 21:24:42 Image size of job updated: 1057076
	429  -  MemoryUsage of job (MB)
	438572  -  ResidentSetSize of job (KB)
...
006 (2492235.057.000) 11/08 21:29:44 Image size of job updated: 1057076
	430  -  MemoryUsage of job (MB)
	439776  -  ResidentSetSize of job (KB)
...
006 (2492235.057.000) 11/08 21:34:44 Image size of job updated: 1057076
	430  -  MemoryUsage of job (MB)
	440068  -  ResidentSetSize of job (KB)
...
006 (2492235.057.000) 11/08 21:39:45 Image size of job updated: 1057076
	431  -  MemoryUsage of job (MB)
	440580  -  ResidentSetSize of job (KB)
...
006 (2492235.057.000) 11/08 21:44:46 Image size of job updated: 1057076
	431  -  MemoryUsage of job (MB)
	440668  -  ResidentSetSize of job (KB)
...
006 (2492235.057.000) 11/08 21:49:46 Image size of job updated: 1057076
	431  -  MemoryUsage of job (MB)
	440700  -  ResidentSetSize of job (KB)
...
006 (2492235.057.000) 11/08 21:54:47 Image size of job updated: 1057076
	544  -  MemoryUsage of job (MB)
	556860  -  ResidentSetSize of job (KB)
...
006 (2492235.057.000) 11/08 21:59:48 Image size of job updated: 1057076
	545  -  MemoryUsage of job (MB)
	557352  -  ResidentSetSize of job (KB)
...
006 (2492235.057.000) 11/08 22:04:48 Image size of job updated: 1057076
	545  -  MemoryUsage of job (MB)
	557360  -  ResidentSetSize of job (KB)
...
006 (2492235.057.000) 11/08 22:09:48 Image size of job updated: 1057076
	546  -  MemoryUsage of job (MB)
	558088  -  ResidentSetSize of job (KB)
...
006 (2492235.057.000) 11/08 22:14:48 Image size of job updated: 1057076
	546  -  MemoryUsage of job (MB)
	558108  -  ResidentSetSize of job (KB)
...
006 (2492235.057.000) 11/08 22:24:49 Image size of job updated: 1057076
	546  -  MemoryUsage of job (MB)
	558248  -  ResidentSetSize of job (KB)
...
006 (2492235.057.000) 11/08 22:29:50 Image size of job updated: 1057076
	546  -  MemoryUsage of job (MB)
	558520  -  ResidentSetSize of job (KB)
...
005 (2492235.057.000) 11/08 22:32:58 Job terminated.
	(1) Normal termination (return value 0)
		Usr 0 00:13:37, Sys 0 00:00:54  -  Run Remote Usage
		Usr 0 00:00:00, Sys 0 00:00:00  -  Run Local Usage
		Usr 0 00:13:37, Sys 0 00:00:54  -  Total Remote Usage
		Usr 0 00:00:00, Sys 0 00:00:00  -  Total Local Usage
	0  -  Run Bytes Sent By Job
	0  -  Run Bytes Received By Job
	0  -  Total Bytes Sent By Job
	0  -  Total Bytes Received By Job
	Partitionable Resources :    Usage  Request Allocated
	   Cpus                 :                 1         1
	   Disk (KB)            :        1        1  28380912
	   Memory (MB)          :      546        1      4033
...
