000 (2493183.057.000) 11/09 00:44:14 Job submitted from host: <192.168.1.109:9714>
...
001 (2493183.057.000) 11/09 00:44:23 Job executing on host: <192.168.1.50:9434>
...
006 (2493183.057.000) 11/09 00:44:33 Image size of job updated: 439664
	117  -  MemoryUsage of job (MB)
	119760  -  ResidentSetSize of job (KB)
...
006 (2493183.057.000) 11/09 00:49:33 Image size of job updated: 1043432
	491  -  MemoryUsage of job (MB)
	502292  -  ResidentSetSize of job (KB)
...
006 (2493183.057.000) 11/09 00:54:33 Image size of job updated: 1043432
	491  -  MemoryUsage of job (MB)
	502620  -  ResidentSetSize of job (KB)
...
006 (2493183.057.000) 11/09 00:59:34 Image size of job updated: 1043432
	491  -  MemoryUsage of job (MB)
	502636  -  ResidentSetSize of job (KB)
...
006 (2493183.057.000) 11/09 01:04:35 Image size of job updated: 1043432
	491  -  MemoryUsage of job (MB)
	502680  -  ResidentSetSize of job (KB)
...
006 (2493183.057.000) 11/09 01:09:35 Image size of job updated: 1043432
	491  -  MemoryUsage of job (MB)
	502740  -  ResidentSetSize of job (KB)
...
006 (2493183.057.000) 11/09 01:14:36 Image size of job updated: 1043432
	491  -  MemoryUsage of job (MB)
	502784  -  ResidentSetSize of job (KB)
...
006 (2493183.057.000) 11/09 01:19:37 Image size of job updated: 1043432
	607  -  MemoryUsage of job (MB)
	621312  -  ResidentSetSize of job (KB)
...
005 (2493183.057.000) 11/09 01:20:15 Job terminated.
	(1) Normal termination (return value 0)
		Usr 0 00:08:37, Sys 0 00:00:41  -  Run Remote Usage
		Usr 0 00:00:00, Sys 0 00:00:00  -  Run Local Usage
		Usr 0 00:08:37, Sys 0 00:00:41  -  Total Remote Usage
		Usr 0 00:00:00, Sys 0 00:00:00  -  Total Local Usage
	0  -  Run Bytes Sent By Job
	0  -  Run Bytes Received By Job
	0  -  Total Bytes Sent By Job
	0  -  Total Bytes Received By Job
	Partitionable Resources :    Usage  Request Allocated
	   Cpus                 :                 1         1
	   Disk (KB)            :        1        1  28380038
	   Memory (MB)          :      607        1      4033
...
