000 (2485823.076.000) 11/07 23:48:30 Job submitted from host: <192.168.1.109:9714>
...
001 (2485823.076.000) 11/07 23:48:40 Job executing on host: <192.168.1.67:9583>
...
006 (2485823.076.000) 11/07 23:48:49 Image size of job updated: 97476
	9  -  MemoryUsage of job (MB)
	9144  -  ResidentSetSize of job (KB)
...
006 (2485823.076.000) 11/07 23:53:50 Image size of job updated: 1019000
	503  -  MemoryUsage of job (MB)
	514816  -  ResidentSetSize of job (KB)
...
006 (2485823.076.000) 11/07 23:58:51 Image size of job updated: 1019000
	504  -  MemoryUsage of job (MB)
	515480  -  ResidentSetSize of job (KB)
...
006 (2485823.076.000) 11/08 00:03:51 Image size of job updated: 1019000
	558  -  MemoryUsage of job (MB)
	570556  -  ResidentSetSize of job (KB)
...
006 (2485823.076.000) 11/08 00:08:52 Image size of job updated: 1019000
	622  -  MemoryUsage of job (MB)
	636092  -  ResidentSetSize of job (KB)
...
006 (2485823.076.000) 11/08 00:13:53 Image size of job updated: 1019000
	622  -  MemoryUsage of job (MB)
	636144  -  ResidentSetSize of job (KB)
...
005 (2485823.076.000) 11/08 00:16:17 Job terminated.
	(1) Normal termination (return value 0)
		Usr 0 00:13:19, Sys 0 00:00:28  -  Run Remote Usage
		Usr 0 00:00:00, Sys 0 00:00:00  -  Run Local Usage
		Usr 0 00:13:19, Sys 0 00:00:28  -  Total Remote Usage
		Usr 0 00:00:00, Sys 0 00:00:00  -  Total Local Usage
	0  -  Run Bytes Sent By Job
	0  -  Run Bytes Received By Job
	0  -  Total Bytes Sent By Job
	0  -  Total Bytes Received By Job
	Partitionable Resources :    Usage  Request Allocated
	   Cpus                 :                 1         1
	   Disk (KB)            :        1        1  19515360
	   Memory (MB)          :      622        1      4033
...
