000 (2491133.076.000) 11/08 19:40:19 Job submitted from host: <192.168.1.109:9714>
...
001 (2491133.076.000) 11/08 19:40:53 Job executing on host: <192.168.1.47:9634>
...
006 (2491133.076.000) 11/08 19:41:01 Image size of job updated: 358896
	50  -  MemoryUsage of job (MB)
	50336  -  ResidentSetSize of job (KB)
...
006 (2491133.076.000) 11/08 19:46:02 Image size of job updated: 1019008
	495  -  MemoryUsage of job (MB)
	506684  -  ResidentSetSize of job (KB)
...
006 (2491133.076.000) 11/08 19:51:02 Image size of job updated: 1019008
	612  -  MemoryUsage of job (MB)
	626604  -  ResidentSetSize of job (KB)
...
006 (2491133.076.000) 11/08 19:56:03 Image size of job updated: 1019008
	612  -  MemoryUsage of job (MB)
	626608  -  ResidentSetSize of job (KB)
...
006 (2491133.076.000) 11/08 20:00:24 Image size of job updated: 1177372
	612  -  MemoryUsage of job (MB)
	626608  -  ResidentSetSize of job (KB)
...
005 (2491133.076.000) 11/08 20:00:24 Job terminated.
	(1) Normal termination (return value 0)
		Usr 0 00:06:42, Sys 0 00:00:26  -  Run Remote Usage
		Usr 0 00:00:00, Sys 0 00:00:00  -  Run Local Usage
		Usr 0 00:06:42, Sys 0 00:00:26  -  Total Remote Usage
		Usr 0 00:00:00, Sys 0 00:00:00  -  Total Local Usage
	0  -  Run Bytes Sent By Job
	0  -  Run Bytes Received By Job
	0  -  Total Bytes Sent By Job
	0  -  Total Bytes Received By Job
	Partitionable Resources :    Usage  Request Allocated
	   Cpus                 :                 1         1
	   Disk (KB)            :        1        1  28380611
	   Memory (MB)          :      612        1      4033
...
