000 (2497410.076.000) 11/09 15:33:46 Job submitted from host: <192.168.1.109:9714>
...
001 (2497410.076.000) 11/09 15:34:11 Job executing on host: <192.168.1.51:9694>
...
006 (2497410.076.000) 11/09 15:34:20 Image size of job updated: 352024
	41  -  MemoryUsage of job (MB)
	40972  -  ResidentSetSize of job (KB)
...
006 (2497410.076.000) 11/09 15:39:21 Image size of job updated: 1063648
	509  -  MemoryUsage of job (MB)
	520460  -  ResidentSetSize of job (KB)
...
006 (2497410.076.000) 11/09 15:44:21 Image size of job updated: 1063648
	510  -  MemoryUsage of job (MB)
	521300  -  ResidentSetSize of job (KB)
...
006 (2497410.076.000) 11/09 15:49:22 Image size of job updated: 1063648
	513  -  MemoryUsage of job (MB)
	525264  -  ResidentSetSize of job (KB)
...
006 (2497410.076.000) 11/09 15:54:23 Image size of job updated: 1063648
	514  -  MemoryUsage of job (MB)
	525612  -  ResidentSetSize of job (KB)
...
006 (2497410.076.000) 11/09 15:59:23 Image size of job updated: 1063648
	514  -  MemoryUsage of job (MB)
	525720  -  ResidentSetSize of job (KB)
...
006 (2497410.076.000) 11/09 16:04:24 Image size of job updated: 1063648
	514  -  MemoryUsage of job (MB)
	525740  -  ResidentSetSize of job (KB)
...
006 (2497410.076.000) 11/09 16:09:25 Image size of job updated: 1063648
	514  -  MemoryUsage of job (MB)
	525748  -  ResidentSetSize of job (KB)
...
006 (2497410.076.000) 11/09 16:14:25 Image size of job updated: 1063648
	514  -  MemoryUsage of job (MB)
	525880  -  ResidentSetSize of job (KB)
...
006 (2497410.076.000) 11/09 16:19:25 Image size of job updated: 1063648
	514  -  MemoryUsage of job (MB)
	525908  -  ResidentSetSize of job (KB)
...
006 (2497410.076.000) 11/09 16:24:26 Image size of job updated: 1063648
	626  -  MemoryUsage of job (MB)
	640260  -  ResidentSetSize of job (KB)
...
006 (2497410.076.000) 11/09 16:29:27 Image size of job updated: 1063648
	628  -  MemoryUsage of job (MB)
	642700  -  ResidentSetSize of job (KB)
...
005 (2497410.076.000) 11/09 16:31:08 Job terminated.
	(1) Normal termination (return value 0)
		Usr 0 00:08:00, Sys 0 00:00:29  -  Run Remote Usage
		Usr 0 00:00:00, Sys 0 00:00:00  -  Run Local Usage
		Usr 0 00:08:00, Sys 0 00:00:29  -  Total Remote Usage
		Usr 0 00:00:00, Sys 0 00:00:00  -  Total Local Usage
	0  -  Run Bytes Sent By Job
	0  -  Run Bytes Received By Job
	0  -  Total Bytes Sent By Job
	0  -  Total Bytes Received By Job
	Partitionable Resources :    Usage  Request Allocated
	   Cpus                 :                 1         1
	   Disk (KB)            :        1        1  28379683
	   Memory (MB)          :      628        1      4033
...
