mkdir: cannot create directory `outFiles/Application_1_2L': File exists
mkdir: cannot create directory `outFiles/Application_1_2L/InputBundle_ttX_Input_52_Tree': File exists
Error in <TFile::TFile>: file /cms/heindl/software/CMSSW_10_4_ROOT614_X_2018-10-19-2300/src/pyPlotter/runPlotter_2L_NTupleMaker_2016/runPlotter_2L_NTupleMaker_2016/InputBundle_ttX_Input_52_Tree.root does not exist
#0  0x00000036ee4ac89e in waitpid () from /lib64/libc.so.6
#1  0x00000036ee43e4e9 in do_system () from /lib64/libc.so.6
#2  0x00002abb0713f4da in TUnixSystem::Exec (this=0x9fb570, shellcmd=0x262f0e0 "/cvmfs/cms-ib.cern.ch/nweek-02548/slc6_amd64_gcc700/lcg/root/6.14.05/etc/gdb-backtrace.sh 17893 1>&2") at /build/cmsbld/jenkins/workspace/build-any-ib/w/BUILD/slc6_amd64_gcc700/lcg/root/6.14.05/root-6.14.05/core/unix/src/TUnixSystem.cxx:2119
#3  0x00002abb0713fd2a in TUnixSystem::StackTrace (this=0x9fb570) at /build/cmsbld/jenkins/workspace/build-any-ib/w/BUILD/slc6_amd64_gcc700/lcg/root/6.14.05/root-6.14.05/core/unix/src/TUnixSystem.cxx:2413
#4  0x00002abb087a24b3 in TCling__PrintStackTrace () at /build/cmsbld/jenkins/workspace/build-any-ib/w/BUILD/slc6_amd64_gcc700/lcg/root/6.14.05/root-6.14.05/core/metacling/src/TCling.cxx:354
#5  0x00002abb0889ad43 in TClingCallbacks::PrintStackTrace (this=0xa96780) at /build/cmsbld/jenkins/workspace/build-any-ib/w/BUILD/slc6_amd64_gcc700/lcg/root/6.14.05/root-6.14.05/core/metacling/src/TClingCallbacks.cxx:794
#6  0x00002abb08925b62 in cling::MultiplexInterpreterCallbacks::PrintStackTrace (this=0xa8e870) at /build/cmsbld/jenkins/workspace/build-any-ib/w/BUILD/slc6_amd64_gcc700/lcg/root/6.14.05/root-6.14.05/interpreter/cling/lib/Interpreter/MultiplexInterpreterCallbacks.h:124
#7  0x00002abb0891c90f in cling_runtime_internal_throwIfInvalidPointer (Interp=0xa72880, Expr=0x2395d08, Arg=0x0) at /build/cmsbld/jenkins/workspace/build-any-ib/w/BUILD/slc6_amd64_gcc700/lcg/root/6.14.05/root-6.14.05/interpreter/cling/lib/Interpreter/Exception.cpp:42
#8  0x00002abb1a55074a in ?? ()
#9  0x00007fff57789fc0 in ?? ()
#10 0x0000000000000010 in ?? ()
#11 0x00007fff57789e60 in ?? ()
#12 0x00002abb096967f5 in llvm::Expected<llvm::ArrayRef<llvm::object::Elf_Shdr_Impl<llvm::object::ELFType<(llvm::support::endianness)1, true> > > >::Expected<llvm::ArrayRef<llvm::object::Elf_Shdr_Impl<llvm::object::ELFType<(llvm::support::endianness)1, true> > > > (this=0x3a726f6c6f43211c, Val=...) at /build/cmsbld/jenkins/workspace/build-any-ib/w/BUILD/slc6_amd64_gcc700/lcg/root/6.14.05/root-6.14.05/interpreter/llvm/src/include/llvm/Support/Error.h:695
#13 0x00002abb1a54d066 in ?? ()
#14 0x000000015778bed0 in ?? ()
#15 0x0000000000ad6a80 in ?? ()
#16 0x00002abb08aa6d4b in (anonymous namespace)::allocateStoredRefValueAndGetGV (vpI=0x26c67c0, vpSVR=0x746e656c695321, vpQT=0x3a726f6c6f43211c) at /build/cmsbld/jenkins/workspace/build-any-ib/w/BUILD/slc6_amd64_gcc700/lcg/root/6.14.05/root-6.14.05/interpreter/cling/lib/Interpreter/ValueExtractionSynthesizer.cpp:475
#17 0x00007fff5778c9b0 in ?? ()
#18 0x00007fff5778bf70 in ?? ()
#19 0x00002abb08924fd3 in cling::IncrementalExecutor::executeWrapper (this=0xc3c990ffb79408e8, function=..., returnValue=0xc7894800000001be) at /build/cmsbld/jenkins/workspace/build-any-ib/w/BUILD/slc6_amd64_gcc700/lcg/root/6.14.05/root-6.14.05/interpreter/cling/lib/Interpreter/IncrementalExecutor.h:196
Error in <HandleInterpreterException>: Trying to dereference null pointer or trying to call routine taking non-null arguments.
Execution of your code was aborted.
In file included from input_line_10:1:
/cms/mchristos/ANN/FireMVA/2016/outFiles/Application_1_2L/InputBundle_ttX_Input_52_Tree/Application_Fakes_2L_2016.C:102:73: warning: null passed to a callee that requires a non-null argument [-Wnonnull]
    std::cout << "--- TMVAClassificationApp    : Using input file: " << input->GetName() << std::endl;
                                                                        ^~~~~
