000 (2492274.058.000) 11/08 21:22:00 Job submitted from host: <192.168.1.109:9714>
...
001 (2492274.058.000) 11/08 21:22:36 Job executing on host: <192.168.1.42:9515>
...
006 (2492274.058.000) 11/08 21:22:46 Image size of job updated: 97660
	2  -  MemoryUsage of job (MB)
	1348  -  ResidentSetSize of job (KB)
...
006 (2492274.058.000) 11/08 21:27:46 Image size of job updated: 1069636
	520  -  MemoryUsage of job (MB)
	531936  -  ResidentSetSize of job (KB)
...
006 (2492274.058.000) 11/08 21:32:46 Image size of job updated: 1069636
	520  -  MemoryUsage of job (MB)
	532420  -  ResidentSetSize of job (KB)
...
006 (2492274.058.000) 11/08 21:37:46 Image size of job updated: 1069636
	521  -  MemoryUsage of job (MB)
	532704  -  ResidentSetSize of job (KB)
...
006 (2492274.058.000) 11/08 21:42:47 Image size of job updated: 1069636
	521  -  MemoryUsage of job (MB)
	532752  -  ResidentSetSize of job (KB)
...
006 (2492274.058.000) 11/08 21:47:47 Image size of job updated: 1069636
	521  -  MemoryUsage of job (MB)
	532760  -  ResidentSetSize of job (KB)
...
006 (2492274.058.000) 11/08 21:52:47 Image size of job updated: 1069636
	521  -  MemoryUsage of job (MB)
	532860  -  ResidentSetSize of job (KB)
...
005 (2492274.058.000) 11/08 21:55:06 Job terminated.
	(1) Normal termination (return value 0)
		Usr 0 00:03:49, Sys 0 00:00:17  -  Run Remote Usage
		Usr 0 00:00:00, Sys 0 00:00:00  -  Run Local Usage
		Usr 0 00:03:49, Sys 0 00:00:17  -  Total Remote Usage
		Usr 0 00:00:00, Sys 0 00:00:00  -  Total Local Usage
	0  -  Run Bytes Sent By Job
	0  -  Run Bytes Received By Job
	0  -  Total Bytes Sent By Job
	0  -  Total Bytes Received By Job
	Partitionable Resources :    Usage  Request Allocated
	   Cpus                 :                 1         1
	   Disk (KB)            :        1        1   2370616
	   Memory (MB)          :      521        1      4035
...
