000 (2493183.070.000) 11/09 00:44:14 Job submitted from host: <192.168.1.109:9714>
...
001 (2493183.070.000) 11/09 00:44:24 Job executing on host: <192.168.1.64:9697>
...
006 (2493183.070.000) 11/09 00:44:32 Image size of job updated: 1
	3  -  MemoryUsage of job (MB)
	2100  -  ResidentSetSize of job (KB)
...
006 (2493183.070.000) 11/09 00:49:32 Image size of job updated: 1057772
	503  -  MemoryUsage of job (MB)
	514184  -  ResidentSetSize of job (KB)
...
006 (2493183.070.000) 11/09 00:54:33 Image size of job updated: 1057772
	503  -  MemoryUsage of job (MB)
	514360  -  ResidentSetSize of job (KB)
...
006 (2493183.070.000) 11/09 00:59:33 Image size of job updated: 1057772
	503  -  MemoryUsage of job (MB)
	515056  -  ResidentSetSize of job (KB)
...
005 (2493183.070.000) 11/09 01:00:23 Job terminated.
	(1) Normal termination (return value 0)
		Usr 0 00:05:11, Sys 0 00:00:13  -  Run Remote Usage
		Usr 0 00:00:00, Sys 0 00:00:00  -  Run Local Usage
		Usr 0 00:05:11, Sys 0 00:00:13  -  Total Remote Usage
		Usr 0 00:00:00, Sys 0 00:00:00  -  Total Local Usage
	0  -  Run Bytes Sent By Job
	0  -  Run Bytes Received By Job
	0  -  Total Bytes Sent By Job
	0  -  Total Bytes Received By Job
	Partitionable Resources :    Usage  Request Allocated
	   Cpus                 :                 1         1
	   Disk (KB)            :        1        1  19564529
	   Memory (MB)          :      503        1      4033
...
