000 (2506672.058.000) 11/17 00:35:27 Job submitted from host: <192.168.1.109:9714>
...
001 (2506672.058.000) 11/17 00:35:47 Job executing on host: <192.168.1.68:9996>
...
006 (2506672.058.000) 11/17 00:35:56 Image size of job updated: 175972
	3  -  MemoryUsage of job (MB)
	2672  -  ResidentSetSize of job (KB)
...
006 (2506672.058.000) 11/17 00:36:09 Image size of job updated: 475364
	3  -  MemoryUsage of job (MB)
	2672  -  ResidentSetSize of job (KB)
...
005 (2506672.058.000) 11/17 00:36:10 Job terminated.
	(1) Normal termination (return value 0)
		Usr 0 00:00:09, Sys 0 00:00:01  -  Run Remote Usage
		Usr 0 00:00:00, Sys 0 00:00:00  -  Run Local Usage
		Usr 0 00:00:09, Sys 0 00:00:01  -  Total Remote Usage
		Usr 0 00:00:00, Sys 0 00:00:00  -  Total Local Usage
	0  -  Run Bytes Sent By Job
	0  -  Run Bytes Received By Job
	0  -  Total Bytes Sent By Job
	0  -  Total Bytes Received By Job
	Partitionable Resources :    Usage  Request Allocated
	   Cpus                 :                 1         1
	   Disk (KB)            :        1        1  20250700
	   Memory (MB)          :        3        1      4038
...
