000 (2492274.066.000) 11/08 21:22:00 Job submitted from host: <192.168.1.109:9714>
...
001 (2492274.066.000) 11/08 21:23:33 Job executing on host: <192.168.1.46:9845>
...
006 (2492274.066.000) 11/08 21:23:46 Image size of job updated: 76600
	13  -  MemoryUsage of job (MB)
	12856  -  ResidentSetSize of job (KB)
...
006 (2492274.066.000) 11/08 21:28:47 Image size of job updated: 613436
	241  -  MemoryUsage of job (MB)
	246120  -  ResidentSetSize of job (KB)
...
006 (2492274.066.000) 11/08 21:33:48 Image size of job updated: 1007276
	478  -  MemoryUsage of job (MB)
	488780  -  ResidentSetSize of job (KB)
...
006 (2492274.066.000) 11/08 21:38:48 Image size of job updated: 1007276
	479  -  MemoryUsage of job (MB)
	489736  -  ResidentSetSize of job (KB)
...
006 (2492274.066.000) 11/08 21:43:49 Image size of job updated: 1007276
	479  -  MemoryUsage of job (MB)
	489800  -  ResidentSetSize of job (KB)
...
006 (2492274.066.000) 11/08 21:48:50 Image size of job updated: 1007276
	479  -  MemoryUsage of job (MB)
	489872  -  ResidentSetSize of job (KB)
...
006 (2492274.066.000) 11/08 22:03:52 Image size of job updated: 1007276
	479  -  MemoryUsage of job (MB)
	489880  -  ResidentSetSize of job (KB)
...
006 (2492274.066.000) 11/08 22:08:52 Image size of job updated: 1007276
	479  -  MemoryUsage of job (MB)
	489884  -  ResidentSetSize of job (KB)
...
006 (2492274.066.000) 11/08 22:18:54 Image size of job updated: 1007276
	479  -  MemoryUsage of job (MB)
	489888  -  ResidentSetSize of job (KB)
...
006 (2492274.066.000) 11/08 22:23:54 Image size of job updated: 1007276
	479  -  MemoryUsage of job (MB)
	489952  -  ResidentSetSize of job (KB)
...
006 (2492274.066.000) 11/08 22:28:55 Image size of job updated: 1007276
	479  -  MemoryUsage of job (MB)
	489956  -  ResidentSetSize of job (KB)
...
005 (2492274.066.000) 11/08 22:32:18 Job terminated.
	(1) Normal termination (return value 0)
		Usr 0 00:07:58, Sys 0 00:00:38  -  Run Remote Usage
		Usr 0 00:00:00, Sys 0 00:00:00  -  Run Local Usage
		Usr 0 00:07:58, Sys 0 00:00:38  -  Total Remote Usage
		Usr 0 00:00:00, Sys 0 00:00:00  -  Total Local Usage
	0  -  Run Bytes Sent By Job
	0  -  Run Bytes Received By Job
	0  -  Total Bytes Sent By Job
	0  -  Total Bytes Received By Job
	Partitionable Resources :    Usage  Request Allocated
	   Cpus                 :                 1         1
	   Disk (KB)            :        1        1   2371756
	   Memory (MB)          :      479        1      4035
...
