000 (2492235.078.000) 11/08 21:19:20 Job submitted from host: <192.168.1.109:9714>
...
001 (2492235.078.000) 11/08 21:19:33 Job executing on host: <192.168.1.64:9697>
...
006 (2492235.078.000) 11/08 21:19:42 Image size of job updated: 97468
	2  -  MemoryUsage of job (MB)
	1348  -  ResidentSetSize of job (KB)
...
006 (2492235.078.000) 11/08 21:24:43 Image size of job updated: 1007268
	479  -  MemoryUsage of job (MB)
	489616  -  ResidentSetSize of job (KB)
...
006 (2492235.078.000) 11/08 21:29:43 Image size of job updated: 1007268
	479  -  MemoryUsage of job (MB)
	489764  -  ResidentSetSize of job (KB)
...
006 (2492235.078.000) 11/08 21:34:44 Image size of job updated: 1007268
	499  -  MemoryUsage of job (MB)
	510124  -  ResidentSetSize of job (KB)
...
006 (2492235.078.000) 11/08 21:39:45 Image size of job updated: 1007268
	587  -  MemoryUsage of job (MB)
	600236  -  ResidentSetSize of job (KB)
...
006 (2492235.078.000) 11/08 21:44:45 Image size of job updated: 1007268
	587  -  MemoryUsage of job (MB)
	600884  -  ResidentSetSize of job (KB)
...
006 (2492235.078.000) 11/08 21:49:45 Image size of job updated: 1007268
	587  -  MemoryUsage of job (MB)
	600896  -  ResidentSetSize of job (KB)
...
006 (2492235.078.000) 11/08 21:54:46 Image size of job updated: 1007268
	587  -  MemoryUsage of job (MB)
	600944  -  ResidentSetSize of job (KB)
...
005 (2492235.078.000) 11/08 21:57:10 Job terminated.
	(1) Normal termination (return value 0)
		Usr 0 00:13:25, Sys 0 00:00:31  -  Run Remote Usage
		Usr 0 00:00:00, Sys 0 00:00:00  -  Run Local Usage
		Usr 0 00:13:25, Sys 0 00:00:31  -  Total Remote Usage
		Usr 0 00:00:00, Sys 0 00:00:00  -  Total Local Usage
	0  -  Run Bytes Sent By Job
	0  -  Run Bytes Received By Job
	0  -  Total Bytes Sent By Job
	0  -  Total Bytes Received By Job
	Partitionable Resources :    Usage  Request Allocated
	   Cpus                 :                 1         1
	   Disk (KB)            :        1        1  19563648
	   Memory (MB)          :      587        1      4033
...
