000 (2493183.078.000) 11/09 00:44:14 Job submitted from host: <192.168.1.109:9714>
...
001 (2493183.078.000) 11/09 00:44:25 Job executing on host: <192.168.1.49:9578>
...
006 (2493183.078.000) 11/09 00:44:34 Image size of job updated: 24424
	3  -  MemoryUsage of job (MB)
	2616  -  ResidentSetSize of job (KB)
...
006 (2493183.078.000) 11/09 00:49:35 Image size of job updated: 1059348
	510  -  MemoryUsage of job (MB)
	521376  -  ResidentSetSize of job (KB)
...
006 (2493183.078.000) 11/09 00:54:36 Image size of job updated: 1059348
	510  -  MemoryUsage of job (MB)
	521548  -  ResidentSetSize of job (KB)
...
006 (2493183.078.000) 11/09 00:59:36 Image size of job updated: 1059348
	510  -  MemoryUsage of job (MB)
	521552  -  ResidentSetSize of job (KB)
...
006 (2493183.078.000) 11/09 01:04:36 Image size of job updated: 1059348
	510  -  MemoryUsage of job (MB)
	521568  -  ResidentSetSize of job (KB)
...
005 (2493183.078.000) 11/09 01:09:08 Job terminated.
	(1) Normal termination (return value 0)
		Usr 0 00:06:15, Sys 0 00:00:20  -  Run Remote Usage
		Usr 0 00:00:00, Sys 0 00:00:00  -  Run Local Usage
		Usr 0 00:06:15, Sys 0 00:00:20  -  Total Remote Usage
		Usr 0 00:00:00, Sys 0 00:00:00  -  Total Local Usage
	0  -  Run Bytes Sent By Job
	0  -  Run Bytes Received By Job
	0  -  Total Bytes Sent By Job
	0  -  Total Bytes Received By Job
	Partitionable Resources :    Usage  Request Allocated
	   Cpus                 :                 1         1
	   Disk (KB)            :        1        1  28380280
	   Memory (MB)          :      510        1      4033
...
