000 (2504799.078.000) 11/16 00:18:59 Job submitted from host: <192.168.1.109:9714>
...
001 (2504799.078.000) 11/16 00:19:24 Job executing on host: <192.168.1.68:9996>
...
006 (2504799.078.000) 11/16 00:19:33 Image size of job updated: 182996
	2  -  MemoryUsage of job (MB)
	1836  -  ResidentSetSize of job (KB)
...
006 (2504799.078.000) 11/16 00:19:50 Image size of job updated: 476172
	2  -  MemoryUsage of job (MB)
	1836  -  ResidentSetSize of job (KB)
...
005 (2504799.078.000) 11/16 00:19:50 Job terminated.
	(1) Normal termination (return value 0)
		Usr 0 00:00:11, Sys 0 00:00:01  -  Run Remote Usage
		Usr 0 00:00:00, Sys 0 00:00:00  -  Run Local Usage
		Usr 0 00:00:11, Sys 0 00:00:01  -  Total Remote Usage
		Usr 0 00:00:00, Sys 0 00:00:00  -  Total Local Usage
	0  -  Run Bytes Sent By Job
	0  -  Run Bytes Received By Job
	0  -  Total Bytes Sent By Job
	0  -  Total Bytes Received By Job
	Partitionable Resources :    Usage  Request Allocated
	   Cpus                 :                 1         1
	   Disk (KB)            :        1        1  20250700
	   Memory (MB)          :        2        1      4038
...
