000 (2492910.066.000) 11/08 23:48:11 Job submitted from host: <192.168.1.109:9714>
...
001 (2492910.066.000) 11/08 23:48:29 Job executing on host: <192.168.1.42:9515>
...
006 (2492910.066.000) 11/08 23:48:39 Image size of job updated: 343096
	51  -  MemoryUsage of job (MB)
	51848  -  ResidentSetSize of job (KB)
...
006 (2492910.066.000) 11/08 23:48:47 Image size of job updated: 456228
	51  -  MemoryUsage of job (MB)
	51848  -  ResidentSetSize of job (KB)
...
005 (2492910.066.000) 11/08 23:48:47 Job terminated.
	(1) Normal termination (return value 6)
		Usr 0 00:00:04, Sys 0 00:00:01  -  Run Remote Usage
		Usr 0 00:00:00, Sys 0 00:00:00  -  Run Local Usage
		Usr 0 00:00:04, Sys 0 00:00:01  -  Total Remote Usage
		Usr 0 00:00:00, Sys 0 00:00:00  -  Total Local Usage
	0  -  Run Bytes Sent By Job
	0  -  Run Bytes Received By Job
	0  -  Total Bytes Sent By Job
	0  -  Total Bytes Received By Job
	Partitionable Resources :    Usage  Request Allocated
	   Cpus                 :                 1         1
	   Disk (KB)            :        1        1   2371391
	   Memory (MB)          :       51        1      4035
...
