000 (2485823.021.000) 11/07 23:48:29 Job submitted from host: <192.168.1.109:9714>
...
001 (2485823.021.000) 11/07 23:48:37 Job executing on host: <192.168.1.46:9845>
...
006 (2485823.021.000) 11/07 23:48:46 Image size of job updated: 182204
	3  -  MemoryUsage of job (MB)
	2560  -  ResidentSetSize of job (KB)
...
006 (2485823.021.000) 11/07 23:53:47 Image size of job updated: 996916
	484  -  MemoryUsage of job (MB)
	495368  -  ResidentSetSize of job (KB)
...
006 (2485823.021.000) 11/07 23:58:48 Image size of job updated: 996916
	505  -  MemoryUsage of job (MB)
	516216  -  ResidentSetSize of job (KB)
...
006 (2485823.021.000) 11/08 00:03:48 Image size of job updated: 996916
	626  -  MemoryUsage of job (MB)
	640612  -  ResidentSetSize of job (KB)
...
006 (2485823.021.000) 11/08 00:08:48 Image size of job updated: 996916
	626  -  MemoryUsage of job (MB)
	640736  -  ResidentSetSize of job (KB)
...
006 (2485823.021.000) 11/08 00:13:49 Image size of job updated: 996916
	627  -  MemoryUsage of job (MB)
	641220  -  ResidentSetSize of job (KB)
...
005 (2485823.021.000) 11/08 00:18:20 Job terminated.
	(1) Normal termination (return value 0)
		Usr 0 00:04:47, Sys 0 00:00:19  -  Run Remote Usage
		Usr 0 00:00:00, Sys 0 00:00:00  -  Run Local Usage
		Usr 0 00:04:47, Sys 0 00:00:19  -  Total Remote Usage
		Usr 0 00:00:00, Sys 0 00:00:00  -  Total Local Usage
	0  -  Run Bytes Sent By Job
	0  -  Run Bytes Received By Job
	0  -  Total Bytes Sent By Job
	0  -  Total Bytes Received By Job
	Partitionable Resources :    Usage  Request Allocated
	   Cpus                 :                 1         1
	   Disk (KB)            :        1        1   2371763
	   Memory (MB)          :      627        1      4035
...
