000 (2491133.021.000) 11/08 19:40:18 Job submitted from host: <192.168.1.109:9714>
...
001 (2491133.021.000) 11/08 19:40:55 Job executing on host: <192.168.1.43:9998>
...
006 (2491133.021.000) 11/08 19:41:04 Image size of job updated: 342372
	60  -  MemoryUsage of job (MB)
	61408  -  ResidentSetSize of job (KB)
...
006 (2491133.021.000) 11/08 19:46:04 Image size of job updated: 996916
	487  -  MemoryUsage of job (MB)
	498424  -  ResidentSetSize of job (KB)
...
006 (2491133.021.000) 11/08 19:51:05 Image size of job updated: 996916
	488  -  MemoryUsage of job (MB)
	498724  -  ResidentSetSize of job (KB)
...
006 (2491133.021.000) 11/08 19:56:06 Image size of job updated: 996916
	603  -  MemoryUsage of job (MB)
	616488  -  ResidentSetSize of job (KB)
...
006 (2491133.021.000) 11/08 20:00:41 Image size of job updated: 1181564
	603  -  MemoryUsage of job (MB)
	616488  -  ResidentSetSize of job (KB)
...
005 (2491133.021.000) 11/08 20:00:44 Job terminated.
	(1) Normal termination (return value 0)
		Usr 0 00:06:02, Sys 0 00:00:26  -  Run Remote Usage
		Usr 0 00:00:00, Sys 0 00:00:00  -  Run Local Usage
		Usr 0 00:06:02, Sys 0 00:00:26  -  Total Remote Usage
		Usr 0 00:00:00, Sys 0 00:00:00  -  Total Local Usage
	0  -  Run Bytes Sent By Job
	0  -  Run Bytes Received By Job
	0  -  Total Bytes Sent By Job
	0  -  Total Bytes Received By Job
	Partitionable Resources :    Usage  Request Allocated
	   Cpus                 :                 1         1
	   Disk (KB)            :        1        1   2370815
	   Memory (MB)          :      603        1      4035
...
