000 (2497410.021.000) 11/09 15:33:46 Job submitted from host: <192.168.1.109:9714>
...
001 (2497410.021.000) 11/09 15:34:09 Job executing on host: <192.168.1.67:9583>
...
006 (2497410.021.000) 11/09 15:34:17 Image size of job updated: 358624
	63  -  MemoryUsage of job (MB)
	64208  -  ResidentSetSize of job (KB)
...
006 (2497410.021.000) 11/09 15:39:17 Image size of job updated: 1068756
	523  -  MemoryUsage of job (MB)
	535196  -  ResidentSetSize of job (KB)
...
006 (2497410.021.000) 11/09 15:44:18 Image size of job updated: 1068756
	527  -  MemoryUsage of job (MB)
	539552  -  ResidentSetSize of job (KB)
...
006 (2497410.021.000) 11/09 15:49:19 Image size of job updated: 1068756
	527  -  MemoryUsage of job (MB)
	539560  -  ResidentSetSize of job (KB)
...
006 (2497410.021.000) 11/09 15:54:19 Image size of job updated: 1068756
	643  -  MemoryUsage of job (MB)
	657524  -  ResidentSetSize of job (KB)
...
006 (2497410.021.000) 11/09 15:59:20 Image size of job updated: 1068756
	651  -  MemoryUsage of job (MB)
	665916  -  ResidentSetSize of job (KB)
...
006 (2497410.021.000) 11/09 16:04:21 Image size of job updated: 1068756
	651  -  MemoryUsage of job (MB)
	665948  -  ResidentSetSize of job (KB)
...
005 (2497410.021.000) 11/09 16:07:43 Job terminated.
	(1) Normal termination (return value 0)
		Usr 0 00:08:46, Sys 0 00:00:22  -  Run Remote Usage
		Usr 0 00:00:00, Sys 0 00:00:00  -  Run Local Usage
		Usr 0 00:08:46, Sys 0 00:00:22  -  Total Remote Usage
		Usr 0 00:00:00, Sys 0 00:00:00  -  Total Local Usage
	0  -  Run Bytes Sent By Job
	0  -  Run Bytes Received By Job
	0  -  Total Bytes Sent By Job
	0  -  Total Bytes Received By Job
	Partitionable Resources :    Usage  Request Allocated
	   Cpus                 :                 1         1
	   Disk (KB)            :        1        1  19562938
	   Memory (MB)          :      651        1      4033
...
