000 (2492235.063.000) 11/08 21:19:20 Job submitted from host: <192.168.1.109:9714>
...
001 (2492235.063.000) 11/08 21:19:43 Job executing on host: <192.168.1.63:9932>
...
006 (2492235.063.000) 11/08 21:19:52 Image size of job updated: 340048
	67  -  MemoryUsage of job (MB)
	67676  -  ResidentSetSize of job (KB)
...
006 (2492235.063.000) 11/08 21:24:52 Image size of job updated: 1067840
	521  -  MemoryUsage of job (MB)
	532976  -  ResidentSetSize of job (KB)
...
006 (2492235.063.000) 11/08 21:29:54 Image size of job updated: 1067840
	521  -  MemoryUsage of job (MB)
	533176  -  ResidentSetSize of job (KB)
...
006 (2492235.063.000) 11/08 21:34:54 Image size of job updated: 1067840
	521  -  MemoryUsage of job (MB)
	533324  -  ResidentSetSize of job (KB)
...
005 (2492235.063.000) 11/08 21:36:56 Job terminated.
	(1) Normal termination (return value 0)
		Usr 0 00:06:40, Sys 0 00:00:16  -  Run Remote Usage
		Usr 0 00:00:00, Sys 0 00:00:00  -  Run Local Usage
		Usr 0 00:06:40, Sys 0 00:00:16  -  Total Remote Usage
		Usr 0 00:00:00, Sys 0 00:00:00  -  Total Local Usage
	0  -  Run Bytes Sent By Job
	0  -  Run Bytes Received By Job
	0  -  Total Bytes Sent By Job
	0  -  Total Bytes Received By Job
	Partitionable Resources :    Usage  Request Allocated
	   Cpus                 :                 1         1
	   Disk (KB)            :        1        1  19566042
	   Memory (MB)          :      521        1      4033
...
