000 (2504804.035.000) 11/16 01:06:12 Job submitted from host: <192.168.1.109:9714>
...
001 (2504804.035.000) 11/16 01:06:33 Job executing on host: <192.168.1.67:9583>
...
006 (2504804.035.000) 11/16 01:06:42 Image size of job updated: 353148
	48  -  MemoryUsage of job (MB)
	48908  -  ResidentSetSize of job (KB)
...
006 (2504804.035.000) 11/16 01:08:32 Image size of job updated: 910856
	48  -  MemoryUsage of job (MB)
	48908  -  ResidentSetSize of job (KB)
...
005 (2504804.035.000) 11/16 01:08:32 Job terminated.
	(1) Normal termination (return value 0)
		Usr 0 00:00:56, Sys 0 00:00:04  -  Run Remote Usage
		Usr 0 00:00:00, Sys 0 00:00:00  -  Run Local Usage
		Usr 0 00:00:56, Sys 0 00:00:04  -  Total Remote Usage
		Usr 0 00:00:00, Sys 0 00:00:00  -  Total Local Usage
	0  -  Run Bytes Sent By Job
	0  -  Run Bytes Received By Job
	0  -  Total Bytes Sent By Job
	0  -  Total Bytes Received By Job
	Partitionable Resources :    Usage  Request Allocated
	   Cpus                 :                 1         1
	   Disk (KB)            :        1        1  19564283
	   Memory (MB)          :       48        1      4033
...
