000 (2526458.080.000) 11/21 12:05:34 Job submitted from host: <192.168.1.109:9714>
...
001 (2526458.080.000) 11/21 12:05:44 Job executing on host: <192.168.1.48:9634>
...
006 (2526458.080.000) 11/21 12:05:52 Image size of job updated: 97472
	2  -  MemoryUsage of job (MB)
	2024  -  ResidentSetSize of job (KB)
...
006 (2526458.080.000) 11/21 12:07:05 Image size of job updated: 973420
	2  -  MemoryUsage of job (MB)
	2024  -  ResidentSetSize of job (KB)
...
005 (2526458.080.000) 11/21 12:07:05 Job terminated.
	(1) Normal termination (return value 0)
		Usr 0 00:00:24, Sys 0 00:00:03  -  Run Remote Usage
		Usr 0 00:00:00, Sys 0 00:00:00  -  Run Local Usage
		Usr 0 00:00:24, Sys 0 00:00:03  -  Total Remote Usage
		Usr 0 00:00:00, Sys 0 00:00:00  -  Total Local Usage
	0  -  Run Bytes Sent By Job
	0  -  Run Bytes Received By Job
	0  -  Total Bytes Sent By Job
	0  -  Total Bytes Received By Job
	Partitionable Resources :    Usage  Request Allocated
	   Cpus                 :                 1         1
	   Disk (KB)            :        1        1  28380661
	   Memory (MB)          :        2        1      4033
...
