000 (2526456.080.000) 11/21 10:41:04 Job submitted from host: <192.168.1.109:9714>
...
001 (2526456.080.000) 11/21 10:41:32 Job executing on host: <192.168.1.44:9507>
...
006 (2526456.080.000) 11/21 10:41:41 Image size of job updated: 343092
	37  -  MemoryUsage of job (MB)
	37144  -  ResidentSetSize of job (KB)
...
006 (2526456.080.000) 11/21 10:43:26 Image size of job updated: 969324
	37  -  MemoryUsage of job (MB)
	37144  -  ResidentSetSize of job (KB)
...
005 (2526456.080.000) 11/21 10:43:26 Job terminated.
	(1) Normal termination (return value 0)
		Usr 0 00:00:37, Sys 0 00:00:04  -  Run Remote Usage
		Usr 0 00:00:00, Sys 0 00:00:00  -  Run Local Usage
		Usr 0 00:00:37, Sys 0 00:00:04  -  Total Remote Usage
		Usr 0 00:00:00, Sys 0 00:00:00  -  Total Local Usage
	0  -  Run Bytes Sent By Job
	0  -  Run Bytes Received By Job
	0  -  Total Bytes Sent By Job
	0  -  Total Bytes Received By Job
	Partitionable Resources :    Usage  Request Allocated
	   Cpus                 :                 1         1
	   Disk (KB)            :        1        1   2369984
	   Memory (MB)          :       37        1      4035
...
