000 (2524735.046.000) 11/21 01:52:16 Job submitted from host: <192.168.1.109:9714>
...
001 (2524735.046.000) 11/21 02:10:47 Job executing on host: <192.168.1.46:9845>
...
006 (2524735.046.000) 11/21 02:10:56 Image size of job updated: 442400
	129  -  MemoryUsage of job (MB)
	131944  -  ResidentSetSize of job (KB)
...
005 (2524735.046.000) 11/21 02:11:02 Job terminated.
	(1) Normal termination (return value 0)
		Usr 0 00:00:02, Sys 0 00:00:00  -  Run Remote Usage
		Usr 0 00:00:00, Sys 0 00:00:00  -  Run Local Usage
		Usr 0 00:00:02, Sys 0 00:00:00  -  Total Remote Usage
		Usr 0 00:00:00, Sys 0 00:00:00  -  Total Local Usage
	0  -  Run Bytes Sent By Job
	0  -  Run Bytes Received By Job
	0  -  Total Bytes Sent By Job
	0  -  Total Bytes Received By Job
	Partitionable Resources :    Usage  Request Allocated
	   Cpus                 :                 1         1
	   Disk (KB)            :        1        1   2369783
	   Memory (MB)          :      129        1      4035
...
