000 (2492932.051.000) 11/08 23:53:04 Job submitted from host: <192.168.1.109:9714>
...
001 (2492932.051.000) 11/08 23:53:26 Job executing on host: <192.168.1.63:9932>
...
006 (2492932.051.000) 11/08 23:53:35 Image size of job updated: 439804
	90  -  MemoryUsage of job (MB)
	91616  -  ResidentSetSize of job (KB)
...
006 (2492932.051.000) 11/08 23:53:42 Image size of job updated: 469824
	90  -  MemoryUsage of job (MB)
	91616  -  ResidentSetSize of job (KB)
...
005 (2492932.051.000) 11/08 23:53:42 Job terminated.
	(1) Normal termination (return value 0)
		Usr 0 00:00:08, Sys 0 00:00:01  -  Run Remote Usage
		Usr 0 00:00:00, Sys 0 00:00:00  -  Run Local Usage
		Usr 0 00:00:08, Sys 0 00:00:01  -  Total Remote Usage
		Usr 0 00:00:00, Sys 0 00:00:00  -  Total Local Usage
	0  -  Run Bytes Sent By Job
	0  -  Run Bytes Received By Job
	0  -  Total Bytes Sent By Job
	0  -  Total Bytes Received By Job
	Partitionable Resources :    Usage  Request Allocated
	   Cpus                 :                 1         1
	   Disk (KB)            :        1        1  19565791
	   Memory (MB)          :       90        1      4033
...
