000 (2491851.039.000) 11/08 20:36:46 Job submitted from host: <192.168.1.109:9714>
...
001 (2491851.039.000) 11/08 20:37:14 Job executing on host: <192.168.1.46:9845>
...
006 (2491851.039.000) 11/08 20:37:23 Image size of job updated: 435924
	90  -  MemoryUsage of job (MB)
	91624  -  ResidentSetSize of job (KB)
...
006 (2491851.039.000) 11/08 20:42:24 Image size of job updated: 998724
	473  -  MemoryUsage of job (MB)
	484068  -  ResidentSetSize of job (KB)
...
005 (2491851.039.000) 11/08 20:55:54 Job terminated.
	(1) Normal termination (return value 0)
		Usr 0 00:04:43, Sys 0 00:00:17  -  Run Remote Usage
		Usr 0 00:00:00, Sys 0 00:00:00  -  Run Local Usage
		Usr 0 00:04:43, Sys 0 00:00:17  -  Total Remote Usage
		Usr 0 00:00:00, Sys 0 00:00:00  -  Total Local Usage
	0  -  Run Bytes Sent By Job
	0  -  Run Bytes Received By Job
	0  -  Total Bytes Sent By Job
	0  -  Total Bytes Received By Job
	Partitionable Resources :    Usage  Request Allocated
	   Cpus                 :                 1         1
	   Disk (KB)            :        1        1   2371916
	   Memory (MB)          :      473        1      4035
...
