000 (2491133.039.000) 11/08 19:40:18 Job submitted from host: <192.168.1.109:9714>
...
001 (2491133.039.000) 11/08 19:40:56 Job executing on host: <192.168.1.63:9932>
...
006 (2491133.039.000) 11/08 19:41:04 Image size of job updated: 337236
	51  -  MemoryUsage of job (MB)
	51232  -  ResidentSetSize of job (KB)
...
006 (2491133.039.000) 11/08 19:46:04 Image size of job updated: 998720
	489  -  MemoryUsage of job (MB)
	500120  -  ResidentSetSize of job (KB)
...
006 (2491133.039.000) 11/08 19:51:05 Image size of job updated: 998720
	566  -  MemoryUsage of job (MB)
	578964  -  ResidentSetSize of job (KB)
...
006 (2491133.039.000) 11/08 19:56:06 Image size of job updated: 998720
	630  -  MemoryUsage of job (MB)
	644948  -  ResidentSetSize of job (KB)
...
006 (2491133.039.000) 11/08 19:57:27 Image size of job updated: 1176924
	630  -  MemoryUsage of job (MB)
	644948  -  ResidentSetSize of job (KB)
...
005 (2491133.039.000) 11/08 19:57:27 Job terminated.
	(1) Normal termination (return value 0)
		Usr 0 00:07:32, Sys 0 00:00:19  -  Run Remote Usage
		Usr 0 00:00:00, Sys 0 00:00:00  -  Run Local Usage
		Usr 0 00:07:32, Sys 0 00:00:19  -  Total Remote Usage
		Usr 0 00:00:00, Sys 0 00:00:00  -  Total Local Usage
	0  -  Run Bytes Sent By Job
	0  -  Run Bytes Received By Job
	0  -  Total Bytes Sent By Job
	0  -  Total Bytes Received By Job
	Partitionable Resources :    Usage  Request Allocated
	   Cpus                 :                 1         1
	   Disk (KB)            :        1        1  19565812
	   Memory (MB)          :      630        1      4033
...
