000 (2497410.039.000) 11/09 15:33:46 Job submitted from host: <192.168.1.109:9714>
...
001 (2497410.039.000) 11/09 15:34:10 Job executing on host: <192.168.1.60:9618?addrs=192.168.1.60-9618+[--1]-9618&noUDP&sock=2263_1f51_3>
...
006 (2497410.039.000) 11/09 15:34:18 Image size of job updated: 346548
	73  -  MemoryUsage of job (MB)
	74104  -  ResidentSetSize of job (KB)
...
006 (2497410.039.000) 11/09 15:39:18 Image size of job updated: 1075748
	533  -  MemoryUsage of job (MB)
	545512  -  ResidentSetSize of job (KB)
...
006 (2497410.039.000) 11/09 15:44:19 Image size of job updated: 1075748
	535  -  MemoryUsage of job (MB)
	547008  -  ResidentSetSize of job (KB)
...
006 (2497410.039.000) 11/09 15:49:20 Image size of job updated: 1075748
	535  -  MemoryUsage of job (MB)
	547520  -  ResidentSetSize of job (KB)
...
006 (2497410.039.000) 11/09 15:54:20 Image size of job updated: 1075748
	535  -  MemoryUsage of job (MB)
	547720  -  ResidentSetSize of job (KB)
...
005 (2497410.039.000) 11/09 15:59:09 Job terminated.
	(1) Normal termination (return value 0)
		Usr 0 00:09:25, Sys 0 00:00:32  -  Run Remote Usage
		Usr 0 00:00:00, Sys 0 00:00:00  -  Run Local Usage
		Usr 0 00:09:25, Sys 0 00:00:32  -  Total Remote Usage
		Usr 0 00:00:00, Sys 0 00:00:00  -  Total Local Usage
	0  -  Run Bytes Sent By Job
	0  -  Run Bytes Received By Job
	0  -  Total Bytes Sent By Job
	0  -  Total Bytes Received By Job
	Partitionable Resources :    Usage  Request Allocated
	   Cpus                 :                 1         1
	   Disk (KB)            :        1        1   1563310
	   Memory (MB)          :      535        1         1
...
