000 (2482243.084.000) 11/07 15:44:24 Job submitted from host: <192.168.1.109:9714>
...
001 (2482243.084.000) 11/07 15:44:38 Job executing on host: <192.168.1.43:9998>
...
006 (2482243.084.000) 11/07 15:44:47 Image size of job updated: 401084
	84  -  MemoryUsage of job (MB)
	85948  -  ResidentSetSize of job (KB)
...
005 (2482243.084.000) 11/07 15:44:52 Job terminated.
	(1) Normal termination (return value 0)
		Usr 0 00:00:06, Sys 0 00:00:00  -  Run Remote Usage
		Usr 0 00:00:00, Sys 0 00:00:00  -  Run Local Usage
		Usr 0 00:00:06, Sys 0 00:00:00  -  Total Remote Usage
		Usr 0 00:00:00, Sys 0 00:00:00  -  Total Local Usage
	0  -  Run Bytes Sent By Job
	0  -  Run Bytes Received By Job
	0  -  Total Bytes Sent By Job
	0  -  Total Bytes Received By Job
	Partitionable Resources :    Usage  Request Allocated
	   Cpus                 :                 1         1
	   Disk (KB)            :        1        1   2366763
	   Memory (MB)          :       84        1      4035
...
