000 (2482243.034.000) 11/07 15:44:23 Job submitted from host: <192.168.1.109:9714>
...
001 (2482243.034.000) 11/07 15:44:35 Job executing on host: <192.168.1.62:9618?addrs=192.168.1.62-9618+[--1]-9618&noUDP&sock=2400_17ca_3>
...
006 (2482243.034.000) 11/07 15:44:44 Image size of job updated: 172912
	3  -  MemoryUsage of job (MB)
	2608  -  ResidentSetSize of job (KB)
...
006 (2482243.034.000) 11/07 15:45:01 Image size of job updated: 441004
	3  -  MemoryUsage of job (MB)
	2608  -  ResidentSetSize of job (KB)
...
005 (2482243.034.000) 11/07 15:45:01 Job terminated.
	(1) Normal termination (return value 0)
		Usr 0 00:00:03, Sys 0 00:00:00  -  Run Remote Usage
		Usr 0 00:00:00, Sys 0 00:00:00  -  Run Local Usage
		Usr 0 00:00:03, Sys 0 00:00:00  -  Total Remote Usage
		Usr 0 00:00:00, Sys 0 00:00:00  -  Total Local Usage
	0  -  Run Bytes Sent By Job
	0  -  Run Bytes Received By Job
	0  -  Total Bytes Sent By Job
	0  -  Total Bytes Received By Job
	Partitionable Resources :    Usage  Request Allocated
	   Cpus                 :                 1         1
	   Disk (KB)            :        1        1   1563256
	   Memory (MB)          :        3        1         1
...
