000 (2492636.099.000) 11/08 22:47:40 Job submitted from host: <192.168.1.109:9714>
...
001 (2492636.099.000) 11/08 22:47:55 Job executing on host: <192.168.1.51:9694>
...
006 (2492636.099.000) 11/08 22:48:04 Image size of job updated: 386556
	73  -  MemoryUsage of job (MB)
	74464  -  ResidentSetSize of job (KB)
...
006 (2492636.099.000) 11/08 22:53:05 Image size of job updated: 951412
	390  -  MemoryUsage of job (MB)
	399028  -  ResidentSetSize of job (KB)
...
005 (2492636.099.000) 11/08 22:53:42 Job terminated.
	(1) Normal termination (return value 0)
		Usr 0 00:02:59, Sys 0 00:00:13  -  Run Remote Usage
		Usr 0 00:00:00, Sys 0 00:00:00  -  Run Local Usage
		Usr 0 00:02:59, Sys 0 00:00:13  -  Total Remote Usage
		Usr 0 00:00:00, Sys 0 00:00:00  -  Total Local Usage
	0  -  Run Bytes Sent By Job
	0  -  Run Bytes Received By Job
	0  -  Total Bytes Sent By Job
	0  -  Total Bytes Received By Job
	Partitionable Resources :    Usage  Request Allocated
	   Cpus                 :                 1         1
	   Disk (KB)            :        1        1  28378630
	   Memory (MB)          :      390        1      4033
...
