000 (2485823.014.000) 11/07 23:48:29 Job submitted from host: <192.168.1.109:9714>
...
001 (2485823.014.000) 11/07 23:48:37 Job executing on host: <192.168.1.51:9694>
...
006 (2485823.014.000) 11/07 23:48:45 Image size of job updated: 358768
	59  -  MemoryUsage of job (MB)
	59476  -  ResidentSetSize of job (KB)
...
006 (2485823.014.000) 11/07 23:53:45 Image size of job updated: 1019788
	425  -  MemoryUsage of job (MB)
	434600  -  ResidentSetSize of job (KB)
...
006 (2485823.014.000) 11/07 23:58:45 Image size of job updated: 1019788
	495  -  MemoryUsage of job (MB)
	506544  -  ResidentSetSize of job (KB)
...
006 (2485823.014.000) 11/08 00:03:46 Image size of job updated: 1019788
	497  -  MemoryUsage of job (MB)
	508304  -  ResidentSetSize of job (KB)
...
006 (2485823.014.000) 11/08 00:08:46 Image size of job updated: 1019788
	497  -  MemoryUsage of job (MB)
	508436  -  ResidentSetSize of job (KB)
...
006 (2485823.014.000) 11/08 00:13:46 Image size of job updated: 1019788
	497  -  MemoryUsage of job (MB)
	508452  -  ResidentSetSize of job (KB)
...
006 (2485823.014.000) 11/08 00:18:47 Image size of job updated: 1019788
	497  -  MemoryUsage of job (MB)
	508476  -  ResidentSetSize of job (KB)
...
006 (2485823.014.000) 11/08 00:23:48 Image size of job updated: 1019788
	549  -  MemoryUsage of job (MB)
	561240  -  ResidentSetSize of job (KB)
...
006 (2485823.014.000) 11/08 00:28:48 Image size of job updated: 1019788
	621  -  MemoryUsage of job (MB)
	635664  -  ResidentSetSize of job (KB)
...
006 (2485823.014.000) 11/08 00:33:49 Image size of job updated: 1019788
	621  -  MemoryUsage of job (MB)
	635688  -  ResidentSetSize of job (KB)
...
006 (2485823.014.000) 11/08 00:38:50 Image size of job updated: 1019788
	621  -  MemoryUsage of job (MB)
	635700  -  ResidentSetSize of job (KB)
...
005 (2485823.014.000) 11/08 00:42:18 Job terminated.
	(1) Normal termination (return value 0)
		Usr 0 00:06:14, Sys 0 00:00:24  -  Run Remote Usage
		Usr 0 00:00:00, Sys 0 00:00:00  -  Run Local Usage
		Usr 0 00:06:14, Sys 0 00:00:24  -  Total Remote Usage
		Usr 0 00:00:00, Sys 0 00:00:00  -  Total Local Usage
	0  -  Run Bytes Sent By Job
	0  -  Run Bytes Received By Job
	0  -  Total Bytes Sent By Job
	0  -  Total Bytes Received By Job
	Partitionable Resources :    Usage  Request Allocated
	   Cpus                 :                 1         1
	   Disk (KB)            :        1        1  28372511
	   Memory (MB)          :      621        1      4033
...
