000 (2491133.014.000) 11/08 19:40:18 Job submitted from host: <192.168.1.109:9714>
...
001 (2491133.014.000) 11/08 19:40:54 Job executing on host: <192.168.1.44:9507>
...
006 (2491133.014.000) 11/08 19:41:02 Image size of job updated: 181564
	3  -  MemoryUsage of job (MB)
	2676  -  ResidentSetSize of job (KB)
...
006 (2491133.014.000) 11/08 19:46:02 Image size of job updated: 1019864
	498  -  MemoryUsage of job (MB)
	509532  -  ResidentSetSize of job (KB)
...
006 (2491133.014.000) 11/08 19:51:03 Image size of job updated: 1019864
	500  -  MemoryUsage of job (MB)
	511352  -  ResidentSetSize of job (KB)
...
006 (2491133.014.000) 11/08 19:56:04 Image size of job updated: 1019864
	500  -  MemoryUsage of job (MB)
	511492  -  ResidentSetSize of job (KB)
...
006 (2491133.014.000) 11/08 20:01:04 Image size of job updated: 1169164
	689  -  MemoryUsage of job (MB)
	705264  -  ResidentSetSize of job (KB)
...
005 (2491133.014.000) 11/08 20:01:50 Job terminated.
	(1) Normal termination (return value 0)
		Usr 0 00:06:41, Sys 0 00:00:29  -  Run Remote Usage
		Usr 0 00:00:00, Sys 0 00:00:00  -  Run Local Usage
		Usr 0 00:06:41, Sys 0 00:00:29  -  Total Remote Usage
		Usr 0 00:00:00, Sys 0 00:00:00  -  Total Local Usage
	0  -  Run Bytes Sent By Job
	0  -  Run Bytes Received By Job
	0  -  Total Bytes Sent By Job
	0  -  Total Bytes Received By Job
	Partitionable Resources :    Usage  Request Allocated
	   Cpus                 :                 1         1
	   Disk (KB)            :        1        1   2370189
	   Memory (MB)          :      689        1      4035
...
