000 (2497410.014.000) 11/09 15:33:46 Job submitted from host: <192.168.1.109:9714>
...
001 (2497410.014.000) 11/09 15:34:08 Job executing on host: <192.168.1.66:9620>
...
006 (2497410.014.000) 11/09 15:34:17 Image size of job updated: 181164
	31  -  MemoryUsage of job (MB)
	31592  -  ResidentSetSize of job (KB)
...
006 (2497410.014.000) 11/09 15:39:18 Image size of job updated: 1057736
	516  -  MemoryUsage of job (MB)
	528080  -  ResidentSetSize of job (KB)
...
006 (2497410.014.000) 11/09 15:44:18 Image size of job updated: 1057736
	517  -  MemoryUsage of job (MB)
	528788  -  ResidentSetSize of job (KB)
...
006 (2497410.014.000) 11/09 15:49:18 Image size of job updated: 1057736
	517  -  MemoryUsage of job (MB)
	528876  -  ResidentSetSize of job (KB)
...
006 (2497410.014.000) 11/09 15:54:19 Image size of job updated: 1057736
	517  -  MemoryUsage of job (MB)
	528940  -  ResidentSetSize of job (KB)
...
005 (2497410.014.000) 11/09 15:57:56 Job terminated.
	(1) Normal termination (return value 0)
		Usr 0 00:08:52, Sys 0 00:00:22  -  Run Remote Usage
		Usr 0 00:00:00, Sys 0 00:00:00  -  Run Local Usage
		Usr 0 00:08:52, Sys 0 00:00:22  -  Total Remote Usage
		Usr 0 00:00:00, Sys 0 00:00:00  -  Total Local Usage
	0  -  Run Bytes Sent By Job
	0  -  Run Bytes Received By Job
	0  -  Total Bytes Sent By Job
	0  -  Total Bytes Received By Job
	Partitionable Resources :    Usage  Request Allocated
	   Cpus                 :                 1         1
	   Disk (KB)            :        1        1  19564286
	   Memory (MB)          :      517        1      4033
...
