000 (2485819.018.000) 11/07 22:35:28 Job submitted from host: <192.168.1.109:9714>
...
001 (2485819.018.000) 11/07 22:35:36 Job executing on host: <192.168.1.62:9618?addrs=192.168.1.62-9618+[--1]-9618&noUDP&sock=2400_17ca_3>
...
006 (2485819.018.000) 11/07 22:35:44 Image size of job updated: 1
	2  -  MemoryUsage of job (MB)
	1764  -  ResidentSetSize of job (KB)
...
006 (2485819.018.000) 11/07 22:40:44 Image size of job updated: 988316
	489  -  MemoryUsage of job (MB)
	499980  -  ResidentSetSize of job (KB)
...
006 (2485819.018.000) 11/07 22:45:45 Image size of job updated: 988316
	489  -  MemoryUsage of job (MB)
	500304  -  ResidentSetSize of job (KB)
...
006 (2485819.018.000) 11/07 22:50:46 Image size of job updated: 988316
	489  -  MemoryUsage of job (MB)
	500472  -  ResidentSetSize of job (KB)
...
006 (2485819.018.000) 11/07 22:55:46 Image size of job updated: 988316
	489  -  MemoryUsage of job (MB)
	500632  -  ResidentSetSize of job (KB)
...
006 (2485819.018.000) 11/07 23:00:47 Image size of job updated: 988316
	490  -  MemoryUsage of job (MB)
	500816  -  ResidentSetSize of job (KB)
...
006 (2485819.018.000) 11/07 23:05:48 Image size of job updated: 988316
	490  -  MemoryUsage of job (MB)
	500848  -  ResidentSetSize of job (KB)
...
006 (2485819.018.000) 11/07 23:10:48 Image size of job updated: 988316
	659  -  MemoryUsage of job (MB)
	674612  -  ResidentSetSize of job (KB)
...
006 (2485819.018.000) 11/07 23:15:48 Image size of job updated: 988316
	661  -  MemoryUsage of job (MB)
	676028  -  ResidentSetSize of job (KB)
...
006 (2485819.018.000) 11/07 23:25:49 Image size of job updated: 988316
	661  -  MemoryUsage of job (MB)
	676036  -  ResidentSetSize of job (KB)
...
006 (2485819.018.000) 11/07 23:30:49 Image size of job updated: 988316
	661  -  MemoryUsage of job (MB)
	676044  -  ResidentSetSize of job (KB)
...
006 (2485819.018.000) 11/07 23:35:51 Image size of job updated: 988316
	661  -  MemoryUsage of job (MB)
	676056  -  ResidentSetSize of job (KB)
...
006 (2485819.018.000) 11/07 23:40:51 Image size of job updated: 988316
	661  -  MemoryUsage of job (MB)
	676072  -  ResidentSetSize of job (KB)
...
005 (2485819.018.000) 11/08 00:57:59 Job terminated.
	(1) Normal termination (return value 0)
		Usr 0 01:57:31, Sys 0 00:06:09  -  Run Remote Usage
		Usr 0 00:00:00, Sys 0 00:00:00  -  Run Local Usage
		Usr 0 01:57:31, Sys 0 00:06:09  -  Total Remote Usage
		Usr 0 00:00:00, Sys 0 00:00:00  -  Total Local Usage
	0  -  Run Bytes Sent By Job
	0  -  Run Bytes Received By Job
	0  -  Total Bytes Sent By Job
	0  -  Total Bytes Received By Job
	Partitionable Resources :    Usage  Request Allocated
	   Cpus                 :                 1         1
	   Disk (KB)            :        1        1   1563256
	   Memory (MB)          :      661        1         1
...
