000 (2492235.020.000) 11/08 21:19:19 Job submitted from host: <192.168.1.109:9714>
...
001 (2492235.020.000) 11/08 21:20:08 Job executing on host: <192.168.1.43:9998>
...
006 (2492235.020.000) 11/08 21:20:17 Image size of job updated: 180640
	31  -  MemoryUsage of job (MB)
	31148  -  ResidentSetSize of job (KB)
...
006 (2492235.020.000) 11/08 21:25:18 Image size of job updated: 1069384
	446  -  MemoryUsage of job (MB)
	455696  -  ResidentSetSize of job (KB)
...
006 (2492235.020.000) 11/08 22:00:20 Image size of job updated: 1069384
	561  -  MemoryUsage of job (MB)
	573972  -  ResidentSetSize of job (KB)
...
006 (2492235.020.000) 11/08 22:05:21 Image size of job updated: 1069384
	561  -  MemoryUsage of job (MB)
	574028  -  ResidentSetSize of job (KB)
...
005 (2492235.020.000) 11/08 22:09:02 Job terminated.
	(1) Normal termination (return value 0)
		Usr 0 00:05:50, Sys 0 00:00:22  -  Run Remote Usage
		Usr 0 00:00:00, Sys 0 00:00:00  -  Run Local Usage
		Usr 0 00:05:50, Sys 0 00:00:22  -  Total Remote Usage
		Usr 0 00:00:00, Sys 0 00:00:00  -  Total Local Usage
	0  -  Run Bytes Sent By Job
	0  -  Run Bytes Received By Job
	0  -  Total Bytes Sent By Job
	0  -  Total Bytes Received By Job
	Partitionable Resources :    Usage  Request Allocated
	   Cpus                 :                 1         1
	   Disk (KB)            :        1        1   2370308
	   Memory (MB)          :      561        1      4035
...
