000 (2492274.008.000) 11/08 21:21:58 Job submitted from host: <192.168.1.109:9714>
...
001 (2492274.008.000) 11/08 21:22:22 Job executing on host: <192.168.1.49:9578>
...
006 (2492274.008.000) 11/08 21:22:30 Image size of job updated: 456688
	129  -  MemoryUsage of job (MB)
	132080  -  ResidentSetSize of job (KB)
...
006 (2492274.008.000) 11/08 21:27:30 Image size of job updated: 1069380
	450  -  MemoryUsage of job (MB)
	459780  -  ResidentSetSize of job (KB)
...
006 (2492274.008.000) 11/08 21:32:31 Image size of job updated: 1069380
	450  -  MemoryUsage of job (MB)
	460096  -  ResidentSetSize of job (KB)
...
006 (2492274.008.000) 11/08 21:37:31 Image size of job updated: 1069380
	450  -  MemoryUsage of job (MB)
	460716  -  ResidentSetSize of job (KB)
...
006 (2492274.008.000) 11/08 21:42:31 Image size of job updated: 1069380
	450  -  MemoryUsage of job (MB)
	460732  -  ResidentSetSize of job (KB)
...
006 (2492274.008.000) 11/08 21:47:32 Image size of job updated: 1069380
	566  -  MemoryUsage of job (MB)
	578656  -  ResidentSetSize of job (KB)
...
006 (2492274.008.000) 11/08 21:52:32 Image size of job updated: 1069380
	566  -  MemoryUsage of job (MB)
	579040  -  ResidentSetSize of job (KB)
...
005 (2492274.008.000) 11/08 21:54:31 Job terminated.
	(1) Normal termination (return value 0)
		Usr 0 00:05:00, Sys 0 00:00:19  -  Run Remote Usage
		Usr 0 00:00:00, Sys 0 00:00:00  -  Run Local Usage
		Usr 0 00:05:00, Sys 0 00:00:19  -  Total Remote Usage
		Usr 0 00:00:00, Sys 0 00:00:00  -  Total Local Usage
	0  -  Run Bytes Sent By Job
	0  -  Run Bytes Received By Job
	0  -  Total Bytes Sent By Job
	0  -  Total Bytes Received By Job
	Partitionable Resources :    Usage  Request Allocated
	   Cpus                 :                 1         1
	   Disk (KB)            :        1        1  28379724
	   Memory (MB)          :      566        1      4033
...
