000 (2493183.020.000) 11/09 00:44:13 Job submitted from host: <192.168.1.109:9714>
...
001 (2493183.020.000) 11/09 00:44:27 Job executing on host: <192.168.1.46:9845>
...
006 (2493183.020.000) 11/09 00:44:36 Image size of job updated: 31184
	3  -  MemoryUsage of job (MB)
	2812  -  ResidentSetSize of job (KB)
...
006 (2493183.020.000) 11/09 00:49:38 Image size of job updated: 1057468
	604  -  MemoryUsage of job (MB)
	617860  -  ResidentSetSize of job (KB)
...
006 (2493183.020.000) 11/09 00:54:38 Image size of job updated: 1057468
	623  -  MemoryUsage of job (MB)
	637904  -  ResidentSetSize of job (KB)
...
006 (2493183.020.000) 11/09 00:59:38 Image size of job updated: 1057468
	624  -  MemoryUsage of job (MB)
	638004  -  ResidentSetSize of job (KB)
...
006 (2493183.020.000) 11/09 01:04:39 Image size of job updated: 1057468
	624  -  MemoryUsage of job (MB)
	638024  -  ResidentSetSize of job (KB)
...
005 (2493183.020.000) 11/09 01:05:28 Job terminated.
	(1) Normal termination (return value 0)
		Usr 0 00:03:33, Sys 0 00:00:18  -  Run Remote Usage
		Usr 0 00:00:00, Sys 0 00:00:00  -  Run Local Usage
		Usr 0 00:03:33, Sys 0 00:00:18  -  Total Remote Usage
		Usr 0 00:00:00, Sys 0 00:00:00  -  Total Local Usage
	0  -  Run Bytes Sent By Job
	0  -  Run Bytes Received By Job
	0  -  Total Bytes Sent By Job
	0  -  Total Bytes Received By Job
	Partitionable Resources :    Usage  Request Allocated
	   Cpus                 :                 1         1
	   Disk (KB)            :        1        1   2371643
	   Memory (MB)          :      624        1      4035
...
