000 (2504805.020.000) 11/16 01:26:44 Job submitted from host: <192.168.1.109:9714>
...
001 (2504805.020.000) 11/16 01:26:55 Job executing on host: <192.168.1.48:9634>
...
006 (2504805.020.000) 11/16 01:27:03 Image size of job updated: 181824
	2  -  MemoryUsage of job (MB)
	1836  -  ResidentSetSize of job (KB)
...
006 (2504805.020.000) 11/16 01:27:20 Image size of job updated: 475768
	2  -  MemoryUsage of job (MB)
	1836  -  ResidentSetSize of job (KB)
...
005 (2504805.020.000) 11/16 01:27:20 Job terminated.
	(1) Normal termination (return value 0)
		Usr 0 00:00:07, Sys 0 00:00:00  -  Run Remote Usage
		Usr 0 00:00:00, Sys 0 00:00:00  -  Run Local Usage
		Usr 0 00:00:07, Sys 0 00:00:00  -  Total Remote Usage
		Usr 0 00:00:00, Sys 0 00:00:00  -  Total Local Usage
	0  -  Run Bytes Sent By Job
	0  -  Run Bytes Received By Job
	0  -  Total Bytes Sent By Job
	0  -  Total Bytes Received By Job
	Partitionable Resources :    Usage  Request Allocated
	   Cpus                 :                 1         1
	   Disk (KB)            :        1        1  28380743
	   Memory (MB)          :        2        1      4033
...
