000 (2506671.020.000) 11/17 00:32:24 Job submitted from host: <192.168.1.109:9714>
...
001 (2506671.020.000) 11/17 00:32:33 Job executing on host: <192.168.1.44:9507>
...
006 (2506671.020.000) 11/17 00:32:42 Image size of job updated: 358724
	65  -  MemoryUsage of job (MB)
	66380  -  ResidentSetSize of job (KB)
...
005 (2506671.020.000) 11/17 00:32:51 Job terminated.
	(1) Normal termination (return value 0)
		Usr 0 00:00:01, Sys 0 00:00:00  -  Run Remote Usage
		Usr 0 00:00:00, Sys 0 00:00:00  -  Run Local Usage
		Usr 0 00:00:01, Sys 0 00:00:00  -  Total Remote Usage
		Usr 0 00:00:00, Sys 0 00:00:00  -  Total Local Usage
	0  -  Run Bytes Sent By Job
	0  -  Run Bytes Received By Job
	0  -  Total Bytes Sent By Job
	0  -  Total Bytes Received By Job
	Partitionable Resources :    Usage  Request Allocated
	   Cpus                 :                 1         1
	   Disk (KB)            :        1        1   2371362
	   Memory (MB)          :       65        1      4035
...
