000 (2504804.027.000) 11/16 01:06:12 Job submitted from host: <192.168.1.109:9714>
...
001 (2504804.027.000) 11/16 01:06:34 Job executing on host: <192.168.1.64:9697>
...
006 (2504804.027.000) 11/16 01:06:42 Image size of job updated: 182996
	3  -  MemoryUsage of job (MB)
	2624  -  ResidentSetSize of job (KB)
...
006 (2504804.027.000) 11/16 01:06:59 Image size of job updated: 475796
	3  -  MemoryUsage of job (MB)
	2624  -  ResidentSetSize of job (KB)
...
005 (2504804.027.000) 11/16 01:06:59 Job terminated.
	(1) Normal termination (return value 0)
		Usr 0 00:00:08, Sys 0 00:00:00  -  Run Remote Usage
		Usr 0 00:00:00, Sys 0 00:00:00  -  Run Local Usage
		Usr 0 00:00:08, Sys 0 00:00:00  -  Total Remote Usage
		Usr 0 00:00:00, Sys 0 00:00:00  -  Total Local Usage
	0  -  Run Bytes Sent By Job
	0  -  Run Bytes Received By Job
	0  -  Total Bytes Sent By Job
	0  -  Total Bytes Received By Job
	Partitionable Resources :    Usage  Request Allocated
	   Cpus                 :                 1         1
	   Disk (KB)            :        1        1  19564981
	   Memory (MB)          :        3        1      4033
...
