000 (2504805.008.000) 11/16 01:26:44 Job submitted from host: <192.168.1.109:9714>
...
001 (2504805.008.000) 11/16 01:26:54 Job executing on host: <192.168.1.65:9393>
...
006 (2504805.008.000) 11/16 01:27:03 Image size of job updated: 202928
	18  -  MemoryUsage of job (MB)
	17620  -  ResidentSetSize of job (KB)
...
006 (2504805.008.000) 11/16 01:27:43 Image size of job updated: 476476
	18  -  MemoryUsage of job (MB)
	17620  -  ResidentSetSize of job (KB)
...
005 (2504805.008.000) 11/16 01:27:43 Job terminated.
	(1) Normal termination (return value 0)
		Usr 0 00:00:23, Sys 0 00:00:01  -  Run Remote Usage
		Usr 0 00:00:00, Sys 0 00:00:00  -  Run Local Usage
		Usr 0 00:00:23, Sys 0 00:00:01  -  Total Remote Usage
		Usr 0 00:00:00, Sys 0 00:00:00  -  Total Local Usage
	0  -  Run Bytes Sent By Job
	0  -  Run Bytes Received By Job
	0  -  Total Bytes Sent By Job
	0  -  Total Bytes Received By Job
	Partitionable Resources :    Usage  Request Allocated
	   Cpus                 :                 1         1
	   Disk (KB)            :        1        1  19563917
	   Memory (MB)          :       18        1      4033
...
