000 (2504799.008.000) 11/16 00:18:58 Job submitted from host: <192.168.1.109:9714>
...
001 (2504799.008.000) 11/16 00:19:21 Job executing on host: <192.168.1.64:9697>
...
006 (2504799.008.000) 11/16 00:19:29 Image size of job updated: 69168
	3  -  MemoryUsage of job (MB)
	2628  -  ResidentSetSize of job (KB)
...
006 (2504799.008.000) 11/16 00:20:28 Image size of job updated: 477088
	3  -  MemoryUsage of job (MB)
	2628  -  ResidentSetSize of job (KB)
...
005 (2504799.008.000) 11/16 00:20:28 Job terminated.
	(1) Normal termination (return value 0)
		Usr 0 00:00:26, Sys 0 00:00:02  -  Run Remote Usage
		Usr 0 00:00:00, Sys 0 00:00:00  -  Run Local Usage
		Usr 0 00:00:26, Sys 0 00:00:02  -  Total Remote Usage
		Usr 0 00:00:00, Sys 0 00:00:00  -  Total Local Usage
	0  -  Run Bytes Sent By Job
	0  -  Run Bytes Received By Job
	0  -  Total Bytes Sent By Job
	0  -  Total Bytes Received By Job
	Partitionable Resources :    Usage  Request Allocated
	   Cpus                 :                 1         1
	   Disk (KB)            :        1        1  19565032
	   Memory (MB)          :        3        1      4033
...
