000 (2485823.011.000) 11/07 23:48:29 Job submitted from host: <192.168.1.109:9714>
...
001 (2485823.011.000) 11/07 23:48:36 Job executing on host: <192.168.1.51:9694>
...
006 (2485823.011.000) 11/07 23:48:45 Image size of job updated: 358768
	59  -  MemoryUsage of job (MB)
	59460  -  ResidentSetSize of job (KB)
...
006 (2485823.011.000) 11/07 23:53:45 Image size of job updated: 1003548
	487  -  MemoryUsage of job (MB)
	498468  -  ResidentSetSize of job (KB)
...
006 (2485823.011.000) 11/07 23:58:45 Image size of job updated: 1003548
	488  -  MemoryUsage of job (MB)
	499108  -  ResidentSetSize of job (KB)
...
006 (2485823.011.000) 11/08 00:03:46 Image size of job updated: 1003548
	489  -  MemoryUsage of job (MB)
	499856  -  ResidentSetSize of job (KB)
...
006 (2485823.011.000) 11/08 00:08:47 Image size of job updated: 1003548
	489  -  MemoryUsage of job (MB)
	499896  -  ResidentSetSize of job (KB)
...
006 (2485823.011.000) 11/08 00:13:47 Image size of job updated: 1003548
	489  -  MemoryUsage of job (MB)
	499948  -  ResidentSetSize of job (KB)
...
006 (2485823.011.000) 11/08 00:18:48 Image size of job updated: 1003548
	489  -  MemoryUsage of job (MB)
	499972  -  ResidentSetSize of job (KB)
...
006 (2485823.011.000) 11/08 00:23:49 Image size of job updated: 1003548
	489  -  MemoryUsage of job (MB)
	500016  -  ResidentSetSize of job (KB)
...
006 (2485823.011.000) 11/08 00:28:49 Image size of job updated: 1003548
	489  -  MemoryUsage of job (MB)
	500064  -  ResidentSetSize of job (KB)
...
006 (2485823.011.000) 11/08 00:38:51 Image size of job updated: 1003548
	589  -  MemoryUsage of job (MB)
	602292  -  ResidentSetSize of job (KB)
...
006 (2485823.011.000) 11/08 00:43:51 Image size of job updated: 1003548
	597  -  MemoryUsage of job (MB)
	610624  -  ResidentSetSize of job (KB)
...
006 (2485823.011.000) 11/08 00:48:51 Image size of job updated: 1003548
	597  -  MemoryUsage of job (MB)
	610628  -  ResidentSetSize of job (KB)
...
006 (2485823.011.000) 11/08 00:53:52 Image size of job updated: 1003548
	597  -  MemoryUsage of job (MB)
	610632  -  ResidentSetSize of job (KB)
...
006 (2485823.011.000) 11/08 01:08:53 Image size of job updated: 1003548
	597  -  MemoryUsage of job (MB)
	610636  -  ResidentSetSize of job (KB)
...
006 (2485823.011.000) 11/08 01:23:55 Image size of job updated: 1003548
	597  -  MemoryUsage of job (MB)
	610644  -  ResidentSetSize of job (KB)
...
006 (2485823.011.000) 11/08 01:33:55 Image size of job updated: 1003548
	597  -  MemoryUsage of job (MB)
	610960  -  ResidentSetSize of job (KB)
...
006 (2485823.011.000) 11/08 01:43:56 Image size of job updated: 1003548
	597  -  MemoryUsage of job (MB)
	610964  -  ResidentSetSize of job (KB)
...
006 (2485823.011.000) 11/08 02:14:00 Image size of job updated: 1003548
	602  -  MemoryUsage of job (MB)
	615556  -  ResidentSetSize of job (KB)
...
006 (2485823.011.000) 11/08 02:24:00 Image size of job updated: 1003548
	602  -  MemoryUsage of job (MB)
	615580  -  ResidentSetSize of job (KB)
...
006 (2485823.011.000) 11/08 02:29:01 Image size of job updated: 1003548
	602  -  MemoryUsage of job (MB)
	615696  -  ResidentSetSize of job (KB)
...
006 (2485823.011.000) 11/08 02:34:01 Image size of job updated: 1003548
	602  -  MemoryUsage of job (MB)
	615724  -  ResidentSetSize of job (KB)
...
006 (2485823.011.000) 11/08 02:39:01 Image size of job updated: 1003548
	602  -  MemoryUsage of job (MB)
	615824  -  ResidentSetSize of job (KB)
...
006 (2485823.011.000) 11/08 02:44:03 Image size of job updated: 1003548
	602  -  MemoryUsage of job (MB)
	615868  -  ResidentSetSize of job (KB)
...
005 (2485823.011.000) 11/08 02:47:13 Job terminated.
	(1) Normal termination (return value 0)
		Usr 0 00:51:14, Sys 0 00:03:14  -  Run Remote Usage
		Usr 0 00:00:00, Sys 0 00:00:00  -  Run Local Usage
		Usr 0 00:51:14, Sys 0 00:03:14  -  Total Remote Usage
		Usr 0 00:00:00, Sys 0 00:00:00  -  Total Local Usage
	0  -  Run Bytes Sent By Job
	0  -  Run Bytes Received By Job
	0  -  Total Bytes Sent By Job
	0  -  Total Bytes Received By Job
	Partitionable Resources :    Usage  Request Allocated
	   Cpus                 :                 1         1
	   Disk (KB)            :        1        1  28372504
	   Memory (MB)          :      602        1      4033
...
