000 (2491851.011.000) 11/08 20:36:46 Job submitted from host: <192.168.1.109:9714>
...
001 (2491851.011.000) 11/08 20:37:12 Job executing on host: <192.168.1.47:9634>
...
006 (2491851.011.000) 11/08 20:37:21 Image size of job updated: 346596
	62  -  MemoryUsage of job (MB)
	62864  -  ResidentSetSize of job (KB)
...
006 (2491851.011.000) 11/08 20:42:22 Image size of job updated: 1003548
	436  -  MemoryUsage of job (MB)
	446168  -  ResidentSetSize of job (KB)
...
006 (2491851.011.000) 11/08 20:47:22 Image size of job updated: 1003548
	527  -  MemoryUsage of job (MB)
	539484  -  ResidentSetSize of job (KB)
...
006 (2491851.011.000) 11/08 20:52:23 Image size of job updated: 1003548
	527  -  MemoryUsage of job (MB)
	539508  -  ResidentSetSize of job (KB)
...
006 (2491851.011.000) 11/08 20:57:24 Image size of job updated: 1003548
	527  -  MemoryUsage of job (MB)
	539516  -  ResidentSetSize of job (KB)
...
006 (2491851.011.000) 11/08 21:02:24 Image size of job updated: 1003548
	527  -  MemoryUsage of job (MB)
	539524  -  ResidentSetSize of job (KB)
...
006 (2491851.011.000) 11/08 21:07:24 Image size of job updated: 1003548
	527  -  MemoryUsage of job (MB)
	539536  -  ResidentSetSize of job (KB)
...
006 (2491851.011.000) 11/08 21:12:25 Image size of job updated: 1003548
	528  -  MemoryUsage of job (MB)
	539948  -  ResidentSetSize of job (KB)
...
006 (2491851.011.000) 11/08 21:17:25 Image size of job updated: 1003548
	528  -  MemoryUsage of job (MB)
	539952  -  ResidentSetSize of job (KB)
...
006 (2491851.011.000) 11/08 21:27:26 Image size of job updated: 1003548
	531  -  MemoryUsage of job (MB)
	543652  -  ResidentSetSize of job (KB)
...
006 (2491851.011.000) 11/08 21:37:26 Image size of job updated: 1003548
	531  -  MemoryUsage of job (MB)
	543660  -  ResidentSetSize of job (KB)
...
006 (2491851.011.000) 11/08 22:22:30 Image size of job updated: 1003548
	531  -  MemoryUsage of job (MB)
	543668  -  ResidentSetSize of job (KB)
...
006 (2491851.011.000) 11/08 22:32:31 Image size of job updated: 1003548
	531  -  MemoryUsage of job (MB)
	543684  -  ResidentSetSize of job (KB)
...
006 (2491851.011.000) 11/08 22:37:31 Image size of job updated: 1003548
	532  -  MemoryUsage of job (MB)
	544376  -  ResidentSetSize of job (KB)
...
006 (2491851.011.000) 11/08 22:42:33 Image size of job updated: 1003548
	532  -  MemoryUsage of job (MB)
	544496  -  ResidentSetSize of job (KB)
...
006 (2491851.011.000) 11/08 22:47:33 Image size of job updated: 1003548
	532  -  MemoryUsage of job (MB)
	544712  -  ResidentSetSize of job (KB)
...
005 (2491851.011.000) 11/08 22:49:03 Job terminated.
	(1) Normal termination (return value 0)
		Usr 0 00:49:46, Sys 0 00:02:38  -  Run Remote Usage
		Usr 0 00:00:00, Sys 0 00:00:00  -  Run Local Usage
		Usr 0 00:49:46, Sys 0 00:02:38  -  Total Remote Usage
		Usr 0 00:00:00, Sys 0 00:00:00  -  Total Local Usage
	0  -  Run Bytes Sent By Job
	0  -  Run Bytes Received By Job
	0  -  Total Bytes Sent By Job
	0  -  Total Bytes Received By Job
	Partitionable Resources :    Usage  Request Allocated
	   Cpus                 :                 1         1
	   Disk (KB)            :        1        1  28381043
	   Memory (MB)          :      532        1      4033
...
