000 (2491133.011.000) 11/08 19:40:18 Job submitted from host: <192.168.1.109:9714>
...
001 (2491133.011.000) 11/08 19:40:53 Job executing on host: <192.168.1.51:9694>
...
006 (2491133.011.000) 11/08 19:41:01 Image size of job updated: 360784
	72  -  MemoryUsage of job (MB)
	72980  -  ResidentSetSize of job (KB)
...
006 (2491133.011.000) 11/08 19:46:02 Image size of job updated: 1003536
	503  -  MemoryUsage of job (MB)
	514332  -  ResidentSetSize of job (KB)
...
006 (2491133.011.000) 11/08 19:51:02 Image size of job updated: 1003536
	503  -  MemoryUsage of job (MB)
	514388  -  ResidentSetSize of job (KB)
...
006 (2491133.011.000) 11/08 19:56:03 Image size of job updated: 1003536
	503  -  MemoryUsage of job (MB)
	514400  -  ResidentSetSize of job (KB)
...
006 (2491133.011.000) 11/08 20:01:04 Image size of job updated: 1204516
	734  -  MemoryUsage of job (MB)
	750724  -  ResidentSetSize of job (KB)
...
006 (2491133.011.000) 11/08 20:06:04 Image size of job updated: 1204516
	840  -  MemoryUsage of job (MB)
	859268  -  ResidentSetSize of job (KB)
...
006 (2491133.011.000) 11/08 20:11:05 Image size of job updated: 1204516
	881  -  MemoryUsage of job (MB)
	901468  -  ResidentSetSize of job (KB)
...
006 (2491133.011.000) 11/08 20:16:06 Image size of job updated: 1204516
	881  -  MemoryUsage of job (MB)
	901680  -  ResidentSetSize of job (KB)
...
006 (2491133.011.000) 11/08 20:21:06 Image size of job updated: 1204516
	881  -  MemoryUsage of job (MB)
	901832  -  ResidentSetSize of job (KB)
...
006 (2491133.011.000) 11/08 20:26:07 Image size of job updated: 1204516
	882  -  MemoryUsage of job (MB)
	902248  -  ResidentSetSize of job (KB)
...
006 (2491133.011.000) 11/08 20:31:08 Image size of job updated: 1204516
	882  -  MemoryUsage of job (MB)
	902256  -  ResidentSetSize of job (KB)
...
006 (2491133.011.000) 11/08 20:36:08 Image size of job updated: 1204516
	882  -  MemoryUsage of job (MB)
	902360  -  ResidentSetSize of job (KB)
...
005 (2491133.011.000) 11/08 21:31:15 Job terminated.
	(1) Normal termination (return value 0)
		Usr 0 00:51:29, Sys 0 00:03:06  -  Run Remote Usage
		Usr 0 00:00:00, Sys 0 00:00:00  -  Run Local Usage
		Usr 0 00:51:29, Sys 0 00:03:06  -  Total Remote Usage
		Usr 0 00:00:00, Sys 0 00:00:00  -  Total Local Usage
	0  -  Run Bytes Sent By Job
	0  -  Run Bytes Received By Job
	0  -  Total Bytes Sent By Job
	0  -  Total Bytes Received By Job
	Partitionable Resources :    Usage  Request Allocated
	   Cpus                 :                 1         1
	   Disk (KB)            :        1        1  28379341
	   Memory (MB)          :      882        1      4033
...
