000 (2497410.011.000) 11/09 15:33:46 Job submitted from host: <192.168.1.109:9714>
...
001 (2497410.011.000) 11/09 15:34:08 Job executing on host: <192.168.1.68:9996>
...
006 (2497410.011.000) 11/09 15:34:17 Image size of job updated: 341264
	52  -  MemoryUsage of job (MB)
	52844  -  ResidentSetSize of job (KB)
...
006 (2497410.011.000) 11/09 15:39:18 Image size of job updated: 1040020
	509  -  MemoryUsage of job (MB)
	520788  -  ResidentSetSize of job (KB)
...
006 (2497410.011.000) 11/09 15:44:18 Image size of job updated: 1040020
	513  -  MemoryUsage of job (MB)
	524580  -  ResidentSetSize of job (KB)
...
006 (2497410.011.000) 11/09 15:49:19 Image size of job updated: 1040020
	587  -  MemoryUsage of job (MB)
	600732  -  ResidentSetSize of job (KB)
...
006 (2497410.011.000) 11/09 15:54:20 Image size of job updated: 1040020
	626  -  MemoryUsage of job (MB)
	640680  -  ResidentSetSize of job (KB)
...
006 (2497410.011.000) 11/09 15:59:20 Image size of job updated: 1040020
	626  -  MemoryUsage of job (MB)
	640688  -  ResidentSetSize of job (KB)
...
006 (2497410.011.000) 11/09 16:04:20 Image size of job updated: 1040020
	626  -  MemoryUsage of job (MB)
	640704  -  ResidentSetSize of job (KB)
...
006 (2497410.011.000) 11/09 16:09:21 Image size of job updated: 1040020
	626  -  MemoryUsage of job (MB)
	640904  -  ResidentSetSize of job (KB)
...
006 (2497410.011.000) 11/09 16:14:21 Image size of job updated: 1040020
	626  -  MemoryUsage of job (MB)
	640924  -  ResidentSetSize of job (KB)
...
006 (2497410.011.000) 11/09 16:19:21 Image size of job updated: 1040020
	626  -  MemoryUsage of job (MB)
	641016  -  ResidentSetSize of job (KB)
...
006 (2497410.011.000) 11/09 16:29:23 Image size of job updated: 1040020
	627  -  MemoryUsage of job (MB)
	641028  -  ResidentSetSize of job (KB)
...
006 (2497410.011.000) 11/09 16:34:23 Image size of job updated: 1040020
	631  -  MemoryUsage of job (MB)
	645644  -  ResidentSetSize of job (KB)
...
006 (2497410.011.000) 11/09 16:39:24 Image size of job updated: 1040020
	631  -  MemoryUsage of job (MB)
	645684  -  ResidentSetSize of job (KB)
...
006 (2497410.011.000) 11/09 16:44:25 Image size of job updated: 1040020
	631  -  MemoryUsage of job (MB)
	645704  -  ResidentSetSize of job (KB)
...
006 (2497410.011.000) 11/09 16:54:25 Image size of job updated: 1040020
	631  -  MemoryUsage of job (MB)
	645708  -  ResidentSetSize of job (KB)
...
006 (2497410.011.000) 11/09 16:59:26 Image size of job updated: 1040020
	631  -  MemoryUsage of job (MB)
	645712  -  ResidentSetSize of job (KB)
...
006 (2497410.011.000) 11/09 17:04:26 Image size of job updated: 1040020
	631  -  MemoryUsage of job (MB)
	645732  -  ResidentSetSize of job (KB)
...
006 (2497410.011.000) 11/09 17:09:26 Image size of job updated: 1040020
	631  -  MemoryUsage of job (MB)
	645856  -  ResidentSetSize of job (KB)
...
006 (2497410.011.000) 11/09 17:14:27 Image size of job updated: 1040020
	633  -  MemoryUsage of job (MB)
	647208  -  ResidentSetSize of job (KB)
...
006 (2497410.011.000) 11/09 17:24:27 Image size of job updated: 1040020
	633  -  MemoryUsage of job (MB)
	647216  -  ResidentSetSize of job (KB)
...
006 (2497410.011.000) 11/09 17:29:29 Image size of job updated: 1040020
	633  -  MemoryUsage of job (MB)
	647220  -  ResidentSetSize of job (KB)
...
006 (2497410.011.000) 11/09 17:39:29 Image size of job updated: 1040020
	633  -  MemoryUsage of job (MB)
	647244  -  ResidentSetSize of job (KB)
...
006 (2497410.011.000) 11/09 17:44:30 Image size of job updated: 1040020
	633  -  MemoryUsage of job (MB)
	647284  -  ResidentSetSize of job (KB)
...
006 (2497410.011.000) 11/09 17:49:31 Image size of job updated: 1040020
	633  -  MemoryUsage of job (MB)
	647332  -  ResidentSetSize of job (KB)
...
006 (2497410.011.000) 11/09 17:54:31 Image size of job updated: 1040020
	633  -  MemoryUsage of job (MB)
	647412  -  ResidentSetSize of job (KB)
...
006 (2497410.011.000) 11/09 17:59:32 Image size of job updated: 1040020
	638  -  MemoryUsage of job (MB)
	652520  -  ResidentSetSize of job (KB)
...
006 (2497410.011.000) 11/09 18:04:33 Image size of job updated: 1040020
	638  -  MemoryUsage of job (MB)
	652968  -  ResidentSetSize of job (KB)
...
006 (2497410.011.000) 11/09 18:09:33 Image size of job updated: 1040020
	638  -  MemoryUsage of job (MB)
	653128  -  ResidentSetSize of job (KB)
...
006 (2497410.011.000) 11/09 18:14:33 Image size of job updated: 1040020
	640  -  MemoryUsage of job (MB)
	654816  -  ResidentSetSize of job (KB)
...
005 (2497410.011.000) 11/09 18:15:41 Job terminated.
	(1) Normal termination (return value 0)
		Usr 0 01:47:33, Sys 0 00:03:48  -  Run Remote Usage
		Usr 0 00:00:00, Sys 0 00:00:00  -  Run Local Usage
		Usr 0 01:47:33, Sys 0 00:03:48  -  Total Remote Usage
		Usr 0 00:00:00, Sys 0 00:00:00  -  Total Local Usage
	0  -  Run Bytes Sent By Job
	0  -  Run Bytes Received By Job
	0  -  Total Bytes Sent By Job
	0  -  Total Bytes Received By Job
	Partitionable Resources :    Usage  Request Allocated
	   Cpus                 :                 1         1
	   Disk (KB)            :        1        1  20251418
	   Memory (MB)          :      640        1      4038
...
