000 (2492234.071.000) 11/08 21:18:50 Job submitted from host: <192.168.1.109:9714>
...
001 (2492234.071.000) 11/08 21:19:28 Job executing on host: <192.168.1.42:9515>
...
006 (2492234.071.000) 11/08 21:19:45 Image size of job updated: 97664
	3  -  MemoryUsage of job (MB)
	2556  -  ResidentSetSize of job (KB)
...
006 (2492234.071.000) 11/08 21:20:39 Image size of job updated: 490980
	3  -  MemoryUsage of job (MB)
	2556  -  ResidentSetSize of job (KB)
...
005 (2492234.071.000) 11/08 21:20:40 Job terminated.
	(1) Normal termination (return value 0)
		Usr 0 00:00:09, Sys 0 00:00:00  -  Run Remote Usage
		Usr 0 00:00:00, Sys 0 00:00:00  -  Run Local Usage
		Usr 0 00:00:09, Sys 0 00:00:00  -  Total Remote Usage
		Usr 0 00:00:00, Sys 0 00:00:00  -  Total Local Usage
	0  -  Run Bytes Sent By Job
	0  -  Run Bytes Received By Job
	0  -  Total Bytes Sent By Job
	0  -  Total Bytes Received By Job
	Partitionable Resources :    Usage  Request Allocated
	   Cpus                 :                 1         1
	   Disk (KB)            :        1        1   2370654
	   Memory (MB)          :        3        1      4035
...
