000 (2492952.071.000) 11/08 23:57:24 Job submitted from host: <192.168.1.109:9714>
...
001 (2492952.071.000) 11/08 23:58:00 Job executing on host: <192.168.1.64:9697>
...
006 (2492952.071.000) 11/08 23:58:08 Image size of job updated: 400096
	65  -  MemoryUsage of job (MB)
	65612  -  ResidentSetSize of job (KB)
...
005 (2492952.071.000) 11/08 23:58:12 Job terminated.
	(1) Normal termination (return value 6)
		Usr 0 00:00:01, Sys 0 00:00:00  -  Run Remote Usage
		Usr 0 00:00:00, Sys 0 00:00:00  -  Run Local Usage
		Usr 0 00:00:01, Sys 0 00:00:00  -  Total Remote Usage
		Usr 0 00:00:00, Sys 0 00:00:00  -  Total Local Usage
	0  -  Run Bytes Sent By Job
	0  -  Run Bytes Received By Job
	0  -  Total Bytes Sent By Job
	0  -  Total Bytes Received By Job
	Partitionable Resources :    Usage  Request Allocated
	   Cpus                 :                 1         1
	   Disk (KB)            :        1        1  19564623
	   Memory (MB)          :       65        1      4033
...
