000 (2493172.071.000) 11/09 00:41:41 Job submitted from host: <192.168.1.109:9714>
...
001 (2493172.071.000) 11/09 00:41:54 Job executing on host: <192.168.1.68:9996>
...
006 (2493172.071.000) 11/09 00:42:03 Image size of job updated: 167792
	2  -  MemoryUsage of job (MB)
	1836  -  ResidentSetSize of job (KB)
...
006 (2493172.071.000) 11/09 00:42:13 Image size of job updated: 483172
	2  -  MemoryUsage of job (MB)
	1836  -  ResidentSetSize of job (KB)
...
005 (2493172.071.000) 11/09 00:42:13 Job terminated.
	(1) Normal termination (return value 0)
		Usr 0 00:00:10, Sys 0 00:00:01  -  Run Remote Usage
		Usr 0 00:00:00, Sys 0 00:00:00  -  Run Local Usage
		Usr 0 00:00:10, Sys 0 00:00:01  -  Total Remote Usage
		Usr 0 00:00:00, Sys 0 00:00:00  -  Total Local Usage
	0  -  Run Bytes Sent By Job
	0  -  Run Bytes Received By Job
	0  -  Total Bytes Sent By Job
	0  -  Total Bytes Received By Job
	Partitionable Resources :    Usage  Request Allocated
	   Cpus                 :                 1         1
	   Disk (KB)            :        1        1  20251278
	   Memory (MB)          :        2        1      4038
...
