000 (2485823.121.000) 11/07 23:48:30 Job submitted from host: <192.168.1.109:9714>
...
001 (2485823.121.000) 11/07 23:48:44 Job executing on host: <192.168.1.56:9618?addrs=192.168.1.56-9618+[--1]-9618&noUDP&sock=2542_7e3d_3>
...
006 (2485823.121.000) 11/07 23:48:52 Image size of job updated: 1
	2  -  MemoryUsage of job (MB)
	1764  -  ResidentSetSize of job (KB)
...
006 (2485823.121.000) 11/07 23:53:52 Image size of job updated: 959800
	474  -  MemoryUsage of job (MB)
	485040  -  ResidentSetSize of job (KB)
...
006 (2485823.121.000) 11/07 23:58:53 Image size of job updated: 959800
	474  -  MemoryUsage of job (MB)
	485220  -  ResidentSetSize of job (KB)
...
006 (2485823.121.000) 11/08 00:03:54 Image size of job updated: 959800
	474  -  MemoryUsage of job (MB)
	485352  -  ResidentSetSize of job (KB)
...
006 (2485823.121.000) 11/08 00:08:54 Image size of job updated: 959800
	475  -  MemoryUsage of job (MB)
	485456  -  ResidentSetSize of job (KB)
...
006 (2485823.121.000) 11/08 00:13:54 Image size of job updated: 959800
	475  -  MemoryUsage of job (MB)
	485676  -  ResidentSetSize of job (KB)
...
006 (2485823.121.000) 11/08 00:18:55 Image size of job updated: 959800
	568  -  MemoryUsage of job (MB)
	581412  -  ResidentSetSize of job (KB)
...
006 (2485823.121.000) 11/08 00:23:55 Image size of job updated: 959800
	572  -  MemoryUsage of job (MB)
	584728  -  ResidentSetSize of job (KB)
...
006 (2485823.121.000) 11/08 00:28:55 Image size of job updated: 959800
	572  -  MemoryUsage of job (MB)
	584916  -  ResidentSetSize of job (KB)
...
006 (2485823.121.000) 11/08 00:33:56 Image size of job updated: 959800
	572  -  MemoryUsage of job (MB)
	585184  -  ResidentSetSize of job (KB)
...
006 (2485823.121.000) 11/08 00:38:57 Image size of job updated: 959800
	572  -  MemoryUsage of job (MB)
	585480  -  ResidentSetSize of job (KB)
...
006 (2485823.121.000) 11/08 00:43:57 Image size of job updated: 959800
	573  -  MemoryUsage of job (MB)
	585964  -  ResidentSetSize of job (KB)
...
006 (2485823.121.000) 11/08 00:48:58 Image size of job updated: 959800
	573  -  MemoryUsage of job (MB)
	586316  -  ResidentSetSize of job (KB)
...
006 (2485823.121.000) 11/08 00:53:59 Image size of job updated: 959800
	573  -  MemoryUsage of job (MB)
	586368  -  ResidentSetSize of job (KB)
...
006 (2485823.121.000) 11/08 01:03:59 Image size of job updated: 959800
	573  -  MemoryUsage of job (MB)
	586576  -  ResidentSetSize of job (KB)
...
006 (2485823.121.000) 11/08 01:09:00 Image size of job updated: 959800
	574  -  MemoryUsage of job (MB)
	587272  -  ResidentSetSize of job (KB)
...
006 (2485823.121.000) 11/08 01:14:01 Image size of job updated: 959800
	576  -  MemoryUsage of job (MB)
	588956  -  ResidentSetSize of job (KB)
...
006 (2485823.121.000) 11/08 01:19:01 Image size of job updated: 959800
	576  -  MemoryUsage of job (MB)
	589004  -  ResidentSetSize of job (KB)
...
006 (2485823.121.000) 11/08 01:24:02 Image size of job updated: 959800
	576  -  MemoryUsage of job (MB)
	589024  -  ResidentSetSize of job (KB)
...
006 (2485823.121.000) 11/08 01:29:03 Image size of job updated: 959800
	576  -  MemoryUsage of job (MB)
	589036  -  ResidentSetSize of job (KB)
...
006 (2485823.121.000) 11/08 01:44:04 Image size of job updated: 959800
	577  -  MemoryUsage of job (MB)
	590344  -  ResidentSetSize of job (KB)
...
006 (2485823.121.000) 11/08 01:49:04 Image size of job updated: 959800
	577  -  MemoryUsage of job (MB)
	590732  -  ResidentSetSize of job (KB)
...
006 (2485823.121.000) 11/08 01:54:04 Image size of job updated: 959800
	577  -  MemoryUsage of job (MB)
	590832  -  ResidentSetSize of job (KB)
...
006 (2485823.121.000) 11/08 01:59:05 Image size of job updated: 959800
	578  -  MemoryUsage of job (MB)
	591056  -  ResidentSetSize of job (KB)
...
006 (2485823.121.000) 11/08 02:04:06 Image size of job updated: 959800
	578  -  MemoryUsage of job (MB)
	591068  -  ResidentSetSize of job (KB)
...
006 (2485823.121.000) 11/08 02:14:07 Image size of job updated: 959800
	582  -  MemoryUsage of job (MB)
	595084  -  ResidentSetSize of job (KB)
...
006 (2485823.121.000) 11/08 02:19:08 Image size of job updated: 959800
	582  -  MemoryUsage of job (MB)
	595092  -  ResidentSetSize of job (KB)
...
006 (2485823.121.000) 11/08 02:24:08 Image size of job updated: 959800
	582  -  MemoryUsage of job (MB)
	595588  -  ResidentSetSize of job (KB)
...
006 (2485823.121.000) 11/08 02:29:08 Image size of job updated: 959800
	582  -  MemoryUsage of job (MB)
	595592  -  ResidentSetSize of job (KB)
...
006 (2485823.121.000) 11/08 02:39:09 Image size of job updated: 959800
	582  -  MemoryUsage of job (MB)
	595728  -  ResidentSetSize of job (KB)
...
006 (2485823.121.000) 11/08 02:44:09 Image size of job updated: 959800
	582  -  MemoryUsage of job (MB)
	595816  -  ResidentSetSize of job (KB)
...
005 (2485823.121.000) 11/08 02:44:50 Job terminated.
	(1) Normal termination (return value 0)
		Usr 0 02:02:31, Sys 0 00:05:30  -  Run Remote Usage
		Usr 0 00:00:00, Sys 0 00:00:00  -  Run Local Usage
		Usr 0 02:02:31, Sys 0 00:05:30  -  Total Remote Usage
		Usr 0 00:00:00, Sys 0 00:00:00  -  Total Local Usage
	0  -  Run Bytes Sent By Job
	0  -  Run Bytes Received By Job
	0  -  Total Bytes Sent By Job
	0  -  Total Bytes Received By Job
	Partitionable Resources :    Usage  Request Allocated
	   Cpus                 :                 1         1
	   Disk (KB)            :        1        1   1563536
	   Memory (MB)          :      582        1         1
...
