000 (2491851.121.000) 11/08 20:36:48 Job submitted from host: <192.168.1.109:9714>
...
001 (2491851.121.000) 11/08 20:37:19 Job executing on host: <192.168.1.43:9998>
...
006 (2491851.121.000) 11/08 20:37:28 Image size of job updated: 97664
	3  -  MemoryUsage of job (MB)
	2640  -  ResidentSetSize of job (KB)
...
006 (2491851.121.000) 11/08 20:42:28 Image size of job updated: 959852
	467  -  MemoryUsage of job (MB)
	478064  -  ResidentSetSize of job (KB)
...
006 (2491851.121.000) 11/08 21:12:31 Image size of job updated: 959852
	485  -  MemoryUsage of job (MB)
	496352  -  ResidentSetSize of job (KB)
...
006 (2491851.121.000) 11/08 21:17:31 Image size of job updated: 959852
	491  -  MemoryUsage of job (MB)
	502484  -  ResidentSetSize of job (KB)
...
006 (2491851.121.000) 11/08 21:22:32 Image size of job updated: 959852
	491  -  MemoryUsage of job (MB)
	502660  -  ResidentSetSize of job (KB)
...
006 (2491851.121.000) 11/08 21:32:32 Image size of job updated: 959852
	491  -  MemoryUsage of job (MB)
	502672  -  ResidentSetSize of job (KB)
...
006 (2491851.121.000) 11/08 21:42:33 Image size of job updated: 959852
	492  -  MemoryUsage of job (MB)
	502804  -  ResidentSetSize of job (KB)
...
006 (2491851.121.000) 11/08 21:47:34 Image size of job updated: 959852
	492  -  MemoryUsage of job (MB)
	502904  -  ResidentSetSize of job (KB)
...
006 (2491851.121.000) 11/08 21:52:35 Image size of job updated: 959852
	492  -  MemoryUsage of job (MB)
	502984  -  ResidentSetSize of job (KB)
...
006 (2491851.121.000) 11/08 21:57:35 Image size of job updated: 959852
	492  -  MemoryUsage of job (MB)
	503116  -  ResidentSetSize of job (KB)
...
006 (2491851.121.000) 11/08 22:02:36 Image size of job updated: 959852
	492  -  MemoryUsage of job (MB)
	503316  -  ResidentSetSize of job (KB)
...
006 (2491851.121.000) 11/08 22:07:37 Image size of job updated: 959852
	492  -  MemoryUsage of job (MB)
	503452  -  ResidentSetSize of job (KB)
...
006 (2491851.121.000) 11/08 22:12:37 Image size of job updated: 959852
	492  -  MemoryUsage of job (MB)
	503656  -  ResidentSetSize of job (KB)
...
006 (2491851.121.000) 11/08 22:17:38 Image size of job updated: 959852
	492  -  MemoryUsage of job (MB)
	503732  -  ResidentSetSize of job (KB)
...
006 (2491851.121.000) 11/08 22:22:39 Image size of job updated: 959852
	492  -  MemoryUsage of job (MB)
	503748  -  ResidentSetSize of job (KB)
...
006 (2491851.121.000) 11/08 22:27:39 Image size of job updated: 959852
	492  -  MemoryUsage of job (MB)
	503752  -  ResidentSetSize of job (KB)
...
006 (2491851.121.000) 11/08 22:37:41 Image size of job updated: 959852
	492  -  MemoryUsage of job (MB)
	503760  -  ResidentSetSize of job (KB)
...
006 (2491851.121.000) 11/08 22:42:41 Image size of job updated: 959852
	493  -  MemoryUsage of job (MB)
	504668  -  ResidentSetSize of job (KB)
...
006 (2491851.121.000) 11/08 22:47:41 Image size of job updated: 959852
	494  -  MemoryUsage of job (MB)
	505336  -  ResidentSetSize of job (KB)
...
006 (2491851.121.000) 11/08 23:12:43 Image size of job updated: 959852
	494  -  MemoryUsage of job (MB)
	505712  -  ResidentSetSize of job (KB)
...
006 (2491851.121.000) 11/08 23:17:43 Image size of job updated: 959852
	495  -  MemoryUsage of job (MB)
	506160  -  ResidentSetSize of job (KB)
...
006 (2491851.121.000) 11/08 23:22:44 Image size of job updated: 959852
	495  -  MemoryUsage of job (MB)
	506388  -  ResidentSetSize of job (KB)
...
005 (2491851.121.000) 11/08 23:47:50 Job terminated.
	(1) Normal termination (return value 0)
		Usr 0 01:21:24, Sys 0 00:04:40  -  Run Remote Usage
		Usr 0 00:00:00, Sys 0 00:00:00  -  Run Local Usage
		Usr 0 01:21:24, Sys 0 00:04:40  -  Total Remote Usage
		Usr 0 00:00:00, Sys 0 00:00:00  -  Total Local Usage
	0  -  Run Bytes Sent By Job
	0  -  Run Bytes Received By Job
	0  -  Total Bytes Sent By Job
	0  -  Total Bytes Received By Job
	Partitionable Resources :    Usage  Request Allocated
	   Cpus                 :                 1         1
	   Disk (KB)            :        1        1   2370664
	   Memory (MB)          :      495        1      4035
...
