000 (2491133.121.000) 11/08 19:40:20 Job submitted from host: <192.168.1.109:9714>
...
001 (2491133.121.000) 11/08 19:40:55 Job executing on host: <192.168.1.44:9507>
...
006 (2491133.121.000) 11/08 19:41:04 Image size of job updated: 97660
	3  -  MemoryUsage of job (MB)
	2620  -  ResidentSetSize of job (KB)
...
006 (2491133.121.000) 11/08 19:46:04 Image size of job updated: 959856
	468  -  MemoryUsage of job (MB)
	478668  -  ResidentSetSize of job (KB)
...
006 (2491133.121.000) 11/08 19:51:04 Image size of job updated: 959856
	468  -  MemoryUsage of job (MB)
	478868  -  ResidentSetSize of job (KB)
...
006 (2491133.121.000) 11/08 19:56:05 Image size of job updated: 959856
	468  -  MemoryUsage of job (MB)
	478884  -  ResidentSetSize of job (KB)
...
006 (2491133.121.000) 11/08 20:01:06 Image size of job updated: 1154768
	659  -  MemoryUsage of job (MB)
	674740  -  ResidentSetSize of job (KB)
...
006 (2491133.121.000) 11/08 20:06:06 Image size of job updated: 1154768
	669  -  MemoryUsage of job (MB)
	684888  -  ResidentSetSize of job (KB)
...
006 (2491133.121.000) 11/08 20:11:07 Image size of job updated: 1154768
	673  -  MemoryUsage of job (MB)
	688284  -  ResidentSetSize of job (KB)
...
006 (2491133.121.000) 11/08 20:16:08 Image size of job updated: 1154768
	674  -  MemoryUsage of job (MB)
	689688  -  ResidentSetSize of job (KB)
...
006 (2491133.121.000) 11/08 20:21:08 Image size of job updated: 1154768
	732  -  MemoryUsage of job (MB)
	749360  -  ResidentSetSize of job (KB)
...
006 (2491133.121.000) 11/08 20:26:08 Image size of job updated: 1154768
	797  -  MemoryUsage of job (MB)
	815756  -  ResidentSetSize of job (KB)
...
006 (2491133.121.000) 11/08 20:31:09 Image size of job updated: 1154768
	809  -  MemoryUsage of job (MB)
	828024  -  ResidentSetSize of job (KB)
...
006 (2491133.121.000) 11/08 20:36:09 Image size of job updated: 1154768
	810  -  MemoryUsage of job (MB)
	828608  -  ResidentSetSize of job (KB)
...
005 (2491133.121.000) 11/08 23:03:20 Job terminated.
	(1) Normal termination (return value 0)
		Usr 0 01:20:13, Sys 0 00:04:48  -  Run Remote Usage
		Usr 0 00:00:00, Sys 0 00:00:00  -  Run Local Usage
		Usr 0 01:20:13, Sys 0 00:04:48  -  Total Remote Usage
		Usr 0 00:00:00, Sys 0 00:00:00  -  Total Local Usage
	0  -  Run Bytes Sent By Job
	0  -  Run Bytes Received By Job
	0  -  Total Bytes Sent By Job
	0  -  Total Bytes Received By Job
	Partitionable Resources :    Usage  Request Allocated
	   Cpus                 :                 1         1
	   Disk (KB)            :        1        1   2370190
	   Memory (MB)          :      810        1      4035
...
