000 (2464979.051.000) 11/02 16:50:20 Job submitted from host: <192.168.1.109:9308>
...
001 (2464979.051.000) 11/02 16:50:37 Job executing on host: <192.168.1.45:9147>
...
006 (2464979.051.000) 11/02 16:50:45 Image size of job updated: 346596
	75  -  MemoryUsage of job (MB)
	75832  -  ResidentSetSize of job (KB)
...
006 (2464979.051.000) 11/02 16:51:02 Image size of job updated: 491120
	75  -  MemoryUsage of job (MB)
	75832  -  ResidentSetSize of job (KB)
...
005 (2464979.051.000) 11/02 16:51:02 Job terminated.
	(1) Normal termination (return value 0)
		Usr 0 00:00:09, Sys 0 00:00:00  -  Run Remote Usage
		Usr 0 00:00:00, Sys 0 00:00:00  -  Run Local Usage
		Usr 0 00:00:09, Sys 0 00:00:00  -  Total Remote Usage
		Usr 0 00:00:00, Sys 0 00:00:00  -  Total Local Usage
	0  -  Run Bytes Sent By Job
	0  -  Run Bytes Received By Job
	0  -  Total Bytes Sent By Job
	0  -  Total Bytes Received By Job
	Partitionable Resources :    Usage  Request Allocated
	   Cpus                 :                 1         1
	   Disk (KB)            :        1        1   2370685
	   Memory (MB)          :       75        1      4035
...
