/cvmfs/cms.cern.ch
/cms/mchristos/ANN/FireMVA/2016
InputBundle_Other_{Fake}_Input_78_Tree

Processing outFiles/Application_1/InputBundle_Other_{Fake}_Input_78_Tree/Application_Fakes_3L_2016.C...
                         : Booking "BDTG method" of type "BDT" from /cms/mchristos/ANN/FireMVA/2016/dl/weights/fire_MVA_FakeElectrons_BDT.weights.xml.
                         : Reading weight file: /cms/mchristos/ANN/FireMVA/2016/dl/weights/fire_MVA_FakeElectrons_BDT.weights.xml
<HEADER> DataSetInfo              : [Default] : Added class "Background"
<HEADER> DataSetInfo              : [Default] : Added class "Signal"
                         : Booked classifier "BDT" of type: "BDT"
                         : Booking "BDTG method" of type "BDT" from /cms/mchristos/ANN/FireMVA/2016/dl/weights/fire_MVA_FakeMuons_BDT.weights.xml.
                         : Reading weight file: /cms/mchristos/ANN/FireMVA/2016/dl/weights/fire_MVA_FakeMuons_BDT.weights.xml
<HEADER> DataSetInfo              : [Default] : Added class "Background"
<HEADER> DataSetInfo              : [Default] : Added class "Signal"
                         : Booked classifier "BDT" of type: "BDT"
--- TMVAClassificationApp    : Using input file: outFiles/Application_1/InputBundle_Other_{Fake}_Input_78_Tree/BDT2_tree.root
--- Select sample
--- Processing: 9714 events
--- ... Processing event: 0
--- ... Processing event: 1000
--- ... Processing event: 2000
--- ... Processing event: 3000
--- ... Processing event: 4000
--- ... Processing event: 5000
--- ... Processing event: 6000
--- ... Processing event: 7000
--- ... Processing event: 8000
--- ... Processing event: 9000
--- End of event loop: Real time 0:00:13, CP time 5.130
