000 (2491901.038.000) 11/08 20:40:13 Job submitted from host: <192.168.1.109:9714>
...
001 (2491901.038.000) 11/08 20:41:48 Job executing on host: <192.168.1.47:9634>
...
006 (2491901.038.000) 11/08 20:41:57 Image size of job updated: 97468
	2  -  MemoryUsage of job (MB)
	1688  -  ResidentSetSize of job (KB)
...
006 (2491901.038.000) 11/08 20:43:49 Image size of job updated: 2583788
	2  -  MemoryUsage of job (MB)
	1688  -  ResidentSetSize of job (KB)
...
005 (2491901.038.000) 11/08 20:43:49 Job terminated.
	(1) Normal termination (return value 1)
		Usr 0 00:00:53, Sys 0 00:00:03  -  Run Remote Usage
		Usr 0 00:00:00, Sys 0 00:00:00  -  Run Local Usage
		Usr 0 00:00:53, Sys 0 00:00:03  -  Total Remote Usage
		Usr 0 00:00:00, Sys 0 00:00:00  -  Total Local Usage
	0  -  Run Bytes Sent By Job
	0  -  Run Bytes Received By Job
	0  -  Total Bytes Sent By Job
	0  -  Total Bytes Received By Job
	Partitionable Resources :    Usage  Request Allocated
	   Cpus                 :                 1         1
	   Disk (KB)            :        1        1  28381032
	   Memory (MB)          :        2        1      4033
...
