000 (2485823.122.000) 11/07 23:48:30 Job submitted from host: <192.168.1.109:9714>
...
001 (2485823.122.000) 11/07 23:48:43 Job executing on host: <192.168.1.58:9618?addrs=192.168.1.58-9618+[--1]-9618&noUDP&sock=2203_f7a2_3>
...
006 (2485823.122.000) 11/07 23:48:52 Image size of job updated: 15608
	2  -  MemoryUsage of job (MB)
	1352  -  ResidentSetSize of job (KB)
...
006 (2485823.122.000) 11/07 23:53:52 Image size of job updated: 1004568
	505  -  MemoryUsage of job (MB)
	516872  -  ResidentSetSize of job (KB)
...
006 (2485823.122.000) 11/07 23:58:52 Image size of job updated: 1004568
	506  -  MemoryUsage of job (MB)
	518036  -  ResidentSetSize of job (KB)
...
006 (2485823.122.000) 11/08 00:03:53 Image size of job updated: 1004568
	507  -  MemoryUsage of job (MB)
	518312  -  ResidentSetSize of job (KB)
...
006 (2485823.122.000) 11/08 00:08:53 Image size of job updated: 1004568
	507  -  MemoryUsage of job (MB)
	518608  -  ResidentSetSize of job (KB)
...
006 (2485823.122.000) 11/08 00:13:53 Image size of job updated: 1004568
	507  -  MemoryUsage of job (MB)
	519084  -  ResidentSetSize of job (KB)
...
006 (2485823.122.000) 11/08 00:18:54 Image size of job updated: 1004568
	624  -  MemoryUsage of job (MB)
	638644  -  ResidentSetSize of job (KB)
...
006 (2485823.122.000) 11/08 00:23:55 Image size of job updated: 1004568
	624  -  MemoryUsage of job (MB)
	638900  -  ResidentSetSize of job (KB)
...
006 (2485823.122.000) 11/08 00:28:55 Image size of job updated: 1004568
	625  -  MemoryUsage of job (MB)
	639168  -  ResidentSetSize of job (KB)
...
006 (2485823.122.000) 11/08 00:33:56 Image size of job updated: 1004568
	625  -  MemoryUsage of job (MB)
	639408  -  ResidentSetSize of job (KB)
...
006 (2485823.122.000) 11/08 00:38:57 Image size of job updated: 1004568
	625  -  MemoryUsage of job (MB)
	639804  -  ResidentSetSize of job (KB)
...
006 (2485823.122.000) 11/08 00:43:57 Image size of job updated: 1004568
	626  -  MemoryUsage of job (MB)
	640156  -  ResidentSetSize of job (KB)
...
006 (2485823.122.000) 11/08 00:48:57 Image size of job updated: 1004568
	626  -  MemoryUsage of job (MB)
	640640  -  ResidentSetSize of job (KB)
...
006 (2485823.122.000) 11/08 00:53:58 Image size of job updated: 1004568
	631  -  MemoryUsage of job (MB)
	645412  -  ResidentSetSize of job (KB)
...
005 (2485823.122.000) 11/08 00:56:20 Job terminated.
	(1) Normal termination (return value 0)
		Usr 0 00:25:48, Sys 0 00:01:35  -  Run Remote Usage
		Usr 0 00:00:00, Sys 0 00:00:00  -  Run Local Usage
		Usr 0 00:25:48, Sys 0 00:01:35  -  Total Remote Usage
		Usr 0 00:00:00, Sys 0 00:00:00  -  Total Local Usage
	0  -  Run Bytes Sent By Job
	0  -  Run Bytes Received By Job
	0  -  Total Bytes Sent By Job
	0  -  Total Bytes Received By Job
	Partitionable Resources :    Usage  Request Allocated
	   Cpus                 :                 1         1
	   Disk (KB)            :        1        1   1563588
	   Memory (MB)          :      631        1         1
...
