000 (2491851.122.000) 11/08 20:36:48 Job submitted from host: <192.168.1.109:9714>
...
001 (2491851.122.000) 11/08 20:37:20 Job executing on host: <192.168.1.43:9998>
...
006 (2491851.122.000) 11/08 20:37:28 Image size of job updated: 97664
	3  -  MemoryUsage of job (MB)
	2632  -  ResidentSetSize of job (KB)
...
006 (2491851.122.000) 11/08 20:42:28 Image size of job updated: 1004620
	496  -  MemoryUsage of job (MB)
	506912  -  ResidentSetSize of job (KB)
...
006 (2491851.122.000) 11/08 21:02:30 Image size of job updated: 1004620
	536  -  MemoryUsage of job (MB)
	548108  -  ResidentSetSize of job (KB)
...
006 (2491851.122.000) 11/08 21:07:30 Image size of job updated: 1004620
	536  -  MemoryUsage of job (MB)
	548600  -  ResidentSetSize of job (KB)
...
006 (2491851.122.000) 11/08 21:12:30 Image size of job updated: 1004620
	537  -  MemoryUsage of job (MB)
	549052  -  ResidentSetSize of job (KB)
...
006 (2491851.122.000) 11/08 21:17:32 Image size of job updated: 1004620
	537  -  MemoryUsage of job (MB)
	549616  -  ResidentSetSize of job (KB)
...
006 (2491851.122.000) 11/08 21:22:32 Image size of job updated: 1004620
	538  -  MemoryUsage of job (MB)
	550044  -  ResidentSetSize of job (KB)
...
006 (2491851.122.000) 11/08 21:32:33 Image size of job updated: 1004620
	538  -  MemoryUsage of job (MB)
	550076  -  ResidentSetSize of job (KB)
...
006 (2491851.122.000) 11/08 21:37:33 Image size of job updated: 1004620
	538  -  MemoryUsage of job (MB)
	550316  -  ResidentSetSize of job (KB)
...
006 (2491851.122.000) 11/08 21:42:33 Image size of job updated: 1004620
	538  -  MemoryUsage of job (MB)
	550568  -  ResidentSetSize of job (KB)
...
006 (2491851.122.000) 11/08 21:47:34 Image size of job updated: 1004620
	538  -  MemoryUsage of job (MB)
	550576  -  ResidentSetSize of job (KB)
...
005 (2491851.122.000) 11/08 21:48:34 Job terminated.
	(1) Normal termination (return value 0)
		Usr 0 00:18:51, Sys 0 00:01:10  -  Run Remote Usage
		Usr 0 00:00:00, Sys 0 00:00:00  -  Run Local Usage
		Usr 0 00:18:51, Sys 0 00:01:10  -  Total Remote Usage
		Usr 0 00:00:00, Sys 0 00:00:00  -  Total Local Usage
	0  -  Run Bytes Sent By Job
	0  -  Run Bytes Received By Job
	0  -  Total Bytes Sent By Job
	0  -  Total Bytes Received By Job
	Partitionable Resources :    Usage  Request Allocated
	   Cpus                 :                 1         1
	   Disk (KB)            :        1        1   2370664
	   Memory (MB)          :      538        1      4035
...
