000 (2497410.122.000) 11/09 15:33:47 Job submitted from host: <192.168.1.109:9714>
...
001 (2497410.122.000) 11/09 15:34:14 Job executing on host: <192.168.1.44:9507>
...
006 (2497410.122.000) 11/09 15:34:22 Image size of job updated: 31216
	3  -  MemoryUsage of job (MB)
	2684  -  ResidentSetSize of job (KB)
...
006 (2497410.122.000) 11/09 15:39:23 Image size of job updated: 1048952
	502  -  MemoryUsage of job (MB)
	513520  -  ResidentSetSize of job (KB)
...
006 (2497410.122.000) 11/09 15:44:24 Image size of job updated: 1048952
	502  -  MemoryUsage of job (MB)
	513548  -  ResidentSetSize of job (KB)
...
006 (2497410.122.000) 11/09 15:49:24 Image size of job updated: 1048952
	504  -  MemoryUsage of job (MB)
	515204  -  ResidentSetSize of job (KB)
...
006 (2497410.122.000) 11/09 15:54:24 Image size of job updated: 1048952
	504  -  MemoryUsage of job (MB)
	515360  -  ResidentSetSize of job (KB)
...
006 (2497410.122.000) 11/09 15:59:26 Image size of job updated: 1048952
	504  -  MemoryUsage of job (MB)
	515504  -  ResidentSetSize of job (KB)
...
006 (2497410.122.000) 11/09 16:04:26 Image size of job updated: 1048952
	504  -  MemoryUsage of job (MB)
	515676  -  ResidentSetSize of job (KB)
...
006 (2497410.122.000) 11/09 16:09:26 Image size of job updated: 1048952
	504  -  MemoryUsage of job (MB)
	515696  -  ResidentSetSize of job (KB)
...
006 (2497410.122.000) 11/09 16:14:27 Image size of job updated: 1048952
	504  -  MemoryUsage of job (MB)
	515700  -  ResidentSetSize of job (KB)
...
006 (2497410.122.000) 11/09 16:19:28 Image size of job updated: 1048952
	504  -  MemoryUsage of job (MB)
	515716  -  ResidentSetSize of job (KB)
...
006 (2497410.122.000) 11/09 16:24:28 Image size of job updated: 1048952
	505  -  MemoryUsage of job (MB)
	516104  -  ResidentSetSize of job (KB)
...
006 (2497410.122.000) 11/09 16:29:29 Image size of job updated: 1048952
	610  -  MemoryUsage of job (MB)
	624576  -  ResidentSetSize of job (KB)
...
006 (2497410.122.000) 11/09 16:34:30 Image size of job updated: 1048952
	616  -  MemoryUsage of job (MB)
	629856  -  ResidentSetSize of job (KB)
...
006 (2497410.122.000) 11/09 16:39:30 Image size of job updated: 1048952
	616  -  MemoryUsage of job (MB)
	629860  -  ResidentSetSize of job (KB)
...
006 (2497410.122.000) 11/09 16:49:31 Image size of job updated: 1048952
	616  -  MemoryUsage of job (MB)
	629864  -  ResidentSetSize of job (KB)
...
006 (2497410.122.000) 11/09 16:59:31 Image size of job updated: 1048952
	616  -  MemoryUsage of job (MB)
	629868  -  ResidentSetSize of job (KB)
...
005 (2497410.122.000) 11/09 17:01:19 Job terminated.
	(1) Normal termination (return value 0)
		Usr 0 00:16:40, Sys 0 00:01:01  -  Run Remote Usage
		Usr 0 00:00:00, Sys 0 00:00:00  -  Run Local Usage
		Usr 0 00:16:40, Sys 0 00:01:01  -  Total Remote Usage
		Usr 0 00:00:00, Sys 0 00:00:00  -  Total Local Usage
	0  -  Run Bytes Sent By Job
	0  -  Run Bytes Received By Job
	0  -  Total Bytes Sent By Job
	0  -  Total Bytes Received By Job
	Partitionable Resources :    Usage  Request Allocated
	   Cpus                 :                 1         1
	   Disk (KB)            :        1        1   2370549
	   Memory (MB)          :      616        1      4035
...
