000 (2493183.102.000) 11/09 00:44:15 Job submitted from host: <192.168.1.109:9714>
...
001 (2493183.102.000) 11/09 00:44:27 Job executing on host: <192.168.1.42:9515>
...
006 (2493183.102.000) 11/09 00:44:36 Image size of job updated: 97660
	3  -  MemoryUsage of job (MB)
	2628  -  ResidentSetSize of job (KB)
...
006 (2493183.102.000) 11/09 00:49:38 Image size of job updated: 1037552
	490  -  MemoryUsage of job (MB)
	501200  -  ResidentSetSize of job (KB)
...
006 (2493183.102.000) 11/09 00:54:38 Image size of job updated: 1037552
	492  -  MemoryUsage of job (MB)
	503408  -  ResidentSetSize of job (KB)
...
006 (2493183.102.000) 11/09 00:59:38 Image size of job updated: 1037552
	492  -  MemoryUsage of job (MB)
	503632  -  ResidentSetSize of job (KB)
...
006 (2493183.102.000) 11/09 01:04:40 Image size of job updated: 1037552
	492  -  MemoryUsage of job (MB)
	503756  -  ResidentSetSize of job (KB)
...
006 (2493183.102.000) 11/09 01:09:40 Image size of job updated: 1037552
	492  -  MemoryUsage of job (MB)
	503804  -  ResidentSetSize of job (KB)
...
006 (2493183.102.000) 11/09 01:14:40 Image size of job updated: 1037552
	493  -  MemoryUsage of job (MB)
	503824  -  ResidentSetSize of job (KB)
...
005 (2493183.102.000) 11/09 01:22:54 Job terminated.
	(1) Normal termination (return value 0)
		Usr 0 00:07:38, Sys 0 00:00:28  -  Run Remote Usage
		Usr 0 00:00:00, Sys 0 00:00:00  -  Run Local Usage
		Usr 0 00:07:38, Sys 0 00:00:28  -  Total Remote Usage
		Usr 0 00:00:00, Sys 0 00:00:00  -  Total Local Usage
	0  -  Run Bytes Sent By Job
	0  -  Run Bytes Received By Job
	0  -  Total Bytes Sent By Job
	0  -  Total Bytes Received By Job
	Partitionable Resources :    Usage  Request Allocated
	   Cpus                 :                 1         1
	   Disk (KB)            :        1        1   2371460
	   Memory (MB)          :      493        1      4035
...
