000 (2497151.090.000) 11/09 14:58:12 Job submitted from host: <192.168.1.109:9714>
...
001 (2497151.090.000) 11/09 14:58:21 Job executing on host: <192.168.1.44:9507>
...
006 (2497151.090.000) 11/09 14:58:29 Image size of job updated: 350700
	77  -  MemoryUsage of job (MB)
	78140  -  ResidentSetSize of job (KB)
...
006 (2497151.090.000) 11/09 14:58:41 Image size of job updated: 490892
	77  -  MemoryUsage of job (MB)
	78140  -  ResidentSetSize of job (KB)
...
005 (2497151.090.000) 11/09 14:58:41 Job terminated.
	(1) Normal termination (return value 0)
		Usr 0 00:00:08, Sys 0 00:00:00  -  Run Remote Usage
		Usr 0 00:00:00, Sys 0 00:00:00  -  Run Local Usage
		Usr 0 00:00:08, Sys 0 00:00:00  -  Total Remote Usage
		Usr 0 00:00:00, Sys 0 00:00:00  -  Total Local Usage
	0  -  Run Bytes Sent By Job
	0  -  Run Bytes Received By Job
	0  -  Total Bytes Sent By Job
	0  -  Total Bytes Received By Job
	Partitionable Resources :    Usage  Request Allocated
	   Cpus                 :                 1         1
	   Disk (KB)            :        1        1   2370348
	   Memory (MB)          :       77        1      4035
...
