000 (2492274.009.000) 11/08 21:21:58 Job submitted from host: <192.168.1.109:9714>
...
001 (2492274.009.000) 11/08 21:22:26 Job executing on host: <192.168.1.67:9583>
...
006 (2492274.009.000) 11/08 21:22:35 Image size of job updated: 433640
	87  -  MemoryUsage of job (MB)
	88452  -  ResidentSetSize of job (KB)
...
006 (2492274.009.000) 11/08 21:27:37 Image size of job updated: 1068748
	513  -  MemoryUsage of job (MB)
	524676  -  ResidentSetSize of job (KB)
...
006 (2492274.009.000) 11/08 21:32:37 Image size of job updated: 1068748
	517  -  MemoryUsage of job (MB)
	529024  -  ResidentSetSize of job (KB)
...
006 (2492274.009.000) 11/08 21:37:37 Image size of job updated: 1068748
	517  -  MemoryUsage of job (MB)
	529056  -  ResidentSetSize of job (KB)
...
006 (2492274.009.000) 11/08 21:42:38 Image size of job updated: 1068748
	517  -  MemoryUsage of job (MB)
	529148  -  ResidentSetSize of job (KB)
...
006 (2492274.009.000) 11/08 21:47:38 Image size of job updated: 1068748
	517  -  MemoryUsage of job (MB)
	529212  -  ResidentSetSize of job (KB)
...
005 (2492274.009.000) 11/08 21:51:44 Job terminated.
	(1) Normal termination (return value 0)
		Usr 0 00:09:45, Sys 0 00:00:23  -  Run Remote Usage
		Usr 0 00:00:00, Sys 0 00:00:00  -  Run Local Usage
		Usr 0 00:09:45, Sys 0 00:00:23  -  Total Remote Usage
		Usr 0 00:00:00, Sys 0 00:00:00  -  Total Local Usage
	0  -  Run Bytes Sent By Job
	0  -  Run Bytes Received By Job
	0  -  Total Bytes Sent By Job
	0  -  Total Bytes Received By Job
	Partitionable Resources :    Usage  Request Allocated
	   Cpus                 :                 1         1
	   Disk (KB)            :        1        1  19563090
	   Memory (MB)          :      517        1      4033
...
