000 (2492953.021.000) 11/08 23:57:37 Job submitted from host: <192.168.1.109:9714>
...
001 (2492953.021.000) 11/08 23:58:07 Job executing on host: <192.168.1.42:9515>
...
006 (2492953.021.000) 11/08 23:58:15 Image size of job updated: 351892
	53  -  MemoryUsage of job (MB)
	54212  -  ResidentSetSize of job (KB)
...
006 (2492953.021.000) 11/08 23:58:27 Image size of job updated: 443712
	53  -  MemoryUsage of job (MB)
	54212  -  ResidentSetSize of job (KB)
...
005 (2492953.021.000) 11/08 23:58:27 Job terminated.
	(1) Normal termination (return value 6)
		Usr 0 00:00:04, Sys 0 00:00:01  -  Run Remote Usage
		Usr 0 00:00:00, Sys 0 00:00:00  -  Run Local Usage
		Usr 0 00:00:04, Sys 0 00:00:01  -  Total Remote Usage
		Usr 0 00:00:00, Sys 0 00:00:00  -  Total Local Usage
	0  -  Run Bytes Sent By Job
	0  -  Run Bytes Received By Job
	0  -  Total Bytes Sent By Job
	0  -  Total Bytes Received By Job
	Partitionable Resources :    Usage  Request Allocated
	   Cpus                 :                 1         1
	   Disk (KB)            :        1        1   2371355
	   Memory (MB)          :       53        1      4035
...
