000 (2492235.021.000) 11/08 21:19:19 Job submitted from host: <192.168.1.109:9714>
...
001 (2492235.021.000) 11/08 21:20:08 Job executing on host: <192.168.1.43:9998>
...
006 (2492235.021.000) 11/08 21:20:17 Image size of job updated: 180900
	31  -  MemoryUsage of job (MB)
	31380  -  ResidentSetSize of job (KB)
...
006 (2492235.021.000) 11/08 21:25:18 Image size of job updated: 1068768
	443  -  MemoryUsage of job (MB)
	453044  -  ResidentSetSize of job (KB)
...
006 (2492235.021.000) 11/08 21:30:18 Image size of job updated: 1068768
	445  -  MemoryUsage of job (MB)
	455536  -  ResidentSetSize of job (KB)
...
006 (2492235.021.000) 11/08 21:35:19 Image size of job updated: 1068768
	448  -  MemoryUsage of job (MB)
	458712  -  ResidentSetSize of job (KB)
...
006 (2492235.021.000) 11/08 21:40:19 Image size of job updated: 1068768
	449  -  MemoryUsage of job (MB)
	458780  -  ResidentSetSize of job (KB)
...
006 (2492235.021.000) 11/08 21:45:20 Image size of job updated: 1068768
	565  -  MemoryUsage of job (MB)
	577652  -  ResidentSetSize of job (KB)
...
006 (2492235.021.000) 11/08 21:50:21 Image size of job updated: 1068768
	570  -  MemoryUsage of job (MB)
	583224  -  ResidentSetSize of job (KB)
...
006 (2492235.021.000) 11/08 21:55:21 Image size of job updated: 1068768
	570  -  MemoryUsage of job (MB)
	583284  -  ResidentSetSize of job (KB)
...
006 (2492235.021.000) 11/08 22:00:21 Image size of job updated: 1068768
	570  -  MemoryUsage of job (MB)
	583296  -  ResidentSetSize of job (KB)
...
006 (2492235.021.000) 11/08 22:05:22 Image size of job updated: 1068768
	570  -  MemoryUsage of job (MB)
	583300  -  ResidentSetSize of job (KB)
...
005 (2492235.021.000) 11/08 22:11:05 Job terminated.
	(1) Normal termination (return value 0)
		Usr 0 00:06:06, Sys 0 00:00:24  -  Run Remote Usage
		Usr 0 00:00:00, Sys 0 00:00:00  -  Run Local Usage
		Usr 0 00:06:06, Sys 0 00:00:24  -  Total Remote Usage
		Usr 0 00:00:00, Sys 0 00:00:00  -  Total Local Usage
	0  -  Run Bytes Sent By Job
	0  -  Run Bytes Received By Job
	0  -  Total Bytes Sent By Job
	0  -  Total Bytes Received By Job
	Partitionable Resources :    Usage  Request Allocated
	   Cpus                 :                 1         1
	   Disk (KB)            :        1        1   2370308
	   Memory (MB)          :      570        1      4035
...
