000 (2493183.021.000) 11/09 00:44:13 Job submitted from host: <192.168.1.109:9714>
...
001 (2493183.021.000) 11/09 00:44:21 Job executing on host: <192.168.1.43:9998>
...
006 (2493183.021.000) 11/09 00:44:30 Image size of job updated: 32840
	3  -  MemoryUsage of job (MB)
	2616  -  ResidentSetSize of job (KB)
...
006 (2493183.021.000) 11/09 00:49:30 Image size of job updated: 1064260
	502  -  MemoryUsage of job (MB)
	513780  -  ResidentSetSize of job (KB)
...
006 (2493183.021.000) 11/09 00:54:31 Image size of job updated: 1064260
	558  -  MemoryUsage of job (MB)
	571340  -  ResidentSetSize of job (KB)
...
006 (2493183.021.000) 11/09 00:59:32 Image size of job updated: 1064260
	623  -  MemoryUsage of job (MB)
	637052  -  ResidentSetSize of job (KB)
...
005 (2493183.021.000) 11/09 01:02:16 Job terminated.
	(1) Normal termination (return value 0)
		Usr 0 00:03:59, Sys 0 00:00:19  -  Run Remote Usage
		Usr 0 00:00:00, Sys 0 00:00:00  -  Run Local Usage
		Usr 0 00:03:59, Sys 0 00:00:19  -  Total Remote Usage
		Usr 0 00:00:00, Sys 0 00:00:00  -  Total Local Usage
	0  -  Run Bytes Sent By Job
	0  -  Run Bytes Received By Job
	0  -  Total Bytes Sent By Job
	0  -  Total Bytes Received By Job
	Partitionable Resources :    Usage  Request Allocated
	   Cpus                 :                 1         1
	   Disk (KB)            :        1        1   2371220
	   Memory (MB)          :      623        1      4035
...
