000 (2482462.049.000) 11/07 16:09:19 Job submitted from host: <192.168.1.109:9714>
...
001 (2482462.049.000) 11/07 16:09:28 Job executing on host: <192.168.1.65:9393>
...
006 (2482462.049.000) 11/07 16:09:37 Image size of job updated: 341556
	57  -  MemoryUsage of job (MB)
	57996  -  ResidentSetSize of job (KB)
...
006 (2482462.049.000) 11/07 16:09:44 Image size of job updated: 490616
	57  -  MemoryUsage of job (MB)
	57996  -  ResidentSetSize of job (KB)
...
005 (2482462.049.000) 11/07 16:09:45 Job terminated.
	(1) Normal termination (return value 0)
		Usr 0 00:00:08, Sys 0 00:00:00  -  Run Remote Usage
		Usr 0 00:00:00, Sys 0 00:00:00  -  Run Local Usage
		Usr 0 00:00:08, Sys 0 00:00:00  -  Total Remote Usage
		Usr 0 00:00:00, Sys 0 00:00:00  -  Total Local Usage
	0  -  Run Bytes Sent By Job
	0  -  Run Bytes Received By Job
	0  -  Total Bytes Sent By Job
	0  -  Total Bytes Received By Job
	Partitionable Resources :    Usage  Request Allocated
	   Cpus                 :                 1         1
	   Disk (KB)            :        1        1  19557299
	   Memory (MB)          :       57        1      4033
...
