000 (2491901.010.000) 11/08 20:40:11 Job submitted from host: <192.168.1.109:9714>
...
001 (2491901.010.000) 11/08 20:41:05 Job executing on host: <192.168.1.45:9392>
...
006 (2491901.010.000) 11/08 20:41:14 Image size of job updated: 1
	3  -  MemoryUsage of job (MB)
	2248  -  ResidentSetSize of job (KB)
...
006 (2491901.010.000) 11/08 20:45:12 Image size of job updated: 2840836
	3  -  MemoryUsage of job (MB)
	2248  -  ResidentSetSize of job (KB)
...
005 (2491901.010.000) 11/08 20:45:13 Job terminated.
	(1) Normal termination (return value 1)
		Usr 0 00:01:08, Sys 0 00:00:03  -  Run Remote Usage
		Usr 0 00:00:00, Sys 0 00:00:00  -  Run Local Usage
		Usr 0 00:01:08, Sys 0 00:00:03  -  Total Remote Usage
		Usr 0 00:00:00, Sys 0 00:00:00  -  Total Local Usage
	0  -  Run Bytes Sent By Job
	0  -  Run Bytes Received By Job
	0  -  Total Bytes Sent By Job
	0  -  Total Bytes Received By Job
	Partitionable Resources :    Usage  Request Allocated
	   Cpus                 :                 1         1
	   Disk (KB)            :        1        1   2370357
	   Memory (MB)          :        3        1      4035
...
