000 (2491133.151.000) 11/08 19:40:20 Job submitted from host: <192.168.1.109:9714>
...
001 (2491133.151.000) 11/08 19:40:57 Job executing on host: <192.168.1.49:9578>
...
006 (2491133.151.000) 11/08 19:41:06 Image size of job updated: 403432
	89  -  MemoryUsage of job (MB)
	90204  -  ResidentSetSize of job (KB)
...
006 (2491133.151.000) 11/08 19:46:07 Image size of job updated: 932756
	464  -  MemoryUsage of job (MB)
	474988  -  ResidentSetSize of job (KB)
...
006 (2491133.151.000) 11/08 19:51:07 Image size of job updated: 932756
	464  -  MemoryUsage of job (MB)
	474996  -  ResidentSetSize of job (KB)
...
006 (2491133.151.000) 11/08 19:56:07 Image size of job updated: 932756
	464  -  MemoryUsage of job (MB)
	475028  -  ResidentSetSize of job (KB)
...
006 (2491133.151.000) 11/08 20:01:07 Image size of job updated: 1079496
	640  -  MemoryUsage of job (MB)
	654908  -  ResidentSetSize of job (KB)
...
005 (2491133.151.000) 11/08 20:01:55 Job terminated.
	(1) Normal termination (return value 0)
		Usr 0 00:10:33, Sys 0 00:00:34  -  Run Remote Usage
		Usr 0 00:00:00, Sys 0 00:00:00  -  Run Local Usage
		Usr 0 00:10:33, Sys 0 00:00:34  -  Total Remote Usage
		Usr 0 00:00:00, Sys 0 00:00:00  -  Total Local Usage
	0  -  Run Bytes Sent By Job
	0  -  Run Bytes Received By Job
	0  -  Total Bytes Sent By Job
	0  -  Total Bytes Received By Job
	Partitionable Resources :    Usage  Request Allocated
	   Cpus                 :                 1         1
	   Disk (KB)            :        1        1  28380085
	   Memory (MB)          :      640        1      4033
...
