000 (2491851.151.000) 11/08 20:36:48 Job submitted from host: <192.168.1.109:9714>
...
001 (2491851.151.000) 11/08 20:37:21 Job executing on host: <192.168.1.44:9507>
...
006 (2491851.151.000) 11/08 20:37:29 Image size of job updated: 97664
	3  -  MemoryUsage of job (MB)
	2320  -  ResidentSetSize of job (KB)
...
006 (2491851.151.000) 11/08 20:42:29 Image size of job updated: 932708
	460  -  MemoryUsage of job (MB)
	471008  -  ResidentSetSize of job (KB)
...
005 (2491851.151.000) 11/08 21:44:46 Job terminated.
	(1) Normal termination (return value 0)
		Usr 0 00:14:48, Sys 0 00:00:57  -  Run Remote Usage
		Usr 0 00:00:00, Sys 0 00:00:00  -  Run Local Usage
		Usr 0 00:14:48, Sys 0 00:00:57  -  Total Remote Usage
		Usr 0 00:00:00, Sys 0 00:00:00  -  Total Local Usage
	0  -  Run Bytes Sent By Job
	0  -  Run Bytes Received By Job
	0  -  Total Bytes Sent By Job
	0  -  Total Bytes Received By Job
	Partitionable Resources :    Usage  Request Allocated
	   Cpus                 :                 1         1
	   Disk (KB)            :        1        1   2370199
	   Memory (MB)          :      460        1      4035
...
