000 (2511949.050.000) 11/17 23:24:50 Job submitted from host: <192.168.1.109:9714>
...
001 (2511949.050.000) 11/17 23:29:40 Job executing on host: <192.168.1.47:9634>
...
006 (2511949.050.000) 11/17 23:29:49 Image size of job updated: 439932
	118  -  MemoryUsage of job (MB)
	120760  -  ResidentSetSize of job (KB)
...
006 (2511949.050.000) 11/17 23:30:55 Image size of job updated: 864064
	118  -  MemoryUsage of job (MB)
	120760  -  ResidentSetSize of job (KB)
...
005 (2511949.050.000) 11/17 23:30:55 Job terminated.
	(1) Normal termination (return value 0)
		Usr 0 00:00:56, Sys 0 00:00:05  -  Run Remote Usage
		Usr 0 00:00:00, Sys 0 00:00:00  -  Run Local Usage
		Usr 0 00:00:56, Sys 0 00:00:05  -  Total Remote Usage
		Usr 0 00:00:00, Sys 0 00:00:00  -  Total Local Usage
	0  -  Run Bytes Sent By Job
	0  -  Run Bytes Received By Job
	0  -  Total Bytes Sent By Job
	0  -  Total Bytes Received By Job
	Partitionable Resources :    Usage  Request Allocated
	   Cpus                 :                 1         1
	   Disk (KB)            :        1        1  28378166
	   Memory (MB)          :      118        1      4033
...
