000 (2485756.013.000) 11/07 21:19:44 Job submitted from host: <192.168.1.109:9714>
...
001 (2485756.013.000) 11/07 21:20:59 Job executing on host: <192.168.1.43:9998>
...
006 (2485756.013.000) 11/07 21:21:07 Image size of job updated: 97664
	3  -  MemoryUsage of job (MB)
	2320  -  ResidentSetSize of job (KB)
...
005 (2485756.013.000) 11/07 21:21:08 Job terminated.
	(1) Normal termination (return value 0)
		Usr 0 00:00:00, Sys 0 00:00:00  -  Run Remote Usage
		Usr 0 00:00:00, Sys 0 00:00:00  -  Run Local Usage
		Usr 0 00:00:00, Sys 0 00:00:00  -  Total Remote Usage
		Usr 0 00:00:00, Sys 0 00:00:00  -  Total Local Usage
	0  -  Run Bytes Sent By Job
	0  -  Run Bytes Received By Job
	0  -  Total Bytes Sent By Job
	0  -  Total Bytes Received By Job
	Partitionable Resources :    Usage  Request Allocated
	   Cpus                 :                 1         1
	   Disk (KB)            :        1        1   2365758
	   Memory (MB)          :        3        1      4035
...
