000 (2492234.001.000) 11/08 21:18:48 Job submitted from host: <192.168.1.109:9714>
...
001 (2492234.001.000) 11/08 21:19:22 Job executing on host: <192.168.1.42:9515>
...
006 (2492234.001.000) 11/08 21:19:37 Image size of job updated: 97664
	3  -  MemoryUsage of job (MB)
	2672  -  ResidentSetSize of job (KB)
...
006 (2492234.001.000) 11/08 21:24:32 Image size of job updated: 874156
	331  -  MemoryUsage of job (MB)
	338252  -  ResidentSetSize of job (KB)
...
006 (2492234.001.000) 11/08 21:29:32 Image size of job updated: 874156
	384  -  MemoryUsage of job (MB)
	392516  -  ResidentSetSize of job (KB)
...
005 (2492234.001.000) 11/08 21:30:01 Job terminated.
	(1) Normal termination (return value 0)
		Usr 0 00:01:39, Sys 0 00:00:07  -  Run Remote Usage
		Usr 0 00:00:00, Sys 0 00:00:00  -  Run Local Usage
		Usr 0 00:01:39, Sys 0 00:00:07  -  Total Remote Usage
		Usr 0 00:00:00, Sys 0 00:00:00  -  Total Local Usage
	0  -  Run Bytes Sent By Job
	0  -  Run Bytes Received By Job
	0  -  Total Bytes Sent By Job
	0  -  Total Bytes Received By Job
	Partitionable Resources :    Usage  Request Allocated
	   Cpus                 :                 1         1
	   Disk (KB)            :        1        1   2370648
	   Memory (MB)          :      384        1      4035
...
