000 (2504801.001.000) 11/16 00:30:11 Job submitted from host: <192.168.1.109:9714>
...
001 (2504801.001.000) 11/16 00:30:30 Job executing on host: <192.168.1.47:9634>
...
006 (2504801.001.000) 11/16 00:30:39 Image size of job updated: 319736
	11  -  MemoryUsage of job (MB)
	10384  -  ResidentSetSize of job (KB)
...
006 (2504801.001.000) 11/16 00:33:12 Image size of job updated: 909664
	11  -  MemoryUsage of job (MB)
	10384  -  ResidentSetSize of job (KB)
...
005 (2504801.001.000) 11/16 00:33:12 Job terminated.
	(1) Normal termination (return value 0)
		Usr 0 00:00:59, Sys 0 00:00:06  -  Run Remote Usage
		Usr 0 00:00:00, Sys 0 00:00:00  -  Run Local Usage
		Usr 0 00:00:59, Sys 0 00:00:06  -  Total Remote Usage
		Usr 0 00:00:00, Sys 0 00:00:00  -  Total Local Usage
	0  -  Run Bytes Sent By Job
	0  -  Run Bytes Received By Job
	0  -  Total Bytes Sent By Job
	0  -  Total Bytes Received By Job
	Partitionable Resources :    Usage  Request Allocated
	   Cpus                 :                 1         1
	   Disk (KB)            :        1        1  28379424
	   Memory (MB)          :       11        1      4033
...
