000 (2504798.001.000) 11/15 23:52:37 Job submitted from host: <192.168.1.109:9714>
...
001 (2504798.001.000) 11/15 23:52:43 Job executing on host: <192.168.1.46:9845>
...
006 (2504798.001.000) 11/15 23:52:51 Image size of job updated: 97664
	3  -  MemoryUsage of job (MB)
	2620  -  ResidentSetSize of job (KB)
...
006 (2504798.001.000) 11/15 23:55:01 Image size of job updated: 909648
	3  -  MemoryUsage of job (MB)
	2620  -  ResidentSetSize of job (KB)
...
005 (2504798.001.000) 11/15 23:55:01 Job terminated.
	(1) Normal termination (return value 0)
		Usr 0 00:01:00, Sys 0 00:00:05  -  Run Remote Usage
		Usr 0 00:00:00, Sys 0 00:00:00  -  Run Local Usage
		Usr 0 00:01:00, Sys 0 00:00:05  -  Total Remote Usage
		Usr 0 00:00:00, Sys 0 00:00:00  -  Total Local Usage
	0  -  Run Bytes Sent By Job
	0  -  Run Bytes Received By Job
	0  -  Total Bytes Sent By Job
	0  -  Total Bytes Received By Job
	Partitionable Resources :    Usage  Request Allocated
	   Cpus                 :                 1         1
	   Disk (KB)            :        1        1   2372060
	   Memory (MB)          :        3        1      4035
...
