000 (2493183.050.000) 11/09 00:44:13 Job submitted from host: <192.168.1.109:9714>
...
001 (2493183.050.000) 11/09 00:44:23 Job executing on host: <192.168.1.47:9634>
...
006 (2493183.050.000) 11/09 00:44:32 Image size of job updated: 181692
	3  -  MemoryUsage of job (MB)
	2608  -  ResidentSetSize of job (KB)
...
006 (2493183.050.000) 11/09 00:49:33 Image size of job updated: 1053084
	501  -  MemoryUsage of job (MB)
	512716  -  ResidentSetSize of job (KB)
...
006 (2493183.050.000) 11/09 00:54:34 Image size of job updated: 1053084
	503  -  MemoryUsage of job (MB)
	514084  -  ResidentSetSize of job (KB)
...
006 (2493183.050.000) 11/09 00:59:34 Image size of job updated: 1053084
	503  -  MemoryUsage of job (MB)
	514400  -  ResidentSetSize of job (KB)
...
006 (2493183.050.000) 11/09 01:04:35 Image size of job updated: 1053084
	507  -  MemoryUsage of job (MB)
	518740  -  ResidentSetSize of job (KB)
...
006 (2493183.050.000) 11/09 01:09:35 Image size of job updated: 1053084
	615  -  MemoryUsage of job (MB)
	629576  -  ResidentSetSize of job (KB)
...
006 (2493183.050.000) 11/09 01:14:35 Image size of job updated: 1053084
	616  -  MemoryUsage of job (MB)
	630388  -  ResidentSetSize of job (KB)
...
005 (2493183.050.000) 11/09 01:17:53 Job terminated.
	(1) Normal termination (return value 0)
		Usr 0 00:06:16, Sys 0 00:00:31  -  Run Remote Usage
		Usr 0 00:00:00, Sys 0 00:00:00  -  Run Local Usage
		Usr 0 00:06:16, Sys 0 00:00:31  -  Total Remote Usage
		Usr 0 00:00:00, Sys 0 00:00:00  -  Total Local Usage
	0  -  Run Bytes Sent By Job
	0  -  Run Bytes Received By Job
	0  -  Total Bytes Sent By Job
	0  -  Total Bytes Received By Job
	Partitionable Resources :    Usage  Request Allocated
	   Cpus                 :                 1         1
	   Disk (KB)            :        1        1  28380819
	   Memory (MB)          :      616        1      4033
...
