000 (2491851.033.000) 11/08 20:36:46 Job submitted from host: <192.168.1.109:9714>
...
001 (2491851.033.000) 11/08 20:37:14 Job executing on host: <192.168.1.45:9392>
...
006 (2491851.033.000) 11/08 20:37:23 Image size of job updated: 386552
	64  -  MemoryUsage of job (MB)
	65268  -  ResidentSetSize of job (KB)
...
006 (2491851.033.000) 11/08 20:42:23 Image size of job updated: 995512
	465  -  MemoryUsage of job (MB)
	475796  -  ResidentSetSize of job (KB)
...
005 (2491851.033.000) 11/08 20:57:09 Job terminated.
	(1) Normal termination (return value 0)
		Usr 0 00:05:16, Sys 0 00:00:19  -  Run Remote Usage
		Usr 0 00:00:00, Sys 0 00:00:00  -  Run Local Usage
		Usr 0 00:05:16, Sys 0 00:00:19  -  Total Remote Usage
		Usr 0 00:00:00, Sys 0 00:00:00  -  Total Local Usage
	0  -  Run Bytes Sent By Job
	0  -  Run Bytes Received By Job
	0  -  Total Bytes Sent By Job
	0  -  Total Bytes Received By Job
	Partitionable Resources :    Usage  Request Allocated
	   Cpus                 :                 1         1
	   Disk (KB)            :        1        1   2370406
	   Memory (MB)          :      465        1      4035
...
