000 (2497410.033.000) 11/09 15:33:46 Job submitted from host: <192.168.1.109:9714>
...
001 (2497410.033.000) 11/09 15:34:10 Job executing on host: <192.168.1.68:9996>
...
006 (2497410.033.000) 11/09 15:34:18 Image size of job updated: 341260
	69  -  MemoryUsage of job (MB)
	70024  -  ResidentSetSize of job (KB)
...
006 (2497410.033.000) 11/09 15:39:18 Image size of job updated: 1074080
	526  -  MemoryUsage of job (MB)
	538000  -  ResidentSetSize of job (KB)
...
006 (2497410.033.000) 11/09 15:44:19 Image size of job updated: 1074080
	526  -  MemoryUsage of job (MB)
	538344  -  ResidentSetSize of job (KB)
...
006 (2497410.033.000) 11/09 15:49:20 Image size of job updated: 1074080
	527  -  MemoryUsage of job (MB)
	539000  -  ResidentSetSize of job (KB)
...
006 (2497410.033.000) 11/09 15:54:20 Image size of job updated: 1074080
	527  -  MemoryUsage of job (MB)
	539016  -  ResidentSetSize of job (KB)
...
006 (2497410.033.000) 11/09 15:59:21 Image size of job updated: 1074080
	527  -  MemoryUsage of job (MB)
	539076  -  ResidentSetSize of job (KB)
...
005 (2497410.033.000) 11/09 16:01:01 Job terminated.
	(1) Normal termination (return value 0)
		Usr 0 00:09:00, Sys 0 00:00:26  -  Run Remote Usage
		Usr 0 00:00:00, Sys 0 00:00:00  -  Run Local Usage
		Usr 0 00:09:00, Sys 0 00:00:26  -  Total Remote Usage
		Usr 0 00:00:00, Sys 0 00:00:00  -  Total Local Usage
	0  -  Run Bytes Sent By Job
	0  -  Run Bytes Received By Job
	0  -  Total Bytes Sent By Job
	0  -  Total Bytes Received By Job
	Partitionable Resources :    Usage  Request Allocated
	   Cpus                 :                 1         1
	   Disk (KB)            :        1        1  20251418
	   Memory (MB)          :      527        1      4038
...
