000 (2492274.043.000) 11/08 21:21:59 Job submitted from host: <192.168.1.109:9714>
...
001 (2492274.043.000) 11/08 21:25:03 Job executing on host: <192.168.1.43:9998>
...
006 (2492274.043.000) 11/08 21:25:14 Image size of job updated: 320260
	32  -  MemoryUsage of job (MB)
	32036  -  ResidentSetSize of job (KB)
...
006 (2492274.043.000) 11/08 21:30:14 Image size of job updated: 1065664
	515  -  MemoryUsage of job (MB)
	526492  -  ResidentSetSize of job (KB)
...
006 (2492274.043.000) 11/08 21:35:14 Image size of job updated: 1065664
	519  -  MemoryUsage of job (MB)
	531172  -  ResidentSetSize of job (KB)
...
006 (2492274.043.000) 11/08 21:40:15 Image size of job updated: 1065664
	520  -  MemoryUsage of job (MB)
	531980  -  ResidentSetSize of job (KB)
...
006 (2492274.043.000) 11/08 21:45:16 Image size of job updated: 1065664
	522  -  MemoryUsage of job (MB)
	534076  -  ResidentSetSize of job (KB)
...
006 (2492274.043.000) 11/08 21:50:16 Image size of job updated: 1065664
	522  -  MemoryUsage of job (MB)
	534368  -  ResidentSetSize of job (KB)
...
006 (2492274.043.000) 11/08 21:55:17 Image size of job updated: 1065664
	523  -  MemoryUsage of job (MB)
	535220  -  ResidentSetSize of job (KB)
...
006 (2492274.043.000) 11/08 22:00:17 Image size of job updated: 1065664
	523  -  MemoryUsage of job (MB)
	535392  -  ResidentSetSize of job (KB)
...
006 (2492274.043.000) 11/08 22:05:17 Image size of job updated: 1065664
	523  -  MemoryUsage of job (MB)
	535408  -  ResidentSetSize of job (KB)
...
006 (2492274.043.000) 11/08 22:10:18 Image size of job updated: 1065664
	523  -  MemoryUsage of job (MB)
	535424  -  ResidentSetSize of job (KB)
...
006 (2492274.043.000) 11/08 22:15:18 Image size of job updated: 1065664
	523  -  MemoryUsage of job (MB)
	535464  -  ResidentSetSize of job (KB)
...
006 (2492274.043.000) 11/08 22:20:18 Image size of job updated: 1065664
	524  -  MemoryUsage of job (MB)
	535664  -  ResidentSetSize of job (KB)
...
006 (2492274.043.000) 11/08 22:25:19 Image size of job updated: 1065664
	538  -  MemoryUsage of job (MB)
	550064  -  ResidentSetSize of job (KB)
...
006 (2492274.043.000) 11/08 22:30:20 Image size of job updated: 1065664
	638  -  MemoryUsage of job (MB)
	652884  -  ResidentSetSize of job (KB)
...
006 (2492274.043.000) 11/08 22:35:20 Image size of job updated: 1065664
	638  -  MemoryUsage of job (MB)
	652912  -  ResidentSetSize of job (KB)
...
005 (2492274.043.000) 11/08 22:38:08 Job terminated.
	(1) Normal termination (return value 0)
		Usr 0 00:14:46, Sys 0 00:00:55  -  Run Remote Usage
		Usr 0 00:00:00, Sys 0 00:00:00  -  Run Local Usage
		Usr 0 00:14:46, Sys 0 00:00:55  -  Total Remote Usage
		Usr 0 00:00:00, Sys 0 00:00:00  -  Total Local Usage
	0  -  Run Bytes Sent By Job
	0  -  Run Bytes Received By Job
	0  -  Total Bytes Sent By Job
	0  -  Total Bytes Received By Job
	Partitionable Resources :    Usage  Request Allocated
	   Cpus                 :                 1         1
	   Disk (KB)            :        1        1   2370249
	   Memory (MB)          :      638        1      4035
...
