000 (2492235.055.000) 11/08 21:19:20 Job submitted from host: <192.168.1.109:9714>
...
001 (2492235.055.000) 11/08 21:19:32 Job executing on host: <192.168.1.47:9634>
...
006 (2492235.055.000) 11/08 21:19:42 Image size of job updated: 97468
	2  -  MemoryUsage of job (MB)
	1836  -  ResidentSetSize of job (KB)
...
006 (2492235.055.000) 11/08 21:24:42 Image size of job updated: 1065656
	442  -  MemoryUsage of job (MB)
	452596  -  ResidentSetSize of job (KB)
...
006 (2492235.055.000) 11/08 21:29:44 Image size of job updated: 1065656
	443  -  MemoryUsage of job (MB)
	453404  -  ResidentSetSize of job (KB)
...
006 (2492235.055.000) 11/08 21:34:44 Image size of job updated: 1065656
	445  -  MemoryUsage of job (MB)
	455520  -  ResidentSetSize of job (KB)
...
006 (2492235.055.000) 11/08 21:39:45 Image size of job updated: 1065656
	446  -  MemoryUsage of job (MB)
	456624  -  ResidentSetSize of job (KB)
...
006 (2492235.055.000) 11/08 21:44:46 Image size of job updated: 1065656
	446  -  MemoryUsage of job (MB)
	456700  -  ResidentSetSize of job (KB)
...
006 (2492235.055.000) 11/08 21:49:46 Image size of job updated: 1065656
	447  -  MemoryUsage of job (MB)
	456840  -  ResidentSetSize of job (KB)
...
006 (2492235.055.000) 11/08 21:54:46 Image size of job updated: 1065656
	447  -  MemoryUsage of job (MB)
	456852  -  ResidentSetSize of job (KB)
...
006 (2492235.055.000) 11/08 21:59:47 Image size of job updated: 1065656
	447  -  MemoryUsage of job (MB)
	456892  -  ResidentSetSize of job (KB)
...
006 (2492235.055.000) 11/08 22:04:47 Image size of job updated: 1065656
	447  -  MemoryUsage of job (MB)
	456908  -  ResidentSetSize of job (KB)
...
006 (2492235.055.000) 11/08 22:09:49 Image size of job updated: 1065656
	469  -  MemoryUsage of job (MB)
	480028  -  ResidentSetSize of job (KB)
...
006 (2492235.055.000) 11/08 22:14:49 Image size of job updated: 1065656
	566  -  MemoryUsage of job (MB)
	578932  -  ResidentSetSize of job (KB)
...
006 (2492235.055.000) 11/08 22:19:49 Image size of job updated: 1065656
	566  -  MemoryUsage of job (MB)
	578992  -  ResidentSetSize of job (KB)
...
006 (2492235.055.000) 11/08 22:24:50 Image size of job updated: 1065656
	566  -  MemoryUsage of job (MB)
	579060  -  ResidentSetSize of job (KB)
...
006 (2492235.055.000) 11/08 22:29:50 Image size of job updated: 1065656
	566  -  MemoryUsage of job (MB)
	579084  -  ResidentSetSize of job (KB)
...
005 (2492235.055.000) 11/08 22:33:45 Job terminated.
	(1) Normal termination (return value 0)
		Usr 0 00:13:40, Sys 0 00:00:50  -  Run Remote Usage
		Usr 0 00:00:00, Sys 0 00:00:00  -  Run Local Usage
		Usr 0 00:13:40, Sys 0 00:00:50  -  Total Remote Usage
		Usr 0 00:00:00, Sys 0 00:00:00  -  Total Local Usage
	0  -  Run Bytes Sent By Job
	0  -  Run Bytes Received By Job
	0  -  Total Bytes Sent By Job
	0  -  Total Bytes Received By Job
	Partitionable Resources :    Usage  Request Allocated
	   Cpus                 :                 1         1
	   Disk (KB)            :        1        1  28380912
	   Memory (MB)          :      566        1      4033
...
