000 (2506671.055.000) 11/17 00:32:25 Job submitted from host: <192.168.1.109:9714>
...
001 (2506671.055.000) 11/17 00:32:35 Job executing on host: <192.168.1.49:9578>
...
006 (2506671.055.000) 11/17 00:32:43 Image size of job updated: 172848
	3  -  MemoryUsage of job (MB)
	2700  -  ResidentSetSize of job (KB)
...
006 (2506671.055.000) 11/17 00:33:02 Image size of job updated: 475440
	3  -  MemoryUsage of job (MB)
	2700  -  ResidentSetSize of job (KB)
...
005 (2506671.055.000) 11/17 00:33:02 Job terminated.
	(1) Normal termination (return value 0)
		Usr 0 00:00:08, Sys 0 00:00:00  -  Run Remote Usage
		Usr 0 00:00:00, Sys 0 00:00:00  -  Run Local Usage
		Usr 0 00:00:08, Sys 0 00:00:00  -  Total Remote Usage
		Usr 0 00:00:00, Sys 0 00:00:00  -  Total Local Usage
	0  -  Run Bytes Sent By Job
	0  -  Run Bytes Received By Job
	0  -  Total Bytes Sent By Job
	0  -  Total Bytes Received By Job
	Partitionable Resources :    Usage  Request Allocated
	   Cpus                 :                 1         1
	   Disk (KB)            :        1        1  28379479
	   Memory (MB)          :        3        1      4033
...
