000 (2504804.015.000) 11/16 01:06:12 Job submitted from host: <192.168.1.109:9714>
...
001 (2504804.015.000) 11/16 01:06:32 Job executing on host: <192.168.1.65:9393>
...
006 (2504804.015.000) 11/16 01:06:41 Image size of job updated: 352744
	49  -  MemoryUsage of job (MB)
	50032  -  ResidentSetSize of job (KB)
...
006 (2504804.015.000) 11/16 01:07:13 Image size of job updated: 476412
	49  -  MemoryUsage of job (MB)
	50032  -  ResidentSetSize of job (KB)
...
005 (2504804.015.000) 11/16 01:07:13 Job terminated.
	(1) Normal termination (return value 0)
		Usr 0 00:00:18, Sys 0 00:00:01  -  Run Remote Usage
		Usr 0 00:00:00, Sys 0 00:00:00  -  Run Local Usage
		Usr 0 00:00:18, Sys 0 00:00:01  -  Total Remote Usage
		Usr 0 00:00:00, Sys 0 00:00:00  -  Total Local Usage
	0  -  Run Bytes Sent By Job
	0  -  Run Bytes Received By Job
	0  -  Total Bytes Sent By Job
	0  -  Total Bytes Received By Job
	Partitionable Resources :    Usage  Request Allocated
	   Cpus                 :                 1         1
	   Disk (KB)            :        1        1  19563929
	   Memory (MB)          :       49        1      4033
...
