000 (2492910.019.000) 11/08 23:48:10 Job submitted from host: <192.168.1.109:9714>
...
001 (2492910.019.000) 11/08 23:48:21 Job executing on host: <192.168.1.43:9998>
...
006 (2492910.019.000) 11/08 23:48:30 Image size of job updated: 434540
	84  -  MemoryUsage of job (MB)
	85832  -  ResidentSetSize of job (KB)
...
006 (2492910.019.000) 11/08 23:48:32 Image size of job updated: 456892
	84  -  MemoryUsage of job (MB)
	85832  -  ResidentSetSize of job (KB)
...
005 (2492910.019.000) 11/08 23:48:32 Job terminated.
	(1) Normal termination (return value 6)
		Usr 0 00:00:04, Sys 0 00:00:00  -  Run Remote Usage
		Usr 0 00:00:00, Sys 0 00:00:00  -  Run Local Usage
		Usr 0 00:00:04, Sys 0 00:00:00  -  Total Remote Usage
		Usr 0 00:00:00, Sys 0 00:00:00  -  Total Local Usage
	0  -  Run Bytes Sent By Job
	0  -  Run Bytes Received By Job
	0  -  Total Bytes Sent By Job
	0  -  Total Bytes Received By Job
	Partitionable Resources :    Usage  Request Allocated
	   Cpus                 :                 1         1
	   Disk (KB)            :        1        1   2371375
	   Memory (MB)          :       84        1      4035
...
