000 (2493172.009.000) 11/09 00:41:40 Job submitted from host: <192.168.1.109:9714>
...
001 (2493172.009.000) 11/09 00:41:51 Job executing on host: <192.168.1.63:9932>
...
006 (2493172.009.000) 11/09 00:41:59 Image size of job updated: 343108
	73  -  MemoryUsage of job (MB)
	74612  -  ResidentSetSize of job (KB)
...
006 (2493172.009.000) 11/09 00:42:08 Image size of job updated: 465416
	73  -  MemoryUsage of job (MB)
	74612  -  ResidentSetSize of job (KB)
...
005 (2493172.009.000) 11/09 00:42:08 Job terminated.
	(1) Normal termination (return value 0)
		Usr 0 00:00:07, Sys 0 00:00:00  -  Run Remote Usage
		Usr 0 00:00:00, Sys 0 00:00:00  -  Run Local Usage
		Usr 0 00:00:07, Sys 0 00:00:00  -  Total Remote Usage
		Usr 0 00:00:00, Sys 0 00:00:00  -  Total Local Usage
	0  -  Run Bytes Sent By Job
	0  -  Run Bytes Received By Job
	0  -  Total Bytes Sent By Job
	0  -  Total Bytes Received By Job
	Partitionable Resources :    Usage  Request Allocated
	   Cpus                 :                 1         1
	   Disk (KB)            :        1        1  19565667
	   Memory (MB)          :       73        1      4033
...
