000 (2485823.057.000) 11/07 23:48:29 Job submitted from host: <192.168.1.109:9714>
...
001 (2485823.057.000) 11/07 23:48:39 Job executing on host: <192.168.1.47:9634>
...
006 (2485823.057.000) 11/07 23:48:47 Image size of job updated: 349636
	68  -  MemoryUsage of job (MB)
	69428  -  ResidentSetSize of job (KB)
...
006 (2485823.057.000) 11/07 23:53:47 Image size of job updated: 1011156
	499  -  MemoryUsage of job (MB)
	510212  -  ResidentSetSize of job (KB)
...
006 (2485823.057.000) 11/07 23:58:48 Image size of job updated: 1011156
	500  -  MemoryUsage of job (MB)
	511144  -  ResidentSetSize of job (KB)
...
006 (2485823.057.000) 11/08 00:03:48 Image size of job updated: 1011156
	500  -  MemoryUsage of job (MB)
	511244  -  ResidentSetSize of job (KB)
...
006 (2485823.057.000) 11/08 00:08:48 Image size of job updated: 1011156
	500  -  MemoryUsage of job (MB)
	511520  -  ResidentSetSize of job (KB)
...
006 (2485823.057.000) 11/08 00:13:49 Image size of job updated: 1011156
	500  -  MemoryUsage of job (MB)
	511772  -  ResidentSetSize of job (KB)
...
006 (2485823.057.000) 11/08 00:18:50 Image size of job updated: 1011156
	588  -  MemoryUsage of job (MB)
	601884  -  ResidentSetSize of job (KB)
...
006 (2485823.057.000) 11/08 00:23:50 Image size of job updated: 1011156
	615  -  MemoryUsage of job (MB)
	629664  -  ResidentSetSize of job (KB)
...
006 (2485823.057.000) 11/08 00:28:51 Image size of job updated: 1011156
	615  -  MemoryUsage of job (MB)
	629672  -  ResidentSetSize of job (KB)
...
006 (2485823.057.000) 11/08 00:33:52 Image size of job updated: 1011156
	615  -  MemoryUsage of job (MB)
	629712  -  ResidentSetSize of job (KB)
...
005 (2485823.057.000) 11/08 00:36:07 Job terminated.
	(1) Normal termination (return value 0)
		Usr 0 00:12:10, Sys 0 00:00:42  -  Run Remote Usage
		Usr 0 00:00:00, Sys 0 00:00:00  -  Run Local Usage
		Usr 0 00:12:10, Sys 0 00:00:42  -  Total Remote Usage
		Usr 0 00:00:00, Sys 0 00:00:00  -  Total Local Usage
	0  -  Run Bytes Sent By Job
	0  -  Run Bytes Received By Job
	0  -  Total Bytes Sent By Job
	0  -  Total Bytes Received By Job
	Partitionable Resources :    Usage  Request Allocated
	   Cpus                 :                 1         1
	   Disk (KB)            :        1        1  28374304
	   Memory (MB)          :      615        1      4033
...
