000 (2491133.057.000) 11/08 19:40:19 Job submitted from host: <192.168.1.109:9714>
...
001 (2491133.057.000) 11/08 19:40:54 Job executing on host: <192.168.1.44:9507>
...
006 (2491133.057.000) 11/08 19:41:03 Image size of job updated: 202888
	16  -  MemoryUsage of job (MB)
	16376  -  ResidentSetSize of job (KB)
...
006 (2491133.057.000) 11/08 19:46:04 Image size of job updated: 1011160
	492  -  MemoryUsage of job (MB)
	503324  -  ResidentSetSize of job (KB)
...
006 (2491133.057.000) 11/08 19:51:05 Image size of job updated: 1011160
	600  -  MemoryUsage of job (MB)
	613404  -  ResidentSetSize of job (KB)
...
006 (2491133.057.000) 11/08 19:56:05 Image size of job updated: 1011160
	606  -  MemoryUsage of job (MB)
	620436  -  ResidentSetSize of job (KB)
...
006 (2491133.057.000) 11/08 20:01:06 Image size of job updated: 1161944
	788  -  MemoryUsage of job (MB)
	806888  -  ResidentSetSize of job (KB)
...
006 (2491133.057.000) 11/08 20:06:07 Image size of job updated: 1161944
	797  -  MemoryUsage of job (MB)
	815200  -  ResidentSetSize of job (KB)
...
006 (2491133.057.000) 11/08 20:11:07 Image size of job updated: 1161944
	801  -  MemoryUsage of job (MB)
	819236  -  ResidentSetSize of job (KB)
...
005 (2491133.057.000) 11/08 20:11:28 Job terminated.
	(1) Normal termination (return value 0)
		Usr 0 00:15:22, Sys 0 00:01:03  -  Run Remote Usage
		Usr 0 00:00:00, Sys 0 00:00:00  -  Run Local Usage
		Usr 0 00:15:22, Sys 0 00:01:03  -  Total Remote Usage
		Usr 0 00:00:00, Sys 0 00:00:00  -  Total Local Usage
	0  -  Run Bytes Sent By Job
	0  -  Run Bytes Received By Job
	0  -  Total Bytes Sent By Job
	0  -  Total Bytes Received By Job
	Partitionable Resources :    Usage  Request Allocated
	   Cpus                 :                 1         1
	   Disk (KB)            :        1        1   2370190
	   Memory (MB)          :      801        1      4035
...
