000 (2492274.023.000) 11/08 21:21:59 Job submitted from host: <192.168.1.109:9714>
...
001 (2492274.023.000) 11/08 21:23:02 Job executing on host: <192.168.1.47:9634>
...
006 (2492274.023.000) 11/08 21:23:11 Image size of job updated: 440836
	112  -  MemoryUsage of job (MB)
	114560  -  ResidentSetSize of job (KB)
...
006 (2492274.023.000) 11/08 21:28:11 Image size of job updated: 1076372
	524  -  MemoryUsage of job (MB)
	535612  -  ResidentSetSize of job (KB)
...
006 (2492274.023.000) 11/08 21:33:12 Image size of job updated: 1076372
	524  -  MemoryUsage of job (MB)
	535672  -  ResidentSetSize of job (KB)
...
006 (2492274.023.000) 11/08 21:38:13 Image size of job updated: 1076372
	524  -  MemoryUsage of job (MB)
	535788  -  ResidentSetSize of job (KB)
...
006 (2492274.023.000) 11/08 21:43:13 Image size of job updated: 1076372
	524  -  MemoryUsage of job (MB)
	535852  -  ResidentSetSize of job (KB)
...
006 (2492274.023.000) 11/08 21:48:14 Image size of job updated: 1076372
	524  -  MemoryUsage of job (MB)
	535900  -  ResidentSetSize of job (KB)
...
006 (2492274.023.000) 11/08 21:53:15 Image size of job updated: 1076372
	524  -  MemoryUsage of job (MB)
	535968  -  ResidentSetSize of job (KB)
...
006 (2492274.023.000) 11/08 21:58:15 Image size of job updated: 1076372
	524  -  MemoryUsage of job (MB)
	535972  -  ResidentSetSize of job (KB)
...
005 (2492274.023.000) 11/08 22:01:34 Job terminated.
	(1) Normal termination (return value 0)
		Usr 0 00:04:57, Sys 0 00:00:18  -  Run Remote Usage
		Usr 0 00:00:00, Sys 0 00:00:00  -  Run Local Usage
		Usr 0 00:04:57, Sys 0 00:00:18  -  Total Remote Usage
		Usr 0 00:00:00, Sys 0 00:00:00  -  Total Local Usage
	0  -  Run Bytes Sent By Job
	0  -  Run Bytes Received By Job
	0  -  Total Bytes Sent By Job
	0  -  Total Bytes Received By Job
	Partitionable Resources :    Usage  Request Allocated
	   Cpus                 :                 1         1
	   Disk (KB)            :        1        1  28380890
	   Memory (MB)          :      524        1      4033
...
