000 (2493183.035.000) 11/09 00:44:13 Job submitted from host: <192.168.1.109:9714>
...
001 (2493183.035.000) 11/09 00:44:22 Job executing on host: <192.168.1.48:9634>
...
006 (2493183.035.000) 11/09 00:44:31 Image size of job updated: 94292
	9  -  MemoryUsage of job (MB)
	8764  -  ResidentSetSize of job (KB)
...
006 (2493183.035.000) 11/09 00:49:31 Image size of job updated: 1063876
	502  -  MemoryUsage of job (MB)
	513988  -  ResidentSetSize of job (KB)
...
006 (2493183.035.000) 11/09 00:54:31 Image size of job updated: 1063876
	509  -  MemoryUsage of job (MB)
	520684  -  ResidentSetSize of job (KB)
...
006 (2493183.035.000) 11/09 00:59:32 Image size of job updated: 1063876
	625  -  MemoryUsage of job (MB)
	639664  -  ResidentSetSize of job (KB)
...
005 (2493183.035.000) 11/09 01:02:50 Job terminated.
	(1) Normal termination (return value 0)
		Usr 0 00:03:03, Sys 0 00:00:15  -  Run Remote Usage
		Usr 0 00:00:00, Sys 0 00:00:00  -  Run Local Usage
		Usr 0 00:03:03, Sys 0 00:00:15  -  Total Remote Usage
		Usr 0 00:00:00, Sys 0 00:00:00  -  Total Local Usage
	0  -  Run Bytes Sent By Job
	0  -  Run Bytes Received By Job
	0  -  Total Bytes Sent By Job
	0  -  Total Bytes Received By Job
	Partitionable Resources :    Usage  Request Allocated
	   Cpus                 :                 1         1
	   Disk (KB)            :        1        1  28379791
	   Memory (MB)          :      625        1      4033
...
