000 (2506670.097.000) 11/17 00:08:51 Job submitted from host: <192.168.1.109:9714>
...
001 (2506670.097.000) 11/17 00:09:09 Job executing on host: <192.168.1.42:9515>
...
006 (2506670.097.000) 11/17 00:09:18 Image size of job updated: 109868
	17  -  MemoryUsage of job (MB)
	16840  -  ResidentSetSize of job (KB)
...
006 (2506670.097.000) 11/17 00:14:19 Image size of job updated: 936064
	446  -  MemoryUsage of job (MB)
	456276  -  ResidentSetSize of job (KB)
...
005 (2506670.097.000) 11/17 00:14:29 Job terminated.
	(1) Normal termination (return value 0)
		Usr 0 00:01:10, Sys 0 00:00:17  -  Run Remote Usage
		Usr 0 00:00:00, Sys 0 00:00:00  -  Run Local Usage
		Usr 0 00:01:10, Sys 0 00:00:17  -  Total Remote Usage
		Usr 0 00:00:00, Sys 0 00:00:00  -  Total Local Usage
	0  -  Run Bytes Sent By Job
	0  -  Run Bytes Received By Job
	0  -  Total Bytes Sent By Job
	0  -  Total Bytes Received By Job
	Partitionable Resources :    Usage  Request Allocated
	   Cpus                 :                 1         1
	   Disk (KB)            :        1        1   2370993
	   Memory (MB)          :      446        1      4035
...
