000 (2492936.105.000) 11/08 23:53:20 Job submitted from host: <192.168.1.109:9714>
...
001 (2492936.105.000) 11/08 23:53:37 Job executing on host: <192.168.1.51:9694>
...
006 (2492936.105.000) 11/08 23:53:47 Image size of job updated: 327176
	14  -  MemoryUsage of job (MB)
	14016  -  ResidentSetSize of job (KB)
...
006 (2492936.105.000) 11/08 23:54:01 Image size of job updated: 482660
	14  -  MemoryUsage of job (MB)
	14016  -  ResidentSetSize of job (KB)
...
005 (2492936.105.000) 11/08 23:54:01 Job terminated.
	(1) Normal termination (return value 0)
		Usr 0 00:00:07, Sys 0 00:00:01  -  Run Remote Usage
		Usr 0 00:00:00, Sys 0 00:00:00  -  Run Local Usage
		Usr 0 00:00:07, Sys 0 00:00:01  -  Total Remote Usage
		Usr 0 00:00:00, Sys 0 00:00:00  -  Total Local Usage
	0  -  Run Bytes Sent By Job
	0  -  Run Bytes Received By Job
	0  -  Total Bytes Sent By Job
	0  -  Total Bytes Received By Job
	Partitionable Resources :    Usage  Request Allocated
	   Cpus                 :                 1         1
	   Disk (KB)            :        1        1  28379686
	   Memory (MB)          :       14        1      4033
...
