000 (2482243.014.000) 11/07 15:44:23 Job submitted from host: <192.168.1.109:9714>
...
001 (2482243.014.000) 11/07 15:44:34 Job executing on host: <192.168.1.68:9996>
...
006 (2482243.014.000) 11/07 15:44:43 Image size of job updated: 173244
	3  -  MemoryUsage of job (MB)
	2524  -  ResidentSetSize of job (KB)
...
006 (2482243.014.000) 11/07 15:46:34 Image size of job updated: 888892
	3  -  MemoryUsage of job (MB)
	2524  -  ResidentSetSize of job (KB)
...
005 (2482243.014.000) 11/07 15:46:34 Job terminated.
	(1) Normal termination (return value 0)
		Usr 0 00:01:29, Sys 0 00:00:04  -  Run Remote Usage
		Usr 0 00:00:00, Sys 0 00:00:00  -  Run Local Usage
		Usr 0 00:01:29, Sys 0 00:00:04  -  Total Remote Usage
		Usr 0 00:00:00, Sys 0 00:00:00  -  Total Local Usage
	0  -  Run Bytes Sent By Job
	0  -  Run Bytes Received By Job
	0  -  Total Bytes Sent By Job
	0  -  Total Bytes Received By Job
	Partitionable Resources :    Usage  Request Allocated
	   Cpus                 :                 1         1
	   Disk (KB)            :        1        1  20251141
	   Memory (MB)          :        3        1      4038
...
