000 (2497410.086.000) 11/09 15:33:47 Job submitted from host: <192.168.1.109:9714>
...
001 (2497410.086.000) 11/09 15:34:12 Job executing on host: <192.168.1.43:9998>
...
006 (2497410.086.000) 11/09 15:34:21 Image size of job updated: 347656
	37  -  MemoryUsage of job (MB)
	37132  -  ResidentSetSize of job (KB)
...
006 (2497410.086.000) 11/09 15:39:22 Image size of job updated: 1058380
	504  -  MemoryUsage of job (MB)
	515736  -  ResidentSetSize of job (KB)
...
006 (2497410.086.000) 11/09 15:44:23 Image size of job updated: 1058380
	505  -  MemoryUsage of job (MB)
	516324  -  ResidentSetSize of job (KB)
...
006 (2497410.086.000) 11/09 15:49:23 Image size of job updated: 1058380
	505  -  MemoryUsage of job (MB)
	516376  -  ResidentSetSize of job (KB)
...
006 (2497410.086.000) 11/09 15:54:23 Image size of job updated: 1058380
	505  -  MemoryUsage of job (MB)
	516380  -  ResidentSetSize of job (KB)
...
006 (2497410.086.000) 11/09 15:59:24 Image size of job updated: 1058380
	505  -  MemoryUsage of job (MB)
	516392  -  ResidentSetSize of job (KB)
...
006 (2497410.086.000) 11/09 16:04:24 Image size of job updated: 1058380
	505  -  MemoryUsage of job (MB)
	516396  -  ResidentSetSize of job (KB)
...
005 (2497410.086.000) 11/09 16:08:24 Job terminated.
	(1) Normal termination (return value 0)
		Usr 0 00:03:40, Sys 0 00:00:13  -  Run Remote Usage
		Usr 0 00:00:00, Sys 0 00:00:00  -  Run Local Usage
		Usr 0 00:03:40, Sys 0 00:00:13  -  Total Remote Usage
		Usr 0 00:00:00, Sys 0 00:00:00  -  Total Local Usage
	0  -  Run Bytes Sent By Job
	0  -  Run Bytes Received By Job
	0  -  Total Bytes Sent By Job
	0  -  Total Bytes Received By Job
	Partitionable Resources :    Usage  Request Allocated
	   Cpus                 :                 1         1
	   Disk (KB)            :        1        1   2367119
	   Memory (MB)          :      505        1      4035
...
