000 (2485823.055.000) 11/07 23:48:29 Job submitted from host: <192.168.1.109:9714>
...
001 (2485823.055.000) 11/07 23:48:39 Job executing on host: <192.168.1.50:9434>
...
006 (2485823.055.000) 11/07 23:48:47 Image size of job updated: 1
	3  -  MemoryUsage of job (MB)
	2104  -  ResidentSetSize of job (KB)
...
006 (2485823.055.000) 11/07 23:53:47 Image size of job updated: 1023312
	509  -  MemoryUsage of job (MB)
	520568  -  ResidentSetSize of job (KB)
...
006 (2485823.055.000) 11/07 23:58:48 Image size of job updated: 1023312
	509  -  MemoryUsage of job (MB)
	521152  -  ResidentSetSize of job (KB)
...
006 (2485823.055.000) 11/08 00:03:49 Image size of job updated: 1023312
	509  -  MemoryUsage of job (MB)
	521212  -  ResidentSetSize of job (KB)
...
006 (2485823.055.000) 11/08 00:08:49 Image size of job updated: 1023312
	571  -  MemoryUsage of job (MB)
	584648  -  ResidentSetSize of job (KB)
...
006 (2485823.055.000) 11/08 00:13:50 Image size of job updated: 1023312
	624  -  MemoryUsage of job (MB)
	638888  -  ResidentSetSize of job (KB)
...
006 (2485823.055.000) 11/08 00:18:51 Image size of job updated: 1023312
	624  -  MemoryUsage of job (MB)
	638892  -  ResidentSetSize of job (KB)
...
006 (2485823.055.000) 11/08 00:23:51 Image size of job updated: 1023312
	624  -  MemoryUsage of job (MB)
	638932  -  ResidentSetSize of job (KB)
...
006 (2485823.055.000) 11/08 00:28:51 Image size of job updated: 1023312
	624  -  MemoryUsage of job (MB)
	638960  -  ResidentSetSize of job (KB)
...
005 (2485823.055.000) 11/08 00:32:06 Job terminated.
	(1) Normal termination (return value 0)
		Usr 0 00:11:57, Sys 0 00:00:39  -  Run Remote Usage
		Usr 0 00:00:00, Sys 0 00:00:00  -  Run Local Usage
		Usr 0 00:11:57, Sys 0 00:00:39  -  Total Remote Usage
		Usr 0 00:00:00, Sys 0 00:00:00  -  Total Local Usage
	0  -  Run Bytes Sent By Job
	0  -  Run Bytes Received By Job
	0  -  Total Bytes Sent By Job
	0  -  Total Bytes Received By Job
	Partitionable Resources :    Usage  Request Allocated
	   Cpus                 :                 1         1
	   Disk (KB)            :        1        1  28360216
	   Memory (MB)          :      624        1      4033
...
