000 (2491133.055.000) 11/08 19:40:19 Job submitted from host: <192.168.1.109:9714>
...
001 (2491133.055.000) 11/08 19:40:52 Job executing on host: <192.168.1.47:9634>
...
006 (2491133.055.000) 11/08 19:41:00 Image size of job updated: 358900
	50  -  MemoryUsage of job (MB)
	50352  -  ResidentSetSize of job (KB)
...
006 (2491133.055.000) 11/08 19:46:00 Image size of job updated: 1023312
	500  -  MemoryUsage of job (MB)
	511164  -  ResidentSetSize of job (KB)
...
006 (2491133.055.000) 11/08 19:51:01 Image size of job updated: 1023312
	501  -  MemoryUsage of job (MB)
	512068  -  ResidentSetSize of job (KB)
...
006 (2491133.055.000) 11/08 19:56:01 Image size of job updated: 1023312
	604  -  MemoryUsage of job (MB)
	617772  -  ResidentSetSize of job (KB)
...
006 (2491133.055.000) 11/08 20:01:01 Image size of job updated: 1240120
	893  -  MemoryUsage of job (MB)
	914080  -  ResidentSetSize of job (KB)
...
006 (2491133.055.000) 11/08 20:06:02 Image size of job updated: 1240120
	901  -  MemoryUsage of job (MB)
	921684  -  ResidentSetSize of job (KB)
...
005 (2491133.055.000) 11/08 20:06:36 Job terminated.
	(1) Normal termination (return value 0)
		Usr 0 00:12:24, Sys 0 00:00:48  -  Run Remote Usage
		Usr 0 00:00:00, Sys 0 00:00:00  -  Run Local Usage
		Usr 0 00:12:24, Sys 0 00:00:48  -  Total Remote Usage
		Usr 0 00:00:00, Sys 0 00:00:00  -  Total Local Usage
	0  -  Run Bytes Sent By Job
	0  -  Run Bytes Received By Job
	0  -  Total Bytes Sent By Job
	0  -  Total Bytes Received By Job
	Partitionable Resources :    Usage  Request Allocated
	   Cpus                 :                 1         1
	   Disk (KB)            :        1        1  28380611
	   Memory (MB)          :      901        1      4033
...
