000 (2491851.055.000) 11/08 20:36:47 Job submitted from host: <192.168.1.109:9714>
...
001 (2491851.055.000) 11/08 20:37:15 Job executing on host: <192.168.1.48:9634>
...
006 (2491851.055.000) 11/08 20:37:23 Image size of job updated: 353044
	48  -  MemoryUsage of job (MB)
	49132  -  ResidentSetSize of job (KB)
...
006 (2491851.055.000) 11/08 20:42:23 Image size of job updated: 1023320
	429  -  MemoryUsage of job (MB)
	438444  -  ResidentSetSize of job (KB)
...
006 (2491851.055.000) 11/08 20:47:24 Image size of job updated: 1023320
	431  -  MemoryUsage of job (MB)
	441148  -  ResidentSetSize of job (KB)
...
006 (2491851.055.000) 11/08 20:52:24 Image size of job updated: 1023320
	432  -  MemoryUsage of job (MB)
	441372  -  ResidentSetSize of job (KB)
...
006 (2491851.055.000) 11/08 20:57:24 Image size of job updated: 1023320
	432  -  MemoryUsage of job (MB)
	441496  -  ResidentSetSize of job (KB)
...
006 (2491851.055.000) 11/08 21:02:25 Image size of job updated: 1023320
	432  -  MemoryUsage of job (MB)
	441620  -  ResidentSetSize of job (KB)
...
006 (2491851.055.000) 11/08 21:07:25 Image size of job updated: 1023320
	530  -  MemoryUsage of job (MB)
	541936  -  ResidentSetSize of job (KB)
...
005 (2491851.055.000) 11/08 21:09:23 Job terminated.
	(1) Normal termination (return value 0)
		Usr 0 00:13:00, Sys 0 00:00:44  -  Run Remote Usage
		Usr 0 00:00:00, Sys 0 00:00:00  -  Run Local Usage
		Usr 0 00:13:00, Sys 0 00:00:44  -  Total Remote Usage
		Usr 0 00:00:00, Sys 0 00:00:00  -  Total Local Usage
	0  -  Run Bytes Sent By Job
	0  -  Run Bytes Received By Job
	0  -  Total Bytes Sent By Job
	0  -  Total Bytes Received By Job
	Partitionable Resources :    Usage  Request Allocated
	   Cpus                 :                 1         1
	   Disk (KB)            :        1        1  28380044
	   Memory (MB)          :      530        1      4033
...
