000 (2497410.055.000) 11/09 15:33:46 Job submitted from host: <192.168.1.109:9714>
...
001 (2497410.055.000) 11/09 15:34:10 Job executing on host: <192.168.1.42:9515>
...
006 (2497410.055.000) 11/09 15:34:19 Image size of job updated: 358624
	44  -  MemoryUsage of job (MB)
	44316  -  ResidentSetSize of job (KB)
...
006 (2497410.055.000) 11/09 15:39:20 Image size of job updated: 1065668
	507  -  MemoryUsage of job (MB)
	518892  -  ResidentSetSize of job (KB)
...
006 (2497410.055.000) 11/09 15:44:20 Image size of job updated: 1065668
	508  -  MemoryUsage of job (MB)
	519720  -  ResidentSetSize of job (KB)
...
006 (2497410.055.000) 11/09 15:49:20 Image size of job updated: 1065668
	512  -  MemoryUsage of job (MB)
	523588  -  ResidentSetSize of job (KB)
...
006 (2497410.055.000) 11/09 15:54:21 Image size of job updated: 1065668
	513  -  MemoryUsage of job (MB)
	524388  -  ResidentSetSize of job (KB)
...
006 (2497410.055.000) 11/09 15:59:21 Image size of job updated: 1065668
	515  -  MemoryUsage of job (MB)
	526504  -  ResidentSetSize of job (KB)
...
006 (2497410.055.000) 11/09 16:04:21 Image size of job updated: 1065668
	515  -  MemoryUsage of job (MB)
	526772  -  ResidentSetSize of job (KB)
...
006 (2497410.055.000) 11/09 16:09:22 Image size of job updated: 1065668
	516  -  MemoryUsage of job (MB)
	527612  -  ResidentSetSize of job (KB)
...
006 (2497410.055.000) 11/09 16:14:23 Image size of job updated: 1065668
	604  -  MemoryUsage of job (MB)
	618484  -  ResidentSetSize of job (KB)
...
006 (2497410.055.000) 11/09 16:19:23 Image size of job updated: 1065668
	631  -  MemoryUsage of job (MB)
	645364  -  ResidentSetSize of job (KB)
...
006 (2497410.055.000) 11/09 16:24:24 Image size of job updated: 1065668
	631  -  MemoryUsage of job (MB)
	645372  -  ResidentSetSize of job (KB)
...
006 (2497410.055.000) 11/09 16:29:25 Image size of job updated: 1065668
	631  -  MemoryUsage of job (MB)
	645384  -  ResidentSetSize of job (KB)
...
006 (2497410.055.000) 11/09 16:34:25 Image size of job updated: 1065668
	631  -  MemoryUsage of job (MB)
	645396  -  ResidentSetSize of job (KB)
...
006 (2497410.055.000) 11/09 16:39:25 Image size of job updated: 1065668
	631  -  MemoryUsage of job (MB)
	645404  -  ResidentSetSize of job (KB)
...
006 (2497410.055.000) 11/09 16:44:26 Image size of job updated: 1065668
	631  -  MemoryUsage of job (MB)
	645420  -  ResidentSetSize of job (KB)
...
006 (2497410.055.000) 11/09 16:49:26 Image size of job updated: 1065668
	631  -  MemoryUsage of job (MB)
	645612  -  ResidentSetSize of job (KB)
...
006 (2497410.055.000) 11/09 16:54:26 Image size of job updated: 1065668
	631  -  MemoryUsage of job (MB)
	645636  -  ResidentSetSize of job (KB)
...
006 (2497410.055.000) 11/09 16:59:27 Image size of job updated: 1065668
	631  -  MemoryUsage of job (MB)
	645656  -  ResidentSetSize of job (KB)
...
006 (2497410.055.000) 11/09 17:04:28 Image size of job updated: 1065668
	631  -  MemoryUsage of job (MB)
	645732  -  ResidentSetSize of job (KB)
...
006 (2497410.055.000) 11/09 17:09:28 Image size of job updated: 1065668
	631  -  MemoryUsage of job (MB)
	645784  -  ResidentSetSize of job (KB)
...
005 (2497410.055.000) 11/09 17:17:24 Job terminated.
	(1) Normal termination (return value 0)
		Usr 0 00:14:50, Sys 0 00:00:58  -  Run Remote Usage
		Usr 0 00:00:00, Sys 0 00:00:00  -  Run Local Usage
		Usr 0 00:14:50, Sys 0 00:00:58  -  Total Remote Usage
		Usr 0 00:00:00, Sys 0 00:00:00  -  Total Local Usage
	0  -  Run Bytes Sent By Job
	0  -  Run Bytes Received By Job
	0  -  Total Bytes Sent By Job
	0  -  Total Bytes Received By Job
	Partitionable Resources :    Usage  Request Allocated
	   Cpus                 :                 1         1
	   Disk (KB)            :        1        1   2371274
	   Memory (MB)          :      631        1      4035
...
