000 (2492235.037.000) 11/08 21:19:19 Job submitted from host: <192.168.1.109:9714>
...
001 (2492235.037.000) 11/08 21:19:32 Job executing on host: <192.168.1.47:9634>
...
006 (2492235.037.000) 11/08 21:19:42 Image size of job updated: 97468
	3  -  MemoryUsage of job (MB)
	2632  -  ResidentSetSize of job (KB)
...
006 (2492235.037.000) 11/08 21:24:42 Image size of job updated: 1074724
	447  -  MemoryUsage of job (MB)
	457224  -  ResidentSetSize of job (KB)
...
006 (2492235.037.000) 11/08 21:29:44 Image size of job updated: 1074724
	448  -  MemoryUsage of job (MB)
	458696  -  ResidentSetSize of job (KB)
...
006 (2492235.037.000) 11/08 21:34:44 Image size of job updated: 1074724
	449  -  MemoryUsage of job (MB)
	458808  -  ResidentSetSize of job (KB)
...
006 (2492235.037.000) 11/08 21:39:45 Image size of job updated: 1074724
	449  -  MemoryUsage of job (MB)
	459740  -  ResidentSetSize of job (KB)
...
006 (2492235.037.000) 11/08 21:44:46 Image size of job updated: 1074724
	529  -  MemoryUsage of job (MB)
	541156  -  ResidentSetSize of job (KB)
...
006 (2492235.037.000) 11/08 21:49:46 Image size of job updated: 1074724
	571  -  MemoryUsage of job (MB)
	584376  -  ResidentSetSize of job (KB)
...
006 (2492235.037.000) 11/08 21:54:47 Image size of job updated: 1074724
	571  -  MemoryUsage of job (MB)
	584380  -  ResidentSetSize of job (KB)
...
005 (2492235.037.000) 11/08 22:05:09 Job terminated.
	(1) Normal termination (return value 0)
		Usr 0 00:04:56, Sys 0 00:00:21  -  Run Remote Usage
		Usr 0 00:00:00, Sys 0 00:00:00  -  Run Local Usage
		Usr 0 00:04:56, Sys 0 00:00:21  -  Total Remote Usage
		Usr 0 00:00:00, Sys 0 00:00:00  -  Total Local Usage
	0  -  Run Bytes Sent By Job
	0  -  Run Bytes Received By Job
	0  -  Total Bytes Sent By Job
	0  -  Total Bytes Received By Job
	Partitionable Resources :    Usage  Request Allocated
	   Cpus                 :                 1         1
	   Disk (KB)            :        1        1  28380912
	   Memory (MB)          :      571        1      4033
...
