000 (2493183.037.000) 11/09 00:44:13 Job submitted from host: <192.168.1.109:9714>
...
001 (2493183.037.000) 11/09 00:44:23 Job executing on host: <192.168.1.63:9932>
...
006 (2493183.037.000) 11/09 00:44:32 Image size of job updated: 32840
	3  -  MemoryUsage of job (MB)
	2612  -  ResidentSetSize of job (KB)
...
006 (2493183.037.000) 11/09 00:49:33 Image size of job updated: 1067044
	508  -  MemoryUsage of job (MB)
	519240  -  ResidentSetSize of job (KB)
...
006 (2493183.037.000) 11/09 00:54:34 Image size of job updated: 1067044
	508  -  MemoryUsage of job (MB)
	519888  -  ResidentSetSize of job (KB)
...
006 (2493183.037.000) 11/09 00:59:34 Image size of job updated: 1067044
	508  -  MemoryUsage of job (MB)
	519924  -  ResidentSetSize of job (KB)
...
005 (2493183.037.000) 11/09 01:04:08 Job terminated.
	(1) Normal termination (return value 0)
		Usr 0 00:05:55, Sys 0 00:00:21  -  Run Remote Usage
		Usr 0 00:00:00, Sys 0 00:00:00  -  Run Local Usage
		Usr 0 00:05:55, Sys 0 00:00:21  -  Total Remote Usage
		Usr 0 00:00:00, Sys 0 00:00:00  -  Total Local Usage
	0  -  Run Bytes Sent By Job
	0  -  Run Bytes Received By Job
	0  -  Total Bytes Sent By Job
	0  -  Total Bytes Received By Job
	Partitionable Resources :    Usage  Request Allocated
	   Cpus                 :                 1         1
	   Disk (KB)            :        1        1  19565659
	   Memory (MB)          :      508        1      4033
...
