000 (2497151.025.000) 11/09 14:58:11 Job submitted from host: <192.168.1.109:9714>
...
001 (2497151.025.000) 11/09 14:58:18 Job executing on host: <192.168.1.58:9618?addrs=192.168.1.58-9618+[--1]-9618&noUDP&sock=2203_f7a2_3>
...
006 (2497151.025.000) 11/09 14:58:26 Image size of job updated: 94228
	16  -  MemoryUsage of job (MB)
	15436  -  ResidentSetSize of job (KB)
...
006 (2497151.025.000) 11/09 14:58:35 Image size of job updated: 464968
	16  -  MemoryUsage of job (MB)
	15436  -  ResidentSetSize of job (KB)
...
005 (2497151.025.000) 11/09 14:58:35 Job terminated.
	(1) Normal termination (return value 0)
		Usr 0 00:00:05, Sys 0 00:00:00  -  Run Remote Usage
		Usr 0 00:00:00, Sys 0 00:00:00  -  Run Local Usage
		Usr 0 00:00:05, Sys 0 00:00:00  -  Total Remote Usage
		Usr 0 00:00:00, Sys 0 00:00:00  -  Total Local Usage
	0  -  Run Bytes Sent By Job
	0  -  Run Bytes Received By Job
	0  -  Total Bytes Sent By Job
	0  -  Total Bytes Received By Job
	Partitionable Resources :    Usage  Request Allocated
	   Cpus                 :                 1         1
	   Disk (KB)            :        1        1   1563588
	   Memory (MB)          :       16        1         1
...
