000 (2506671.037.000) 11/17 00:32:25 Job submitted from host: <192.168.1.109:9714>
...
001 (2506671.037.000) 11/17 00:32:34 Job executing on host: <192.168.1.48:9634>
...
006 (2506671.037.000) 11/17 00:32:42 Image size of job updated: 31184
	2  -  MemoryUsage of job (MB)
	1832  -  ResidentSetSize of job (KB)
...
006 (2506671.037.000) 11/17 00:32:55 Image size of job updated: 475488
	2  -  MemoryUsage of job (MB)
	1832  -  ResidentSetSize of job (KB)
...
005 (2506671.037.000) 11/17 00:32:56 Job terminated.
	(1) Normal termination (return value 0)
		Usr 0 00:00:06, Sys 0 00:00:00  -  Run Remote Usage
		Usr 0 00:00:00, Sys 0 00:00:00  -  Run Local Usage
		Usr 0 00:00:06, Sys 0 00:00:00  -  Total Remote Usage
		Usr 0 00:00:00, Sys 0 00:00:00  -  Total Local Usage
	0  -  Run Bytes Sent By Job
	0  -  Run Bytes Received By Job
	0  -  Total Bytes Sent By Job
	0  -  Total Bytes Received By Job
	Partitionable Resources :    Usage  Request Allocated
	   Cpus                 :                 1         1
	   Disk (KB)            :        1        1  28380777
	   Memory (MB)          :        2        1      4033
...
