000 (2482115.054.000) 11/07 14:47:36 Job submitted from host: <192.168.1.109:9714>
...
001 (2482115.054.000) 11/07 14:47:43 Job executing on host: <192.168.1.46:9845>
...
006 (2482115.054.000) 11/07 14:47:52 Image size of job updated: 177688
	28  -  MemoryUsage of job (MB)
	28528  -  ResidentSetSize of job (KB)
...
006 (2482115.054.000) 11/07 14:48:01 Image size of job updated: 465076
	28  -  MemoryUsage of job (MB)
	28528  -  ResidentSetSize of job (KB)
...
005 (2482115.054.000) 11/07 14:48:01 Job terminated.
	(1) Normal termination (return value 0)
		Usr 0 00:00:04, Sys 0 00:00:00  -  Run Remote Usage
		Usr 0 00:00:00, Sys 0 00:00:00  -  Run Local Usage
		Usr 0 00:00:04, Sys 0 00:00:00  -  Total Remote Usage
		Usr 0 00:00:00, Sys 0 00:00:00  -  Total Local Usage
	0  -  Run Bytes Sent By Job
	0  -  Run Bytes Received By Job
	0  -  Total Bytes Sent By Job
	0  -  Total Bytes Received By Job
	Partitionable Resources :    Usage  Request Allocated
	   Cpus                 :                 1         1
	   Disk (KB)            :        1        1   2371519
	   Memory (MB)          :       28        1      4035
...
