000 (2492274.054.000) 11/08 21:22:00 Job submitted from host: <192.168.1.109:9714>
...
001 (2492274.054.000) 11/08 21:22:29 Job executing on host: <192.168.1.51:9694>
...
006 (2492274.054.000) 11/08 21:22:37 Image size of job updated: 1
	3  -  MemoryUsage of job (MB)
	2108  -  ResidentSetSize of job (KB)
...
006 (2492274.054.000) 11/08 21:27:37 Image size of job updated: 961144
	365  -  MemoryUsage of job (MB)
	372944  -  ResidentSetSize of job (KB)
...
006 (2492274.054.000) 11/08 21:32:37 Image size of job updated: 1068252
	521  -  MemoryUsage of job (MB)
	532924  -  ResidentSetSize of job (KB)
...
006 (2492274.054.000) 11/08 21:37:38 Image size of job updated: 1068252
	521  -  MemoryUsage of job (MB)
	532972  -  ResidentSetSize of job (KB)
...
006 (2492274.054.000) 11/08 21:42:38 Image size of job updated: 1068252
	521  -  MemoryUsage of job (MB)
	533144  -  ResidentSetSize of job (KB)
...
006 (2492274.054.000) 11/08 21:47:38 Image size of job updated: 1068252
	521  -  MemoryUsage of job (MB)
	533180  -  ResidentSetSize of job (KB)
...
005 (2492274.054.000) 11/08 21:50:58 Job terminated.
	(1) Normal termination (return value 0)
		Usr 0 00:03:24, Sys 0 00:00:11  -  Run Remote Usage
		Usr 0 00:00:00, Sys 0 00:00:00  -  Run Local Usage
		Usr 0 00:03:24, Sys 0 00:00:11  -  Total Remote Usage
		Usr 0 00:00:00, Sys 0 00:00:00  -  Total Local Usage
	0  -  Run Bytes Sent By Job
	0  -  Run Bytes Received By Job
	0  -  Total Bytes Sent By Job
	0  -  Total Bytes Received By Job
	Partitionable Resources :    Usage  Request Allocated
	   Cpus                 :                 1         1
	   Disk (KB)            :        1        1  28379013
	   Memory (MB)          :      521        1      4033
...
