000 (2493183.066.000) 11/09 00:44:14 Job submitted from host: <192.168.1.109:9714>
...
001 (2493183.066.000) 11/09 00:44:24 Job executing on host: <192.168.1.66:9620>
...
006 (2493183.066.000) 11/09 00:44:32 Image size of job updated: 182200
	3  -  MemoryUsage of job (MB)
	2532  -  ResidentSetSize of job (KB)
...
006 (2493183.066.000) 11/09 00:49:32 Image size of job updated: 1056740
	505  -  MemoryUsage of job (MB)
	516368  -  ResidentSetSize of job (KB)
...
006 (2493183.066.000) 11/09 00:54:32 Image size of job updated: 1056740
	505  -  MemoryUsage of job (MB)
	516920  -  ResidentSetSize of job (KB)
...
006 (2493183.066.000) 11/09 00:59:33 Image size of job updated: 1056740
	505  -  MemoryUsage of job (MB)
	517032  -  ResidentSetSize of job (KB)
...
005 (2493183.066.000) 11/09 01:02:11 Job terminated.
	(1) Normal termination (return value 0)
		Usr 0 00:05:01, Sys 0 00:00:12  -  Run Remote Usage
		Usr 0 00:00:00, Sys 0 00:00:00  -  Run Local Usage
		Usr 0 00:05:01, Sys 0 00:00:12  -  Total Remote Usage
		Usr 0 00:00:00, Sys 0 00:00:00  -  Total Local Usage
	0  -  Run Bytes Sent By Job
	0  -  Run Bytes Received By Job
	0  -  Total Bytes Sent By Job
	0  -  Total Bytes Received By Job
	Partitionable Resources :    Usage  Request Allocated
	   Cpus                 :                 1         1
	   Disk (KB)            :        1        1  19561971
	   Memory (MB)          :      505        1      4033
...
