000 (2504806.054.000) 11/16 01:28:52 Job submitted from host: <192.168.1.109:9714>
...
001 (2504806.054.000) 11/16 01:29:05 Job executing on host: <192.168.1.49:9578>
...
006 (2504806.054.000) 11/16 01:29:14 Image size of job updated: 343024
	63  -  MemoryUsage of job (MB)
	64084  -  ResidentSetSize of job (KB)
...
005 (2504806.054.000) 11/16 01:29:18 Job terminated.
	(1) Normal termination (return value 0)
		Usr 0 00:00:00, Sys 0 00:00:00  -  Run Remote Usage
		Usr 0 00:00:00, Sys 0 00:00:00  -  Run Local Usage
		Usr 0 00:00:00, Sys 0 00:00:00  -  Total Remote Usage
		Usr 0 00:00:00, Sys 0 00:00:00  -  Total Local Usage
	0  -  Run Bytes Sent By Job
	0  -  Run Bytes Received By Job
	0  -  Total Bytes Sent By Job
	0  -  Total Bytes Received By Job
	Partitionable Resources :    Usage  Request Allocated
	   Cpus                 :                 1         1
	   Disk (KB)            :        1        1  28379370
	   Memory (MB)          :       63        1      4033
...
