000 (2504801.019.000) 11/16 00:30:11 Job submitted from host: <192.168.1.109:9714>
...
001 (2504801.019.000) 11/16 00:30:31 Job executing on host: <192.168.1.64:9697>
...
006 (2504801.019.000) 11/16 00:30:40 Image size of job updated: 32840
	3  -  MemoryUsage of job (MB)
	2620  -  ResidentSetSize of job (KB)
...
006 (2504801.019.000) 11/16 00:31:19 Image size of job updated: 475804
	3  -  MemoryUsage of job (MB)
	2620  -  ResidentSetSize of job (KB)
...
005 (2504801.019.000) 11/16 00:31:20 Job terminated.
	(1) Normal termination (return value 0)
		Usr 0 00:00:07, Sys 0 00:00:00  -  Run Remote Usage
		Usr 0 00:00:00, Sys 0 00:00:00  -  Run Local Usage
		Usr 0 00:00:07, Sys 0 00:00:00  -  Total Remote Usage
		Usr 0 00:00:00, Sys 0 00:00:00  -  Total Local Usage
	0  -  Run Bytes Sent By Job
	0  -  Run Bytes Received By Job
	0  -  Total Bytes Sent By Job
	0  -  Total Bytes Received By Job
	Partitionable Resources :    Usage  Request Allocated
	   Cpus                 :                 1         1
	   Disk (KB)            :        1        1  19565016
	   Memory (MB)          :        3        1      4033
...
