000 (2485756.020.000) 11/07 21:19:44 Job submitted from host: <192.168.1.109:9714>
...
001 (2485756.020.000) 11/07 21:21:20 Job executing on host: <192.168.1.43:9998>
...
006 (2485756.020.000) 11/07 21:21:28 Image size of job updated: 456724
	136  -  MemoryUsage of job (MB)
	138720  -  ResidentSetSize of job (KB)
...
006 (2485756.020.000) 11/07 21:21:34 Image size of job updated: 481748
	136  -  MemoryUsage of job (MB)
	138720  -  ResidentSetSize of job (KB)
...
005 (2485756.020.000) 11/07 21:21:35 Job terminated.
	(1) Normal termination (return value 0)
		Usr 0 00:00:07, Sys 0 00:00:01  -  Run Remote Usage
		Usr 0 00:00:00, Sys 0 00:00:00  -  Run Local Usage
		Usr 0 00:00:07, Sys 0 00:00:01  -  Total Remote Usage
		Usr 0 00:00:00, Sys 0 00:00:00  -  Total Local Usage
	0  -  Run Bytes Sent By Job
	0  -  Run Bytes Received By Job
	0  -  Total Bytes Sent By Job
	0  -  Total Bytes Received By Job
	Partitionable Resources :    Usage  Request Allocated
	   Cpus                 :                 1         1
	   Disk (KB)            :        1        1   2365751
	   Memory (MB)          :      136        1      4035
...
