000 (2524735.027.000) 11/21 01:52:16 Job submitted from host: <192.168.1.109:9714>
...
001 (2524735.027.000) 11/21 02:05:32 Job executing on host: <192.168.1.46:9845>
...
006 (2524735.027.000) 11/21 02:05:40 Image size of job updated: 431944
	94  -  MemoryUsage of job (MB)
	95480  -  ResidentSetSize of job (KB)
...
005 (2524735.027.000) 11/21 02:05:45 Job terminated.
	(1) Normal termination (return value 0)
		Usr 0 00:00:01, Sys 0 00:00:00  -  Run Remote Usage
		Usr 0 00:00:00, Sys 0 00:00:00  -  Run Local Usage
		Usr 0 00:00:01, Sys 0 00:00:00  -  Total Remote Usage
		Usr 0 00:00:00, Sys 0 00:00:00  -  Total Local Usage
	0  -  Run Bytes Sent By Job
	0  -  Run Bytes Received By Job
	0  -  Total Bytes Sent By Job
	0  -  Total Bytes Received By Job
	Partitionable Resources :    Usage  Request Allocated
	   Cpus                 :                 1         1
	   Disk (KB)            :        1        1   2369796
	   Memory (MB)          :       94        1      4035
...
