000 (2485819.047.000) 11/07 22:35:28 Job submitted from host: <192.168.1.109:9714>
...
001 (2485819.047.000) 11/07 22:35:37 Job executing on host: <192.168.1.57:9618?addrs=192.168.1.57-9618+[--1]-9618&noUDP&sock=2389_8c3f_3>
...
006 (2485819.047.000) 11/07 22:35:46 Image size of job updated: 31216
	2  -  MemoryUsage of job (MB)
	1412  -  ResidentSetSize of job (KB)
...
006 (2485819.047.000) 11/07 22:36:30 Image size of job updated: 483632
	2  -  MemoryUsage of job (MB)
	1412  -  ResidentSetSize of job (KB)
...
005 (2485819.047.000) 11/07 22:36:30 Job terminated.
	(1) Normal termination (return value 0)
		Usr 0 00:00:33, Sys 0 00:00:02  -  Run Remote Usage
		Usr 0 00:00:00, Sys 0 00:00:00  -  Run Local Usage
		Usr 0 00:00:33, Sys 0 00:00:02  -  Total Remote Usage
		Usr 0 00:00:00, Sys 0 00:00:00  -  Total Local Usage
	0  -  Run Bytes Sent By Job
	0  -  Run Bytes Received By Job
	0  -  Total Bytes Sent By Job
	0  -  Total Bytes Received By Job
	Partitionable Resources :    Usage  Request Allocated
	   Cpus                 :                 1         1
	   Disk (KB)            :        1        1   1563560
	   Memory (MB)          :        2        1         1
...
