000 (2492235.002.000) 11/08 21:19:19 Job submitted from host: <192.168.1.109:9714>
...
001 (2492235.002.000) 11/08 21:19:37 Job executing on host: <192.168.1.46:9845>
...
006 (2492235.002.000) 11/08 21:19:47 Image size of job updated: 342388
	59  -  MemoryUsage of job (MB)
	59972  -  ResidentSetSize of job (KB)
...
006 (2492235.002.000) 11/08 21:20:56 Image size of job updated: 491756
	59  -  MemoryUsage of job (MB)
	59972  -  ResidentSetSize of job (KB)
...
005 (2492235.002.000) 11/08 21:20:56 Job terminated.
	(1) Normal termination (return value 0)
		Usr 0 00:00:20, Sys 0 00:00:01  -  Run Remote Usage
		Usr 0 00:00:00, Sys 0 00:00:00  -  Run Local Usage
		Usr 0 00:00:20, Sys 0 00:00:01  -  Total Remote Usage
		Usr 0 00:00:00, Sys 0 00:00:00  -  Total Local Usage
	0  -  Run Bytes Sent By Job
	0  -  Run Bytes Received By Job
	0  -  Total Bytes Sent By Job
	0  -  Total Bytes Received By Job
	Partitionable Resources :    Usage  Request Allocated
	   Cpus                 :                 1         1
	   Disk (KB)            :        1        1   2371780
	   Memory (MB)          :       59        1      4035
...
