000 (2492953.002.000) 11/08 23:57:37 Job submitted from host: <192.168.1.109:9714>
...
001 (2492953.002.000) 11/08 23:58:05 Job executing on host: <192.168.1.62:9618?addrs=192.168.1.62-9618+[--1]-9618&noUDP&sock=2400_17ca_3>
...
006 (2492953.002.000) 11/08 23:58:13 Image size of job updated: 438432
	112  -  MemoryUsage of job (MB)
	114012  -  ResidentSetSize of job (KB)
...
005 (2492953.002.000) 11/08 23:58:13 Job terminated.
	(1) Normal termination (return value 6)
		Usr 0 00:00:02, Sys 0 00:00:00  -  Run Remote Usage
		Usr 0 00:00:00, Sys 0 00:00:00  -  Run Local Usage
		Usr 0 00:00:02, Sys 0 00:00:00  -  Total Remote Usage
		Usr 0 00:00:00, Sys 0 00:00:00  -  Total Local Usage
	0  -  Run Bytes Sent By Job
	0  -  Run Bytes Received By Job
	0  -  Total Bytes Sent By Job
	0  -  Total Bytes Received By Job
	Partitionable Resources :    Usage  Request Allocated
	   Cpus                 :                 1         1
	   Disk (KB)            :        1        1   1563256
	   Memory (MB)          :      112        1         1
...
