000 (2504802.002.000) 11/16 00:58:48 Job submitted from host: <192.168.1.109:9714>
...
001 (2504802.002.000) 11/16 00:59:10 Job executing on host: <192.168.1.45:9392>
...
006 (2504802.002.000) 11/16 00:59:19 Image size of job updated: 97668
	3  -  MemoryUsage of job (MB)
	2700  -  ResidentSetSize of job (KB)
...
006 (2504802.002.000) 11/16 00:59:59 Image size of job updated: 476372
	3  -  MemoryUsage of job (MB)
	2700  -  ResidentSetSize of job (KB)
...
005 (2504802.002.000) 11/16 00:59:59 Job terminated.
	(1) Normal termination (return value 0)
		Usr 0 00:00:10, Sys 0 00:00:00  -  Run Remote Usage
		Usr 0 00:00:00, Sys 0 00:00:00  -  Run Local Usage
		Usr 0 00:00:10, Sys 0 00:00:00  -  Total Remote Usage
		Usr 0 00:00:00, Sys 0 00:00:00  -  Total Local Usage
	0  -  Run Bytes Sent By Job
	0  -  Run Bytes Received By Job
	0  -  Total Bytes Sent By Job
	0  -  Total Bytes Received By Job
	Partitionable Resources :    Usage  Request Allocated
	   Cpus                 :                 1         1
	   Disk (KB)            :        1        1   2371120
	   Memory (MB)          :        3        1      4035
...
