000 (2492235.027.000) 11/08 21:19:19 Job submitted from host: <192.168.1.109:9714>
...
001 (2492235.027.000) 11/08 21:20:00 Job executing on host: <192.168.1.50:9434>
...
006 (2492235.027.000) 11/08 21:20:09 Image size of job updated: 97468
	2  -  MemoryUsage of job (MB)
	1688  -  ResidentSetSize of job (KB)
...
006 (2492235.027.000) 11/08 21:25:09 Image size of job updated: 1034524
	417  -  MemoryUsage of job (MB)
	426556  -  ResidentSetSize of job (KB)
...
006 (2492235.027.000) 11/08 21:30:10 Image size of job updated: 1034524
	418  -  MemoryUsage of job (MB)
	427812  -  ResidentSetSize of job (KB)
...
006 (2492235.027.000) 11/08 21:35:10 Image size of job updated: 1034524
	420  -  MemoryUsage of job (MB)
	429216  -  ResidentSetSize of job (KB)
...
006 (2492235.027.000) 11/08 21:40:10 Image size of job updated: 1034524
	548  -  MemoryUsage of job (MB)
	560352  -  ResidentSetSize of job (KB)
...
006 (2492235.027.000) 11/08 21:45:11 Image size of job updated: 1034524
	548  -  MemoryUsage of job (MB)
	560756  -  ResidentSetSize of job (KB)
...
006 (2492235.027.000) 11/08 21:50:12 Image size of job updated: 1034524
	548  -  MemoryUsage of job (MB)
	560828  -  ResidentSetSize of job (KB)
...
006 (2492235.027.000) 11/08 21:55:12 Image size of job updated: 1034524
	548  -  MemoryUsage of job (MB)
	560916  -  ResidentSetSize of job (KB)
...
006 (2492235.027.000) 11/08 22:00:13 Image size of job updated: 1034524
	548  -  MemoryUsage of job (MB)
	561000  -  ResidentSetSize of job (KB)
...
006 (2492235.027.000) 11/08 22:05:14 Image size of job updated: 1034524
	548  -  MemoryUsage of job (MB)
	561132  -  ResidentSetSize of job (KB)
...
006 (2492235.027.000) 11/08 22:10:14 Image size of job updated: 1034524
	549  -  MemoryUsage of job (MB)
	561360  -  ResidentSetSize of job (KB)
...
006 (2492235.027.000) 11/08 22:15:15 Image size of job updated: 1034524
	549  -  MemoryUsage of job (MB)
	561364  -  ResidentSetSize of job (KB)
...
005 (2492235.027.000) 11/08 22:17:55 Job terminated.
	(1) Normal termination (return value 0)
		Usr 0 00:11:06, Sys 0 00:00:42  -  Run Remote Usage
		Usr 0 00:00:00, Sys 0 00:00:00  -  Run Local Usage
		Usr 0 00:11:06, Sys 0 00:00:42  -  Total Remote Usage
		Usr 0 00:00:00, Sys 0 00:00:00  -  Total Local Usage
	0  -  Run Bytes Sent By Job
	0  -  Run Bytes Received By Job
	0  -  Total Bytes Sent By Job
	0  -  Total Bytes Received By Job
	Partitionable Resources :    Usage  Request Allocated
	   Cpus                 :                 1         1
	   Disk (KB)            :        1        1  28379734
	   Memory (MB)          :      549        1      4033
...
