000 (2504800.015.000) 11/16 00:22:23 Job submitted from host: <192.168.1.109:9714>
...
001 (2504800.015.000) 11/16 00:22:31 Job executing on host: <192.168.1.48:9634>
...
006 (2504800.015.000) 11/16 00:22:40 Image size of job updated: 360568
	61  -  MemoryUsage of job (MB)
	62004  -  ResidentSetSize of job (KB)
...
006 (2504800.015.000) 11/16 00:22:46 Image size of job updated: 476152
	61  -  MemoryUsage of job (MB)
	62004  -  ResidentSetSize of job (KB)
...
005 (2504800.015.000) 11/16 00:22:46 Job terminated.
	(1) Normal termination (return value 0)
		Usr 0 00:00:08, Sys 0 00:00:00  -  Run Remote Usage
		Usr 0 00:00:00, Sys 0 00:00:00  -  Run Local Usage
		Usr 0 00:00:08, Sys 0 00:00:00  -  Total Remote Usage
		Usr 0 00:00:00, Sys 0 00:00:00  -  Total Local Usage
	0  -  Run Bytes Sent By Job
	0  -  Run Bytes Received By Job
	0  -  Total Bytes Sent By Job
	0  -  Total Bytes Received By Job
	Partitionable Resources :    Usage  Request Allocated
	   Cpus                 :                 1         1
	   Disk (KB)            :        1        1  28380775
	   Memory (MB)          :       61        1      4033
...
