000 (2526458.111.000) 11/21 12:05:34 Job submitted from host: <192.168.1.109:9714>
...
001 (2526458.111.000) 11/21 12:05:46 Job executing on host: <192.168.1.42:9515>
...
006 (2526458.111.000) 11/21 12:05:55 Image size of job updated: 97664
	2  -  MemoryUsage of job (MB)
	2016  -  ResidentSetSize of job (KB)
...
006 (2526458.111.000) 11/21 12:09:50 Image size of job updated: 931320
	2  -  MemoryUsage of job (MB)
	2016  -  ResidentSetSize of job (KB)
...
005 (2526458.111.000) 11/21 12:09:50 Job terminated.
	(1) Normal termination (return value 0)
		Usr 0 00:00:49, Sys 0 00:00:11  -  Run Remote Usage
		Usr 0 00:00:00, Sys 0 00:00:00  -  Run Local Usage
		Usr 0 00:00:49, Sys 0 00:00:11  -  Total Remote Usage
		Usr 0 00:00:00, Sys 0 00:00:00  -  Total Local Usage
	0  -  Run Bytes Sent By Job
	0  -  Run Bytes Received By Job
	0  -  Total Bytes Sent By Job
	0  -  Total Bytes Received By Job
	Partitionable Resources :    Usage  Request Allocated
	   Cpus                 :                 1         1
	   Disk (KB)            :        1        1   2371142
	   Memory (MB)          :        2        1      4035
...
