000 (2464979.083.000) 11/02 16:50:21 Job submitted from host: <192.168.1.109:9308>
...
001 (2464979.083.000) 11/02 16:50:39 Job executing on host: <192.168.1.47:9634>
...
006 (2464979.083.000) 11/02 16:50:47 Image size of job updated: 66704
	3  -  MemoryUsage of job (MB)
	2616  -  ResidentSetSize of job (KB)
...
006 (2464979.083.000) 11/02 16:55:47 Image size of job updated: 910172
	366  -  MemoryUsage of job (MB)
	373904  -  ResidentSetSize of job (KB)
...
005 (2464979.083.000) 11/02 16:59:00 Job terminated.
	(1) Normal termination (return value 0)
		Usr 0 00:05:31, Sys 0 00:00:18  -  Run Remote Usage
		Usr 0 00:00:00, Sys 0 00:00:00  -  Run Local Usage
		Usr 0 00:05:31, Sys 0 00:00:18  -  Total Remote Usage
		Usr 0 00:00:00, Sys 0 00:00:00  -  Total Local Usage
	0  -  Run Bytes Sent By Job
	0  -  Run Bytes Received By Job
	0  -  Total Bytes Sent By Job
	0  -  Total Bytes Received By Job
	Partitionable Resources :    Usage  Request Allocated
	   Cpus                 :                 1         1
	   Disk (KB)            :        1        1  28380473
	   Memory (MB)          :      366        1      4033
...
