000 (2492234.083.000) 11/08 21:18:50 Job submitted from host: <192.168.1.109:9714>
...
001 (2492234.083.000) 11/08 21:19:40 Job executing on host: <192.168.1.42:9515>
...
006 (2492234.083.000) 11/08 21:19:50 Image size of job updated: 181532
	3  -  MemoryUsage of job (MB)
	2624  -  ResidentSetSize of job (KB)
...
006 (2492234.083.000) 11/08 21:24:51 Image size of job updated: 916880
	354  -  MemoryUsage of job (MB)
	362000  -  ResidentSetSize of job (KB)
...
006 (2492234.083.000) 11/08 21:29:51 Image size of job updated: 916880
	355  -  MemoryUsage of job (MB)
	362836  -  ResidentSetSize of job (KB)
...
006 (2492234.083.000) 11/08 21:34:52 Image size of job updated: 916880
	470  -  MemoryUsage of job (MB)
	481048  -  ResidentSetSize of job (KB)
...
006 (2492234.083.000) 11/08 21:39:52 Image size of job updated: 916880
	471  -  MemoryUsage of job (MB)
	481828  -  ResidentSetSize of job (KB)
...
006 (2492234.083.000) 11/08 21:44:53 Image size of job updated: 916880
	471  -  MemoryUsage of job (MB)
	481932  -  ResidentSetSize of job (KB)
...
006 (2492234.083.000) 11/08 21:49:54 Image size of job updated: 916880
	471  -  MemoryUsage of job (MB)
	482012  -  ResidentSetSize of job (KB)
...
006 (2492234.083.000) 11/08 21:54:54 Image size of job updated: 916880
	471  -  MemoryUsage of job (MB)
	482084  -  ResidentSetSize of job (KB)
...
006 (2492234.083.000) 11/08 21:59:55 Image size of job updated: 916880
	471  -  MemoryUsage of job (MB)
	482096  -  ResidentSetSize of job (KB)
...
005 (2492234.083.000) 11/08 22:08:45 Job terminated.
	(1) Normal termination (return value 0)
		Usr 0 00:07:14, Sys 0 00:00:32  -  Run Remote Usage
		Usr 0 00:00:00, Sys 0 00:00:00  -  Run Local Usage
		Usr 0 00:07:14, Sys 0 00:00:32  -  Total Remote Usage
		Usr 0 00:00:00, Sys 0 00:00:00  -  Total Local Usage
	0  -  Run Bytes Sent By Job
	0  -  Run Bytes Received By Job
	0  -  Total Bytes Sent By Job
	0  -  Total Bytes Received By Job
	Partitionable Resources :    Usage  Request Allocated
	   Cpus                 :                 1         1
	   Disk (KB)            :        1        1   2370652
	   Memory (MB)          :      471        1      4035
...
