000 (2493172.083.000) 11/09 00:41:41 Job submitted from host: <192.168.1.109:9714>
...
001 (2493172.083.000) 11/09 00:41:54 Job executing on host: <192.168.1.67:9583>
...
006 (2493172.083.000) 11/09 00:42:03 Image size of job updated: 438600
	104  -  MemoryUsage of job (MB)
	105852  -  ResidentSetSize of job (KB)
...
006 (2493172.083.000) 11/09 00:47:03 Image size of job updated: 965460
	382  -  MemoryUsage of job (MB)
	390728  -  ResidentSetSize of job (KB)
...
006 (2493172.083.000) 11/09 00:52:03 Image size of job updated: 965460
	382  -  MemoryUsage of job (MB)
	390764  -  ResidentSetSize of job (KB)
...
006 (2493172.083.000) 11/09 00:57:04 Image size of job updated: 965460
	423  -  MemoryUsage of job (MB)
	432304  -  ResidentSetSize of job (KB)
...
006 (2493172.083.000) 11/09 01:02:04 Image size of job updated: 965460
	477  -  MemoryUsage of job (MB)
	487444  -  ResidentSetSize of job (KB)
...
006 (2493172.083.000) 11/09 01:07:04 Image size of job updated: 965460
	477  -  MemoryUsage of job (MB)
	487456  -  ResidentSetSize of job (KB)
...
005 (2493172.083.000) 11/09 01:08:17 Job terminated.
	(1) Normal termination (return value 0)
		Usr 0 00:08:06, Sys 0 00:00:28  -  Run Remote Usage
		Usr 0 00:00:00, Sys 0 00:00:00  -  Run Local Usage
		Usr 0 00:08:06, Sys 0 00:00:28  -  Total Remote Usage
		Usr 0 00:00:00, Sys 0 00:00:00  -  Total Local Usage
	0  -  Run Bytes Sent By Job
	0  -  Run Bytes Received By Job
	0  -  Total Bytes Sent By Job
	0  -  Total Bytes Received By Job
	Partitionable Resources :    Usage  Request Allocated
	   Cpus                 :                 1         1
	   Disk (KB)            :        1        1  19562907
	   Memory (MB)          :      477        1      4033
...
