000 (2504801.083.000) 11/16 00:30:12 Job submitted from host: <192.168.1.109:9714>
...
001 (2504801.083.000) 11/16 00:30:35 Job executing on host: <192.168.1.68:9996>
...
006 (2504801.083.000) 11/16 00:30:43 Image size of job updated: 78716
	2  -  MemoryUsage of job (MB)
	1836  -  ResidentSetSize of job (KB)
...
006 (2504801.083.000) 11/16 00:35:43 Image size of job updated: 958552
	455  -  MemoryUsage of job (MB)
	465740  -  ResidentSetSize of job (KB)
...
006 (2504801.083.000) 11/16 00:40:43 Image size of job updated: 958552
	455  -  MemoryUsage of job (MB)
	465812  -  ResidentSetSize of job (KB)
...
005 (2504801.083.000) 11/16 00:43:50 Job terminated.
	(1) Normal termination (return value 0)
		Usr 0 00:10:23, Sys 0 00:00:42  -  Run Remote Usage
		Usr 0 00:00:00, Sys 0 00:00:00  -  Run Local Usage
		Usr 0 00:10:23, Sys 0 00:00:42  -  Total Remote Usage
		Usr 0 00:00:00, Sys 0 00:00:00  -  Total Local Usage
	0  -  Run Bytes Sent By Job
	0  -  Run Bytes Received By Job
	0  -  Total Bytes Sent By Job
	0  -  Total Bytes Received By Job
	Partitionable Resources :    Usage  Request Allocated
	   Cpus                 :                 1         1
	   Disk (KB)            :        1        1  20250693
	   Memory (MB)          :      455        1      4038
...
