000 (2492234.078.000) 11/08 21:18:50 Job submitted from host: <192.168.1.109:9714>
...
001 (2492234.078.000) 11/08 21:20:04 Job executing on host: <192.168.1.43:9998>
...
006 (2492234.078.000) 11/08 21:20:17 Image size of job updated: 181848
	2  -  MemoryUsage of job (MB)
	1580  -  ResidentSetSize of job (KB)
...
006 (2492234.078.000) 11/08 21:21:23 Image size of job updated: 490604
	2  -  MemoryUsage of job (MB)
	1580  -  ResidentSetSize of job (KB)
...
005 (2492234.078.000) 11/08 21:21:24 Job terminated.
	(1) Normal termination (return value 0)
		Usr 0 00:00:08, Sys 0 00:00:00  -  Run Remote Usage
		Usr 0 00:00:00, Sys 0 00:00:00  -  Run Local Usage
		Usr 0 00:00:08, Sys 0 00:00:00  -  Total Remote Usage
		Usr 0 00:00:00, Sys 0 00:00:00  -  Total Local Usage
	0  -  Run Bytes Sent By Job
	0  -  Run Bytes Received By Job
	0  -  Total Bytes Sent By Job
	0  -  Total Bytes Received By Job
	Partitionable Resources :    Usage  Request Allocated
	   Cpus                 :                 1         1
	   Disk (KB)            :        1        1   2370308
	   Memory (MB)          :        2        1      4035
...
