000 (2497409.012.000) 11/09 15:27:51 Job submitted from host: <192.168.1.109:9714>
...
001 (2497409.012.000) 11/09 15:28:13 Job executing on host: <192.168.1.50:9434>
...
006 (2497409.012.000) 11/09 15:28:23 Image size of job updated: 1
	3  -  MemoryUsage of job (MB)
	2112  -  ResidentSetSize of job (KB)
...
006 (2497409.012.000) 11/09 15:33:23 Image size of job updated: 985216
	479  -  MemoryUsage of job (MB)
	490332  -  ResidentSetSize of job (KB)
...
006 (2497409.012.000) 11/09 15:43:24 Image size of job updated: 985216
	584  -  MemoryUsage of job (MB)
	597244  -  ResidentSetSize of job (KB)
...
006 (2497409.012.000) 11/09 15:53:25 Image size of job updated: 985216
	584  -  MemoryUsage of job (MB)
	597248  -  ResidentSetSize of job (KB)
...
006 (2497409.012.000) 11/09 16:03:27 Image size of job updated: 985216
	584  -  MemoryUsage of job (MB)
	597332  -  ResidentSetSize of job (KB)
...
006 (2497409.012.000) 11/09 16:58:31 Image size of job updated: 985216
	584  -  MemoryUsage of job (MB)
	597364  -  ResidentSetSize of job (KB)
...
006 (2497409.012.000) 11/09 17:03:32 Image size of job updated: 985216
	584  -  MemoryUsage of job (MB)
	597372  -  ResidentSetSize of job (KB)
...
005 (2497409.012.000) 11/09 17:04:05 Job terminated.
	(1) Normal termination (return value 0)
		Usr 0 00:48:29, Sys 0 00:02:59  -  Run Remote Usage
		Usr 0 00:00:00, Sys 0 00:00:00  -  Run Local Usage
		Usr 0 00:48:29, Sys 0 00:02:59  -  Total Remote Usage
		Usr 0 00:00:00, Sys 0 00:00:00  -  Total Local Usage
	0  -  Run Bytes Sent By Job
	0  -  Run Bytes Received By Job
	0  -  Total Bytes Sent By Job
	0  -  Total Bytes Received By Job
	Partitionable Resources :    Usage  Request Allocated
	   Cpus                 :                 1         1
	   Disk (KB)            :        1        1  28380212
	   Memory (MB)          :      584        1      4033
...
