000 (2511949.092.000) 11/17 23:24:51 Job submitted from host: <192.168.1.109:9714>
...
001 (2511949.092.000) 11/17 23:30:42 Job executing on host: <192.168.1.50:9434>
...
006 (2511949.092.000) 11/17 23:30:51 Image size of job updated: 431828
	93  -  MemoryUsage of job (MB)
	94224  -  ResidentSetSize of job (KB)
...
006 (2511949.092.000) 11/17 23:30:55 Image size of job updated: 457108
	93  -  MemoryUsage of job (MB)
	94224  -  ResidentSetSize of job (KB)
...
005 (2511949.092.000) 11/17 23:30:55 Job terminated.
	(1) Normal termination (return value 0)
		Usr 0 00:00:06, Sys 0 00:00:00  -  Run Remote Usage
		Usr 0 00:00:00, Sys 0 00:00:00  -  Run Local Usage
		Usr 0 00:00:06, Sys 0 00:00:00  -  Total Remote Usage
		Usr 0 00:00:00, Sys 0 00:00:00  -  Total Local Usage
	0  -  Run Bytes Sent By Job
	0  -  Run Bytes Received By Job
	0  -  Total Bytes Sent By Job
	0  -  Total Bytes Received By Job
	Partitionable Resources :    Usage  Request Allocated
	   Cpus                 :                 1         1
	   Disk (KB)            :        1        1  28378890
	   Memory (MB)          :       93        1      4033
...
