000 (2524735.092.000) 11/21 01:52:17 Job submitted from host: <192.168.1.109:9714>
...
001 (2524735.092.000) 11/21 02:15:42 Job executing on host: <192.168.1.66:9620>
...
006 (2524735.092.000) 11/21 02:15:50 Image size of job updated: 439304
	115  -  MemoryUsage of job (MB)
	116756  -  ResidentSetSize of job (KB)
...
005 (2524735.092.000) 11/21 02:15:55 Job terminated.
	(1) Normal termination (return value 0)
		Usr 0 00:00:03, Sys 0 00:00:00  -  Run Remote Usage
		Usr 0 00:00:00, Sys 0 00:00:00  -  Run Local Usage
		Usr 0 00:00:03, Sys 0 00:00:00  -  Total Remote Usage
		Usr 0 00:00:00, Sys 0 00:00:00  -  Total Local Usage
	0  -  Run Bytes Sent By Job
	0  -  Run Bytes Received By Job
	0  -  Total Bytes Sent By Job
	0  -  Total Bytes Received By Job
	Partitionable Resources :    Usage  Request Allocated
	   Cpus                 :                 1         1
	   Disk (KB)            :        1        1  19562086
	   Memory (MB)          :      115        1      4033
...
