000 (2492235.060.000) 11/08 21:19:20 Job submitted from host: <192.168.1.109:9714>
...
001 (2492235.060.000) 11/08 21:20:12 Job executing on host: <192.168.1.44:9507>
...
006 (2492235.060.000) 11/08 21:20:21 Image size of job updated: 97664
	3  -  MemoryUsage of job (MB)
	2556  -  ResidentSetSize of job (KB)
...
006 (2492235.060.000) 11/08 21:25:22 Image size of job updated: 1065460
	517  -  MemoryUsage of job (MB)
	528592  -  ResidentSetSize of job (KB)
...
006 (2492235.060.000) 11/08 21:30:22 Image size of job updated: 1065460
	517  -  MemoryUsage of job (MB)
	529244  -  ResidentSetSize of job (KB)
...
006 (2492235.060.000) 11/08 21:35:23 Image size of job updated: 1065460
	518  -  MemoryUsage of job (MB)
	530032  -  ResidentSetSize of job (KB)
...
006 (2492235.060.000) 11/08 21:40:23 Image size of job updated: 1065460
	518  -  MemoryUsage of job (MB)
	530044  -  ResidentSetSize of job (KB)
...
006 (2492235.060.000) 11/08 21:45:25 Image size of job updated: 1065460
	518  -  MemoryUsage of job (MB)
	530124  -  ResidentSetSize of job (KB)
...
006 (2492235.060.000) 11/08 21:50:25 Image size of job updated: 1065460
	518  -  MemoryUsage of job (MB)
	530364  -  ResidentSetSize of job (KB)
...
006 (2492235.060.000) 11/08 21:55:25 Image size of job updated: 1065460
	518  -  MemoryUsage of job (MB)
	530396  -  ResidentSetSize of job (KB)
...
006 (2492235.060.000) 11/08 22:00:27 Image size of job updated: 1065460
	518  -  MemoryUsage of job (MB)
	530432  -  ResidentSetSize of job (KB)
...
006 (2492235.060.000) 11/08 22:05:27 Image size of job updated: 1065460
	519  -  MemoryUsage of job (MB)
	530472  -  ResidentSetSize of job (KB)
...
006 (2492235.060.000) 11/08 22:10:28 Image size of job updated: 1065460
	519  -  MemoryUsage of job (MB)
	530496  -  ResidentSetSize of job (KB)
...
006 (2492235.060.000) 11/08 22:15:29 Image size of job updated: 1065460
	519  -  MemoryUsage of job (MB)
	530528  -  ResidentSetSize of job (KB)
...
006 (2492235.060.000) 11/08 22:20:29 Image size of job updated: 1065460
	519  -  MemoryUsage of job (MB)
	530608  -  ResidentSetSize of job (KB)
...
006 (2492235.060.000) 11/08 22:25:29 Image size of job updated: 1065460
	519  -  MemoryUsage of job (MB)
	530616  -  ResidentSetSize of job (KB)
...
006 (2492235.060.000) 11/08 22:30:30 Image size of job updated: 1065460
	519  -  MemoryUsage of job (MB)
	530624  -  ResidentSetSize of job (KB)
...
006 (2492235.060.000) 11/08 22:35:30 Image size of job updated: 1065460
	567  -  MemoryUsage of job (MB)
	579972  -  ResidentSetSize of job (KB)
...
006 (2492235.060.000) 11/08 22:40:31 Image size of job updated: 1065460
	631  -  MemoryUsage of job (MB)
	646080  -  ResidentSetSize of job (KB)
...
006 (2492235.060.000) 11/08 22:45:32 Image size of job updated: 1065460
	631  -  MemoryUsage of job (MB)
	646096  -  ResidentSetSize of job (KB)
...
005 (2492235.060.000) 11/08 22:46:40 Job terminated.
	(1) Normal termination (return value 0)
		Usr 0 00:16:26, Sys 0 00:01:03  -  Run Remote Usage
		Usr 0 00:00:00, Sys 0 00:00:00  -  Run Local Usage
		Usr 0 00:16:26, Sys 0 00:01:03  -  Total Remote Usage
		Usr 0 00:00:00, Sys 0 00:00:00  -  Total Local Usage
	0  -  Run Bytes Sent By Job
	0  -  Run Bytes Received By Job
	0  -  Total Bytes Sent By Job
	0  -  Total Bytes Received By Job
	Partitionable Resources :    Usage  Request Allocated
	   Cpus                 :                 1         1
	   Disk (KB)            :        1        1   2369792
	   Memory (MB)          :      631        1      4035
...
