000 (2492274.048.000) 11/08 21:21:59 Job submitted from host: <192.168.1.109:9714>
...
001 (2492274.048.000) 11/08 21:22:36 Job executing on host: <192.168.1.42:9515>
...
006 (2492274.048.000) 11/08 21:22:46 Image size of job updated: 97660
	3  -  MemoryUsage of job (MB)
	2540  -  ResidentSetSize of job (KB)
...
006 (2492274.048.000) 11/08 21:27:45 Image size of job updated: 1065464
	516  -  MemoryUsage of job (MB)
	527564  -  ResidentSetSize of job (KB)
...
006 (2492274.048.000) 11/08 21:32:45 Image size of job updated: 1065464
	517  -  MemoryUsage of job (MB)
	529008  -  ResidentSetSize of job (KB)
...
006 (2492274.048.000) 11/08 21:37:45 Image size of job updated: 1065464
	517  -  MemoryUsage of job (MB)
	529020  -  ResidentSetSize of job (KB)
...
006 (2492274.048.000) 11/08 21:42:46 Image size of job updated: 1065464
	517  -  MemoryUsage of job (MB)
	529320  -  ResidentSetSize of job (KB)
...
006 (2492274.048.000) 11/08 21:47:46 Image size of job updated: 1065464
	517  -  MemoryUsage of job (MB)
	529368  -  ResidentSetSize of job (KB)
...
006 (2492274.048.000) 11/08 21:52:46 Image size of job updated: 1065464
	518  -  MemoryUsage of job (MB)
	529440  -  ResidentSetSize of job (KB)
...
006 (2492274.048.000) 11/08 21:57:47 Image size of job updated: 1065464
	518  -  MemoryUsage of job (MB)
	529464  -  ResidentSetSize of job (KB)
...
006 (2492274.048.000) 11/08 22:02:47 Image size of job updated: 1065464
	518  -  MemoryUsage of job (MB)
	529500  -  ResidentSetSize of job (KB)
...
006 (2492274.048.000) 11/08 22:07:48 Image size of job updated: 1065464
	518  -  MemoryUsage of job (MB)
	529580  -  ResidentSetSize of job (KB)
...
006 (2492274.048.000) 11/08 22:12:49 Image size of job updated: 1065464
	518  -  MemoryUsage of job (MB)
	529592  -  ResidentSetSize of job (KB)
...
006 (2492274.048.000) 11/08 22:17:49 Image size of job updated: 1065464
	518  -  MemoryUsage of job (MB)
	529600  -  ResidentSetSize of job (KB)
...
006 (2492274.048.000) 11/08 22:22:49 Image size of job updated: 1065464
	535  -  MemoryUsage of job (MB)
	547732  -  ResidentSetSize of job (KB)
...
006 (2492274.048.000) 11/08 22:27:50 Image size of job updated: 1065464
	608  -  MemoryUsage of job (MB)
	621804  -  ResidentSetSize of job (KB)
...
005 (2492274.048.000) 11/08 22:31:35 Job terminated.
	(1) Normal termination (return value 0)
		Usr 0 00:15:29, Sys 0 00:00:56  -  Run Remote Usage
		Usr 0 00:00:00, Sys 0 00:00:00  -  Run Local Usage
		Usr 0 00:15:29, Sys 0 00:00:56  -  Total Remote Usage
		Usr 0 00:00:00, Sys 0 00:00:00  -  Total Local Usage
	0  -  Run Bytes Sent By Job
	0  -  Run Bytes Received By Job
	0  -  Total Bytes Sent By Job
	0  -  Total Bytes Received By Job
	Partitionable Resources :    Usage  Request Allocated
	   Cpus                 :                 1         1
	   Disk (KB)            :        1        1   2370616
	   Memory (MB)          :      608        1      4035
...
