000 (2506671.060.000) 11/17 00:32:25 Job submitted from host: <192.168.1.109:9714>
...
001 (2506671.060.000) 11/17 00:32:35 Job executing on host: <192.168.1.68:9996>
...
006 (2506671.060.000) 11/17 00:32:44 Image size of job updated: 181652
	3  -  MemoryUsage of job (MB)
	2612  -  ResidentSetSize of job (KB)
...
006 (2506671.060.000) 11/17 00:33:08 Image size of job updated: 475412
	3  -  MemoryUsage of job (MB)
	2612  -  ResidentSetSize of job (KB)
...
005 (2506671.060.000) 11/17 00:33:09 Job terminated.
	(1) Normal termination (return value 0)
		Usr 0 00:00:12, Sys 0 00:00:02  -  Run Remote Usage
		Usr 0 00:00:00, Sys 0 00:00:00  -  Run Local Usage
		Usr 0 00:00:12, Sys 0 00:00:02  -  Total Remote Usage
		Usr 0 00:00:00, Sys 0 00:00:00  -  Total Local Usage
	0  -  Run Bytes Sent By Job
	0  -  Run Bytes Received By Job
	0  -  Total Bytes Sent By Job
	0  -  Total Bytes Received By Job
	Partitionable Resources :    Usage  Request Allocated
	   Cpus                 :                 1         1
	   Disk (KB)            :        1        1  20250703
	   Memory (MB)          :        3        1      4038
...
