000 (2497152.013.000) 11/09 15:03:04 Job submitted from host: <192.168.1.109:9714>
...
001 (2497152.013.000) 11/09 15:03:12 Job executing on host: <192.168.1.66:9620>
...
006 (2497152.013.000) 11/09 15:03:20 Image size of job updated: 360060
	71  -  MemoryUsage of job (MB)
	72692  -  ResidentSetSize of job (KB)
...
006 (2497152.013.000) 11/09 15:03:33 Image size of job updated: 491128
	71  -  MemoryUsage of job (MB)
	72692  -  ResidentSetSize of job (KB)
...
005 (2497152.013.000) 11/09 15:03:33 Job terminated.
	(1) Normal termination (return value 0)
		Usr 0 00:00:13, Sys 0 00:00:01  -  Run Remote Usage
		Usr 0 00:00:00, Sys 0 00:00:00  -  Run Local Usage
		Usr 0 00:00:13, Sys 0 00:00:01  -  Total Remote Usage
		Usr 0 00:00:00, Sys 0 00:00:00  -  Total Local Usage
	0  -  Run Bytes Sent By Job
	0  -  Run Bytes Received By Job
	0  -  Total Bytes Sent By Job
	0  -  Total Bytes Received By Job
	Partitionable Resources :    Usage  Request Allocated
	   Cpus                 :                 1         1
	   Disk (KB)            :        1        1  19564081
	   Memory (MB)          :       71        1      4033
...
