000 (2504800.013.000) 11/16 00:22:23 Job submitted from host: <192.168.1.109:9714>
...
001 (2504800.013.000) 11/16 00:22:32 Job executing on host: <192.168.1.64:9697>
...
006 (2504800.013.000) 11/16 00:22:41 Image size of job updated: 166340
	8  -  MemoryUsage of job (MB)
	8112  -  ResidentSetSize of job (KB)
...
006 (2504800.013.000) 11/16 00:23:04 Image size of job updated: 476176
	8  -  MemoryUsage of job (MB)
	8112  -  ResidentSetSize of job (KB)
...
005 (2504800.013.000) 11/16 00:23:05 Job terminated.
	(1) Normal termination (return value 0)
		Usr 0 00:00:10, Sys 0 00:00:00  -  Run Remote Usage
		Usr 0 00:00:00, Sys 0 00:00:00  -  Run Local Usage
		Usr 0 00:00:10, Sys 0 00:00:00  -  Total Remote Usage
		Usr 0 00:00:00, Sys 0 00:00:00  -  Total Local Usage
	0  -  Run Bytes Sent By Job
	0  -  Run Bytes Received By Job
	0  -  Total Bytes Sent By Job
	0  -  Total Bytes Received By Job
	Partitionable Resources :    Usage  Request Allocated
	   Cpus                 :                 1         1
	   Disk (KB)            :        1        1  19565024
	   Memory (MB)          :        8        1      4033
...
