000 (2492636.062.000) 11/08 22:47:39 Job submitted from host: <192.168.1.109:9714>
...
001 (2492636.062.000) 11/08 22:47:49 Job executing on host: <192.168.1.65:9393>
...
006 (2492636.062.000) 11/08 22:47:58 Image size of job updated: 181912
	32  -  MemoryUsage of job (MB)
	32232  -  ResidentSetSize of job (KB)
...
006 (2492636.062.000) 11/08 22:48:11 Image size of job updated: 490432
	32  -  MemoryUsage of job (MB)
	32232  -  ResidentSetSize of job (KB)
...
005 (2492636.062.000) 11/08 22:48:18 Job terminated.
	(1) Normal termination (return value 0)
		Usr 0 00:00:09, Sys 0 00:00:00  -  Run Remote Usage
		Usr 0 00:00:00, Sys 0 00:00:00  -  Run Local Usage
		Usr 0 00:00:09, Sys 0 00:00:00  -  Total Remote Usage
		Usr 0 00:00:00, Sys 0 00:00:00  -  Total Local Usage
	0  -  Run Bytes Sent By Job
	0  -  Run Bytes Received By Job
	0  -  Total Bytes Sent By Job
	0  -  Total Bytes Received By Job
	Partitionable Resources :    Usage  Request Allocated
	   Cpus                 :                 1         1
	   Disk (KB)            :        1        1  19563005
	   Memory (MB)          :       32        1      4033
...
