000 (2492234.049.000) 11/08 21:18:49 Job submitted from host: <192.168.1.109:9714>
...
001 (2492234.049.000) 11/08 21:19:24 Job executing on host: <192.168.1.49:9578>
...
006 (2492234.049.000) 11/08 21:19:33 Image size of job updated: 464820
	115  -  MemoryUsage of job (MB)
	116808  -  ResidentSetSize of job (KB)
...
006 (2492234.049.000) 11/08 21:19:44 Image size of job updated: 491232
	115  -  MemoryUsage of job (MB)
	116808  -  ResidentSetSize of job (KB)
...
005 (2492234.049.000) 11/08 21:19:44 Job terminated.
	(1) Normal termination (return value 0)
		Usr 0 00:00:08, Sys 0 00:00:00  -  Run Remote Usage
		Usr 0 00:00:00, Sys 0 00:00:00  -  Run Local Usage
		Usr 0 00:00:08, Sys 0 00:00:00  -  Total Remote Usage
		Usr 0 00:00:00, Sys 0 00:00:00  -  Total Local Usage
	0  -  Run Bytes Sent By Job
	0  -  Run Bytes Received By Job
	0  -  Total Bytes Sent By Job
	0  -  Total Bytes Received By Job
	Partitionable Resources :    Usage  Request Allocated
	   Cpus                 :                 1         1
	   Disk (KB)            :        1        1  28379741
	   Memory (MB)          :      115        1      4033
...
