000 (2491851.059.000) 11/08 20:36:47 Job submitted from host: <192.168.1.109:9714>
...
001 (2491851.059.000) 11/08 20:37:15 Job executing on host: <192.168.1.66:9620>
...
006 (2491851.059.000) 11/08 20:37:24 Image size of job updated: 340448
	35  -  MemoryUsage of job (MB)
	35004  -  ResidentSetSize of job (KB)
...
006 (2491851.059.000) 11/08 20:42:25 Image size of job updated: 1024084
	505  -  MemoryUsage of job (MB)
	516152  -  ResidentSetSize of job (KB)
...
006 (2491851.059.000) 11/08 21:17:29 Image size of job updated: 1024084
	557  -  MemoryUsage of job (MB)
	569664  -  ResidentSetSize of job (KB)
...
005 (2491851.059.000) 11/08 21:18:13 Job terminated.
	(1) Normal termination (return value 0)
		Usr 0 00:25:41, Sys 0 00:00:59  -  Run Remote Usage
		Usr 0 00:00:00, Sys 0 00:00:00  -  Run Local Usage
		Usr 0 00:25:41, Sys 0 00:00:59  -  Total Remote Usage
		Usr 0 00:00:00, Sys 0 00:00:00  -  Total Local Usage
	0  -  Run Bytes Sent By Job
	0  -  Run Bytes Received By Job
	0  -  Total Bytes Sent By Job
	0  -  Total Bytes Received By Job
	Partitionable Resources :    Usage  Request Allocated
	   Cpus                 :                 1         1
	   Disk (KB)            :        1        1  19563812
	   Memory (MB)          :      557        1      4033
...
