000 (2497410.059.000) 11/09 15:33:46 Job submitted from host: <192.168.1.109:9714>
...
001 (2497410.059.000) 11/09 15:34:10 Job executing on host: <192.168.1.42:9515>
...
006 (2497410.059.000) 11/09 15:34:19 Image size of job updated: 358620
	44  -  MemoryUsage of job (MB)
	44308  -  ResidentSetSize of job (KB)
...
006 (2497410.059.000) 11/09 15:39:19 Image size of job updated: 1046888
	493  -  MemoryUsage of job (MB)
	504360  -  ResidentSetSize of job (KB)
...
006 (2497410.059.000) 11/09 15:44:19 Image size of job updated: 1046888
	494  -  MemoryUsage of job (MB)
	505212  -  ResidentSetSize of job (KB)
...
006 (2497410.059.000) 11/09 15:49:20 Image size of job updated: 1046888
	494  -  MemoryUsage of job (MB)
	505512  -  ResidentSetSize of job (KB)
...
006 (2497410.059.000) 11/09 15:54:21 Image size of job updated: 1046888
	532  -  MemoryUsage of job (MB)
	544660  -  ResidentSetSize of job (KB)
...
006 (2497410.059.000) 11/09 15:59:21 Image size of job updated: 1046888
	607  -  MemoryUsage of job (MB)
	621248  -  ResidentSetSize of job (KB)
...
006 (2497410.059.000) 11/09 16:04:22 Image size of job updated: 1046888
	608  -  MemoryUsage of job (MB)
	621572  -  ResidentSetSize of job (KB)
...
006 (2497410.059.000) 11/09 16:09:23 Image size of job updated: 1046888
	608  -  MemoryUsage of job (MB)
	621660  -  ResidentSetSize of job (KB)
...
006 (2497410.059.000) 11/09 16:14:23 Image size of job updated: 1046888
	608  -  MemoryUsage of job (MB)
	621688  -  ResidentSetSize of job (KB)
...
006 (2497410.059.000) 11/09 16:19:23 Image size of job updated: 1046888
	608  -  MemoryUsage of job (MB)
	621708  -  ResidentSetSize of job (KB)
...
006 (2497410.059.000) 11/09 16:24:24 Image size of job updated: 1046888
	608  -  MemoryUsage of job (MB)
	621892  -  ResidentSetSize of job (KB)
...
006 (2497410.059.000) 11/09 16:29:24 Image size of job updated: 1046888
	608  -  MemoryUsage of job (MB)
	621920  -  ResidentSetSize of job (KB)
...
006 (2497410.059.000) 11/09 16:34:24 Image size of job updated: 1046888
	608  -  MemoryUsage of job (MB)
	621992  -  ResidentSetSize of job (KB)
...
006 (2497410.059.000) 11/09 16:44:26 Image size of job updated: 1046888
	608  -  MemoryUsage of job (MB)
	622056  -  ResidentSetSize of job (KB)
...
006 (2497410.059.000) 11/09 16:54:27 Image size of job updated: 1046888
	608  -  MemoryUsage of job (MB)
	622104  -  ResidentSetSize of job (KB)
...
006 (2497410.059.000) 11/09 16:59:28 Image size of job updated: 1046888
	608  -  MemoryUsage of job (MB)
	622108  -  ResidentSetSize of job (KB)
...
006 (2497410.059.000) 11/09 17:04:28 Image size of job updated: 1046888
	608  -  MemoryUsage of job (MB)
	622132  -  ResidentSetSize of job (KB)
...
006 (2497410.059.000) 11/09 17:09:28 Image size of job updated: 1046888
	608  -  MemoryUsage of job (MB)
	622136  -  ResidentSetSize of job (KB)
...
006 (2497410.059.000) 11/09 17:14:29 Image size of job updated: 1046888
	608  -  MemoryUsage of job (MB)
	622148  -  ResidentSetSize of job (KB)
...
005 (2497410.059.000) 11/09 17:18:07 Job terminated.
	(1) Normal termination (return value 0)
		Usr 0 00:14:40, Sys 0 00:00:59  -  Run Remote Usage
		Usr 0 00:00:00, Sys 0 00:00:00  -  Run Local Usage
		Usr 0 00:14:40, Sys 0 00:00:59  -  Total Remote Usage
		Usr 0 00:00:00, Sys 0 00:00:00  -  Total Local Usage
	0  -  Run Bytes Sent By Job
	0  -  Run Bytes Received By Job
	0  -  Total Bytes Sent By Job
	0  -  Total Bytes Received By Job
	Partitionable Resources :    Usage  Request Allocated
	   Cpus                 :                 1         1
	   Disk (KB)            :        1        1   2371274
	   Memory (MB)          :      608        1      4035
...
