000 (2492235.083.000) 11/08 21:19:20 Job submitted from host: <192.168.1.109:9714>
...
001 (2492235.083.000) 11/08 21:19:32 Job executing on host: <192.168.1.49:9578>
...
006 (2492235.083.000) 11/08 21:19:40 Image size of job updated: 441104
	107  -  MemoryUsage of job (MB)
	109296  -  ResidentSetSize of job (KB)
...
006 (2492235.083.000) 11/08 21:24:40 Image size of job updated: 978628
	399  -  MemoryUsage of job (MB)
	407820  -  ResidentSetSize of job (KB)
...
006 (2492235.083.000) 11/08 21:29:41 Image size of job updated: 978628
	500  -  MemoryUsage of job (MB)
	511368  -  ResidentSetSize of job (KB)
...
005 (2492235.083.000) 11/08 21:32:54 Job terminated.
	(1) Normal termination (return value 0)
		Usr 0 00:02:57, Sys 0 00:00:10  -  Run Remote Usage
		Usr 0 00:00:00, Sys 0 00:00:00  -  Run Local Usage
		Usr 0 00:02:57, Sys 0 00:00:10  -  Total Remote Usage
		Usr 0 00:00:00, Sys 0 00:00:00  -  Total Local Usage
	0  -  Run Bytes Sent By Job
	0  -  Run Bytes Received By Job
	0  -  Total Bytes Sent By Job
	0  -  Total Bytes Received By Job
	Partitionable Resources :    Usage  Request Allocated
	   Cpus                 :                 1         1
	   Disk (KB)            :        1        1  28379741
	   Memory (MB)          :      500        1      4033
...
