000 (2492274.071.000) 11/08 21:22:00 Job submitted from host: <192.168.1.109:9714>
...
001 (2492274.071.000) 11/08 21:23:37 Job executing on host: <192.168.1.46:9845>
...
006 (2492274.071.000) 11/08 21:23:46 Image size of job updated: 97664
	10  -  MemoryUsage of job (MB)
	9380  -  ResidentSetSize of job (KB)
...
006 (2492274.071.000) 11/08 21:28:47 Image size of job updated: 652892
	254  -  MemoryUsage of job (MB)
	259964  -  ResidentSetSize of job (KB)
...
006 (2492274.071.000) 11/08 21:33:47 Image size of job updated: 978636
	459  -  MemoryUsage of job (MB)
	469188  -  ResidentSetSize of job (KB)
...
006 (2492274.071.000) 11/08 21:38:49 Image size of job updated: 978636
	466  -  MemoryUsage of job (MB)
	476292  -  ResidentSetSize of job (KB)
...
006 (2492274.071.000) 11/08 21:43:49 Image size of job updated: 978636
	466  -  MemoryUsage of job (MB)
	476536  -  ResidentSetSize of job (KB)
...
006 (2492274.071.000) 11/08 21:48:50 Image size of job updated: 978636
	466  -  MemoryUsage of job (MB)
	476580  -  ResidentSetSize of job (KB)
...
006 (2492274.071.000) 11/08 21:53:51 Image size of job updated: 978636
	466  -  MemoryUsage of job (MB)
	477036  -  ResidentSetSize of job (KB)
...
006 (2492274.071.000) 11/08 21:58:51 Image size of job updated: 978636
	467  -  MemoryUsage of job (MB)
	477204  -  ResidentSetSize of job (KB)
...
006 (2492274.071.000) 11/08 22:03:52 Image size of job updated: 978636
	467  -  MemoryUsage of job (MB)
	477384  -  ResidentSetSize of job (KB)
...
005 (2492274.071.000) 11/08 22:08:35 Job terminated.
	(1) Normal termination (return value 0)
		Usr 0 00:03:31, Sys 0 00:00:15  -  Run Remote Usage
		Usr 0 00:00:00, Sys 0 00:00:00  -  Run Local Usage
		Usr 0 00:03:31, Sys 0 00:00:15  -  Total Remote Usage
		Usr 0 00:00:00, Sys 0 00:00:00  -  Total Local Usage
	0  -  Run Bytes Sent By Job
	0  -  Run Bytes Received By Job
	0  -  Total Bytes Sent By Job
	0  -  Total Bytes Received By Job
	Partitionable Resources :    Usage  Request Allocated
	   Cpus                 :                 1         1
	   Disk (KB)            :        1        1   2371756
	   Memory (MB)          :      467        1      4035
...
