000 (2493183.083.000) 11/09 00:44:14 Job submitted from host: <192.168.1.109:9714>
...
001 (2493183.083.000) 11/09 00:44:27 Job executing on host: <192.168.1.42:9515>
...
006 (2493183.083.000) 11/09 00:44:35 Image size of job updated: 181692
	13  -  MemoryUsage of job (MB)
	12508  -  ResidentSetSize of job (KB)
...
006 (2493183.083.000) 11/09 00:49:36 Image size of job updated: 1066028
	506  -  MemoryUsage of job (MB)
	517176  -  ResidentSetSize of job (KB)
...
006 (2493183.083.000) 11/09 00:54:36 Image size of job updated: 1066028
	549  -  MemoryUsage of job (MB)
	561492  -  ResidentSetSize of job (KB)
...
006 (2493183.083.000) 11/09 00:59:37 Image size of job updated: 1066028
	622  -  MemoryUsage of job (MB)
	636888  -  ResidentSetSize of job (KB)
...
006 (2493183.083.000) 11/09 01:04:37 Image size of job updated: 1066028
	622  -  MemoryUsage of job (MB)
	636908  -  ResidentSetSize of job (KB)
...
005 (2493183.083.000) 11/09 01:07:55 Job terminated.
	(1) Normal termination (return value 0)
		Usr 0 00:03:29, Sys 0 00:00:13  -  Run Remote Usage
		Usr 0 00:00:00, Sys 0 00:00:00  -  Run Local Usage
		Usr 0 00:03:29, Sys 0 00:00:13  -  Total Remote Usage
		Usr 0 00:00:00, Sys 0 00:00:00  -  Total Local Usage
	0  -  Run Bytes Sent By Job
	0  -  Run Bytes Received By Job
	0  -  Total Bytes Sent By Job
	0  -  Total Bytes Received By Job
	Partitionable Resources :    Usage  Request Allocated
	   Cpus                 :                 1         1
	   Disk (KB)            :        1        1   2371460
	   Memory (MB)          :      622        1      4035
...
