000 (2497151.071.000) 11/09 14:58:12 Job submitted from host: <192.168.1.109:9714>
...
001 (2497151.071.000) 11/09 14:58:19 Job executing on host: <192.168.1.44:9507>
...
006 (2497151.071.000) 11/09 14:58:28 Image size of job updated: 350832
	79  -  MemoryUsage of job (MB)
	80156  -  ResidentSetSize of job (KB)
...
005 (2497151.071.000) 11/09 14:58:35 Job terminated.
	(1) Normal termination (return value 0)
		Usr 0 00:00:00, Sys 0 00:00:00  -  Run Remote Usage
		Usr 0 00:00:00, Sys 0 00:00:00  -  Run Local Usage
		Usr 0 00:00:00, Sys 0 00:00:00  -  Total Remote Usage
		Usr 0 00:00:00, Sys 0 00:00:00  -  Total Local Usage
	0  -  Run Bytes Sent By Job
	0  -  Run Bytes Received By Job
	0  -  Total Bytes Sent By Job
	0  -  Total Bytes Received By Job
	Partitionable Resources :    Usage  Request Allocated
	   Cpus                 :                 1         1
	   Disk (KB)            :        1        1   2370348
	   Memory (MB)          :       79        1      4035
...
