000 (2491851.142.000) 11/08 20:36:48 Job submitted from host: <192.168.1.109:9714>
...
001 (2491851.142.000) 11/08 20:37:20 Job executing on host: <192.168.1.45:9392>
...
006 (2491851.142.000) 11/08 20:37:28 Image size of job updated: 78716
	3  -  MemoryUsage of job (MB)
	2536  -  ResidentSetSize of job (KB)
...
006 (2491851.142.000) 11/08 20:42:28 Image size of job updated: 954212
	466  -  MemoryUsage of job (MB)
	477120  -  ResidentSetSize of job (KB)
...
006 (2491851.142.000) 11/08 21:07:32 Image size of job updated: 954212
	481  -  MemoryUsage of job (MB)
	491816  -  ResidentSetSize of job (KB)
...
006 (2491851.142.000) 11/08 21:12:32 Image size of job updated: 954212
	492  -  MemoryUsage of job (MB)
	502844  -  ResidentSetSize of job (KB)
...
006 (2491851.142.000) 11/08 21:17:32 Image size of job updated: 954212
	492  -  MemoryUsage of job (MB)
	502904  -  ResidentSetSize of job (KB)
...
005 (2491851.142.000) 11/08 22:39:10 Job terminated.
	(1) Normal termination (return value 0)
		Usr 0 00:29:46, Sys 0 00:01:44  -  Run Remote Usage
		Usr 0 00:00:00, Sys 0 00:00:00  -  Run Local Usage
		Usr 0 00:29:46, Sys 0 00:01:44  -  Total Remote Usage
		Usr 0 00:00:00, Sys 0 00:00:00  -  Total Local Usage
	0  -  Run Bytes Sent By Job
	0  -  Run Bytes Received By Job
	0  -  Total Bytes Sent By Job
	0  -  Total Bytes Received By Job
	Partitionable Resources :    Usage  Request Allocated
	   Cpus                 :                 1         1
	   Disk (KB)            :        1        1   2370405
	   Memory (MB)          :      492        1      4035
...
