000 (2497410.142.000) 11/09 15:33:48 Job submitted from host: <192.168.1.109:9714>
...
001 (2497410.142.000) 11/09 15:34:15 Job executing on host: <192.168.1.63:9932>
...
006 (2497410.142.000) 11/09 15:34:24 Image size of job updated: 340712
	66  -  MemoryUsage of job (MB)
	67184  -  ResidentSetSize of job (KB)
...
006 (2497410.142.000) 11/09 15:39:24 Image size of job updated: 995076
	486  -  MemoryUsage of job (MB)
	496856  -  ResidentSetSize of job (KB)
...
006 (2497410.142.000) 11/09 15:44:24 Image size of job updated: 995076
	486  -  MemoryUsage of job (MB)
	497072  -  ResidentSetSize of job (KB)
...
006 (2497410.142.000) 11/09 15:49:25 Image size of job updated: 995076
	487  -  MemoryUsage of job (MB)
	498124  -  ResidentSetSize of job (KB)
...
006 (2497410.142.000) 11/09 15:54:26 Image size of job updated: 995076
	487  -  MemoryUsage of job (MB)
	498160  -  ResidentSetSize of job (KB)
...
006 (2497410.142.000) 11/09 15:59:26 Image size of job updated: 995076
	566  -  MemoryUsage of job (MB)
	579164  -  ResidentSetSize of job (KB)
...
006 (2497410.142.000) 11/09 16:04:27 Image size of job updated: 995076
	586  -  MemoryUsage of job (MB)
	599464  -  ResidentSetSize of job (KB)
...
006 (2497410.142.000) 11/09 16:09:28 Image size of job updated: 995076
	586  -  MemoryUsage of job (MB)
	599468  -  ResidentSetSize of job (KB)
...
006 (2497410.142.000) 11/09 16:14:28 Image size of job updated: 995076
	586  -  MemoryUsage of job (MB)
	599752  -  ResidentSetSize of job (KB)
...
006 (2497410.142.000) 11/09 16:19:28 Image size of job updated: 995076
	586  -  MemoryUsage of job (MB)
	599756  -  ResidentSetSize of job (KB)
...
006 (2497410.142.000) 11/09 16:24:29 Image size of job updated: 995076
	586  -  MemoryUsage of job (MB)
	599932  -  ResidentSetSize of job (KB)
...
006 (2497410.142.000) 11/09 16:29:29 Image size of job updated: 995076
	587  -  MemoryUsage of job (MB)
	600896  -  ResidentSetSize of job (KB)
...
006 (2497410.142.000) 11/09 16:34:29 Image size of job updated: 995076
	587  -  MemoryUsage of job (MB)
	601000  -  ResidentSetSize of job (KB)
...
006 (2497410.142.000) 11/09 16:39:30 Image size of job updated: 995076
	587  -  MemoryUsage of job (MB)
	601012  -  ResidentSetSize of job (KB)
...
006 (2497410.142.000) 11/09 16:44:31 Image size of job updated: 995076
	587  -  MemoryUsage of job (MB)
	601052  -  ResidentSetSize of job (KB)
...
006 (2497410.142.000) 11/09 16:49:31 Image size of job updated: 995076
	588  -  MemoryUsage of job (MB)
	601172  -  ResidentSetSize of job (KB)
...
006 (2497410.142.000) 11/09 16:54:32 Image size of job updated: 995076
	590  -  MemoryUsage of job (MB)
	603652  -  ResidentSetSize of job (KB)
...
005 (2497410.142.000) 11/09 16:58:51 Job terminated.
	(1) Normal termination (return value 0)
		Usr 0 00:51:58, Sys 0 00:01:48  -  Run Remote Usage
		Usr 0 00:00:00, Sys 0 00:00:00  -  Run Local Usage
		Usr 0 00:51:58, Sys 0 00:01:48  -  Total Remote Usage
		Usr 0 00:00:00, Sys 0 00:00:00  -  Total Local Usage
	0  -  Run Bytes Sent By Job
	0  -  Run Bytes Received By Job
	0  -  Total Bytes Sent By Job
	0  -  Total Bytes Received By Job
	Partitionable Resources :    Usage  Request Allocated
	   Cpus                 :                 1         1
	   Disk (KB)            :        1        1  19565447
	   Memory (MB)          :      590        1      4033
...
