000 (2464980.000.000) 11/02 16:52:02 Job submitted from host: <192.168.1.109:9308>
...
001 (2464980.000.000) 11/02 16:52:23 Job executing on host: <192.168.1.42:9374>
...
006 (2464980.000.000) 11/02 16:52:32 Image size of job updated: 181164
	3  -  MemoryUsage of job (MB)
	2464  -  ResidentSetSize of job (KB)
...
006 (2464980.000.000) 11/02 16:52:52 Image size of job updated: 443736
	3  -  MemoryUsage of job (MB)
	2464  -  ResidentSetSize of job (KB)
...
005 (2464980.000.000) 11/02 16:52:52 Job terminated.
	(1) Normal termination (return value 0)
		Usr 0 00:00:03, Sys 0 00:00:00  -  Run Remote Usage
		Usr 0 00:00:00, Sys 0 00:00:00  -  Run Local Usage
		Usr 0 00:00:03, Sys 0 00:00:00  -  Total Remote Usage
		Usr 0 00:00:00, Sys 0 00:00:00  -  Total Local Usage
	0  -  Run Bytes Sent By Job
	0  -  Run Bytes Received By Job
	0  -  Total Bytes Sent By Job
	0  -  Total Bytes Received By Job
	Partitionable Resources :    Usage  Request Allocated
	   Cpus                 :                 1         1
	   Disk (KB)            :        1        1   2371361
	   Memory (MB)          :        3        1      4035
...
