000 (2504805.000.000) 11/16 01:26:44 Job submitted from host: <192.168.1.109:9714>
...
001 (2504805.000.000) 11/16 01:26:54 Job executing on host: <192.168.1.45:9392>
...
006 (2504805.000.000) 11/16 01:27:03 Image size of job updated: 180720
	31  -  MemoryUsage of job (MB)
	31272  -  ResidentSetSize of job (KB)
...
006 (2504805.000.000) 11/16 01:27:22 Image size of job updated: 474732
	31  -  MemoryUsage of job (MB)
	31272  -  ResidentSetSize of job (KB)
...
005 (2504805.000.000) 11/16 01:27:22 Job terminated.
	(1) Normal termination (return value 0)
		Usr 0 00:00:06, Sys 0 00:00:01  -  Run Remote Usage
		Usr 0 00:00:00, Sys 0 00:00:00  -  Run Local Usage
		Usr 0 00:00:06, Sys 0 00:00:01  -  Total Remote Usage
		Usr 0 00:00:00, Sys 0 00:00:00  -  Total Local Usage
	0  -  Run Bytes Sent By Job
	0  -  Run Bytes Received By Job
	0  -  Total Bytes Sent By Job
	0  -  Total Bytes Received By Job
	Partitionable Resources :    Usage  Request Allocated
	   Cpus                 :                 1         1
	   Disk (KB)            :        1        1   2371106
	   Memory (MB)          :       31        1      4035
...
