000 (2485823.052.000) 11/07 23:48:29 Job submitted from host: <192.168.1.109:9714>
...
001 (2485823.052.000) 11/07 23:48:39 Job executing on host: <192.168.1.47:9634>
...
006 (2485823.052.000) 11/07 23:48:47 Image size of job updated: 349640
	68  -  MemoryUsage of job (MB)
	69512  -  ResidentSetSize of job (KB)
...
006 (2485823.052.000) 11/07 23:53:47 Image size of job updated: 1018284
	508  -  MemoryUsage of job (MB)
	519672  -  ResidentSetSize of job (KB)
...
006 (2485823.052.000) 11/07 23:58:47 Image size of job updated: 1018284
	508  -  MemoryUsage of job (MB)
	519708  -  ResidentSetSize of job (KB)
...
006 (2485823.052.000) 11/08 00:03:48 Image size of job updated: 1018284
	509  -  MemoryUsage of job (MB)
	521216  -  ResidentSetSize of job (KB)
...
006 (2485823.052.000) 11/08 00:08:48 Image size of job updated: 1018284
	510  -  MemoryUsage of job (MB)
	521492  -  ResidentSetSize of job (KB)
...
006 (2485823.052.000) 11/08 00:13:48 Image size of job updated: 1018284
	611  -  MemoryUsage of job (MB)
	625360  -  ResidentSetSize of job (KB)
...
006 (2485823.052.000) 11/08 00:18:49 Image size of job updated: 1018284
	622  -  MemoryUsage of job (MB)
	635928  -  ResidentSetSize of job (KB)
...
006 (2485823.052.000) 11/08 00:23:49 Image size of job updated: 1018284
	622  -  MemoryUsage of job (MB)
	636132  -  ResidentSetSize of job (KB)
...
006 (2485823.052.000) 11/08 00:28:49 Image size of job updated: 1018284
	622  -  MemoryUsage of job (MB)
	636248  -  ResidentSetSize of job (KB)
...
006 (2485823.052.000) 11/08 00:33:50 Image size of job updated: 1018284
	622  -  MemoryUsage of job (MB)
	636392  -  ResidentSetSize of job (KB)
...
005 (2485823.052.000) 11/08 00:36:01 Job terminated.
	(1) Normal termination (return value 0)
		Usr 0 00:11:49, Sys 0 00:00:41  -  Run Remote Usage
		Usr 0 00:00:00, Sys 0 00:00:00  -  Run Local Usage
		Usr 0 00:11:49, Sys 0 00:00:41  -  Total Remote Usage
		Usr 0 00:00:00, Sys 0 00:00:00  -  Total Local Usage
	0  -  Run Bytes Sent By Job
	0  -  Run Bytes Received By Job
	0  -  Total Bytes Sent By Job
	0  -  Total Bytes Received By Job
	Partitionable Resources :    Usage  Request Allocated
	   Cpus                 :                 1         1
	   Disk (KB)            :        1        1  28374304
	   Memory (MB)          :      622        1      4033
...
