000 (2485756.056.000) 11/07 21:19:44 Job submitted from host: <192.168.1.109:9714>
...
001 (2485756.056.000) 11/07 21:22:24 Job executing on host: <192.168.1.49:9578>
...
006 (2485756.056.000) 11/07 21:22:33 Image size of job updated: 343304
	73  -  MemoryUsage of job (MB)
	74424  -  ResidentSetSize of job (KB)
...
006 (2485756.056.000) 11/07 21:22:52 Image size of job updated: 482068
	73  -  MemoryUsage of job (MB)
	74424  -  ResidentSetSize of job (KB)
...
005 (2485756.056.000) 11/07 21:22:52 Job terminated.
	(1) Normal termination (return value 0)
		Usr 0 00:00:09, Sys 0 00:00:00  -  Run Remote Usage
		Usr 0 00:00:00, Sys 0 00:00:00  -  Run Local Usage
		Usr 0 00:00:09, Sys 0 00:00:00  -  Total Remote Usage
		Usr 0 00:00:00, Sys 0 00:00:00  -  Total Local Usage
	0  -  Run Bytes Sent By Job
	0  -  Run Bytes Received By Job
	0  -  Total Bytes Sent By Job
	0  -  Total Bytes Received By Job
	Partitionable Resources :    Usage  Request Allocated
	   Cpus                 :                 1         1
	   Disk (KB)            :        1        1  28377696
	   Memory (MB)          :       73        1      4033
...
