000 (2485823.048.000) 11/07 23:48:29 Job submitted from host: <192.168.1.109:9714>
...
001 (2485823.048.000) 11/07 23:48:38 Job executing on host: <192.168.1.64:9697>
...
006 (2485823.048.000) 11/07 23:48:47 Image size of job updated: 75808
	12  -  MemoryUsage of job (MB)
	12100  -  ResidentSetSize of job (KB)
...
006 (2485823.048.000) 11/07 23:53:48 Image size of job updated: 1020108
	509  -  MemoryUsage of job (MB)
	520208  -  ResidentSetSize of job (KB)
...
006 (2485823.048.000) 11/07 23:58:48 Image size of job updated: 1020108
	510  -  MemoryUsage of job (MB)
	521420  -  ResidentSetSize of job (KB)
...
006 (2485823.048.000) 11/08 00:03:48 Image size of job updated: 1020108
	612  -  MemoryUsage of job (MB)
	626444  -  ResidentSetSize of job (KB)
...
006 (2485823.048.000) 11/08 00:08:49 Image size of job updated: 1020108
	632  -  MemoryUsage of job (MB)
	646576  -  ResidentSetSize of job (KB)
...
006 (2485823.048.000) 11/08 00:13:49 Image size of job updated: 1020108
	632  -  MemoryUsage of job (MB)
	646816  -  ResidentSetSize of job (KB)
...
006 (2485823.048.000) 11/08 00:18:49 Image size of job updated: 1020108
	632  -  MemoryUsage of job (MB)
	647112  -  ResidentSetSize of job (KB)
...
006 (2485823.048.000) 11/08 00:23:50 Image size of job updated: 1020108
	633  -  MemoryUsage of job (MB)
	648028  -  ResidentSetSize of job (KB)
...
005 (2485823.048.000) 11/08 00:24:11 Job terminated.
	(1) Normal termination (return value 0)
		Usr 0 00:16:21, Sys 0 00:00:35  -  Run Remote Usage
		Usr 0 00:00:00, Sys 0 00:00:00  -  Run Local Usage
		Usr 0 00:16:21, Sys 0 00:00:35  -  Total Remote Usage
		Usr 0 00:00:00, Sys 0 00:00:00  -  Total Local Usage
	0  -  Run Bytes Sent By Job
	0  -  Run Bytes Received By Job
	0  -  Total Bytes Sent By Job
	0  -  Total Bytes Received By Job
	Partitionable Resources :    Usage  Request Allocated
	   Cpus                 :                 1         1
	   Disk (KB)            :        1        1  19523279
	   Memory (MB)          :      633        1      4033
...
