000 (2491851.048.000) 11/08 20:36:47 Job submitted from host: <192.168.1.109:9714>
...
001 (2491851.048.000) 11/08 20:37:15 Job executing on host: <192.168.1.68:9996>
...
006 (2491851.048.000) 11/08 20:37:23 Image size of job updated: 319340
	31  -  MemoryUsage of job (MB)
	30756  -  ResidentSetSize of job (KB)
...
006 (2491851.048.000) 11/08 20:42:23 Image size of job updated: 1020128
	511  -  MemoryUsage of job (MB)
	522756  -  ResidentSetSize of job (KB)
...
006 (2491851.048.000) 11/08 20:47:25 Image size of job updated: 1020128
	597  -  MemoryUsage of job (MB)
	610884  -  ResidentSetSize of job (KB)
...
006 (2491851.048.000) 11/08 20:52:25 Image size of job updated: 1020128
	638  -  MemoryUsage of job (MB)
	652640  -  ResidentSetSize of job (KB)
...
006 (2491851.048.000) 11/08 20:57:25 Image size of job updated: 1020128
	638  -  MemoryUsage of job (MB)
	653012  -  ResidentSetSize of job (KB)
...
006 (2491851.048.000) 11/08 21:02:26 Image size of job updated: 1020128
	638  -  MemoryUsage of job (MB)
	653264  -  ResidentSetSize of job (KB)
...
005 (2491851.048.000) 11/08 21:06:41 Job terminated.
	(1) Normal termination (return value 0)
		Usr 0 00:18:56, Sys 0 00:00:43  -  Run Remote Usage
		Usr 0 00:00:00, Sys 0 00:00:00  -  Run Local Usage
		Usr 0 00:18:56, Sys 0 00:00:43  -  Total Remote Usage
		Usr 0 00:00:00, Sys 0 00:00:00  -  Total Local Usage
	0  -  Run Bytes Sent By Job
	0  -  Run Bytes Received By Job
	0  -  Total Bytes Sent By Job
	0  -  Total Bytes Received By Job
	Partitionable Resources :    Usage  Request Allocated
	   Cpus                 :                 1         1
	   Disk (KB)            :        1        1  20251263
	   Memory (MB)          :      638        1      4038
...
