000 (2491133.048.000) 11/08 19:40:19 Job submitted from host: <192.168.1.109:9714>
...
001 (2491133.048.000) 11/08 19:40:56 Job executing on host: <192.168.1.50:9434>
...
006 (2491133.048.000) 11/08 19:41:04 Image size of job updated: 32840
	3  -  MemoryUsage of job (MB)
	2688  -  ResidentSetSize of job (KB)
...
006 (2491133.048.000) 11/08 19:46:04 Image size of job updated: 1020116
	503  -  MemoryUsage of job (MB)
	514736  -  ResidentSetSize of job (KB)
...
006 (2491133.048.000) 11/08 19:51:05 Image size of job updated: 1020116
	505  -  MemoryUsage of job (MB)
	516784  -  ResidentSetSize of job (KB)
...
006 (2491133.048.000) 11/08 19:56:06 Image size of job updated: 1020116
	505  -  MemoryUsage of job (MB)
	516844  -  ResidentSetSize of job (KB)
...
006 (2491133.048.000) 11/08 20:01:06 Image size of job updated: 1172580
	682  -  MemoryUsage of job (MB)
	698040  -  ResidentSetSize of job (KB)
...
005 (2491133.048.000) 11/08 20:05:13 Job terminated.
	(1) Normal termination (return value 0)
		Usr 0 00:10:06, Sys 0 00:00:42  -  Run Remote Usage
		Usr 0 00:00:00, Sys 0 00:00:00  -  Run Local Usage
		Usr 0 00:10:06, Sys 0 00:00:42  -  Total Remote Usage
		Usr 0 00:00:00, Sys 0 00:00:00  -  Total Local Usage
	0  -  Run Bytes Sent By Job
	0  -  Run Bytes Received By Job
	0  -  Total Bytes Sent By Job
	0  -  Total Bytes Received By Job
	Partitionable Resources :    Usage  Request Allocated
	   Cpus                 :                 1         1
	   Disk (KB)            :        1        1  28379675
	   Memory (MB)          :      682        1      4033
...
