000 (2497410.048.000) 11/09 15:33:46 Job submitted from host: <192.168.1.109:9714>
...
001 (2497410.048.000) 11/09 15:34:13 Job executing on host: <192.168.1.57:9618?addrs=192.168.1.57-9618+[--1]-9618&noUDP&sock=2389_8c3f_3>
...
006 (2497410.048.000) 11/09 15:34:22 Image size of job updated: 15608
	2  -  MemoryUsage of job (MB)
	1412  -  ResidentSetSize of job (KB)
...
006 (2497410.048.000) 11/09 15:39:23 Image size of job updated: 996180
	473  -  MemoryUsage of job (MB)
	483920  -  ResidentSetSize of job (KB)
...
006 (2497410.048.000) 11/09 15:44:23 Image size of job updated: 996180
	475  -  MemoryUsage of job (MB)
	485692  -  ResidentSetSize of job (KB)
...
006 (2497410.048.000) 11/09 15:49:23 Image size of job updated: 996180
	479  -  MemoryUsage of job (MB)
	490176  -  ResidentSetSize of job (KB)
...
006 (2497410.048.000) 11/09 15:54:24 Image size of job updated: 996180
	479  -  MemoryUsage of job (MB)
	490468  -  ResidentSetSize of job (KB)
...
006 (2497410.048.000) 11/09 15:59:24 Image size of job updated: 996180
	479  -  MemoryUsage of job (MB)
	490476  -  ResidentSetSize of job (KB)
...
006 (2497410.048.000) 11/09 16:04:24 Image size of job updated: 996180
	480  -  MemoryUsage of job (MB)
	490632  -  ResidentSetSize of job (KB)
...
006 (2497410.048.000) 11/09 16:14:25 Image size of job updated: 996180
	480  -  MemoryUsage of job (MB)
	490668  -  ResidentSetSize of job (KB)
...
006 (2497410.048.000) 11/09 16:19:25 Image size of job updated: 996180
	489  -  MemoryUsage of job (MB)
	500604  -  ResidentSetSize of job (KB)
...
005 (2497410.048.000) 11/09 16:23:44 Job terminated.
	(1) Normal termination (return value 0)
		Usr 0 00:14:44, Sys 0 00:01:03  -  Run Remote Usage
		Usr 0 00:00:00, Sys 0 00:00:00  -  Run Local Usage
		Usr 0 00:14:44, Sys 0 00:01:03  -  Total Remote Usage
		Usr 0 00:00:00, Sys 0 00:00:00  -  Total Local Usage
	0  -  Run Bytes Sent By Job
	0  -  Run Bytes Received By Job
	0  -  Total Bytes Sent By Job
	0  -  Total Bytes Received By Job
	Partitionable Resources :    Usage  Request Allocated
	   Cpus                 :                 1         1
	   Disk (KB)            :        1        1   1563560
	   Memory (MB)          :      489        1         1
...
