000 (2492936.102.000) 11/08 23:53:19 Job submitted from host: <192.168.1.109:9714>
...
001 (2492936.102.000) 11/08 23:53:37 Job executing on host: <192.168.1.51:9694>
...
006 (2492936.102.000) 11/08 23:53:47 Image size of job updated: 334372
	19  -  MemoryUsage of job (MB)
	18964  -  ResidentSetSize of job (KB)
...
006 (2492936.102.000) 11/08 23:56:52 Image size of job updated: 939716
	19  -  MemoryUsage of job (MB)
	18964  -  ResidentSetSize of job (KB)
...
005 (2492936.102.000) 11/08 23:56:52 Job terminated.
	(1) Normal termination (return value 0)
		Usr 0 00:02:02, Sys 0 00:00:14  -  Run Remote Usage
		Usr 0 00:00:00, Sys 0 00:00:00  -  Run Local Usage
		Usr 0 00:02:02, Sys 0 00:00:14  -  Total Remote Usage
		Usr 0 00:00:00, Sys 0 00:00:00  -  Total Local Usage
	0  -  Run Bytes Sent By Job
	0  -  Run Bytes Received By Job
	0  -  Total Bytes Sent By Job
	0  -  Total Bytes Received By Job
	Partitionable Resources :    Usage  Request Allocated
	   Cpus                 :                 1         1
	   Disk (KB)            :        1        1  28379686
	   Memory (MB)          :       19        1      4033
...
