000 (2485823.149.000) 11/07 23:48:31 Job submitted from host: <192.168.1.109:9714>
...
001 (2485823.149.000) 11/07 23:48:46 Job executing on host: <192.168.1.42:9515>
...
006 (2485823.149.000) 11/07 23:48:55 Image size of job updated: 97664
	3  -  MemoryUsage of job (MB)
	2620  -  ResidentSetSize of job (KB)
...
006 (2485823.149.000) 11/07 23:53:55 Image size of job updated: 947592
	468  -  MemoryUsage of job (MB)
	478528  -  ResidentSetSize of job (KB)
...
006 (2485823.149.000) 11/07 23:58:55 Image size of job updated: 947592
	468  -  MemoryUsage of job (MB)
	478720  -  ResidentSetSize of job (KB)
...
006 (2485823.149.000) 11/08 00:03:56 Image size of job updated: 947592
	468  -  MemoryUsage of job (MB)
	479188  -  ResidentSetSize of job (KB)
...
006 (2485823.149.000) 11/08 00:13:56 Image size of job updated: 947592
	469  -  MemoryUsage of job (MB)
	479564  -  ResidentSetSize of job (KB)
...
006 (2485823.149.000) 11/08 00:18:58 Image size of job updated: 947592
	469  -  MemoryUsage of job (MB)
	479568  -  ResidentSetSize of job (KB)
...
006 (2485823.149.000) 11/08 00:23:58 Image size of job updated: 947592
	469  -  MemoryUsage of job (MB)
	479776  -  ResidentSetSize of job (KB)
...
006 (2485823.149.000) 11/08 00:28:58 Image size of job updated: 947592
	469  -  MemoryUsage of job (MB)
	480044  -  ResidentSetSize of job (KB)
...
006 (2485823.149.000) 11/08 00:33:59 Image size of job updated: 947592
	469  -  MemoryUsage of job (MB)
	480048  -  ResidentSetSize of job (KB)
...
006 (2485823.149.000) 11/08 00:39:00 Image size of job updated: 947592
	469  -  MemoryUsage of job (MB)
	480152  -  ResidentSetSize of job (KB)
...
006 (2485823.149.000) 11/08 00:44:00 Image size of job updated: 947592
	470  -  MemoryUsage of job (MB)
	480408  -  ResidentSetSize of job (KB)
...
006 (2485823.149.000) 11/08 00:49:01 Image size of job updated: 947592
	470  -  MemoryUsage of job (MB)
	480768  -  ResidentSetSize of job (KB)
...
006 (2485823.149.000) 11/08 00:54:02 Image size of job updated: 947592
	470  -  MemoryUsage of job (MB)
	480820  -  ResidentSetSize of job (KB)
...
006 (2485823.149.000) 11/08 00:59:02 Image size of job updated: 947592
	470  -  MemoryUsage of job (MB)
	480940  -  ResidentSetSize of job (KB)
...
006 (2485823.149.000) 11/08 01:04:02 Image size of job updated: 947592
	470  -  MemoryUsage of job (MB)
	481268  -  ResidentSetSize of job (KB)
...
006 (2485823.149.000) 11/08 01:09:03 Image size of job updated: 947592
	471  -  MemoryUsage of job (MB)
	481396  -  ResidentSetSize of job (KB)
...
006 (2485823.149.000) 11/08 01:14:03 Image size of job updated: 947592
	471  -  MemoryUsage of job (MB)
	481864  -  ResidentSetSize of job (KB)
...
006 (2485823.149.000) 11/08 01:19:03 Image size of job updated: 947592
	471  -  MemoryUsage of job (MB)
	482212  -  ResidentSetSize of job (KB)
...
006 (2485823.149.000) 11/08 01:24:04 Image size of job updated: 947592
	472  -  MemoryUsage of job (MB)
	482632  -  ResidentSetSize of job (KB)
...
006 (2485823.149.000) 11/08 01:29:05 Image size of job updated: 947592
	472  -  MemoryUsage of job (MB)
	482688  -  ResidentSetSize of job (KB)
...
006 (2485823.149.000) 11/08 01:34:05 Image size of job updated: 947592
	558  -  MemoryUsage of job (MB)
	570480  -  ResidentSetSize of job (KB)
...
006 (2485823.149.000) 11/08 01:39:06 Image size of job updated: 947592
	570  -  MemoryUsage of job (MB)
	582840  -  ResidentSetSize of job (KB)
...
006 (2485823.149.000) 11/08 01:44:07 Image size of job updated: 947592
	570  -  MemoryUsage of job (MB)
	583076  -  ResidentSetSize of job (KB)
...
006 (2485823.149.000) 11/08 01:49:07 Image size of job updated: 947592
	570  -  MemoryUsage of job (MB)
	583528  -  ResidentSetSize of job (KB)
...
005 (2485823.149.000) 11/08 01:50:54 Job terminated.
	(1) Normal termination (return value 0)
		Usr 0 00:25:49, Sys 0 00:01:45  -  Run Remote Usage
		Usr 0 00:00:00, Sys 0 00:00:00  -  Run Local Usage
		Usr 0 00:25:49, Sys 0 00:01:45  -  Total Remote Usage
		Usr 0 00:00:00, Sys 0 00:00:00  -  Total Local Usage
	0  -  Run Bytes Sent By Job
	0  -  Run Bytes Received By Job
	0  -  Total Bytes Sent By Job
	0  -  Total Bytes Received By Job
	Partitionable Resources :    Usage  Request Allocated
	   Cpus                 :                 1         1
	   Disk (KB)            :        1        1   2365073
	   Memory (MB)          :      570        1      4035
...
