000 (2491133.149.000) 11/08 19:40:20 Job submitted from host: <192.168.1.109:9714>
...
001 (2491133.149.000) 11/08 19:40:57 Job executing on host: <192.168.1.46:9845>
...
006 (2491133.149.000) 11/08 19:41:06 Image size of job updated: 15608
	2  -  MemoryUsage of job (MB)
	1408  -  ResidentSetSize of job (KB)
...
006 (2491133.149.000) 11/08 19:46:06 Image size of job updated: 947596
	465  -  MemoryUsage of job (MB)
	476060  -  ResidentSetSize of job (KB)
...
006 (2491133.149.000) 11/08 19:51:06 Image size of job updated: 947596
	466  -  MemoryUsage of job (MB)
	476408  -  ResidentSetSize of job (KB)
...
006 (2491133.149.000) 11/08 19:56:07 Image size of job updated: 947596
	466  -  MemoryUsage of job (MB)
	476708  -  ResidentSetSize of job (KB)
...
006 (2491133.149.000) 11/08 20:01:08 Image size of job updated: 1135624
	661  -  MemoryUsage of job (MB)
	676048  -  ResidentSetSize of job (KB)
...
006 (2491133.149.000) 11/08 20:06:08 Image size of job updated: 1135624
	664  -  MemoryUsage of job (MB)
	679620  -  ResidentSetSize of job (KB)
...
006 (2491133.149.000) 11/08 20:11:09 Image size of job updated: 1135624
	665  -  MemoryUsage of job (MB)
	680936  -  ResidentSetSize of job (KB)
...
006 (2491133.149.000) 11/08 20:16:09 Image size of job updated: 1135624
	666  -  MemoryUsage of job (MB)
	681464  -  ResidentSetSize of job (KB)
...
005 (2491133.149.000) 11/08 20:20:39 Job terminated.
	(1) Normal termination (return value 0)
		Usr 0 00:24:06, Sys 0 00:01:33  -  Run Remote Usage
		Usr 0 00:00:00, Sys 0 00:00:00  -  Run Local Usage
		Usr 0 00:24:06, Sys 0 00:01:33  -  Total Remote Usage
		Usr 0 00:00:00, Sys 0 00:00:00  -  Total Local Usage
	0  -  Run Bytes Sent By Job
	0  -  Run Bytes Received By Job
	0  -  Total Bytes Sent By Job
	0  -  Total Bytes Received By Job
	Partitionable Resources :    Usage  Request Allocated
	   Cpus                 :                 1         1
	   Disk (KB)            :        1        1   2371642
	   Memory (MB)          :      666        1      4035
...
