000 (2497410.149.000) 11/09 15:33:48 Job submitted from host: <192.168.1.109:9714>
...
001 (2497410.149.000) 11/09 15:34:16 Job executing on host: <192.168.1.42:9515>
...
006 (2497410.149.000) 11/09 15:34:25 Image size of job updated: 97664
	3  -  MemoryUsage of job (MB)
	2216  -  ResidentSetSize of job (KB)
...
006 (2497410.149.000) 11/09 15:39:26 Image size of job updated: 975752
	464  -  MemoryUsage of job (MB)
	474552  -  ResidentSetSize of job (KB)
...
006 (2497410.149.000) 11/09 15:44:26 Image size of job updated: 975752
	465  -  MemoryUsage of job (MB)
	475236  -  ResidentSetSize of job (KB)
...
006 (2497410.149.000) 11/09 15:49:26 Image size of job updated: 975752
	465  -  MemoryUsage of job (MB)
	476100  -  ResidentSetSize of job (KB)
...
006 (2497410.149.000) 11/09 15:54:27 Image size of job updated: 975752
	466  -  MemoryUsage of job (MB)
	476568  -  ResidentSetSize of job (KB)
...
006 (2497410.149.000) 11/09 15:59:28 Image size of job updated: 975752
	466  -  MemoryUsage of job (MB)
	476900  -  ResidentSetSize of job (KB)
...
006 (2497410.149.000) 11/09 16:04:28 Image size of job updated: 975752
	466  -  MemoryUsage of job (MB)
	476912  -  ResidentSetSize of job (KB)
...
006 (2497410.149.000) 11/09 16:09:29 Image size of job updated: 975752
	466  -  MemoryUsage of job (MB)
	476928  -  ResidentSetSize of job (KB)
...
006 (2497410.149.000) 11/09 16:14:30 Image size of job updated: 975752
	466  -  MemoryUsage of job (MB)
	476972  -  ResidentSetSize of job (KB)
...
006 (2497410.149.000) 11/09 16:24:30 Image size of job updated: 975752
	466  -  MemoryUsage of job (MB)
	476980  -  ResidentSetSize of job (KB)
...
006 (2497410.149.000) 11/09 16:29:31 Image size of job updated: 975752
	466  -  MemoryUsage of job (MB)
	476984  -  ResidentSetSize of job (KB)
...
006 (2497410.149.000) 11/09 16:34:31 Image size of job updated: 975752
	466  -  MemoryUsage of job (MB)
	477004  -  ResidentSetSize of job (KB)
...
006 (2497410.149.000) 11/09 16:39:31 Image size of job updated: 975752
	466  -  MemoryUsage of job (MB)
	477008  -  ResidentSetSize of job (KB)
...
006 (2497410.149.000) 11/09 16:44:32 Image size of job updated: 975752
	466  -  MemoryUsage of job (MB)
	477088  -  ResidentSetSize of job (KB)
...
006 (2497410.149.000) 11/09 16:49:32 Image size of job updated: 975752
	467  -  MemoryUsage of job (MB)
	477436  -  ResidentSetSize of job (KB)
...
006 (2497410.149.000) 11/09 16:54:32 Image size of job updated: 975752
	467  -  MemoryUsage of job (MB)
	477440  -  ResidentSetSize of job (KB)
...
006 (2497410.149.000) 11/09 16:59:34 Image size of job updated: 975752
	467  -  MemoryUsage of job (MB)
	477760  -  ResidentSetSize of job (KB)
...
006 (2497410.149.000) 11/09 17:04:34 Image size of job updated: 975752
	467  -  MemoryUsage of job (MB)
	477812  -  ResidentSetSize of job (KB)
...
006 (2497410.149.000) 11/09 17:09:34 Image size of job updated: 975752
	467  -  MemoryUsage of job (MB)
	478116  -  ResidentSetSize of job (KB)
...
006 (2497410.149.000) 11/09 17:14:35 Image size of job updated: 975752
	468  -  MemoryUsage of job (MB)
	478616  -  ResidentSetSize of job (KB)
...
006 (2497410.149.000) 11/09 17:19:36 Image size of job updated: 975752
	468  -  MemoryUsage of job (MB)
	478756  -  ResidentSetSize of job (KB)
...
006 (2497410.149.000) 11/09 17:24:36 Image size of job updated: 975752
	552  -  MemoryUsage of job (MB)
	564960  -  ResidentSetSize of job (KB)
...
006 (2497410.149.000) 11/09 17:29:37 Image size of job updated: 975752
	576  -  MemoryUsage of job (MB)
	589628  -  ResidentSetSize of job (KB)
...
006 (2497410.149.000) 11/09 17:34:38 Image size of job updated: 975752
	577  -  MemoryUsage of job (MB)
	590784  -  ResidentSetSize of job (KB)
...
006 (2497410.149.000) 11/09 17:39:38 Image size of job updated: 975752
	579  -  MemoryUsage of job (MB)
	591932  -  ResidentSetSize of job (KB)
...
005 (2497410.149.000) 11/09 17:44:28 Job terminated.
	(1) Normal termination (return value 0)
		Usr 0 00:27:03, Sys 0 00:01:35  -  Run Remote Usage
		Usr 0 00:00:00, Sys 0 00:00:00  -  Run Local Usage
		Usr 0 00:27:03, Sys 0 00:01:35  -  Total Remote Usage
		Usr 0 00:00:00, Sys 0 00:00:00  -  Total Local Usage
	0  -  Run Bytes Sent By Job
	0  -  Run Bytes Received By Job
	0  -  Total Bytes Sent By Job
	0  -  Total Bytes Received By Job
	Partitionable Resources :    Usage  Request Allocated
	   Cpus                 :                 1         1
	   Disk (KB)            :        1        1   2371274
	   Memory (MB)          :      579        1      4035
...
