000 (2491901.029.000) 11/08 20:40:12 Job submitted from host: <192.168.1.109:9714>
...
001 (2491901.029.000) 11/08 20:42:03 Job executing on host: <192.168.1.50:9434>
...
006 (2491901.029.000) 11/08 20:42:12 Image size of job updated: 24424
	3  -  MemoryUsage of job (MB)
	2676  -  ResidentSetSize of job (KB)
...
006 (2491901.029.000) 11/08 20:45:27 Image size of job updated: 2877312
	3  -  MemoryUsage of job (MB)
	2676  -  ResidentSetSize of job (KB)
...
005 (2491901.029.000) 11/08 20:45:27 Job terminated.
	(1) Normal termination (return value 1)
		Usr 0 00:01:03, Sys 0 00:00:02  -  Run Remote Usage
		Usr 0 00:00:00, Sys 0 00:00:00  -  Run Local Usage
		Usr 0 00:01:03, Sys 0 00:00:02  -  Total Remote Usage
		Usr 0 00:00:00, Sys 0 00:00:00  -  Total Local Usage
	0  -  Run Bytes Sent By Job
	0  -  Run Bytes Received By Job
	0  -  Total Bytes Sent By Job
	0  -  Total Bytes Received By Job
	Partitionable Resources :    Usage  Request Allocated
	   Cpus                 :                 1         1
	   Disk (KB)            :        1        1  28379774
	   Memory (MB)          :        3        1      4033
...
