000 (2492235.043.000) 11/08 21:19:19 Job submitted from host: <192.168.1.109:9714>
...
001 (2492235.043.000) 11/08 21:20:08 Job executing on host: <192.168.1.43:9998>
...
006 (2492235.043.000) 11/08 21:20:17 Image size of job updated: 181448
	31  -  MemoryUsage of job (MB)
	31328  -  ResidentSetSize of job (KB)
...
006 (2492235.043.000) 11/08 21:25:18 Image size of job updated: 1063140
	441  -  MemoryUsage of job (MB)
	450940  -  ResidentSetSize of job (KB)
...
006 (2492235.043.000) 11/08 21:35:19 Image size of job updated: 1063140
	445  -  MemoryUsage of job (MB)
	454748  -  ResidentSetSize of job (KB)
...
006 (2492235.043.000) 11/08 21:40:19 Image size of job updated: 1063140
	445  -  MemoryUsage of job (MB)
	455220  -  ResidentSetSize of job (KB)
...
006 (2492235.043.000) 11/08 21:45:19 Image size of job updated: 1063140
	445  -  MemoryUsage of job (MB)
	455260  -  ResidentSetSize of job (KB)
...
006 (2492235.043.000) 11/08 21:50:20 Image size of job updated: 1063140
	524  -  MemoryUsage of job (MB)
	536148  -  ResidentSetSize of job (KB)
...
006 (2492235.043.000) 11/08 21:55:20 Image size of job updated: 1063140
	563  -  MemoryUsage of job (MB)
	575988  -  ResidentSetSize of job (KB)
...
006 (2492235.043.000) 11/08 22:00:20 Image size of job updated: 1063140
	563  -  MemoryUsage of job (MB)
	576008  -  ResidentSetSize of job (KB)
...
006 (2492235.043.000) 11/08 22:05:21 Image size of job updated: 1063140
	563  -  MemoryUsage of job (MB)
	576048  -  ResidentSetSize of job (KB)
...
006 (2492235.043.000) 11/08 22:10:21 Image size of job updated: 1063140
	563  -  MemoryUsage of job (MB)
	576080  -  ResidentSetSize of job (KB)
...
006 (2492235.043.000) 11/08 22:15:22 Image size of job updated: 1063140
	563  -  MemoryUsage of job (MB)
	576156  -  ResidentSetSize of job (KB)
...
006 (2492235.043.000) 11/08 22:20:23 Image size of job updated: 1063140
	563  -  MemoryUsage of job (MB)
	576208  -  ResidentSetSize of job (KB)
...
006 (2492235.043.000) 11/08 22:25:24 Image size of job updated: 1063140
	563  -  MemoryUsage of job (MB)
	576240  -  ResidentSetSize of job (KB)
...
005 (2492235.043.000) 11/08 22:28:29 Job terminated.
	(1) Normal termination (return value 0)
		Usr 0 00:10:55, Sys 0 00:00:42  -  Run Remote Usage
		Usr 0 00:00:00, Sys 0 00:00:00  -  Run Local Usage
		Usr 0 00:10:55, Sys 0 00:00:42  -  Total Remote Usage
		Usr 0 00:00:00, Sys 0 00:00:00  -  Total Local Usage
	0  -  Run Bytes Sent By Job
	0  -  Run Bytes Received By Job
	0  -  Total Bytes Sent By Job
	0  -  Total Bytes Received By Job
	Partitionable Resources :    Usage  Request Allocated
	   Cpus                 :                 1         1
	   Disk (KB)            :        1        1   2370308
	   Memory (MB)          :      563        1      4035
...
