000 (2492274.031.000) 11/08 21:21:59 Job submitted from host: <192.168.1.109:9714>
...
001 (2492274.031.000) 11/08 21:22:23 Job executing on host: <192.168.1.66:9620>
...
006 (2492274.031.000) 11/08 21:22:31 Image size of job updated: 442332
	129  -  MemoryUsage of job (MB)
	131588  -  ResidentSetSize of job (KB)
...
006 (2492274.031.000) 11/08 21:27:31 Image size of job updated: 1063132
	449  -  MemoryUsage of job (MB)
	458920  -  ResidentSetSize of job (KB)
...
006 (2492274.031.000) 11/08 21:32:32 Image size of job updated: 1063132
	451  -  MemoryUsage of job (MB)
	461348  -  ResidentSetSize of job (KB)
...
006 (2492274.031.000) 11/08 21:37:32 Image size of job updated: 1063132
	451  -  MemoryUsage of job (MB)
	461468  -  ResidentSetSize of job (KB)
...
006 (2492274.031.000) 11/08 21:42:33 Image size of job updated: 1063132
	451  -  MemoryUsage of job (MB)
	461508  -  ResidentSetSize of job (KB)
...
006 (2492274.031.000) 11/08 21:47:33 Image size of job updated: 1063132
	451  -  MemoryUsage of job (MB)
	461584  -  ResidentSetSize of job (KB)
...
006 (2492274.031.000) 11/08 21:52:34 Image size of job updated: 1063132
	451  -  MemoryUsage of job (MB)
	461724  -  ResidentSetSize of job (KB)
...
006 (2492274.031.000) 11/08 21:57:35 Image size of job updated: 1063132
	568  -  MemoryUsage of job (MB)
	580924  -  ResidentSetSize of job (KB)
...
006 (2492274.031.000) 11/08 22:02:35 Image size of job updated: 1063132
	575  -  MemoryUsage of job (MB)
	588328  -  ResidentSetSize of job (KB)
...
005 (2492274.031.000) 11/08 22:04:59 Job terminated.
	(1) Normal termination (return value 0)
		Usr 0 00:18:33, Sys 0 00:00:46  -  Run Remote Usage
		Usr 0 00:00:00, Sys 0 00:00:00  -  Run Local Usage
		Usr 0 00:18:33, Sys 0 00:00:46  -  Total Remote Usage
		Usr 0 00:00:00, Sys 0 00:00:00  -  Total Local Usage
	0  -  Run Bytes Sent By Job
	0  -  Run Bytes Received By Job
	0  -  Total Bytes Sent By Job
	0  -  Total Bytes Received By Job
	Partitionable Resources :    Usage  Request Allocated
	   Cpus                 :                 1         1
	   Disk (KB)            :        1        1  19563446
	   Memory (MB)          :      575        1      4033
...
