000 (2497151.031.000) 11/09 14:58:11 Job submitted from host: <192.168.1.109:9714>
...
001 (2497151.031.000) 11/09 14:58:18 Job executing on host: <192.168.1.57:9618?addrs=192.168.1.57-9618+[--1]-9618&noUDP&sock=2389_8c3f_3>
...
006 (2497151.031.000) 11/09 14:58:26 Image size of job updated: 358728
	64  -  MemoryUsage of job (MB)
	65244  -  ResidentSetSize of job (KB)
...
006 (2497151.031.000) 11/09 14:58:43 Image size of job updated: 491044
	64  -  MemoryUsage of job (MB)
	65244  -  ResidentSetSize of job (KB)
...
005 (2497151.031.000) 11/09 14:58:43 Job terminated.
	(1) Normal termination (return value 0)
		Usr 0 00:00:11, Sys 0 00:00:00  -  Run Remote Usage
		Usr 0 00:00:00, Sys 0 00:00:00  -  Run Local Usage
		Usr 0 00:00:11, Sys 0 00:00:00  -  Total Remote Usage
		Usr 0 00:00:00, Sys 0 00:00:00  -  Total Local Usage
	0  -  Run Bytes Sent By Job
	0  -  Run Bytes Received By Job
	0  -  Total Bytes Sent By Job
	0  -  Total Bytes Received By Job
	Partitionable Resources :    Usage  Request Allocated
	   Cpus                 :                 1         1
	   Disk (KB)            :        1        1   1563560
	   Memory (MB)          :       64        1         1
...
