000 (2492274.034.000) 11/08 21:21:59 Job submitted from host: <192.168.1.109:9714>
...
001 (2492274.034.000) 11/08 21:22:40 Job executing on host: <192.168.1.48:9634>
...
006 (2492274.034.000) 11/08 21:22:49 Image size of job updated: 1
	3  -  MemoryUsage of job (MB)
	2108  -  ResidentSetSize of job (KB)
...
006 (2492274.034.000) 11/08 21:27:50 Image size of job updated: 1051012
	501  -  MemoryUsage of job (MB)
	512696  -  ResidentSetSize of job (KB)
...
006 (2492274.034.000) 11/08 21:32:50 Image size of job updated: 1051012
	507  -  MemoryUsage of job (MB)
	518508  -  ResidentSetSize of job (KB)
...
006 (2492274.034.000) 11/08 21:37:50 Image size of job updated: 1051012
	508  -  MemoryUsage of job (MB)
	519300  -  ResidentSetSize of job (KB)
...
006 (2492274.034.000) 11/08 21:42:51 Image size of job updated: 1051012
	508  -  MemoryUsage of job (MB)
	519504  -  ResidentSetSize of job (KB)
...
006 (2492274.034.000) 11/08 21:47:51 Image size of job updated: 1051012
	508  -  MemoryUsage of job (MB)
	519548  -  ResidentSetSize of job (KB)
...
006 (2492274.034.000) 11/08 21:52:51 Image size of job updated: 1051012
	508  -  MemoryUsage of job (MB)
	519604  -  ResidentSetSize of job (KB)
...
006 (2492274.034.000) 11/08 22:02:52 Image size of job updated: 1051012
	508  -  MemoryUsage of job (MB)
	519656  -  ResidentSetSize of job (KB)
...
006 (2492274.034.000) 11/08 22:07:52 Image size of job updated: 1051012
	508  -  MemoryUsage of job (MB)
	519660  -  ResidentSetSize of job (KB)
...
006 (2492274.034.000) 11/08 22:12:53 Image size of job updated: 1051012
	508  -  MemoryUsage of job (MB)
	519732  -  ResidentSetSize of job (KB)
...
005 (2492274.034.000) 11/08 22:16:02 Job terminated.
	(1) Normal termination (return value 0)
		Usr 0 00:09:09, Sys 0 00:00:37  -  Run Remote Usage
		Usr 0 00:00:00, Sys 0 00:00:00  -  Run Local Usage
		Usr 0 00:09:09, Sys 0 00:00:37  -  Total Remote Usage
		Usr 0 00:00:00, Sys 0 00:00:00  -  Total Local Usage
	0  -  Run Bytes Sent By Job
	0  -  Run Bytes Received By Job
	0  -  Total Bytes Sent By Job
	0  -  Total Bytes Received By Job
	Partitionable Resources :    Usage  Request Allocated
	   Cpus                 :                 1         1
	   Disk (KB)            :        1        1  28379962
	   Memory (MB)          :      508        1      4033
...
