000 (2492235.046.000) 11/08 21:19:19 Job submitted from host: <192.168.1.109:9714>
...
001 (2492235.046.000) 11/08 21:19:39 Job executing on host: <192.168.1.46:9845>
...
006 (2492235.046.000) 11/08 21:19:48 Image size of job updated: 97668
	3  -  MemoryUsage of job (MB)
	2684  -  ResidentSetSize of job (KB)
...
006 (2492235.046.000) 11/08 21:24:49 Image size of job updated: 1051016
	432  -  MemoryUsage of job (MB)
	441512  -  ResidentSetSize of job (KB)
...
006 (2492235.046.000) 11/08 21:29:49 Image size of job updated: 1051016
	432  -  MemoryUsage of job (MB)
	441852  -  ResidentSetSize of job (KB)
...
006 (2492235.046.000) 11/08 21:34:49 Image size of job updated: 1051016
	432  -  MemoryUsage of job (MB)
	441980  -  ResidentSetSize of job (KB)
...
006 (2492235.046.000) 11/08 21:39:50 Image size of job updated: 1051016
	432  -  MemoryUsage of job (MB)
	442168  -  ResidentSetSize of job (KB)
...
006 (2492235.046.000) 11/08 21:49:50 Image size of job updated: 1051016
	432  -  MemoryUsage of job (MB)
	442188  -  ResidentSetSize of job (KB)
...
006 (2492235.046.000) 11/08 21:54:51 Image size of job updated: 1051016
	432  -  MemoryUsage of job (MB)
	442224  -  ResidentSetSize of job (KB)
...
006 (2492235.046.000) 11/08 21:59:51 Image size of job updated: 1051016
	432  -  MemoryUsage of job (MB)
	442260  -  ResidentSetSize of job (KB)
...
006 (2492235.046.000) 11/08 22:04:51 Image size of job updated: 1051016
	432  -  MemoryUsage of job (MB)
	442268  -  ResidentSetSize of job (KB)
...
006 (2492235.046.000) 11/08 22:09:52 Image size of job updated: 1051016
	432  -  MemoryUsage of job (MB)
	442276  -  ResidentSetSize of job (KB)
...
006 (2492235.046.000) 11/08 22:14:52 Image size of job updated: 1051016
	432  -  MemoryUsage of job (MB)
	442320  -  ResidentSetSize of job (KB)
...
006 (2492235.046.000) 11/08 22:19:52 Image size of job updated: 1051016
	432  -  MemoryUsage of job (MB)
	442332  -  ResidentSetSize of job (KB)
...
006 (2492235.046.000) 11/08 22:24:53 Image size of job updated: 1051016
	432  -  MemoryUsage of job (MB)
	442344  -  ResidentSetSize of job (KB)
...
006 (2492235.046.000) 11/08 22:34:53 Image size of job updated: 1051016
	554  -  MemoryUsage of job (MB)
	566312  -  ResidentSetSize of job (KB)
...
005 (2492235.046.000) 11/08 22:37:45 Job terminated.
	(1) Normal termination (return value 0)
		Usr 0 00:10:31, Sys 0 00:00:50  -  Run Remote Usage
		Usr 0 00:00:00, Sys 0 00:00:00  -  Run Local Usage
		Usr 0 00:10:31, Sys 0 00:00:50  -  Total Remote Usage
		Usr 0 00:00:00, Sys 0 00:00:00  -  Total Local Usage
	0  -  Run Bytes Sent By Job
	0  -  Run Bytes Received By Job
	0  -  Total Bytes Sent By Job
	0  -  Total Bytes Received By Job
	Partitionable Resources :    Usage  Request Allocated
	   Cpus                 :                 1         1
	   Disk (KB)            :        1        1   2371780
	   Memory (MB)          :      554        1      4035
...
