000 (2493183.046.000) 11/09 00:44:13 Job submitted from host: <192.168.1.109:9714>
...
001 (2493183.046.000) 11/09 00:44:23 Job executing on host: <192.168.1.50:9434>
...
006 (2493183.046.000) 11/09 00:44:31 Image size of job updated: 441572
	120  -  MemoryUsage of job (MB)
	122204  -  ResidentSetSize of job (KB)
...
006 (2493183.046.000) 11/09 00:49:31 Image size of job updated: 1045444
	491  -  MemoryUsage of job (MB)
	502508  -  ResidentSetSize of job (KB)
...
006 (2493183.046.000) 11/09 00:54:32 Image size of job updated: 1045444
	492  -  MemoryUsage of job (MB)
	502944  -  ResidentSetSize of job (KB)
...
006 (2493183.046.000) 11/09 00:59:32 Image size of job updated: 1045444
	492  -  MemoryUsage of job (MB)
	503000  -  ResidentSetSize of job (KB)
...
006 (2493183.046.000) 11/09 01:04:32 Image size of job updated: 1045444
	492  -  MemoryUsage of job (MB)
	503132  -  ResidentSetSize of job (KB)
...
006 (2493183.046.000) 11/09 01:09:33 Image size of job updated: 1045444
	492  -  MemoryUsage of job (MB)
	503156  -  ResidentSetSize of job (KB)
...
006 (2493183.046.000) 11/09 01:14:33 Image size of job updated: 1045444
	498  -  MemoryUsage of job (MB)
	509176  -  ResidentSetSize of job (KB)
...
005 (2493183.046.000) 11/09 01:14:55 Job terminated.
	(1) Normal termination (return value 0)
		Usr 0 00:06:03, Sys 0 00:00:31  -  Run Remote Usage
		Usr 0 00:00:00, Sys 0 00:00:00  -  Run Local Usage
		Usr 0 00:06:03, Sys 0 00:00:31  -  Total Remote Usage
		Usr 0 00:00:00, Sys 0 00:00:00  -  Total Local Usage
	0  -  Run Bytes Sent By Job
	0  -  Run Bytes Received By Job
	0  -  Total Bytes Sent By Job
	0  -  Total Bytes Received By Job
	Partitionable Resources :    Usage  Request Allocated
	   Cpus                 :                 1         1
	   Disk (KB)            :        1        1  28380038
	   Memory (MB)          :      498        1      4033
...
