000 (2506672.034.000) 11/17 00:35:27 Job submitted from host: <192.168.1.109:9714>
...
001 (2506672.034.000) 11/17 00:35:46 Job executing on host: <192.168.1.48:9634>
...
006 (2506672.034.000) 11/17 00:35:55 Image size of job updated: 320268
	32  -  MemoryUsage of job (MB)
	32212  -  ResidentSetSize of job (KB)
...
006 (2506672.034.000) 11/17 00:36:01 Image size of job updated: 475288
	32  -  MemoryUsage of job (MB)
	32212  -  ResidentSetSize of job (KB)
...
005 (2506672.034.000) 11/17 00:36:01 Job terminated.
	(1) Normal termination (return value 0)
		Usr 0 00:00:07, Sys 0 00:00:00  -  Run Remote Usage
		Usr 0 00:00:00, Sys 0 00:00:00  -  Run Local Usage
		Usr 0 00:00:07, Sys 0 00:00:00  -  Total Remote Usage
		Usr 0 00:00:00, Sys 0 00:00:00  -  Total Local Usage
	0  -  Run Bytes Sent By Job
	0  -  Run Bytes Received By Job
	0  -  Total Bytes Sent By Job
	0  -  Total Bytes Received By Job
	Partitionable Resources :    Usage  Request Allocated
	   Cpus                 :                 1         1
	   Disk (KB)            :        1        1  28380773
	   Memory (MB)          :       32        1      4033
...
