000 (2492235.090.000) 11/08 21:19:20 Job submitted from host: <192.168.1.109:9714>
...
001 (2492235.090.000) 11/08 21:20:13 Job executing on host: <192.168.1.44:9507>
...
006 (2492235.090.000) 11/08 21:20:21 Image size of job updated: 32840
	3  -  MemoryUsage of job (MB)
	2560  -  ResidentSetSize of job (KB)
...
006 (2492235.090.000) 11/08 21:25:22 Image size of job updated: 1012532
	481  -  MemoryUsage of job (MB)
	491588  -  ResidentSetSize of job (KB)
...
006 (2492235.090.000) 11/08 21:30:22 Image size of job updated: 1012532
	484  -  MemoryUsage of job (MB)
	494772  -  ResidentSetSize of job (KB)
...
006 (2492235.090.000) 11/08 21:35:23 Image size of job updated: 1012532
	484  -  MemoryUsage of job (MB)
	495444  -  ResidentSetSize of job (KB)
...
006 (2492235.090.000) 11/08 21:40:23 Image size of job updated: 1012532
	485  -  MemoryUsage of job (MB)
	496068  -  ResidentSetSize of job (KB)
...
006 (2492235.090.000) 11/08 21:45:25 Image size of job updated: 1012532
	485  -  MemoryUsage of job (MB)
	496232  -  ResidentSetSize of job (KB)
...
006 (2492235.090.000) 11/08 21:50:25 Image size of job updated: 1012532
	486  -  MemoryUsage of job (MB)
	496704  -  ResidentSetSize of job (KB)
...
006 (2492235.090.000) 11/08 21:55:25 Image size of job updated: 1012532
	486  -  MemoryUsage of job (MB)
	496932  -  ResidentSetSize of job (KB)
...
006 (2492235.090.000) 11/08 22:00:27 Image size of job updated: 1012532
	486  -  MemoryUsage of job (MB)
	496964  -  ResidentSetSize of job (KB)
...
005 (2492235.090.000) 11/08 22:02:59 Job terminated.
	(1) Normal termination (return value 0)
		Usr 0 00:04:20, Sys 0 00:00:16  -  Run Remote Usage
		Usr 0 00:00:00, Sys 0 00:00:00  -  Run Local Usage
		Usr 0 00:04:20, Sys 0 00:00:16  -  Total Remote Usage
		Usr 0 00:00:00, Sys 0 00:00:00  -  Total Local Usage
	0  -  Run Bytes Sent By Job
	0  -  Run Bytes Received By Job
	0  -  Total Bytes Sent By Job
	0  -  Total Bytes Received By Job
	Partitionable Resources :    Usage  Request Allocated
	   Cpus                 :                 1         1
	   Disk (KB)            :        1        1   2369791
	   Memory (MB)          :      486        1      4035
...
