000 (2492274.078.000) 11/08 21:22:00 Job submitted from host: <192.168.1.109:9714>
...
001 (2492274.078.000) 11/08 21:22:54 Job executing on host: <192.168.1.50:9434>
...
006 (2492274.078.000) 11/08 21:23:32 Image size of job updated: 24372
	3  -  MemoryUsage of job (MB)
	2456  -  ResidentSetSize of job (KB)
...
006 (2492274.078.000) 11/08 21:28:32 Image size of job updated: 958716
	412  -  MemoryUsage of job (MB)
	421232  -  ResidentSetSize of job (KB)
...
006 (2492274.078.000) 11/08 21:33:32 Image size of job updated: 1012528
	483  -  MemoryUsage of job (MB)
	494272  -  ResidentSetSize of job (KB)
...
006 (2492274.078.000) 11/08 21:38:33 Image size of job updated: 1012528
	484  -  MemoryUsage of job (MB)
	495592  -  ResidentSetSize of job (KB)
...
006 (2492274.078.000) 11/08 21:43:33 Image size of job updated: 1012528
	485  -  MemoryUsage of job (MB)
	495760  -  ResidentSetSize of job (KB)
...
006 (2492274.078.000) 11/08 21:48:33 Image size of job updated: 1012528
	485  -  MemoryUsage of job (MB)
	496420  -  ResidentSetSize of job (KB)
...
005 (2492274.078.000) 11/08 21:51:44 Job terminated.
	(1) Normal termination (return value 0)
		Usr 0 00:03:50, Sys 0 00:00:13  -  Run Remote Usage
		Usr 0 00:00:00, Sys 0 00:00:00  -  Run Local Usage
		Usr 0 00:03:50, Sys 0 00:00:13  -  Total Remote Usage
		Usr 0 00:00:00, Sys 0 00:00:00  -  Total Local Usage
	0  -  Run Bytes Sent By Job
	0  -  Run Bytes Received By Job
	0  -  Total Bytes Sent By Job
	0  -  Total Bytes Received By Job
	Partitionable Resources :    Usage  Request Allocated
	   Cpus                 :                 1         1
	   Disk (KB)            :        1        1  28379735
	   Memory (MB)          :      485        1      4033
...
