000 (2493183.090.000) 11/09 00:44:14 Job submitted from host: <192.168.1.109:9714>
...
001 (2493183.090.000) 11/09 00:44:27 Job executing on host: <192.168.1.42:9515>
...
006 (2493183.090.000) 11/09 00:44:36 Image size of job updated: 97664
	3  -  MemoryUsage of job (MB)
	2692  -  ResidentSetSize of job (KB)
...
006 (2493183.090.000) 11/09 00:49:38 Image size of job updated: 1053348
	501  -  MemoryUsage of job (MB)
	512596  -  ResidentSetSize of job (KB)
...
006 (2493183.090.000) 11/09 00:54:38 Image size of job updated: 1053348
	502  -  MemoryUsage of job (MB)
	513112  -  ResidentSetSize of job (KB)
...
006 (2493183.090.000) 11/09 00:59:38 Image size of job updated: 1053348
	502  -  MemoryUsage of job (MB)
	513124  -  ResidentSetSize of job (KB)
...
006 (2493183.090.000) 11/09 01:04:39 Image size of job updated: 1053348
	502  -  MemoryUsage of job (MB)
	513136  -  ResidentSetSize of job (KB)
...
005 (2493183.090.000) 11/09 01:05:51 Job terminated.
	(1) Normal termination (return value 0)
		Usr 0 00:03:19, Sys 0 00:00:12  -  Run Remote Usage
		Usr 0 00:00:00, Sys 0 00:00:00  -  Run Local Usage
		Usr 0 00:03:19, Sys 0 00:00:12  -  Total Remote Usage
		Usr 0 00:00:00, Sys 0 00:00:00  -  Total Local Usage
	0  -  Run Bytes Sent By Job
	0  -  Run Bytes Received By Job
	0  -  Total Bytes Sent By Job
	0  -  Total Bytes Received By Job
	Partitionable Resources :    Usage  Request Allocated
	   Cpus                 :                 1         1
	   Disk (KB)            :        1        1   2371455
	   Memory (MB)          :      502        1      4035
...
