000 (2485823.131.000) 11/07 23:48:31 Job submitted from host: <192.168.1.109:9714>
...
001 (2485823.131.000) 11/07 23:48:44 Job executing on host: <192.168.1.51:9694>
...
006 (2485823.131.000) 11/07 23:48:52 Image size of job updated: 400096
	72  -  MemoryUsage of job (MB)
	72960  -  ResidentSetSize of job (KB)
...
006 (2485823.131.000) 11/07 23:53:52 Image size of job updated: 1001212
	480  -  MemoryUsage of job (MB)
	490832  -  ResidentSetSize of job (KB)
...
006 (2485823.131.000) 11/07 23:58:54 Image size of job updated: 1001212
	495  -  MemoryUsage of job (MB)
	506492  -  ResidentSetSize of job (KB)
...
006 (2485823.131.000) 11/08 00:03:54 Image size of job updated: 1001212
	496  -  MemoryUsage of job (MB)
	507032  -  ResidentSetSize of job (KB)
...
006 (2485823.131.000) 11/08 00:08:54 Image size of job updated: 1001212
	496  -  MemoryUsage of job (MB)
	507796  -  ResidentSetSize of job (KB)
...
006 (2485823.131.000) 11/08 00:13:55 Image size of job updated: 1001212
	496  -  MemoryUsage of job (MB)
	507804  -  ResidentSetSize of job (KB)
...
006 (2485823.131.000) 11/08 00:18:56 Image size of job updated: 1001212
	497  -  MemoryUsage of job (MB)
	508032  -  ResidentSetSize of job (KB)
...
006 (2485823.131.000) 11/08 00:23:56 Image size of job updated: 1001212
	497  -  MemoryUsage of job (MB)
	508172  -  ResidentSetSize of job (KB)
...
006 (2485823.131.000) 11/08 00:28:56 Image size of job updated: 1001212
	497  -  MemoryUsage of job (MB)
	508240  -  ResidentSetSize of job (KB)
...
006 (2485823.131.000) 11/08 00:33:57 Image size of job updated: 1001212
	497  -  MemoryUsage of job (MB)
	508372  -  ResidentSetSize of job (KB)
...
006 (2485823.131.000) 11/08 00:38:57 Image size of job updated: 1001212
	497  -  MemoryUsage of job (MB)
	508556  -  ResidentSetSize of job (KB)
...
006 (2485823.131.000) 11/08 00:48:58 Image size of job updated: 1001212
	497  -  MemoryUsage of job (MB)
	508680  -  ResidentSetSize of job (KB)
...
006 (2485823.131.000) 11/08 00:58:58 Image size of job updated: 1001212
	497  -  MemoryUsage of job (MB)
	508692  -  ResidentSetSize of job (KB)
...
006 (2485823.131.000) 11/08 01:09:00 Image size of job updated: 1001212
	601  -  MemoryUsage of job (MB)
	614828  -  ResidentSetSize of job (KB)
...
006 (2485823.131.000) 11/08 01:14:00 Image size of job updated: 1001212
	616  -  MemoryUsage of job (MB)
	629944  -  ResidentSetSize of job (KB)
...
006 (2485823.131.000) 11/08 01:24:02 Image size of job updated: 1001212
	616  -  MemoryUsage of job (MB)
	629984  -  ResidentSetSize of job (KB)
...
006 (2485823.131.000) 11/08 01:29:02 Image size of job updated: 1001212
	616  -  MemoryUsage of job (MB)
	629988  -  ResidentSetSize of job (KB)
...
005 (2485823.131.000) 11/08 01:29:17 Job terminated.
	(1) Normal termination (return value 0)
		Usr 0 00:17:39, Sys 0 00:01:11  -  Run Remote Usage
		Usr 0 00:00:00, Sys 0 00:00:00  -  Run Local Usage
		Usr 0 00:17:39, Sys 0 00:01:11  -  Total Remote Usage
		Usr 0 00:00:00, Sys 0 00:00:00  -  Total Local Usage
	0  -  Run Bytes Sent By Job
	0  -  Run Bytes Received By Job
	0  -  Total Bytes Sent By Job
	0  -  Total Bytes Received By Job
	Partitionable Resources :    Usage  Request Allocated
	   Cpus                 :                 1         1
	   Disk (KB)            :        1        1  28372504
	   Memory (MB)          :      616        1      4033
...
