000 (2491133.131.000) 11/08 19:40:20 Job submitted from host: <192.168.1.109:9714>
...
001 (2491133.131.000) 11/08 19:40:56 Job executing on host: <192.168.1.50:9434>
...
006 (2491133.131.000) 11/08 19:41:05 Image size of job updated: 97468
	3  -  MemoryUsage of job (MB)
	2180  -  ResidentSetSize of job (KB)
...
006 (2491133.131.000) 11/08 19:46:05 Image size of job updated: 1001208
	498  -  MemoryUsage of job (MB)
	509748  -  ResidentSetSize of job (KB)
...
006 (2491133.131.000) 11/08 19:51:05 Image size of job updated: 1001208
	499  -  MemoryUsage of job (MB)
	510820  -  ResidentSetSize of job (KB)
...
006 (2491133.131.000) 11/08 19:56:06 Image size of job updated: 1001208
	499  -  MemoryUsage of job (MB)
	510876  -  ResidentSetSize of job (KB)
...
006 (2491133.131.000) 11/08 20:01:07 Image size of job updated: 1154484
	688  -  MemoryUsage of job (MB)
	704364  -  ResidentSetSize of job (KB)
...
006 (2491133.131.000) 11/08 20:06:07 Image size of job updated: 1154484
	693  -  MemoryUsage of job (MB)
	709568  -  ResidentSetSize of job (KB)
...
006 (2491133.131.000) 11/08 20:11:08 Image size of job updated: 1154484
	695  -  MemoryUsage of job (MB)
	711252  -  ResidentSetSize of job (KB)
...
005 (2491133.131.000) 11/08 20:12:08 Job terminated.
	(1) Normal termination (return value 0)
		Usr 0 00:16:31, Sys 0 00:01:01  -  Run Remote Usage
		Usr 0 00:00:00, Sys 0 00:00:00  -  Run Local Usage
		Usr 0 00:16:31, Sys 0 00:01:01  -  Total Remote Usage
		Usr 0 00:00:00, Sys 0 00:00:00  -  Total Local Usage
	0  -  Run Bytes Sent By Job
	0  -  Run Bytes Received By Job
	0  -  Total Bytes Sent By Job
	0  -  Total Bytes Received By Job
	Partitionable Resources :    Usage  Request Allocated
	   Cpus                 :                 1         1
	   Disk (KB)            :        1        1  28379675
	   Memory (MB)          :      695        1      4033
...
