000 (2485823.054.000) 11/07 23:48:29 Job submitted from host: <192.168.1.109:9714>
...
001 (2485823.054.000) 11/07 23:48:39 Job executing on host: <192.168.1.49:9578>
...
006 (2485823.054.000) 11/07 23:48:47 Image size of job updated: 24372
	3  -  MemoryUsage of job (MB)
	2532  -  ResidentSetSize of job (KB)
...
006 (2485823.054.000) 11/07 23:53:47 Image size of job updated: 1018960
	592  -  MemoryUsage of job (MB)
	605944  -  ResidentSetSize of job (KB)
...
006 (2485823.054.000) 11/07 23:58:48 Image size of job updated: 1018960
	618  -  MemoryUsage of job (MB)
	632052  -  ResidentSetSize of job (KB)
...
006 (2485823.054.000) 11/08 00:03:48 Image size of job updated: 1018960
	618  -  MemoryUsage of job (MB)
	632488  -  ResidentSetSize of job (KB)
...
006 (2485823.054.000) 11/08 00:18:49 Image size of job updated: 1018960
	618  -  MemoryUsage of job (MB)
	632660  -  ResidentSetSize of job (KB)
...
006 (2485823.054.000) 11/08 00:23:49 Image size of job updated: 1018960
	618  -  MemoryUsage of job (MB)
	632672  -  ResidentSetSize of job (KB)
...
006 (2485823.054.000) 11/08 00:28:50 Image size of job updated: 1018960
	621  -  MemoryUsage of job (MB)
	635876  -  ResidentSetSize of job (KB)
...
005 (2485823.054.000) 11/08 00:30:58 Job terminated.
	(1) Normal termination (return value 0)
		Usr 0 00:12:08, Sys 0 00:00:39  -  Run Remote Usage
		Usr 0 00:00:00, Sys 0 00:00:00  -  Run Local Usage
		Usr 0 00:12:08, Sys 0 00:00:39  -  Total Remote Usage
		Usr 0 00:00:00, Sys 0 00:00:00  -  Total Local Usage
	0  -  Run Bytes Sent By Job
	0  -  Run Bytes Received By Job
	0  -  Total Bytes Sent By Job
	0  -  Total Bytes Received By Job
	Partitionable Resources :    Usage  Request Allocated
	   Cpus                 :                 1         1
	   Disk (KB)            :        1        1  28360962
	   Memory (MB)          :      621        1      4033
...
