000 (2492952.014.000) 11/08 23:57:21 Job submitted from host: <192.168.1.109:9714>
...
001 (2492952.014.000) 11/08 23:57:53 Job executing on host: <192.168.1.44:9507>
...
006 (2492952.014.000) 11/08 23:58:02 Image size of job updated: 400224
	75  -  MemoryUsage of job (MB)
	76380  -  ResidentSetSize of job (KB)
...
005 (2492952.014.000) 11/08 23:58:04 Job terminated.
	(1) Normal termination (return value 6)
		Usr 0 00:00:01, Sys 0 00:00:00  -  Run Remote Usage
		Usr 0 00:00:00, Sys 0 00:00:00  -  Run Local Usage
		Usr 0 00:00:01, Sys 0 00:00:00  -  Total Remote Usage
		Usr 0 00:00:00, Sys 0 00:00:00  -  Total Local Usage
	0  -  Run Bytes Sent By Job
	0  -  Run Bytes Received By Job
	0  -  Total Bytes Sent By Job
	0  -  Total Bytes Received By Job
	Partitionable Resources :    Usage  Request Allocated
	   Cpus                 :                 1         1
	   Disk (KB)            :        1        1   2370460
	   Memory (MB)          :       75        1      4035
...
