000 (2504797.014.000) 11/15 23:49:55 Job submitted from host: <192.168.1.109:9714>
...
001 (2504797.014.000) 11/15 23:50:14 Job executing on host: <192.168.1.65:9393>
...
006 (2504797.014.000) 11/15 23:50:22 Image size of job updated: 181660
	32  -  MemoryUsage of job (MB)
	31788  -  ResidentSetSize of job (KB)
...
006 (2504797.014.000) 11/15 23:51:00 Image size of job updated: 476980
	32  -  MemoryUsage of job (MB)
	31788  -  ResidentSetSize of job (KB)
...
005 (2504797.014.000) 11/15 23:51:00 Job terminated.
	(1) Normal termination (return value 0)
		Usr 0 00:00:24, Sys 0 00:00:01  -  Run Remote Usage
		Usr 0 00:00:00, Sys 0 00:00:00  -  Run Local Usage
		Usr 0 00:00:24, Sys 0 00:00:01  -  Total Remote Usage
		Usr 0 00:00:00, Sys 0 00:00:00  -  Total Local Usage
	0  -  Run Bytes Sent By Job
	0  -  Run Bytes Received By Job
	0  -  Total Bytes Sent By Job
	0  -  Total Bytes Received By Job
	Partitionable Resources :    Usage  Request Allocated
	   Cpus                 :                 1         1
	   Disk (KB)            :        1        1  19564008
	   Memory (MB)          :       32        1      4033
...
