000 (2485823.118.000) 11/07 23:48:30 Job submitted from host: <192.168.1.109:9714>
...
001 (2485823.118.000) 11/07 23:48:43 Job executing on host: <192.168.1.58:9618?addrs=192.168.1.58-9618+[--1]-9618&noUDP&sock=2203_f7a2_3>
...
006 (2485823.118.000) 11/07 23:48:52 Image size of job updated: 49780
	2  -  MemoryUsage of job (MB)
	1352  -  ResidentSetSize of job (KB)
...
006 (2485823.118.000) 11/07 23:53:52 Image size of job updated: 966196
	484  -  MemoryUsage of job (MB)
	495172  -  ResidentSetSize of job (KB)
...
006 (2485823.118.000) 11/07 23:58:52 Image size of job updated: 966196
	484  -  MemoryUsage of job (MB)
	495196  -  ResidentSetSize of job (KB)
...
006 (2485823.118.000) 11/08 00:03:53 Image size of job updated: 966196
	484  -  MemoryUsage of job (MB)
	495228  -  ResidentSetSize of job (KB)
...
006 (2485823.118.000) 11/08 00:08:53 Image size of job updated: 966196
	518  -  MemoryUsage of job (MB)
	529504  -  ResidentSetSize of job (KB)
...
006 (2485823.118.000) 11/08 00:13:53 Image size of job updated: 966196
	579  -  MemoryUsage of job (MB)
	592276  -  ResidentSetSize of job (KB)
...
006 (2485823.118.000) 11/08 00:23:55 Image size of job updated: 966196
	579  -  MemoryUsage of job (MB)
	592280  -  ResidentSetSize of job (KB)
...
006 (2485823.118.000) 11/08 00:33:56 Image size of job updated: 966196
	579  -  MemoryUsage of job (MB)
	592284  -  ResidentSetSize of job (KB)
...
006 (2485823.118.000) 11/08 00:38:57 Image size of job updated: 966196
	579  -  MemoryUsage of job (MB)
	592392  -  ResidentSetSize of job (KB)
...
006 (2485823.118.000) 11/08 00:43:57 Image size of job updated: 966196
	579  -  MemoryUsage of job (MB)
	592484  -  ResidentSetSize of job (KB)
...
006 (2485823.118.000) 11/08 00:48:57 Image size of job updated: 966196
	579  -  MemoryUsage of job (MB)
	592504  -  ResidentSetSize of job (KB)
...
006 (2485823.118.000) 11/08 00:53:58 Image size of job updated: 966196
	579  -  MemoryUsage of job (MB)
	592516  -  ResidentSetSize of job (KB)
...
006 (2485823.118.000) 11/08 01:03:58 Image size of job updated: 966196
	579  -  MemoryUsage of job (MB)
	592520  -  ResidentSetSize of job (KB)
...
006 (2485823.118.000) 11/08 01:24:01 Image size of job updated: 966196
	580  -  MemoryUsage of job (MB)
	593068  -  ResidentSetSize of job (KB)
...
006 (2485823.118.000) 11/08 01:29:02 Image size of job updated: 966196
	580  -  MemoryUsage of job (MB)
	593504  -  ResidentSetSize of job (KB)
...
006 (2485823.118.000) 11/08 01:34:02 Image size of job updated: 966196
	580  -  MemoryUsage of job (MB)
	593616  -  ResidentSetSize of job (KB)
...
006 (2485823.118.000) 11/08 01:44:03 Image size of job updated: 966196
	580  -  MemoryUsage of job (MB)
	593628  -  ResidentSetSize of job (KB)
...
006 (2485823.118.000) 11/08 01:54:03 Image size of job updated: 966196
	581  -  MemoryUsage of job (MB)
	594764  -  ResidentSetSize of job (KB)
...
006 (2485823.118.000) 11/08 01:59:04 Image size of job updated: 966196
	582  -  MemoryUsage of job (MB)
	595144  -  ResidentSetSize of job (KB)
...
006 (2485823.118.000) 11/08 02:04:04 Image size of job updated: 966196
	583  -  MemoryUsage of job (MB)
	596020  -  ResidentSetSize of job (KB)
...
006 (2485823.118.000) 11/08 02:09:04 Image size of job updated: 966196
	583  -  MemoryUsage of job (MB)
	596096  -  ResidentSetSize of job (KB)
...
006 (2485823.118.000) 11/08 02:14:05 Image size of job updated: 967044
	587  -  MemoryUsage of job (MB)
	600568  -  ResidentSetSize of job (KB)
...
006 (2485823.118.000) 11/08 02:19:06 Image size of job updated: 967936
	588  -  MemoryUsage of job (MB)
	601140  -  ResidentSetSize of job (KB)
...
006 (2485823.118.000) 11/08 02:24:06 Image size of job updated: 968068
	588  -  MemoryUsage of job (MB)
	601472  -  ResidentSetSize of job (KB)
...
006 (2485823.118.000) 11/08 02:29:07 Image size of job updated: 968068
	588  -  MemoryUsage of job (MB)
	601504  -  ResidentSetSize of job (KB)
...
006 (2485823.118.000) 11/08 02:34:08 Image size of job updated: 968200
	588  -  MemoryUsage of job (MB)
	601536  -  ResidentSetSize of job (KB)
...
006 (2485823.118.000) 11/08 02:39:08 Image size of job updated: 968200
	588  -  MemoryUsage of job (MB)
	601732  -  ResidentSetSize of job (KB)
...
006 (2485823.118.000) 11/08 02:42:54 Image size of job updated: 968332
	588  -  MemoryUsage of job (MB)
	601732  -  ResidentSetSize of job (KB)
...
005 (2485823.118.000) 11/08 02:42:54 Job terminated.
	(1) Normal termination (return value 0)
		Usr 0 01:47:52, Sys 0 00:05:10  -  Run Remote Usage
		Usr 0 00:00:00, Sys 0 00:00:00  -  Run Local Usage
		Usr 0 01:47:52, Sys 0 00:05:10  -  Total Remote Usage
		Usr 0 00:00:00, Sys 0 00:00:00  -  Total Local Usage
	0  -  Run Bytes Sent By Job
	0  -  Run Bytes Received By Job
	0  -  Total Bytes Sent By Job
	0  -  Total Bytes Received By Job
	Partitionable Resources :    Usage  Request Allocated
	   Cpus                 :                 1         1
	   Disk (KB)            :        1        1   1563588
	   Memory (MB)          :      588        1         1
...
