000 (2491133.118.000) 11/08 19:40:20 Job submitted from host: <192.168.1.109:9714>
...
001 (2491133.118.000) 11/08 19:40:55 Job executing on host: <192.168.1.47:9634>
...
006 (2491133.118.000) 11/08 19:41:03 Image size of job updated: 440840
	103  -  MemoryUsage of job (MB)
	105440  -  ResidentSetSize of job (KB)
...
006 (2491133.118.000) 11/08 19:46:03 Image size of job updated: 966244
	470  -  MemoryUsage of job (MB)
	480644  -  ResidentSetSize of job (KB)
...
006 (2491133.118.000) 11/08 19:51:04 Image size of job updated: 966244
	470  -  MemoryUsage of job (MB)
	480660  -  ResidentSetSize of job (KB)
...
006 (2491133.118.000) 11/08 19:56:05 Image size of job updated: 966244
	470  -  MemoryUsage of job (MB)
	480684  -  ResidentSetSize of job (KB)
...
006 (2491133.118.000) 11/08 20:01:05 Image size of job updated: 1160508
	682  -  MemoryUsage of job (MB)
	697656  -  ResidentSetSize of job (KB)
...
006 (2491133.118.000) 11/08 20:06:05 Image size of job updated: 1160508
	788  -  MemoryUsage of job (MB)
	806784  -  ResidentSetSize of job (KB)
...
006 (2491133.118.000) 11/08 20:11:06 Image size of job updated: 1160508
	825  -  MemoryUsage of job (MB)
	844520  -  ResidentSetSize of job (KB)
...
006 (2491133.118.000) 11/08 20:16:06 Image size of job updated: 1160508
	826  -  MemoryUsage of job (MB)
	844904  -  ResidentSetSize of job (KB)
...
006 (2491133.118.000) 11/08 20:21:06 Image size of job updated: 1160508
	826  -  MemoryUsage of job (MB)
	845280  -  ResidentSetSize of job (KB)
...
006 (2491133.118.000) 11/08 20:26:07 Image size of job updated: 1160508
	826  -  MemoryUsage of job (MB)
	845740  -  ResidentSetSize of job (KB)
...
006 (2491133.118.000) 11/08 20:31:07 Image size of job updated: 1160508
	827  -  MemoryUsage of job (MB)
	846624  -  ResidentSetSize of job (KB)
...
006 (2491133.118.000) 11/08 20:36:07 Image size of job updated: 1160508
	828  -  MemoryUsage of job (MB)
	846992  -  ResidentSetSize of job (KB)
...
005 (2491133.118.000) 11/08 21:11:13 Job terminated.
	(1) Normal termination (return value 0)
		Usr 0 00:59:20, Sys 0 00:03:15  -  Run Remote Usage
		Usr 0 00:00:00, Sys 0 00:00:00  -  Run Local Usage
		Usr 0 00:59:20, Sys 0 00:03:15  -  Total Remote Usage
		Usr 0 00:00:00, Sys 0 00:00:00  -  Total Local Usage
	0  -  Run Bytes Sent By Job
	0  -  Run Bytes Received By Job
	0  -  Total Bytes Sent By Job
	0  -  Total Bytes Received By Job
	Partitionable Resources :    Usage  Request Allocated
	   Cpus                 :                 1         1
	   Disk (KB)            :        1        1  28380611
	   Memory (MB)          :      828        1      4033
...
