000 (2491133.089.000) 11/08 19:40:19 Job submitted from host: <192.168.1.109:9714>
...
001 (2491133.089.000) 11/08 19:40:53 Job executing on host: <192.168.1.50:9434>
...
006 (2491133.089.000) 11/08 19:41:02 Image size of job updated: 352020
	41  -  MemoryUsage of job (MB)
	41456  -  ResidentSetSize of job (KB)
...
006 (2491133.089.000) 11/08 19:46:03 Image size of job updated: 1026320
	502  -  MemoryUsage of job (MB)
	513280  -  ResidentSetSize of job (KB)
...
006 (2491133.089.000) 11/08 19:51:03 Image size of job updated: 1026320
	502  -  MemoryUsage of job (MB)
	513972  -  ResidentSetSize of job (KB)
...
006 (2491133.089.000) 11/08 19:56:03 Image size of job updated: 1026320
	504  -  MemoryUsage of job (MB)
	515400  -  ResidentSetSize of job (KB)
...
006 (2491133.089.000) 11/08 19:57:56 Image size of job updated: 1183136
	504  -  MemoryUsage of job (MB)
	515400  -  ResidentSetSize of job (KB)
...
005 (2491133.089.000) 11/08 19:57:56 Job terminated.
	(1) Normal termination (return value 0)
		Usr 0 00:03:33, Sys 0 00:00:13  -  Run Remote Usage
		Usr 0 00:00:00, Sys 0 00:00:00  -  Run Local Usage
		Usr 0 00:03:33, Sys 0 00:00:13  -  Total Remote Usage
		Usr 0 00:00:00, Sys 0 00:00:00  -  Total Local Usage
	0  -  Run Bytes Sent By Job
	0  -  Run Bytes Received By Job
	0  -  Total Bytes Sent By Job
	0  -  Total Bytes Received By Job
	Partitionable Resources :    Usage  Request Allocated
	   Cpus                 :                 1         1
	   Disk (KB)            :        1        1  28379675
	   Memory (MB)          :      504        1      4033
...
