000 (2511949.117.000) 11/17 23:24:51 Job submitted from host: <192.168.1.109:9714>
...
001 (2511949.117.000) 11/17 23:31:26 Job executing on host: <192.168.1.43:9998>
...
006 (2511949.117.000) 11/17 23:31:35 Image size of job updated: 31216
	2  -  MemoryUsage of job (MB)
	1688  -  ResidentSetSize of job (KB)
...
006 (2511949.117.000) 11/17 23:31:41 Image size of job updated: 472640
	2  -  MemoryUsage of job (MB)
	1688  -  ResidentSetSize of job (KB)
...
005 (2511949.117.000) 11/17 23:31:41 Job terminated.
	(1) Normal termination (return value 0)
		Usr 0 00:00:06, Sys 0 00:00:00  -  Run Remote Usage
		Usr 0 00:00:00, Sys 0 00:00:00  -  Run Local Usage
		Usr 0 00:00:06, Sys 0 00:00:00  -  Total Remote Usage
		Usr 0 00:00:00, Sys 0 00:00:00  -  Total Local Usage
	0  -  Run Bytes Sent By Job
	0  -  Run Bytes Received By Job
	0  -  Total Bytes Sent By Job
	0  -  Total Bytes Received By Job
	Partitionable Resources :    Usage  Request Allocated
	   Cpus                 :                 1         1
	   Disk (KB)            :        1        1   2369207
	   Memory (MB)          :        2        1      4035
...
