000 (2492235.022.000) 11/08 21:19:19 Job submitted from host: <192.168.1.109:9714>
...
001 (2492235.022.000) 11/08 21:20:08 Job executing on host: <192.168.1.43:9998>
...
006 (2492235.022.000) 11/08 21:20:17 Image size of job updated: 97664
	3  -  MemoryUsage of job (MB)
	2320  -  ResidentSetSize of job (KB)
...
006 (2492235.022.000) 11/08 21:25:17 Image size of job updated: 1073940
	453  -  MemoryUsage of job (MB)
	463572  -  ResidentSetSize of job (KB)
...
006 (2492235.022.000) 11/08 22:10:23 Image size of job updated: 1073940
	545  -  MemoryUsage of job (MB)
	557432  -  ResidentSetSize of job (KB)
...
006 (2492235.022.000) 11/08 22:15:23 Image size of job updated: 1073940
	564  -  MemoryUsage of job (MB)
	577040  -  ResidentSetSize of job (KB)
...
006 (2492235.022.000) 11/08 22:20:24 Image size of job updated: 1073940
	564  -  MemoryUsage of job (MB)
	577108  -  ResidentSetSize of job (KB)
...
006 (2492235.022.000) 11/08 22:25:24 Image size of job updated: 1073940
	564  -  MemoryUsage of job (MB)
	577156  -  ResidentSetSize of job (KB)
...
005 (2492235.022.000) 11/08 22:28:02 Job terminated.
	(1) Normal termination (return value 0)
		Usr 0 00:11:12, Sys 0 00:00:44  -  Run Remote Usage
		Usr 0 00:00:00, Sys 0 00:00:00  -  Run Local Usage
		Usr 0 00:11:12, Sys 0 00:00:44  -  Total Remote Usage
		Usr 0 00:00:00, Sys 0 00:00:00  -  Total Local Usage
	0  -  Run Bytes Sent By Job
	0  -  Run Bytes Received By Job
	0  -  Total Bytes Sent By Job
	0  -  Total Bytes Received By Job
	Partitionable Resources :    Usage  Request Allocated
	   Cpus                 :                 1         1
	   Disk (KB)            :        1        1   2370308
	   Memory (MB)          :      564        1      4035
...
