000 (2492274.010.000) 11/08 21:21:58 Job submitted from host: <192.168.1.109:9714>
...
001 (2492274.010.000) 11/08 21:22:22 Job executing on host: <192.168.1.68:9996>
...
006 (2492274.010.000) 11/08 21:22:30 Image size of job updated: 437068
	95  -  MemoryUsage of job (MB)
	97132  -  ResidentSetSize of job (KB)
...
006 (2492274.010.000) 11/08 21:27:30 Image size of job updated: 1073944
	480  -  MemoryUsage of job (MB)
	490728  -  ResidentSetSize of job (KB)
...
006 (2492274.010.000) 11/08 21:32:31 Image size of job updated: 1073944
	556  -  MemoryUsage of job (MB)
	568972  -  ResidentSetSize of job (KB)
...
006 (2492274.010.000) 11/08 21:37:31 Image size of job updated: 1073944
	590  -  MemoryUsage of job (MB)
	603348  -  ResidentSetSize of job (KB)
...
006 (2492274.010.000) 11/08 21:42:32 Image size of job updated: 1073944
	590  -  MemoryUsage of job (MB)
	603356  -  ResidentSetSize of job (KB)
...
006 (2492274.010.000) 11/08 21:47:32 Image size of job updated: 1073944
	590  -  MemoryUsage of job (MB)
	603384  -  ResidentSetSize of job (KB)
...
006 (2492274.010.000) 11/08 21:52:32 Image size of job updated: 1073944
	591  -  MemoryUsage of job (MB)
	604764  -  ResidentSetSize of job (KB)
...
006 (2492274.010.000) 11/08 21:57:34 Image size of job updated: 1073944
	591  -  MemoryUsage of job (MB)
	604856  -  ResidentSetSize of job (KB)
...
006 (2492274.010.000) 11/08 22:02:34 Image size of job updated: 1073944
	591  -  MemoryUsage of job (MB)
	604900  -  ResidentSetSize of job (KB)
...
005 (2492274.010.000) 11/08 22:07:12 Job terminated.
	(1) Normal termination (return value 0)
		Usr 0 00:19:46, Sys 0 00:00:50  -  Run Remote Usage
		Usr 0 00:00:00, Sys 0 00:00:00  -  Run Local Usage
		Usr 0 00:19:46, Sys 0 00:00:50  -  Total Remote Usage
		Usr 0 00:00:00, Sys 0 00:00:00  -  Total Local Usage
	0  -  Run Bytes Sent By Job
	0  -  Run Bytes Received By Job
	0  -  Total Bytes Sent By Job
	0  -  Total Bytes Received By Job
	Partitionable Resources :    Usage  Request Allocated
	   Cpus                 :                 1         1
	   Disk (KB)            :        1        1  20251318
	   Memory (MB)          :      591        1      4038
...
