000 (2493183.022.000) 11/09 00:44:13 Job submitted from host: <192.168.1.109:9714>
...
001 (2493183.022.000) 11/09 00:44:21 Job executing on host: <192.168.1.50:9434>
...
006 (2493183.022.000) 11/09 00:44:30 Image size of job updated: 456996
	124  -  MemoryUsage of job (MB)
	126240  -  ResidentSetSize of job (KB)
...
006 (2493183.022.000) 11/09 00:49:30 Image size of job updated: 1064268
	499  -  MemoryUsage of job (MB)
	510080  -  ResidentSetSize of job (KB)
...
006 (2493183.022.000) 11/09 00:54:30 Image size of job updated: 1064268
	499  -  MemoryUsage of job (MB)
	510528  -  ResidentSetSize of job (KB)
...
006 (2493183.022.000) 11/09 00:59:31 Image size of job updated: 1064268
	499  -  MemoryUsage of job (MB)
	510564  -  ResidentSetSize of job (KB)
...
006 (2493183.022.000) 11/09 01:04:32 Image size of job updated: 1064268
	499  -  MemoryUsage of job (MB)
	510752  -  ResidentSetSize of job (KB)
...
006 (2493183.022.000) 11/09 01:09:32 Image size of job updated: 1064268
	594  -  MemoryUsage of job (MB)
	607876  -  ResidentSetSize of job (KB)
...
006 (2493183.022.000) 11/09 01:14:33 Image size of job updated: 1064268
	619  -  MemoryUsage of job (MB)
	633472  -  ResidentSetSize of job (KB)
...
005 (2493183.022.000) 11/09 01:15:41 Job terminated.
	(1) Normal termination (return value 0)
		Usr 0 00:06:24, Sys 0 00:00:32  -  Run Remote Usage
		Usr 0 00:00:00, Sys 0 00:00:00  -  Run Local Usage
		Usr 0 00:06:24, Sys 0 00:00:32  -  Total Remote Usage
		Usr 0 00:00:00, Sys 0 00:00:00  -  Total Local Usage
	0  -  Run Bytes Sent By Job
	0  -  Run Bytes Received By Job
	0  -  Total Bytes Sent By Job
	0  -  Total Bytes Received By Job
	Partitionable Resources :    Usage  Request Allocated
	   Cpus                 :                 1         1
	   Disk (KB)            :        1        1  28380038
	   Memory (MB)          :      619        1      4033
...
