000 (2493172.096.000) 11/09 00:41:42 Job submitted from host: <192.168.1.109:9714>
...
001 (2493172.096.000) 11/09 00:41:55 Job executing on host: <192.168.1.66:9620>
...
006 (2493172.096.000) 11/09 00:42:04 Image size of job updated: 440240
	113  -  MemoryUsage of job (MB)
	115276  -  ResidentSetSize of job (KB)
...
006 (2493172.096.000) 11/09 00:45:33 Image size of job updated: 934068
	113  -  MemoryUsage of job (MB)
	115276  -  ResidentSetSize of job (KB)
...
005 (2493172.096.000) 11/09 00:45:38 Job terminated.
	(1) Normal termination (return value 0)
		Usr 0 00:02:18, Sys 0 00:00:07  -  Run Remote Usage
		Usr 0 00:00:00, Sys 0 00:00:00  -  Run Local Usage
		Usr 0 00:02:18, Sys 0 00:00:07  -  Total Remote Usage
		Usr 0 00:00:00, Sys 0 00:00:00  -  Total Local Usage
	0  -  Run Bytes Sent By Job
	0  -  Run Bytes Received By Job
	0  -  Total Bytes Sent By Job
	0  -  Total Bytes Received By Job
	Partitionable Resources :    Usage  Request Allocated
	   Cpus                 :                 1         1
	   Disk (KB)            :        1        1  19562000
	   Memory (MB)          :      113        1      4033
...
