000 (2504801.096.000) 11/16 00:30:12 Job submitted from host: <192.168.1.109:9714>
...
001 (2504801.096.000) 11/16 00:30:35 Job executing on host: <192.168.1.62:9618?addrs=192.168.1.62-9618+[--1]-9618&noUDP&sock=2400_17ca_3>
...
006 (2504801.096.000) 11/16 00:30:44 Image size of job updated: 31216
	2  -  MemoryUsage of job (MB)
	1684  -  ResidentSetSize of job (KB)
...
006 (2504801.096.000) 11/16 00:35:29 Image size of job updated: 927104
	2  -  MemoryUsage of job (MB)
	1684  -  ResidentSetSize of job (KB)
...
005 (2504801.096.000) 11/16 00:35:29 Job terminated.
	(1) Normal termination (return value 0)
		Usr 0 00:02:26, Sys 0 00:00:18  -  Run Remote Usage
		Usr 0 00:00:00, Sys 0 00:00:00  -  Run Local Usage
		Usr 0 00:02:26, Sys 0 00:00:18  -  Total Remote Usage
		Usr 0 00:00:00, Sys 0 00:00:00  -  Total Local Usage
	0  -  Run Bytes Sent By Job
	0  -  Run Bytes Received By Job
	0  -  Total Bytes Sent By Job
	0  -  Total Bytes Received By Job
	Partitionable Resources :    Usage  Request Allocated
	   Cpus                 :                 1         1
	   Disk (KB)            :        1        1   1563256
	   Memory (MB)          :        2        1         1
...
