000 (2492952.020.000) 11/08 23:57:21 Job submitted from host: <192.168.1.109:9714>
...
001 (2492952.020.000) 11/08 23:57:55 Job executing on host: <192.168.1.43:9998>
...
006 (2492952.020.000) 11/08 23:58:04 Image size of job updated: 386552
	75  -  MemoryUsage of job (MB)
	76748  -  ResidentSetSize of job (KB)
...
006 (2492952.020.000) 11/08 23:58:09 Image size of job updated: 443744
	75  -  MemoryUsage of job (MB)
	76748  -  ResidentSetSize of job (KB)
...
005 (2492952.020.000) 11/08 23:58:10 Job terminated.
	(1) Normal termination (return value 6)
		Usr 0 00:00:03, Sys 0 00:00:00  -  Run Remote Usage
		Usr 0 00:00:00, Sys 0 00:00:00  -  Run Local Usage
		Usr 0 00:00:03, Sys 0 00:00:00  -  Total Remote Usage
		Usr 0 00:00:00, Sys 0 00:00:00  -  Total Local Usage
	0  -  Run Bytes Sent By Job
	0  -  Run Bytes Received By Job
	0  -  Total Bytes Sent By Job
	0  -  Total Bytes Received By Job
	Partitionable Resources :    Usage  Request Allocated
	   Cpus                 :                 1         1
	   Disk (KB)            :        1        1   2371343
	   Memory (MB)          :       75        1      4035
...
