000 (2504797.020.000) 11/15 23:49:55 Job submitted from host: <192.168.1.109:9714>
...
001 (2504797.020.000) 11/15 23:50:16 Job executing on host: <192.168.1.45:9392>
...
006 (2504797.020.000) 11/15 23:50:25 Image size of job updated: 97664
	2  -  MemoryUsage of job (MB)
	1192  -  ResidentSetSize of job (KB)
...
006 (2504797.020.000) 11/15 23:51:41 Image size of job updated: 476504
	2  -  MemoryUsage of job (MB)
	1192  -  ResidentSetSize of job (KB)
...
005 (2504797.020.000) 11/15 23:51:41 Job terminated.
	(1) Normal termination (return value 0)
		Usr 0 00:00:06, Sys 0 00:00:00  -  Run Remote Usage
		Usr 0 00:00:00, Sys 0 00:00:00  -  Run Local Usage
		Usr 0 00:00:06, Sys 0 00:00:00  -  Total Remote Usage
		Usr 0 00:00:00, Sys 0 00:00:00  -  Total Local Usage
	0  -  Run Bytes Sent By Job
	0  -  Run Bytes Received By Job
	0  -  Total Bytes Sent By Job
	0  -  Total Bytes Received By Job
	Partitionable Resources :    Usage  Request Allocated
	   Cpus                 :                 1         1
	   Disk (KB)            :        1        1   2371149
	   Memory (MB)          :        2        1      4035
...
