000 (2492234.093.000) 11/08 21:18:50 Job submitted from host: <192.168.1.109:9714>
...
001 (2492234.093.000) 11/08 21:19:52 Job executing on host: <192.168.1.51:9694>
...
006 (2492234.093.000) 11/08 21:20:01 Image size of job updated: 78716
	14  -  MemoryUsage of job (MB)
	14052  -  ResidentSetSize of job (KB)
...
006 (2492234.093.000) 11/08 21:25:02 Image size of job updated: 941872
	380  -  MemoryUsage of job (MB)
	388628  -  ResidentSetSize of job (KB)
...
005 (2492234.093.000) 11/08 21:27:13 Job terminated.
	(1) Normal termination (return value 0)
		Usr 0 00:01:23, Sys 0 00:00:06  -  Run Remote Usage
		Usr 0 00:00:00, Sys 0 00:00:00  -  Run Local Usage
		Usr 0 00:01:23, Sys 0 00:00:06  -  Total Remote Usage
		Usr 0 00:00:00, Sys 0 00:00:00  -  Total Local Usage
	0  -  Run Bytes Sent By Job
	0  -  Run Bytes Received By Job
	0  -  Total Bytes Sent By Job
	0  -  Total Bytes Received By Job
	Partitionable Resources :    Usage  Request Allocated
	   Cpus                 :                 1         1
	   Disk (KB)            :        1        1  28379036
	   Memory (MB)          :      380        1      4033
...
