000 (2497409.064.000) 11/09 15:27:51 Job submitted from host: <192.168.1.109:9714>
...
001 (2497409.064.000) 11/09 15:28:16 Job executing on host: <192.168.1.58:9618?addrs=192.168.1.58-9618+[--1]-9618&noUDP&sock=2203_f7a2_3>
...
006 (2497409.064.000) 11/09 15:28:26 Image size of job updated: 1
	2  -  MemoryUsage of job (MB)
	1764  -  ResidentSetSize of job (KB)
...
006 (2497409.064.000) 11/09 15:33:26 Image size of job updated: 934844
	450  -  MemoryUsage of job (MB)
	459852  -  ResidentSetSize of job (KB)
...
006 (2497409.064.000) 11/09 15:53:28 Image size of job updated: 934844
	487  -  MemoryUsage of job (MB)
	497824  -  ResidentSetSize of job (KB)
...
006 (2497409.064.000) 11/09 15:58:29 Image size of job updated: 934844
	537  -  MemoryUsage of job (MB)
	549408  -  ResidentSetSize of job (KB)
...
006 (2497409.064.000) 11/09 16:23:32 Image size of job updated: 934844
	537  -  MemoryUsage of job (MB)
	549552  -  ResidentSetSize of job (KB)
...
006 (2497409.064.000) 11/09 16:28:32 Image size of job updated: 934844
	537  -  MemoryUsage of job (MB)
	549580  -  ResidentSetSize of job (KB)
...
006 (2497409.064.000) 11/09 16:33:33 Image size of job updated: 934844
	537  -  MemoryUsage of job (MB)
	549596  -  ResidentSetSize of job (KB)
...
006 (2497409.064.000) 11/09 16:38:34 Image size of job updated: 934844
	537  -  MemoryUsage of job (MB)
	549608  -  ResidentSetSize of job (KB)
...
006 (2497409.064.000) 11/09 16:43:34 Image size of job updated: 934844
	537  -  MemoryUsage of job (MB)
	549696  -  ResidentSetSize of job (KB)
...
006 (2497409.064.000) 11/09 17:13:38 Image size of job updated: 934844
	537  -  MemoryUsage of job (MB)
	549704  -  ResidentSetSize of job (KB)
...
005 (2497409.064.000) 11/09 17:18:32 Job terminated.
	(1) Normal termination (return value 0)
		Usr 0 01:01:59, Sys 0 00:03:29  -  Run Remote Usage
		Usr 0 00:00:00, Sys 0 00:00:00  -  Run Local Usage
		Usr 0 01:01:59, Sys 0 00:03:29  -  Total Remote Usage
		Usr 0 00:00:00, Sys 0 00:00:00  -  Total Local Usage
	0  -  Run Bytes Sent By Job
	0  -  Run Bytes Received By Job
	0  -  Total Bytes Sent By Job
	0  -  Total Bytes Received By Job
	Partitionable Resources :    Usage  Request Allocated
	   Cpus                 :                 1         1
	   Disk (KB)            :        1        1   1563588
	   Memory (MB)          :      537        1         1
...
