000 (2485823.069.000) 11/07 23:48:30 Job submitted from host: <192.168.1.109:9714>
...
001 (2485823.069.000) 11/07 23:48:39 Job executing on host: <192.168.1.48:9634>
...
006 (2485823.069.000) 11/07 23:48:48 Image size of job updated: 347252
	74  -  MemoryUsage of job (MB)
	74976  -  ResidentSetSize of job (KB)
...
006 (2485823.069.000) 11/07 23:53:48 Image size of job updated: 1025456
	508  -  MemoryUsage of job (MB)
	519932  -  ResidentSetSize of job (KB)
...
006 (2485823.069.000) 11/07 23:58:48 Image size of job updated: 1025456
	510  -  MemoryUsage of job (MB)
	521456  -  ResidentSetSize of job (KB)
...
005 (2485823.069.000) 11/08 00:01:30 Job terminated.
	(1) Normal termination (return value 0)
		Usr 0 00:02:49, Sys 0 00:00:09  -  Run Remote Usage
		Usr 0 00:00:00, Sys 0 00:00:00  -  Run Local Usage
		Usr 0 00:02:49, Sys 0 00:00:09  -  Total Remote Usage
		Usr 0 00:00:00, Sys 0 00:00:00  -  Total Local Usage
	0  -  Run Bytes Sent By Job
	0  -  Run Bytes Received By Job
	0  -  Total Bytes Sent By Job
	0  -  Total Bytes Received By Job
	Partitionable Resources :    Usage  Request Allocated
	   Cpus                 :                 1         1
	   Disk (KB)            :        1        1  28354858
	   Memory (MB)          :      510        1      4033
...
