000 (2497410.069.000) 11/09 15:33:46 Job submitted from host: <192.168.1.109:9714>
...
001 (2497410.069.000) 11/09 15:34:11 Job executing on host: <192.168.1.51:9694>
...
006 (2497410.069.000) 11/09 15:34:20 Image size of job updated: 352024
	41  -  MemoryUsage of job (MB)
	40984  -  ResidentSetSize of job (KB)
...
006 (2497410.069.000) 11/09 15:39:21 Image size of job updated: 1069920
	513  -  MemoryUsage of job (MB)
	525124  -  ResidentSetSize of job (KB)
...
006 (2497410.069.000) 11/09 15:44:22 Image size of job updated: 1069920
	514  -  MemoryUsage of job (MB)
	525636  -  ResidentSetSize of job (KB)
...
006 (2497410.069.000) 11/09 15:49:22 Image size of job updated: 1069920
	514  -  MemoryUsage of job (MB)
	525820  -  ResidentSetSize of job (KB)
...
006 (2497410.069.000) 11/09 15:54:22 Image size of job updated: 1069920
	514  -  MemoryUsage of job (MB)
	525864  -  ResidentSetSize of job (KB)
...
006 (2497410.069.000) 11/09 15:59:23 Image size of job updated: 1069920
	514  -  MemoryUsage of job (MB)
	525868  -  ResidentSetSize of job (KB)
...
006 (2497410.069.000) 11/09 16:04:23 Image size of job updated: 1069920
	514  -  MemoryUsage of job (MB)
	525892  -  ResidentSetSize of job (KB)
...
005 (2497410.069.000) 11/09 16:08:59 Job terminated.
	(1) Normal termination (return value 0)
		Usr 0 00:04:00, Sys 0 00:00:14  -  Run Remote Usage
		Usr 0 00:00:00, Sys 0 00:00:00  -  Run Local Usage
		Usr 0 00:04:00, Sys 0 00:00:14  -  Total Remote Usage
		Usr 0 00:00:00, Sys 0 00:00:00  -  Total Local Usage
	0  -  Run Bytes Sent By Job
	0  -  Run Bytes Received By Job
	0  -  Total Bytes Sent By Job
	0  -  Total Bytes Received By Job
	Partitionable Resources :    Usage  Request Allocated
	   Cpus                 :                 1         1
	   Disk (KB)            :        1        1  28379683
	   Memory (MB)          :      514        1      4033
...
