000 (2492274.017.000) 11/08 21:21:59 Job submitted from host: <192.168.1.109:9714>
...
001 (2492274.017.000) 11/08 21:23:03 Job executing on host: <192.168.1.47:9634>
...
006 (2492274.017.000) 11/08 21:23:11 Image size of job updated: 440700
	118  -  MemoryUsage of job (MB)
	120336  -  ResidentSetSize of job (KB)
...
006 (2492274.017.000) 11/08 21:28:11 Image size of job updated: 1069384
	520  -  MemoryUsage of job (MB)
	532220  -  ResidentSetSize of job (KB)
...
006 (2492274.017.000) 11/08 21:33:12 Image size of job updated: 1069384
	521  -  MemoryUsage of job (MB)
	532872  -  ResidentSetSize of job (KB)
...
006 (2492274.017.000) 11/08 21:38:13 Image size of job updated: 1069384
	521  -  MemoryUsage of job (MB)
	533092  -  ResidentSetSize of job (KB)
...
006 (2492274.017.000) 11/08 21:43:13 Image size of job updated: 1069384
	521  -  MemoryUsage of job (MB)
	533284  -  ResidentSetSize of job (KB)
...
006 (2492274.017.000) 11/08 21:58:15 Image size of job updated: 1069384
	521  -  MemoryUsage of job (MB)
	533288  -  ResidentSetSize of job (KB)
...
006 (2492274.017.000) 11/08 22:13:17 Image size of job updated: 1069384
	521  -  MemoryUsage of job (MB)
	533300  -  ResidentSetSize of job (KB)
...
006 (2492274.017.000) 11/08 22:18:17 Image size of job updated: 1069384
	521  -  MemoryUsage of job (MB)
	533344  -  ResidentSetSize of job (KB)
...
006 (2492274.017.000) 11/08 22:23:17 Image size of job updated: 1069384
	639  -  MemoryUsage of job (MB)
	653436  -  ResidentSetSize of job (KB)
...
005 (2492274.017.000) 11/08 22:25:17 Job terminated.
	(1) Normal termination (return value 0)
		Usr 0 00:10:23, Sys 0 00:00:40  -  Run Remote Usage
		Usr 0 00:00:00, Sys 0 00:00:00  -  Run Local Usage
		Usr 0 00:10:23, Sys 0 00:00:40  -  Total Remote Usage
		Usr 0 00:00:00, Sys 0 00:00:00  -  Total Local Usage
	0  -  Run Bytes Sent By Job
	0  -  Run Bytes Received By Job
	0  -  Total Bytes Sent By Job
	0  -  Total Bytes Received By Job
	Partitionable Resources :    Usage  Request Allocated
	   Cpus                 :                 1         1
	   Disk (KB)            :        1        1  28380880
	   Memory (MB)          :      639        1      4033
...
