000 (2493183.029.000) 11/09 00:44:13 Job submitted from host: <192.168.1.109:9714>
...
001 (2493183.029.000) 11/09 00:44:27 Job executing on host: <192.168.1.46:9845>
...
006 (2493183.029.000) 11/09 00:44:36 Image size of job updated: 1
	3  -  MemoryUsage of job (MB)
	2140  -  ResidentSetSize of job (KB)
...
006 (2493183.029.000) 11/09 00:49:37 Image size of job updated: 1066260
	512  -  MemoryUsage of job (MB)
	523324  -  ResidentSetSize of job (KB)
...
006 (2493183.029.000) 11/09 00:54:38 Image size of job updated: 1066260
	513  -  MemoryUsage of job (MB)
	525248  -  ResidentSetSize of job (KB)
...
006 (2493183.029.000) 11/09 00:59:38 Image size of job updated: 1066260
	514  -  MemoryUsage of job (MB)
	525372  -  ResidentSetSize of job (KB)
...
006 (2493183.029.000) 11/09 01:04:38 Image size of job updated: 1066260
	633  -  MemoryUsage of job (MB)
	648036  -  ResidentSetSize of job (KB)
...
006 (2493183.029.000) 11/09 01:09:39 Image size of job updated: 1066260
	635  -  MemoryUsage of job (MB)
	650008  -  ResidentSetSize of job (KB)
...
006 (2493183.029.000) 11/09 01:14:40 Image size of job updated: 1066260
	639  -  MemoryUsage of job (MB)
	653532  -  ResidentSetSize of job (KB)
...
005 (2493183.029.000) 11/09 01:17:53 Job terminated.
	(1) Normal termination (return value 0)
		Usr 0 00:06:31, Sys 0 00:00:32  -  Run Remote Usage
		Usr 0 00:00:00, Sys 0 00:00:00  -  Run Local Usage
		Usr 0 00:06:31, Sys 0 00:00:32  -  Total Remote Usage
		Usr 0 00:00:00, Sys 0 00:00:00  -  Total Local Usage
	0  -  Run Bytes Sent By Job
	0  -  Run Bytes Received By Job
	0  -  Total Bytes Sent By Job
	0  -  Total Bytes Received By Job
	Partitionable Resources :    Usage  Request Allocated
	   Cpus                 :                 1         1
	   Disk (KB)            :        1        1   2371643
	   Memory (MB)          :      639        1      4035
...
