000 (2497151.017.000) 11/09 14:58:11 Job submitted from host: <192.168.1.109:9714>
...
001 (2497151.017.000) 11/09 14:58:17 Job executing on host: <192.168.1.60:9618?addrs=192.168.1.60-9618+[--1]-9618&noUDP&sock=2263_1f51_3>
...
006 (2497151.017.000) 11/09 14:58:25 Image size of job updated: 172780
	26  -  MemoryUsage of job (MB)
	25612  -  ResidentSetSize of job (KB)
...
006 (2497151.017.000) 11/09 14:58:47 Image size of job updated: 490976
	26  -  MemoryUsage of job (MB)
	25612  -  ResidentSetSize of job (KB)
...
005 (2497151.017.000) 11/09 14:58:47 Job terminated.
	(1) Normal termination (return value 0)
		Usr 0 00:00:15, Sys 0 00:00:01  -  Run Remote Usage
		Usr 0 00:00:00, Sys 0 00:00:00  -  Run Local Usage
		Usr 0 00:00:15, Sys 0 00:00:01  -  Total Remote Usage
		Usr 0 00:00:00, Sys 0 00:00:00  -  Total Local Usage
	0  -  Run Bytes Sent By Job
	0  -  Run Bytes Received By Job
	0  -  Total Bytes Sent By Job
	0  -  Total Bytes Received By Job
	Partitionable Resources :    Usage  Request Allocated
	   Cpus                 :                 1         1
	   Disk (KB)            :        1        1   1563310
	   Memory (MB)          :       26        1         1
...
