000 (2491133.026.000) 11/08 19:40:18 Job submitted from host: <192.168.1.109:9714>
...
001 (2491133.026.000) 11/08 19:40:56 Job executing on host: <192.168.1.42:9515>
...
006 (2491133.026.000) 11/08 19:41:05 Image size of job updated: 97668
	3  -  MemoryUsage of job (MB)
	2216  -  ResidentSetSize of job (KB)
...
006 (2491133.026.000) 11/08 19:46:06 Image size of job updated: 989636
	480  -  MemoryUsage of job (MB)
	491464  -  ResidentSetSize of job (KB)
...
006 (2491133.026.000) 11/08 19:51:06 Image size of job updated: 989636
	481  -  MemoryUsage of job (MB)
	492336  -  ResidentSetSize of job (KB)
...
006 (2491133.026.000) 11/08 19:56:06 Image size of job updated: 989636
	482  -  MemoryUsage of job (MB)
	492956  -  ResidentSetSize of job (KB)
...
006 (2491133.026.000) 11/08 20:01:07 Image size of job updated: 1176752
	668  -  MemoryUsage of job (MB)
	683396  -  ResidentSetSize of job (KB)
...
005 (2491133.026.000) 11/08 20:04:51 Job terminated.
	(1) Normal termination (return value 0)
		Usr 0 00:11:02, Sys 0 00:00:39  -  Run Remote Usage
		Usr 0 00:00:00, Sys 0 00:00:00  -  Run Local Usage
		Usr 0 00:11:02, Sys 0 00:00:39  -  Total Remote Usage
		Usr 0 00:00:00, Sys 0 00:00:00  -  Total Local Usage
	0  -  Run Bytes Sent By Job
	0  -  Run Bytes Received By Job
	0  -  Total Bytes Sent By Job
	0  -  Total Bytes Received By Job
	Partitionable Resources :    Usage  Request Allocated
	   Cpus                 :                 1         1
	   Disk (KB)            :        1        1   2371220
	   Memory (MB)          :      668        1      4035
...
