000 (2491851.026.000) 11/08 20:36:46 Job submitted from host: <192.168.1.109:9714>
...
001 (2491851.026.000) 11/08 20:37:13 Job executing on host: <192.168.1.64:9697>
...
006 (2491851.026.000) 11/08 20:37:22 Image size of job updated: 437740
	69  -  MemoryUsage of job (MB)
	69868  -  ResidentSetSize of job (KB)
...
006 (2491851.026.000) 11/08 20:42:23 Image size of job updated: 989620
	399  -  MemoryUsage of job (MB)
	407984  -  ResidentSetSize of job (KB)
...
006 (2491851.026.000) 11/08 20:47:23 Image size of job updated: 989620
	401  -  MemoryUsage of job (MB)
	410132  -  ResidentSetSize of job (KB)
...
006 (2491851.026.000) 11/08 20:52:23 Image size of job updated: 989620
	402  -  MemoryUsage of job (MB)
	410760  -  ResidentSetSize of job (KB)
...
006 (2491851.026.000) 11/08 20:57:24 Image size of job updated: 989620
	402  -  MemoryUsage of job (MB)
	411564  -  ResidentSetSize of job (KB)
...
006 (2491851.026.000) 11/08 21:02:24 Image size of job updated: 989620
	402  -  MemoryUsage of job (MB)
	411612  -  ResidentSetSize of job (KB)
...
006 (2491851.026.000) 11/08 21:07:24 Image size of job updated: 989620
	541  -  MemoryUsage of job (MB)
	553344  -  ResidentSetSize of job (KB)
...
006 (2491851.026.000) 11/08 21:12:25 Image size of job updated: 989620
	547  -  MemoryUsage of job (MB)
	559980  -  ResidentSetSize of job (KB)
...
005 (2491851.026.000) 11/08 21:16:25 Job terminated.
	(1) Normal termination (return value 0)
		Usr 0 00:19:23, Sys 0 00:00:46  -  Run Remote Usage
		Usr 0 00:00:00, Sys 0 00:00:00  -  Run Local Usage
		Usr 0 00:19:23, Sys 0 00:00:46  -  Total Remote Usage
		Usr 0 00:00:00, Sys 0 00:00:00  -  Total Local Usage
	0  -  Run Bytes Sent By Job
	0  -  Run Bytes Received By Job
	0  -  Total Bytes Sent By Job
	0  -  Total Bytes Received By Job
	Partitionable Resources :    Usage  Request Allocated
	   Cpus                 :                 1         1
	   Disk (KB)            :        1        1  19563717
	   Memory (MB)          :      547        1      4033
...
