000 (2497410.026.000) 11/09 15:33:46 Job submitted from host: <192.168.1.109:9714>
...
001 (2497410.026.000) 11/09 15:34:09 Job executing on host: <192.168.1.48:9634>
...
006 (2497410.026.000) 11/09 15:34:18 Image size of job updated: 24488
	3  -  MemoryUsage of job (MB)
	2692  -  ResidentSetSize of job (KB)
...
006 (2497410.026.000) 11/09 15:39:19 Image size of job updated: 1068336
	521  -  MemoryUsage of job (MB)
	533400  -  ResidentSetSize of job (KB)
...
006 (2497410.026.000) 11/09 15:44:20 Image size of job updated: 1068336
	522  -  MemoryUsage of job (MB)
	533780  -  ResidentSetSize of job (KB)
...
006 (2497410.026.000) 11/09 15:49:20 Image size of job updated: 1068336
	522  -  MemoryUsage of job (MB)
	534132  -  ResidentSetSize of job (KB)
...
006 (2497410.026.000) 11/09 15:54:21 Image size of job updated: 1068336
	522  -  MemoryUsage of job (MB)
	534196  -  ResidentSetSize of job (KB)
...
006 (2497410.026.000) 11/09 15:59:22 Image size of job updated: 1068336
	522  -  MemoryUsage of job (MB)
	534212  -  ResidentSetSize of job (KB)
...
006 (2497410.026.000) 11/09 16:04:22 Image size of job updated: 1068336
	522  -  MemoryUsage of job (MB)
	534220  -  ResidentSetSize of job (KB)
...
006 (2497410.026.000) 11/09 16:09:22 Image size of job updated: 1068336
	522  -  MemoryUsage of job (MB)
	534224  -  ResidentSetSize of job (KB)
...
006 (2497410.026.000) 11/09 16:14:23 Image size of job updated: 1068336
	640  -  MemoryUsage of job (MB)
	654908  -  ResidentSetSize of job (KB)
...
006 (2497410.026.000) 11/09 16:19:23 Image size of job updated: 1068336
	641  -  MemoryUsage of job (MB)
	655672  -  ResidentSetSize of job (KB)
...
005 (2497410.026.000) 11/09 16:20:09 Job terminated.
	(1) Normal termination (return value 0)
		Usr 0 00:09:02, Sys 0 00:00:33  -  Run Remote Usage
		Usr 0 00:00:00, Sys 0 00:00:00  -  Run Local Usage
		Usr 0 00:09:02, Sys 0 00:00:33  -  Total Remote Usage
		Usr 0 00:00:00, Sys 0 00:00:00  -  Total Local Usage
	0  -  Run Bytes Sent By Job
	0  -  Run Bytes Received By Job
	0  -  Total Bytes Sent By Job
	0  -  Total Bytes Received By Job
	Partitionable Resources :    Usage  Request Allocated
	   Cpus                 :                 1         1
	   Disk (KB)            :        1        1  28379924
	   Memory (MB)          :      641        1      4033
...
