000 (2464979.047.000) 11/02 16:50:20 Job submitted from host: <192.168.1.109:9308>
...
001 (2464979.047.000) 11/02 16:50:37 Job executing on host: <192.168.1.48:9634>
...
006 (2464979.047.000) 11/02 16:50:45 Image size of job updated: 109864
	3  -  MemoryUsage of job (MB)
	2628  -  ResidentSetSize of job (KB)
...
006 (2464979.047.000) 11/02 16:51:05 Image size of job updated: 491136
	3  -  MemoryUsage of job (MB)
	2628  -  ResidentSetSize of job (KB)
...
005 (2464979.047.000) 11/02 16:51:05 Job terminated.
	(1) Normal termination (return value 0)
		Usr 0 00:00:10, Sys 0 00:00:00  -  Run Remote Usage
		Usr 0 00:00:00, Sys 0 00:00:00  -  Run Local Usage
		Usr 0 00:00:10, Sys 0 00:00:00  -  Total Remote Usage
		Usr 0 00:00:00, Sys 0 00:00:00  -  Total Local Usage
	0  -  Run Bytes Sent By Job
	0  -  Run Bytes Received By Job
	0  -  Total Bytes Sent By Job
	0  -  Total Bytes Received By Job
	Partitionable Resources :    Usage  Request Allocated
	   Cpus                 :                 1         1
	   Disk (KB)            :        1        1  28380431
	   Memory (MB)          :        3        1      4033
...
