000 (2504801.047.000) 11/16 00:30:12 Job submitted from host: <192.168.1.109:9714>
...
001 (2504801.047.000) 11/16 00:30:32 Job executing on host: <192.168.1.67:9583>
...
006 (2504801.047.000) 11/16 00:30:41 Image size of job updated: 109868
	7  -  MemoryUsage of job (MB)
	6168  -  ResidentSetSize of job (KB)
...
006 (2504801.047.000) 11/16 00:30:57 Image size of job updated: 476412
	7  -  MemoryUsage of job (MB)
	6168  -  ResidentSetSize of job (KB)
...
005 (2504801.047.000) 11/16 00:30:57 Job terminated.
	(1) Normal termination (return value 0)
		Usr 0 00:00:13, Sys 0 00:00:00  -  Run Remote Usage
		Usr 0 00:00:00, Sys 0 00:00:00  -  Run Local Usage
		Usr 0 00:00:13, Sys 0 00:00:00  -  Total Remote Usage
		Usr 0 00:00:00, Sys 0 00:00:00  -  Total Local Usage
	0  -  Run Bytes Sent By Job
	0  -  Run Bytes Received By Job
	0  -  Total Bytes Sent By Job
	0  -  Total Bytes Received By Job
	Partitionable Resources :    Usage  Request Allocated
	   Cpus                 :                 1         1
	   Disk (KB)            :        1        1  19564317
	   Memory (MB)          :        7        1      4033
...
