000 (2511949.095.000) 11/17 23:24:51 Job submitted from host: <192.168.1.109:9714>
...
001 (2511949.095.000) 11/17 23:30:46 Job executing on host: <192.168.1.49:9578>
...
006 (2511949.095.000) 11/17 23:30:55 Image size of job updated: 1
	3  -  MemoryUsage of job (MB)
	2112  -  ResidentSetSize of job (KB)
...
006 (2511949.095.000) 11/17 23:31:04 Image size of job updated: 473332
	3  -  MemoryUsage of job (MB)
	2112  -  ResidentSetSize of job (KB)
...
005 (2511949.095.000) 11/17 23:31:04 Job terminated.
	(1) Normal termination (return value 0)
		Usr 0 00:00:11, Sys 0 00:00:00  -  Run Remote Usage
		Usr 0 00:00:00, Sys 0 00:00:00  -  Run Local Usage
		Usr 0 00:00:11, Sys 0 00:00:00  -  Total Remote Usage
		Usr 0 00:00:00, Sys 0 00:00:00  -  Total Local Usage
	0  -  Run Bytes Sent By Job
	0  -  Run Bytes Received By Job
	0  -  Total Bytes Sent By Job
	0  -  Total Bytes Received By Job
	Partitionable Resources :    Usage  Request Allocated
	   Cpus                 :                 1         1
	   Disk (KB)            :        1        1  28378701
	   Memory (MB)          :        3        1      4033
...
