000 (2511949.045.000) 11/17 23:24:50 Job submitted from host: <192.168.1.109:9714>
...
001 (2511949.045.000) 11/17 23:29:37 Job executing on host: <192.168.1.44:9507>
...
006 (2511949.045.000) 11/17 23:29:46 Image size of job updated: 24488
	3  -  MemoryUsage of job (MB)
	2620  -  ResidentSetSize of job (KB)
...
006 (2511949.045.000) 11/17 23:30:04 Image size of job updated: 456864
	3  -  MemoryUsage of job (MB)
	2620  -  ResidentSetSize of job (KB)
...
005 (2511949.045.000) 11/17 23:30:04 Job terminated.
	(1) Normal termination (return value 0)
		Usr 0 00:00:04, Sys 0 00:00:00  -  Run Remote Usage
		Usr 0 00:00:00, Sys 0 00:00:00  -  Run Local Usage
		Usr 0 00:00:04, Sys 0 00:00:00  -  Total Remote Usage
		Usr 0 00:00:00, Sys 0 00:00:00  -  Total Local Usage
	0  -  Run Bytes Sent By Job
	0  -  Run Bytes Received By Job
	0  -  Total Bytes Sent By Job
	0  -  Total Bytes Received By Job
	Partitionable Resources :    Usage  Request Allocated
	   Cpus                 :                 1         1
	   Disk (KB)            :        1        1   2181172
	   Memory (MB)          :        3        1      4035
...
