000 (2526458.060.000) 11/21 12:05:33 Job submitted from host: <192.168.1.109:9714>
...
001 (2526458.060.000) 11/21 12:05:42 Job executing on host: <192.168.1.45:9392>
...
006 (2526458.060.000) 11/21 12:05:51 Image size of job updated: 97664
	3  -  MemoryUsage of job (MB)
	2320  -  ResidentSetSize of job (KB)
...
006 (2526458.060.000) 11/21 12:06:19 Image size of job updated: 472968
	3  -  MemoryUsage of job (MB)
	2320  -  ResidentSetSize of job (KB)
...
005 (2526458.060.000) 11/21 12:06:19 Job terminated.
	(1) Normal termination (return value 0)
		Usr 0 00:00:09, Sys 0 00:00:01  -  Run Remote Usage
		Usr 0 00:00:00, Sys 0 00:00:00  -  Run Local Usage
		Usr 0 00:00:09, Sys 0 00:00:01  -  Total Remote Usage
		Usr 0 00:00:00, Sys 0 00:00:00  -  Total Local Usage
	0  -  Run Bytes Sent By Job
	0  -  Run Bytes Received By Job
	0  -  Total Bytes Sent By Job
	0  -  Total Bytes Received By Job
	Partitionable Resources :    Usage  Request Allocated
	   Cpus                 :                 1         1
	   Disk (KB)            :        1        1   2371051
	   Memory (MB)          :        3        1      4035
...
