000 (2492636.011.000) 11/08 22:47:39 Job submitted from host: <192.168.1.109:9714>
...
001 (2492636.011.000) 11/08 22:47:45 Job executing on host: <192.168.1.46:9845>
...
006 (2492636.011.000) 11/08 22:47:54 Image size of job updated: 386596
	60  -  MemoryUsage of job (MB)
	61368  -  ResidentSetSize of job (KB)
...
006 (2492636.011.000) 11/08 22:47:56 Image size of job updated: 472128
	60  -  MemoryUsage of job (MB)
	61368  -  ResidentSetSize of job (KB)
...
005 (2492636.011.000) 11/08 22:48:16 Job terminated.
	(1) Normal termination (return value 0)
		Usr 0 00:00:06, Sys 0 00:00:00  -  Run Remote Usage
		Usr 0 00:00:00, Sys 0 00:00:00  -  Run Local Usage
		Usr 0 00:00:06, Sys 0 00:00:00  -  Total Remote Usage
		Usr 0 00:00:00, Sys 0 00:00:00  -  Total Local Usage
	0  -  Run Bytes Sent By Job
	0  -  Run Bytes Received By Job
	0  -  Total Bytes Sent By Job
	0  -  Total Bytes Received By Job
	Partitionable Resources :    Usage  Request Allocated
	   Cpus                 :                 1         1
	   Disk (KB)            :        1        1   2371563
	   Memory (MB)          :       60        1      4035
...
