000 (2504798.023.000) 11/15 23:52:37 Job submitted from host: <192.168.1.109:9714>
...
001 (2504798.023.000) 11/15 23:52:43 Job executing on host: <192.168.1.66:9620>
...
006 (2504798.023.000) 11/15 23:52:52 Image size of job updated: 353140
	46  -  MemoryUsage of job (MB)
	46104  -  ResidentSetSize of job (KB)
...
006 (2504798.023.000) 11/15 23:53:00 Image size of job updated: 476504
	46  -  MemoryUsage of job (MB)
	46104  -  ResidentSetSize of job (KB)
...
005 (2504798.023.000) 11/15 23:53:00 Job terminated.
	(1) Normal termination (return value 0)
		Usr 0 00:00:11, Sys 0 00:00:00  -  Run Remote Usage
		Usr 0 00:00:00, Sys 0 00:00:00  -  Run Local Usage
		Usr 0 00:00:11, Sys 0 00:00:00  -  Total Remote Usage
		Usr 0 00:00:00, Sys 0 00:00:00  -  Total Local Usage
	0  -  Run Bytes Sent By Job
	0  -  Run Bytes Received By Job
	0  -  Total Bytes Sent By Job
	0  -  Total Bytes Received By Job
	Partitionable Resources :    Usage  Request Allocated
	   Cpus                 :                 1         1
	   Disk (KB)            :        1        1  19562411
	   Memory (MB)          :       46        1      4033
...
