000 (2504804.023.000) 11/16 01:06:12 Job submitted from host: <192.168.1.109:9714>
...
001 (2504804.023.000) 11/16 01:06:33 Job executing on host: <192.168.1.46:9845>
...
006 (2504804.023.000) 11/16 01:06:42 Image size of job updated: 359524
	60  -  MemoryUsage of job (MB)
	60512  -  ResidentSetSize of job (KB)
...
006 (2504804.023.000) 11/16 01:06:55 Image size of job updated: 475864
	60  -  MemoryUsage of job (MB)
	60512  -  ResidentSetSize of job (KB)
...
005 (2504804.023.000) 11/16 01:06:55 Job terminated.
	(1) Normal termination (return value 0)
		Usr 0 00:00:06, Sys 0 00:00:00  -  Run Remote Usage
		Usr 0 00:00:00, Sys 0 00:00:00  -  Run Local Usage
		Usr 0 00:00:06, Sys 0 00:00:00  -  Total Remote Usage
		Usr 0 00:00:00, Sys 0 00:00:00  -  Total Local Usage
	0  -  Run Bytes Sent By Job
	0  -  Run Bytes Received By Job
	0  -  Total Bytes Sent By Job
	0  -  Total Bytes Received By Job
	Partitionable Resources :    Usage  Request Allocated
	   Cpus                 :                 1         1
	   Disk (KB)            :        1        1   2372028
	   Memory (MB)          :       60        1      4035
...
