000 (2497152.073.000) 11/09 15:03:05 Job submitted from host: <192.168.1.109:9714>
...
001 (2497152.073.000) 11/09 15:03:15 Job executing on host: <192.168.1.43:9998>
...
006 (2497152.073.000) 11/09 15:03:23 Image size of job updated: 172716
	3  -  MemoryUsage of job (MB)
	2688  -  ResidentSetSize of job (KB)
...
006 (2497152.073.000) 11/09 15:03:47 Image size of job updated: 432588
	3  -  MemoryUsage of job (MB)
	2688  -  ResidentSetSize of job (KB)
...
005 (2497152.073.000) 11/09 15:03:47 Job terminated.
	(1) Normal termination (return value 0)
		Usr 0 00:00:02, Sys 0 00:00:06  -  Run Remote Usage
		Usr 0 00:00:00, Sys 0 00:00:00  -  Run Local Usage
		Usr 0 00:00:02, Sys 0 00:00:06  -  Total Remote Usage
		Usr 0 00:00:00, Sys 0 00:00:00  -  Total Local Usage
	0  -  Run Bytes Sent By Job
	0  -  Run Bytes Received By Job
	0  -  Total Bytes Sent By Job
	0  -  Total Bytes Received By Job
	Partitionable Resources :    Usage  Request Allocated
	   Cpus                 :                 1         1
	   Disk (KB)            :        1        1   2367164
	   Memory (MB)          :        3        1      4035
...
