000 (2504800.073.000) 11/16 00:22:24 Job submitted from host: <192.168.1.109:9714>
...
001 (2504800.073.000) 11/16 00:22:34 Job executing on host: <192.168.1.48:9634>
...
006 (2504800.073.000) 11/16 00:22:43 Image size of job updated: 24372
	3  -  MemoryUsage of job (MB)
	2532  -  ResidentSetSize of job (KB)
...
006 (2504800.073.000) 11/16 00:22:46 Image size of job updated: 475804
	3  -  MemoryUsage of job (MB)
	2532  -  ResidentSetSize of job (KB)
...
005 (2504800.073.000) 11/16 00:22:46 Job terminated.
	(1) Normal termination (return value 0)
		Usr 0 00:00:05, Sys 0 00:00:00  -  Run Remote Usage
		Usr 0 00:00:00, Sys 0 00:00:00  -  Run Local Usage
		Usr 0 00:00:05, Sys 0 00:00:00  -  Total Remote Usage
		Usr 0 00:00:00, Sys 0 00:00:00  -  Total Local Usage
	0  -  Run Bytes Sent By Job
	0  -  Run Bytes Received By Job
	0  -  Total Bytes Sent By Job
	0  -  Total Bytes Received By Job
	Partitionable Resources :    Usage  Request Allocated
	   Cpus                 :                 1         1
	   Disk (KB)            :        1        1  28380769
	   Memory (MB)          :        3        1      4033
...
