000 (2485819.020.000) 11/07 22:35:28 Job submitted from host: <192.168.1.109:9714>
...
001 (2485819.020.000) 11/07 22:35:36 Job executing on host: <192.168.1.54:9618?addrs=192.168.1.54-9618+[--1]-9618&noUDP&sock=2569_034c_3>
...
006 (2485819.020.000) 11/07 22:35:44 Image size of job updated: 327140
	18  -  MemoryUsage of job (MB)
	17612  -  ResidentSetSize of job (KB)
...
006 (2485819.020.000) 11/07 22:40:44 Image size of job updated: 971552
	486  -  MemoryUsage of job (MB)
	497540  -  ResidentSetSize of job (KB)
...
005 (2485819.020.000) 11/07 22:41:23 Job terminated.
	(1) Normal termination (return value 0)
		Usr 0 00:04:35, Sys 0 00:00:19  -  Run Remote Usage
		Usr 0 00:00:00, Sys 0 00:00:00  -  Run Local Usage
		Usr 0 00:04:35, Sys 0 00:00:19  -  Total Remote Usage
		Usr 0 00:00:00, Sys 0 00:00:00  -  Total Local Usage
	0  -  Run Bytes Sent By Job
	0  -  Run Bytes Received By Job
	0  -  Total Bytes Sent By Job
	0  -  Total Bytes Received By Job
	Partitionable Resources :    Usage  Request Allocated
	   Cpus                 :                 1         1
	   Disk (KB)            :        1        1   1563671
	   Memory (MB)          :      486        1         1
...
