000 (2464980.010.000) 11/02 16:52:02 Job submitted from host: <192.168.1.109:9308>
...
001 (2464980.010.000) 11/02 16:52:24 Job executing on host: <192.168.1.63:9891>
...
006 (2464980.010.000) 11/02 16:52:32 Image size of job updated: 181560
	3  -  MemoryUsage of job (MB)
	2688  -  ResidentSetSize of job (KB)
...
006 (2464980.010.000) 11/02 16:53:16 Image size of job updated: 491736
	3  -  MemoryUsage of job (MB)
	2688  -  ResidentSetSize of job (KB)
...
005 (2464980.010.000) 11/02 16:53:16 Job terminated.
	(1) Normal termination (return value 0)
		Usr 0 00:00:30, Sys 0 00:00:01  -  Run Remote Usage
		Usr 0 00:00:00, Sys 0 00:00:00  -  Run Local Usage
		Usr 0 00:00:30, Sys 0 00:00:01  -  Total Remote Usage
		Usr 0 00:00:00, Sys 0 00:00:00  -  Total Local Usage
	0  -  Run Bytes Sent By Job
	0  -  Run Bytes Received By Job
	0  -  Total Bytes Sent By Job
	0  -  Total Bytes Received By Job
	Partitionable Resources :    Usage  Request Allocated
	   Cpus                 :                 1         1
	   Disk (KB)            :        1        1  19562959
	   Memory (MB)          :        3        1      4033
...
