000 (2493183.010.000) 11/09 00:44:13 Job submitted from host: <192.168.1.109:9714>
...
001 (2493183.010.000) 11/09 00:44:21 Job executing on host: <192.168.1.44:9507>
...
006 (2493183.010.000) 11/09 00:44:30 Image size of job updated: 78716
	3  -  MemoryUsage of job (MB)
	2672  -  ResidentSetSize of job (KB)
...
006 (2493183.010.000) 11/09 00:45:16 Image size of job updated: 483468
	3  -  MemoryUsage of job (MB)
	2672  -  ResidentSetSize of job (KB)
...
005 (2493183.010.000) 11/09 00:45:38 Job terminated.
	(1) Normal termination (return value 0)
		Usr 0 00:00:10, Sys 0 00:00:00  -  Run Remote Usage
		Usr 0 00:00:00, Sys 0 00:00:00  -  Run Local Usage
		Usr 0 00:00:10, Sys 0 00:00:00  -  Total Remote Usage
		Usr 0 00:00:00, Sys 0 00:00:00  -  Total Local Usage
	0  -  Run Bytes Sent By Job
	0  -  Run Bytes Received By Job
	0  -  Total Bytes Sent By Job
	0  -  Total Bytes Received By Job
	Partitionable Resources :    Usage  Request Allocated
	   Cpus                 :                 1         1
	   Disk (KB)            :        1        1   2370608
	   Memory (MB)          :        3        1      4035
...
