000 (2492883.021.000) 11/08 23:42:29 Job submitted from host: <192.168.1.109:9714>
...
001 (2492883.021.000) 11/08 23:42:53 Job executing on host: <192.168.1.45:9392>
...
006 (2492883.021.000) 11/08 23:43:02 Image size of job updated: 360780
	52  -  MemoryUsage of job (MB)
	52756  -  ResidentSetSize of job (KB)
...
006 (2492883.021.000) 11/08 23:44:01 Image size of job updated: 876008
	52  -  MemoryUsage of job (MB)
	52756  -  ResidentSetSize of job (KB)
...
005 (2492883.021.000) 11/08 23:44:02 Job terminated.
	(1) Normal termination (return value 0)
		Usr 0 00:00:47, Sys 0 00:00:04  -  Run Remote Usage
		Usr 0 00:00:00, Sys 0 00:00:00  -  Run Local Usage
		Usr 0 00:00:47, Sys 0 00:00:04  -  Total Remote Usage
		Usr 0 00:00:00, Sys 0 00:00:00  -  Total Local Usage
	0  -  Run Bytes Sent By Job
	0  -  Run Bytes Received By Job
	0  -  Total Bytes Sent By Job
	0  -  Total Bytes Received By Job
	Partitionable Resources :    Usage  Request Allocated
	   Cpus                 :                 1         1
	   Disk (KB)            :        1        1   2370644
	   Memory (MB)          :       52        1      4035
...
