000 (2492234.006.000) 11/08 21:18:48 Job submitted from host: <192.168.1.109:9714>
...
001 (2492234.006.000) 11/08 21:19:22 Job executing on host: <192.168.1.50:9434>
...
006 (2492234.006.000) 11/08 21:19:31 Image size of job updated: 24488
	3  -  MemoryUsage of job (MB)
	2664  -  ResidentSetSize of job (KB)
...
006 (2492234.006.000) 11/08 21:22:34 Image size of job updated: 937248
	3  -  MemoryUsage of job (MB)
	2664  -  ResidentSetSize of job (KB)
...
005 (2492234.006.000) 11/08 21:22:34 Job terminated.
	(1) Normal termination (return value 0)
		Usr 0 00:00:36, Sys 0 00:00:02  -  Run Remote Usage
		Usr 0 00:00:00, Sys 0 00:00:00  -  Run Local Usage
		Usr 0 00:00:36, Sys 0 00:00:02  -  Total Remote Usage
		Usr 0 00:00:00, Sys 0 00:00:00  -  Total Local Usage
	0  -  Run Bytes Sent By Job
	0  -  Run Bytes Received By Job
	0  -  Total Bytes Sent By Job
	0  -  Total Bytes Received By Job
	Partitionable Resources :    Usage  Request Allocated
	   Cpus                 :                 1         1
	   Disk (KB)            :        1        1  28379738
	   Memory (MB)          :        3        1      4033
...
