000 (2504801.006.000) 11/16 00:30:11 Job submitted from host: <192.168.1.109:9714>
...
001 (2504801.006.000) 11/16 00:30:30 Job executing on host: <192.168.1.46:9845>
...
006 (2504801.006.000) 11/16 00:30:39 Image size of job updated: 353012
	51  -  MemoryUsage of job (MB)
	52124  -  ResidentSetSize of job (KB)
...
006 (2504801.006.000) 11/16 00:31:36 Image size of job updated: 828484
	51  -  MemoryUsage of job (MB)
	52124  -  ResidentSetSize of job (KB)
...
005 (2504801.006.000) 11/16 00:31:36 Job terminated.
	(1) Normal termination (return value 0)
		Usr 0 00:00:24, Sys 0 00:00:02  -  Run Remote Usage
		Usr 0 00:00:00, Sys 0 00:00:00  -  Run Local Usage
		Usr 0 00:00:24, Sys 0 00:00:02  -  Total Remote Usage
		Usr 0 00:00:00, Sys 0 00:00:00  -  Total Local Usage
	0  -  Run Bytes Sent By Job
	0  -  Run Bytes Received By Job
	0  -  Total Bytes Sent By Job
	0  -  Total Bytes Received By Job
	Partitionable Resources :    Usage  Request Allocated
	   Cpus                 :                 1         1
	   Disk (KB)            :        1        1   2372045
	   Memory (MB)          :       51        1      4035
...
