000 (2504804.006.000) 11/16 01:06:12 Job submitted from host: <192.168.1.109:9714>
...
001 (2504804.006.000) 11/16 01:06:32 Job executing on host: <192.168.1.46:9845>
...
006 (2504804.006.000) 11/16 01:06:41 Image size of job updated: 358596
	58  -  MemoryUsage of job (MB)
	58772  -  ResidentSetSize of job (KB)
...
006 (2504804.006.000) 11/16 01:07:30 Image size of job updated: 917916
	58  -  MemoryUsage of job (MB)
	58772  -  ResidentSetSize of job (KB)
...
005 (2504804.006.000) 11/16 01:07:31 Job terminated.
	(1) Normal termination (return value 0)
		Usr 0 00:00:21, Sys 0 00:00:02  -  Run Remote Usage
		Usr 0 00:00:00, Sys 0 00:00:00  -  Run Local Usage
		Usr 0 00:00:21, Sys 0 00:00:02  -  Total Remote Usage
		Usr 0 00:00:00, Sys 0 00:00:00  -  Total Local Usage
	0  -  Run Bytes Sent By Job
	0  -  Run Bytes Received By Job
	0  -  Total Bytes Sent By Job
	0  -  Total Bytes Received By Job
	Partitionable Resources :    Usage  Request Allocated
	   Cpus                 :                 1         1
	   Disk (KB)            :        1        1   2372028
	   Memory (MB)          :       58        1      4035
...
