000 (2511949.025.000) 11/17 23:24:49 Job submitted from host: <192.168.1.109:9714>
...
001 (2511949.025.000) 11/17 23:28:54 Job executing on host: <192.168.1.47:9634>
...
006 (2511949.025.000) 11/17 23:29:03 Image size of job updated: 441520
	129  -  MemoryUsage of job (MB)
	131084  -  ResidentSetSize of job (KB)
...
005 (2511949.025.000) 11/17 23:29:03 Job terminated.
	(1) Normal termination (return value 0)
		Usr 0 00:00:03, Sys 0 00:00:00  -  Run Remote Usage
		Usr 0 00:00:00, Sys 0 00:00:00  -  Run Local Usage
		Usr 0 00:00:03, Sys 0 00:00:00  -  Total Remote Usage
		Usr 0 00:00:00, Sys 0 00:00:00  -  Total Local Usage
	0  -  Run Bytes Sent By Job
	0  -  Run Bytes Received By Job
	0  -  Total Bytes Sent By Job
	0  -  Total Bytes Received By Job
	Partitionable Resources :    Usage  Request Allocated
	   Cpus                 :                 1         1
	   Disk (KB)            :        1        1  28378187
	   Memory (MB)          :      129        1      4033
...
