000 (2493183.064.000) 11/09 00:44:14 Job submitted from host: <192.168.1.109:9714>
...
001 (2493183.064.000) 11/09 00:44:27 Job executing on host: <192.168.1.46:9845>
...
006 (2493183.064.000) 11/09 00:44:36 Image size of job updated: 31216
	3  -  MemoryUsage of job (MB)
	2816  -  ResidentSetSize of job (KB)
...
006 (2493183.064.000) 11/09 00:49:38 Image size of job updated: 1056824
	505  -  MemoryUsage of job (MB)
	516836  -  ResidentSetSize of job (KB)
...
006 (2493183.064.000) 11/09 00:54:38 Image size of job updated: 1056824
	506  -  MemoryUsage of job (MB)
	517232  -  ResidentSetSize of job (KB)
...
006 (2493183.064.000) 11/09 00:59:38 Image size of job updated: 1056824
	506  -  MemoryUsage of job (MB)
	517344  -  ResidentSetSize of job (KB)
...
005 (2493183.064.000) 11/09 01:00:21 Job terminated.
	(1) Normal termination (return value 0)
		Usr 0 00:02:56, Sys 0 00:00:10  -  Run Remote Usage
		Usr 0 00:00:00, Sys 0 00:00:00  -  Run Local Usage
		Usr 0 00:02:56, Sys 0 00:00:10  -  Total Remote Usage
		Usr 0 00:00:00, Sys 0 00:00:00  -  Total Local Usage
	0  -  Run Bytes Sent By Job
	0  -  Run Bytes Received By Job
	0  -  Total Bytes Sent By Job
	0  -  Total Bytes Received By Job
	Partitionable Resources :    Usage  Request Allocated
	   Cpus                 :                 1         1
	   Disk (KB)            :        1        1   2371642
	   Memory (MB)          :      506        1      4035
...
