000 (2504800.052.000) 11/16 00:22:24 Job submitted from host: <192.168.1.109:9714>
...
001 (2504800.052.000) 11/16 00:22:33 Job executing on host: <192.168.1.67:9583>
...
006 (2504800.052.000) 11/16 00:22:42 Image size of job updated: 338676
	45  -  MemoryUsage of job (MB)
	45628  -  ResidentSetSize of job (KB)
...
005 (2504800.052.000) 11/16 00:22:47 Job terminated.
	(1) Normal termination (return value 0)
		Usr 0 00:00:00, Sys 0 00:00:00  -  Run Remote Usage
		Usr 0 00:00:00, Sys 0 00:00:00  -  Run Local Usage
		Usr 0 00:00:00, Sys 0 00:00:00  -  Total Remote Usage
		Usr 0 00:00:00, Sys 0 00:00:00  -  Total Local Usage
	0  -  Run Bytes Sent By Job
	0  -  Run Bytes Received By Job
	0  -  Total Bytes Sent By Job
	0  -  Total Bytes Received By Job
	Partitionable Resources :    Usage  Request Allocated
	   Cpus                 :                 1         1
	   Disk (KB)            :        1        1  19564320
	   Memory (MB)          :       45        1      4033
...
