000 (2492274.055.000) 11/08 21:22:00 Job submitted from host: <192.168.1.109:9714>
...
001 (2492274.055.000) 11/08 21:22:37 Job executing on host: <192.168.1.51:9694>
...
006 (2492274.055.000) 11/08 21:22:46 Image size of job updated: 16004
	2  -  MemoryUsage of job (MB)
	1832  -  ResidentSetSize of job (KB)
...
006 (2492274.055.000) 11/08 21:27:47 Image size of job updated: 960500
	370  -  MemoryUsage of job (MB)
	377952  -  ResidentSetSize of job (KB)
...
006 (2492274.055.000) 11/08 21:32:47 Image size of job updated: 1068556
	522  -  MemoryUsage of job (MB)
	534144  -  ResidentSetSize of job (KB)
...
006 (2492274.055.000) 11/08 21:37:47 Image size of job updated: 1068556
	522  -  MemoryUsage of job (MB)
	534192  -  ResidentSetSize of job (KB)
...
006 (2492274.055.000) 11/08 21:42:48 Image size of job updated: 1068556
	522  -  MemoryUsage of job (MB)
	534240  -  ResidentSetSize of job (KB)
...
006 (2492274.055.000) 11/08 21:47:48 Image size of job updated: 1068556
	522  -  MemoryUsage of job (MB)
	534284  -  ResidentSetSize of job (KB)
...
005 (2492274.055.000) 11/08 21:52:59 Job terminated.
	(1) Normal termination (return value 0)
		Usr 0 00:03:21, Sys 0 00:00:11  -  Run Remote Usage
		Usr 0 00:00:00, Sys 0 00:00:00  -  Run Local Usage
		Usr 0 00:03:21, Sys 0 00:00:11  -  Total Remote Usage
		Usr 0 00:00:00, Sys 0 00:00:00  -  Total Local Usage
	0  -  Run Bytes Sent By Job
	0  -  Run Bytes Received By Job
	0  -  Total Bytes Sent By Job
	0  -  Total Bytes Received By Job
	Partitionable Resources :    Usage  Request Allocated
	   Cpus                 :                 1         1
	   Disk (KB)            :        1        1  28379007
	   Memory (MB)          :      522        1      4033
...
