000 (2493183.067.000) 11/09 00:44:14 Job submitted from host: <192.168.1.109:9714>
...
001 (2493183.067.000) 11/09 00:44:24 Job executing on host: <192.168.1.47:9634>
...
006 (2493183.067.000) 11/09 00:44:32 Image size of job updated: 1
	3  -  MemoryUsage of job (MB)
	2112  -  ResidentSetSize of job (KB)
...
006 (2493183.067.000) 11/09 00:49:32 Image size of job updated: 1056192
	504  -  MemoryUsage of job (MB)
	515256  -  ResidentSetSize of job (KB)
...
006 (2493183.067.000) 11/09 00:54:34 Image size of job updated: 1056192
	505  -  MemoryUsage of job (MB)
	516104  -  ResidentSetSize of job (KB)
...
006 (2493183.067.000) 11/09 00:59:34 Image size of job updated: 1056192
	505  -  MemoryUsage of job (MB)
	516432  -  ResidentSetSize of job (KB)
...
005 (2493183.067.000) 11/09 01:02:15 Job terminated.
	(1) Normal termination (return value 0)
		Usr 0 00:02:47, Sys 0 00:00:10  -  Run Remote Usage
		Usr 0 00:00:00, Sys 0 00:00:00  -  Run Local Usage
		Usr 0 00:02:47, Sys 0 00:00:10  -  Total Remote Usage
		Usr 0 00:00:00, Sys 0 00:00:00  -  Total Local Usage
	0  -  Run Bytes Sent By Job
	0  -  Run Bytes Received By Job
	0  -  Total Bytes Sent By Job
	0  -  Total Bytes Received By Job
	Partitionable Resources :    Usage  Request Allocated
	   Cpus                 :                 1         1
	   Disk (KB)            :        1        1  28380819
	   Memory (MB)          :      505        1      4033
...
