000 (2497152.063.000) 11/09 15:03:05 Job submitted from host: <192.168.1.109:9714>
...
001 (2497152.063.000) 11/09 15:03:14 Job executing on host: <192.168.1.51:9694>
...
006 (2497152.063.000) 11/09 15:03:23 Image size of job updated: 181496
	10  -  MemoryUsage of job (MB)
	10208  -  ResidentSetSize of job (KB)
...
006 (2497152.063.000) 11/09 15:03:40 Image size of job updated: 491020
	10  -  MemoryUsage of job (MB)
	10208  -  ResidentSetSize of job (KB)
...
005 (2497152.063.000) 11/09 15:03:40 Job terminated.
	(1) Normal termination (return value 0)
		Usr 0 00:00:10, Sys 0 00:00:00  -  Run Remote Usage
		Usr 0 00:00:00, Sys 0 00:00:00  -  Run Local Usage
		Usr 0 00:00:10, Sys 0 00:00:00  -  Total Remote Usage
		Usr 0 00:00:00, Sys 0 00:00:00  -  Total Local Usage
	0  -  Run Bytes Sent By Job
	0  -  Run Bytes Received By Job
	0  -  Total Bytes Sent By Job
	0  -  Total Bytes Received By Job
	Partitionable Resources :    Usage  Request Allocated
	   Cpus                 :                 1         1
	   Disk (KB)            :        1        1  28379475
	   Memory (MB)          :       10        1      4033
...
