000 (2485823.027.000) 11/07 23:48:29 Job submitted from host: <192.168.1.109:9714>
...
001 (2485823.027.000) 11/07 23:48:37 Job executing on host: <192.168.1.45:9392>
...
006 (2485823.027.000) 11/07 23:48:46 Image size of job updated: 359036
	66  -  MemoryUsage of job (MB)
	66784  -  ResidentSetSize of job (KB)
...
006 (2485823.027.000) 11/07 23:53:47 Image size of job updated: 991160
	487  -  MemoryUsage of job (MB)
	498364  -  ResidentSetSize of job (KB)
...
006 (2485823.027.000) 11/07 23:58:47 Image size of job updated: 991160
	488  -  MemoryUsage of job (MB)
	499556  -  ResidentSetSize of job (KB)
...
006 (2485823.027.000) 11/08 00:03:47 Image size of job updated: 991160
	488  -  MemoryUsage of job (MB)
	499564  -  ResidentSetSize of job (KB)
...
006 (2485823.027.000) 11/08 00:08:48 Image size of job updated: 991160
	625  -  MemoryUsage of job (MB)
	639532  -  ResidentSetSize of job (KB)
...
006 (2485823.027.000) 11/08 00:13:48 Image size of job updated: 991160
	657  -  MemoryUsage of job (MB)
	672648  -  ResidentSetSize of job (KB)
...
005 (2485823.027.000) 11/08 00:18:22 Job terminated.
	(1) Normal termination (return value 0)
		Usr 0 00:09:24, Sys 0 00:00:27  -  Run Remote Usage
		Usr 0 00:00:00, Sys 0 00:00:00  -  Run Local Usage
		Usr 0 00:09:24, Sys 0 00:00:27  -  Total Remote Usage
		Usr 0 00:00:00, Sys 0 00:00:00  -  Total Local Usage
	0  -  Run Bytes Sent By Job
	0  -  Run Bytes Received By Job
	0  -  Total Bytes Sent By Job
	0  -  Total Bytes Received By Job
	Partitionable Resources :    Usage  Request Allocated
	   Cpus                 :                 1         1
	   Disk (KB)            :        1        1   2346485
	   Memory (MB)          :      657        1      4035
...
