000 (2491851.027.000) 11/08 20:36:46 Job submitted from host: <192.168.1.109:9714>
...
001 (2491851.027.000) 11/08 20:37:13 Job executing on host: <192.168.1.63:9932>
...
006 (2491851.027.000) 11/08 20:37:22 Image size of job updated: 400092
	75  -  MemoryUsage of job (MB)
	76460  -  ResidentSetSize of job (KB)
...
006 (2491851.027.000) 11/08 20:42:23 Image size of job updated: 991140
	404  -  MemoryUsage of job (MB)
	413220  -  ResidentSetSize of job (KB)
...
006 (2491851.027.000) 11/08 20:47:23 Image size of job updated: 991140
	407  -  MemoryUsage of job (MB)
	416668  -  ResidentSetSize of job (KB)
...
006 (2491851.027.000) 11/08 20:52:24 Image size of job updated: 991140
	529  -  MemoryUsage of job (MB)
	540720  -  ResidentSetSize of job (KB)
...
006 (2491851.027.000) 11/08 20:57:25 Image size of job updated: 991140
	573  -  MemoryUsage of job (MB)
	585856  -  ResidentSetSize of job (KB)
...
006 (2491851.027.000) 11/08 21:02:25 Image size of job updated: 991140
	573  -  MemoryUsage of job (MB)
	586156  -  ResidentSetSize of job (KB)
...
006 (2491851.027.000) 11/08 21:07:25 Image size of job updated: 991140
	574  -  MemoryUsage of job (MB)
	586932  -  ResidentSetSize of job (KB)
...
006 (2491851.027.000) 11/08 21:12:26 Image size of job updated: 991140
	574  -  MemoryUsage of job (MB)
	586960  -  ResidentSetSize of job (KB)
...
005 (2491851.027.000) 11/08 21:12:38 Job terminated.
	(1) Normal termination (return value 0)
		Usr 0 00:20:05, Sys 0 00:00:52  -  Run Remote Usage
		Usr 0 00:00:00, Sys 0 00:00:00  -  Run Local Usage
		Usr 0 00:20:05, Sys 0 00:00:52  -  Total Remote Usage
		Usr 0 00:00:00, Sys 0 00:00:00  -  Total Local Usage
	0  -  Run Bytes Sent By Job
	0  -  Run Bytes Received By Job
	0  -  Total Bytes Sent By Job
	0  -  Total Bytes Received By Job
	Partitionable Resources :    Usage  Request Allocated
	   Cpus                 :                 1         1
	   Disk (KB)            :        1        1  19566180
	   Memory (MB)          :      574        1      4033
...
