000 (2491133.027.000) 11/08 19:40:18 Job submitted from host: <192.168.1.109:9714>
...
001 (2491133.027.000) 11/08 19:40:56 Job executing on host: <192.168.1.45:9392>
...
006 (2491133.027.000) 11/08 19:41:04 Image size of job updated: 181296
	3  -  MemoryUsage of job (MB)
	2620  -  ResidentSetSize of job (KB)
...
006 (2491133.027.000) 11/08 19:46:04 Image size of job updated: 991148
	479  -  MemoryUsage of job (MB)
	489656  -  ResidentSetSize of job (KB)
...
006 (2491133.027.000) 11/08 19:51:05 Image size of job updated: 991148
	482  -  MemoryUsage of job (MB)
	492736  -  ResidentSetSize of job (KB)
...
006 (2491133.027.000) 11/08 19:56:06 Image size of job updated: 991148
	482  -  MemoryUsage of job (MB)
	492928  -  ResidentSetSize of job (KB)
...
006 (2491133.027.000) 11/08 20:01:06 Image size of job updated: 1149252
	631  -  MemoryUsage of job (MB)
	645880  -  ResidentSetSize of job (KB)
...
006 (2491133.027.000) 11/08 20:06:07 Image size of job updated: 1149252
	791  -  MemoryUsage of job (MB)
	809604  -  ResidentSetSize of job (KB)
...
005 (2491133.027.000) 11/08 20:07:19 Job terminated.
	(1) Normal termination (return value 0)
		Usr 0 00:11:24, Sys 0 00:00:46  -  Run Remote Usage
		Usr 0 00:00:00, Sys 0 00:00:00  -  Run Local Usage
		Usr 0 00:11:24, Sys 0 00:00:46  -  Total Remote Usage
		Usr 0 00:00:00, Sys 0 00:00:00  -  Total Local Usage
	0  -  Run Bytes Sent By Job
	0  -  Run Bytes Received By Job
	0  -  Total Bytes Sent By Job
	0  -  Total Bytes Received By Job
	Partitionable Resources :    Usage  Request Allocated
	   Cpus                 :                 1         1
	   Disk (KB)            :        1        1   2370581
	   Memory (MB)          :      791        1      4035
...
