000 (2497410.027.000) 11/09 15:33:46 Job submitted from host: <192.168.1.109:9714>
...
001 (2497410.027.000) 11/09 15:34:09 Job executing on host: <192.168.1.68:9996>
...
006 (2497410.027.000) 11/09 15:34:18 Image size of job updated: 341260
	52  -  MemoryUsage of job (MB)
	52832  -  ResidentSetSize of job (KB)
...
006 (2497410.027.000) 11/09 15:39:19 Image size of job updated: 1034536
	497  -  MemoryUsage of job (MB)
	508652  -  ResidentSetSize of job (KB)
...
006 (2497410.027.000) 11/09 15:44:19 Image size of job updated: 1034536
	498  -  MemoryUsage of job (MB)
	509352  -  ResidentSetSize of job (KB)
...
006 (2497410.027.000) 11/09 15:49:19 Image size of job updated: 1034536
	498  -  MemoryUsage of job (MB)
	509680  -  ResidentSetSize of job (KB)
...
006 (2497410.027.000) 11/09 15:54:20 Image size of job updated: 1034536
	499  -  MemoryUsage of job (MB)
	510928  -  ResidentSetSize of job (KB)
...
006 (2497410.027.000) 11/09 15:59:20 Image size of job updated: 1034536
	631  -  MemoryUsage of job (MB)
	645492  -  ResidentSetSize of job (KB)
...
006 (2497410.027.000) 11/09 16:04:20 Image size of job updated: 1034536
	631  -  MemoryUsage of job (MB)
	645728  -  ResidentSetSize of job (KB)
...
006 (2497410.027.000) 11/09 16:09:21 Image size of job updated: 1034536
	631  -  MemoryUsage of job (MB)
	645932  -  ResidentSetSize of job (KB)
...
006 (2497410.027.000) 11/09 16:14:22 Image size of job updated: 1034536
	631  -  MemoryUsage of job (MB)
	646088  -  ResidentSetSize of job (KB)
...
005 (2497410.027.000) 11/09 16:24:13 Job terminated.
	(1) Normal termination (return value 0)
		Usr 0 00:19:39, Sys 0 00:00:52  -  Run Remote Usage
		Usr 0 00:00:00, Sys 0 00:00:00  -  Run Local Usage
		Usr 0 00:19:39, Sys 0 00:00:52  -  Total Remote Usage
		Usr 0 00:00:00, Sys 0 00:00:00  -  Total Local Usage
	0  -  Run Bytes Sent By Job
	0  -  Run Bytes Received By Job
	0  -  Total Bytes Sent By Job
	0  -  Total Bytes Received By Job
	Partitionable Resources :    Usage  Request Allocated
	   Cpus                 :                 1         1
	   Disk (KB)            :        1        1  20251418
	   Memory (MB)          :      631        1      4038
...
