000 (2491851.009.000) 11/08 20:36:46 Job submitted from host: <192.168.1.109:9714>
...
001 (2491851.009.000) 11/08 20:37:12 Job executing on host: <192.168.1.44:9507>
...
006 (2491851.009.000) 11/08 20:37:21 Image size of job updated: 402768
	73  -  MemoryUsage of job (MB)
	74212  -  ResidentSetSize of job (KB)
...
006 (2491851.009.000) 11/08 20:42:22 Image size of job updated: 1005912
	468  -  MemoryUsage of job (MB)
	478632  -  ResidentSetSize of job (KB)
...
006 (2491851.009.000) 11/08 21:22:25 Image size of job updated: 1005912
	534  -  MemoryUsage of job (MB)
	546472  -  ResidentSetSize of job (KB)
...
006 (2491851.009.000) 11/08 21:27:26 Image size of job updated: 1005912
	534  -  MemoryUsage of job (MB)
	546476  -  ResidentSetSize of job (KB)
...
006 (2491851.009.000) 11/08 21:32:26 Image size of job updated: 1005912
	534  -  MemoryUsage of job (MB)
	546500  -  ResidentSetSize of job (KB)
...
006 (2491851.009.000) 11/08 21:37:26 Image size of job updated: 1005912
	534  -  MemoryUsage of job (MB)
	546508  -  ResidentSetSize of job (KB)
...
006 (2491851.009.000) 11/08 21:42:27 Image size of job updated: 1005912
	534  -  MemoryUsage of job (MB)
	546512  -  ResidentSetSize of job (KB)
...
006 (2491851.009.000) 11/08 21:47:27 Image size of job updated: 1005912
	534  -  MemoryUsage of job (MB)
	546516  -  ResidentSetSize of job (KB)
...
006 (2491851.009.000) 11/08 21:52:27 Image size of job updated: 1005912
	534  -  MemoryUsage of job (MB)
	546520  -  ResidentSetSize of job (KB)
...
006 (2491851.009.000) 11/08 21:57:28 Image size of job updated: 1005912
	534  -  MemoryUsage of job (MB)
	546524  -  ResidentSetSize of job (KB)
...
006 (2491851.009.000) 11/08 22:07:29 Image size of job updated: 1005912
	534  -  MemoryUsage of job (MB)
	546528  -  ResidentSetSize of job (KB)
...
006 (2491851.009.000) 11/08 22:12:30 Image size of job updated: 1005912
	534  -  MemoryUsage of job (MB)
	546532  -  ResidentSetSize of job (KB)
...
006 (2491851.009.000) 11/08 22:57:34 Image size of job updated: 1005912
	534  -  MemoryUsage of job (MB)
	546540  -  ResidentSetSize of job (KB)
...
006 (2491851.009.000) 11/08 23:02:35 Image size of job updated: 1005912
	534  -  MemoryUsage of job (MB)
	546556  -  ResidentSetSize of job (KB)
...
006 (2491851.009.000) 11/08 23:07:35 Image size of job updated: 1005912
	534  -  MemoryUsage of job (MB)
	546604  -  ResidentSetSize of job (KB)
...
006 (2491851.009.000) 11/08 23:12:36 Image size of job updated: 1005912
	534  -  MemoryUsage of job (MB)
	546740  -  ResidentSetSize of job (KB)
...
006 (2491851.009.000) 11/08 23:17:37 Image size of job updated: 1005912
	536  -  MemoryUsage of job (MB)
	548636  -  ResidentSetSize of job (KB)
...
005 (2491851.009.000) 11/08 23:18:48 Job terminated.
	(1) Normal termination (return value 0)
		Usr 0 00:57:11, Sys 0 00:03:19  -  Run Remote Usage
		Usr 0 00:00:00, Sys 0 00:00:00  -  Run Local Usage
		Usr 0 00:57:11, Sys 0 00:03:19  -  Total Remote Usage
		Usr 0 00:00:00, Sys 0 00:00:00  -  Total Local Usage
	0  -  Run Bytes Sent By Job
	0  -  Run Bytes Received By Job
	0  -  Total Bytes Sent By Job
	0  -  Total Bytes Received By Job
	Partitionable Resources :    Usage  Request Allocated
	   Cpus                 :                 1         1
	   Disk (KB)            :        1        1   2370190
	   Memory (MB)          :      536        1      4035
...
