000 (2491133.009.000) 11/08 19:40:18 Job submitted from host: <192.168.1.109:9714>
...
001 (2491133.009.000) 11/08 19:40:55 Job executing on host: <192.168.1.45:9392>
...
006 (2491133.009.000) 11/08 19:41:04 Image size of job updated: 181300
	3  -  MemoryUsage of job (MB)
	2672  -  ResidentSetSize of job (KB)
...
006 (2491133.009.000) 11/08 19:46:06 Image size of job updated: 1005904
	490  -  MemoryUsage of job (MB)
	501304  -  ResidentSetSize of job (KB)
...
006 (2491133.009.000) 11/08 19:51:06 Image size of job updated: 1005904
	593  -  MemoryUsage of job (MB)
	607000  -  ResidentSetSize of job (KB)
...
006 (2491133.009.000) 11/08 19:56:06 Image size of job updated: 1005904
	598  -  MemoryUsage of job (MB)
	612308  -  ResidentSetSize of job (KB)
...
006 (2491133.009.000) 11/08 20:01:07 Image size of job updated: 1213552
	825  -  MemoryUsage of job (MB)
	844696  -  ResidentSetSize of job (KB)
...
006 (2491133.009.000) 11/08 20:06:08 Image size of job updated: 1213552
	834  -  MemoryUsage of job (MB)
	853692  -  ResidentSetSize of job (KB)
...
006 (2491133.009.000) 11/08 20:11:08 Image size of job updated: 1213552
	837  -  MemoryUsage of job (MB)
	856636  -  ResidentSetSize of job (KB)
...
006 (2491133.009.000) 11/08 20:16:09 Image size of job updated: 1213552
	839  -  MemoryUsage of job (MB)
	858424  -  ResidentSetSize of job (KB)
...
006 (2491133.009.000) 11/08 20:21:09 Image size of job updated: 1213552
	841  -  MemoryUsage of job (MB)
	860244  -  ResidentSetSize of job (KB)
...
006 (2491133.009.000) 11/08 20:26:09 Image size of job updated: 1213552
	842  -  MemoryUsage of job (MB)
	861372  -  ResidentSetSize of job (KB)
...
006 (2491133.009.000) 11/08 20:31:11 Image size of job updated: 1213552
	842  -  MemoryUsage of job (MB)
	861596  -  ResidentSetSize of job (KB)
...
006 (2491133.009.000) 11/08 20:36:11 Image size of job updated: 1213552
	843  -  MemoryUsage of job (MB)
	862300  -  ResidentSetSize of job (KB)
...
005 (2491133.009.000) 11/08 21:19:21 Job terminated.
	(1) Normal termination (return value 0)
		Usr 0 00:53:14, Sys 0 00:03:07  -  Run Remote Usage
		Usr 0 00:00:00, Sys 0 00:00:00  -  Run Local Usage
		Usr 0 00:53:14, Sys 0 00:03:07  -  Total Remote Usage
		Usr 0 00:00:00, Sys 0 00:00:00  -  Total Local Usage
	0  -  Run Bytes Sent By Job
	0  -  Run Bytes Received By Job
	0  -  Total Bytes Sent By Job
	0  -  Total Bytes Received By Job
	Partitionable Resources :    Usage  Request Allocated
	   Cpus                 :                 1         1
	   Disk (KB)            :        1        1   2370581
	   Memory (MB)          :      843        1      4035
...
