000 (2497410.009.000) 11/09 15:33:46 Job submitted from host: <192.168.1.109:9714>
...
001 (2497410.009.000) 11/09 15:34:08 Job executing on host: <192.168.1.67:9583>
...
006 (2497410.009.000) 11/09 15:34:17 Image size of job updated: 358624
	63  -  MemoryUsage of job (MB)
	64192  -  ResidentSetSize of job (KB)
...
006 (2497410.009.000) 11/09 15:39:18 Image size of job updated: 1050432
	512  -  MemoryUsage of job (MB)
	524180  -  ResidentSetSize of job (KB)
...
006 (2497410.009.000) 11/09 15:44:19 Image size of job updated: 1050432
	512  -  MemoryUsage of job (MB)
	524288  -  ResidentSetSize of job (KB)
...
006 (2497410.009.000) 11/09 15:49:19 Image size of job updated: 1050432
	513  -  MemoryUsage of job (MB)
	524552  -  ResidentSetSize of job (KB)
...
006 (2497410.009.000) 11/09 15:54:20 Image size of job updated: 1050432
	513  -  MemoryUsage of job (MB)
	524576  -  ResidentSetSize of job (KB)
...
006 (2497410.009.000) 11/09 15:59:21 Image size of job updated: 1050432
	513  -  MemoryUsage of job (MB)
	524640  -  ResidentSetSize of job (KB)
...
006 (2497410.009.000) 11/09 16:04:21 Image size of job updated: 1050432
	513  -  MemoryUsage of job (MB)
	524644  -  ResidentSetSize of job (KB)
...
006 (2497410.009.000) 11/09 16:14:22 Image size of job updated: 1050432
	620  -  MemoryUsage of job (MB)
	633916  -  ResidentSetSize of job (KB)
...
006 (2497410.009.000) 11/09 16:19:22 Image size of job updated: 1050432
	620  -  MemoryUsage of job (MB)
	633924  -  ResidentSetSize of job (KB)
...
006 (2497410.009.000) 11/09 16:24:22 Image size of job updated: 1050432
	620  -  MemoryUsage of job (MB)
	633932  -  ResidentSetSize of job (KB)
...
006 (2497410.009.000) 11/09 16:39:24 Image size of job updated: 1050432
	620  -  MemoryUsage of job (MB)
	634016  -  ResidentSetSize of job (KB)
...
006 (2497410.009.000) 11/09 16:54:26 Image size of job updated: 1050432
	620  -  MemoryUsage of job (MB)
	634020  -  ResidentSetSize of job (KB)
...
006 (2497410.009.000) 11/09 16:59:27 Image size of job updated: 1050432
	620  -  MemoryUsage of job (MB)
	634044  -  ResidentSetSize of job (KB)
...
006 (2497410.009.000) 11/09 17:04:28 Image size of job updated: 1050432
	620  -  MemoryUsage of job (MB)
	634176  -  ResidentSetSize of job (KB)
...
006 (2497410.009.000) 11/09 17:09:28 Image size of job updated: 1050432
	620  -  MemoryUsage of job (MB)
	634216  -  ResidentSetSize of job (KB)
...
006 (2497410.009.000) 11/09 17:19:29 Image size of job updated: 1050432
	621  -  MemoryUsage of job (MB)
	635072  -  ResidentSetSize of job (KB)
...
006 (2497410.009.000) 11/09 17:29:29 Image size of job updated: 1050432
	621  -  MemoryUsage of job (MB)
	635096  -  ResidentSetSize of job (KB)
...
006 (2497410.009.000) 11/09 17:34:30 Image size of job updated: 1050432
	621  -  MemoryUsage of job (MB)
	635184  -  ResidentSetSize of job (KB)
...
006 (2497410.009.000) 11/09 17:39:31 Image size of job updated: 1050432
	621  -  MemoryUsage of job (MB)
	635264  -  ResidentSetSize of job (KB)
...
006 (2497410.009.000) 11/09 17:44:31 Image size of job updated: 1050432
	621  -  MemoryUsage of job (MB)
	635420  -  ResidentSetSize of job (KB)
...
006 (2497410.009.000) 11/09 17:49:32 Image size of job updated: 1050432
	621  -  MemoryUsage of job (MB)
	635600  -  ResidentSetSize of job (KB)
...
006 (2497410.009.000) 11/09 17:59:33 Image size of job updated: 1052384
	623  -  MemoryUsage of job (MB)
	636976  -  ResidentSetSize of job (KB)
...
006 (2497410.009.000) 11/09 18:04:33 Image size of job updated: 1052384
	623  -  MemoryUsage of job (MB)
	637084  -  ResidentSetSize of job (KB)
...
006 (2497410.009.000) 11/09 18:09:34 Image size of job updated: 1052524
	625  -  MemoryUsage of job (MB)
	639016  -  ResidentSetSize of job (KB)
...
005 (2497410.009.000) 11/09 18:10:42 Job terminated.
	(1) Normal termination (return value 0)
		Usr 0 01:22:18, Sys 0 00:03:16  -  Run Remote Usage
		Usr 0 00:00:00, Sys 0 00:00:00  -  Run Local Usage
		Usr 0 01:22:18, Sys 0 00:03:16  -  Total Remote Usage
		Usr 0 00:00:00, Sys 0 00:00:00  -  Total Local Usage
	0  -  Run Bytes Sent By Job
	0  -  Run Bytes Received By Job
	0  -  Total Bytes Sent By Job
	0  -  Total Bytes Received By Job
	Partitionable Resources :    Usage  Request Allocated
	   Cpus                 :                 1         1
	   Disk (KB)            :        1        1  19562938
	   Memory (MB)          :      625        1      4033
...
