000 (2492932.012.000) 11/08 23:53:04 Job submitted from host: <192.168.1.109:9714>
...
001 (2492932.012.000) 11/08 23:53:27 Job executing on host: <192.168.1.42:9515>
...
006 (2492932.012.000) 11/08 23:53:36 Image size of job updated: 358628
	62  -  MemoryUsage of job (MB)
	62928  -  ResidentSetSize of job (KB)
...
006 (2492932.012.000) 11/08 23:53:54 Image size of job updated: 386548
	62  -  MemoryUsage of job (MB)
	62928  -  ResidentSetSize of job (KB)
...
005 (2492932.012.000) 11/08 23:53:54 Job terminated.
	(1) Normal termination (return value 0)
		Usr 0 00:00:01, Sys 0 00:00:00  -  Run Remote Usage
		Usr 0 00:00:00, Sys 0 00:00:00  -  Run Local Usage
		Usr 0 00:00:01, Sys 0 00:00:00  -  Total Remote Usage
		Usr 0 00:00:00, Sys 0 00:00:00  -  Total Local Usage
	0  -  Run Bytes Sent By Job
	0  -  Run Bytes Received By Job
	0  -  Total Bytes Sent By Job
	0  -  Total Bytes Received By Job
	Partitionable Resources :    Usage  Request Allocated
	   Cpus                 :                 1         1
	   Disk (KB)            :        1        1   2371372
	   Memory (MB)          :       62        1      4035
...
