000 (2504798.055.000) 11/15 23:52:38 Job submitted from host: <192.168.1.109:9714>
...
001 (2504798.055.000) 11/15 23:52:45 Job executing on host: <192.168.1.48:9634>
...
006 (2504798.055.000) 11/15 23:52:54 Image size of job updated: 475808
	152  -  MemoryUsage of job (MB)
	154832  -  ResidentSetSize of job (KB)
...
006 (2504798.055.000) 11/15 23:52:59 Image size of job updated: 476504
	152  -  MemoryUsage of job (MB)
	154832  -  ResidentSetSize of job (KB)
...
005 (2504798.055.000) 11/15 23:52:59 Job terminated.
	(1) Normal termination (return value 0)
		Usr 0 00:00:08, Sys 0 00:00:00  -  Run Remote Usage
		Usr 0 00:00:00, Sys 0 00:00:00  -  Run Local Usage
		Usr 0 00:00:08, Sys 0 00:00:00  -  Total Remote Usage
		Usr 0 00:00:00, Sys 0 00:00:00  -  Total Local Usage
	0  -  Run Bytes Sent By Job
	0  -  Run Bytes Received By Job
	0  -  Total Bytes Sent By Job
	0  -  Total Bytes Received By Job
	Partitionable Resources :    Usage  Request Allocated
	   Cpus                 :                 1         1
	   Disk (KB)            :        1        1  28380785
	   Memory (MB)          :      152        1      4033
...
