000 (2493183.072.000) 11/09 00:44:14 Job submitted from host: <192.168.1.109:9714>
...
001 (2493183.072.000) 11/09 00:44:27 Job executing on host: <192.168.1.46:9845>
...
006 (2493183.072.000) 11/09 00:44:36 Image size of job updated: 97664
	3  -  MemoryUsage of job (MB)
	2812  -  ResidentSetSize of job (KB)
...
006 (2493183.072.000) 11/09 00:49:38 Image size of job updated: 1053720
	504  -  MemoryUsage of job (MB)
	515244  -  ResidentSetSize of job (KB)
...
006 (2493183.072.000) 11/09 00:54:38 Image size of job updated: 1053720
	504  -  MemoryUsage of job (MB)
	515472  -  ResidentSetSize of job (KB)
...
006 (2493183.072.000) 11/09 00:59:38 Image size of job updated: 1053720
	504  -  MemoryUsage of job (MB)
	515520  -  ResidentSetSize of job (KB)
...
006 (2493183.072.000) 11/09 01:04:39 Image size of job updated: 1053720
	504  -  MemoryUsage of job (MB)
	515564  -  ResidentSetSize of job (KB)
...
006 (2493183.072.000) 11/09 01:09:40 Image size of job updated: 1053720
	504  -  MemoryUsage of job (MB)
	515576  -  ResidentSetSize of job (KB)
...
006 (2493183.072.000) 11/09 01:14:40 Image size of job updated: 1053720
	504  -  MemoryUsage of job (MB)
	515644  -  ResidentSetSize of job (KB)
...
005 (2493183.072.000) 11/09 01:15:37 Job terminated.
	(1) Normal termination (return value 0)
		Usr 0 00:06:27, Sys 0 00:00:22  -  Run Remote Usage
		Usr 0 00:00:00, Sys 0 00:00:00  -  Run Local Usage
		Usr 0 00:06:27, Sys 0 00:00:22  -  Total Remote Usage
		Usr 0 00:00:00, Sys 0 00:00:00  -  Total Local Usage
	0  -  Run Bytes Sent By Job
	0  -  Run Bytes Received By Job
	0  -  Total Bytes Sent By Job
	0  -  Total Bytes Received By Job
	Partitionable Resources :    Usage  Request Allocated
	   Cpus                 :                 1         1
	   Disk (KB)            :        1        1   2371642
	   Memory (MB)          :      504        1      4035
...
