000 (2504806.060.000) 11/16 01:28:52 Job submitted from host: <192.168.1.109:9714>
...
001 (2504806.060.000) 11/16 01:29:06 Job executing on host: <192.168.1.68:9996>
...
006 (2504806.060.000) 11/16 01:29:14 Image size of job updated: 181780
	2  -  MemoryUsage of job (MB)
	1840  -  ResidentSetSize of job (KB)
...
006 (2504806.060.000) 11/16 01:29:27 Image size of job updated: 475532
	2  -  MemoryUsage of job (MB)
	1840  -  ResidentSetSize of job (KB)
...
005 (2504806.060.000) 11/16 01:29:27 Job terminated.
	(1) Normal termination (return value 0)
		Usr 0 00:00:11, Sys 0 00:00:01  -  Run Remote Usage
		Usr 0 00:00:00, Sys 0 00:00:00  -  Run Local Usage
		Usr 0 00:00:11, Sys 0 00:00:01  -  Total Remote Usage
		Usr 0 00:00:00, Sys 0 00:00:00  -  Total Local Usage
	0  -  Run Bytes Sent By Job
	0  -  Run Bytes Received By Job
	0  -  Total Bytes Sent By Job
	0  -  Total Bytes Received By Job
	Partitionable Resources :    Usage  Request Allocated
	   Cpus                 :                 1         1
	   Disk (KB)            :        1        1  20250673
	   Memory (MB)          :        2        1      4038
...
