000 (2506671.072.000) 11/17 00:32:25 Job submitted from host: <192.168.1.109:9714>
...
001 (2506671.072.000) 11/17 00:32:36 Job executing on host: <192.168.1.67:9583>
...
006 (2506671.072.000) 11/17 00:32:44 Image size of job updated: 32840
	3  -  MemoryUsage of job (MB)
	2676  -  ResidentSetSize of job (KB)
...
006 (2506671.072.000) 11/17 00:32:59 Image size of job updated: 475204
	3  -  MemoryUsage of job (MB)
	2676  -  ResidentSetSize of job (KB)
...
005 (2506671.072.000) 11/17 00:32:59 Job terminated.
	(1) Normal termination (return value 0)
		Usr 0 00:00:09, Sys 0 00:00:00  -  Run Remote Usage
		Usr 0 00:00:00, Sys 0 00:00:00  -  Run Local Usage
		Usr 0 00:00:09, Sys 0 00:00:00  -  Total Remote Usage
		Usr 0 00:00:00, Sys 0 00:00:00  -  Total Local Usage
	0  -  Run Bytes Sent By Job
	0  -  Run Bytes Received By Job
	0  -  Total Bytes Sent By Job
	0  -  Total Bytes Received By Job
	Partitionable Resources :    Usage  Request Allocated
	   Cpus                 :                 1         1
	   Disk (KB)            :        1        1  19564090
	   Memory (MB)          :        3        1      4033
...
