000 (2464980.013.000) 11/02 16:52:02 Job submitted from host: <192.168.1.109:9308>
...
001 (2464980.013.000) 11/02 16:52:24 Job executing on host: <192.168.1.45:9147>
...
006 (2464980.013.000) 11/02 16:52:33 Image size of job updated: 434544
	78  -  MemoryUsage of job (MB)
	79792  -  ResidentSetSize of job (KB)
...
005 (2464980.013.000) 11/02 16:52:44 Job terminated.
	(1) Normal termination (return value 0)
		Usr 0 00:00:02, Sys 0 00:00:00  -  Run Remote Usage
		Usr 0 00:00:00, Sys 0 00:00:00  -  Run Local Usage
		Usr 0 00:00:02, Sys 0 00:00:00  -  Total Remote Usage
		Usr 0 00:00:00, Sys 0 00:00:00  -  Total Local Usage
	0  -  Run Bytes Sent By Job
	0  -  Run Bytes Received By Job
	0  -  Total Bytes Sent By Job
	0  -  Total Bytes Received By Job
	Partitionable Resources :    Usage  Request Allocated
	   Cpus                 :                 1         1
	   Disk (KB)            :        1        1   2370681
	   Memory (MB)          :       78        1      4035
...
