000 (2492235.013.000) 11/08 21:19:19 Job submitted from host: <192.168.1.109:9714>
...
001 (2492235.013.000) 11/08 21:19:29 Job executing on host: <192.168.1.65:9393>
...
006 (2492235.013.000) 11/08 21:19:38 Image size of job updated: 440128
	94  -  MemoryUsage of job (MB)
	95396  -  ResidentSetSize of job (KB)
...
006 (2492235.013.000) 11/08 21:24:40 Image size of job updated: 1065212
	441  -  MemoryUsage of job (MB)
	450580  -  ResidentSetSize of job (KB)
...
006 (2492235.013.000) 11/08 21:29:40 Image size of job updated: 1065212
	553  -  MemoryUsage of job (MB)
	566004  -  ResidentSetSize of job (KB)
...
006 (2492235.013.000) 11/08 21:34:40 Image size of job updated: 1065212
	554  -  MemoryUsage of job (MB)
	566484  -  ResidentSetSize of job (KB)
...
006 (2492235.013.000) 11/08 21:39:41 Image size of job updated: 1065212
	554  -  MemoryUsage of job (MB)
	566532  -  ResidentSetSize of job (KB)
...
006 (2492235.013.000) 11/08 21:44:42 Image size of job updated: 1065212
	554  -  MemoryUsage of job (MB)
	566840  -  ResidentSetSize of job (KB)
...
006 (2492235.013.000) 11/08 21:49:42 Image size of job updated: 1065212
	554  -  MemoryUsage of job (MB)
	567088  -  ResidentSetSize of job (KB)
...
005 (2492235.013.000) 11/08 21:50:34 Job terminated.
	(1) Normal termination (return value 0)
		Usr 0 00:13:37, Sys 0 00:00:28  -  Run Remote Usage
		Usr 0 00:00:00, Sys 0 00:00:00  -  Run Local Usage
		Usr 0 00:13:37, Sys 0 00:00:28  -  Total Remote Usage
		Usr 0 00:00:00, Sys 0 00:00:00  -  Total Local Usage
	0  -  Run Bytes Sent By Job
	0  -  Run Bytes Received By Job
	0  -  Total Bytes Sent By Job
	0  -  Total Bytes Received By Job
	Partitionable Resources :    Usage  Request Allocated
	   Cpus                 :                 1         1
	   Disk (KB)            :        1        1  19563441
	   Memory (MB)          :      554        1      4033
...
