000 (2492274.001.000) 11/08 21:21:58 Job submitted from host: <192.168.1.109:9714>
...
001 (2492274.001.000) 11/08 21:23:33 Job executing on host: <192.168.1.46:9845>
...
006 (2492274.001.000) 11/08 21:23:46 Image size of job updated: 97664
	13  -  MemoryUsage of job (MB)
	13256  -  ResidentSetSize of job (KB)
...
006 (2492274.001.000) 11/08 21:28:47 Image size of job updated: 638272
	248  -  MemoryUsage of job (MB)
	253092  -  ResidentSetSize of job (KB)
...
006 (2492274.001.000) 11/08 21:33:48 Image size of job updated: 1065220
	520  -  MemoryUsage of job (MB)
	531668  -  ResidentSetSize of job (KB)
...
006 (2492274.001.000) 11/08 21:38:48 Image size of job updated: 1065220
	521  -  MemoryUsage of job (MB)
	532956  -  ResidentSetSize of job (KB)
...
006 (2492274.001.000) 11/08 21:43:49 Image size of job updated: 1065220
	521  -  MemoryUsage of job (MB)
	532992  -  ResidentSetSize of job (KB)
...
006 (2492274.001.000) 11/08 21:48:50 Image size of job updated: 1065220
	521  -  MemoryUsage of job (MB)
	533028  -  ResidentSetSize of job (KB)
...
006 (2492274.001.000) 11/08 21:53:50 Image size of job updated: 1065220
	521  -  MemoryUsage of job (MB)
	533212  -  ResidentSetSize of job (KB)
...
006 (2492274.001.000) 11/08 21:58:51 Image size of job updated: 1065220
	521  -  MemoryUsage of job (MB)
	533256  -  ResidentSetSize of job (KB)
...
006 (2492274.001.000) 11/08 22:03:52 Image size of job updated: 1065220
	522  -  MemoryUsage of job (MB)
	533724  -  ResidentSetSize of job (KB)
...
006 (2492274.001.000) 11/08 22:08:52 Image size of job updated: 1065220
	522  -  MemoryUsage of job (MB)
	533764  -  ResidentSetSize of job (KB)
...
006 (2492274.001.000) 11/08 22:13:53 Image size of job updated: 1065220
	522  -  MemoryUsage of job (MB)
	533784  -  ResidentSetSize of job (KB)
...
006 (2492274.001.000) 11/08 22:18:54 Image size of job updated: 1065220
	522  -  MemoryUsage of job (MB)
	534116  -  ResidentSetSize of job (KB)
...
006 (2492274.001.000) 11/08 22:23:54 Image size of job updated: 1065220
	522  -  MemoryUsage of job (MB)
	534176  -  ResidentSetSize of job (KB)
...
005 (2492274.001.000) 11/08 22:26:03 Job terminated.
	(1) Normal termination (return value 0)
		Usr 0 00:06:05, Sys 0 00:00:30  -  Run Remote Usage
		Usr 0 00:00:00, Sys 0 00:00:00  -  Run Local Usage
		Usr 0 00:06:05, Sys 0 00:00:30  -  Total Remote Usage
		Usr 0 00:00:00, Sys 0 00:00:00  -  Total Local Usage
	0  -  Run Bytes Sent By Job
	0  -  Run Bytes Received By Job
	0  -  Total Bytes Sent By Job
	0  -  Total Bytes Received By Job
	Partitionable Resources :    Usage  Request Allocated
	   Cpus                 :                 1         1
	   Disk (KB)            :        1        1   2371756
	   Memory (MB)          :      522        1      4035
...
