000 (2493011.001.000) 11/09 00:07:56 Job submitted from host: <192.168.1.109:9714>
...
001 (2493011.001.000) 11/09 00:08:31 Job executing on host: <192.168.1.42:9515>
...
006 (2493011.001.000) 11/09 00:08:40 Image size of job updated: 327176
	32  -  MemoryUsage of job (MB)
	32156  -  ResidentSetSize of job (KB)
...
006 (2493011.001.000) 11/09 00:08:46 Image size of job updated: 436484
	32  -  MemoryUsage of job (MB)
	32156  -  ResidentSetSize of job (KB)
...
005 (2493011.001.000) 11/09 00:08:46 Job terminated.
	(1) Normal termination (return value 6)
		Usr 0 00:00:02, Sys 0 00:00:00  -  Run Remote Usage
		Usr 0 00:00:00, Sys 0 00:00:00  -  Run Local Usage
		Usr 0 00:00:02, Sys 0 00:00:00  -  Total Remote Usage
		Usr 0 00:00:00, Sys 0 00:00:00  -  Total Local Usage
	0  -  Run Bytes Sent By Job
	0  -  Run Bytes Received By Job
	0  -  Total Bytes Sent By Job
	0  -  Total Bytes Received By Job
	Partitionable Resources :    Usage  Request Allocated
	   Cpus                 :                 1         1
	   Disk (KB)            :        1        1   2371280
	   Memory (MB)          :       32        1      4035
...
