000 (2504806.001.000) 11/16 01:28:51 Job submitted from host: <192.168.1.109:9714>
...
001 (2504806.001.000) 11/16 01:29:03 Job executing on host: <192.168.1.45:9392>
...
006 (2504806.001.000) 11/16 01:29:12 Image size of job updated: 344928
	82  -  MemoryUsage of job (MB)
	83152  -  ResidentSetSize of job (KB)
...
005 (2504806.001.000) 11/16 01:29:21 Job terminated.
	(1) Normal termination (return value 0)
		Usr 0 00:00:00, Sys 0 00:00:00  -  Run Remote Usage
		Usr 0 00:00:00, Sys 0 00:00:00  -  Run Local Usage
		Usr 0 00:00:00, Sys 0 00:00:00  -  Total Remote Usage
		Usr 0 00:00:00, Sys 0 00:00:00  -  Total Local Usage
	0  -  Run Bytes Sent By Job
	0  -  Run Bytes Received By Job
	0  -  Total Bytes Sent By Job
	0  -  Total Bytes Received By Job
	Partitionable Resources :    Usage  Request Allocated
	   Cpus                 :                 1         1
	   Disk (KB)            :        1        1   2371098
	   Memory (MB)          :       82        1      4035
...
