000 (2497409.013.000) 11/09 15:27:51 Job submitted from host: <192.168.1.109:9714>
...
001 (2497409.013.000) 11/09 15:28:14 Job executing on host: <192.168.1.64:9697>
...
006 (2497409.013.000) 11/09 15:28:22 Image size of job updated: 97468
	3  -  MemoryUsage of job (MB)
	2168  -  ResidentSetSize of job (KB)
...
006 (2497409.013.000) 11/09 15:33:22 Image size of job updated: 990496
	475  -  MemoryUsage of job (MB)
	486036  -  ResidentSetSize of job (KB)
...
006 (2497409.013.000) 11/09 15:38:22 Image size of job updated: 991016
	475  -  MemoryUsage of job (MB)
	486036  -  ResidentSetSize of job (KB)
...
006 (2497409.013.000) 11/09 15:58:24 Image size of job updated: 991016
	592  -  MemoryUsage of job (MB)
	605352  -  ResidentSetSize of job (KB)
...
006 (2497409.013.000) 11/09 16:08:25 Image size of job updated: 991016
	592  -  MemoryUsage of job (MB)
	605356  -  ResidentSetSize of job (KB)
...
006 (2497409.013.000) 11/09 16:28:27 Image size of job updated: 991016
	592  -  MemoryUsage of job (MB)
	605440  -  ResidentSetSize of job (KB)
...
005 (2497409.013.000) 11/09 16:36:05 Job terminated.
	(1) Normal termination (return value 0)
		Usr 0 00:40:47, Sys 0 00:01:56  -  Run Remote Usage
		Usr 0 00:00:00, Sys 0 00:00:00  -  Run Local Usage
		Usr 0 00:40:47, Sys 0 00:01:56  -  Total Remote Usage
		Usr 0 00:00:00, Sys 0 00:00:00  -  Total Local Usage
	0  -  Run Bytes Sent By Job
	0  -  Run Bytes Received By Job
	0  -  Total Bytes Sent By Job
	0  -  Total Bytes Received By Job
	Partitionable Resources :    Usage  Request Allocated
	   Cpus                 :                 1         1
	   Disk (KB)            :        1        1  19563792
	   Memory (MB)          :      592        1      4033
...
