000 (2485823.042.000) 11/07 23:48:29 Job submitted from host: <192.168.1.109:9714>
...
001 (2485823.042.000) 11/07 23:48:38 Job executing on host: <192.168.1.48:9634>
...
006 (2485823.042.000) 11/07 23:48:46 Image size of job updated: 347252
	74  -  MemoryUsage of job (MB)
	75032  -  ResidentSetSize of job (KB)
...
006 (2485823.042.000) 11/07 23:53:47 Image size of job updated: 1013736
	503  -  MemoryUsage of job (MB)
	514552  -  ResidentSetSize of job (KB)
...
006 (2485823.042.000) 11/07 23:58:48 Image size of job updated: 1013736
	504  -  MemoryUsage of job (MB)
	515872  -  ResidentSetSize of job (KB)
...
006 (2485823.042.000) 11/08 00:03:48 Image size of job updated: 1013736
	505  -  MemoryUsage of job (MB)
	516368  -  ResidentSetSize of job (KB)
...
006 (2485823.042.000) 11/08 00:08:48 Image size of job updated: 1013736
	520  -  MemoryUsage of job (MB)
	531904  -  ResidentSetSize of job (KB)
...
006 (2485823.042.000) 11/08 00:13:49 Image size of job updated: 1013736
	616  -  MemoryUsage of job (MB)
	630084  -  ResidentSetSize of job (KB)
...
005 (2485823.042.000) 11/08 00:16:21 Job terminated.
	(1) Normal termination (return value 0)
		Usr 0 00:08:49, Sys 0 00:00:26  -  Run Remote Usage
		Usr 0 00:00:00, Sys 0 00:00:00  -  Run Local Usage
		Usr 0 00:08:49, Sys 0 00:00:26  -  Total Remote Usage
		Usr 0 00:00:00, Sys 0 00:00:00  -  Total Local Usage
	0  -  Run Bytes Sent By Job
	0  -  Run Bytes Received By Job
	0  -  Total Bytes Sent By Job
	0  -  Total Bytes Received By Job
	Partitionable Resources :    Usage  Request Allocated
	   Cpus                 :                 1         1
	   Disk (KB)            :        1        1  28354885
	   Memory (MB)          :      616        1      4033
...
