000 (2491851.042.000) 11/08 20:36:46 Job submitted from host: <192.168.1.109:9714>
...
001 (2491851.042.000) 11/08 20:37:14 Job executing on host: <192.168.1.66:9620>
...
006 (2491851.042.000) 11/08 20:37:23 Image size of job updated: 353172
	48  -  MemoryUsage of job (MB)
	48428  -  ResidentSetSize of job (KB)
...
006 (2491851.042.000) 11/08 20:42:24 Image size of job updated: 1013756
	487  -  MemoryUsage of job (MB)
	497852  -  ResidentSetSize of job (KB)
...
006 (2491851.042.000) 11/08 20:57:25 Image size of job updated: 1013756
	497  -  MemoryUsage of job (MB)
	508044  -  ResidentSetSize of job (KB)
...
006 (2491851.042.000) 11/08 21:02:25 Image size of job updated: 1013756
	541  -  MemoryUsage of job (MB)
	553148  -  ResidentSetSize of job (KB)
...
006 (2491851.042.000) 11/08 21:07:25 Image size of job updated: 1013756
	541  -  MemoryUsage of job (MB)
	553164  -  ResidentSetSize of job (KB)
...
005 (2491851.042.000) 11/08 21:10:38 Job terminated.
	(1) Normal termination (return value 0)
		Usr 0 00:18:05, Sys 0 00:00:43  -  Run Remote Usage
		Usr 0 00:00:00, Sys 0 00:00:00  -  Run Local Usage
		Usr 0 00:18:05, Sys 0 00:00:43  -  Total Remote Usage
		Usr 0 00:00:00, Sys 0 00:00:00  -  Total Local Usage
	0  -  Run Bytes Sent By Job
	0  -  Run Bytes Received By Job
	0  -  Total Bytes Sent By Job
	0  -  Total Bytes Received By Job
	Partitionable Resources :    Usage  Request Allocated
	   Cpus                 :                 1         1
	   Disk (KB)            :        1        1  19563812
	   Memory (MB)          :      541        1      4033
...
