000 (2491133.042.000) 11/08 19:40:18 Job submitted from host: <192.168.1.109:9714>
...
001 (2491133.042.000) 11/08 19:40:54 Job executing on host: <192.168.1.43:9998>
...
006 (2491133.042.000) 11/08 19:41:02 Image size of job updated: 342384
	60  -  MemoryUsage of job (MB)
	61388  -  ResidentSetSize of job (KB)
...
006 (2491133.042.000) 11/08 19:46:02 Image size of job updated: 1013736
	499  -  MemoryUsage of job (MB)
	510076  -  ResidentSetSize of job (KB)
...
006 (2491133.042.000) 11/08 19:51:03 Image size of job updated: 1013736
	501  -  MemoryUsage of job (MB)
	512188  -  ResidentSetSize of job (KB)
...
006 (2491133.042.000) 11/08 19:56:04 Image size of job updated: 1013736
	502  -  MemoryUsage of job (MB)
	513284  -  ResidentSetSize of job (KB)
...
006 (2491133.042.000) 11/08 20:01:04 Image size of job updated: 1224080
	730  -  MemoryUsage of job (MB)
	747472  -  ResidentSetSize of job (KB)
...
006 (2491133.042.000) 11/08 20:06:05 Image size of job updated: 1224080
	740  -  MemoryUsage of job (MB)
	757680  -  ResidentSetSize of job (KB)
...
005 (2491133.042.000) 11/08 20:06:15 Job terminated.
	(1) Normal termination (return value 0)
		Usr 0 00:10:42, Sys 0 00:00:44  -  Run Remote Usage
		Usr 0 00:00:00, Sys 0 00:00:00  -  Run Local Usage
		Usr 0 00:10:42, Sys 0 00:00:44  -  Total Remote Usage
		Usr 0 00:00:00, Sys 0 00:00:00  -  Total Local Usage
	0  -  Run Bytes Sent By Job
	0  -  Run Bytes Received By Job
	0  -  Total Bytes Sent By Job
	0  -  Total Bytes Received By Job
	Partitionable Resources :    Usage  Request Allocated
	   Cpus                 :                 1         1
	   Disk (KB)            :        1        1   2370815
	   Memory (MB)          :      740        1      4035
...
