000 (2497410.042.000) 11/09 15:33:46 Job submitted from host: <192.168.1.109:9714>
...
001 (2497410.042.000) 11/09 15:34:10 Job executing on host: <192.168.1.60:9618?addrs=192.168.1.60-9618+[--1]-9618&noUDP&sock=2263_1f51_3>
...
006 (2497410.042.000) 11/09 15:34:18 Image size of job updated: 346548
	83  -  MemoryUsage of job (MB)
	84680  -  ResidentSetSize of job (KB)
...
006 (2497410.042.000) 11/09 15:39:18 Image size of job updated: 1051064
	513  -  MemoryUsage of job (MB)
	524824  -  ResidentSetSize of job (KB)
...
006 (2497410.042.000) 11/09 15:44:19 Image size of job updated: 1051064
	517  -  MemoryUsage of job (MB)
	529372  -  ResidentSetSize of job (KB)
...
006 (2497410.042.000) 11/09 15:49:19 Image size of job updated: 1051064
	518  -  MemoryUsage of job (MB)
	529464  -  ResidentSetSize of job (KB)
...
006 (2497410.042.000) 11/09 15:54:19 Image size of job updated: 1051064
	518  -  MemoryUsage of job (MB)
	529512  -  ResidentSetSize of job (KB)
...
006 (2497410.042.000) 11/09 15:59:20 Image size of job updated: 1051064
	518  -  MemoryUsage of job (MB)
	529536  -  ResidentSetSize of job (KB)
...
006 (2497410.042.000) 11/09 16:04:21 Image size of job updated: 1051064
	639  -  MemoryUsage of job (MB)
	653348  -  ResidentSetSize of job (KB)
...
006 (2497410.042.000) 11/09 16:09:21 Image size of job updated: 1051064
	643  -  MemoryUsage of job (MB)
	657764  -  ResidentSetSize of job (KB)
...
006 (2497410.042.000) 11/09 16:14:22 Image size of job updated: 1051064
	643  -  MemoryUsage of job (MB)
	657780  -  ResidentSetSize of job (KB)
...
005 (2497410.042.000) 11/09 16:16:57 Job terminated.
	(1) Normal termination (return value 0)
		Usr 0 00:20:06, Sys 0 00:01:02  -  Run Remote Usage
		Usr 0 00:00:00, Sys 0 00:00:00  -  Run Local Usage
		Usr 0 00:20:06, Sys 0 00:01:02  -  Total Remote Usage
		Usr 0 00:00:00, Sys 0 00:00:00  -  Total Local Usage
	0  -  Run Bytes Sent By Job
	0  -  Run Bytes Received By Job
	0  -  Total Bytes Sent By Job
	0  -  Total Bytes Received By Job
	Partitionable Resources :    Usage  Request Allocated
	   Cpus                 :                 1         1
	   Disk (KB)            :        1        1   1563310
	   Memory (MB)          :      643        1         1
...
