000 (2482243.031.000) 11/07 15:44:23 Job submitted from host: <192.168.1.109:9714>
...
001 (2482243.031.000) 11/07 15:44:35 Job executing on host: <192.168.1.53:9618?addrs=192.168.1.53-9618+[--1]-9618&noUDP&sock=2452_c2b7_3>
...
006 (2482243.031.000) 11/07 15:44:44 Image size of job updated: 320352
	32  -  MemoryUsage of job (MB)
	32308  -  ResidentSetSize of job (KB)
...
006 (2482243.031.000) 11/07 15:45:02 Image size of job updated: 465100
	32  -  MemoryUsage of job (MB)
	32308  -  ResidentSetSize of job (KB)
...
005 (2482243.031.000) 11/07 15:45:02 Job terminated.
	(1) Normal termination (return value 0)
		Usr 0 00:00:05, Sys 0 00:00:00  -  Run Remote Usage
		Usr 0 00:00:00, Sys 0 00:00:00  -  Run Local Usage
		Usr 0 00:00:05, Sys 0 00:00:00  -  Total Remote Usage
		Usr 0 00:00:00, Sys 0 00:00:00  -  Total Local Usage
	0  -  Run Bytes Sent By Job
	0  -  Run Bytes Received By Job
	0  -  Total Bytes Sent By Job
	0  -  Total Bytes Received By Job
	Partitionable Resources :    Usage  Request Allocated
	   Cpus                 :                 1         1
	   Disk (KB)            :        1        1   1563333
	   Memory (MB)          :       32        1         1
...
