000 (2485823.044.000) 11/07 23:48:29 Job submitted from host: <192.168.1.109:9714>
...
001 (2485823.044.000) 11/07 23:48:38 Job executing on host: <192.168.1.46:9845>
...
006 (2485823.044.000) 11/07 23:48:47 Image size of job updated: 181736
	3  -  MemoryUsage of job (MB)
	2696  -  ResidentSetSize of job (KB)
...
006 (2485823.044.000) 11/07 23:53:48 Image size of job updated: 1014760
	502  -  MemoryUsage of job (MB)
	513128  -  ResidentSetSize of job (KB)
...
006 (2485823.044.000) 11/07 23:58:49 Image size of job updated: 1014760
	503  -  MemoryUsage of job (MB)
	514904  -  ResidentSetSize of job (KB)
...
006 (2485823.044.000) 11/08 00:03:49 Image size of job updated: 1014760
	503  -  MemoryUsage of job (MB)
	515000  -  ResidentSetSize of job (KB)
...
006 (2485823.044.000) 11/08 00:08:50 Image size of job updated: 1014760
	504  -  MemoryUsage of job (MB)
	515672  -  ResidentSetSize of job (KB)
...
006 (2485823.044.000) 11/08 00:13:51 Image size of job updated: 1014760
	504  -  MemoryUsage of job (MB)
	515768  -  ResidentSetSize of job (KB)
...
006 (2485823.044.000) 11/08 00:18:51 Image size of job updated: 1014760
	606  -  MemoryUsage of job (MB)
	619856  -  ResidentSetSize of job (KB)
...
006 (2485823.044.000) 11/08 00:23:51 Image size of job updated: 1014760
	626  -  MemoryUsage of job (MB)
	640060  -  ResidentSetSize of job (KB)
...
006 (2485823.044.000) 11/08 00:28:52 Image size of job updated: 1014760
	626  -  MemoryUsage of job (MB)
	640096  -  ResidentSetSize of job (KB)
...
005 (2485823.044.000) 11/08 00:32:24 Job terminated.
	(1) Normal termination (return value 0)
		Usr 0 00:08:59, Sys 0 00:00:32  -  Run Remote Usage
		Usr 0 00:00:00, Sys 0 00:00:00  -  Run Local Usage
		Usr 0 00:08:59, Sys 0 00:00:32  -  Total Remote Usage
		Usr 0 00:00:00, Sys 0 00:00:00  -  Total Local Usage
	0  -  Run Bytes Sent By Job
	0  -  Run Bytes Received By Job
	0  -  Total Bytes Sent By Job
	0  -  Total Bytes Received By Job
	Partitionable Resources :    Usage  Request Allocated
	   Cpus                 :                 1         1
	   Disk (KB)            :        1        1   2371763
	   Memory (MB)          :      626        1      4035
...
