000 (2491851.044.000) 11/08 20:36:46 Job submitted from host: <192.168.1.109:9714>
...
001 (2491851.044.000) 11/08 20:37:14 Job executing on host: <192.168.1.47:9634>
...
006 (2491851.044.000) 11/08 20:37:23 Image size of job updated: 181612
	2  -  MemoryUsage of job (MB)
	1840  -  ResidentSetSize of job (KB)
...
006 (2491851.044.000) 11/08 20:42:23 Image size of job updated: 1014756
	422  -  MemoryUsage of job (MB)
	431952  -  ResidentSetSize of job (KB)
...
006 (2491851.044.000) 11/08 20:47:23 Image size of job updated: 1014756
	423  -  MemoryUsage of job (MB)
	432612  -  ResidentSetSize of job (KB)
...
006 (2491851.044.000) 11/08 20:52:24 Image size of job updated: 1014756
	424  -  MemoryUsage of job (MB)
	433268  -  ResidentSetSize of job (KB)
...
006 (2491851.044.000) 11/08 20:57:25 Image size of job updated: 1014756
	424  -  MemoryUsage of job (MB)
	433320  -  ResidentSetSize of job (KB)
...
006 (2491851.044.000) 11/08 21:02:25 Image size of job updated: 1014756
	495  -  MemoryUsage of job (MB)
	506472  -  ResidentSetSize of job (KB)
...
005 (2491851.044.000) 11/08 21:03:13 Job terminated.
	(1) Normal termination (return value 0)
		Usr 0 00:09:10, Sys 0 00:00:37  -  Run Remote Usage
		Usr 0 00:00:00, Sys 0 00:00:00  -  Run Local Usage
		Usr 0 00:09:10, Sys 0 00:00:37  -  Total Remote Usage
		Usr 0 00:00:00, Sys 0 00:00:00  -  Total Local Usage
	0  -  Run Bytes Sent By Job
	0  -  Run Bytes Received By Job
	0  -  Total Bytes Sent By Job
	0  -  Total Bytes Received By Job
	Partitionable Resources :    Usage  Request Allocated
	   Cpus                 :                 1         1
	   Disk (KB)            :        1        1  28381046
	   Memory (MB)          :      495        1      4033
...
