mkdir: cannot create directory `outFiles/Application_1_2L': File exists
mkdir: cannot create directory `outFiles/Application_1_2L/InputBundle_Data_Input_32_Tree': File exists
SysError in <TFile::Flush>: error flushing file outFiles/Application_1_2L/InputBundle_Data_Input_32_Tree/BDT1_tree.root (No space left on device)
Error in <TBranch::TBranch::WriteBasketImpl>: basket's WriteBuffer failed.

Error in <TBranch::TBranch::Fill>: Failed to write out basket.

Error in <TTree::Fill>: Failed filling branch:tree.SingleIsoLeptonTrigAccept2017, nbytes=-1, entry=206757
 This error is symptomatic of a Tree created as a memory-resident Tree
 Instead of doing:
    TTree *T = new TTree(...)
    TFile *f = new TFile(...)
 you should do:
    TFile *f = new TFile(...)
    TTree *T = new TTree(...)


Error in <TBranch::TBranch::WriteBasketImpl>: basket's WriteBuffer failed.

Error in <TBranch::TBranch::Fill>: Failed to write out basket.

Error in <TTree::Fill>: Failed filling branch:tree.SingleIsoEleTrigAccept2017, nbytes=-1, entry=206760
 This error is symptomatic of a Tree created as a memory-resident Tree
 Instead of doing:
    TTree *T = new TTree(...)
    TFile *f = new TFile(...)
 you should do:
    TFile *f = new TFile(...)
    TTree *T = new TTree(...)


Error in <TBranch::TBranch::WriteBasketImpl>: basket's WriteBuffer failed.

Error in <TBranch::TBranch::Fill>: Failed to write out basket.

Error in <TTree::Fill>: Failed filling branch:tree.SingleIsoMuTrigAccept2017, nbytes=-1, entry=206761
 This error is symptomatic of a Tree created as a memory-resident Tree
 Instead of doing:
    TTree *T = new TTree(...)
    TFile *f = new TFile(...)
 you should do:
    TFile *f = new TFile(...)
    TTree *T = new TTree(...)


Error in <TBranch::TBranch::WriteBasketImpl>: basket's WriteBuffer failed.

Error in <TBranch::TBranch::Fill>: Failed to write out basket.

Error in <TTree::Fill>: Failed filling branch:tree.HasTriggerMatch2017, nbytes=-1, entry=206767
 This error is symptomatic of a Tree created as a memory-resident Tree
 Instead of doing:
    TTree *T = new TTree(...)
    TFile *f = new TFile(...)
 you should do:
    TFile *f = new TFile(...)
    TTree *T = new TTree(...)


Error in <TBranch::TBranch::WriteBasketImpl>: basket's WriteBuffer failed.

Error in <TBranch::TBranch::Fill>: Failed to write out basket.

Error in <TTree::Fill>: Failed filling branch:tree.LightLeptonOnZ15, nbytes=-1, entry=206770
 This error is symptomatic of a Tree created as a memory-resident Tree
 Instead of doing:
    TTree *T = new TTree(...)
    TFile *f = new TFile(...)
 you should do:
    TFile *f = new TFile(...)
    TTree *T = new TTree(...)


Error in <TBranch::TBranch::WriteBasketImpl>: basket's WriteBuffer failed.

Error in <TBranch::TBranch::Fill>: Failed to write out basket.

Error in <TTree::Fill>: Failed filling branch:tree.SingleIsoLeptonTrigAccept2017, nbytes=-1, entry=212292
 This error is symptomatic of a Tree created as a memory-resident Tree
 Instead of doing:
    TTree *T = new TTree(...)
    TFile *f = new TFile(...)
 you should do:
    TFile *f = new TFile(...)
    TTree *T = new TTree(...)


Error in <TBranch::TBranch::WriteBasketImpl>: basket's WriteBuffer failed.

Error in <TBranch::TBranch::Fill>: Failed to write out basket.

Error in <TTree::Fill>: Failed filling branch:tree.SingleIsoEleTrigAccept2017, nbytes=-1, entry=212298
 This error is symptomatic of a Tree created as a memory-resident Tree
 Instead of doing:
    TTree *T = new TTree(...)
    TFile *f = new TFile(...)
 you should do:
    TFile *f = new TFile(...)
    TTree *T = new TTree(...)


Error in <TBranch::TBranch::WriteBasketImpl>: basket's WriteBuffer failed.

Error in <TBranch::TBranch::Fill>: Failed to write out basket.

Error in <TTree::Fill>: Failed filling branch:tree.SingleIsoMuTrigAccept2017, nbytes=-1, entry=212300
 This error is symptomatic of a Tree created as a memory-resident Tree
 Instead of doing:
    TTree *T = new TTree(...)
    TFile *f = new TFile(...)
 you should do:
    TFile *f = new TFile(...)
    TTree *T = new TTree(...)


Error in <TBranch::T