000 (2497410.044.000) 11/09 15:33:46 Job submitted from host: <192.168.1.109:9714>
...
001 (2497410.044.000) 11/09 15:34:11 Job executing on host: <192.168.1.56:9618?addrs=192.168.1.56-9618+[--1]-9618&noUDP&sock=2542_7e3d_3>
...
006 (2497410.044.000) 11/09 15:34:27 Image size of job updated: 49776
	2  -  MemoryUsage of job (MB)
	1408  -  ResidentSetSize of job (KB)
...
006 (2497410.044.000) 11/09 15:39:27 Image size of job updated: 1055040
	517  -  MemoryUsage of job (MB)
	528772  -  ResidentSetSize of job (KB)
...
006 (2497410.044.000) 11/09 15:44:28 Image size of job updated: 1055040
	519  -  MemoryUsage of job (MB)
	530636  -  ResidentSetSize of job (KB)
...
006 (2497410.044.000) 11/09 15:49:29 Image size of job updated: 1055040
	521  -  MemoryUsage of job (MB)
	533244  -  ResidentSetSize of job (KB)
...
006 (2497410.044.000) 11/09 15:54:29 Image size of job updated: 1055040
	521  -  MemoryUsage of job (MB)
	533472  -  ResidentSetSize of job (KB)
...
006 (2497410.044.000) 11/09 15:59:30 Image size of job updated: 1055040
	521  -  MemoryUsage of job (MB)
	533484  -  ResidentSetSize of job (KB)
...
006 (2497410.044.000) 11/09 16:09:31 Image size of job updated: 1055040
	600  -  MemoryUsage of job (MB)
	613468  -  ResidentSetSize of job (KB)
...
006 (2497410.044.000) 11/09 16:14:32 Image size of job updated: 1055040
	644  -  MemoryUsage of job (MB)
	658952  -  ResidentSetSize of job (KB)
...
005 (2497410.044.000) 11/09 16:26:11 Job terminated.
	(1) Normal termination (return value 0)
		Usr 0 00:14:54, Sys 0 00:01:01  -  Run Remote Usage
		Usr 0 00:00:00, Sys 0 00:00:00  -  Run Local Usage
		Usr 0 00:14:54, Sys 0 00:01:01  -  Total Remote Usage
		Usr 0 00:00:00, Sys 0 00:00:00  -  Total Local Usage
	0  -  Run Bytes Sent By Job
	0  -  Run Bytes Received By Job
	0  -  Total Bytes Sent By Job
	0  -  Total Bytes Received By Job
	Partitionable Resources :    Usage  Request Allocated
	   Cpus                 :                 1         1
	   Disk (KB)            :        1        1   1563536
	   Memory (MB)          :      644        1         1
...
