000 (2491133.134.000) 11/08 19:40:20 Job submitted from host: <192.168.1.109:9714>
...
001 (2491133.134.000) 11/08 19:40:56 Job executing on host: <192.168.1.66:9620>
...
006 (2491133.134.000) 11/08 19:41:05 Image size of job updated: 1
	3  -  MemoryUsage of job (MB)
	2100  -  ResidentSetSize of job (KB)
...
006 (2491133.134.000) 11/08 19:46:06 Image size of job updated: 960128
	474  -  MemoryUsage of job (MB)
	484908  -  ResidentSetSize of job (KB)
...
006 (2491133.134.000) 11/08 19:51:06 Image size of job updated: 960128
	475  -  MemoryUsage of job (MB)
	485712  -  ResidentSetSize of job (KB)
...
005 (2491133.134.000) 11/08 19:53:52 Job terminated.
	(1) Normal termination (return value 0)
		Usr 0 00:08:11, Sys 0 00:00:25  -  Run Remote Usage
		Usr 0 00:00:00, Sys 0 00:00:00  -  Run Local Usage
		Usr 0 00:08:11, Sys 0 00:00:25  -  Total Remote Usage
		Usr 0 00:00:00, Sys 0 00:00:00  -  Total Local Usage
	0  -  Run Bytes Sent By Job
	0  -  Run Bytes Received By Job
	0  -  Total Bytes Sent By Job
	0  -  Total Bytes Received By Job
	Partitionable Resources :    Usage  Request Allocated
	   Cpus                 :                 1         1
	   Disk (KB)            :        1        1  19563816
	   Memory (MB)          :      475        1      4033
...
