000 (2497410.134.000) 11/09 15:33:47 Job submitted from host: <192.168.1.109:9714>
...
001 (2497410.134.000) 11/09 15:34:15 Job executing on host: <192.168.1.51:9694>
...
006 (2497410.134.000) 11/09 15:34:24 Image size of job updated: 32840
	3  -  MemoryUsage of job (MB)
	2668  -  ResidentSetSize of job (KB)
...
006 (2497410.134.000) 11/09 15:39:25 Image size of job updated: 945600
	444  -  MemoryUsage of job (MB)
	454652  -  ResidentSetSize of job (KB)
...
006 (2497410.134.000) 11/09 15:44:25 Image size of job updated: 945600
	445  -  MemoryUsage of job (MB)
	455628  -  ResidentSetSize of job (KB)
...
006 (2497410.134.000) 11/09 15:49:25 Image size of job updated: 945600
	446  -  MemoryUsage of job (MB)
	455828  -  ResidentSetSize of job (KB)
...
006 (2497410.134.000) 11/09 15:54:26 Image size of job updated: 945600
	446  -  MemoryUsage of job (MB)
	455868  -  ResidentSetSize of job (KB)
...
006 (2497410.134.000) 11/09 15:59:27 Image size of job updated: 945600
	446  -  MemoryUsage of job (MB)
	455900  -  ResidentSetSize of job (KB)
...
006 (2497410.134.000) 11/09 16:04:27 Image size of job updated: 945600
	446  -  MemoryUsage of job (MB)
	456136  -  ResidentSetSize of job (KB)
...
006 (2497410.134.000) 11/09 16:09:28 Image size of job updated: 945600
	446  -  MemoryUsage of job (MB)
	456336  -  ResidentSetSize of job (KB)
...
006 (2497410.134.000) 11/09 16:19:29 Image size of job updated: 945600
	446  -  MemoryUsage of job (MB)
	456380  -  ResidentSetSize of job (KB)
...
005 (2497410.134.000) 11/09 16:24:15 Job terminated.
	(1) Normal termination (return value 0)
		Usr 0 00:06:12, Sys 0 00:00:22  -  Run Remote Usage
		Usr 0 00:00:00, Sys 0 00:00:00  -  Run Local Usage
		Usr 0 00:06:12, Sys 0 00:00:22  -  Total Remote Usage
		Usr 0 00:00:00, Sys 0 00:00:00  -  Total Local Usage
	0  -  Run Bytes Sent By Job
	0  -  Run Bytes Received By Job
	0  -  Total Bytes Sent By Job
	0  -  Total Bytes Received By Job
	Partitionable Resources :    Usage  Request Allocated
	   Cpus                 :                 1         1
	   Disk (KB)            :        1        1  28379683
	   Memory (MB)          :      446        1      4033
...
