000 (2485823.102.000) 11/07 23:48:30 Job submitted from host: <192.168.1.109:9714>
...
001 (2485823.102.000) 11/07 23:48:41 Job executing on host: <192.168.1.60:9618?addrs=192.168.1.60-9618+[--1]-9618&noUDP&sock=2263_1f51_3>
...
006 (2485823.102.000) 11/07 23:48:50 Image size of job updated: 24452
	3  -  MemoryUsage of job (MB)
	2676  -  ResidentSetSize of job (KB)
...
006 (2485823.102.000) 11/07 23:53:50 Image size of job updated: 1013764
	508  -  MemoryUsage of job (MB)
	519668  -  ResidentSetSize of job (KB)
...
006 (2485823.102.000) 11/07 23:58:50 Image size of job updated: 1013764
	508  -  MemoryUsage of job (MB)
	520132  -  ResidentSetSize of job (KB)
...
006 (2485823.102.000) 11/08 00:03:51 Image size of job updated: 1013764
	509  -  MemoryUsage of job (MB)
	520264  -  ResidentSetSize of job (KB)
...
006 (2485823.102.000) 11/08 00:08:51 Image size of job updated: 1013764
	509  -  MemoryUsage of job (MB)
	520920  -  ResidentSetSize of job (KB)
...
006 (2485823.102.000) 11/08 00:18:52 Image size of job updated: 1013764
	509  -  MemoryUsage of job (MB)
	520980  -  ResidentSetSize of job (KB)
...
006 (2485823.102.000) 11/08 00:23:52 Image size of job updated: 1013764
	612  -  MemoryUsage of job (MB)
	625960  -  ResidentSetSize of job (KB)
...
005 (2485823.102.000) 11/08 00:24:43 Job terminated.
	(1) Normal termination (return value 0)
		Usr 0 00:15:26, Sys 0 00:00:46  -  Run Remote Usage
		Usr 0 00:00:00, Sys 0 00:00:00  -  Run Local Usage
		Usr 0 00:15:26, Sys 0 00:00:46  -  Total Remote Usage
		Usr 0 00:00:00, Sys 0 00:00:00  -  Total Local Usage
	0  -  Run Bytes Sent By Job
	0  -  Run Bytes Received By Job
	0  -  Total Bytes Sent By Job
	0  -  Total Bytes Received By Job
	Partitionable Resources :    Usage  Request Allocated
	   Cpus                 :                 1         1
	   Disk (KB)            :        1        1   1563310
	   Memory (MB)          :      612        1         1
...
