000 (2491851.102.000) 11/08 20:36:47 Job submitted from host: <192.168.1.109:9714>
...
001 (2491851.102.000) 11/08 20:37:18 Job executing on host: <192.168.1.51:9694>
...
006 (2491851.102.000) 11/08 20:37:27 Image size of job updated: 172320
	3  -  MemoryUsage of job (MB)
	2556  -  ResidentSetSize of job (KB)
...
006 (2491851.102.000) 11/08 20:42:27 Image size of job updated: 1013804
	469  -  MemoryUsage of job (MB)
	479932  -  ResidentSetSize of job (KB)
...
006 (2491851.102.000) 11/08 21:07:30 Image size of job updated: 1013804
	487  -  MemoryUsage of job (MB)
	498160  -  ResidentSetSize of job (KB)
...
005 (2491851.102.000) 11/08 21:11:54 Job terminated.
	(1) Normal termination (return value 0)
		Usr 0 00:08:47, Sys 0 00:00:33  -  Run Remote Usage
		Usr 0 00:00:00, Sys 0 00:00:00  -  Run Local Usage
		Usr 0 00:08:47, Sys 0 00:00:33  -  Total Remote Usage
		Usr 0 00:00:00, Sys 0 00:00:00  -  Total Local Usage
	0  -  Run Bytes Sent By Job
	0  -  Run Bytes Received By Job
	0  -  Total Bytes Sent By Job
	0  -  Total Bytes Received By Job
	Partitionable Resources :    Usage  Request Allocated
	   Cpus                 :                 1         1
	   Disk (KB)            :        1        1  28379450
	   Memory (MB)          :      487        1      4033
...
