000 (2497410.102.000) 11/09 15:33:47 Job submitted from host: <192.168.1.109:9714>
...
001 (2497410.102.000) 11/09 15:34:13 Job executing on host: <192.168.1.42:9515>
...
006 (2497410.102.000) 11/09 15:34:22 Image size of job updated: 182200
	3  -  MemoryUsage of job (MB)
	2696  -  ResidentSetSize of job (KB)
...
006 (2497410.102.000) 11/09 15:39:23 Image size of job updated: 1024428
	481  -  MemoryUsage of job (MB)
	491608  -  ResidentSetSize of job (KB)
...
006 (2497410.102.000) 11/09 15:44:24 Image size of job updated: 1024428
	482  -  MemoryUsage of job (MB)
	493260  -  ResidentSetSize of job (KB)
...
006 (2497410.102.000) 11/09 15:49:24 Image size of job updated: 1024428
	483  -  MemoryUsage of job (MB)
	493976  -  ResidentSetSize of job (KB)
...
006 (2497410.102.000) 11/09 15:54:25 Image size of job updated: 1024428
	483  -  MemoryUsage of job (MB)
	494180  -  ResidentSetSize of job (KB)
...
006 (2497410.102.000) 11/09 15:59:26 Image size of job updated: 1024428
	483  -  MemoryUsage of job (MB)
	494192  -  ResidentSetSize of job (KB)
...
006 (2497410.102.000) 11/09 16:04:26 Image size of job updated: 1024428
	483  -  MemoryUsage of job (MB)
	494316  -  ResidentSetSize of job (KB)
...
006 (2497410.102.000) 11/09 16:09:26 Image size of job updated: 1024428
	483  -  MemoryUsage of job (MB)
	494452  -  ResidentSetSize of job (KB)
...
006 (2497410.102.000) 11/09 16:14:28 Image size of job updated: 1024428
	483  -  MemoryUsage of job (MB)
	494580  -  ResidentSetSize of job (KB)
...
006 (2497410.102.000) 11/09 16:19:28 Image size of job updated: 1024428
	484  -  MemoryUsage of job (MB)
	494660  -  ResidentSetSize of job (KB)
...
006 (2497410.102.000) 11/09 16:24:28 Image size of job updated: 1024428
	484  -  MemoryUsage of job (MB)
	494740  -  ResidentSetSize of job (KB)
...
006 (2497410.102.000) 11/09 16:29:29 Image size of job updated: 1024428
	484  -  MemoryUsage of job (MB)
	494804  -  ResidentSetSize of job (KB)
...
006 (2497410.102.000) 11/09 16:34:30 Image size of job updated: 1024428
	484  -  MemoryUsage of job (MB)
	494872  -  ResidentSetSize of job (KB)
...
006 (2497410.102.000) 11/09 16:49:32 Image size of job updated: 1024428
	484  -  MemoryUsage of job (MB)
	494920  -  ResidentSetSize of job (KB)
...
006 (2497410.102.000) 11/09 16:54:32 Image size of job updated: 1024428
	578  -  MemoryUsage of job (MB)
	591548  -  ResidentSetSize of job (KB)
...
005 (2497410.102.000) 11/09 16:56:32 Job terminated.
	(1) Normal termination (return value 0)
		Usr 0 00:08:26, Sys 0 00:00:34  -  Run Remote Usage
		Usr 0 00:00:00, Sys 0 00:00:00  -  Run Local Usage
		Usr 0 00:08:26, Sys 0 00:00:34  -  Total Remote Usage
		Usr 0 00:00:00, Sys 0 00:00:00  -  Total Local Usage
	0  -  Run Bytes Sent By Job
	0  -  Run Bytes Received By Job
	0  -  Total Bytes Sent By Job
	0  -  Total Bytes Received By Job
	Partitionable Resources :    Usage  Request Allocated
	   Cpus                 :                 1         1
	   Disk (KB)            :        1        1   2371274
	   Memory (MB)          :      578        1      4035
...
