000 (2485823.135.000) 11/07 23:48:31 Job submitted from host: <192.168.1.109:9714>
...
001 (2485823.135.000) 11/07 23:48:46 Job executing on host: <192.168.1.42:9515>
...
006 (2485823.135.000) 11/07 23:48:55 Image size of job updated: 97664
	3  -  MemoryUsage of job (MB)
	2676  -  ResidentSetSize of job (KB)
...
006 (2485823.135.000) 11/07 23:53:57 Image size of job updated: 954308
	471  -  MemoryUsage of job (MB)
	482032  -  ResidentSetSize of job (KB)
...
006 (2485823.135.000) 11/07 23:58:57 Image size of job updated: 954308
	471  -  MemoryUsage of job (MB)
	482292  -  ResidentSetSize of job (KB)
...
006 (2485823.135.000) 11/08 00:03:57 Image size of job updated: 954308
	472  -  MemoryUsage of job (MB)
	482360  -  ResidentSetSize of job (KB)
...
006 (2485823.135.000) 11/08 00:08:58 Image size of job updated: 954308
	472  -  MemoryUsage of job (MB)
	482556  -  ResidentSetSize of job (KB)
...
006 (2485823.135.000) 11/08 00:13:59 Image size of job updated: 954308
	472  -  MemoryUsage of job (MB)
	482572  -  ResidentSetSize of job (KB)
...
006 (2485823.135.000) 11/08 00:24:00 Image size of job updated: 954308
	472  -  MemoryUsage of job (MB)
	482636  -  ResidentSetSize of job (KB)
...
006 (2485823.135.000) 11/08 00:29:01 Image size of job updated: 954308
	472  -  MemoryUsage of job (MB)
	482756  -  ResidentSetSize of job (KB)
...
006 (2485823.135.000) 11/08 00:34:01 Image size of job updated: 954308
	472  -  MemoryUsage of job (MB)
	482824  -  ResidentSetSize of job (KB)
...
006 (2485823.135.000) 11/08 00:39:01 Image size of job updated: 954308
	472  -  MemoryUsage of job (MB)
	482904  -  ResidentSetSize of job (KB)
...
005 (2485823.135.000) 11/08 00:40:10 Job terminated.
	(1) Normal termination (return value 0)
		Usr 0 00:05:23, Sys 0 00:00:24  -  Run Remote Usage
		Usr 0 00:00:00, Sys 0 00:00:00  -  Run Local Usage
		Usr 0 00:05:23, Sys 0 00:00:24  -  Total Remote Usage
		Usr 0 00:00:00, Sys 0 00:00:00  -  Total Local Usage
	0  -  Run Bytes Sent By Job
	0  -  Run Bytes Received By Job
	0  -  Total Bytes Sent By Job
	0  -  Total Bytes Received By Job
	Partitionable Resources :    Usage  Request Allocated
	   Cpus                 :                 1         1
	   Disk (KB)            :        1        1   2365092
	   Memory (MB)          :      472        1      4035
...
