000 (2497410.135.000) 11/09 15:33:47 Job submitted from host: <192.168.1.109:9714>
...
001 (2497410.135.000) 11/09 15:34:15 Job executing on host: <192.168.1.51:9694>
...
006 (2497410.135.000) 11/09 15:34:24 Image size of job updated: 97468
	3  -  MemoryUsage of job (MB)
	2636  -  ResidentSetSize of job (KB)
...
006 (2497410.135.000) 11/09 15:39:25 Image size of job updated: 964560
	456  -  MemoryUsage of job (MB)
	466256  -  ResidentSetSize of job (KB)
...
006 (2497410.135.000) 11/09 15:44:25 Image size of job updated: 964560
	456  -  MemoryUsage of job (MB)
	466384  -  ResidentSetSize of job (KB)
...
006 (2497410.135.000) 11/09 15:49:25 Image size of job updated: 964560
	456  -  MemoryUsage of job (MB)
	466692  -  ResidentSetSize of job (KB)
...
006 (2497410.135.000) 11/09 15:54:26 Image size of job updated: 964560
	456  -  MemoryUsage of job (MB)
	466876  -  ResidentSetSize of job (KB)
...
006 (2497410.135.000) 11/09 15:59:27 Image size of job updated: 964560
	456  -  MemoryUsage of job (MB)
	466932  -  ResidentSetSize of job (KB)
...
006 (2497410.135.000) 11/09 16:04:27 Image size of job updated: 964560
	457  -  MemoryUsage of job (MB)
	466964  -  ResidentSetSize of job (KB)
...
006 (2497410.135.000) 11/09 16:09:28 Image size of job updated: 964560
	457  -  MemoryUsage of job (MB)
	466968  -  ResidentSetSize of job (KB)
...
006 (2497410.135.000) 11/09 16:14:29 Image size of job updated: 964560
	457  -  MemoryUsage of job (MB)
	466996  -  ResidentSetSize of job (KB)
...
006 (2497410.135.000) 11/09 16:19:29 Image size of job updated: 964560
	457  -  MemoryUsage of job (MB)
	467084  -  ResidentSetSize of job (KB)
...
005 (2497410.135.000) 11/09 16:22:04 Job terminated.
	(1) Normal termination (return value 0)
		Usr 0 00:05:55, Sys 0 00:00:21  -  Run Remote Usage
		Usr 0 00:00:00, Sys 0 00:00:00  -  Run Local Usage
		Usr 0 00:05:55, Sys 0 00:00:21  -  Total Remote Usage
		Usr 0 00:00:00, Sys 0 00:00:00  -  Total Local Usage
	0  -  Run Bytes Sent By Job
	0  -  Run Bytes Received By Job
	0  -  Total Bytes Sent By Job
	0  -  Total Bytes Received By Job
	Partitionable Resources :    Usage  Request Allocated
	   Cpus                 :                 1         1
	   Disk (KB)            :        1        1  28379683
	   Memory (MB)          :      457        1      4033
...
