000 (2492234.088.000) 11/08 21:18:50 Job submitted from host: <192.168.1.109:9714>
...
001 (2492234.088.000) 11/08 21:20:01 Job executing on host: <192.168.1.43:9998>
...
006 (2492234.088.000) 11/08 21:20:14 Image size of job updated: 181560
	2  -  MemoryUsage of job (MB)
	1836  -  ResidentSetSize of job (KB)
...
006 (2492234.088.000) 11/08 21:25:17 Image size of job updated: 976872
	408  -  MemoryUsage of job (MB)
	417684  -  ResidentSetSize of job (KB)
...
006 (2492234.088.000) 11/08 21:40:17 Image size of job updated: 976872
	499  -  MemoryUsage of job (MB)
	510764  -  ResidentSetSize of job (KB)
...
006 (2492234.088.000) 11/08 21:45:18 Image size of job updated: 976872
	499  -  MemoryUsage of job (MB)
	510840  -  ResidentSetSize of job (KB)
...
006 (2492234.088.000) 11/08 21:50:18 Image size of job updated: 976872
	499  -  MemoryUsage of job (MB)
	510856  -  ResidentSetSize of job (KB)
...
006 (2492234.088.000) 11/08 22:00:20 Image size of job updated: 976872
	499  -  MemoryUsage of job (MB)
	510860  -  ResidentSetSize of job (KB)
...
006 (2492234.088.000) 11/08 22:05:21 Image size of job updated: 976872
	499  -  MemoryUsage of job (MB)
	510864  -  ResidentSetSize of job (KB)
...
006 (2492234.088.000) 11/08 22:10:22 Image size of job updated: 976872
	499  -  MemoryUsage of job (MB)
	510872  -  ResidentSetSize of job (KB)
...
006 (2492234.088.000) 11/08 22:15:22 Image size of job updated: 976872
	499  -  MemoryUsage of job (MB)
	510896  -  ResidentSetSize of job (KB)
...
005 (2492234.088.000) 11/08 22:16:07 Job terminated.
	(1) Normal termination (return value 0)
		Usr 0 00:07:29, Sys 0 00:00:33  -  Run Remote Usage
		Usr 0 00:00:00, Sys 0 00:00:00  -  Run Local Usage
		Usr 0 00:07:29, Sys 0 00:00:33  -  Total Remote Usage
		Usr 0 00:00:00, Sys 0 00:00:00  -  Total Local Usage
	0  -  Run Bytes Sent By Job
	0  -  Run Bytes Received By Job
	0  -  Total Bytes Sent By Job
	0  -  Total Bytes Received By Job
	Partitionable Resources :    Usage  Request Allocated
	   Cpus                 :                 1         1
	   Disk (KB)            :        1        1   2370308
	   Memory (MB)          :      499        1      4035
...
