000 (2493172.088.000) 11/09 00:41:41 Job submitted from host: <192.168.1.109:9714>
...
001 (2493172.088.000) 11/09 00:41:55 Job executing on host: <192.168.1.65:9393>
...
006 (2493172.088.000) 11/09 00:42:03 Image size of job updated: 24488
	3  -  MemoryUsage of job (MB)
	2692  -  ResidentSetSize of job (KB)
...
006 (2493172.088.000) 11/09 00:47:03 Image size of job updated: 963512
	388  -  MemoryUsage of job (MB)
	396396  -  ResidentSetSize of job (KB)
...
006 (2493172.088.000) 11/09 00:52:05 Image size of job updated: 963512
	477  -  MemoryUsage of job (MB)
	487680  -  ResidentSetSize of job (KB)
...
006 (2493172.088.000) 11/09 01:02:05 Image size of job updated: 963512
	477  -  MemoryUsage of job (MB)
	488172  -  ResidentSetSize of job (KB)
...
005 (2493172.088.000) 11/09 01:02:30 Job terminated.
	(1) Normal termination (return value 0)
		Usr 0 00:09:53, Sys 0 00:00:30  -  Run Remote Usage
		Usr 0 00:00:00, Sys 0 00:00:00  -  Run Local Usage
		Usr 0 00:09:53, Sys 0 00:00:30  -  Total Remote Usage
		Usr 0 00:00:00, Sys 0 00:00:00  -  Total Local Usage
	0  -  Run Bytes Sent By Job
	0  -  Run Bytes Received By Job
	0  -  Total Bytes Sent By Job
	0  -  Total Bytes Received By Job
	Partitionable Resources :    Usage  Request Allocated
	   Cpus                 :                 1         1
	   Disk (KB)            :        1        1  19561534
	   Memory (MB)          :      477        1      4033
...
