000 (2504797.088.000) 11/15 23:49:56 Job submitted from host: <192.168.1.109:9714>
...
001 (2504797.088.000) 11/15 23:50:17 Job executing on host: <192.168.1.68:9996>
...
006 (2504797.088.000) 11/15 23:50:26 Image size of job updated: 97468
	3  -  MemoryUsage of job (MB)
	2612  -  ResidentSetSize of job (KB)
...
006 (2504797.088.000) 11/15 23:52:28 Image size of job updated: 956596
	452  -  MemoryUsage of job (MB)
	461956  -  ResidentSetSize of job (KB)
...
004 (2504797.088.000) 11/15 23:52:28 Job was evicted.
	(0) Job was not checkpointed.
		Usr 0 00:01:24, Sys 0 00:00:06  -  Run Remote Usage
		Usr 0 00:00:00, Sys 0 00:00:00  -  Run Local Usage
	0  -  Run Bytes Sent By Job
	0  -  Run Bytes Received By Job
	Partitionable Resources :    Usage  Request Allocated
	   Cpus                 :                 1         1
	   Disk (KB)            :        1        1  20250709
	   Memory (MB)          :      452        1      4038
...
009 (2504797.088.000) 11/15 23:52:39 Job was aborted by the user.
	via condor_rm (by user mchristos)
...
