000 (2504804.088.000) 11/16 01:06:13 Job submitted from host: <192.168.1.109:9714>
...
001 (2504804.088.000) 11/16 01:06:36 Job executing on host: <192.168.1.67:9583>
...
006 (2504804.088.000) 11/16 01:06:45 Image size of job updated: 66968
	2  -  MemoryUsage of job (MB)
	1664  -  ResidentSetSize of job (KB)
...
006 (2504804.088.000) 11/16 01:11:46 Image size of job updated: 961232
	458  -  MemoryUsage of job (MB)
	468864  -  ResidentSetSize of job (KB)
...
006 (2504804.088.000) 11/16 01:16:46 Image size of job updated: 961232
	459  -  MemoryUsage of job (MB)
	469440  -  ResidentSetSize of job (KB)
...
005 (2504804.088.000) 11/16 01:17:32 Job terminated.
	(1) Normal termination (return value 0)
		Usr 0 00:07:07, Sys 0 00:00:35  -  Run Remote Usage
		Usr 0 00:00:00, Sys 0 00:00:00  -  Run Local Usage
		Usr 0 00:07:07, Sys 0 00:00:35  -  Total Remote Usage
		Usr 0 00:00:00, Sys 0 00:00:00  -  Total Local Usage
	0  -  Run Bytes Sent By Job
	0  -  Run Bytes Received By Job
	0  -  Total Bytes Sent By Job
	0  -  Total Bytes Received By Job
	Partitionable Resources :    Usage  Request Allocated
	   Cpus                 :                 1         1
	   Disk (KB)            :        1        1  19564283
	   Memory (MB)          :      459        1      4033
...
