000 (2491133.077.000) 11/08 19:40:19 Job submitted from host: <192.168.1.109:9714>
...
001 (2491133.077.000) 11/08 19:40:54 Job executing on host: <192.168.1.44:9507>
...
006 (2491133.077.000) 11/08 19:41:03 Image size of job updated: 181560
	13  -  MemoryUsage of job (MB)
	12532  -  ResidentSetSize of job (KB)
...
006 (2491133.077.000) 11/08 19:46:04 Image size of job updated: 1028940
	505  -  MemoryUsage of job (MB)
	516952  -  ResidentSetSize of job (KB)
...
006 (2491133.077.000) 11/08 19:51:05 Image size of job updated: 1028940
	506  -  MemoryUsage of job (MB)
	517144  -  ResidentSetSize of job (KB)
...
006 (2491133.077.000) 11/08 19:56:05 Image size of job updated: 1028940
	506  -  MemoryUsage of job (MB)
	517256  -  ResidentSetSize of job (KB)
...
006 (2491133.077.000) 11/08 20:01:05 Image size of job updated: 1198260
	707  -  MemoryUsage of job (MB)
	723080  -  ResidentSetSize of job (KB)
...
005 (2491133.077.000) 11/08 20:04:11 Job terminated.
	(1) Normal termination (return value 0)
		Usr 0 00:08:49, Sys 0 00:00:34  -  Run Remote Usage
		Usr 0 00:00:00, Sys 0 00:00:00  -  Run Local Usage
		Usr 0 00:08:49, Sys 0 00:00:34  -  Total Remote Usage
		Usr 0 00:00:00, Sys 0 00:00:00  -  Total Local Usage
	0  -  Run Bytes Sent By Job
	0  -  Run Bytes Received By Job
	0  -  Total Bytes Sent By Job
	0  -  Total Bytes Received By Job
	Partitionable Resources :    Usage  Request Allocated
	   Cpus                 :                 1         1
	   Disk (KB)            :        1        1   2370190
	   Memory (MB)          :      707        1      4035
...
