000 (2491851.077.000) 11/08 20:36:47 Job submitted from host: <192.168.1.109:9714>
...
001 (2491851.077.000) 11/08 20:37:16 Job executing on host: <192.168.1.54:9618?addrs=192.168.1.54-9618+[--1]-9618&noUDP&sock=2569_034c_3>
...
006 (2491851.077.000) 11/08 20:37:25 Image size of job updated: 1
	2  -  MemoryUsage of job (MB)
	1760  -  ResidentSetSize of job (KB)
...
006 (2491851.077.000) 11/08 20:42:26 Image size of job updated: 1028888
	513  -  MemoryUsage of job (MB)
	524944  -  ResidentSetSize of job (KB)
...
006 (2491851.077.000) 11/08 20:47:26 Image size of job updated: 1028888
	619  -  MemoryUsage of job (MB)
	633640  -  ResidentSetSize of job (KB)
...
006 (2491851.077.000) 11/08 20:52:27 Image size of job updated: 1028888
	635  -  MemoryUsage of job (MB)
	649500  -  ResidentSetSize of job (KB)
...
005 (2491851.077.000) 11/08 20:52:40 Job terminated.
	(1) Normal termination (return value 0)
		Usr 0 00:10:26, Sys 0 00:00:28  -  Run Remote Usage
		Usr 0 00:00:00, Sys 0 00:00:00  -  Run Local Usage
		Usr 0 00:10:26, Sys 0 00:00:28  -  Total Remote Usage
		Usr 0 00:00:00, Sys 0 00:00:00  -  Total Local Usage
	0  -  Run Bytes Sent By Job
	0  -  Run Bytes Received By Job
	0  -  Total Bytes Sent By Job
	0  -  Total Bytes Received By Job
	Partitionable Resources :    Usage  Request Allocated
	   Cpus                 :                 1         1
	   Disk (KB)            :        1        1   1563671
	   Memory (MB)          :      635        1         1
...
