000 (2485756.091.000) 11/07 21:19:45 Job submitted from host: <192.168.1.109:9714>
...
001 (2485756.091.000) 11/07 21:23:11 Job executing on host: <192.168.1.49:9578>
...
006 (2485756.091.000) 11/07 21:23:20 Image size of job updated: 400224
	78  -  MemoryUsage of job (MB)
	79732  -  ResidentSetSize of job (KB)
...
006 (2485756.091.000) 11/07 21:23:37 Image size of job updated: 481564
	78  -  MemoryUsage of job (MB)
	79732  -  ResidentSetSize of job (KB)
...
005 (2485756.091.000) 11/07 21:23:37 Job terminated.
	(1) Normal termination (return value 0)
		Usr 0 00:00:06, Sys 0 00:00:00  -  Run Remote Usage
		Usr 0 00:00:00, Sys 0 00:00:00  -  Run Local Usage
		Usr 0 00:00:06, Sys 0 00:00:00  -  Total Remote Usage
		Usr 0 00:00:00, Sys 0 00:00:00  -  Total Local Usage
	0  -  Run Bytes Sent By Job
	0  -  Run Bytes Received By Job
	0  -  Total Bytes Sent By Job
	0  -  Total Bytes Received By Job
	Partitionable Resources :    Usage  Request Allocated
	   Cpus                 :                 1         1
	   Disk (KB)            :        1        1  28379406
	   Memory (MB)          :       78        1      4033
...
