000 (2492936.114.000) 11/08 23:53:20 Job submitted from host: <192.168.1.109:9714>
...
001 (2492936.114.000) 11/08 23:53:36 Job executing on host: <192.168.1.46:9845>
...
006 (2492936.114.000) 11/08 23:53:45 Image size of job updated: 466040
	162  -  MemoryUsage of job (MB)
	165488  -  ResidentSetSize of job (KB)
...
005 (2492936.114.000) 11/08 23:53:48 Job terminated.
	(1) Normal termination (return value 0)
		Usr 0 00:00:05, Sys 0 00:00:00  -  Run Remote Usage
		Usr 0 00:00:00, Sys 0 00:00:00  -  Run Local Usage
		Usr 0 00:00:05, Sys 0 00:00:00  -  Total Remote Usage
		Usr 0 00:00:00, Sys 0 00:00:00  -  Total Local Usage
	0  -  Run Bytes Sent By Job
	0  -  Run Bytes Received By Job
	0  -  Total Bytes Sent By Job
	0  -  Total Bytes Received By Job
	Partitionable Resources :    Usage  Request Allocated
	   Cpus                 :                 1         1
	   Disk (KB)            :        1        1   2371718
	   Memory (MB)          :      162        1      4035
...
