000 (2492274.011.000) 11/08 21:21:58 Job submitted from host: <192.168.1.109:9714>
...
001 (2492274.011.000) 11/08 21:23:31 Job executing on host: <192.168.1.46:9845>
...
006 (2492274.011.000) 11/08 21:23:43 Image size of job updated: 177292
	28  -  MemoryUsage of job (MB)
	28144  -  ResidentSetSize of job (KB)
...
006 (2492274.011.000) 11/08 21:28:44 Image size of job updated: 1043172
	502  -  MemoryUsage of job (MB)
	513804  -  ResidentSetSize of job (KB)
...
006 (2492274.011.000) 11/08 21:33:45 Image size of job updated: 1043172
	503  -  MemoryUsage of job (MB)
	514268  -  ResidentSetSize of job (KB)
...
006 (2492274.011.000) 11/08 21:38:45 Image size of job updated: 1043172
	503  -  MemoryUsage of job (MB)
	514496  -  ResidentSetSize of job (KB)
...
006 (2492274.011.000) 11/08 21:43:46 Image size of job updated: 1043172
	503  -  MemoryUsage of job (MB)
	514536  -  ResidentSetSize of job (KB)
...
006 (2492274.011.000) 11/08 21:48:47 Image size of job updated: 1043172
	503  -  MemoryUsage of job (MB)
	514576  -  ResidentSetSize of job (KB)
...
006 (2492274.011.000) 11/08 21:58:48 Image size of job updated: 1043172
	503  -  MemoryUsage of job (MB)
	514604  -  ResidentSetSize of job (KB)
...
006 (2492274.011.000) 11/08 22:03:49 Image size of job updated: 1043172
	503  -  MemoryUsage of job (MB)
	514664  -  ResidentSetSize of job (KB)
...
006 (2492274.011.000) 11/08 22:08:49 Image size of job updated: 1043172
	503  -  MemoryUsage of job (MB)
	514712  -  ResidentSetSize of job (KB)
...
006 (2492274.011.000) 11/08 22:13:50 Image size of job updated: 1043172
	503  -  MemoryUsage of job (MB)
	515000  -  ResidentSetSize of job (KB)
...
006 (2492274.011.000) 11/08 22:18:51 Image size of job updated: 1043172
	503  -  MemoryUsage of job (MB)
	515004  -  ResidentSetSize of job (KB)
...
006 (2492274.011.000) 11/08 22:23:51 Image size of job updated: 1043172
	504  -  MemoryUsage of job (MB)
	515536  -  ResidentSetSize of job (KB)
...
006 (2492274.011.000) 11/08 22:28:51 Image size of job updated: 1043172
	504  -  MemoryUsage of job (MB)
	515892  -  ResidentSetSize of job (KB)
...
006 (2492274.011.000) 11/08 22:33:53 Image size of job updated: 1043172
	504  -  MemoryUsage of job (MB)
	516016  -  ResidentSetSize of job (KB)
...
006 (2492274.011.000) 11/08 22:38:53 Image size of job updated: 1043172
	505  -  MemoryUsage of job (MB)
	516288  -  ResidentSetSize of job (KB)
...
005 (2492274.011.000) 11/08 22:39:03 Job terminated.
	(1) Normal termination (return value 0)
		Usr 0 00:10:52, Sys 0 00:00:51  -  Run Remote Usage
		Usr 0 00:00:00, Sys 0 00:00:00  -  Run Local Usage
		Usr 0 00:10:52, Sys 0 00:00:51  -  Total Remote Usage
		Usr 0 00:00:00, Sys 0 00:00:00  -  Total Local Usage
	0  -  Run Bytes Sent By Job
	0  -  Run Bytes Received By Job
	0  -  Total Bytes Sent By Job
	0  -  Total Bytes Received By Job
	Partitionable Resources :    Usage  Request Allocated
	   Cpus                 :                 1         1
	   Disk (KB)            :        1        1   2371756
	   Memory (MB)          :      505        1      4035
...
