000 (2492235.023.000) 11/08 21:19:19 Job submitted from host: <192.168.1.109:9714>
...
001 (2492235.023.000) 11/08 21:19:37 Job executing on host: <192.168.1.46:9845>
...
006 (2492235.023.000) 11/08 21:19:47 Image size of job updated: 97660
	3  -  MemoryUsage of job (MB)
	2668  -  ResidentSetSize of job (KB)
...
006 (2492235.023.000) 11/08 21:24:47 Image size of job updated: 1043176
	422  -  MemoryUsage of job (MB)
	431632  -  ResidentSetSize of job (KB)
...
006 (2492235.023.000) 11/08 21:29:48 Image size of job updated: 1043176
	423  -  MemoryUsage of job (MB)
	432272  -  ResidentSetSize of job (KB)
...
006 (2492235.023.000) 11/08 21:34:48 Image size of job updated: 1043176
	423  -  MemoryUsage of job (MB)
	432292  -  ResidentSetSize of job (KB)
...
006 (2492235.023.000) 11/08 21:39:49 Image size of job updated: 1043176
	512  -  MemoryUsage of job (MB)
	524264  -  ResidentSetSize of job (KB)
...
006 (2492235.023.000) 11/08 21:44:50 Image size of job updated: 1043176
	537  -  MemoryUsage of job (MB)
	549832  -  ResidentSetSize of job (KB)
...
006 (2492235.023.000) 11/08 21:59:52 Image size of job updated: 1043176
	537  -  MemoryUsage of job (MB)
	549836  -  ResidentSetSize of job (KB)
...
006 (2492235.023.000) 11/08 22:04:52 Image size of job updated: 1043176
	537  -  MemoryUsage of job (MB)
	549884  -  ResidentSetSize of job (KB)
...
006 (2492235.023.000) 11/08 22:09:53 Image size of job updated: 1043176
	538  -  MemoryUsage of job (MB)
	549936  -  ResidentSetSize of job (KB)
...
006 (2492235.023.000) 11/08 22:14:54 Image size of job updated: 1043176
	538  -  MemoryUsage of job (MB)
	550220  -  ResidentSetSize of job (KB)
...
006 (2492235.023.000) 11/08 22:19:54 Image size of job updated: 1043176
	538  -  MemoryUsage of job (MB)
	550352  -  ResidentSetSize of job (KB)
...
006 (2492235.023.000) 11/08 22:24:55 Image size of job updated: 1043176
	538  -  MemoryUsage of job (MB)
	550796  -  ResidentSetSize of job (KB)
...
006 (2492235.023.000) 11/08 22:29:56 Image size of job updated: 1043176
	539  -  MemoryUsage of job (MB)
	551104  -  ResidentSetSize of job (KB)
...
006 (2492235.023.000) 11/08 22:34:56 Image size of job updated: 1043176
	539  -  MemoryUsage of job (MB)
	551224  -  ResidentSetSize of job (KB)
...
005 (2492235.023.000) 11/08 22:39:03 Job terminated.
	(1) Normal termination (return value 0)
		Usr 0 00:11:11, Sys 0 00:00:52  -  Run Remote Usage
		Usr 0 00:00:00, Sys 0 00:00:00  -  Run Local Usage
		Usr 0 00:11:11, Sys 0 00:00:52  -  Total Remote Usage
		Usr 0 00:00:00, Sys 0 00:00:00  -  Total Local Usage
	0  -  Run Bytes Sent By Job
	0  -  Run Bytes Received By Job
	0  -  Total Bytes Sent By Job
	0  -  Total Bytes Received By Job
	Partitionable Resources :    Usage  Request Allocated
	   Cpus                 :                 1         1
	   Disk (KB)            :        1        1   2371780
	   Memory (MB)          :      539        1      4035
...
