000 (2493011.011.000) 11/09 00:07:56 Job submitted from host: <192.168.1.109:9714>
...
001 (2493011.011.000) 11/09 00:08:32 Job executing on host: <192.168.1.51:9694>
...
006 (2493011.011.000) 11/09 00:08:40 Image size of job updated: 15608
	2  -  MemoryUsage of job (MB)
	1408  -  ResidentSetSize of job (KB)
...
006 (2493011.011.000) 11/09 00:08:44 Image size of job updated: 443676
	2  -  MemoryUsage of job (MB)
	1408  -  ResidentSetSize of job (KB)
...
005 (2493011.011.000) 11/09 00:08:44 Job terminated.
	(1) Normal termination (return value 6)
		Usr 0 00:00:03, Sys 0 00:00:00  -  Run Remote Usage
		Usr 0 00:00:00, Sys 0 00:00:00  -  Run Local Usage
		Usr 0 00:00:03, Sys 0 00:00:00  -  Total Remote Usage
		Usr 0 00:00:00, Sys 0 00:00:00  -  Total Local Usage
	0  -  Run Bytes Sent By Job
	0  -  Run Bytes Received By Job
	0  -  Total Bytes Sent By Job
	0  -  Total Bytes Received By Job
	Partitionable Resources :    Usage  Request Allocated
	   Cpus                 :                 1         1
	   Disk (KB)            :        1        1  28379892
	   Memory (MB)          :        2        1      4033
...
