000 (2493183.023.000) 11/09 00:44:13 Job submitted from host: <192.168.1.109:9714>
...
001 (2493183.023.000) 11/09 00:44:22 Job executing on host: <192.168.1.45:9392>
...
006 (2493183.023.000) 11/09 00:44:30 Image size of job updated: 341696
	49  -  MemoryUsage of job (MB)
	49736  -  ResidentSetSize of job (KB)
...
006 (2493183.023.000) 11/09 00:49:30 Image size of job updated: 1065568
	505  -  MemoryUsage of job (MB)
	516636  -  ResidentSetSize of job (KB)
...
006 (2493183.023.000) 11/09 00:54:30 Image size of job updated: 1065568
	595  -  MemoryUsage of job (MB)
	608356  -  ResidentSetSize of job (KB)
...
006 (2493183.023.000) 11/09 00:59:31 Image size of job updated: 1065568
	626  -  MemoryUsage of job (MB)
	640672  -  ResidentSetSize of job (KB)
...
006 (2493183.023.000) 11/09 01:04:31 Image size of job updated: 1065568
	626  -  MemoryUsage of job (MB)
	640996  -  ResidentSetSize of job (KB)
...
006 (2493183.023.000) 11/09 01:09:31 Image size of job updated: 1065568
	627  -  MemoryUsage of job (MB)
	641300  -  ResidentSetSize of job (KB)
...
005 (2493183.023.000) 11/09 01:12:32 Job terminated.
	(1) Normal termination (return value 0)
		Usr 0 00:07:01, Sys 0 00:00:31  -  Run Remote Usage
		Usr 0 00:00:00, Sys 0 00:00:00  -  Run Local Usage
		Usr 0 00:07:01, Sys 0 00:00:31  -  Total Remote Usage
		Usr 0 00:00:00, Sys 0 00:00:00  -  Total Local Usage
	0  -  Run Bytes Sent By Job
	0  -  Run Bytes Received By Job
	0  -  Total Bytes Sent By Job
	0  -  Total Bytes Received By Job
	Partitionable Resources :    Usage  Request Allocated
	   Cpus                 :                 1         1
	   Disk (KB)            :        1        1   2370782
	   Memory (MB)          :      627        1      4035
...
