000 (2497152.011.000) 11/09 15:03:04 Job submitted from host: <192.168.1.109:9714>
...
001 (2497152.011.000) 11/09 15:03:12 Job executing on host: <192.168.1.47:9634>
...
006 (2497152.011.000) 11/09 15:03:20 Image size of job updated: 435728
	106  -  MemoryUsage of job (MB)
	108212  -  ResidentSetSize of job (KB)
...
005 (2497152.011.000) 11/09 15:03:27 Job terminated.
	(1) Normal termination (return value 0)
		Usr 0 00:00:09, Sys 0 00:00:01  -  Run Remote Usage
		Usr 0 00:00:00, Sys 0 00:00:00  -  Run Local Usage
		Usr 0 00:00:09, Sys 0 00:00:01  -  Total Remote Usage
		Usr 0 00:00:00, Sys 0 00:00:00  -  Total Local Usage
	0  -  Run Bytes Sent By Job
	0  -  Run Bytes Received By Job
	0  -  Total Bytes Sent By Job
	0  -  Total Bytes Received By Job
	Partitionable Resources :    Usage  Request Allocated
	   Cpus                 :                 1         1
	   Disk (KB)            :        1        1  28380554
	   Memory (MB)          :      106        1      4033
...
