000 (2497153.011.000) 11/09 15:05:06 Job submitted from host: <192.168.1.109:9714>
...
001 (2497153.011.000) 11/09 15:05:21 Job executing on host: <192.168.1.66:9620>
...
006 (2497153.011.000) 11/09 15:05:29 Image size of job updated: 319736
	31  -  MemoryUsage of job (MB)
	31396  -  ResidentSetSize of job (KB)
...
006 (2497153.011.000) 11/09 15:05:43 Image size of job updated: 483336
	31  -  MemoryUsage of job (MB)
	31396  -  ResidentSetSize of job (KB)
...
005 (2497153.011.000) 11/09 15:05:43 Job terminated.
	(1) Normal termination (return value 0)
		Usr 0 00:00:11, Sys 0 00:00:00  -  Run Remote Usage
		Usr 0 00:00:00, Sys 0 00:00:00  -  Run Local Usage
		Usr 0 00:00:11, Sys 0 00:00:00  -  Total Remote Usage
		Usr 0 00:00:00, Sys 0 00:00:00  -  Total Local Usage
	0  -  Run Bytes Sent By Job
	0  -  Run Bytes Received By Job
	0  -  Total Bytes Sent By Job
	0  -  Total Bytes Received By Job
	Partitionable Resources :    Usage  Request Allocated
	   Cpus                 :                 1         1
	   Disk (KB)            :        1        1  19564132
	   Memory (MB)          :       31        1      4033
...
