000 (2492235.074.000) 11/08 21:19:20 Job submitted from host: <192.168.1.109:9714>
...
001 (2492235.074.000) 11/08 21:19:32 Job executing on host: <192.168.1.47:9634>
...
006 (2492235.074.000) 11/08 21:19:42 Image size of job updated: 97468
	3  -  MemoryUsage of job (MB)
	2540  -  ResidentSetSize of job (KB)
...
006 (2492235.074.000) 11/08 21:24:42 Image size of job updated: 1057388
	434  -  MemoryUsage of job (MB)
	443624  -  ResidentSetSize of job (KB)
...
006 (2492235.074.000) 11/08 21:29:44 Image size of job updated: 1057388
	434  -  MemoryUsage of job (MB)
	443656  -  ResidentSetSize of job (KB)
...
006 (2492235.074.000) 11/08 21:34:44 Image size of job updated: 1057388
	434  -  MemoryUsage of job (MB)
	444208  -  ResidentSetSize of job (KB)
...
006 (2492235.074.000) 11/08 21:39:45 Image size of job updated: 1057388
	434  -  MemoryUsage of job (MB)
	444220  -  ResidentSetSize of job (KB)
...
006 (2492235.074.000) 11/08 21:44:46 Image size of job updated: 1057388
	434  -  MemoryUsage of job (MB)
	444228  -  ResidentSetSize of job (KB)
...
006 (2492235.074.000) 11/08 21:54:47 Image size of job updated: 1057388
	434  -  MemoryUsage of job (MB)
	444340  -  ResidentSetSize of job (KB)
...
006 (2492235.074.000) 11/08 21:59:48 Image size of job updated: 1057388
	435  -  MemoryUsage of job (MB)
	444484  -  ResidentSetSize of job (KB)
...
006 (2492235.074.000) 11/08 22:04:48 Image size of job updated: 1057388
	435  -  MemoryUsage of job (MB)
	444496  -  ResidentSetSize of job (KB)
...
006 (2492235.074.000) 11/08 22:09:48 Image size of job updated: 1057388
	435  -  MemoryUsage of job (MB)
	444576  -  ResidentSetSize of job (KB)
...
006 (2492235.074.000) 11/08 22:14:48 Image size of job updated: 1057388
	435  -  MemoryUsage of job (MB)
	444776  -  ResidentSetSize of job (KB)
...
005 (2492235.074.000) 11/08 22:15:29 Job terminated.
	(1) Normal termination (return value 0)
		Usr 0 00:07:31, Sys 0 00:00:28  -  Run Remote Usage
		Usr 0 00:00:00, Sys 0 00:00:00  -  Run Local Usage
		Usr 0 00:07:31, Sys 0 00:00:28  -  Total Remote Usage
		Usr 0 00:00:00, Sys 0 00:00:00  -  Total Local Usage
	0  -  Run Bytes Sent By Job
	0  -  Run Bytes Received By Job
	0  -  Total Bytes Sent By Job
	0  -  Total Bytes Received By Job
	Partitionable Resources :    Usage  Request Allocated
	   Cpus                 :                 1         1
	   Disk (KB)            :        1        1  28380912
	   Memory (MB)          :      435        1      4033
...
