000 (2493183.074.000) 11/09 00:44:14 Job submitted from host: <192.168.1.109:9714>
...
001 (2493183.074.000) 11/09 00:44:24 Job executing on host: <192.168.1.68:9996>
...
006 (2493183.074.000) 11/09 00:44:33 Image size of job updated: 1
	3  -  MemoryUsage of job (MB)
	2164  -  ResidentSetSize of job (KB)
...
006 (2493183.074.000) 11/09 00:49:34 Image size of job updated: 1046492
	496  -  MemoryUsage of job (MB)
	507188  -  ResidentSetSize of job (KB)
...
006 (2493183.074.000) 11/09 00:54:34 Image size of job updated: 1046492
	534  -  MemoryUsage of job (MB)
	546672  -  ResidentSetSize of job (KB)
...
006 (2493183.074.000) 11/09 00:59:34 Image size of job updated: 1046492
	614  -  MemoryUsage of job (MB)
	628564  -  ResidentSetSize of job (KB)
...
006 (2493183.074.000) 11/09 01:04:35 Image size of job updated: 1046492
	614  -  MemoryUsage of job (MB)
	628712  -  ResidentSetSize of job (KB)
...
006 (2493183.074.000) 11/09 01:09:35 Image size of job updated: 1046492
	615  -  MemoryUsage of job (MB)
	628812  -  ResidentSetSize of job (KB)
...
005 (2493183.074.000) 11/09 01:12:41 Job terminated.
	(1) Normal termination (return value 0)
		Usr 0 00:14:55, Sys 0 00:00:33  -  Run Remote Usage
		Usr 0 00:00:00, Sys 0 00:00:00  -  Run Local Usage
		Usr 0 00:14:55, Sys 0 00:00:33  -  Total Remote Usage
		Usr 0 00:00:00, Sys 0 00:00:00  -  Total Local Usage
	0  -  Run Bytes Sent By Job
	0  -  Run Bytes Received By Job
	0  -  Total Bytes Sent By Job
	0  -  Total Bytes Received By Job
	Partitionable Resources :    Usage  Request Allocated
	   Cpus                 :                 1         1
	   Disk (KB)            :        1        1  20251274
	   Memory (MB)          :      615        1      4038
...
