000 (2493183.082.000) 11/09 00:44:14 Job submitted from host: <192.168.1.109:9714>
...
001 (2493183.082.000) 11/09 00:44:25 Job executing on host: <192.168.1.57:9618?addrs=192.168.1.57-9618+[--1]-9618&noUDP&sock=2389_8c3f_3>
...
006 (2493183.082.000) 11/09 00:44:33 Image size of job updated: 49780
	2  -  MemoryUsage of job (MB)
	1992  -  ResidentSetSize of job (KB)
...
006 (2493183.082.000) 11/09 00:49:33 Image size of job updated: 1056564
	512  -  MemoryUsage of job (MB)
	524228  -  ResidentSetSize of job (KB)
...
005 (2493183.082.000) 11/09 00:53:25 Job terminated.
	(1) Normal termination (return value 0)
		Usr 0 00:04:46, Sys 0 00:00:14  -  Run Remote Usage
		Usr 0 00:00:00, Sys 0 00:00:00  -  Run Local Usage
		Usr 0 00:04:46, Sys 0 00:00:14  -  Total Remote Usage
		Usr 0 00:00:00, Sys 0 00:00:00  -  Total Local Usage
	0  -  Run Bytes Sent By Job
	0  -  Run Bytes Received By Job
	0  -  Total Bytes Sent By Job
	0  -  Total Bytes Received By Job
	Partitionable Resources :    Usage  Request Allocated
	   Cpus                 :                 1         1
	   Disk (KB)            :        1        1   1563560
	   Memory (MB)          :      512        1         1
...
